{"ts":1675389357111195334,"type":"gauge","name":"runtime.MemStats.StackSys","measures":{"value":1540096}}
{"ts":1675389357202005001,"type":"gauge","name":"runtime.MemStats.Alloc","measures":{"value":26696368}}
{"ts":1675389357393621126,"type":"gauge","name":"runtime.MemStats.EnableGC","measures":{"value":1}}
{"ts":1675389357406437501,"type":"gauge","name":"runtime.MemStats.HeapObjects","measures":{"value":649409}}
{"ts":1675389357456070501,"type":"gauge","name":"runtime.MemStats.MSpanInuse","measures":{"value":512448}}
{"ts":1675389357462353251,"type":"gauge","name":"runtime.MemStats.TotalAlloc","measures":{"value":32881864}}
{"ts":1675389357476168835,"type":"gauge","name":"runtime.MemStats.BuckHashSys","measures":{"value":1497477}}
{"ts":1675389357483373626,"type":"gauge","name":"runtime.MemStats.HeapAlloc","measures":{"value":26696368}}
{"ts":1675389357506219835,"type":"gauge","name":"runtime.MemStats.LastGC","measures":{"value":1675389352913047600}}
{"ts":1675389357509488376,"type":"gauge","name":"runtime.MemStats.Mallocs","measures":{"value":882922}}
{"ts":1675389357517150460,"type":"gauge","name":"runtime.MemStats.NextGC","measures":{"value":37287456}}
{"ts":1675389357530176918,"type":"gauge","name":"runtime.MemStats.MSpanSys","measures":{"value":522240}}
{"ts":1675389357548484501,"type":"gauge","name":"runtime.MemStats.NumGC","measures":{"value":3}}
{"ts":1675389357552959543,"type":"gauge","name":"runtime.MemStats.DebugGC","measures":{"value":0}}
{"ts":1675389357574968668,"type":"gauge","name":"runtime.MemStats.Frees","measures":{"value":233513}}
{"ts":1675389357588470126,"type":"gauge","name":"runtime.MemStats.HeapInuse","measures":{"value":28246016}}
{"ts":1675389357615208460,"type":"gauge","name":"runtime.MemStats.HeapReleased","measures":{"value":3768320}}
{"ts":1675389357634216085,"type":"gauge","name":"runtime.MemStats.MCacheInuse","measures":{"value":9600}}
{"ts":1675389357648518168,"type":"gauge","name":"runtime.MemStats.MCacheSys","measures":{"value":15600}}
{"ts":1675389357661981418,"type":"gauge","name":"runtime.NumThread","measures":{"value":12}}
{"ts":1675389357669463918,"type":"gauge","name":"runtime.MemStats.HeapIdle","measures":{"value":7962624}}
{"ts":1675389357683782501,"type":"histogram","name":"runtime.MemStats.PauseNs","measures":{"count":3,"max":2832417,"mean":977597.6666666666,"min":39667,"p50":60709,"p75":2832417,"p95":2832417,"p99":2832417,"p999":2832417,"p9999":2832417,"stddev":1311583.4605344625,"variance":1720251173947.5557}}
{"ts":1675389357688127001,"type":"gauge","name":"runtime.MemStats.StackInuse","measures":{"value":1540096}}
{"ts":1675389357693839335,"type":"gauge","name":"runtime.NumCgoCall","measures":{"value":1}}
{"ts":1675389357701429460,"type":"gauge","name":"runtime.MemStats.HeapSys","measures":{"value":36208640}}
{"ts":1675389357706870960,"type":"gauge","name":"runtime.MemStats.Lookups","measures":{"value":0}}
{"ts":1675389357712444293,"type":"gauge","name":"runtime.MemStats.GCCPUFraction","measures":{"value":0.03301486903321829}}
{"ts":1675389357719013585,"type":"gauge","name":"runtime.NumGoroutine","measures":{"value":15}}
{"ts":1675389357724945626,"type":"gauge","name":"runtime.MemStats.PauseTotalNs","measures":{"value":2932793}}
{"ts":1675389357731853835,"type":"gauge","name":"runtime.MemStats.Sys","measures":{"value":46167304}}
{"ts":1675389357735749085,"type":"timer","name":"runtime.ReadMemStats","measures":{"count":1,"m1":0,"m15":0,"m5":0,"max":436083,"mean":436083,"meanrate":0.1992825379848271,"min":436083,"p50":436083,"p75":436083,"p95":436083,"p99":436083,"p999":436083,"p9999":436083,"stddev":0,"variance":0}}
{"ts":1675389362130348962,"type":"gauge","name":"runtime.MemStats.HeapSys","measures":{"value":36208640}}
{"ts":1675389362159261628,"type":"gauge","name":"runtime.MemStats.Lookups","measures":{"value":0}}
{"ts":1675389362165377420,"type":"gauge","name":"runtime.MemStats.GCCPUFraction","measures":{"value":0.03301486903321829}}
{"ts":1675389362174026337,"type":"gauge","name":"runtime.NumGoroutine","measures":{"value":268}}
{"ts":1675389362183233420,"type":"gauge","name":"runtime.MemStats.PauseTotalNs","measures":{"value":2932793}}
{"ts":1675389362199610337,"type":"gauge","name":"runtime.MemStats.Sys","measures":{"value":67663112}}
{"ts":1675389362209996295,"type":"timer","name":"runtime.ReadMemStats","measures":{"count":2,"m1":0.015991117074135343,"m15":0.0011080303990206543,"m5":0.0033057092356765017,"max":1619583,"mean":1027833,"meanrate":0.19925884586320472,"min":436083,"p50":1027833,"p75":1619583,"p95":1619583,"p99":1619583,"p999":1619583,"p9999":1619583,"stddev":591750,"variance":350168062500}}
{"ts":1675389362220064587,"type":"gauge","name":"runtime.MemStats.StackSys","measures":{"value":22511616}}
{"ts":1675389362241183087,"type":"gauge","name":"runtime.MemStats.Alloc","measures":{"value":31441816}}
{"ts":1675389362249805837,"type":"gauge","name":"runtime.MemStats.EnableGC","measures":{"value":1}}
{"ts":1675389362278183962,"type":"gauge","name":"runtime.MemStats.HeapObjects","measures":{"value":701502}}
{"ts":1675389362286997670,"type":"gauge","name":"runtime.MemStats.MSpanInuse","measures":{"value":616896}}
{"ts":1675389362289430795,"type":"gauge","name":"runtime.MemStats.TotalAlloc","measures":{"value":37627312}}
{"ts":1675389362295046878,"type":"gauge","name":"runtime.MemStats.BuckHashSys","measures":{"value":1499685}}
{"ts":1675389362304139712,"type":"gauge","name":"runtime.MemStats.HeapAlloc","measures":{"value":31441816}}
{"ts":1675389362313487295,"type":"gauge","name":"runtime.MemStats.LastGC","measures":{"value":1675389352913047600}}
{"ts":1675389362325179004,"type":"gauge","name":"runtime.MemStats.Mallocs","measures":{"value":55767}}
{"ts":1675389362329303129,"type":"gauge","name":"runtime.MemStats.NextGC","measures":{"value":37287456}}
{"ts":1675389362335314795,"type":"gauge","name":"runtime.MemStats.MSpanSys","measures":{"value":620160}}
{"ts":1675389362359058837,"type":"gauge","name":"runtime.MemStats.NumGC","measures":{"value":0}}
{"ts":1675389362373088004,"type":"gauge","name":"runtime.NumThread","measures":{"value":13}}
{"ts":1675389362391891504,"type":"gauge","name":"runtime.MemStats.DebugGC","measures":{"value":0}}
{"ts":1675389362398380545,"type":"gauge","name":"runtime.MemStats.Frees","measures":{"value":3674}}
{"ts":1675389362413263962,"type":"gauge","name":"runtime.MemStats.HeapInuse","measures":{"value":34283520}}
{"ts":1675389362417907004,"type":"gauge","name":"runtime.MemStats.HeapReleased","measures":{"value":1761280}}
{"ts":1675389362421421129,"type":"gauge","name":"runtime.MemStats.MCacheInuse","measures":{"value":9600}}
{"ts":1675389362431411170,"type":"gauge","name":"runtime.MemStats.MCacheSys","measures":{"value":15600}}
{"ts":1675389362443118337,"type":"gauge","name":"runtime.MemStats.HeapIdle","measures":{"value":1925120}}
{"ts":1675389362453151545,"type":"histogram","name":"runtime.MemStats.PauseNs","measures":{"count":3,"max":2832417,"mean":977597.6666666666,"min":39667,"p50":60709,"p75":2832417,"p95":2832417,"p99":2832417,"p999":2832417,"p9999":2832417,"stddev":1311583.4605344625,"variance":1720251173947.5557}}
{"ts":1675389362468096462,"type":"gauge","name":"runtime.MemStats.StackInuse","measures":{"value":22511616}}
{"ts":1675389362495144379,"type":"gauge","name":"runtime.NumCgoCall","measures":{"value":0}}
{"ts":1675389367099159172,"type":"gauge","name":"runtime.MemStats.HeapSys","measures":{"value":66387968}}
{"ts":1675389367105279672,"type":"gauge","name":"runtime.MemStats.Lookups","measures":{"value":0}}
{"ts":1675389367108878631,"type":"gauge","name":"runtime.MemStats.GCCPUFraction","measures":{"value":0.04247087274833177}}
{"ts":1675389367113877547,"type":"gauge","name":"runtime.NumGoroutine","measures":{"value":303}}
{"ts":1675389367118106339,"type":"gauge","name":"runtime.MemStats.PauseTotalNs","measures":{"value":26234127}}
{"ts":1675389367124363506,"type":"gauge","name":"runtime.MemStats.Sys","measures":{"value":95584536}}
{"ts":1675389367128832547,"type":"timer","name":"runtime.ReadMemStats","measures":{"count":3,"m1":0.030703655021877167,"m15":0.002209922141215539,"m5":0.0065567799035988195,"max":1619583,"mean":1175333,"meanrate":0.1999200024908113,"min":436083,"p50":1470333,"p75":1619583,"p95":1619583,"p99":1619583,"p999":1619583,"p9999":1619583,"stddev":526267.8738057264,"variance":276957875000}}
{"ts":1675389367135103506,"type":"gauge","name":"runtime.MemStats.StackSys","measures":{"value":17498112}}
{"ts":1675389367139289422,"type":"gauge","name":"runtime.MemStats.Alloc","measures":{"value":27858696}}
{"ts":1675389367154172756,"type":"gauge","name":"runtime.MemStats.EnableGC","measures":{"value":1}}
{"ts":1675389367157193839,"type":"gauge","name":"runtime.MemStats.HeapObjects","measures":{"value":555569}}
{"ts":1675389367161413006,"type":"gauge","name":"runtime.MemStats.MSpanInuse","measures":{"value":645184}}
{"ts":1675389367166384631,"type":"gauge","name":"runtime.MemStats.TotalAlloc","measures":{"value":42928240}}
{"ts":1675389367169785256,"type":"gauge","name":"runtime.MemStats.BuckHashSys","measures":{"value":1503245}}
{"ts":1675389367174069797,"type":"gauge","name":"runtime.MemStats.HeapAlloc","measures":{"value":27858696}}
{"ts":1675389367183881881,"type":"gauge","name":"runtime.MemStats.LastGC","measures":{"value":1675389366045362700}}
{"ts":1675389367188098506,"type":"gauge","name":"runtime.MemStats.Mallocs","measures":{"value":72055}}
{"ts":1675389367193208881,"type":"gauge","name":"runtime.MemStats.NextGC","measures":{"value":55759696}}
{"ts":1675389367196389798,"type":"gauge","name":"runtime.MemStats.MSpanSys","measures":{"value":701760}}
{"ts":1675389367200455214,"type":"gauge","name":"runtime.MemStats.NumGC","measures":{"value":1}}
{"ts":1675389367204677381,"type":"gauge","name":"runtime.MemStats.MCacheSys","measures":{"value":15600}}
{"ts":1675389367209222131,"type":"gauge","name":"runtime.NumThread","measures":{"value":17}}
{"ts":1675389367215333089,"type":"gauge","name":"runtime.MemStats.DebugGC","measures":{"value":0}}
{"ts":1675389367217953964,"type":"gauge","name":"runtime.MemStats.Frees","measures":{"value":217988}}
{"ts":1675389367220757589,"type":"gauge","name":"runtime.MemStats.HeapInuse","measures":{"value":34086912}}
{"ts":1675389367224165381,"type":"gauge","name":"runtime.MemStats.HeapReleased","measures":{"value":2228224}}
{"ts":1675389367228747923,"type":"gauge","name":"runtime.MemStats.MCacheInuse","measures":{"value":9600}}
{"ts":1675389367233324298,"type":"gauge","name":"runtime.MemStats.HeapIdle","measures":{"value":32301056}}
{"ts":1675389367235694506,"type":"histogram","name":"runtime.MemStats.PauseNs","measures":{"count":4,"max":23301334,"mean":6558531.75,"min":39667,"p50":1446563,"p75":18184104.75,"p95":23301334,"p99":23301334,"p999":23301334,"p9999":23301334,"stddev":9732967.898231026,"variance":94730664107995.69}}
{"ts":1675389367239495464,"type":"gauge","name":"runtime.MemStats.StackInuse","measures":{"value":17498112}}
{"ts":1675389367246728923,"type":"gauge","name":"runtime.NumCgoCall","measures":{"value":0}}
{"ts":1675389372099951550,"type":"gauge","name":"runtime.MemStats.Sys","measures":{"value":95584536}}
{"ts":1675389372101619883,"type":"timer","name":"runtime.ReadMemStats","measures":{"count":4,"m1":0.044239843385719006,"m15":0.003305709235676515,"m5":0.009754115099857198,"max":1619583,"mean":1146187.25,"meanrate":0.19993206924077972,"min":436083,"p50":1264541.5,"p75":1582270.5,"p95":1619583,"p99":1619583,"p999":1619583,"p9999":1619583,"stddev":458548.61299450847,"variance":210266830479.1875}}
{"ts":1675389372103887717,"type":"gauge","name":"runtime.MemStats.PauseTotalNs","measures":{"value":26234127}}
{"ts":1675389372110080342,"type":"gauge","name":"runtime.MemStats.StackSys","measures":{"value":14254080}}
{"ts":1675389372112246467,"type":"gauge","name":"runtime.MemStats.EnableGC","measures":{"value":1}}
{"ts":1675389372114617050,"type":"gauge","name":"runtime.MemStats.HeapObjects","measures":{"value":558190}}
{"ts":1675389372116492467,"type":"gauge","name":"runtime.MemStats.MSpanInuse","measures":{"value":643280}}
{"ts":1675389372118814633,"type":"gauge","name":"runtime.MemStats.TotalAlloc","measures":{"value":43211528}}
{"ts":1675389372121283675,"type":"gauge","name":"runtime.MemStats.Alloc","measures":{"value":28141984}}
{"ts":1675389372128405467,"type":"gauge","name":"runtime.MemStats.HeapAlloc","measures":{"value":28141984}}
{"ts":1675389372130951842,"type":"gauge","name":"runtime.MemStats.LastGC","measures":{"value":1675389366045362700}}
{"ts":1675389372132489175,"type":"gauge","name":"runtime.MemStats.Mallocs","measures":{"value":2879}}
{"ts":1675389372134634633,"type":"gauge","name":"runtime.MemStats.NextGC","measures":{"value":55759696}}
{"ts":1675389372136216675,"type":"gauge","name":"runtime.MemStats.BuckHashSys","measures":{"value":1503245}}
{"ts":1675389372140405925,"type":"gauge","name":"runtime.MemStats.NumGC","measures":{"value":0}}
{"ts":1675389372142224883,"type":"gauge","name":"runtime.MemStats.MSpanSys","measures":{"value":701760}}
{"ts":1675389372143796383,"type":"gauge","name":"runtime.MemStats.Frees","measures":{"value":258}}
{"ts":1675389372147206342,"type":"gauge","name":"runtime.MemStats.HeapInuse","measures":{"value":34299904}}
{"ts":1675389372149628092,"type":"gauge","name":"runtime.MemStats.HeapReleased","measures":{"value":1982464}}
{"ts":1675389372150997633,"type":"gauge","name":"runtime.MemStats.MCacheInuse","measures":{"value":9600}}
{"ts":1675389372152721217,"type":"gauge","name":"runtime.MemStats.MCacheSys","measures":{"value":15600}}
{"ts":1675389372154232425,"type":"gauge","name":"runtime.NumThread","measures":{"value":17}}
{"ts":1675389372156445717,"type":"gauge","name":"runtime.MemStats.DebugGC","measures":{"value":0}}
{"ts":1675389372157943383,"type":"histogram","name":"runtime.MemStats.PauseNs","measures":{"count":4,"max":23301334,"mean":6558531.75,"min":39667,"p50":1446563,"p75":18184104.75,"p95":23301334,"p99":23301334,"p999":23301334,"p9999":23301334,"stddev":9732967.898231026,"variance":94730664107995.69}}
{"ts":1675389372159346050,"type":"gauge","name":"runtime.MemStats.StackInuse","measures":{"value":14254080}}
{"ts":1675389372160899883,"type":"gauge","name":"runtime.NumCgoCall","measures":{"value":0}}
{"ts":1675389372161954008,"type":"gauge","name":"runtime.MemStats.HeapIdle","measures":{"value":35332096}}
{"ts":1675389372163738550,"type":"gauge","name":"runtime.MemStats.Lookups","measures":{"value":0}}
{"ts":1675389372165838633,"type":"gauge","name":"runtime.MemStats.GCCPUFraction","measures":{"value":0.04247087274833177}}
{"ts":1675389372167561925,"type":"gauge","name":"runtime.NumGoroutine","measures":{"value":229}}
{"ts":1675389372169052550,"type":"gauge","name":"runtime.MemStats.HeapSys","measures":{"value":69632000}}
{"ts":1675389377098195886,"type":"gauge","name":"runtime.MemStats.StackSys","measures":{"value":14254080}}
{"ts":1675389377100117552,"type":"gauge","name":"runtime.MemStats.TotalAlloc","measures":{"value":43475144}}
{"ts":1675389377101324844,"type":"gauge","name":"runtime.MemStats.Alloc","measures":{"value":28405600}}
{"ts":1675389377102612386,"type":"gauge","name":"runtime.MemStats.EnableGC","measures":{"value":1}}
{"ts":1675389377103946719,"type":"gauge","name":"runtime.MemStats.HeapObjects","measures":{"value":560630}}
{"ts":1675389377105012552,"type":"gauge","name":"runtime.MemStats.MSpanInuse","measures":{"value":643280}}
{"ts":1675389377106334927,"type":"gauge","name":"runtime.MemStats.NextGC","measures":{"value":55759696}}
{"ts":1675389377115055761,"type":"gauge","name":"runtime.MemStats.BuckHashSys","measures":{"value":1503245}}
{"ts":1675389377116122011,"type":"gauge","name":"runtime.MemStats.HeapAlloc","measures":{"value":28405600}}
{"ts":1675389377117196719,"type":"gauge","name":"runtime.MemStats.LastGC","measures":{"value":1675389366045362700}}
{"ts":1675389377119390177,"type":"gauge","name":"runtime.MemStats.Mallocs","measures":{"value":2674}}
{"ts":1675389377121028927,"type":"gauge","name":"runtime.MemStats.MSpanSys","measures":{"value":701760}}
{"ts":1675389377122452927,"type":"gauge","name":"runtime.MemStats.NumGC","measures":{"value":0}}
{"ts":1675389377123314052,"type":"gauge","name":"runtime.MemStats.MCacheInuse","measures":{"value":9600}}
{"ts":1675389377124369927,"type":"gauge","name":"runtime.MemStats.MCacheSys","measures":{"value":15600}}
{"ts":1675389377130035052,"type":"gauge","name":"runtime.NumThread","measures":{"value":17}}
{"ts":1675389377131425886,"type":"gauge","name":"runtime.MemStats.DebugGC","measures":{"value":0}}
{"ts":1675389377132945052,"type":"gauge","name":"runtime.MemStats.Frees","measures":{"value":234}}
{"ts":1675389377134249594,"type":"gauge","name":"runtime.MemStats.HeapInuse","measures":{"value":34463744}}
{"ts":1675389377135326011,"type":"gauge","name":"runtime.MemStats.HeapReleased","measures":{"value":1818624}}
{"ts":1675389377136671927,"type":"gauge","name":"runtime.MemStats.HeapIdle","measures":{"value":35168256}}
{"ts":1675389377140144011,"type":"histogram","name":"runtime.MemStats.PauseNs","measures":{"count":4,"max":23301334,"mean":6558531.75,"min":39667,"p50":1446563,"p75":18184104.75,"p95":23301334,"p99":23301334,"p999":23301334,"p9999":23301334,"stddev":9732967.898231026,"variance":94730664107995.69}}
{"ts":1675389377141723136,"type":"gauge","name":"runtime.MemStats.StackInuse","measures":{"value":14254080}}
{"ts":1675389377142957094,"type":"gauge","name":"runtime.NumCgoCall","measures":{"value":0}}
{"ts":1675389377144043177,"type":"gauge","name":"runtime.MemStats.HeapSys","measures":{"value":69632000}}
{"ts":1675389377144971761,"type":"gauge","name":"runtime.MemStats.Lookups","measures":{"value":0}}
{"ts":1675389377145876844,"type":"gauge","name":"runtime.MemStats.GCCPUFraction","measures":{"value":0.04247087274833177}}
{"ts":1675389377147001677,"type":"gauge","name":"runtime.NumGoroutine","measures":{"value":229}}
{"ts":1675389377150641011,"type":"gauge","name":"runtime.MemStats.PauseTotalNs","measures":{"value":26234127}}
{"ts":1675389377152133052,"type":"gauge","name":"runtime.MemStats.Sys","measures":{"value":95584536}}
{"ts":1675389377153367302,"type":"timer","name":"runtime.ReadMemStats","measures":{"count":5,"m1":0.056693737885242124,"m15":0.004395425503079905,"m5":0.012898602993676452,"max":1619583,"mean":973349.8,"meanrate":0.19995986596731935,"min":282000,"p50":1058750,"p75":1544958,"p95":1619583,"p99":1619583,"p999":1619583,"p9999":1619583,"stddev":536381.0221040263,"variance":287704600873.36}}
{"ts":1675389382097801555,"type":"gauge","name":"runtime.MemStats.TotalAlloc","measures":{"value":43746296}}
{"ts":1675389382103851930,"type":"gauge","name":"runtime.MemStats.Alloc","measures":{"value":28676752}}
{"ts":1675389382105930555,"type":"gauge","name":"runtime.MemStats.EnableGC","measures":{"value":1}}
{"ts":1675389382107280596,"type":"gauge","name":"runtime.MemStats.HeapObjects","measures":{"value":563103}}
{"ts":1675389382110086430,"type":"gauge","name":"runtime.MemStats.MSpanInuse","measures":{"value":643280}}
{"ts":1675389382111503138,"type":"gauge","name":"runtime.MemStats.NextGC","measures":{"value":55759696}}
{"ts":1675389382114462888,"type":"gauge","name":"runtime.MemStats.BuckHashSys","measures":{"value":1503493}}
{"ts":1675389382117990013,"type":"gauge","name":"runtime.MemStats.HeapAlloc","measures":{"value":28676752}}
{"ts":1675389382119871805,"type":"gauge","name":"runtime.MemStats.LastGC","measures":{"value":1675389366045362700}}
{"ts":1675389382121904013,"type":"gauge","name":"runtime.MemStats.Mallocs","measures":{"value":2713}}
{"ts":1675389382123484596,"type":"gauge","name":"runtime.MemStats.MSpanSys","measures":{"value":701760}}
{"ts":1675389382125122263,"type":"gauge","name":"runtime.MemStats.NumGC","measures":{"value":0}}
{"ts":1675389382127597388,"type":"gauge","name":"runtime.MemStats.MCacheInuse","measures":{"value":9600}}
{"ts":1675389382129329763,"type":"gauge","name":"runtime.MemStats.MCacheSys","measures":{"value":15600}}
{"ts":1675389382134335305,"type":"gauge","name":"runtime.NumThread","measures":{"value":17}}
{"ts":1675389382136153555,"type":"gauge","name":"runtime.MemStats.DebugGC","measures":{"value":0}}
{"ts":1675389382138270805,"type":"gauge","name":"runtime.MemStats.Frees","measures":{"value":240}}
{"ts":1675389382139960221,"type":"gauge","name":"runtime.MemStats.HeapInuse","measures":{"value":34480128}}
{"ts":1675389382141904388,"type":"gauge","name":"runtime.MemStats.HeapReleased","measures":{"value":1802240}}
{"ts":1675389382146092846,"type":"gauge","name":"runtime.MemStats.HeapIdle","measures":{"value":35151872}}
{"ts":1675389382150133971,"type":"histogram","name":"runtime.MemStats.PauseNs","measures":{"count":4,"max":23301334,"mean":6558531.75,"min":39667,"p50":1446563,"p75":18184104.75,"p95":23301334,"p99":23301334,"p999":23301334,"p9999":23301334,"stddev":9732967.898231026,"variance":94730664107995.69}}
{"ts":1675389382151905846,"type":"gauge","name":"runtime.MemStats.StackInuse","measures":{"value":14254080}}
{"ts":1675389382153427930,"type":"gauge","name":"runtime.NumCgoCall","measures":{"value":0}}
{"ts":1675389382154666055,"type":"gauge","name":"runtime.MemStats.HeapSys","measures":{"value":69632000}}
{"ts":1675389382156614055,"type":"gauge","name":"runtime.MemStats.Lookups","measures":{"value":0}}
{"ts":1675389382157976013,"type":"gauge","name":"runtime.MemStats.GCCPUFraction","measures":{"value":0.04247087274833177}}
{"ts":1675389382159226846,"type":"gauge","name":"runtime.NumGoroutine","measures":{"value":229}}
{"ts":1675389382161299971,"type":"gauge","name":"runtime.MemStats.PauseTotalNs","measures":{"value":26234127}}
{"ts":1675389382163518763,"type":"gauge","name":"runtime.MemStats.Sys","measures":{"value":95584536}}
{"ts":1675389382166190180,"type":"timer","name":"runtime.ReadMemStats","measures":{"count":6,"m1":0.06815187395991122,"m15":0.0054791045767303434,"m5":0.015991117074135346,"max":1619583,"mean":870798.3333333334,"meanrate":0.19996897389384308,"min":282000,"p50":747416.5,"p75":1507645.5,"p95":1619583,"p99":1619583,"p999":1619583,"p9999":1619583,"stddev":540682.7634006429,"variance":292337850638.55554}}
{"ts":1675389382168073471,"type":"gauge","name":"runtime.MemStats.StackSys","measures":{"value":14254080}}
{"ts":1675389387097247959,"type":"gauge","name":"runtime.MemStats.BuckHashSys","measures":{"value":1503493}}
{"ts":1675389387102133918,"type":"gauge","name":"runtime.MemStats.HeapAlloc","measures":{"value":28947544}}
{"ts":1675389387104364126,"type":"gauge","name":"runtime.MemStats.LastGC","measures":{"value":1675389366045362700}}
{"ts":1675389387106957501,"type":"gauge","name":"runtime.MemStats.Mallocs","measures":{"value":2681}}
{"ts":1675389387109750626,"type":"gauge","name":"runtime.MemStats.NextGC","measures":{"value":55759696}}
{"ts":1675389387112380168,"type":"gauge","name":"runtime.MemStats.MSpanSys","measures":{"value":701760}}
{"ts":1675389387120628043,"type":"gauge","name":"runtime.MemStats.NumGC","measures":{"value":0}}
{"ts":1675389387124286293,"type":"gauge","name":"runtime.MemStats.DebugGC","measures":{"value":0}}
{"ts":1675389387127079293,"type":"gauge","name":"runtime.MemStats.Frees","measures":{"value":233}}
{"ts":1675389387131306376,"type":"gauge","name":"runtime.MemStats.HeapInuse","measures":{"value":34594816}}
{"ts":1675389387134409251,"type":"gauge","name":"runtime.MemStats.HeapReleased","measures":{"value":1687552}}
{"ts":1675389387136686876,"type":"gauge","name":"runtime.MemStats.MCacheInuse","measures":{"value":9600}}
{"ts":1675389387139141001,"type":"gauge","name":"runtime.MemStats.MCacheSys","measures":{"value":15600}}
{"ts":1675389387144384209,"type":"gauge","name":"runtime.NumThread","measures":{"value":17}}
{"ts":1675389387146893293,"type":"gauge","name":"runtime.MemStats.HeapIdle","measures":{"value":35037184}}
{"ts":1675389387148271501,"type":"histogram","name":"runtime.MemStats.PauseNs","measures":{"count":4,"max":23301334,"mean":6558531.75,"min":39667,"p50":1446563,"p75":18184104.75,"p95":23301334,"p99":23301334,"p999":23301334,"p9999":23301334,"stddev":9732967.898231026,"variance":94730664107995.69}}
{"ts":1675389387152782209,"type":"gauge","name":"runtime.MemStats.StackInuse","measures":{"value":14254080}}
{"ts":1675389387175515168,"type":"gauge","name":"runtime.NumCgoCall","measures":{"value":0}}
{"ts":1675389387180016168,"type":"gauge","name":"runtime.MemStats.HeapSys","measures":{"value":69632000}}
{"ts":1675389387185944376,"type":"gauge","name":"runtime.MemStats.Lookups","measures":{"value":0}}
{"ts":1675389387190646876,"type":"gauge","name":"runtime.MemStats.GCCPUFraction","measures":{"value":0.04247087274833177}}
{"ts":1675389387193413293,"type":"gauge","name":"runtime.NumGoroutine","measures":{"value":229}}
{"ts":1675389387194703584,"type":"gauge","name":"runtime.MemStats.PauseTotalNs","measures":{"value":26234127}}
{"ts":1675389387204501584,"type":"gauge","name":"runtime.MemStats.Sys","measures":{"value":95584536}}
{"ts":1675389387207281793,"type":"timer","name":"runtime.ReadMemStats","measures":{"count":7,"m1":0.07869386805747328,"m15":0.0065567799035988455,"m5":0.019032516392808084,"max":1619583,"mean":879690.2857142857,"meanrate":0.19996699464766543,"min":282000,"p50":933042,"p75":1470333,"p95":1619583,"p99":1619583,"p999":1619583,"p9999":1619583,"stddev":501048.6018842924,"variance":251049701450.2041}}
{"ts":1675389387209527918,"type":"gauge","name":"runtime.MemStats.StackSys","measures":{"value":14254080}}
{"ts":1675389387211561959,"type":"gauge","name":"runtime.MemStats.Alloc","measures":{"value":28947544}}
{"ts":1675389387213784376,"type":"gauge","name":"runtime.MemStats.EnableGC","measures":{"value":1}}
{"ts":1675389387217126501,"type":"gauge","name":"runtime.MemStats.HeapObjects","measures":{"value":565551}}
{"ts":1675389387219095376,"type":"gauge","name":"runtime.MemStats.MSpanInuse","measures":{"value":643280}}
{"ts":1675389387222549876,"type":"gauge","name":"runtime.MemStats.TotalAlloc","measures":{"value":44017088}}
{"ts":1675389392096120087,"type":"gauge","name":"runtime.MemStats.Mallocs","measures":{"value":17818}}
{"ts":1675389392114745170,"type":"gauge","name":"runtime.MemStats.NextGC","measures":{"value":55759696}}
{"ts":1675389392125789545,"type":"gauge","name":"runtime.MemStats.BuckHashSys","measures":{"value":1504013}}
{"ts":1675389392150072670,"type":"gauge","name":"runtime.MemStats.HeapAlloc","measures":{"value":30349016}}
{"ts":1675389392180625087,"type":"gauge","name":"runtime.MemStats.LastGC","measures":{"value":1675389366045362700}}
{"ts":1675389392191269795,"type":"gauge","name":"runtime.MemStats.MSpanSys","measures":{"value":701760}}
{"ts":1675389392200614795,"type":"gauge","name":"runtime.MemStats.NumGC","measures":{"value":0}}
{"ts":1675389392209587670,"type":"gauge","name":"runtime.MemStats.HeapReleased","measures":{"value":1155072}}
{"ts":1675389392225306878,"type":"gauge","name":"runtime.MemStats.MCacheInuse","measures":{"value":9600}}
{"ts":1675389392236820920,"type":"gauge","name":"runtime.MemStats.MCacheSys","measures":{"value":15600}}
{"ts":1675389392240475878,"type":"gauge","name":"runtime.NumThread","measures":{"value":17}}
{"ts":1675389392258679878,"type":"gauge","name":"runtime.MemStats.DebugGC","measures":{"value":0}}
{"ts":1675389392277579045,"type":"gauge","name":"runtime.MemStats.Frees","measures":{"value":855}}
{"ts":1675389392286311587,"type":"gauge","name":"runtime.MemStats.HeapInuse","measures":{"value":35430400}}
{"ts":1675389392310328004,"type":"gauge","name":"runtime.NumCgoCall","measures":{"value":0}}
{"ts":1675389392319537379,"type":"gauge","name":"runtime.MemStats.HeapIdle","measures":{"value":34037760}}
{"ts":1675389392333837545,"type":"histogram","name":"runtime.MemStats.PauseNs","measures":{"count":4,"max":23301334,"mean":6558531.75,"min":39667,"p50":1446563,"p75":18184104.75,"p95":23301334,"p99":23301334,"p999":23301334,"p9999":23301334,"stddev":9732967.898231026,"variance":94730664107995.69}}
{"ts":1675389392354564962,"type":"gauge","name":"runtime.MemStats.StackInuse","measures":{"value":14417920}}
{"ts":1675389392372639379,"type":"gauge","name":"runtime.NumGoroutine","measures":{"value":270}}
{"ts":1675389392409539962,"type":"gauge","name":"runtime.MemStats.HeapSys","measures":{"value":69468160}}
{"ts":1675389392417163212,"type":"gauge","name":"runtime.MemStats.Lookups","measures":{"value":0}}
{"ts":1675389392420404212,"type":"gauge","name":"runtime.MemStats.GCCPUFraction","measures":{"value":0.04247087274833177}}
{"ts":1675389392429976587,"type":"gauge","name":"runtime.MemStats.PauseTotalNs","measures":{"value":26234127}}
{"ts":1675389392457835295,"type":"gauge","name":"runtime.MemStats.Sys","measures":{"value":95584536}}
{"ts":1675389392479150254,"type":"timer","name":"runtime.ReadMemStats","measures":{"count":8,"m1":0.08839297084599056,"m15":0.007628484745355124,"m5":0.02202364580239524,"max":1619583,"mean":818807.125,"meanrate":0.19997677073830641,"min":282000,"p50":684562.5,"p75":1367437.25,"p95":1619583,"p99":1619583,"p999":1619583,"p9999":1619583,"stddev":495596.4119915109,"variance":245615803578.85938}}
{"ts":1675389392499670629,"type":"gauge","name":"runtime.MemStats.StackSys","measures":{"value":14417920}}
{"ts":1675389392508583920,"type":"gauge","name":"runtime.MemStats.MSpanInuse","measures":{"value":651984}}
{"ts":1675389392517521087,"type":"gauge","name":"runtime.MemStats.TotalAlloc","measures":{"value":45418560}}
{"ts":1675389392527536587,"type":"gauge","name":"runtime.MemStats.Alloc","measures":{"value":30349016}}
{"ts":1675389392531812462,"type":"gauge","name":"runtime.MemStats.EnableGC","measures":{"value":1}}
{"ts":1675389392540370462,"type":"gauge","name":"runtime.MemStats.HeapObjects","measures":{"value":582514}}
{"ts":1675389397097376964,"type":"gauge","name":"runtime.MemStats.HeapIdle","measures":{"value":33964032}}
{"ts":1675389397126958756,"type":"histogram","name":"runtime.MemStats.PauseNs","measures":{"count":4,"max":23301334,"mean":6558531.75,"min":39667,"p50":1446563,"p75":18184104.75,"p95":23301334,"p99":23301334,"p999":23301334,"p9999":23301334,"stddev":9732967.898231026,"variance":94730664107995.69}}
{"ts":1675389397142624506,"type":"gauge","name":"runtime.MemStats.StackInuse","measures":{"value":14352384}}
{"ts":1675389397159175297,"type":"gauge","name":"runtime.NumCgoCall","measures":{"value":0}}
{"ts":1675389397176752006,"type":"gauge","name":"runtime.MemStats.HeapSys","measures":{"value":69533696}}
{"ts":1675389397196696256,"type":"gauge","name":"runtime.MemStats.Lookups","measures":{"value":0}}
{"ts":1675389397215828048,"type":"gauge","name":"runtime.MemStats.GCCPUFraction","measures":{"value":0.04247087274833177}}
{"ts":1675389397230249006,"type":"gauge","name":"runtime.NumGoroutine","measures":{"value":238}}
{"ts":1675389397256277714,"type":"gauge","name":"runtime.MemStats.PauseTotalNs","measures":{"value":26234127}}
{"ts":1675389397280372548,"type":"gauge","name":"runtime.MemStats.Sys","measures":{"value":95584536}}
{"ts":1675389397293331798,"type":"timer","name":"runtime.ReadMemStats","measures":{"count":9,"m1":0.09731657619348157,"m15":0.008694252179394185,"m5":0.02496533619141051,"max":1619583,"mean":858060.1111111111,"meanrate":0.1999738359299073,"min":282000,"p50":933042,"p75":1321208.5,"p95":1619583,"p99":1619583,"p999":1619583,"p9999":1619583,"stddev":480261.9431996216,"variance":230651534085.87656}}
{"ts":1675389397308436214,"type":"gauge","name":"runtime.MemStats.StackSys","measures":{"value":14352384}}
{"ts":1675389397317618256,"type":"gauge","name":"runtime.MemStats.TotalAlloc","measures":{"value":45912920}}
{"ts":1675389397338597464,"type":"gauge","name":"runtime.MemStats.Alloc","measures":{"value":30843376}}
{"ts":1675389397352325256,"type":"gauge","name":"runtime.MemStats.EnableGC","measures":{"value":1}}
{"ts":1675389397358594256,"type":"gauge","name":"runtime.MemStats.HeapObjects","measures":{"value":587728}}
{"ts":1675389397369406798,"type":"gauge","name":"runtime.MemStats.MSpanInuse","measures":{"value":651984}}
{"ts":1675389397404074506,"type":"gauge","name":"runtime.MemStats.NextGC","measures":{"value":55759696}}
{"ts":1675389397448536589,"type":"gauge","name":"runtime.MemStats.BuckHashSys","measures":{"value":1504781}}
{"ts":1675389397478247839,"type":"gauge","name":"runtime.MemStats.HeapAlloc","measures":{"value":30843376}}
{"ts":1675389397496752714,"type":"gauge","name":"runtime.MemStats.LastGC","measures":{"value":1675389366045362700}}
{"ts":1675389397505243506,"type":"gauge","name":"runtime.MemStats.Mallocs","measures":{"value":5500}}
{"ts":1675389397540760798,"type":"gauge","name":"runtime.MemStats.MSpanSys","measures":{"value":701760}}
{"ts":1675389397559826631,"type":"gauge","name":"runtime.MemStats.NumGC","measures":{"value":0}}
{"ts":1675389397635585631,"type":"gauge","name":"runtime.MemStats.MCacheInuse","measures":{"value":9600}}
{"ts":1675389397643805548,"type":"gauge","name":"runtime.MemStats.MCacheSys","measures":{"value":15600}}
{"ts":1675389397675664089,"type":"gauge","name":"runtime.NumThread","measures":{"value":17}}
{"ts":1675389397727428589,"type":"gauge","name":"runtime.MemStats.DebugGC","measures":{"value":0}}
{"ts":1675389397754471881,"type":"gauge","name":"runtime.MemStats.Frees","measures":{"value":286}}
{"ts":1675389397773169881,"type":"gauge","name":"runtime.MemStats.HeapInuse","measures":{"value":35569664}}
{"ts":1675389397803565756,"type":"gauge","name":"runtime.MemStats.HeapReleased","measures":{"value":1097728}}
{"ts":1675389402130701300,"type":"gauge","name":"runtime.MemStats.TotalAlloc","measures":{"value":53413992}}
{"ts":1675389402203574967,"type":"gauge","name":"runtime.MemStats.Alloc","measures":{"value":38344448}}
{"ts":1675389402253488550,"type":"gauge","name":"runtime.MemStats.EnableGC","measures":{"value":1}}
{"ts":1675389402270760175,"type":"gauge","name":"runtime.MemStats.HeapObjects","measures":{"value":682033}}
{"ts":1675389402290186258,"type":"gauge","name":"runtime.MemStats.MSpanInuse","measures":{"value":765136}}
{"ts":1675389402323641217,"type":"gauge","name":"runtime.MemStats.NextGC","measures":{"value":55759696}}
{"ts":1675389402368216050,"type":"gauge","name":"runtime.MemStats.BuckHashSys","measures":{"value":1508861}}
{"ts":1675389402407974675,"type":"gauge","name":"runtime.MemStats.HeapAlloc","measures":{"value":38344448}}
{"ts":1675389402494229633,"type":"gauge","name":"runtime.MemStats.LastGC","measures":{"value":1675389366045362700}}
{"ts":1675389402529828008,"type":"gauge","name":"runtime.MemStats.Mallocs","measures":{"value":98098}}
{"ts":1675389402560102175,"type":"gauge","name":"runtime.MemStats.MSpanSys","measures":{"value":767040}}
{"ts":1675389402580658550,"type":"gauge","name":"runtime.MemStats.NumGC","measures":{"value":0}}
{"ts":1675389402611469550,"type":"gauge","name":"runtime.MemStats.MCacheInuse","measures":{"value":9600}}
{"ts":1675389402646668967,"type":"gauge","name":"runtime.MemStats.MCacheSys","measures":{"value":15600}}
{"ts":1675389402666785883,"type":"gauge","name":"runtime.NumThread","measures":{"value":19}}
{"ts":1675389402675771258,"type":"gauge","name":"runtime.MemStats.DebugGC","measures":{"value":0}}
{"ts":1675389402701506925,"type":"gauge","name":"runtime.MemStats.Frees","measures":{"value":3793}}
{"ts":1675389402722995508,"type":"gauge","name":"runtime.MemStats.HeapInuse","measures":{"value":42860544}}
{"ts":1675389402734095883,"type":"gauge","name":"runtime.MemStats.HeapReleased","measures":{"value":524288}}
{"ts":1675389402765494342,"type":"gauge","name":"runtime.MemStats.HeapIdle","measures":{"value":26509312}}
{"ts":1675389402780516425,"type":"histogram","name":"runtime.MemStats.PauseNs","measures":{"count":4,"max":23301334,"mean":6558531.75,"min":39667,"p50":1446563,"p75":18184104.75,"p95":23301334,"p99":23301334,"p999":23301334,"p9999":23301334,"stddev":9732967.898231026,"variance":94730664107995.69}}
{"ts":1675389402800815884,"type":"gauge","name":"runtime.MemStats.StackInuse","measures":{"value":14516224}}
{"ts":1675389402840338967,"type":"gauge","name":"runtime.NumCgoCall","measures":{"value":0}}
{"ts":1675389402878696425,"type":"gauge","name":"runtime.MemStats.HeapSys","measures":{"value":69369856}}
{"ts":1675389402901591759,"type":"gauge","name":"runtime.MemStats.Lookups","measures":{"value":0}}
{"ts":1675389402942726259,"type":"gauge","name":"runtime.MemStats.GCCPUFraction","measures":{"value":0.04247087274833177}}
{"ts":1675389402965664467,"type":"gauge","name":"runtime.NumGoroutine","measures":{"value":571}}
{"ts":1675389402998451967,"type":"gauge","name":"runtime.MemStats.PauseTotalNs","measures":{"value":26234127}}
{"ts":1675389403027816634,"type":"gauge","name":"runtime.MemStats.Sys","measures":{"value":95912216}}
{"ts":1675389403042701425,"type":"timer","name":"runtime.ReadMemStats","measures":{"count":10,"m1":0.10552668945179702,"m15":0.009754115099857238,"m5":0.02785840471498844,"max":34841000,"mean":4256354.1,"meanrate":0.1998438059901829,"min":282000,"p50":995896,"p75":1507645.5,"p95":34841000,"p99":34841000,"p999":34841000,"p9999":34841000,"stddev":10205057.79968651,"variance":104143204694942.47}}
{"ts":1675389403111474884,"type":"gauge","name":"runtime.MemStats.StackSys","measures":{"value":14516224}}
{"ts":1675389407114169052,"type":"gauge","name":"runtime.MemStats.LastGC","measures":{"value":1675389366045362700}}
{"ts":1675389407169173344,"type":"gauge","name":"runtime.MemStats.Mallocs","measures":{"value":42047}}
{"ts":1675389407229490969,"type":"gauge","name":"runtime.MemStats.NextGC","measures":{"value":55759696}}
{"ts":1675389407257300927,"type":"gauge","name":"runtime.MemStats.BuckHashSys","measures":{"value":1510861}}
{"ts":1675389407294687261,"type":"gauge","name":"runtime.MemStats.HeapAlloc","measures":{"value":41009504}}
{"ts":1675389407330586927,"type":"gauge","name":"runtime.MemStats.MSpanSys","measures":{"value":816000}}
{"ts":1675389407417204386,"type":"gauge","name":"runtime.MemStats.NumGC","measures":{"value":0}}
{"ts":1675389407463061552,"type":"gauge","name":"runtime.MemStats.HeapInuse","measures":{"value":45228032}}
{"ts":1675389407490366636,"type":"gauge","name":"runtime.MemStats.HeapReleased","measures":{"value":524288}}
{"ts":1675389407539628052,"type":"gauge","name":"runtime.MemStats.MCacheInuse","measures":{"value":9600}}
{"ts":1675389407599739552,"type":"gauge","name":"runtime.MemStats.MCacheSys","measures":{"value":15600}}
{"ts":1675389407617512594,"type":"gauge","name":"runtime.NumThread","measures":{"value":19}}
{"ts":1675389407646252344,"type":"gauge","name":"runtime.MemStats.DebugGC","measures":{"value":0}}
{"ts":1675389407668108302,"type":"gauge","name":"runtime.MemStats.Frees","measures":{"value":1929}}
{"ts":1675389407693740011,"type":"gauge","name":"runtime.MemStats.StackInuse","measures":{"value":14188544}}
{"ts":1675389407715349969,"type":"gauge","name":"runtime.NumCgoCall","measures":{"value":0}}
{"ts":1675389407747586261,"type":"gauge","name":"runtime.MemStats.HeapIdle","measures":{"value":24469504}}
{"ts":1675389407788796386,"type":"histogram","name":"runtime.MemStats.PauseNs","measures":{"count":4,"max":23301334,"mean":6558531.75,"min":39667,"p50":1446563,"p75":18184104.75,"p95":23301334,"p99":23301334,"p999":23301334,"p9999":23301334,"stddev":9732967.898231026,"variance":94730664107995.69}}
{"ts":1675389407814471344,"type":"gauge","name":"runtime.MemStats.GCCPUFraction","measures":{"value":0.04247087274833177}}
{"ts":1675389407826801886,"type":"gauge","name":"runtime.NumGoroutine","measures":{"value":548}}
{"ts":1675389407851187303,"type":"gauge","name":"runtime.MemStats.HeapSys","measures":{"value":69697536}}
{"ts":1675389407900116553,"type":"gauge","name":"runtime.MemStats.Lookups","measures":{"value":0}}
{"ts":1675389407915546511,"type":"timer","name":"runtime.ReadMemStats","measures":{"count":11,"m1":0.11308035829858432,"m15":0.01080810621864695,"m5":0.030703655021877187,"max":34841000,"mean":5034731,"meanrate":0.19991761128803168,"min":282000,"p50":1058750,"p75":1619583,"p95":34841000,"p99":34841000,"p999":34841000,"p9999":34841000,"stddev":10036650.169070456,"variance":100734346616302}}
{"ts":1675389407929394386,"type":"gauge","name":"runtime.MemStats.PauseTotalNs","measures":{"value":26234127}}
{"ts":1675389407964419303,"type":"gauge","name":"runtime.MemStats.Sys","measures":{"value":95912216}}
{"ts":1675389407989736469,"type":"gauge","name":"runtime.MemStats.StackSys","measures":{"value":14188544}}
{"ts":1675389408017372469,"type":"gauge","name":"runtime.MemStats.HeapObjects","measures":{"value":722151}}
{"ts":1675389408041103761,"type":"gauge","name":"runtime.MemStats.MSpanInuse","measures":{"value":799952}}
{"ts":1675389408085375344,"type":"gauge","name":"runtime.MemStats.TotalAlloc","measures":{"value":56079048}}
{"ts":1675389408109510594,"type":"gauge","name":"runtime.MemStats.Alloc","measures":{"value":41009504}}
{"ts":1675389408155556969,"type":"gauge","name":"runtime.MemStats.EnableGC","measures":{"value":1}}
{"ts":1675389412097413596,"type":"gauge","name":"runtime.MemStats.StackSys","measures":{"value":13467648}}
{"ts":1675389412140774013,"type":"gauge","name":"runtime.MemStats.Alloc","measures":{"value":46083816}}
{"ts":1675389412159357138,"type":"gauge","name":"runtime.MemStats.EnableGC","measures":{"value":1}}
{"ts":1675389412187297971,"type":"gauge","name":"runtime.MemStats.HeapObjects","measures":{"value":792045}}
{"ts":1675389412227280471,"type":"gauge","name":"runtime.MemStats.MSpanInuse","measures":{"value":869584}}
{"ts":1675389412272444471,"type":"gauge","name":"runtime.MemStats.TotalAlloc","measures":{"value":61153360}}
{"ts":1675389412304582638,"type":"gauge","name":"runtime.MemStats.BuckHashSys","measures":{"value":1513109}}
{"ts":1675389412319444596,"type":"gauge","name":"runtime.MemStats.HeapAlloc","measures":{"value":46083816}}
{"ts":1675389412363458138,"type":"gauge","name":"runtime.MemStats.LastGC","measures":{"value":1675389366045362700}}
{"ts":1675389412400562096,"type":"gauge","name":"runtime.MemStats.Mallocs","measures":{"value":73925}}
{"ts":1675389412450468055,"type":"gauge","name":"runtime.MemStats.NextGC","measures":{"value":55759696}}
{"ts":1675389412463398430,"type":"gauge","name":"runtime.MemStats.MSpanSys","measures":{"value":881280}}
{"ts":1675389412527562263,"type":"gauge","name":"runtime.MemStats.NumGC","measures":{"value":0}}
{"ts":1675389412575748138,"type":"gauge","name":"runtime.NumThread","measures":{"value":19}}
{"ts":1675389412606691680,"type":"gauge","name":"runtime.MemStats.DebugGC","measures":{"value":0}}
{"ts":1675389412653662680,"type":"gauge","name":"runtime.MemStats.Frees","measures":{"value":4031}}
{"ts":1675389412700295347,"type":"gauge","name":"runtime.MemStats.HeapInuse","measures":{"value":50511872}}
{"ts":1675389412736617222,"type":"gauge","name":"runtime.MemStats.HeapReleased","measures":{"value":524288}}
{"ts":1675389412778283347,"type":"gauge","name":"runtime.MemStats.MCacheInuse","measures":{"value":9600}}
{"ts":1675389412813705013,"type":"gauge","name":"runtime.MemStats.MCacheSys","measures":{"value":15600}}
{"ts":1675389412860436930,"type":"gauge","name":"runtime.MemStats.HeapIdle","measures":{"value":19906560}}
{"ts":1675389412933272388,"type":"histogram","name":"runtime.MemStats.PauseNs","measures":{"count":4,"max":23301334,"mean":6558531.75,"min":39667,"p50":1446563,"p75":18184104.75,"p95":23301334,"p99":23301334,"p999":23301334,"p9999":23301334,"stddev":9732967.898231026,"variance":94730664107995.69}}
{"ts":1675389412987337805,"type":"gauge","name":"runtime.MemStats.StackInuse","measures":{"value":13467648}}
{"ts":1675389413022555930,"type":"gauge","name":"runtime.NumCgoCall","measures":{"value":0}}
{"ts":1675389413033017347,"type":"gauge","name":"runtime.MemStats.HeapSys","measures":{"value":70418432}}
{"ts":1675389413061562097,"type":"gauge","name":"runtime.MemStats.Lookups","measures":{"value":0}}
{"ts":1675389413077274222,"type":"gauge","name":"runtime.MemStats.GCCPUFraction","measures":{"value":0.04247087274833177}}
{"ts":1675389413118366680,"type":"gauge","name":"runtime.NumGoroutine","measures":{"value":563}}
{"ts":1675389413139737680,"type":"gauge","name":"runtime.MemStats.PauseTotalNs","measures":{"value":26234127}}
{"ts":1675389413153480722,"type":"gauge","name":"runtime.MemStats.Sys","measures":{"value":95912216}}
{"ts":1675389413173774222,"type":"timer","name":"runtime.ReadMemStats","measures":{"count":12,"m1":0.12003006913103051,"m15":0.01185625806643708,"m5":0.033501877477679465,"max":34841000,"mean":4691104.083333333,"meanrate":0.1999802490840194,"min":282000,"p50":995896,"p75":1582270.5,"p95":34841000,"p99":34841000,"p999":34841000,"p9999":34841000,"stddev":9676708.72601043,"variance":93638691768046.42}}
{"ts":1675389417142142626,"type":"gauge","name":"runtime.MemStats.HeapIdle","measures":{"value":16793600}}
{"ts":1675389417193292584,"type":"histogram","name":"runtime.MemStats.PauseNs","measures":{"count":4,"max":23301334,"mean":6558531.75,"min":39667,"p50":1446563,"p75":18184104.75,"p95":23301334,"p99":23301334,"p999":23301334,"p9999":23301334,"stddev":9732967.898231026,"variance":94730664107995.69}}
{"ts":1675389417247010168,"type":"gauge","name":"runtime.MemStats.StackInuse","measures":{"value":12124160}}
{"ts":1675389417276762668,"type":"gauge","name":"runtime.NumCgoCall","measures":{"value":0}}
{"ts":1675389417298774793,"type":"gauge","name":"runtime.MemStats.HeapSys","measures":{"value":71761920}}
{"ts":1675389417319396209,"type":"gauge","name":"runtime.MemStats.Lookups","measures":{"value":0}}
{"ts":1675389417354207918,"type":"gauge","name":"runtime.MemStats.GCCPUFraction","measures":{"value":0.04247087274833177}}
{"ts":1675389417378469293,"type":"gauge","name":"runtime.NumGoroutine","measures":{"value":590}}
{"ts":1675389417410864168,"type":"gauge","name":"runtime.MemStats.PauseTotalNs","measures":{"value":26234127}}
{"ts":1675389417449214751,"type":"gauge","name":"runtime.MemStats.Sys","measures":{"value":95912216}}
{"ts":1675389417533983710,"type":"timer","name":"runtime.ReadMemStats","measures":{"count":13,"m1":0.12642411176571153,"m15":0.012898602993676503,"m5":0.03625384938440363,"max":42688833,"mean":7614006.307692308,"meanrate":0.19985256611162694,"min":282000,"p50":1058750,"p75":7219041.5,"p95":42688833,"p99":42688833,"p999":42688833,"p9999":42688833,"stddev":13746126.88855113,"variance":188956004436148.38}}
{"ts":1675389417548314543,"type":"gauge","name":"runtime.MemStats.StackSys","measures":{"value":12124160}}
{"ts":1675389417566984460,"type":"gauge","name":"runtime.MemStats.TotalAlloc","measures":{"value":65861136}}
{"ts":1675389417643271585,"type":"gauge","name":"runtime.MemStats.Alloc","measures":{"value":50791592}}
{"ts":1675389417665208168,"type":"gauge","name":"runtime.MemStats.EnableGC","measures":{"value":1}}
{"ts":1675389417690003460,"type":"gauge","name":"runtime.MemStats.HeapObjects","measures":{"value":857944}}
{"ts":1675389417729025876,"type":"gauge","name":"runtime.MemStats.MSpanInuse","measures":{"value":939216}}
{"ts":1675389417768066626,"type":"gauge","name":"runtime.MemStats.NextGC","measures":{"value":55759696}}
{"ts":1675389417806192835,"type":"gauge","name":"runtime.MemStats.BuckHashSys","measures":{"value":1513781}}
{"ts":1675389417835102335,"type":"gauge","name":"runtime.MemStats.HeapAlloc","measures":{"value":50791592}}
{"ts":1675389417879500001,"type":"gauge","name":"runtime.MemStats.LastGC","measures":{"value":1675389366045362700}}
{"ts":1675389417903011960,"type":"gauge","name":"runtime.MemStats.Mallocs","measures":{"value":69754}}
{"ts":1675389417962218168,"type":"gauge","name":"runtime.MemStats.MSpanSys","measures":{"value":946560}}
{"ts":1675389417983420085,"type":"gauge","name":"runtime.MemStats.NumGC","measures":{"value":0}}
{"ts":1675389418089856876,"type":"gauge","name":"runtime.MemStats.MCacheInuse","measures":{"value":9600}}
{"ts":1675389418286160418,"type":"gauge","name":"runtime.MemStats.MCacheSys","measures":{"value":15600}}
{"ts":1675389418594278460,"type":"gauge","name":"runtime.NumThread","measures":{"value":19}}
{"ts":1675389418663116668,"type":"gauge","name":"runtime.MemStats.DebugGC","measures":{"value":0}}
{"ts":1675389418692338002,"type":"gauge","name":"runtime.MemStats.Frees","measures":{"value":3855}}
{"ts":1675389418711894877,"type":"gauge","name":"runtime.MemStats.HeapInuse","measures":{"value":54968320}}
{"ts":1675389418753438335,"type":"gauge","name":"runtime.MemStats.HeapReleased","measures":{"value":524288}}
{"ts":1675389422103517378,"type":"gauge","name":"runtime.MemStats.MSpanSys","measures":{"value":995520}}
{"ts":1675389422139125920,"type":"gauge","name":"runtime.MemStats.NumGC","measures":{"value":1}}
{"ts":1675389422201772462,"type":"gauge","name":"runtime.MemStats.MCacheSys","measures":{"value":15600}}
{"ts":1675389422307485503,"type":"gauge","name":"runtime.NumThread","measures":{"value":19}}
{"ts":1675389422474045754,"type":"gauge","name":"runtime.MemStats.DebugGC","measures":{"value":0}}
{"ts":1675389422606369004,"type":"gauge","name":"runtime.MemStats.Frees","measures":{"value":323312}}
{"ts":1675389422652391962,"type":"gauge","name":"runtime.MemStats.HeapInuse","measures":{"value":43302912}}
{"ts":1675389422752286087,"type":"gauge","name":"runtime.MemStats.HeapReleased","measures":{"value":589824}}
{"ts":1675389422790458795,"type":"gauge","name":"runtime.MemStats.MCacheInuse","measures":{"value":9600}}
{"ts":1675389422861024795,"type":"gauge","name":"runtime.MemStats.HeapIdle","measures":{"value":32849920}}
{"ts":1675389422904464504,"type":"histogram","name":"runtime.MemStats.PauseNs","measures":{"count":5,"max":34256334,"mean":12098092.2,"min":39667,"p50":2832417,"p75":28778834,"p95":34256334,"p99":34256334,"p999":34256334,"p9999":34256334,"stddev":14090118.920832902,"variance":198531451203213.34}}
{"ts":1675389422926510629,"type":"gauge","name":"runtime.MemStats.StackInuse","measures":{"value":7733248}}
{"ts":1675389422955340004,"type":"gauge","name":"runtime.NumCgoCall","measures":{"value":0}}
{"ts":1675389423012500045,"type":"gauge","name":"runtime.MemStats.HeapSys","measures":{"value":76152832}}
{"ts":1675389423062118087,"type":"gauge","name":"runtime.MemStats.Lookups","measures":{"value":0}}
{"ts":1675389423093019671,"type":"gauge","name":"runtime.MemStats.GCCPUFraction","measures":{"value":0.011419405769567731}}
{"ts":1675389423166432629,"type":"gauge","name":"runtime.NumGoroutine","measures":{"value":584}}
{"ts":1675389423211380671,"type":"gauge","name":"runtime.MemStats.PauseTotalNs","measures":{"value":60490461}}
{"ts":1675389423246151129,"type":"gauge","name":"runtime.MemStats.Sys","measures":{"value":96043288}}
{"ts":1675389423268175629,"type":"timer","name":"runtime.ReadMemStats","measures":{"count":14,"m1":0.13230691497865155,"m15":0.013935173171587696,"m5":0.03896033519638589,"max":42688833,"mean":7235461.214285715,"meanrate":0.19997497054418892,"min":282000,"p50":1115417,"p75":4940406.25,"p95":42688833,"p99":42688833,"p999":42688833,"p9999":42688833,"stddev":13316230.698552506,"variance":177322000017072.16}}
{"ts":1675389423311321337,"type":"gauge","name":"runtime.MemStats.StackSys","measures":{"value":7733248}}
{"ts":1675389423325013879,"type":"gauge","name":"runtime.MemStats.Alloc","measures":{"value":30073464}}
{"ts":1675389423369221379,"type":"gauge","name":"runtime.MemStats.EnableGC","measures":{"value":1}}
{"ts":1675389423387081087,"type":"gauge","name":"runtime.MemStats.HeapObjects","measures":{"value":593521}}
{"ts":1675389423409581087,"type":"gauge","name":"runtime.MemStats.MSpanInuse","measures":{"value":800088}}
{"ts":1675389423446147379,"type":"gauge","name":"runtime.MemStats.TotalAlloc","measures":{"value":70001456}}
{"ts":1675389423453369337,"type":"gauge","name":"runtime.MemStats.BuckHashSys","measures":{"value":1514253}}
{"ts":1675389423484917754,"type":"gauge","name":"runtime.MemStats.HeapAlloc","measures":{"value":30073464}}
{"ts":1675389423512149337,"type":"gauge","name":"runtime.MemStats.LastGC","measures":{"value":1675389419501283800}}
{"ts":1675389423563339504,"type":"gauge","name":"runtime.MemStats.Mallocs","measures":{"value":58889}}
{"ts":1675389423583308546,"type":"gauge","name":"runtime.MemStats.NextGC","measures":{"value":59660272}}
{"ts":1675389427101180006,"type":"gauge","name":"runtime.MemStats.StackSys","measures":{"value":7733248}}
{"ts":1675389427115367547,"type":"gauge","name":"runtime.MemStats.Alloc","measures":{"value":32918136}}
{"ts":1675389427147757422,"type":"gauge","name":"runtime.MemStats.EnableGC","measures":{"value":1}}
{"ts":1675389427187907714,"type":"gauge","name":"runtime.MemStats.HeapObjects","measures":{"value":633710}}
{"ts":1675389427197685422,"type":"gauge","name":"runtime.MemStats.MSpanInuse","measures":{"value":808792}}
{"ts":1675389427223907089,"type":"gauge","name":"runtime.MemStats.TotalAlloc","measures":{"value":72846128}}
{"ts":1675389427259365006,"type":"gauge","name":"runtime.MemStats.BuckHashSys","measures":{"value":1516501}}
{"ts":1675389427290950006,"type":"gauge","name":"runtime.MemStats.HeapAlloc","measures":{"value":32918136}}
{"ts":1675389427303289423,"type":"gauge","name":"runtime.MemStats.LastGC","measures":{"value":1675389419501283800}}
{"ts":1675389427332274631,"type":"gauge","name":"runtime.MemStats.Mallocs","measures":{"value":42553}}
{"ts":1675389427410503131,"type":"gauge","name":"runtime.MemStats.NextGC","measures":{"value":59660272}}
{"ts":1675389427461426756,"type":"gauge","name":"runtime.MemStats.MSpanSys","measures":{"value":995520}}
{"ts":1675389427482506006,"type":"gauge","name":"runtime.MemStats.NumGC","measures":{"value":0}}
{"ts":1675389427525394589,"type":"gauge","name":"runtime.NumThread","measures":{"value":19}}
{"ts":1675389427576103048,"type":"gauge","name":"runtime.MemStats.DebugGC","measures":{"value":0}}
{"ts":1675389427603994089,"type":"gauge","name":"runtime.MemStats.Frees","measures":{"value":2364}}
{"ts":1675389427643498756,"type":"gauge","name":"runtime.MemStats.HeapInuse","measures":{"value":44433408}}
{"ts":1675389427681110548,"type":"gauge","name":"runtime.MemStats.HeapReleased","measures":{"value":589824}}
{"ts":1675389427711783423,"type":"gauge","name":"runtime.MemStats.MCacheInuse","measures":{"value":9600}}
{"ts":1675389427734479131,"type":"gauge","name":"runtime.MemStats.MCacheSys","measures":{"value":15600}}
{"ts":1675389427767780714,"type":"gauge","name":"runtime.MemStats.HeapIdle","measures":{"value":31719424}}
{"ts":1675389427806915548,"type":"histogram","name":"runtime.MemStats.PauseNs","measures":{"count":5,"max":34256334,"mean":12098092.2,"min":39667,"p50":2832417,"p75":28778834,"p95":34256334,"p99":34256334,"p999":34256334,"p9999":34256334,"stddev":14090118.920832902,"variance":198531451203213.34}}
{"ts":1675389427845323173,"type":"gauge","name":"runtime.MemStats.StackInuse","measures":{"value":7733248}}
{"ts":1675389427880905089,"type":"gauge","name":"runtime.NumCgoCall","measures":{"value":0}}
{"ts":1675389427924317506,"type":"gauge","name":"runtime.MemStats.HeapSys","measures":{"value":76152832}}
{"ts":1675389427980860173,"type":"gauge","name":"runtime.MemStats.Lookups","measures":{"value":0}}
{"ts":1675389428001896423,"type":"gauge","name":"runtime.MemStats.GCCPUFraction","measures":{"value":0.011419405769567731}}
{"ts":1675389428052398215,"type":"gauge","name":"runtime.NumGoroutine","measures":{"value":501}}
{"ts":1675389428076484215,"type":"gauge","name":"runtime.MemStats.PauseTotalNs","measures":{"value":60490461}}
{"ts":1675389428117313381,"type":"gauge","name":"runtime.MemStats.Sys","measures":{"value":96043288}}
{"ts":1675389428151222590,"type":"timer","name":"runtime.ReadMemStats","measures":{"count":15,"m1":0.13771935521708045,"m15":0.014966000593159667,"m5":0.04162208673264367,"max":42688833,"mean":6890833.266666667,"meanrate":0.199981401196405,"min":282000,"p50":1172084,"p75":2314375,"p95":42688833,"p99":42688833,"p999":42688833,"p9999":42688833,"stddev":12929164.368248591,"variance":167163291261189}}
{"ts":1675389432129136717,"type":"gauge","name":"runtime.MemStats.Alloc","measures":{"value":35890016}}
{"ts":1675389432198235633,"type":"gauge","name":"runtime.MemStats.EnableGC","measures":{"value":1}}
{"ts":1675389432214099467,"type":"gauge","name":"runtime.MemStats.HeapObjects","measures":{"value":683533}}
{"ts":1675389432314217675,"type":"gauge","name":"runtime.MemStats.MSpanInuse","measures":{"value":817496}}
{"ts":1675389432453233008,"type":"gauge","name":"runtime.MemStats.TotalAlloc","measures":{"value":75818008}}
{"ts":1675389432497453258,"type":"gauge","name":"runtime.MemStats.BuckHashSys","measures":{"value":1517005}}
{"ts":1675389432525868633,"type":"gauge","name":"runtime.MemStats.HeapAlloc","measures":{"value":35890016}}
{"ts":1675389432559355383,"type":"gauge","name":"runtime.MemStats.LastGC","measures":{"value":1675389419501283800}}
{"ts":1675389432571494883,"type":"gauge","name":"runtime.MemStats.Mallocs","measures":{"value":53207}}
{"ts":1675389432595794258,"type":"gauge","name":"runtime.MemStats.NextGC","measures":{"value":59660272}}
{"ts":1675389432607870342,"type":"gauge","name":"runtime.MemStats.MSpanSys","measures":{"value":995520}}
{"ts":1675389432655787342,"type":"gauge","name":"runtime.MemStats.NumGC","measures":{"value":0}}
{"ts":1675389432669982633,"type":"gauge","name":"runtime.MemStats.DebugGC","measures":{"value":0}}
{"ts":1675389432710261508,"type":"gauge","name":"runtime.MemStats.Frees","measures":{"value":3384}}
{"ts":1675389432728402550,"type":"gauge","name":"runtime.MemStats.HeapInuse","measures":{"value":45408256}}
{"ts":1675389432741892800,"type":"gauge","name":"runtime.MemStats.HeapReleased","measures":{"value":589824}}
{"ts":1675389432778198258,"type":"gauge","name":"runtime.MemStats.MCacheInuse","measures":{"value":9600}}
{"ts":1675389432802844467,"type":"gauge","name":"runtime.MemStats.MCacheSys","measures":{"value":15600}}
{"ts":1675389432817144009,"type":"gauge","name":"runtime.NumThread","measures":{"value":19}}
{"ts":1675389432840418300,"type":"gauge","name":"runtime.MemStats.HeapIdle","measures":{"value":31236096}}
{"ts":1675389432845944634,"type":"histogram","name":"runtime.MemStats.PauseNs","measures":{"count":5,"max":34256334,"mean":12098092.2,"min":39667,"p50":2832417,"p75":28778834,"p95":34256334,"p99":34256334,"p999":34256334,"p9999":34256334,"stddev":14090118.920832902,"variance":198531451203213.34}}
{"ts":1675389432868049467,"type":"gauge","name":"runtime.MemStats.StackInuse","measures":{"value":7241728}}
{"ts":1675389432893526550,"type":"gauge","name":"runtime.NumCgoCall","measures":{"value":0}}
{"ts":1675389432918395175,"type":"gauge","name":"runtime.MemStats.HeapSys","measures":{"value":76644352}}
{"ts":1675389432948487759,"type":"gauge","name":"runtime.MemStats.Lookups","measures":{"value":0}}
{"ts":1675389432995024759,"type":"gauge","name":"runtime.MemStats.GCCPUFraction","measures":{"value":0.011419405769567731}}
{"ts":1675389433014287842,"type":"gauge","name":"runtime.NumGoroutine","measures":{"value":390}}
{"ts":1675389433026306259,"type":"gauge","name":"runtime.MemStats.PauseTotalNs","measures":{"value":60490461}}
{"ts":1675389433041504259,"type":"gauge","name":"runtime.MemStats.Sys","measures":{"value":96043288}}
{"ts":1675389433065108800,"type":"timer","name":"runtime.ReadMemStats","measures":{"count":16,"m1":0.14269904062796196,"m15":0.015991117074135412,"m5":0.04423984338571903,"max":42688833,"mean":7947158.8125,"meanrate":0.1999133429934596,"min":282000,"p50":1321208.5,"p75":10192468.75,"p95":42688833,"p99":42688833,"p999":42688833,"p9999":42688833,"stddev":13170153.394667279,"variance":173452940439066.03}}
{"ts":1675389433093985092,"type":"gauge","name":"runtime.MemStats.StackSys","measures":{"value":7241728}}
{"ts":1675389437287926386,"type":"gauge","name":"runtime.MemStats.MSpanSys","measures":{"value":995520}}
{"ts":1675389437543022677,"type":"gauge","name":"runtime.MemStats.NumGC","measures":{"value":0}}
{"ts":1675389437603035594,"type":"gauge","name":"runtime.MemStats.DebugGC","measures":{"value":0}}
{"ts":1675389437625847886,"type":"gauge","name":"runtime.MemStats.Frees","measures":{"value":2916}}
{"ts":1675389437645112177,"type":"gauge","name":"runtime.MemStats.HeapInuse","measures":{"value":50249728}}
{"ts":1675389437684837344,"type":"gauge","name":"runtime.MemStats.HeapReleased","measures":{"value":589824}}
{"ts":1675389437727524303,"type":"gauge","name":"runtime.MemStats.MCacheInuse","measures":{"value":9600}}
{"ts":1675389437788333594,"type":"gauge","name":"runtime.MemStats.MCacheSys","measures":{"value":15600}}
{"ts":1675389438118855844,"type":"gauge","name":"runtime.NumThread","measures":{"value":19}}
{"ts":1675389438149342053,"type":"gauge","name":"runtime.MemStats.HeapIdle","measures":{"value":25706496}}
{"ts":1675389438163387469,"type":"histogram","name":"runtime.MemStats.PauseNs","measures":{"count":5,"max":34256334,"mean":12098092.2,"min":39667,"p50":2832417,"p75":28778834,"p95":34256334,"p99":34256334,"p999":34256334,"p9999":34256334,"stddev":14090118.920832902,"variance":198531451203213.34}}
{"ts":1675389438180273511,"type":"gauge","name":"runtime.MemStats.StackInuse","measures":{"value":7929856}}
{"ts":1675389438237871803,"type":"gauge","name":"runtime.NumCgoCall","measures":{"value":0}}
{"ts":1675389438281276094,"type":"gauge","name":"runtime.MemStats.HeapSys","measures":{"value":75956224}}
{"ts":1675389438307093636,"type":"gauge","name":"runtime.MemStats.Lookups","measures":{"value":0}}
{"ts":1675389438405080178,"type":"gauge","name":"runtime.MemStats.GCCPUFraction","measures":{"value":0.011419405769567731}}
{"ts":1675389438454296178,"type":"gauge","name":"runtime.NumGoroutine","measures":{"value":667}}
{"ts":1675389438469469845,"type":"gauge","name":"runtime.MemStats.PauseTotalNs","measures":{"value":60490461}}
{"ts":1675389438486442678,"type":"gauge","name":"runtime.MemStats.Sys","measures":{"value":96043288}}
{"ts":1675389438535898053,"type":"timer","name":"runtime.ReadMemStats","measures":{"count":17,"m1":0.14728057237685463,"m15":0.017010554253993868,"m5":0.04681433232707026,"max":157845167,"mean":16764688.705882354,"meanrate":0.1995451983516526,"min":282000,"p50":1470333,"p75":18305271,"p95":157845167,"p99":157845167,"p999":157845167,"p9999":157845167,"stddev":37513079.865916826,"variance":1407231161026654.2}}
{"ts":1675389438602107595,"type":"gauge","name":"runtime.MemStats.StackSys","measures":{"value":7929856}}
{"ts":1675389438620307261,"type":"gauge","name":"runtime.MemStats.Alloc","measures":{"value":42778120}}
{"ts":1675389438645532053,"type":"gauge","name":"runtime.MemStats.EnableGC","measures":{"value":1}}
{"ts":1675389438663430761,"type":"gauge","name":"runtime.MemStats.HeapObjects","measures":{"value":751684}}
{"ts":1675389438690326345,"type":"gauge","name":"runtime.MemStats.MSpanInuse","measures":{"value":834904}}
{"ts":1675389438708133261,"type":"gauge","name":"runtime.MemStats.TotalAlloc","measures":{"value":82706112}}
{"ts":1675389438761196678,"type":"gauge","name":"runtime.MemStats.BuckHashSys","measures":{"value":1519709}}
{"ts":1675389438777876845,"type":"gauge","name":"runtime.MemStats.HeapAlloc","measures":{"value":42778120}}
{"ts":1675389438834419303,"type":"gauge","name":"runtime.MemStats.LastGC","measures":{"value":1675389419501283800}}
{"ts":1675389438909365553,"type":"gauge","name":"runtime.MemStats.Mallocs","measures":{"value":71067}}
{"ts":1675389438949995011,"type":"gauge","name":"runtime.MemStats.NextGC","measures":{"value":59660272}}
{"ts":1675389442102000846,"type":"gauge","name":"runtime.MemStats.DebugGC","measures":{"value":0}}
{"ts":1675389442147364221,"type":"gauge","name":"runtime.MemStats.Frees","measures":{"value":7998}}
{"ts":1675389442205528763,"type":"gauge","name":"runtime.MemStats.HeapInuse","measures":{"value":57868288}}
{"ts":1675389442227802221,"type":"gauge","name":"runtime.MemStats.HeapReleased","measures":{"value":589824}}
{"ts":1675389442307840430,"type":"gauge","name":"runtime.MemStats.MCacheInuse","measures":{"value":9600}}
{"ts":1675389442358327096,"type":"gauge","name":"runtime.MemStats.MCacheSys","measures":{"value":15600}}
{"ts":1675389442422895430,"type":"gauge","name":"runtime.NumThread","measures":{"value":19}}
{"ts":1675389442484194305,"type":"gauge","name":"runtime.MemStats.HeapIdle","measures":{"value":17432576}}
{"ts":1675389442517058596,"type":"histogram","name":"runtime.MemStats.PauseNs","measures":{"count":5,"max":34256334,"mean":12098092.2,"min":39667,"p50":2832417,"p75":28778834,"p95":34256334,"p99":34256334,"p999":34256334,"p9999":34256334,"stddev":14090118.920832902,"variance":198531451203213.34}}
{"ts":1675389442531833305,"type":"gauge","name":"runtime.MemStats.StackInuse","measures":{"value":8585216}}
{"ts":1675389442549045805,"type":"gauge","name":"runtime.NumCgoCall","measures":{"value":0}}
{"ts":1675389442559089721,"type":"gauge","name":"runtime.MemStats.HeapSys","measures":{"value":75300864}}
{"ts":1675389442589171513,"type":"gauge","name":"runtime.MemStats.Lookups","measures":{"value":0}}
{"ts":1675389442597086388,"type":"gauge","name":"runtime.MemStats.GCCPUFraction","measures":{"value":0.011419405769567731}}
{"ts":1675389442619468347,"type":"gauge","name":"runtime.NumGoroutine","measures":{"value":668}}
{"ts":1675389442639181180,"type":"gauge","name":"runtime.MemStats.PauseTotalNs","measures":{"value":60490461}}
{"ts":1675389442662131430,"type":"gauge","name":"runtime.MemStats.Sys","measures":{"value":96043288}}
{"ts":1675389442695309722,"type":"timer","name":"runtime.ReadMemStats","measures":{"count":18,"m1":0.15149578507287023,"m15":0.018024343596926444,"m5":0.049346268709068636,"max":157845167,"mean":15931847.222222222,"meanrate":0.19998265160052092,"min":282000,"p50":1544958,"p75":15561885.5,"p95":157845167,"p99":157845167,"p999":157845167,"p9999":157845167,"stddev":36617526.89639372,"variance":1340843276008117.5}}
{"ts":1675389442734880055,"type":"gauge","name":"runtime.MemStats.StackSys","measures":{"value":8585216}}
{"ts":1675389442767465263,"type":"gauge","name":"runtime.MemStats.Alloc","measures":{"value":52568232}}
{"ts":1675389442794009638,"type":"gauge","name":"runtime.MemStats.EnableGC","measures":{"value":1}}
{"ts":1675389442820275638,"type":"gauge","name":"runtime.MemStats.HeapObjects","measures":{"value":886957}}
{"ts":1675389442830250805,"type":"gauge","name":"runtime.MemStats.MSpanInuse","measures":{"value":939352}}
{"ts":1675389442849319513,"type":"gauge","name":"runtime.MemStats.TotalAlloc","measures":{"value":92496224}}
{"ts":1675389442886319013,"type":"gauge","name":"runtime.MemStats.BuckHashSys","measures":{"value":1522389}}
{"ts":1675389442909534430,"type":"gauge","name":"runtime.MemStats.HeapAlloc","measures":{"value":52568232}}
{"ts":1675389442938220013,"type":"gauge","name":"runtime.MemStats.LastGC","measures":{"value":1675389419501283800}}
{"ts":1675389442967369222,"type":"gauge","name":"runtime.MemStats.Mallocs","measures":{"value":143271}}
{"ts":1675389442994311472,"type":"gauge","name":"runtime.MemStats.NextGC","measures":{"value":59660272}}
{"ts":1675389443004347430,"type":"gauge","name":"runtime.MemStats.MSpanSys","measures":{"value":995520}}
{"ts":1675389443037865097,"type":"gauge","name":"runtime.MemStats.NumGC","measures":{"value":0}}
{"ts":1675389447101068751,"type":"gauge","name":"runtime.MemStats.HeapReleased","measures":{"value":589824}}
{"ts":1675389447111042126,"type":"gauge","name":"runtime.MemStats.MCacheInuse","measures":{"value":9600}}
{"ts":1675389447203171668,"type":"gauge","name":"runtime.MemStats.MCacheSys","measures":{"value":15600}}
{"ts":1675389447251052543,"type":"gauge","name":"runtime.NumThread","measures":{"value":19}}
{"ts":1675389447293983793,"type":"gauge","name":"runtime.MemStats.DebugGC","measures":{"value":0}}
{"ts":1675389447342846043,"type":"gauge","name":"runtime.MemStats.Frees","measures":{"value":2374}}
{"ts":1675389447384817418,"type":"gauge","name":"runtime.MemStats.HeapInuse","measures":{"value":60596224}}
{"ts":1675389447403781584,"type":"gauge","name":"runtime.NumCgoCall","measures":{"value":0}}
{"ts":1675389447442916209,"type":"gauge","name":"runtime.MemStats.HeapIdle","measures":{"value":14802944}}
{"ts":1675389447471743043,"type":"histogram","name":"runtime.MemStats.PauseNs","measures":{"count":5,"max":34256334,"mean":12098092.2,"min":39667,"p50":2832417,"p75":28778834,"p95":34256334,"p99":34256334,"p999":34256334,"p9999":34256334,"stddev":14090118.920832902,"variance":198531451203213.34}}
{"ts":1675389447523730501,"type":"gauge","name":"runtime.MemStats.StackInuse","measures":{"value":8486912}}
{"ts":1675389447536067585,"type":"gauge","name":"runtime.NumGoroutine","measures":{"value":694}}
{"ts":1675389447549819793,"type":"gauge","name":"runtime.MemStats.HeapSys","measures":{"value":75399168}}
{"ts":1675389447588949876,"type":"gauge","name":"runtime.MemStats.Lookups","measures":{"value":0}}
{"ts":1675389447666923835,"type":"gauge","name":"runtime.MemStats.GCCPUFraction","measures":{"value":0.011419405769567731}}
{"ts":1675389447693949001,"type":"gauge","name":"runtime.MemStats.PauseTotalNs","measures":{"value":60490461}}
{"ts":1675389447762318668,"type":"gauge","name":"runtime.MemStats.Sys","measures":{"value":96108824}}
{"ts":1675389447825189418,"type":"timer","name":"runtime.ReadMemStats","measures":{"count":19,"m1":0.155373967970314,"m15":0.01903251639280816,"m5":0.05183635586365643,"max":157845167,"mean":15150557.05263158,"meanrate":0.19998085507702637,"min":282000,"p50":1470333,"p75":12818500,"p95":157845167,"p99":157845167,"p999":157845167,"p9999":157845167,"stddev":35794692.835595466,"variance":1281260035194629.5}}
{"ts":1675389447872817001,"type":"gauge","name":"runtime.MemStats.StackSys","measures":{"value":8486912}}
{"ts":1675389447912835418,"type":"gauge","name":"runtime.MemStats.MSpanInuse","measures":{"value":991576}}
{"ts":1675389447956868335,"type":"gauge","name":"runtime.MemStats.TotalAlloc","measures":{"value":95768336}}
{"ts":1675389447987698960,"type":"gauge","name":"runtime.MemStats.Alloc","measures":{"value":55840344}}
{"ts":1675389448011063126,"type":"gauge","name":"runtime.MemStats.EnableGC","measures":{"value":1}}
{"ts":1675389448026698085,"type":"gauge","name":"runtime.MemStats.HeapObjects","measures":{"value":934737}}
{"ts":1675389448046531210,"type":"gauge","name":"runtime.MemStats.Mallocs","measures":{"value":50154}}
{"ts":1675389448064558043,"type":"gauge","name":"runtime.MemStats.NextGC","measures":{"value":59660272}}
{"ts":1675389448097760418,"type":"gauge","name":"runtime.MemStats.BuckHashSys","measures":{"value":1523469}}
{"ts":1675389448112239085,"type":"gauge","name":"runtime.MemStats.HeapAlloc","measures":{"value":55840344}}
{"ts":1675389448132257460,"type":"gauge","name":"runtime.MemStats.LastGC","measures":{"value":1675389419501283800}}
{"ts":1675389448162106877,"type":"gauge","name":"runtime.MemStats.MSpanSys","measures":{"value":995520}}
{"ts":1675389448183686668,"type":"gauge","name":"runtime.MemStats.NumGC","measures":{"value":0}}
{"ts":1675389452110110837,"type":"gauge","name":"runtime.MemStats.BuckHashSys","measures":{"value":1523925}}
{"ts":1675389452149306462,"type":"gauge","name":"runtime.MemStats.HeapAlloc","measures":{"value":29678656}}
{"ts":1675389452267243712,"type":"gauge","name":"runtime.MemStats.LastGC","measures":{"value":1675389450098709200}}
{"ts":1675389452287178378,"type":"gauge","name":"runtime.MemStats.Mallocs","measures":{"value":41646}}
{"ts":1675389452347840254,"type":"gauge","name":"runtime.MemStats.NextGC","measures":{"value":60816704}}
{"ts":1675389452382889587,"type":"gauge","name":"runtime.MemStats.MSpanSys","measures":{"value":1028160}}
{"ts":1675389452411769754,"type":"gauge","name":"runtime.MemStats.NumGC","measures":{"value":1}}
{"ts":1675389452438216170,"type":"gauge","name":"runtime.NumThread","measures":{"value":19}}
{"ts":1675389452468950670,"type":"gauge","name":"runtime.MemStats.DebugGC","measures":{"value":0}}
{"ts":1675389452495302670,"type":"gauge","name":"runtime.MemStats.Frees","measures":{"value":389648}}
{"ts":1675389452535688462,"type":"gauge","name":"runtime.MemStats.HeapInuse","measures":{"value":44826624}}
{"ts":1675389452570447962,"type":"gauge","name":"runtime.MemStats.HeapReleased","measures":{"value":7143424}}
{"ts":1675389452595956712,"type":"gauge","name":"runtime.MemStats.MCacheInuse","measures":{"value":9600}}
{"ts":1675389452614007920,"type":"gauge","name":"runtime.MemStats.MCacheSys","measures":{"value":15600}}
{"ts":1675389452637193004,"type":"gauge","name":"runtime.MemStats.HeapIdle","measures":{"value":32800768}}
{"ts":1675389452661049462,"type":"histogram","name":"runtime.MemStats.PauseNs","measures":{"count":6,"max":488092750,"mean":91430535.16666667,"min":39667,"p50":13066875.5,"p75":147715438,"p95":488092750,"p99":488092750,"p999":488092750,"p9999":488092750,"stddev":177858442.05800232,"variance":31633625411299772}}
{"ts":1675389452709754462,"type":"gauge","name":"runtime.MemStats.StackInuse","measures":{"value":6258688}}
{"ts":1675389452732702795,"type":"gauge","name":"runtime.NumCgoCall","measures":{"value":0}}
{"ts":1675389452749287420,"type":"gauge","name":"runtime.MemStats.HeapSys","measures":{"value":77627392}}
{"ts":1675389452760266045,"type":"gauge","name":"runtime.MemStats.Lookups","measures":{"value":0}}
{"ts":1675389452805962587,"type":"gauge","name":"runtime.MemStats.GCCPUFraction","measures":{"value":0.02011664111870751}}
{"ts":1675389452851462295,"type":"gauge","name":"runtime.NumGoroutine","measures":{"value":672}}
{"ts":1675389452876564254,"type":"gauge","name":"runtime.MemStats.PauseTotalNs","measures":{"value":548583211}}
{"ts":1675389452890626337,"type":"gauge","name":"runtime.MemStats.Sys","measures":{"value":96108824}}
{"ts":1675389452952973420,"type":"timer","name":"runtime.ReadMemStats","measures":{"count":20,"m1":0.15894206848401812,"m15":0.020035103758163364,"m5":0.054285285497721415,"max":157845167,"mean":14533045.85,"meanrate":0.19996374115271198,"min":282000,"p50":1544958,"p75":10313958.25,"p95":152087350.2999999,"p99":157845167,"p999":157845167,"p9999":157845167,"stddev":34992029.30750134,"variance":1224442115057032.5}}
{"ts":1675389452990164420,"type":"gauge","name":"runtime.MemStats.StackSys","measures":{"value":6258688}}
{"ts":1675389453025709712,"type":"gauge","name":"runtime.MemStats.Alloc","measures":{"value":29678656}}
{"ts":1675389453098316087,"type":"gauge","name":"runtime.MemStats.EnableGC","measures":{"value":1}}
{"ts":1675389453140081462,"type":"gauge","name":"runtime.MemStats.HeapObjects","measures":{"value":586735}}
{"ts":1675389453166143712,"type":"gauge","name":"runtime.MemStats.MSpanInuse","measures":{"value":828512}}
{"ts":1675389453214231254,"type":"gauge","name":"runtime.MemStats.TotalAlloc","measures":{"value":98665568}}
{"ts":1675389457140999964,"type":"gauge","name":"runtime.MemStats.Alloc","measures":{"value":33809256}}
{"ts":1675389457182777047,"type":"gauge","name":"runtime.MemStats.EnableGC","measures":{"value":1}}
{"ts":1675389457210746047,"type":"gauge","name":"runtime.MemStats.HeapObjects","measures":{"value":644241}}
{"ts":1675389457268213048,"type":"gauge","name":"runtime.MemStats.MSpanInuse","measures":{"value":845920}}
{"ts":1675389457302052756,"type":"gauge","name":"runtime.MemStats.TotalAlloc","measures":{"value":102796168}}
{"ts":1675389457383913089,"type":"gauge","name":"runtime.MemStats.BuckHashSys","measures":{"value":1525365}}
{"ts":1675389457425798673,"type":"gauge","name":"runtime.MemStats.HeapAlloc","measures":{"value":33809256}}
{"ts":1675389457540840214,"type":"gauge","name":"runtime.MemStats.LastGC","measures":{"value":1675389450098709200}}
{"ts":1675389457613393089,"type":"gauge","name":"runtime.MemStats.Mallocs","measures":{"value":61528}}
{"ts":1675389457663070006,"type":"gauge","name":"runtime.MemStats.NextGC","measures":{"value":60816704}}
{"ts":1675389457705987339,"type":"gauge","name":"runtime.MemStats.MSpanSys","measures":{"value":1028160}}
{"ts":1675389457741114089,"type":"gauge","name":"runtime.MemStats.NumGC","measures":{"value":0}}
{"ts":1675389457815055839,"type":"gauge","name":"runtime.MemStats.MCacheSys","measures":{"value":15600}}
{"ts":1675389457878592756,"type":"gauge","name":"runtime.NumThread","measures":{"value":19}}
{"ts":1675389457906537923,"type":"gauge","name":"runtime.MemStats.DebugGC","measures":{"value":0}}
{"ts":1675389457946995590,"type":"gauge","name":"runtime.MemStats.Frees","measures":{"value":4022}}
{"ts":1675389457959566548,"type":"gauge","name":"runtime.MemStats.HeapInuse","measures":{"value":46620672}}
{"ts":1675389457977060798,"type":"gauge","name":"runtime.MemStats.HeapReleased","measures":{"value":7143424}}
{"ts":1675389458034201840,"type":"gauge","name":"runtime.MemStats.MCacheInuse","measures":{"value":9600}}
{"ts":1675389458058461881,"type":"gauge","name":"runtime.MemStats.HeapIdle","measures":{"value":31039488}}
{"ts":1675389458101318048,"type":"histogram","name":"runtime.MemStats.PauseNs","measures":{"count":6,"max":488092750,"mean":91430535.16666667,"min":39667,"p50":13066875.5,"p75":147715438,"p95":488092750,"p99":488092750,"p999":488092750,"p9999":488092750,"stddev":177858442.05800232,"variance":31633625411299772}}
{"ts":1675389458238846923,"type":"gauge","name":"runtime.MemStats.StackInuse","measures":{"value":6225920}}
{"ts":1675389458294242798,"type":"gauge","name":"runtime.NumCgoCall","measures":{"value":0}}
{"ts":1675389458336065965,"type":"gauge","name":"runtime.MemStats.HeapSys","measures":{"value":77660160}}
{"ts":1675389458368196173,"type":"gauge","name":"runtime.MemStats.Lookups","measures":{"value":0}}
{"ts":1675389458418842465,"type":"gauge","name":"runtime.MemStats.GCCPUFraction","measures":{"value":0.02011664111870751}}
{"ts":1675389458454266090,"type":"gauge","name":"runtime.NumGoroutine","measures":{"value":684}}
{"ts":1675389458497531465,"type":"gauge","name":"runtime.MemStats.PauseTotalNs","measures":{"value":548583211}}
{"ts":1675389458520884923,"type":"gauge","name":"runtime.MemStats.Sys","measures":{"value":96108824}}
{"ts":1675389458579077798,"type":"timer","name":"runtime.ReadMemStats","measures":{"count":21,"m1":0.1622248794324876,"m15":0.021032136637126126,"m5":0.05669373788524215,"max":157845167,"mean":15419680.57142857,"meanrate":0.1999066826771292,"min":282000,"p50":1619583,"p75":18305271,"p95":146329533.59999987,"p99":157845167,"p999":157845167,"p9999":157845167,"stddev":34378158.33139144,"variance":1181857770258218.8}}
{"ts":1675389458592056090,"type":"gauge","name":"runtime.MemStats.StackSys","measures":{"value":6225920}}
{"ts":1675389462105222050,"type":"timer","name":"runtime.ReadMemStats","measures":{"count":22,"m1":0.16524521130991096,"m15":0.022023645802395325,"m5":0.05906238205625731,"max":157845167,"mean":15031100.409090908,"meanrate":0.19997589486200223,"min":282000,"p50":1696562.5,"p75":15561885.5,"p95":140571716.8999999,"p99":157845167,"p999":157845167,"p9999":157845167,"stddev":33634920.06699315,"variance":1131307847913018.5}}
{"ts":1675389462167162175,"type":"gauge","name":"runtime.MemStats.PauseTotalNs","measures":{"value":548583211}}
{"ts":1675389462228761175,"type":"gauge","name":"runtime.MemStats.Sys","measures":{"value":96108824}}
{"ts":1675389462253197383,"type":"gauge","name":"runtime.MemStats.StackSys","measures":{"value":6225920}}
{"ts":1675389462298030592,"type":"gauge","name":"runtime.MemStats.HeapObjects","measures":{"value":732778}}
{"ts":1675389462311114258,"type":"gauge","name":"runtime.MemStats.MSpanInuse","measures":{"value":872032}}
{"ts":1675389462370582550,"type":"gauge","name":"runtime.MemStats.TotalAlloc","measures":{"value":109508224}}
{"ts":1675389462437000675,"type":"gauge","name":"runtime.MemStats.Alloc","measures":{"value":40521312}}
{"ts":1675389462459396258,"type":"gauge","name":"runtime.MemStats.EnableGC","measures":{"value":1}}
{"ts":1675389462515236758,"type":"gauge","name":"runtime.MemStats.LastGC","measures":{"value":1675389450098709200}}
{"ts":1675389462555107008,"type":"gauge","name":"runtime.MemStats.Mallocs","measures":{"value":93350}}
{"ts":1675389462586128383,"type":"gauge","name":"runtime.MemStats.NextGC","measures":{"value":60816704}}
{"ts":1675389462616220925,"type":"gauge","name":"runtime.MemStats.BuckHashSys","measures":{"value":1527053}}
{"ts":1675389462670063383,"type":"gauge","name":"runtime.MemStats.HeapAlloc","measures":{"value":40521312}}
{"ts":1675389462703965300,"type":"gauge","name":"runtime.MemStats.MSpanSys","measures":{"value":1028160}}
{"ts":1675389462785263467,"type":"gauge","name":"runtime.MemStats.NumGC","measures":{"value":0}}
{"ts":1675389462795958300,"type":"gauge","name":"runtime.MemStats.HeapInuse","measures":{"value":50405376}}
{"ts":1675389462848895925,"type":"gauge","name":"runtime.MemStats.HeapReleased","measures":{"value":7143424}}
{"ts":1675389462874238759,"type":"gauge","name":"runtime.MemStats.MCacheInuse","measures":{"value":9600}}
{"ts":1675389462908994259,"type":"gauge","name":"runtime.MemStats.MCacheSys","measures":{"value":15600}}
{"ts":1675389462938040925,"type":"gauge","name":"runtime.NumThread","measures":{"value":19}}
{"ts":1675389463054828884,"type":"gauge","name":"runtime.MemStats.DebugGC","measures":{"value":0}}
{"ts":1675389463099575467,"type":"gauge","name":"runtime.MemStats.Frees","measures":{"value":4813}}
{"ts":1675389463144015925,"type":"gauge","name":"runtime.MemStats.StackInuse","measures":{"value":6225920}}
{"ts":1675389463196082050,"type":"gauge","name":"runtime.NumCgoCall","measures":{"value":0}}
{"ts":1675389463270698300,"type":"gauge","name":"runtime.MemStats.HeapIdle","measures":{"value":27254784}}
{"ts":1675389463313680759,"type":"histogram","name":"runtime.MemStats.PauseNs","measures":{"count":6,"max":488092750,"mean":91430535.16666667,"min":39667,"p50":13066875.5,"p75":147715438,"p95":488092750,"p99":488092750,"p999":488092750,"p9999":488092750,"stddev":177858442.05800232,"variance":31633625411299772}}
{"ts":1675389463366303550,"type":"gauge","name":"runtime.MemStats.GCCPUFraction","measures":{"value":0.02011664111870751}}
{"ts":1675389463434691800,"type":"gauge","name":"runtime.NumGoroutine","measures":{"value":708}}
{"ts":1675389463461703634,"type":"gauge","name":"runtime.MemStats.HeapSys","measures":{"value":77660160}}
{"ts":1675389463598957467,"type":"gauge","name":"runtime.MemStats.Lookups","measures":{"value":0}}
{"ts":1675389467105829677,"type":"gauge","name":"runtime.MemStats.HeapIdle","measures":{"value":24346624}}
{"ts":1675389467117930302,"type":"histogram","name":"runtime.MemStats.PauseNs","measures":{"count":6,"max":488092750,"mean":91430535.16666667,"min":39667,"p50":13066875.5,"p75":147715438,"p95":488092750,"p99":488092750,"p999":488092750,"p9999":488092750,"stddev":177858442.05800232,"variance":31633625411299772}}
{"ts":1675389467161264927,"type":"gauge","name":"runtime.MemStats.StackInuse","measures":{"value":6258688}}
{"ts":1675389467175935511,"type":"gauge","name":"runtime.NumCgoCall","measures":{"value":0}}
{"ts":1675389467234000177,"type":"gauge","name":"runtime.MemStats.HeapSys","measures":{"value":77627392}}
{"ts":1675389467260670594,"type":"gauge","name":"runtime.MemStats.Lookups","measures":{"value":0}}
{"ts":1675389467289460219,"type":"gauge","name":"runtime.MemStats.GCCPUFraction","measures":{"value":0.02011664111870751}}
{"ts":1675389467326795677,"type":"gauge","name":"runtime.NumGoroutine","measures":{"value":667}}
{"ts":1675389467340038219,"type":"gauge","name":"runtime.MemStats.PauseTotalNs","measures":{"value":548583211}}
{"ts":1675389467364254969,"type":"gauge","name":"runtime.MemStats.Sys","measures":{"value":96108824}}
{"ts":1675389467404280969,"type":"timer","name":"runtime.ReadMemStats","measures":{"count":23,"m1":0.16802405078406119,"m15":0.02300966185618439,"m5":0.061391875982711695,"max":157845167,"mean":14761574.304347826,"meanrate":0.19997594896217516,"min":282000,"p50":1773542,"p75":12818500,"p95":134813900.19999987,"p99":157845167,"p999":157845167,"p9999":157845167,"stddev":32919883.43300604,"variance":1083718725242705.6}}
{"ts":1675389467438805802,"type":"gauge","name":"runtime.MemStats.StackSys","measures":{"value":6258688}}
{"ts":1675389467455546094,"type":"gauge","name":"runtime.MemStats.TotalAlloc","measures":{"value":114053768}}
{"ts":1675389467490769511,"type":"gauge","name":"runtime.MemStats.Alloc","measures":{"value":45066856}}
{"ts":1675389467525912969,"type":"gauge","name":"runtime.MemStats.EnableGC","measures":{"value":1}}
{"ts":1675389467562849511,"type":"gauge","name":"runtime.MemStats.HeapObjects","measures":{"value":796430}}
{"ts":1675389467612985802,"type":"gauge","name":"runtime.MemStats.MSpanInuse","measures":{"value":880736}}
{"ts":1675389467622894219,"type":"gauge","name":"runtime.MemStats.NextGC","measures":{"value":60816704}}
{"ts":1675389467638297469,"type":"gauge","name":"runtime.MemStats.BuckHashSys","measures":{"value":1527757}}
{"ts":1675389467676313636,"type":"gauge","name":"runtime.MemStats.HeapAlloc","measures":{"value":45066856}}
{"ts":1675389467719242553,"type":"gauge","name":"runtime.MemStats.LastGC","measures":{"value":1675389450098709200}}
{"ts":1675389467746006553,"type":"gauge","name":"runtime.MemStats.Mallocs","measures":{"value":67317}}
{"ts":1675389467777085386,"type":"gauge","name":"runtime.MemStats.MSpanSys","measures":{"value":1028160}}
{"ts":1675389467839257386,"type":"gauge","name":"runtime.MemStats.NumGC","measures":{"value":0}}
{"ts":1675389467861126219,"type":"gauge","name":"runtime.MemStats.MCacheInuse","measures":{"value":9600}}
{"ts":1675389467903137011,"type":"gauge","name":"runtime.MemStats.MCacheSys","measures":{"value":15600}}
{"ts":1675389467915895761,"type":"gauge","name":"runtime.NumThread","measures":{"value":19}}
{"ts":1675389467933301303,"type":"gauge","name":"runtime.MemStats.DebugGC","measures":{"value":0}}
{"ts":1675389467999599136,"type":"gauge","name":"runtime.MemStats.Frees","measures":{"value":3665}}
{"ts":1675389468031830761,"type":"gauge","name":"runtime.MemStats.HeapInuse","measures":{"value":53280768}}
{"ts":1675389468088829511,"type":"gauge","name":"runtime.MemStats.HeapReleased","measures":{"value":7143424}}
{"ts":1675389472110905055,"type":"gauge","name":"runtime.MemStats.HeapSys","measures":{"value":77791232}}
{"ts":1675389472132953221,"type":"gauge","name":"runtime.MemStats.Lookups","measures":{"value":0}}
{"ts":1675389472166227930,"type":"gauge","name":"runtime.MemStats.GCCPUFraction","measures":{"value":0.02011664111870751}}
{"ts":1675389472173925180,"type":"gauge","name":"runtime.NumGoroutine","measures":{"value":481}}
{"ts":1675389472200956805,"type":"gauge","name":"runtime.MemStats.PauseTotalNs","measures":{"value":548583211}}
{"ts":1675389472213925513,"type":"gauge","name":"runtime.MemStats.Sys","measures":{"value":96108824}}
{"ts":1675389472239941471,"type":"timer","name":"runtime.ReadMemStats","measures":{"count":24,"m1":0.1705807065214046,"m15":0.023990215231165853,"m5":0.06368286676123042,"max":157845167,"mean":14670835.083333334,"meanrate":0.1999684760595774,"min":282000,"p50":1919792,"p75":12759833.25,"p95":129056083.49999987,"p99":157845167,"p999":157845167,"p9999":157845167,"stddev":32229693.627164528,"variance":1038753151300889.9}}
{"ts":1675389472265758930,"type":"gauge","name":"runtime.MemStats.StackSys","measures":{"value":6094848}}
{"ts":1675389472286984805,"type":"gauge","name":"runtime.MemStats.TotalAlloc","measures":{"value":115322032}}
{"ts":1675389472304275930,"type":"gauge","name":"runtime.MemStats.Alloc","measures":{"value":46335120}}
{"ts":1675389472322595346,"type":"gauge","name":"runtime.MemStats.EnableGC","measures":{"value":1}}
{"ts":1675389472358049055,"type":"gauge","name":"runtime.MemStats.HeapObjects","measures":{"value":819611}}
{"ts":1675389472376898513,"type":"gauge","name":"runtime.MemStats.MSpanInuse","measures":{"value":889440}}
{"ts":1675389472391030846,"type":"gauge","name":"runtime.MemStats.NextGC","measures":{"value":60816704}}
{"ts":1675389472416188388,"type":"gauge","name":"runtime.MemStats.BuckHashSys","measures":{"value":1527757}}
{"ts":1675389472437256888,"type":"gauge","name":"runtime.MemStats.HeapAlloc","measures":{"value":46335120}}
{"ts":1675389472459106888,"type":"gauge","name":"runtime.MemStats.LastGC","measures":{"value":1675389450098709200}}
{"ts":1675389472489161305,"type":"gauge","name":"runtime.MemStats.Mallocs","measures":{"value":25766}}
{"ts":1675389472508989388,"type":"gauge","name":"runtime.MemStats.MSpanSys","measures":{"value":1028160}}
{"ts":1675389472547587180,"type":"gauge","name":"runtime.MemStats.NumGC","measures":{"value":0}}
{"ts":1675389472564900055,"type":"gauge","name":"runtime.MemStats.MCacheInuse","measures":{"value":9600}}
{"ts":1675389472590027721,"type":"gauge","name":"runtime.MemStats.MCacheSys","measures":{"value":15600}}
{"ts":1675389472620801722,"type":"gauge","name":"runtime.NumThread","measures":{"value":19}}
{"ts":1675389472647211680,"type":"gauge","name":"runtime.MemStats.DebugGC","measures":{"value":0}}
{"ts":1675389472669007847,"type":"gauge","name":"runtime.MemStats.Frees","measures":{"value":2585}}
{"ts":1675389472680301055,"type":"gauge","name":"runtime.MemStats.HeapInuse","measures":{"value":53944320}}
{"ts":1675389472692790930,"type":"gauge","name":"runtime.MemStats.HeapReleased","measures":{"value":7143424}}
{"ts":1675389472715946847,"type":"gauge","name":"runtime.MemStats.HeapIdle","measures":{"value":23846912}}
{"ts":1675389472735972013,"type":"histogram","name":"runtime.MemStats.PauseNs","measures":{"count":6,"max":488092750,"mean":91430535.16666667,"min":39667,"p50":13066875.5,"p75":147715438,"p95":488092750,"p99":488092750,"p999":488092750,"p9999":488092750,"stddev":177858442.05800232,"variance":31633625411299772}}
{"ts":1675389472760103222,"type":"gauge","name":"runtime.MemStats.StackInuse","measures":{"value":6094848}}
{"ts":1675389472797876847,"type":"gauge","name":"runtime.NumCgoCall","measures":{"value":0}}
{"ts":1675389477100581584,"type":"gauge","name":"runtime.MemStats.StackSys","measures":{"value":5799936}}
{"ts":1675389477154400334,"type":"gauge","name":"runtime.MemStats.Alloc","measures":{"value":47432560}}
{"ts":1675389477243456501,"type":"gauge","name":"runtime.MemStats.EnableGC","measures":{"value":1}}
{"ts":1675389477272205709,"type":"gauge","name":"runtime.MemStats.HeapObjects","measures":{"value":838188}}
{"ts":1675389477317276793,"type":"gauge","name":"runtime.MemStats.MSpanInuse","measures":{"value":915552}}
{"ts":1675389477346978584,"type":"gauge","name":"runtime.MemStats.TotalAlloc","measures":{"value":116419472}}
{"ts":1675389477377458918,"type":"gauge","name":"runtime.MemStats.BuckHashSys","measures":{"value":1527757}}
{"ts":1675389477443153168,"type":"gauge","name":"runtime.MemStats.HeapAlloc","measures":{"value":47432560}}
{"ts":1675389477487563751,"type":"gauge","name":"runtime.MemStats.LastGC","measures":{"value":1675389450098709200}}
{"ts":1675389477597543085,"type":"gauge","name":"runtime.MemStats.Mallocs","measures":{"value":20074}}
{"ts":1675389477627489418,"type":"gauge","name":"runtime.MemStats.NextGC","measures":{"value":60816704}}
{"ts":1675389477664330460,"type":"gauge","name":"runtime.MemStats.MSpanSys","measures":{"value":1028160}}
{"ts":1675389477729423960,"type":"gauge","name":"runtime.MemStats.NumGC","measures":{"value":0}}
{"ts":1675389477743381960,"type":"gauge","name":"runtime.MemStats.DebugGC","measures":{"value":0}}
{"ts":1675389477782415585,"type":"gauge","name":"runtime.MemStats.Frees","measures":{"value":1497}}
{"ts":1675389477814029793,"type":"gauge","name":"runtime.MemStats.HeapInuse","measures":{"value":54558720}}
{"ts":1675389477832287126,"type":"gauge","name":"runtime.MemStats.HeapReleased","measures":{"value":7143424}}
{"ts":1675389477874115293,"type":"gauge","name":"runtime.MemStats.MCacheInuse","measures":{"value":9600}}
{"ts":1675389477899517918,"type":"gauge","name":"runtime.MemStats.MCacheSys","measures":{"value":15600}}
{"ts":1675389477919275835,"type":"gauge","name":"runtime.NumThread","measures":{"value":19}}
{"ts":1675389477930445626,"type":"gauge","name":"runtime.MemStats.HeapIdle","measures":{"value":23527424}}
{"ts":1675389477938794585,"type":"histogram","name":"runtime.MemStats.PauseNs","measures":{"count":6,"max":488092750,"mean":91430535.16666667,"min":39667,"p50":13066875.5,"p75":147715438,"p95":488092750,"p99":488092750,"p999":488092750,"p9999":488092750,"stddev":177858442.05800232,"variance":31633625411299772}}
{"ts":1675389477949129126,"type":"gauge","name":"runtime.MemStats.StackInuse","measures":{"value":5799936}}
{"ts":1675389477992400210,"type":"gauge","name":"runtime.NumCgoCall","measures":{"value":0}}
{"ts":1675389478023664710,"type":"gauge","name":"runtime.MemStats.HeapSys","measures":{"value":78086144}}
{"ts":1675389478056096210,"type":"gauge","name":"runtime.MemStats.Lookups","measures":{"value":0}}
{"ts":1675389478069949168,"type":"gauge","name":"runtime.MemStats.GCCPUFraction","measures":{"value":0.02011664111870751}}
{"ts":1675389478110298626,"type":"gauge","name":"runtime.NumGoroutine","measures":{"value":416}}
{"ts":1675389478129570543,"type":"gauge","name":"runtime.MemStats.PauseTotalNs","measures":{"value":548583211}}
{"ts":1675389478143136501,"type":"gauge","name":"runtime.MemStats.Sys","measures":{"value":96108824}}
{"ts":1675389478160627543,"type":"timer","name":"runtime.ReadMemStats","measures":{"count":25,"m1":0.17293294335267745,"m15":0.024965336191410607,"m5":0.06593599079287214,"max":157845167,"mean":14128323.32,"meanrate":0.1999900302074086,"min":282000,"p50":1773542,"p75":12701166.5,"p95":123298266.79999986,"p99":157845167,"p999":157845167,"p9999":157845167,"stddev":31690166.95395238,"variance":1004266681569375.5}}
