{"ts":1674079808714874387,"msg":"","group_id":"cypress-provider","run_id":"cf46rknrirfhmrugaf60","event":{"message_event":{"message":"registering default http handler at: http://[::]:6060/ (pprof: http://[::]:6060/debug/pprof/)"}}}
{"ts":1674079808725423012,"msg":"","group_id":"cypress-provider","run_id":"cf46rknrirfhmrugaf60","event":{"start_event":{"runenv":{"plan":"dht","case":"find-providers","run":"cf46rknrirfhmrugaf60","params":{"alpha":"6","auto_refresh":"true","beta":"3","bootstrapper":"true","bs_strategy":"3","bucket_size":"10","client_mode":"false","datastore":"0","expect_dht":"true","group_order":"1","latency":"100","peer_id_seed":"0","random_walk":"false","record_count":"20","record_seed":"0","search_records":"true","timeout_secs":"2000","undialable":"false"},"instances":50,"outputs_path":"/outputs","temp_path":"/temp","network":"16.59.0.0/16","group":"cypress-provider","group_instances":50}}}}
{"ts":1674079808848025887,"msg":"","group_id":"cypress-provider","run_id":"cf46rknrirfhmrugaf60","event":{"message_event":{"message":"waiting for network to initialize"}}}
{"ts":1674079828440412424,"msg":"","group_id":"cypress-provider","run_id":"cf46rknrirfhmrugaf60","event":{"message_event":{"message":"network initialisation successful"}}}
{"ts":1674079828891364424,"msg":"","group_id":"cypress-provider","run_id":"cf46rknrirfhmrugaf60","event":{"message_event":{"message":"network initialization complete"}}}
{"ts":1674079828920338174,"msg":"","group_id":"cypress-provider","run_id":"cf46rknrirfhmrugaf60","event":{"message_event":{"message":"claimed sequence numbers; global=13, group(cypress-provider)=15"}}}
{"ts":1674079828927403883,"msg":"","group_id":"cypress-provider","run_id":"cf46rknrirfhmrugaf60","event":{"message_event":{"message":"Finding providers"}}}
{"ts":1674079830648861842,"msg":"","group_id":"cypress-provider","run_id":"cf46rknrirfhmrugaf60","event":{"message_event":{"message":"network initialisation successful"}}}
{"ts":1674079830888481467,"msg":"","group_id":"cypress-provider","run_id":"cf46rknrirfhmrugaf60","event":{"message_event":{"message":"SetupNetwork, network setup completed"}}}
{"ts":1674079833337217260,"msg":"","group_id":"cypress-provider","run_id":"cf46rknrirfhmrugaf60","event":{"message_event":{"message":"there are 1 groups map[cypress-provider:0x4001228f60]"}}}
{"ts":1674079833395714968,"msg":"","group_id":"cypress-provider","run_id":"cf46rknrirfhmrugaf60","event":{"message_event":{"message":"setGroupInfo, sortedGroup:%!(EXTRA []string=[cypress-provider])"}}}
{"ts":1674079833429791260,"msg":"","group_id":"cypress-provider","run_id":"cf46rknrirfhmrugaf60","event":{"message_event":{"message":"past group info"}}}
{"ts":1674079833449771468,"msg":"","group_id":"cypress-provider","run_id":"cf46rknrirfhmrugaf60","event":{"message_event":{"message":"connmgr parameters: hi=12, lo=6"}}}
{"ts":1674079833499052385,"msg":"","group_id":"cypress-provider","run_id":"cf46rknrirfhmrugaf60","event":{"message_event":{"message":"creating DHT"}}}
{"ts":1674079833579476176,"msg":"","group_id":"cypress-provider","run_id":"cf46rknrirfhmrugaf60","event":{"message_event":{"message":"creating DHT successful"}}}
{"ts":1674079833595223260,"msg":"","group_id":"cypress-provider","run_id":"cf46rknrirfhmrugaf60","event":{"message_event":{"message":"supporting protocol:%!(EXTRA string=/p2p/id/delta/1.0.0)"}}}
{"ts":1674079833625946968,"msg":"","group_id":"cypress-provider","run_id":"cf46rknrirfhmrugaf60","event":{"message_event":{"message":"supporting protocol:%!(EXTRA string=/ipfs/id/1.0.0)"}}}
{"ts":1674079833636350260,"msg":"","group_id":"cypress-provider","run_id":"cf46rknrirfhmrugaf60","event":{"message_event":{"message":"supporting protocol:%!(EXTRA string=/ipfs/id/push/1.0.0)"}}}
{"ts":1674079833663186052,"msg":"","group_id":"cypress-provider","run_id":"cf46rknrirfhmrugaf60","event":{"message_event":{"message":"supporting protocol:%!(EXTRA string=/ipfs/ping/1.0.0)"}}}
{"ts":1674079833684437635,"msg":"","group_id":"cypress-provider","run_id":"cf46rknrirfhmrugaf60","event":{"message_event":{"message":"supporting protocol:%!(EXTRA string=/libp2p/circuit/relay/0.1.0)"}}}
{"ts":1674079833730217093,"msg":"","group_id":"cypress-provider","run_id":"cf46rknrirfhmrugaf60","event":{"message_event":{"message":"supporting protocol:%!(EXTRA string=/libp2p/circuit/relay/0.2.0/stop)"}}}
{"ts":1674079833748509802,"msg":"","group_id":"cypress-provider","run_id":"cf46rknrirfhmrugaf60","event":{"message_event":{"message":"supporting protocol:%!(EXTRA string=/libp2p/autonat/1.0.0)"}}}
{"ts":1674079833754043593,"msg":"","group_id":"cypress-provider","run_id":"cf46rknrirfhmrugaf60","event":{"message_event":{"message":"supporting protocol:%!(EXTRA string=/testground/kad/1.0.0)"}}}
{"ts":1674079834348341135,"msg":"","group_id":"cypress-provider","run_id":"cf46rknrirfhmrugaf60","event":{"message_event":{"message":"26 is waiting on 0 from state 0"}}}
{"ts":1674079834353904135,"msg":"requested a barrier with target zero; satisfying immediately","group_id":"cypress-provider","run_id":"cf46rknrirfhmrugaf60","state":"boostrap-gradual1-0"}
{"ts":1674079834379475427,"msg":"","group_id":"cypress-provider","run_id":"cf46rknrirfhmrugaf60","event":{"message_event":{"message":"26 is running"}}}
{"ts":1674079834483330802,"msg":"","group_id":"cypress-provider","run_id":"cf46rknrirfhmrugaf60","event":{"message_event":{"message":"Dial to all other peers"}}}
{"ts":1674079834519424219,"msg":"","group_id":"cypress-provider","run_id":"cf46rknrirfhmrugaf60","event":{"message_event":{"message":"dialling peer 12D3KooWPZk9oAqaXNcWic2xpa2UKPwcuxt2hRk4sdrYL7YeapCL (attempt 1)"}}}
{"ts":1674079835481789469,"msg":"","group_id":"cypress-provider","run_id":"cf46rknrirfhmrugaf60","event":{"message_event":{"message":"Connect, successfully dialed peer: %!(EXTRA peer.AddrInfo={12D3KooWPZk9oAqaXNcWic2xpa2UKPwcuxt2hRk4sdrYL7YeapCL: [/ip4/16.59.0.49/tcp/40003]})"}}}
{"ts":1674079835491103219,"msg":"","group_id":"cypress-provider","run_id":"cf46rknrirfhmrugaf60","event":{"message_event":{"message":"dialling peer 12D3KooWK3agpH5Lx8HeCHbHfQq2APDdxHUo8Kft3fMqP2aTvoVH (attempt 1)"}}}
{"ts":1674079835934227344,"msg":"","group_id":"cypress-provider","run_id":"cf46rknrirfhmrugaf60","event":{"message_event":{"message":"Connect, successfully dialed peer: %!(EXTRA peer.AddrInfo={12D3KooWK3agpH5Lx8HeCHbHfQq2APDdxHUo8Kft3fMqP2aTvoVH: [/ip4/16.59.0.22/tcp/46543]})"}}}
{"ts":1674079836000762678,"msg":"","group_id":"cypress-provider","run_id":"cf46rknrirfhmrugaf60","event":{"message_event":{"message":"dialling peer 12D3KooWQYz2inBsgiBoqNtmEn1qeRBr9B8cdishFuBgiARcfMcY (attempt 1)"}}}
{"ts":1674079836271976053,"msg":"","group_id":"cypress-provider","run_id":"cf46rknrirfhmrugaf60","event":{"message_event":{"message":"Connect, successfully dialed peer: %!(EXTRA peer.AddrInfo={12D3KooWQYz2inBsgiBoqNtmEn1qeRBr9B8cdishFuBgiARcfMcY: [/ip4/16.59.0.15/tcp/43233]})"}}}
{"ts":1674079868810975179,"msg":"","group_id":"cypress-provider","run_id":"cf46rknrirfhmrugaf60","event":{"message_event":{"message":"bootstrap: everyone table ready"}}}
{"ts":1674079869448816888,"msg":"","group_id":"cypress-provider","run_id":"cf46rknrirfhmrugaf60","event":{"message_event":{"message":"26 is done - waiting for 49"}}}
{"ts":1674079869877093346,"msg":"","group_id":"cypress-provider","run_id":"cf46rknrirfhmrugaf60","event":{"message_event":{"message":"26 passed the barrier"}}}
{"ts":1674079871929152847,"msg":"","group_id":"cypress-provider","run_id":"cf46rknrirfhmrugaf60","event":{"message_event":{"message":"bootstrap: begin trim"}}}
{"ts":1674079873156045000,"msg":"","group_id":"cypress-provider","run_id":"cf46rknrirfhmrugaf60","event":{"message_event":{"message":"name: signal bootstrapping0; uint: ns; time: %!d(float64=7.926375e+06)"}}}
{"ts":1674079873178294417,"msg":"","group_id":"cypress-provider","run_id":"cf46rknrirfhmrugaf60","event":{"message_event":{"message":"signal bootstrapping0%!(EXTRA float64=3.0003333e+07)"}}}
{"ts":1674079873195287333,"msg":"","group_id":"cypress-provider","run_id":"cf46rknrirfhmrugaf60","event":{"message_event":{"message":"name: barrier bootstrapping0; uint: ns; time: %!d(float64=250)"}}}
{"ts":1674079873362286750,"msg":"","group_id":"cypress-provider","run_id":"cf46rknrirfhmrugaf60","event":{"message_event":{"message":"barrierbootstrapping0%!(EXTRA float64=1.66991584e+08)"}}}
{"ts":1674079873441702084,"msg":"","group_id":"cypress-provider","run_id":"cf46rknrirfhmrugaf60","event":{"message_event":{"message":"name: full bootstrapping0; uint: ns; time: %!d(float64=2.46405667e+08)"}}}
{"ts":1674079873446413542,"msg":"","group_id":"cypress-provider","run_id":"cf46rknrirfhmrugaf60","event":{"message_event":{"message":"full bootstrapping0%!(EXTRA float64=3.9104176642e+10)"}}}
{"ts":1674079874503001459,"msg":"","group_id":"cypress-provider","run_id":"cf46rknrirfhmrugaf60","event":{"message_event":{"message":"bootstrap: finished with 22 connections, 29 in the routing table"}}}
{"ts":1674079874511981542,"msg":"","group_id":"cypress-provider","run_id":"cf46rknrirfhmrugaf60","event":{"message_event":{"message":"table health: {\"IdealDepth\":5,\"ActualDepth\":7,\"Bucket\":[{\"Depth\":1,\"MaxKnownContacts\":23,\"ActualKnownContacts\":10,\"ActualUnknownContacts\":0},{\"Depth\":2,\"MaxKnownContacts\":17,\"ActualKnownContacts\":10,\"ActualUnknownContacts\":0},{\"Depth\":3,\"MaxKnownContacts\":4,\"ActualKnownContacts\":4,\"ActualUnknownContacts\":0},{\"Depth\":4,\"MaxKnownContacts\":3,\"ActualKnownContacts\":3,\"ActualUnknownContacts\":0},{\"Depth\":5,\"MaxKnownContacts\":0,\"ActualKnownContacts\":0,\"ActualUnknownContacts\":0},{\"Depth\":5,\"MaxKnownContacts\":1,\"ActualKnownContacts\":1,\"ActualUnknownContacts\":0},{\"Depth\":7,\"MaxKnownContacts\":1,\"ActualKnownContacts\":1,\"ActualUnknownContacts\":0}]}"}}}
{"ts":1674079874652733292,"msg":"","group_id":"cypress-provider","run_id":"cf46rknrirfhmrugaf60","event":{"message_event":{"message":"bootstrap: done"}}}
{"ts":1674079874702253376,"msg":"","group_id":"cypress-provider","run_id":"cf46rknrirfhmrugaf60","event":{"message_event":{"message":"Bootstrap phase ended"}}}
{"ts":1674079875125149209,"msg":"","group_id":"cypress-provider","run_id":"cf46rknrirfhmrugaf60","event":{"message_event":{"message":"SetupNetwork, network setup completed"}}}
{"ts":1674079875137345584,"msg":"","group_id":"cypress-provider","run_id":"cf46rknrirfhmrugaf60","event":{"message_event":{"message":"getRecords, record count > 0"}}}
{"ts":1674079875144712001,"msg":"","group_id":"cypress-provider","run_id":"cf46rknrirfhmrugaf60","event":{"message_event":{"message":"getRecords, searchRecords: %!(EXTRA []*test.ProviderRecordSubmission=[0x400452afc0])"}}}
{"ts":1674079875150664376,"msg":"","group_id":"cypress-provider","run_id":"cf46rknrirfhmrugaf60","event":{"message_event":{"message":"start provide loop"}}}
{"ts":1674079893195356093,"msg":"","group_id":"cypress-provider","run_id":"cf46rknrirfhmrugaf60","event":{"message_event":{"message":"failed to send batch to InfluxDB; attempt 0; err: Post \"http://testground-influxdb:8086/write?consistency=&db=testground&precision=ns&rp=\": context deadline exceeded (Client.Timeout exceeded while awaiting headers)"}}}
{"ts":1674079899392331221,"msg":"","group_id":"cypress-provider","run_id":"cf46rknrirfhmrugaf60","event":{"message_event":{"message":"failed to send batch to InfluxDB; attempt 1; err: Post \"http://testground-influxdb:8086/write?consistency=&db=testground&precision=ns&rp=\": context deadline exceeded (Client.Timeout exceeded while awaiting headers)"}}}
{"ts":1674079900470623513,"msg":"","group_id":"cypress-provider","run_id":"cf46rknrirfhmrugaf60","event":{"message_event":{"message":"Provided CID: QmNnfyApQUXaqj2dsRTthNUBBktYf6seo7BJk7W9Ym56ZH"}}}
{"ts":1674079905577871751,"msg":"","group_id":"cypress-provider","run_id":"cf46rknrirfhmrugaf60","event":{"message_event":{"message":"failed to send batch to InfluxDB; attempt 2; err: Post \"http://testground-influxdb:8086/write?consistency=&db=testground&precision=ns&rp=\": context deadline exceeded (Client.Timeout exceeded while awaiting headers)"}}}
{"ts":1674079907265388544,"msg":"","group_id":"cypress-provider","run_id":"cf46rknrirfhmrugaf60","event":{"message_event":{"message":"Provided CID: QmQZkMNdV3rH6umvxCwWEdoj4TjWyAxNuLxbXEigd8iKqU"}}}
{"ts":1674079908121382919,"msg":"","group_id":"cypress-provider","run_id":"cf46rknrirfhmrugaf60","event":{"message_event":{"message":"Provided CID: QmYigrr9erPWMnVKfw74wV1KvjZ18mtzEzv7iFbWDh5VdP"}}}
{"ts":1674079910795565504,"msg":"","group_id":"cypress-provider","run_id":"cf46rknrirfhmrugaf60","event":{"message_event":{"message":"Provided CID: QmXyoMntxMK4Z9uuruxACuyTV7kwdSEyjtxNhWbznehRUr"}}}
{"ts":1674079911122426837,"msg":"","group_id":"cypress-provider","run_id":"cf46rknrirfhmrugaf60","event":{"message_event":{"message":"Provided CID: QmTeC6qvToLwytK5uruQq4npHWezRWnRXjHm6Gn9h2tsFr"}}}
{"ts":1674079911146493629,"msg":"","group_id":"cypress-provider","run_id":"cf46rknrirfhmrugaf60","event":{"message_event":{"message":"Provided CID: QmdKMXX7ZqzwxriTXcLtqQJQXThZrgCaiSUERdDZ9Ne95f"}}}
{"ts":1674079911211213879,"msg":"","group_id":"cypress-provider","run_id":"cf46rknrirfhmrugaf60","event":{"message_event":{"message":"Provided CID: QmY1eF8EB1WVFdF6xzh1C1YkadMojpT4FoEZkqzyprqDoV"}}}
{"ts":1674079912928606421,"msg":"","group_id":"cypress-provider","run_id":"cf46rknrirfhmrugaf60","event":{"message_event":{"message":"failed to send batch to InfluxDB; attempt 3; err: Post \"http://testground-influxdb:8086/write?consistency=&db=testground&precision=ns&rp=\": context deadline exceeded (Client.Timeout exceeded while awaiting headers)"}}}
{"ts":1674079913867275422,"msg":"","group_id":"cypress-provider","run_id":"cf46rknrirfhmrugaf60","event":{"message_event":{"message":"Provided CID: QmTzXCJwzJbtQxtpimCKwbyty4yPphQgGZQM2YRN45kMv2"}}}
{"ts":1674079914823664089,"msg":"","group_id":"cypress-provider","run_id":"cf46rknrirfhmrugaf60","event":{"message_event":{"message":"Provided CID: Qmbwx2wndEZeCm1257gtYyAeXrGNDStgm7YsufAHbyUkDc"}}}
{"ts":1674079915355964006,"msg":"","group_id":"cypress-provider","run_id":"cf46rknrirfhmrugaf60","event":{"message_event":{"message":"Provided CID: QmeSZuScRfVhZy4U2CzqmAd5P8uxzgeW2nfbk2k4UyutkT"}}}
{"ts":1674079915418247256,"msg":"","group_id":"cypress-provider","run_id":"cf46rknrirfhmrugaf60","event":{"message_event":{"message":"Provided CID: QmQNSGk6KsGpAPPAL4PweycsHN5Te4YBvwQY8G9bYWRKpe"}}}
{"ts":1674079915473602964,"msg":"","group_id":"cypress-provider","run_id":"cf46rknrirfhmrugaf60","event":{"message_event":{"message":"Provided CID: QmeT46kQsiffrH7MdGfNpkgaKGfKUnZw6bEw5APTU27WPz"}}}
{"ts":1674079915640643964,"msg":"","group_id":"cypress-provider","run_id":"cf46rknrirfhmrugaf60","event":{"message_event":{"message":"Provided CID: QmQHFH1e6p6NGjLiA3rVJHRYzS7qBhfbKGGajQZ26u1PuE"}}}
{"ts":1674079916198516173,"msg":"","group_id":"cypress-provider","run_id":"cf46rknrirfhmrugaf60","event":{"message_event":{"message":"Provided CID: QmQw6U12opixMzbVDc384vgh7sia5gUKajDD24oRLaLEqQ"}}}
{"ts":1674079916198885006,"msg":"","group_id":"cypress-provider","run_id":"cf46rknrirfhmrugaf60","event":{"message_event":{"message":"Provided CID: QmSSrDtDK5LvFTnBAgNmjb5tRWcYuExu1qYLrXNv2UdzXE"}}}
{"ts":1674079916986379340,"msg":"","group_id":"cypress-provider","run_id":"cf46rknrirfhmrugaf60","event":{"message_event":{"message":"Provided CID: QmYFqavMPJvzLNnh6wYdHLAR7iiix7mPrpbJaXRGMVBxzb"}}}
{"ts":1674079917148281382,"msg":"","group_id":"cypress-provider","run_id":"cf46rknrirfhmrugaf60","event":{"message_event":{"message":"Provided CID: QmNj8PTJnf4fUCBd6EEAXcvMgfVMnt4CXFkPu968Fwg6YT"}}}
{"ts":1674079917173690215,"msg":"","group_id":"cypress-provider","run_id":"cf46rknrirfhmrugaf60","event":{"message_event":{"message":"Provided CID: QmS1rxhfhq3FsUuG2TLNSYW6gxrtR4hmfoiajCdWCo7hq5"}}}
{"ts":1674079917482832132,"msg":"","group_id":"cypress-provider","run_id":"cf46rknrirfhmrugaf60","event":{"message_event":{"message":"Provided CID: QmSpZzCdhhyWM7eTNe29nDrPR9xdZR8R4VpGSoTdFq5usz"}}}
{"ts":1674079917748876007,"msg":"","group_id":"cypress-provider","run_id":"cf46rknrirfhmrugaf60","event":{"message_event":{"message":"Provided CID: Qmbtbn2iDC1YBbrN2WYgyscVXM5vws3ZoA4gT8YKzKMXgX"}}}
{"ts":1674079917799391132,"msg":"","group_id":"cypress-provider","run_id":"cf46rknrirfhmrugaf60","event":{"message_event":{"message":"name: signal provider-records1; uint: ns; time: %!d(float64=2.6768416e+07)"}}}
{"ts":1674079917852808965,"msg":"","group_id":"cypress-provider","run_id":"cf46rknrirfhmrugaf60","event":{"message_event":{"message":"signal provider-records1%!(EXTRA float64=8.020125e+07)"}}}
{"ts":1674079917903280049,"msg":"","group_id":"cypress-provider","run_id":"cf46rknrirfhmrugaf60","event":{"message_event":{"message":"name: barrier provider-records1; uint: ns; time: %!d(float64=208)"}}}
{"ts":1674079918961792383,"msg":"","group_id":"cypress-provider","run_id":"cf46rknrirfhmrugaf60","event":{"message_event":{"message":"barrierprovider-records1%!(EXTRA float64=1.058484209e+09)"}}}
{"ts":1674079919196276049,"msg":"","group_id":"cypress-provider","run_id":"cf46rknrirfhmrugaf60","event":{"message_event":{"message":"name: full provider-records1; uint: ns; time: %!d(float64=1.292997417e+09)"}}}
{"ts":1674079919208069174,"msg":"","group_id":"cypress-provider","run_id":"cf46rknrirfhmrugaf60","event":{"message_event":{"message":"full provider-records1%!(EXTRA float64=4.4054526687e+10)"}}}
{"ts":1674079925407628386,"msg":"","group_id":"cypress-provider","run_id":"cf46rknrirfhmrugaf60","event":{"message_event":{"message":"failed to send batch to InfluxDB; attempt 0; err: Post \"http://testground-influxdb:8086/write?consistency=&db=testground&precision=ns&rp=\": context deadline exceeded (Client.Timeout exceeded while awaiting headers)"}}}
{"ts":1674079931597296180,"msg":"","group_id":"cypress-provider","run_id":"cf46rknrirfhmrugaf60","event":{"message_event":{"message":"failed to send batch to InfluxDB; attempt 1; err: Post \"http://testground-influxdb:8086/write?consistency=&db=testground&precision=ns&rp=\": context deadline exceeded (Client.Timeout exceeded while awaiting headers)"}}}
{"ts":1674079939109082420,"msg":"","group_id":"cypress-provider","run_id":"cf46rknrirfhmrugaf60","event":{"message_event":{"message":"failed to send batch to InfluxDB; attempt 2; err: Post \"http://testground-influxdb:8086/write?consistency=&db=testground&precision=ns&rp=\": context deadline exceeded (Client.Timeout exceeded while awaiting headers)"}}}
{"ts":1674079962425602125,"msg":"","group_id":"cypress-provider","run_id":"cf46rknrirfhmrugaf60","event":{"message_event":{"message":"failed to send batch to InfluxDB; attempt 3; err: Post \"http://testground-influxdb:8086/write?consistency=&db=testground&precision=ns&rp=\": context deadline exceeded (Client.Timeout exceeded while awaiting headers)"}}}
{"ts":1674079989686013929,"msg":"","group_id":"cypress-provider","run_id":"cf46rknrirfhmrugaf60","event":{"message_event":{"message":"failed to send batch to InfluxDB; attempt 4; err: Post \"http://testground-influxdb:8086/write?consistency=&db=testground&precision=ns&rp=\": context deadline exceeded (Client.Timeout exceeded while awaiting headers)"}}}
{"ts":1674080004458314089,"msg":"","group_id":"cypress-provider","run_id":"cf46rknrirfhmrugaf60","event":{"message_event":{"message":"influxdb: failed to upload 128 points; err: All attempts fail:\n#1: Post \"http://testground-influxdb:8086/write?consistency=&db=testground&precision=ns&rp=\": context deadline exceeded (Client.Timeout exceeded while awaiting headers)\n#2: Post \"http://testground-influxdb:8086/write?consistency=&db=testground&precision=ns&rp=\": context deadline exceeded (Client.Timeout exceeded while awaiting headers)\n#3: Post \"http://testground-influxdb:8086/write?consistency=&db=testground&precision=ns&rp=\": context deadline exceeded (Client.Timeout exceeded while awaiting headers)\n#4: Post \"http://testground-influxdb:8086/write?consistency=&db=testground&precision=ns&rp=\": context deadline exceeded (Client.Timeout exceeded while awaiting headers)\n#5: Post \"http://testground-influxdb:8086/write?consistency=&db=testground&precision=ns&rp=\": context deadline exceeded (Client.Timeout exceeded while awaiting headers)"}}}
{"ts":1674080016609203678,"msg":"","group_id":"cypress-provider","run_id":"cf46rknrirfhmrugaf60","event":{"message_event":{"message":"failed to send batch to InfluxDB; attempt 0; err: Post \"http://testground-influxdb:8086/write?consistency=&db=testground&precision=ns&rp=\": context deadline exceeded (Client.Timeout exceeded while awaiting headers)"}}}
{"ts":1674080023766676709,"msg":"","group_id":"cypress-provider","run_id":"cf46rknrirfhmrugaf60","event":{"message_event":{"message":"failed to send batch to InfluxDB; attempt 1; err: Post \"http://testground-influxdb:8086/write?consistency=&db=testground&precision=ns&rp=\": context deadline exceeded (Client.Timeout exceeded while awaiting headers)"}}}
{"ts":1674080031497515837,"msg":"","group_id":"cypress-provider","run_id":"cf46rknrirfhmrugaf60","event":{"message_event":{"message":"failed to send batch to InfluxDB; attempt 2; err: Post \"http://testground-influxdb:8086/write?consistency=&db=testground&precision=ns&rp=\": context deadline exceeded (Client.Timeout exceeded while awaiting headers)"}}}
{"ts":1674080039690614133,"msg":"","group_id":"cypress-provider","run_id":"cf46rknrirfhmrugaf60","event":{"message_event":{"message":"failed to send batch to InfluxDB; attempt 3; err: Post \"http://testground-influxdb:8086/write?consistency=&db=testground&precision=ns&rp=\": context deadline exceeded (Client.Timeout exceeded while awaiting headers)"}}}
{"ts":1674080056245515126,"msg":"","group_id":"cypress-provider","run_id":"cf46rknrirfhmrugaf60","event":{"message_event":{"message":"failed to send batch to InfluxDB; attempt 4; err: Post \"http://testground-influxdb:8086/write?consistency=&db=testground&precision=ns&rp=\": context deadline exceeded (Client.Timeout exceeded while awaiting headers)"}}}
{"ts":1674080056357652335,"msg":"","group_id":"cypress-provider","run_id":"cf46rknrirfhmrugaf60","event":{"message_event":{"message":"influxdb: failed to upload 128 points; err: All attempts fail:\n#1: Post \"http://testground-influxdb:8086/write?consistency=&db=testground&precision=ns&rp=\": context deadline exceeded (Client.Timeout exceeded while awaiting headers)\n#2: Post \"http://testground-influxdb:8086/write?consistency=&db=testground&precision=ns&rp=\": context deadline exceeded (Client.Timeout exceeded while awaiting headers)\n#3: Post \"http://testground-influxdb:8086/write?consistency=&db=testground&precision=ns&rp=\": context deadline exceeded (Client.Timeout exceeded while awaiting headers)\n#4: Post \"http://testground-influxdb:8086/write?consistency=&db=testground&precision=ns&rp=\": context deadline exceeded (Client.Timeout exceeded while awaiting headers)\n#5: Post \"http://testground-influxdb:8086/write?consistency=&db=testground&precision=ns&rp=\": context deadline exceeded (Client.Timeout exceeded while awaiting headers)"}}}
{"ts":1674080063015155505,"msg":"","group_id":"cypress-provider","run_id":"cf46rknrirfhmrugaf60","event":{"message_event":{"message":"failed to send batch to InfluxDB; attempt 0; err: Post \"http://testground-influxdb:8086/write?consistency=&db=testground&precision=ns&rp=\": context deadline exceeded (Client.Timeout exceeded while awaiting headers)"}}}
{"ts":1674080075013357885,"msg":"","group_id":"cypress-provider","run_id":"cf46rknrirfhmrugaf60","event":{"message_event":{"message":"failed to send batch to InfluxDB; attempt 1; err: Post \"http://testground-influxdb:8086/write?consistency=&db=testground&precision=ns&rp=\": context deadline exceeded (Client.Timeout exceeded while awaiting headers)"}}}
{"ts":1674080085288997084,"msg":"","group_id":"cypress-provider","run_id":"cf46rknrirfhmrugaf60","event":{"message_event":{"message":"failed to send batch to InfluxDB; attempt 2; err: Post \"http://testground-influxdb:8086/write?consistency=&db=testground&precision=ns&rp=\": context deadline exceeded (Client.Timeout exceeded while awaiting headers)"}}}
{"ts":1674080094051805922,"msg":"","group_id":"cypress-provider","run_id":"cf46rknrirfhmrugaf60","event":{"message_event":{"message":"failed to send batch to InfluxDB; attempt 3; err: Post \"http://testground-influxdb:8086/write?consistency=&db=testground&precision=ns&rp=\": context deadline exceeded (Client.Timeout exceeded while awaiting headers)"}}}
{"ts":1674080104215208135,"msg":"","group_id":"cypress-provider","run_id":"cf46rknrirfhmrugaf60","event":{"message_event":{"message":"failed to send batch to InfluxDB; attempt 4; err: Post \"http://testground-influxdb:8086/write?consistency=&db=testground&precision=ns&rp=\": context deadline exceeded (Client.Timeout exceeded while awaiting headers)"}}}
{"ts":1674080104285831343,"msg":"","group_id":"cypress-provider","run_id":"cf46rknrirfhmrugaf60","event":{"message_event":{"message":"influxdb: failed to upload 128 points; err: All attempts fail:\n#1: Post \"http://testground-influxdb:8086/write?consistency=&db=testground&precision=ns&rp=\": context deadline exceeded (Client.Timeout exceeded while awaiting headers)\n#2: Post \"http://testground-influxdb:8086/write?consistency=&db=testground&precision=ns&rp=\": context deadline exceeded (Client.Timeout exceeded while awaiting headers)\n#3: Post \"http://testground-influxdb:8086/write?consistency=&db=testground&precision=ns&rp=\": context deadline exceeded (Client.Timeout exceeded while awaiting headers)\n#4: Post \"http://testground-influxdb:8086/write?consistency=&db=testground&precision=ns&rp=\": context deadline exceeded (Client.Timeout exceeded while awaiting headers)\n#5: Post \"http://testground-influxdb:8086/write?consistency=&db=testground&precision=ns&rp=\": context deadline exceeded (Client.Timeout exceeded while awaiting headers)"}}}
{"ts":1674080110144837429,"msg":"","group_id":"cypress-provider","run_id":"cf46rknrirfhmrugaf60","event":{"message_event":{"message":"failed to send batch to InfluxDB; attempt 0; err: Post \"http://testground-influxdb:8086/write?consistency=&db=testground&precision=ns&rp=\": context deadline exceeded (Client.Timeout exceeded while awaiting headers)"}}}
{"ts":1674080116709360793,"msg":"","group_id":"cypress-provider","run_id":"cf46rknrirfhmrugaf60","event":{"message_event":{"message":"failed to send batch to InfluxDB; attempt 1; err: Post \"http://testground-influxdb:8086/write?consistency=&db=testground&precision=ns&rp=\": context deadline exceeded (Client.Timeout exceeded while awaiting headers)"}}}
{"ts":1674080123271889463,"msg":"","group_id":"cypress-provider","run_id":"cf46rknrirfhmrugaf60","event":{"message_event":{"message":"failed to send batch to InfluxDB; attempt 2; err: Post \"http://testground-influxdb:8086/write?consistency=&db=testground&precision=ns&rp=\": context deadline exceeded (Client.Timeout exceeded while awaiting headers)"}}}
{"ts":1674080130714371258,"msg":"","group_id":"cypress-provider","run_id":"cf46rknrirfhmrugaf60","event":{"message_event":{"message":"failed to send batch to InfluxDB; attempt 3; err: Post \"http://testground-influxdb:8086/write?consistency=&db=testground&precision=ns&rp=\": context deadline exceeded (Client.Timeout exceeded while awaiting headers)"}}}
{"ts":1674080139460645137,"msg":"","group_id":"cypress-provider","run_id":"cf46rknrirfhmrugaf60","event":{"message_event":{"message":"name: signal provider-records2; uint: ns; time: %!d(float64=2.136802709e+09)"}}}
{"ts":1674080139758767263,"msg":"","group_id":"cypress-provider","run_id":"cf46rknrirfhmrugaf60","event":{"message_event":{"message":"signal provider-records2%!(EXTRA float64=2.43487746e+09)"}}}
{"ts":1674080140148775429,"msg":"","group_id":"cypress-provider","run_id":"cf46rknrirfhmrugaf60","event":{"message_event":{"message":"name: barrier provider-records2; uint: ns; time: %!d(float64=167)"}}}
{"ts":1674080140524459971,"msg":"","group_id":"cypress-provider","run_id":"cf46rknrirfhmrugaf60","event":{"message_event":{"message":"failed to send batch to InfluxDB; attempt 4; err: Post \"http://testground-influxdb:8086/write?consistency=&db=testground&precision=ns&rp=\": context deadline exceeded (Client.Timeout exceeded while awaiting headers)"}}}
{"ts":1674080140532684971,"msg":"","group_id":"cypress-provider","run_id":"cf46rknrirfhmrugaf60","event":{"message_event":{"message":"influxdb: failed to upload 128 points; err: All attempts fail:\n#1: Post \"http://testground-influxdb:8086/write?consistency=&db=testground&precision=ns&rp=\": context deadline exceeded (Client.Timeout exceeded while awaiting headers)\n#2: Post \"http://testground-influxdb:8086/write?consistency=&db=testground&precision=ns&rp=\": context deadline exceeded (Client.Timeout exceeded while awaiting headers)\n#3: Post \"http://testground-influxdb:8086/write?consistency=&db=testground&precision=ns&rp=\": context deadline exceeded (Client.Timeout exceeded while awaiting headers)\n#4: Post \"http://testground-influxdb:8086/write?consistency=&db=testground&precision=ns&rp=\": context deadline exceeded (Client.Timeout exceeded while awaiting headers)\n#5: Post \"http://testground-influxdb:8086/write?consistency=&db=testground&precision=ns&rp=\": context deadline exceeded (Client.Timeout exceeded while awaiting headers)"}}}
{"ts":1674080146326239918,"msg":"","group_id":"cypress-provider","run_id":"cf46rknrirfhmrugaf60","event":{"message_event":{"message":"failed to send batch to InfluxDB; attempt 0; err: Post \"http://testground-influxdb:8086/write?consistency=&db=testground&precision=ns&rp=\": context deadline exceeded (Client.Timeout exceeded while awaiting headers)"}}}
{"ts":1674080154911709464,"msg":"","group_id":"cypress-provider","run_id":"cf46rknrirfhmrugaf60","event":{"message_event":{"message":"failed to send batch to InfluxDB; attempt 1; err: Post \"http://testground-influxdb:8086/write?consistency=&db=testground&precision=ns&rp=\": context deadline exceeded (Client.Timeout exceeded while awaiting headers)"}}}
{"ts":1674080161468556384,"msg":"","group_id":"cypress-provider","run_id":"cf46rknrirfhmrugaf60","event":{"message_event":{"message":"failed to send batch to InfluxDB; attempt 2; err: Post \"http://testground-influxdb:8086/write?consistency=&db=testground&precision=ns&rp=\": context deadline exceeded (Client.Timeout exceeded while awaiting headers)"}}}
{"ts":1674080171891299847,"msg":"","group_id":"cypress-provider","run_id":"cf46rknrirfhmrugaf60","event":{"message_event":{"message":"failed to send batch to InfluxDB; attempt 3; err: Post \"http://testground-influxdb:8086/write?consistency=&db=testground&precision=ns&rp=\": context deadline exceeded (Client.Timeout exceeded while awaiting headers)"}}}
{"ts":1674080181303721504,"msg":"","group_id":"cypress-provider","run_id":"cf46rknrirfhmrugaf60","event":{"message_event":{"message":"failed to send batch to InfluxDB; attempt 4; err: Post \"http://testground-influxdb:8086/write?consistency=&db=testground&precision=ns&rp=\": context deadline exceeded (Client.Timeout exceeded while awaiting headers)"}}}
{"ts":1674080181400380629,"msg":"","group_id":"cypress-provider","run_id":"cf46rknrirfhmrugaf60","event":{"message_event":{"message":"influxdb: failed to upload 128 points; err: All attempts fail:\n#1: Post \"http://testground-influxdb:8086/write?consistency=&db=testground&precision=ns&rp=\": context deadline exceeded (Client.Timeout exceeded while awaiting headers)\n#2: Post \"http://testground-influxdb:8086/write?consistency=&db=testground&precision=ns&rp=\": context deadline exceeded (Client.Timeout exceeded while awaiting headers)\n#3: Post \"http://testground-influxdb:8086/write?consistency=&db=testground&precision=ns&rp=\": context deadline exceeded (Client.Timeout exceeded while awaiting headers)\n#4: Post \"http://testground-influxdb:8086/write?consistency=&db=testground&precision=ns&rp=\": context deadline exceeded (Client.Timeout exceeded while awaiting headers)\n#5: Post \"http://testground-influxdb:8086/write?consistency=&db=testground&precision=ns&rp=\": context deadline exceeded (Client.Timeout exceeded while awaiting headers)"}}}
{"ts":1674080186052640673,"msg":"","group_id":"cypress-provider","run_id":"cf46rknrirfhmrugaf60","event":{"message_event":{"message":"barrierprovider-records2%!(EXTRA float64=4.5906761396e+10)"}}}
{"ts":1674080186185432214,"msg":"","group_id":"cypress-provider","run_id":"cf46rknrirfhmrugaf60","event":{"message_event":{"message":"name: full provider-records2; uint: ns; time: %!d(float64=4.6042204396e+10)"}}}
{"ts":1674080186194253298,"msg":"","group_id":"cypress-provider","run_id":"cf46rknrirfhmrugaf60","event":{"message_event":{"message":"full provider-records2%!(EXTRA float64=2.6500215837e+11)"}}}
{"ts":1674080186681187048,"msg":"","group_id":"cypress-provider","run_id":"cf46rknrirfhmrugaf60","event":{"message_event":{"message":"failed to send batch to InfluxDB; attempt 0; err: Post \"http://testground-influxdb:8086/write?consistency=&db=testground&precision=ns&rp=\": context deadline exceeded (Client.Timeout exceeded while awaiting headers)"}}}
{"ts":1674080187851812174,"msg":"","group_id":"cypress-provider","run_id":"cf46rknrirfhmrugaf60","event":{"success_event":{"group":"cypress-provider"}}}
{"ts":1674080192907508259,"msg":"","group_id":"cypress-provider","run_id":"cf46rknrirfhmrugaf60","event":{"message_event":{"message":"failed to send batch to InfluxDB; attempt 1; err: Post \"http://testground-influxdb:8086/write?consistency=&db=testground&precision=ns&rp=\": context deadline exceeded (Client.Timeout exceeded while awaiting headers)"}}}
{"ts":1674080199313573762,"msg":"","group_id":"cypress-provider","run_id":"cf46rknrirfhmrugaf60","event":{"message_event":{"message":"failed to send batch to InfluxDB; attempt 2; err: Post \"http://testground-influxdb:8086/write?consistency=&db=testground&precision=ns&rp=\": context deadline exceeded (Client.Timeout exceeded while awaiting headers)"}}}
{"ts":1674080206369387085,"msg":"","group_id":"cypress-provider","run_id":"cf46rknrirfhmrugaf60","event":{"message_event":{"message":"failed to send batch to InfluxDB; attempt 3; err: Post \"http://testground-influxdb:8086/write?consistency=&db=testground&precision=ns&rp=\": context deadline exceeded (Client.Timeout exceeded while awaiting headers)"}}}
{"ts":1674080215452748089,"msg":"","group_id":"cypress-provider","run_id":"cf46rknrirfhmrugaf60","event":{"message_event":{"message":"failed to send batch to InfluxDB; attempt 4; err: Post \"http://testground-influxdb:8086/write?consistency=&db=testground&precision=ns&rp=\": context deadline exceeded (Client.Timeout exceeded while awaiting headers)"}}}
{"ts":1674080215463724256,"msg":"","group_id":"cypress-provider","run_id":"cf46rknrirfhmrugaf60","event":{"message_event":{"message":"influxdb: failed to upload 128 points; err: All attempts fail:\n#1: Post \"http://testground-influxdb:8086/write?consistency=&db=testground&precision=ns&rp=\": context deadline exceeded (Client.Timeout exceeded while awaiting headers)\n#2: Post \"http://testground-influxdb:8086/write?consistency=&db=testground&precision=ns&rp=\": context deadline exceeded (Client.Timeout exceeded while awaiting headers)\n#3: Post \"http://testground-influxdb:8086/write?consistency=&db=testground&precision=ns&rp=\": context deadline exceeded (Client.Timeout exceeded while awaiting headers)\n#4: Post \"http://testground-influxdb:8086/write?consistency=&db=testground&precision=ns&rp=\": context deadline exceeded (Client.Timeout exceeded while awaiting headers)\n#5: Post \"http://testground-influxdb:8086/write?consistency=&db=testground&precision=ns&rp=\": context deadline exceeded (Client.Timeout exceeded while awaiting headers)"}}}
{"ts":1674080228521558220,"msg":"","group_id":"cypress-provider","run_id":"cf46rknrirfhmrugaf60","event":{"message_event":{"message":"failed to send batch to InfluxDB; attempt 0; err: Post \"http://testground-influxdb:8086/write?consistency=&db=testground&precision=ns&rp=\": context deadline exceeded (Client.Timeout exceeded while awaiting headers)"}}}
{"ts":1674080238380589044,"msg":"","group_id":"cypress-provider","run_id":"cf46rknrirfhmrugaf60","event":{"message_event":{"message":"failed to send batch to InfluxDB; attempt 1; err: Post \"http://testground-influxdb:8086/write?consistency=&db=testground&precision=ns&rp=\": context deadline exceeded (Client.Timeout exceeded while awaiting headers)"}}}
{"ts":1674080252357659509,"msg":"","group_id":"cypress-provider","run_id":"cf46rknrirfhmrugaf60","event":{"message_event":{"message":"failed to send batch to InfluxDB; attempt 2; err: Post \"http://testground-influxdb:8086/write?consistency=&db=testground&precision=ns&rp=\": context deadline exceeded (Client.Timeout exceeded while awaiting headers)"}}}
{"ts":1674080268111554961,"msg":"","group_id":"cypress-provider","run_id":"cf46rknrirfhmrugaf60","event":{"message_event":{"message":"failed to send batch to InfluxDB; attempt 3; err: Post \"http://testground-influxdb:8086/write?consistency=&db=testground&precision=ns&rp=\": context deadline exceeded (Client.Timeout exceeded while awaiting headers)"}}}
{"ts":1674080285716731886,"msg":"","group_id":"cypress-provider","run_id":"cf46rknrirfhmrugaf60","event":{"message_event":{"message":"failed to send batch to InfluxDB; attempt 4; err: Post \"http://testground-influxdb:8086/write?consistency=&db=testground&precision=ns&rp=\": context deadline exceeded (Client.Timeout exceeded while awaiting headers)"}}}
{"ts":1674080286073969302,"msg":"","group_id":"cypress-provider","run_id":"cf46rknrirfhmrugaf60","event":{"message_event":{"message":"influxdb: failed to upload 2765 points; err: All attempts fail:\n#1: Post \"http://testground-influxdb:8086/write?consistency=&db=testground&precision=ns&rp=\": context deadline exceeded (Client.Timeout exceeded while awaiting headers)\n#2: Post \"http://testground-influxdb:8086/write?consistency=&db=testground&precision=ns&rp=\": context deadline exceeded (Client.Timeout exceeded while awaiting headers)\n#3: Post \"http://testground-influxdb:8086/write?consistency=&db=testground&precision=ns&rp=\": context deadline exceeded (Client.Timeout exceeded while awaiting headers)\n#4: Post \"http://testground-influxdb:8086/write?consistency=&db=testground&precision=ns&rp=\": context deadline exceeded (Client.Timeout exceeded while awaiting headers)\n#5: Post \"http://testground-influxdb:8086/write?consistency=&db=testground&precision=ns&rp=\": context deadline exceeded (Client.Timeout exceeded while awaiting headers)"}}}
