{"ts":1675702910787012801,"type":"point","name":"bandwidth-total-in|cypress-provider|33|0","measures":{"value":169831}}
{"ts":1675702910790957051,"type":"point","name":"bandwidth-total-out|cypress-provider|33|0","measures":{"value":214702}}
{"ts":1675702910794524092,"type":"point","name":"bandwidth-rate-in|cypress-provider|33|0","measures":{"value":0.13670582523432237}}
{"ts":1675702910798889967,"type":"point","name":"bandwidth-rate-out|cypress-provider|33|0","measures":{"value":0.33003259652007455}}
{"ts":1675702928778056628,"type":"point","name":"signal bootstrapping0","measures":{"value":38957167}}
{"ts":1675702928981218045,"type":"point","name":"barrierbootstrapping0","measures":{"value":200497875}}
{"ts":1675702929047678253,"type":"point","name":"full bootstrapping0","measures":{"value":37766164433}}
{"ts":1675702930865593629,"type":"point","name":"bandwidth-total-in|cypress-provider|33|1","measures":{"value":192575}}
{"ts":1675702930919354921,"type":"point","name":"bandwidth-total-out|cypress-provider|33|1","measures":{"value":245999}}
{"ts":1675702930952486879,"type":"point","name":"bandwidth-rate-in|cypress-provider|33|1","measures":{"value":98.66436077217455}}
{"ts":1675702931096697588,"type":"point","name":"bandwidth-rate-out|cypress-provider|33|1","measures":{"value":176.75747393840777}}
{"ts":1675702950753586833,"type":"point","name":"bandwidth-total-in|cypress-provider|33|2","measures":{"value":577444}}
{"ts":1675702950811820208,"type":"point","name":"bandwidth-total-out|cypress-provider|33|2","measures":{"value":699649}}
{"ts":1675702950971537625,"type":"point","name":"bandwidth-rate-in|cypress-provider|33|2","measures":{"value":5568.179838358854}}
{"ts":1675702951038554583,"type":"point","name":"bandwidth-rate-out|cypress-provider|33|2","measures":{"value":3066.519387757351}}
{"ts":1675702970751558467,"type":"point","name":"bandwidth-total-in|cypress-provider|33|3","measures":{"value":732581}}
{"ts":1675702970778909592,"type":"point","name":"bandwidth-total-out|cypress-provider|33|3","measures":{"value":830935}}
{"ts":1675702970875161259,"type":"point","name":"bandwidth-rate-in|cypress-provider|33|3","measures":{"value":10684.317070389116}}
{"ts":1675702970898073467,"type":"point","name":"bandwidth-rate-out|cypress-provider|33|3","measures":{"value":10197.90597250184}}
{"ts":1675702980085322555,"type":"point","name":"time-to-provide-13","measures":{"value":49549046689}}
{"ts":1675702981820636208,"type":"point","name":"time-to-provide-0","measures":{"value":49986962231}}
{"ts":1675702983759557959,"type":"point","name":"time-to-provide-14","measures":{"value":53358345691}}
{"ts":1675702983862956876,"type":"point","name":"time-to-provide-19","measures":{"value":53470162899}}
{"ts":1675702984439565793,"type":"point","name":"time-to-provide-10","measures":{"value":54040547399}}
{"ts":1675702986325409877,"type":"point","name":"time-to-provide-11","measures":{"value":55368751441}}
{"ts":1675702986420502169,"type":"point","name":"time-to-provide-16","measures":{"value":55788597566}}
{"ts":1675702986560695711,"type":"point","name":"time-to-provide-6","measures":{"value":56159775275}}
{"ts":1675702986682173336,"type":"point","name":"time-to-provide-18","measures":{"value":55635227191}}
{"ts":1675702986719910044,"type":"point","name":"time-to-provide-9","measures":{"value":56318764942}}
{"ts":1675702986814139502,"type":"point","name":"time-to-provide-15","measures":{"value":56102016192}}
{"ts":1675702987258633378,"type":"point","name":"time-to-provide-2","measures":{"value":55926404400}}
{"ts":1675702987294126544,"type":"point","name":"time-to-provide-17","measures":{"value":56527351150}}
{"ts":1675702987990062378,"type":"point","name":"time-to-provide-8","measures":{"value":57589028901}}
{"ts":1675702988149555295,"type":"point","name":"time-to-provide-1","measures":{"value":57755844526}}
{"ts":1675702988566863295,"type":"point","name":"time-to-provide-7","measures":{"value":58165872693}}
{"ts":1675702990784105296,"type":"point","name":"bandwidth-total-in|cypress-provider|33|4","measures":{"value":842576}}
{"ts":1675702990808377129,"type":"point","name":"bandwidth-total-out|cypress-provider|33|4","measures":{"value":920404}}
{"ts":1675702990903044338,"type":"point","name":"bandwidth-rate-in|cypress-provider|33|4","measures":{"value":2741.2702351166217}}
{"ts":1675702990927803921,"type":"point","name":"bandwidth-rate-out|cypress-provider|33|4","measures":{"value":786.1713116768439}}
{"ts":1675702991025865713,"type":"point","name":"time-to-provide-5","measures":{"value":60624997027}}
{"ts":1675702991553847213,"type":"point","name":"time-to-provide-3","measures":{"value":61153703861}}
{"ts":1675702991890791921,"type":"point","name":"time-to-provide-12","measures":{"value":61368642653}}
{"ts":1675702992023420880,"type":"point","name":"time-to-provide-4","measures":{"value":61622679778}}
{"ts":1675702992138580338,"type":"point","name":"signal provider-records1","measures":{"value":98034208}}
{"ts":1675702998552979883,"type":"point","name":"barrierprovider-records1","measures":{"value":6394763711}}
{"ts":1675702998686922300,"type":"point","name":"full provider-records1","measures":{"value":68397104364}}
{"ts":1675703001803174218,"type":"point","name":"time-to-find-first|cypress-provider|11","measures":{"value":59707584}}
{"ts":1675703002446900968,"type":"point","name":"time-to-find-first|cypress-provider|9","measures":{"value":681089584}}
{"ts":1675703003048726718,"type":"point","name":"time-to-find-first|cypress-provider|19","measures":{"value":1363316626}}
{"ts":1675703003052156343,"type":"point","name":"time-to-find-first|cypress-provider|18","measures":{"value":1249135709}}
{"ts":1675703003105787760,"type":"point","name":"time-to-find-first|cypress-provider|10","measures":{"value":1230883834}}
{"ts":1675703003215950677,"type":"point","name":"time-to-find-first|cypress-provider|6","measures":{"value":1439464959}}
{"ts":1675703003215116552,"type":"point","name":"time-to-find-first|cypress-provider|5","measures":{"value":1330720084}}
{"ts":1675703003214851594,"type":"point","name":"time-to-find-first|cypress-provider|8","measures":{"value":1330256668}}
{"ts":1675703003219145052,"type":"point","name":"time-to-find-first|cypress-provider|1","measures":{"value":1302962751}}
{"ts":1675703003890206552,"type":"point","name":"time-to-find-first|cypress-provider|13","measures":{"value":1956141959}}
{"ts":1675703003560071719,"type":"point","name":"time-to-find-first|cypress-provider|0","measures":{"value":1643771793}}
{"ts":1675703003732946510,"type":"point","name":"time-to-find-first|cypress-provider|15","measures":{"value":1816538168}}
{"ts":1675703003733126177,"type":"point","name":"time-to-find-first|cypress-provider|3","measures":{"value":1805838751}}
{"ts":1675703003775130219,"type":"point","name":"time-to-find-first|cypress-provider|2","measures":{"value":1848177542}}
{"ts":1675703003775968052,"type":"point","name":"time-to-find-first|cypress-provider|16","measures":{"value":1849112751}}
{"ts":1675703003221211135,"type":"point","name":"time-to-find-first|cypress-provider|7","measures":{"value":1336701043}}
{"ts":1675703004331061261,"type":"point","name":"time-to-find-first|cypress-provider|12","measures":{"value":2396814126}}
{"ts":1675703004738089428,"type":"point","name":"time-to-find-first|cypress-provider|14","measures":{"value":2672723835}}
{"ts":1675703004749099761,"type":"point","name":"time-to-find-first|cypress-provider|4","measures":{"value":2606128710}}
{"ts":1675703005546151095,"type":"point","name":"time-to-find-first|cypress-provider|17","measures":{"value":3402110418}}
{"ts":1675703012210105542,"type":"point","name":"bandwidth-total-in|cypress-provider|33|5","measures":{"value":920005}}
{"ts":1675703012598083667,"type":"point","name":"bandwidth-total-out|cypress-provider|33|5","measures":{"value":978697}}
{"ts":1675703012612427417,"type":"point","name":"bandwidth-rate-in|cypress-provider|33|5","measures":{"value":1727.4695279195412}}
{"ts":1675703012620104917,"type":"point","name":"bandwidth-rate-out|cypress-provider|33|5","measures":{"value":300.5219248051393}}
{"ts":1675703030907072842,"type":"point","name":"bandwidth-total-in|cypress-provider|33|6","measures":{"value":1063076}}
{"ts":1675703031100048426,"type":"point","name":"bandwidth-total-out|cypress-provider|33|6","measures":{"value":1167457}}
{"ts":1675703031277287634,"type":"point","name":"bandwidth-rate-in|cypress-provider|33|6","measures":{"value":19662.712435204023}}
{"ts":1675703031716391301,"type":"point","name":"bandwidth-rate-out|cypress-provider|33|6","measures":{"value":33490.57338601668}}
{"ts":1675703051810686171,"type":"point","name":"bandwidth-total-in|cypress-provider|33|7","measures":{"value":1119764}}
{"ts":1675703052003590755,"type":"point","name":"bandwidth-total-out|cypress-provider|33|7","measures":{"value":1260830}}
{"ts":1675703052323568630,"type":"point","name":"bandwidth-rate-in|cypress-provider|33|7","measures":{"value":28.33031640732522}}
{"ts":1675703052380407838,"type":"point","name":"bandwidth-rate-out|cypress-provider|33|7","measures":{"value":9.827369292796591}}
{"ts":1675703070802708930,"type":"point","name":"bandwidth-total-in|cypress-provider|33|8","measures":{"value":1172161}}
{"ts":1675703070853678222,"type":"point","name":"bandwidth-total-out|cypress-provider|33|8","measures":{"value":1357350}}
{"ts":1675703070968267708,"type":"point","name":"bandwidth-rate-in|cypress-provider|33|8","measures":{"value":4929.397457632911}}
{"ts":1675703070998288333,"type":"point","name":"bandwidth-rate-out|cypress-provider|33|8","measures":{"value":774.4658820510142}}
{"ts":1675703091177535468,"type":"point","name":"bandwidth-total-in|cypress-provider|33|9","measures":{"value":1264622}}
{"ts":1675703091184142926,"type":"point","name":"bandwidth-total-out|cypress-provider|33|9","measures":{"value":1399839}}
{"ts":1675703091195150301,"type":"point","name":"bandwidth-rate-in|cypress-provider|33|9","measures":{"value":4221.0254253928315}}
{"ts":1675703091851079968,"type":"point","name":"bandwidth-rate-out|cypress-provider|33|9","measures":{"value":2300.3999473826925}}
{"ts":1675703111035928129,"type":"point","name":"num-hops|cypress-provider|12","measures":{"value":4}}
{"ts":1675703111602710005,"type":"point","name":"time-to-find-last|done|cypress-provider|12","measures":{"value":4864492128}}
{"ts":1675703111940490880,"type":"point","name":"time-to-find|done|cypress-provider|12","measures":{"value":110018346300}}
{"ts":1675703112014407921,"type":"point","name":"peers-found|done|cypress-provider|12","measures":{"value":40}}
{"ts":1675703112276922755,"type":"point","name":"peers-missing|done|cypress-provider|12","measures":{"value":0}}
{"ts":1675703113288888922,"type":"point","name":"bandwidth-total-in|cypress-provider|33|10","measures":{"value":1294249}}
{"ts":1675703113882109839,"type":"point","name":"bandwidth-total-out|cypress-provider|33|10","measures":{"value":1414571}}
{"ts":1675703113971498172,"type":"point","name":"bandwidth-rate-in|cypress-provider|33|10","measures":{"value":377.0517909320424}}
{"ts":1675703114558453798,"type":"point","name":"bandwidth-rate-out|cypress-provider|33|10","measures":{"value":1467.332017851154}}
{"ts":1675703126190033637,"type":"point","name":"num-hops|cypress-provider|11","measures":{"value":1}}
{"ts":1675703126202073387,"type":"point","name":"time-to-find-last|done|cypress-provider|11","measures":{"value":59707584}}
{"ts":1675703126214908845,"type":"point","name":"time-to-find|done|cypress-provider|11","measures":{"value":124483555807}}
{"ts":1675703126232517053,"type":"point","name":"peers-found|done|cypress-provider|11","measures":{"value":1}}
{"ts":1675703126251538887,"type":"point","name":"peers-missing|done|cypress-provider|11","measures":{"value":39}}
{"ts":1675703127037855762,"type":"point","name":"num-hops|cypress-provider|1","measures":{"value":2}}
{"ts":1675703127067751804,"type":"point","name":"time-to-find-last|done|cypress-provider|1","measures":{"value":2411732626}}
{"ts":1675703127085561054,"type":"point","name":"time-to-find|done|cypress-provider|1","measures":{"value":125181482849}}
{"ts":1675703127103022512,"type":"point","name":"peers-found|done|cypress-provider|1","measures":{"value":40}}
{"ts":1675703127124669262,"type":"point","name":"peers-missing|done|cypress-provider|1","measures":{"value":0}}
{"ts":1675703127137456345,"type":"point","name":"num-hops|cypress-provider|13","measures":{"value":2}}
{"ts":1675703127255714720,"type":"point","name":"time-to-find-last|done|cypress-provider|13","measures":{"value":2305259459}}
{"ts":1675703127270580304,"type":"point","name":"time-to-find|done|cypress-provider|13","measures":{"value":125348619515}}
{"ts":1675703127280619720,"type":"point","name":"peers-found|done|cypress-provider|13","measures":{"value":40}}
{"ts":1675703127296102887,"type":"point","name":"peers-missing|done|cypress-provider|13","measures":{"value":0}}
{"ts":1675703130004636722,"type":"point","name":"num-hops|cypress-provider|15","measures":{"value":1}}
{"ts":1675703130045086597,"type":"point","name":"time-to-find-last|done|cypress-provider|15","measures":{"value":1816538168}}
{"ts":1675703130094891430,"type":"point","name":"time-to-find|done|cypress-provider|15","measures":{"value":128190598142}}
{"ts":1675703130188854138,"type":"point","name":"peers-found|done|cypress-provider|15","measures":{"value":1}}
{"ts":1675703130231887680,"type":"point","name":"peers-missing|done|cypress-provider|15","measures":{"value":39}}
{"ts":1675703130217654638,"type":"point","name":"num-hops|cypress-provider|10","measures":{"value":2}}
{"ts":1675703130287317514,"type":"point","name":"time-to-find-last|done|cypress-provider|10","measures":{"value":1344101917}}
{"ts":1675703130308869430,"type":"point","name":"time-to-find|done|cypress-provider|10","measures":{"value":128446070975}}
{"ts":1675703130333270722,"type":"point","name":"peers-found|done|cypress-provider|10","measures":{"value":40}}
{"ts":1675703130346036889,"type":"point","name":"peers-missing|done|cypress-provider|10","measures":{"value":0}}
{"ts":1675703130550504180,"type":"point","name":"num-hops|cypress-provider|14","measures":{"value":2}}
{"ts":1675703130590444889,"type":"point","name":"time-to-find-last|done|cypress-provider|14","measures":{"value":6820869212}}
{"ts":1675703130638261430,"type":"point","name":"time-to-find|done|cypress-provider|14","measures":{"value":128585011059}}
{"ts":1675703130674463597,"type":"point","name":"peers-found|done|cypress-provider|14","measures":{"value":40}}
{"ts":1675703130753517055,"type":"point","name":"peers-missing|done|cypress-provider|14","measures":{"value":0}}
{"ts":1675703130778104305,"type":"point","name":"bandwidth-total-in|cypress-provider|33|11","measures":{"value":1370247}}
{"ts":1675703130945591125,"type":"point","name":"bandwidth-total-out|cypress-provider|33|11","measures":{"value":1482062}}
{"ts":1675703130970287541,"type":"point","name":"bandwidth-rate-in|cypress-provider|33|11","measures":{"value":3644.214589837396}}
{"ts":1675703130992100916,"type":"point","name":"bandwidth-rate-out|cypress-provider|33|11","measures":{"value":7316.697376480246}}
{"ts":1675703131192499500,"type":"point","name":"num-hops|cypress-provider|18","measures":{"value":2}}
{"ts":1675703131228969500,"type":"point","name":"time-to-find-last|done|cypress-provider|18","measures":{"value":1249135709}}
{"ts":1675703131250597250,"type":"point","name":"time-to-find|done|cypress-provider|18","measures":{"value":129462315933}}
{"ts":1675703131258972958,"type":"point","name":"peers-found|done|cypress-provider|18","measures":{"value":1}}
{"ts":1675703131277356750,"type":"point","name":"peers-missing|done|cypress-provider|18","measures":{"value":39}}
{"ts":1675703134192923709,"type":"point","name":"num-hops|cypress-provider|17","measures":{"value":3}}
{"ts":1675703134205034001,"type":"point","name":"time-to-find-last|done|cypress-provider|17","measures":{"value":3402110418}}
{"ts":1675703134256277376,"type":"point","name":"time-to-find|done|cypress-provider|17","measures":{"value":132126977393}}
{"ts":1675703134317804626,"type":"point","name":"peers-found|done|cypress-provider|17","measures":{"value":1}}
{"ts":1675703134344162043,"type":"point","name":"peers-missing|done|cypress-provider|17","measures":{"value":39}}
{"ts":1675703134521182960,"type":"point","name":"num-hops|cypress-provider|19","measures":{"value":3}}
{"ts":1675703134591321293,"type":"point","name":"time-to-find-last|done|cypress-provider|19","measures":{"value":1363316626}}
{"ts":1675703134670216626,"type":"point","name":"time-to-find|done|cypress-provider|19","measures":{"value":132999547727}}
{"ts":1675703134714915626,"type":"point","name":"peers-found|done|cypress-provider|19","measures":{"value":1}}
{"ts":1675703134755900043,"type":"point","name":"peers-missing|done|cypress-provider|19","measures":{"value":39}}
{"ts":1675703134968209251,"type":"point","name":"num-hops|cypress-provider|9","measures":{"value":2}}
{"ts":1675703135000705501,"type":"point","name":"time-to-find-last|done|cypress-provider|9","measures":{"value":681089584}}
{"ts":1675703135026442376,"type":"point","name":"time-to-find|done|cypress-provider|9","measures":{"value":133275369019}}
{"ts":1675703135058831126,"type":"point","name":"peers-found|done|cypress-provider|9","measures":{"value":1}}
{"ts":1675703135076902293,"type":"point","name":"peers-missing|done|cypress-provider|9","measures":{"value":39}}
{"ts":1675703137422860711,"type":"point","name":"num-hops|cypress-provider|3","measures":{"value":2}}
{"ts":1675703137536292211,"type":"point","name":"time-to-find-last|done|cypress-provider|3","measures":{"value":4342651460}}
{"ts":1675703137579209169,"type":"point","name":"time-to-find|done|cypress-provider|3","measures":{"value":135666660061}}
{"ts":1675703137709937128,"type":"point","name":"peers-found|done|cypress-provider|3","measures":{"value":40}}
{"ts":1675703137863132711,"type":"point","name":"peers-missing|done|cypress-provider|3","measures":{"value":0}}
{"ts":1675703137974986253,"type":"point","name":"num-hops|cypress-provider|16","measures":{"value":2}}
{"ts":1675703137999672670,"type":"point","name":"time-to-find-last|done|cypress-provider|16","measures":{"value":4929367794}}
{"ts":1675703138026468003,"type":"point","name":"time-to-find|done|cypress-provider|16","measures":{"value":136114351395}}
{"ts":1675703138055980878,"type":"point","name":"peers-found|done|cypress-provider|16","measures":{"value":40}}
{"ts":1675703138103235253,"type":"point","name":"peers-missing|done|cypress-provider|16","measures":{"value":0}}
{"ts":1675703140895018879,"type":"point","name":"num-hops|cypress-provider|8","measures":{"value":2}}
{"ts":1675703140952263921,"type":"point","name":"time-to-find-last|done|cypress-provider|8","measures":{"value":1655641709}}
{"ts":1675703140981902463,"type":"point","name":"time-to-find|done|cypress-provider|8","measures":{"value":139112044396}}
{"ts":1675703140992138546,"type":"point","name":"peers-found|done|cypress-provider|8","measures":{"value":40}}
{"ts":1675703141008109713,"type":"point","name":"peers-missing|done|cypress-provider|8","measures":{"value":0}}
{"ts":1675703141727077796,"type":"point","name":"num-hops|cypress-provider|6","measures":{"value":3}}
{"ts":1675703141829729921,"type":"point","name":"time-to-find-last|done|cypress-provider|6","measures":{"value":1439464959}}
{"ts":1675703141848286838,"type":"point","name":"time-to-find|done|cypress-provider|6","measures":{"value":140086539813}}
{"ts":1675703141859055088,"type":"point","name":"peers-found|done|cypress-provider|6","measures":{"value":1}}
{"ts":1675703141888308796,"type":"point","name":"peers-missing|done|cypress-provider|6","measures":{"value":39}}
{"ts":1675703142350443588,"type":"point","name":"num-hops|cypress-provider|4","measures":{"value":5}}
{"ts":1675703142401059088,"type":"point","name":"time-to-find-last|done|cypress-provider|4","measures":{"value":6715537295}}
{"ts":1675703142556284297,"type":"point","name":"time-to-find|done|cypress-provider|4","measures":{"value":140428054063}}
{"ts":1675703142611111547,"type":"point","name":"peers-found|done|cypress-provider|4","measures":{"value":40}}
{"ts":1675703142637386880,"type":"point","name":"peers-missing|done|cypress-provider|4","measures":{"value":0}}
{"ts":1675703144059244839,"type":"point","name":"num-hops|cypress-provider|0","measures":{"value":3}}
{"ts":1675703144451632048,"type":"point","name":"time-to-find-last|done|cypress-provider|0","measures":{"value":3278790293}}
{"ts":1675703145515497381,"type":"point","name":"time-to-find|done|cypress-provider|0","measures":{"value":143614006732}}
{"ts":1675703145713949382,"type":"point","name":"peers-found|done|cypress-provider|0","measures":{"value":40}}
{"ts":1675703146468494632,"type":"point","name":"peers-missing|done|cypress-provider|0","measures":{"value":0}}
{"ts":1675703146390667007,"type":"point","name":"num-hops|cypress-provider|2","measures":{"value":3}}
{"ts":1675703146592447424,"type":"point","name":"time-to-find-last|done|cypress-provider|2","measures":{"value":1848177542}}
{"ts":1675703146622471299,"type":"point","name":"time-to-find|done|cypress-provider|2","measures":{"value":144710267648}}
{"ts":1675703146652751174,"type":"point","name":"peers-found|done|cypress-provider|2","measures":{"value":1}}
{"ts":1675703146696656924,"type":"point","name":"peers-missing|done|cypress-provider|2","measures":{"value":39}}
{"ts":1675703146341099007,"type":"point","name":"num-hops|cypress-provider|7","measures":{"value":3}}
{"ts":1675703146751961174,"type":"point","name":"time-to-find-last|done|cypress-provider|7","measures":{"value":1336701043}}
{"ts":1675703146782667840,"type":"point","name":"time-to-find|done|cypress-provider|7","measures":{"value":144912896316}}
{"ts":1675703146811209674,"type":"point","name":"peers-found|done|cypress-provider|7","measures":{"value":1}}
{"ts":1675703146831874715,"type":"point","name":"peers-missing|done|cypress-provider|7","measures":{"value":39}}
{"ts":1675703147200700382,"type":"point","name":"num-hops|cypress-provider|5","measures":{"value":2}}
{"ts":1675703147244304591,"type":"point","name":"time-to-find-last|done|cypress-provider|5","measures":{"value":1346306334}}
{"ts":1675703147276942007,"type":"point","name":"time-to-find|done|cypress-provider|5","measures":{"value":145407281524}}
{"ts":1675703147317982382,"type":"point","name":"peers-found|done|cypress-provider|5","measures":{"value":40}}
{"ts":1675703147342432549,"type":"point","name":"peers-missing|done|cypress-provider|5","measures":{"value":0}}
{"ts":1675703147421740674,"type":"point","name":"signal provider-records2","measures":{"value":57822875}}
{"ts":1675703150774162342,"type":"point","name":"bandwidth-total-in|cypress-provider|33|12","measures":{"value":1412058}}
{"ts":1675703150805138301,"type":"point","name":"bandwidth-total-out|cypress-provider|33|12","measures":{"value":1502272}}
{"ts":1675703150823731592,"type":"point","name":"bandwidth-rate-in|cypress-provider|33|12","measures":{"value":54.43229342164736}}
{"ts":1675703150847378301,"type":"point","name":"bandwidth-rate-out|cypress-provider|33|12","measures":{"value":766.7705197941696}}
{"ts":1675703160750061764,"type":"point","name":"barrierprovider-records2","measures":{"value":13303887465}}
{"ts":1675703161488400764,"type":"point","name":"full provider-records2","measures":{"value":159948994948}}
{"ts":1675703170884530004,"type":"point","name":"bandwidth-total-in|cypress-provider|33|13","measures":{"value":1412058}}
{"ts":1675703170892695129,"type":"point","name":"bandwidth-total-out|cypress-provider|33|13","measures":{"value":1502272}}
{"ts":1675703170895818212,"type":"point","name":"bandwidth-rate-in|cypress-provider|33|13","measures":{"value":1.1219331876366698e-7}}
{"ts":1675703170899172962,"type":"point","name":"bandwidth-rate-out|cypress-provider|33|13","measures":{"value":0.0000015804318344528497}}
