{"ts":1676918428506268882,"msg":"","group_id":"cypress-provider","run_id":"cfprsefrirfgkocko6m0","event":{"message_event":{"message":"registering default http handler at: http://[::]:6060/ (pprof: http://[::]:6060/debug/pprof/)"}}}
{"ts":1676918428510430757,"msg":"","group_id":"cypress-provider","run_id":"cfprsefrirfgkocko6m0","event":{"start_event":{"runenv":{"plan":"dht","case":"find-providers","run":"cfprsefrirfgkocko6m0","params":{"alpha":"10","auto_refresh":"true","beta":"3","bootstrapper":"true","bs_strategy":"3","bucket_size":"20","client_mode":"false","datastore":"0","expect_dht":"true","group_order":"1","latency":"100","peer_id_seed":"0","random_walk":"false","record_count":"20","record_seed":"0","search_records":"true","timeout_secs":"2000","undialable":"false"},"instances":40,"outputs_path":"/outputs","temp_path":"/temp","network":"16.134.0.0/16","group":"cypress-provider","group_instances":40}}}}
{"ts":1676918428537364299,"msg":"","group_id":"cypress-provider","run_id":"cfprsefrirfgkocko6m0","event":{"message_event":{"message":"waiting for network to initialize"}}}
{"ts":1676918429483473216,"msg":"","group_id":"cypress-provider","run_id":"cfprsefrirfgkocko6m0","event":{"message_event":{"message":"failed to send batch to InfluxDB; attempt 0; err: Post \"http://testground-influxdb:8086/write?consistency=&db=testground&precision=ns&rp=\": dial tcp 192.18.0.5:8086: connect: connection refused"}}}
{"ts":1676918430031375799,"msg":"","group_id":"cypress-provider","run_id":"cfprsefrirfgkocko6m0","event":{"message_event":{"message":"failed to send batch to InfluxDB; attempt 1; err: Post \"http://testground-influxdb:8086/write?consistency=&db=testground&precision=ns&rp=\": dial tcp 192.18.0.5:8086: connect: connection refused"}}}
{"ts":1676918431132759633,"msg":"","group_id":"cypress-provider","run_id":"cfprsefrirfgkocko6m0","event":{"message_event":{"message":"failed to send batch to InfluxDB; attempt 2; err: Post \"http://testground-influxdb:8086/write?consistency=&db=testground&precision=ns&rp=\": dial tcp 192.18.0.5:8086: connect: connection refused"}}}
{"ts":1676918433175761343,"msg":"","group_id":"cypress-provider","run_id":"cfprsefrirfgkocko6m0","event":{"message_event":{"message":"failed to send batch to InfluxDB; attempt 3; err: Post \"http://testground-influxdb:8086/write?consistency=&db=testground&precision=ns&rp=\": dial tcp 192.18.0.5:8086: connect: connection refused"}}}
{"ts":1676918433915224051,"msg":"","group_id":"cypress-provider","run_id":"cfprsefrirfgkocko6m0","event":{"message_event":{"message":"network initialisation successful"}}}
{"ts":1676918434019047301,"msg":"","group_id":"cypress-provider","run_id":"cfprsefrirfgkocko6m0","event":{"message_event":{"message":"network initialization complete"}}}
{"ts":1676918434050657093,"msg":"","group_id":"cypress-provider","run_id":"cfprsefrirfgkocko6m0","event":{"message_event":{"message":"claimed sequence numbers; global=23, group(cypress-provider)=22"}}}
{"ts":1676918434086181468,"msg":"","group_id":"cypress-provider","run_id":"cfprsefrirfgkocko6m0","event":{"message_event":{"message":"Finding providers"}}}
{"ts":1676918434307871260,"msg":"","group_id":"cypress-provider","run_id":"cfprsefrirfgkocko6m0","event":{"message_event":{"message":"network initialisation successful"}}}
{"ts":1676918434325317093,"msg":"","group_id":"cypress-provider","run_id":"cfprsefrirfgkocko6m0","event":{"message_event":{"message":"SetupNetwork, network setup completed"}}}
{"ts":1676918434537910593,"msg":"","group_id":"cypress-provider","run_id":"cfprsefrirfgkocko6m0","event":{"message_event":{"message":"there are 1 groups map[cypress-provider:0x4001ae6720]"}}}
{"ts":1676918434542667801,"msg":"","group_id":"cypress-provider","run_id":"cfprsefrirfgkocko6m0","event":{"message_event":{"message":"setGroupInfo, sortedGroup:%!(EXTRA []string=[cypress-provider])"}}}
{"ts":1676918434549613093,"msg":"","group_id":"cypress-provider","run_id":"cfprsefrirfgkocko6m0","event":{"message_event":{"message":"past group info"}}}
{"ts":1676918434561484427,"msg":"","group_id":"cypress-provider","run_id":"cfprsefrirfgkocko6m0","event":{"message_event":{"message":"connmgr parameters: hi=12, lo=6"}}}
{"ts":1676918434573807510,"msg":"","group_id":"cypress-provider","run_id":"cfprsefrirfgkocko6m0","event":{"message_event":{"message":"creating DHT"}}}
{"ts":1676918434597434218,"msg":"","group_id":"cypress-provider","run_id":"cfprsefrirfgkocko6m0","event":{"message_event":{"message":"creating DHT successful"}}}
{"ts":1676918434617430593,"msg":"","group_id":"cypress-provider","run_id":"cfprsefrirfgkocko6m0","event":{"message_event":{"message":"supporting protocol:%!(EXTRA string=/p2p/id/delta/1.0.0)"}}}
{"ts":1676918434624690927,"msg":"","group_id":"cypress-provider","run_id":"cfprsefrirfgkocko6m0","event":{"message_event":{"message":"supporting protocol:%!(EXTRA string=/ipfs/id/1.0.0)"}}}
{"ts":1676918434637403010,"msg":"","group_id":"cypress-provider","run_id":"cfprsefrirfgkocko6m0","event":{"message_event":{"message":"supporting protocol:%!(EXTRA string=/ipfs/id/push/1.0.0)"}}}
{"ts":1676918434648639927,"msg":"","group_id":"cypress-provider","run_id":"cfprsefrirfgkocko6m0","event":{"message_event":{"message":"supporting protocol:%!(EXTRA string=/ipfs/ping/1.0.0)"}}}
{"ts":1676918434657539260,"msg":"","group_id":"cypress-provider","run_id":"cfprsefrirfgkocko6m0","event":{"message_event":{"message":"supporting protocol:%!(EXTRA string=/libp2p/circuit/relay/0.1.0)"}}}
{"ts":1676918434668656968,"msg":"","group_id":"cypress-provider","run_id":"cfprsefrirfgkocko6m0","event":{"message_event":{"message":"supporting protocol:%!(EXTRA string=/libp2p/circuit/relay/0.2.0/stop)"}}}
{"ts":1676918434704352052,"msg":"","group_id":"cypress-provider","run_id":"cfprsefrirfgkocko6m0","event":{"message_event":{"message":"supporting protocol:%!(EXTRA string=/libp2p/autonat/1.0.0)"}}}
{"ts":1676918434718233260,"msg":"","group_id":"cypress-provider","run_id":"cfprsefrirfgkocko6m0","event":{"message_event":{"message":"supporting protocol:%!(EXTRA string=/testground/kad/1.0.0)"}}}
{"ts":1676918435010296260,"msg":"","group_id":"cypress-provider","run_id":"cfprsefrirfgkocko6m0","event":{"message_event":{"message":"17 is waiting on 0 from state 0"}}}
{"ts":1676918435024920802,"msg":"requested a barrier with target zero; satisfying immediately","group_id":"cypress-provider","run_id":"cfprsefrirfgkocko6m0","state":"boostrap-gradual1-0"}
{"ts":1676918435053533302,"msg":"","group_id":"cypress-provider","run_id":"cfprsefrirfgkocko6m0","event":{"message_event":{"message":"17 is running"}}}
{"ts":1676918435083434843,"msg":"","group_id":"cypress-provider","run_id":"cfprsefrirfgkocko6m0","event":{"message_event":{"message":"Dial to all other peers"}}}
{"ts":1676918435088703927,"msg":"","group_id":"cypress-provider","run_id":"cfprsefrirfgkocko6m0","event":{"message_event":{"message":"dialling peer 12D3KooWE2N9kXfsBWLWYdtaX9uY7HxJTfFmVFQFxvUXCQ6bT883 (attempt 1)"}}}
{"ts":1676918435130176510,"msg":"","group_id":"cypress-provider","run_id":"cfprsefrirfgkocko6m0","event":{"message_event":{"message":"Connect, successfully dialed peer: %!(EXTRA peer.AddrInfo={12D3KooWE2N9kXfsBWLWYdtaX9uY7HxJTfFmVFQFxvUXCQ6bT883: [/ip4/16.134.0.37/tcp/43689]})"}}}
{"ts":1676918435141397343,"msg":"","group_id":"cypress-provider","run_id":"cfprsefrirfgkocko6m0","event":{"message_event":{"message":"dialling peer 12D3KooWPwVR5DRz8H7Qvmp1i7c3BmEJLsbXBvLBCDY5tikyx2yu (attempt 1)"}}}
{"ts":1676918435187632510,"msg":"","group_id":"cypress-provider","run_id":"cfprsefrirfgkocko6m0","event":{"message_event":{"message":"Connect, successfully dialed peer: %!(EXTRA peer.AddrInfo={12D3KooWPwVR5DRz8H7Qvmp1i7c3BmEJLsbXBvLBCDY5tikyx2yu: [/ip4/16.134.0.31/tcp/41173]})"}}}
{"ts":1676918435190758177,"msg":"","group_id":"cypress-provider","run_id":"cfprsefrirfgkocko6m0","event":{"message_event":{"message":"dialling peer 12D3KooWRuYVGEsecrJJhZsSoKf1UNdBVYKFCmFLNj9ucZiSQCYj (attempt 1)"}}}
{"ts":1676918435460586885,"msg":"","group_id":"cypress-provider","run_id":"cfprsefrirfgkocko6m0","event":{"message_event":{"message":"Connect, successfully dialed peer: %!(EXTRA peer.AddrInfo={12D3KooWRuYVGEsecrJJhZsSoKf1UNdBVYKFCmFLNj9ucZiSQCYj: [/ip4/16.134.0.35/tcp/43445]})"}}}
{"ts":1676918466171812094,"msg":"","group_id":"cypress-provider","run_id":"cfprsefrirfgkocko6m0","event":{"message_event":{"message":"bootstrap: everyone table ready"}}}
{"ts":1676918466724382469,"msg":"","group_id":"cypress-provider","run_id":"cfprsefrirfgkocko6m0","event":{"message_event":{"message":"17 is done - waiting for 39"}}}
{"ts":1676918466860513344,"msg":"","group_id":"cypress-provider","run_id":"cfprsefrirfgkocko6m0","event":{"message_event":{"message":"17 passed the barrier"}}}
{"ts":1676918468875677804,"msg":"","group_id":"cypress-provider","run_id":"cfprsefrirfgkocko6m0","event":{"message_event":{"message":"bootstrap: begin trim"}}}
{"ts":1676918469403639220,"msg":"","group_id":"cypress-provider","run_id":"cfprsefrirfgkocko6m0","event":{"message_event":{"message":"name: signal bootstrapping0; uint: ns; time: %!d(float64=625958)"}}}
{"ts":1676918469408242304,"msg":"","group_id":"cypress-provider","run_id":"cfprsefrirfgkocko6m0","event":{"message_event":{"message":"signal bootstrapping0%!(EXTRA float64=5.227375e+06)"}}}
{"ts":1676918469420750970,"msg":"","group_id":"cypress-provider","run_id":"cfprsefrirfgkocko6m0","event":{"message_event":{"message":"name: barrier bootstrapping0; uint: ns; time: %!d(float64=83)"}}}
{"ts":1676918469455862762,"msg":"","group_id":"cypress-provider","run_id":"cfprsefrirfgkocko6m0","event":{"message_event":{"message":"barrierbootstrapping0%!(EXTRA float64=3.5111625e+07)"}}}
{"ts":1676918469488635096,"msg":"","group_id":"cypress-provider","run_id":"cfprsefrirfgkocko6m0","event":{"message_event":{"message":"name: full bootstrapping0; uint: ns; time: %!d(float64=6.7884542e+07)"}}}
{"ts":1676918469504180554,"msg":"","group_id":"cypress-provider","run_id":"cfprsefrirfgkocko6m0","event":{"message_event":{"message":"full bootstrapping0%!(EXTRA float64=3.4493749642e+10)"}}}
{"ts":1676918469974214679,"msg":"","group_id":"cypress-provider","run_id":"cfprsefrirfgkocko6m0","event":{"message_event":{"message":"bootstrap: finished with 32 connections, 35 in the routing table"}}}
{"ts":1676918469990310471,"msg":"","group_id":"cypress-provider","run_id":"cfprsefrirfgkocko6m0","event":{"message_event":{"message":"table health: {\"IdealDepth\":6,\"ActualDepth\":7,\"Bucket\":[{\"Depth\":1,\"MaxKnownContacts\":24,\"ActualKnownContacts\":20,\"ActualUnknownContacts\":0},{\"Depth\":2,\"MaxKnownContacts\":8,\"ActualKnownContacts\":8,\"ActualUnknownContacts\":0},{\"Depth\":3,\"MaxKnownContacts\":3,\"ActualKnownContacts\":3,\"ActualUnknownContacts\":0},{\"Depth\":4,\"MaxKnownContacts\":1,\"ActualKnownContacts\":1,\"ActualUnknownContacts\":0},{\"Depth\":5,\"MaxKnownContacts\":1,\"ActualKnownContacts\":1,\"ActualUnknownContacts\":0},{\"Depth\":6,\"MaxKnownContacts\":1,\"ActualKnownContacts\":1,\"ActualUnknownContacts\":0},{\"Depth\":7,\"MaxKnownContacts\":1,\"ActualKnownContacts\":1,\"ActualUnknownContacts\":0}]}"}}}
{"ts":1676918469996439971,"msg":"","group_id":"cypress-provider","run_id":"cfprsefrirfgkocko6m0","event":{"message_event":{"message":"bootstrap: done"}}}
{"ts":1676918470015371179,"msg":"","group_id":"cypress-provider","run_id":"cfprsefrirfgkocko6m0","event":{"message_event":{"message":"Bootstrap phase ended"}}}
{"ts":1676918470110485221,"msg":"","group_id":"cypress-provider","run_id":"cfprsefrirfgkocko6m0","event":{"message_event":{"message":"SetupNetwork, network setup completed"}}}
{"ts":1676918470144287721,"msg":"","group_id":"cypress-provider","run_id":"cfprsefrirfgkocko6m0","event":{"message_event":{"message":"getRecords, record count > 0"}}}
{"ts":1676918470175891763,"msg":"","group_id":"cypress-provider","run_id":"cfprsefrirfgkocko6m0","event":{"message_event":{"message":"getRecords, searchRecords: %!(EXTRA []*test.ProviderRecordSubmission=[0x4003cdad20])"}}}
{"ts":1676918470197462554,"msg":"","group_id":"cypress-provider","run_id":"cfprsefrirfgkocko6m0","event":{"message_event":{"message":"start provide loop"}}}
{"ts":1676918485617167297,"msg":"","group_id":"cypress-provider","run_id":"cfprsefrirfgkocko6m0","event":{"message_event":{"message":"Provided CID: QmY1eF8EB1WVFdF6xzh1C1YkadMojpT4FoEZkqzyprqDoV"}}}
{"ts":1676918486136834881,"msg":"","group_id":"cypress-provider","run_id":"cfprsefrirfgkocko6m0","event":{"message_event":{"message":"Provided CID: QmS1rxhfhq3FsUuG2TLNSYW6gxrtR4hmfoiajCdWCo7hq5"}}}
{"ts":1676918486248905256,"msg":"","group_id":"cypress-provider","run_id":"cfprsefrirfgkocko6m0","event":{"message_event":{"message":"Provided CID: QmSpZzCdhhyWM7eTNe29nDrPR9xdZR8R4VpGSoTdFq5usz"}}}
{"ts":1676918486273280006,"msg":"","group_id":"cypress-provider","run_id":"cfprsefrirfgkocko6m0","event":{"message_event":{"message":"Provided CID: QmQHFH1e6p6NGjLiA3rVJHRYzS7qBhfbKGGajQZ26u1PuE"}}}
{"ts":1676918486291622173,"msg":"","group_id":"cypress-provider","run_id":"cfprsefrirfgkocko6m0","event":{"message_event":{"message":"Provided CID: QmNnfyApQUXaqj2dsRTthNUBBktYf6seo7BJk7W9Ym56ZH"}}}
{"ts":1676918486319302423,"msg":"","group_id":"cypress-provider","run_id":"cfprsefrirfgkocko6m0","event":{"message_event":{"message":"Provided CID: QmdKMXX7ZqzwxriTXcLtqQJQXThZrgCaiSUERdDZ9Ne95f"}}}
{"ts":1676918486399703214,"msg":"","group_id":"cypress-provider","run_id":"cfprsefrirfgkocko6m0","event":{"message_event":{"message":"Provided CID: QmTeC6qvToLwytK5uruQq4npHWezRWnRXjHm6Gn9h2tsFr"}}}
{"ts":1676918486456791423,"msg":"","group_id":"cypress-provider","run_id":"cfprsefrirfgkocko6m0","event":{"message_event":{"message":"Provided CID: QmQZkMNdV3rH6umvxCwWEdoj4TjWyAxNuLxbXEigd8iKqU"}}}
{"ts":1676918486501938256,"msg":"","group_id":"cypress-provider","run_id":"cfprsefrirfgkocko6m0","event":{"message_event":{"message":"Provided CID: QmeSZuScRfVhZy4U2CzqmAd5P8uxzgeW2nfbk2k4UyutkT"}}}
{"ts":1676918486510064506,"msg":"","group_id":"cypress-provider","run_id":"cfprsefrirfgkocko6m0","event":{"message_event":{"message":"Provided CID: QmQNSGk6KsGpAPPAL4PweycsHN5Te4YBvwQY8G9bYWRKpe"}}}
{"ts":1676918486538885589,"msg":"","group_id":"cypress-provider","run_id":"cfprsefrirfgkocko6m0","event":{"message_event":{"message":"Provided CID: QmQw6U12opixMzbVDc384vgh7sia5gUKajDD24oRLaLEqQ"}}}
{"ts":1676918486728668423,"msg":"","group_id":"cypress-provider","run_id":"cfprsefrirfgkocko6m0","event":{"message_event":{"message":"Provided CID: Qmbwx2wndEZeCm1257gtYyAeXrGNDStgm7YsufAHbyUkDc"}}}
{"ts":1676918486738882173,"msg":"","group_id":"cypress-provider","run_id":"cfprsefrirfgkocko6m0","event":{"message_event":{"message":"Provided CID: QmXyoMntxMK4Z9uuruxACuyTV7kwdSEyjtxNhWbznehRUr"}}}
{"ts":1676918486748753839,"msg":"","group_id":"cypress-provider","run_id":"cfprsefrirfgkocko6m0","event":{"message_event":{"message":"Provided CID: QmYFqavMPJvzLNnh6wYdHLAR7iiix7mPrpbJaXRGMVBxzb"}}}
{"ts":1676918486835389006,"msg":"","group_id":"cypress-provider","run_id":"cfprsefrirfgkocko6m0","event":{"message_event":{"message":"Provided CID: QmeT46kQsiffrH7MdGfNpkgaKGfKUnZw6bEw5APTU27WPz"}}}
{"ts":1676918486893678798,"msg":"","group_id":"cypress-provider","run_id":"cfprsefrirfgkocko6m0","event":{"message_event":{"message":"Provided CID: Qmbtbn2iDC1YBbrN2WYgyscVXM5vws3ZoA4gT8YKzKMXgX"}}}
{"ts":1676918486948488881,"msg":"","group_id":"cypress-provider","run_id":"cfprsefrirfgkocko6m0","event":{"message_event":{"message":"Provided CID: QmTzXCJwzJbtQxtpimCKwbyty4yPphQgGZQM2YRN45kMv2"}}}
{"ts":1676918487044682173,"msg":"","group_id":"cypress-provider","run_id":"cfprsefrirfgkocko6m0","event":{"message_event":{"message":"Provided CID: QmYigrr9erPWMnVKfw74wV1KvjZ18mtzEzv7iFbWDh5VdP"}}}
{"ts":1676918487437423631,"msg":"","group_id":"cypress-provider","run_id":"cfprsefrirfgkocko6m0","event":{"message_event":{"message":"Provided CID: QmSSrDtDK5LvFTnBAgNmjb5tRWcYuExu1qYLrXNv2UdzXE"}}}
{"ts":1676918487508163590,"msg":"","group_id":"cypress-provider","run_id":"cfprsefrirfgkocko6m0","event":{"message_event":{"message":"Provided CID: QmNj8PTJnf4fUCBd6EEAXcvMgfVMnt4CXFkPu968Fwg6YT"}}}
{"ts":1676918487526308715,"msg":"","group_id":"cypress-provider","run_id":"cfprsefrirfgkocko6m0","event":{"message_event":{"message":"name: signal provider-records1; uint: ns; time: %!d(float64=2.398958e+06)"}}}
{"ts":1676918487537004173,"msg":"","group_id":"cypress-provider","run_id":"cfprsefrirfgkocko6m0","event":{"message_event":{"message":"signal provider-records1%!(EXTRA float64=1.3092958e+07)"}}}
{"ts":1676918487569133007,"msg":"","group_id":"cypress-provider","run_id":"cfprsefrirfgkocko6m0","event":{"message_event":{"message":"name: barrier provider-records1; uint: ns; time: %!d(float64=417)"}}}
{"ts":1676918489455713507,"msg":"","group_id":"cypress-provider","run_id":"cfprsefrirfgkocko6m0","event":{"message_event":{"message":"barrierprovider-records1%!(EXTRA float64=1.886578418e+09)"}}}
{"ts":1676918489487696591,"msg":"","group_id":"cypress-provider","run_id":"cfprsefrirfgkocko6m0","event":{"message_event":{"message":"name: full provider-records1; uint: ns; time: %!d(float64=1.918564793e+09)"}}}
{"ts":1676918489522182674,"msg":"","group_id":"cypress-provider","run_id":"cfprsefrirfgkocko6m0","event":{"message_event":{"message":"full provider-records1%!(EXTRA float64=1.9324453925e+10)"}}}
{"ts":1676918513588538546,"msg":"","group_id":"cypress-provider","run_id":"cfprsefrirfgkocko6m0","event":{"message_event":{"message":"name: signal provider-records2; uint: ns; time: %!d(float64=4.481958e+06)"}}}
{"ts":1676918513604081963,"msg":"","group_id":"cypress-provider","run_id":"cfprsefrirfgkocko6m0","event":{"message_event":{"message":"signal provider-records2%!(EXTRA float64=2.0028291e+07)"}}}
{"ts":1676918513649402546,"msg":"","group_id":"cypress-provider","run_id":"cfprsefrirfgkocko6m0","event":{"message_event":{"message":"name: barrier provider-records2; uint: ns; time: %!d(float64=291)"}}}
{"ts":1676918515076862130,"msg":"","group_id":"cypress-provider","run_id":"cfprsefrirfgkocko6m0","event":{"message_event":{"message":"barrierprovider-records2%!(EXTRA float64=1.427463459e+09)"}}}
{"ts":1676918515125107672,"msg":"","group_id":"cypress-provider","run_id":"cfprsefrirfgkocko6m0","event":{"message_event":{"message":"name: full provider-records2; uint: ns; time: %!d(float64=1.475708042e+09)"}}}
{"ts":1676918515142857964,"msg":"","group_id":"cypress-provider","run_id":"cfprsefrirfgkocko6m0","event":{"message_event":{"message":"full provider-records2%!(EXTRA float64=2.4628099803e+10)"}}}
{"ts":1676918515299590589,"msg":"","group_id":"cypress-provider","run_id":"cfprsefrirfgkocko6m0","event":{"success_event":{"group":"cypress-provider"}}}
