{"level":"info","ts":1675721577631092920,"msg":"br","From":"12D3KooWGCvi3KESxsfJqabtDpZTviCeycABxLRtCPR7aQAdAwir","To":"12D3KooWGve8Xnd9qBGe7YSXskiD386LmWuWEhQjVhyLFQBiKou5"}
{"level":"info","ts":1675721577637730212,"msg":"br","From":"12D3KooWGCvi3KESxsfJqabtDpZTviCeycABxLRtCPR7aQAdAwir","To":"12D3KooWE2N9kXfsBWLWYdtaX9uY7HxJTfFmVFQFxvUXCQ6bT883"}
{"level":"info","ts":1675721577640378378,"msg":"br","From":"12D3KooWGCvi3KESxsfJqabtDpZTviCeycABxLRtCPR7aQAdAwir","To":"12D3KooWFB7QisaHRFaMwskj6JE4vuoruNMSRNL4pfL2WEReWzMd"}
{"level":"info","ts":1675721577644359212,"msg":"br","From":"12D3KooWGCvi3KESxsfJqabtDpZTviCeycABxLRtCPR7aQAdAwir","To":"12D3KooWGBv5oKekns7NunQ9FMNXihJvwyuELAcq84Z9Hxgc2PZh"}
{"level":"info","ts":1675721577646538503,"msg":"br","From":"12D3KooWGCvi3KESxsfJqabtDpZTviCeycABxLRtCPR7aQAdAwir","To":"12D3KooWGVijKpKXAveYbcCXhe8DhrykfXaehwPM6mcSgagqXkEg"}
{"level":"info","ts":1675721577657158878,"msg":"br","From":"12D3KooWGCvi3KESxsfJqabtDpZTviCeycABxLRtCPR7aQAdAwir","To":"12D3KooWL3XJ9EMCyZvmmGXL2LMiVBtrVa2BuESsJiXkSj7333Jw"}
{"level":"info","ts":1675721577661008295,"msg":"br","From":"12D3KooWGCvi3KESxsfJqabtDpZTviCeycABxLRtCPR7aQAdAwir","To":"12D3KooWM4yJB31d4hF2F9Vdwuj9WFo1qonoySyw4bVAQ9a9d21o"}
{"level":"info","ts":1675721577669177212,"msg":"br","From":"12D3KooWGCvi3KESxsfJqabtDpZTviCeycABxLRtCPR7aQAdAwir","To":"12D3KooWHHzSeKaY8xuZVzkLbKFfvNgPPeKhFBGrMbNzbm5akpqu"}
{"level":"info","ts":1675721577671672128,"msg":"br","From":"12D3KooWGCvi3KESxsfJqabtDpZTviCeycABxLRtCPR7aQAdAwir","To":"12D3KooWB1b3qZxWJanuhtseF3DmPggHCtG36KZ9ixkqHtdKH9fh"}
{"level":"info","ts":1675721577677194837,"msg":"br","From":"12D3KooWGCvi3KESxsfJqabtDpZTviCeycABxLRtCPR7aQAdAwir","To":"12D3KooWKwfWu3TQuPNRUfEjEYSANNDYvq2D2GuYdysyHcGHB58t"}
{"level":"info","ts":1675721577680786170,"msg":"br","From":"12D3KooWGCvi3KESxsfJqabtDpZTviCeycABxLRtCPR7aQAdAwir","To":"12D3KooWGEcD5sW5osB6LajkHGqiGc3W8eKfYwnJVVqfujkpLWX2"}
{"level":"info","ts":1675721577685515712,"msg":"br","From":"12D3KooWGCvi3KESxsfJqabtDpZTviCeycABxLRtCPR7aQAdAwir","To":"12D3KooWB224kvi7vN34xJfsfW7bnv6eodxTkgo9VFA6UiaGMgRD"}
{"level":"info","ts":1675721577689485337,"msg":"br","From":"12D3KooWGCvi3KESxsfJqabtDpZTviCeycABxLRtCPR7aQAdAwir","To":"12D3KooWKRyzVWW6ChFjQjK4miCty85Niy49tpPV95XdKu1BcvMA"}
{"level":"info","ts":1675721577704507420,"msg":"br","From":"12D3KooWGCvi3KESxsfJqabtDpZTviCeycABxLRtCPR7aQAdAwir","To":"12D3KooWNc5rNmCJ9yvXviXaENnp7vqDQjomZwia4aA7Q3hSYkiW"}
{"level":"info","ts":1675721578587374004,"msg":"ar","From":"12D3KooWGCvi3KESxsfJqabtDpZTviCeycABxLRtCPR7aQAdAwir","To":"12D3KooWCv935r3ropYhUe5yMCp9QiUoc9A6cZpYQ5x84DqEPbwb"}
{"level":"info","ts":1675721578641261837,"msg":"ar","From":"12D3KooWGCvi3KESxsfJqabtDpZTviCeycABxLRtCPR7aQAdAwir","To":"12D3KooWL3XJ9EMCyZvmmGXL2LMiVBtrVa2BuESsJiXkSj7333Jw"}
{"level":"info","ts":1675721578704553796,"msg":"ar","From":"12D3KooWGCvi3KESxsfJqabtDpZTviCeycABxLRtCPR7aQAdAwir","To":"12D3KooWCR2EoapJjoQVR4E3NLjWn818gG3XizQ92Yx6C424HL2g"}
{"level":"info","ts":1675721578711038046,"msg":"ar","From":"12D3KooWGCvi3KESxsfJqabtDpZTviCeycABxLRtCPR7aQAdAwir","To":"12D3KooWE4qDcRrueTuRYWUdQZgcy7APZqBngVeXRt4Y6ytHizKV"}
{"level":"info","ts":1675721578717093921,"msg":"ar","From":"12D3KooWGCvi3KESxsfJqabtDpZTviCeycABxLRtCPR7aQAdAwir","To":"12D3KooWPwVR5DRz8H7Qvmp1i7c3BmEJLsbXBvLBCDY5tikyx2yu"}
{"level":"info","ts":1675721578748195629,"msg":"ar","From":"12D3KooWGCvi3KESxsfJqabtDpZTviCeycABxLRtCPR7aQAdAwir","To":"12D3KooWHHzSeKaY8xuZVzkLbKFfvNgPPeKhFBGrMbNzbm5akpqu"}
{"level":"info","ts":1675721578763547837,"msg":"ar","From":"12D3KooWGCvi3KESxsfJqabtDpZTviCeycABxLRtCPR7aQAdAwir","To":"12D3KooWB1b3qZxWJanuhtseF3DmPggHCtG36KZ9ixkqHtdKH9fh"}
{"level":"info","ts":1675721578770204171,"msg":"ar","From":"12D3KooWGCvi3KESxsfJqabtDpZTviCeycABxLRtCPR7aQAdAwir","To":"12D3KooWBHDsBRbrf52fh6czkYXYY3tTk4fSfen3ZWvYEzFeHM2g"}
{"level":"info","ts":1675721578802438546,"msg":"ar","From":"12D3KooWGCvi3KESxsfJqabtDpZTviCeycABxLRtCPR7aQAdAwir","To":"12D3KooWGBmjmt6Am4j4CWyLRd36hqj1dDKstAyLaeePmEUt7cUp"}
{"level":"info","ts":1675721578813314796,"msg":"ar","From":"12D3KooWGCvi3KESxsfJqabtDpZTviCeycABxLRtCPR7aQAdAwir","To":"12D3KooWM4yJB31d4hF2F9Vdwuj9WFo1qonoySyw4bVAQ9a9d21o"}
{"level":"info","ts":1675721578839207921,"msg":"ar","From":"12D3KooWGCvi3KESxsfJqabtDpZTviCeycABxLRtCPR7aQAdAwir","To":"12D3KooWGEcD5sW5osB6LajkHGqiGc3W8eKfYwnJVVqfujkpLWX2"}
{"level":"info","ts":1675721578854441796,"msg":"ar","From":"12D3KooWGCvi3KESxsfJqabtDpZTviCeycABxLRtCPR7aQAdAwir","To":"12D3KooWKwfWu3TQuPNRUfEjEYSANNDYvq2D2GuYdysyHcGHB58t"}
{"level":"info","ts":1675721578866792462,"msg":"ar","From":"12D3KooWGCvi3KESxsfJqabtDpZTviCeycABxLRtCPR7aQAdAwir","To":"12D3KooWKVutoujmd2QtYCFPk6WtyU9xvAgYxFXvqLVGcBHocnmG"}
{"level":"info","ts":1675721578886119546,"msg":"ar","From":"12D3KooWGCvi3KESxsfJqabtDpZTviCeycABxLRtCPR7aQAdAwir","To":"12D3KooWFqdBYPrtwErMosomvD4uRtVhXQdqqZZHC3NCBZYVxr4t"}
{"level":"info","ts":1675721578892764587,"msg":"ar","From":"12D3KooWGCvi3KESxsfJqabtDpZTviCeycABxLRtCPR7aQAdAwir","To":"12D3KooWNc5rNmCJ9yvXviXaENnp7vqDQjomZwia4aA7Q3hSYkiW"}
{"level":"info","ts":1675721578901669962,"msg":"ar","From":"12D3KooWGCvi3KESxsfJqabtDpZTviCeycABxLRtCPR7aQAdAwir","To":"12D3KooWB224kvi7vN34xJfsfW7bnv6eodxTkgo9VFA6UiaGMgRD"}
{"level":"info","ts":1675721578935255671,"msg":"ar","From":"12D3KooWGCvi3KESxsfJqabtDpZTviCeycABxLRtCPR7aQAdAwir","To":"12D3KooWKRyzVWW6ChFjQjK4miCty85Niy49tpPV95XdKu1BcvMA"}
{"level":"info","ts":1675721578951573337,"msg":"ar","From":"12D3KooWGCvi3KESxsfJqabtDpZTviCeycABxLRtCPR7aQAdAwir","To":"12D3KooWGFLL95aAHX7AJZzSn9vFY49znDxeaGPU14TKzrHP7ygU"}
{"level":"info","ts":1675721578968586004,"msg":"ar","From":"12D3KooWGCvi3KESxsfJqabtDpZTviCeycABxLRtCPR7aQAdAwir","To":"12D3KooWEiCzB4bVxyxYwB7xpSvra1Yz1SB39kih4qHpFjDWoC9J"}
{"level":"info","ts":1675721578986712629,"msg":"ar","From":"12D3KooWGCvi3KESxsfJqabtDpZTviCeycABxLRtCPR7aQAdAwir","To":"12D3KooWGve8Xnd9qBGe7YSXskiD386LmWuWEhQjVhyLFQBiKou5"}
{"level":"info","ts":1675721579049734171,"msg":"ar","From":"12D3KooWGCvi3KESxsfJqabtDpZTviCeycABxLRtCPR7aQAdAwir","To":"12D3KooWE2N9kXfsBWLWYdtaX9uY7HxJTfFmVFQFxvUXCQ6bT883"}
{"level":"info","ts":1675721579071768879,"msg":"ar","From":"12D3KooWGCvi3KESxsfJqabtDpZTviCeycABxLRtCPR7aQAdAwir","To":"12D3KooWGVijKpKXAveYbcCXhe8DhrykfXaehwPM6mcSgagqXkEg"}
{"level":"info","ts":1675721579105049962,"msg":"ar","From":"12D3KooWGCvi3KESxsfJqabtDpZTviCeycABxLRtCPR7aQAdAwir","To":"12D3KooWFB7QisaHRFaMwskj6JE4vuoruNMSRNL4pfL2WEReWzMd"}
{"level":"info","ts":1675721579127455546,"msg":"ar","From":"12D3KooWGCvi3KESxsfJqabtDpZTviCeycABxLRtCPR7aQAdAwir","To":"12D3KooWGBv5oKekns7NunQ9FMNXihJvwyuELAcq84Z9Hxgc2PZh"}
{"level":"info","ts":1675721579135395629,"msg":"ar","From":"12D3KooWGCvi3KESxsfJqabtDpZTviCeycABxLRtCPR7aQAdAwir","To":"12D3KooWRuYVGEsecrJJhZsSoKf1UNdBVYKFCmFLNj9ucZiSQCYj"}
{"level":"info","ts":1675721583078211714,"msg":"at","From":"12D3KooWGCvi3KESxsfJqabtDpZTviCeycABxLRtCPR7aQAdAwir","To":"12D3KooWNc5rNmCJ9yvXviXaENnp7vqDQjomZwia4aA7Q3hSYkiW"}
{"level":"info","ts":1675721583121516714,"msg":"at","From":"12D3KooWGCvi3KESxsfJqabtDpZTviCeycABxLRtCPR7aQAdAwir","To":"12D3KooWB224kvi7vN34xJfsfW7bnv6eodxTkgo9VFA6UiaGMgRD"}
{"level":"info","ts":1675721583127158423,"msg":"at","From":"12D3KooWGCvi3KESxsfJqabtDpZTviCeycABxLRtCPR7aQAdAwir","To":"12D3KooWKRyzVWW6ChFjQjK4miCty85Niy49tpPV95XdKu1BcvMA"}
{"level":"info","ts":1675721583142396923,"msg":"at","From":"12D3KooWGCvi3KESxsfJqabtDpZTviCeycABxLRtCPR7aQAdAwir","To":"12D3KooWGve8Xnd9qBGe7YSXskiD386LmWuWEhQjVhyLFQBiKou5"}
{"level":"info","ts":1675721583147313506,"msg":"at","From":"12D3KooWGCvi3KESxsfJqabtDpZTviCeycABxLRtCPR7aQAdAwir","To":"12D3KooWE2N9kXfsBWLWYdtaX9uY7HxJTfFmVFQFxvUXCQ6bT883"}
{"level":"info","ts":1675721583158626964,"msg":"at","From":"12D3KooWGCvi3KESxsfJqabtDpZTviCeycABxLRtCPR7aQAdAwir","To":"12D3KooWGVijKpKXAveYbcCXhe8DhrykfXaehwPM6mcSgagqXkEg"}
{"level":"info","ts":1675721583164229131,"msg":"at","From":"12D3KooWGCvi3KESxsfJqabtDpZTviCeycABxLRtCPR7aQAdAwir","To":"12D3KooWFB7QisaHRFaMwskj6JE4vuoruNMSRNL4pfL2WEReWzMd"}
{"level":"info","ts":1675721583177340423,"msg":"at","From":"12D3KooWGCvi3KESxsfJqabtDpZTviCeycABxLRtCPR7aQAdAwir","To":"12D3KooWGBv5oKekns7NunQ9FMNXihJvwyuELAcq84Z9Hxgc2PZh"}
{"level":"info","ts":1675721583197193714,"msg":"at","From":"12D3KooWGCvi3KESxsfJqabtDpZTviCeycABxLRtCPR7aQAdAwir","To":"12D3KooWCv935r3ropYhUe5yMCp9QiUoc9A6cZpYQ5x84DqEPbwb"}
{"level":"info","ts":1675721583219940881,"msg":"at","From":"12D3KooWGCvi3KESxsfJqabtDpZTviCeycABxLRtCPR7aQAdAwir","To":"12D3KooWL3XJ9EMCyZvmmGXL2LMiVBtrVa2BuESsJiXkSj7333Jw"}
{"level":"info","ts":1675721583223567298,"msg":"at","From":"12D3KooWGCvi3KESxsfJqabtDpZTviCeycABxLRtCPR7aQAdAwir","To":"12D3KooWE4qDcRrueTuRYWUdQZgcy7APZqBngVeXRt4Y6ytHizKV"}
{"level":"info","ts":1675721583234467173,"msg":"at","From":"12D3KooWGCvi3KESxsfJqabtDpZTviCeycABxLRtCPR7aQAdAwir","To":"12D3KooWPwVR5DRz8H7Qvmp1i7c3BmEJLsbXBvLBCDY5tikyx2yu"}
{"level":"info","ts":1675721583240482548,"msg":"at","From":"12D3KooWGCvi3KESxsfJqabtDpZTviCeycABxLRtCPR7aQAdAwir","To":"12D3KooWM4yJB31d4hF2F9Vdwuj9WFo1qonoySyw4bVAQ9a9d21o"}
{"level":"info","ts":1675721583251768714,"msg":"at","From":"12D3KooWGCvi3KESxsfJqabtDpZTviCeycABxLRtCPR7aQAdAwir","To":"12D3KooWHHzSeKaY8xuZVzkLbKFfvNgPPeKhFBGrMbNzbm5akpqu"}
{"level":"info","ts":1675721583257372798,"msg":"at","From":"12D3KooWGCvi3KESxsfJqabtDpZTviCeycABxLRtCPR7aQAdAwir","To":"12D3KooWB1b3qZxWJanuhtseF3DmPggHCtG36KZ9ixkqHtdKH9fh"}
{"level":"info","ts":1675721583260722173,"msg":"at","From":"12D3KooWGCvi3KESxsfJqabtDpZTviCeycABxLRtCPR7aQAdAwir","To":"12D3KooWGEcD5sW5osB6LajkHGqiGc3W8eKfYwnJVVqfujkpLWX2"}
{"level":"info","ts":1675721583278690756,"msg":"at","From":"12D3KooWGCvi3KESxsfJqabtDpZTviCeycABxLRtCPR7aQAdAwir","To":"12D3KooWKwfWu3TQuPNRUfEjEYSANNDYvq2D2GuYdysyHcGHB58t"}
{"level":"info","ts":1675721584243014173,"msg":"ab","From":"12D3KooWGCvi3KESxsfJqabtDpZTviCeycABxLRtCPR7aQAdAwir","To":"12D3KooWHHzSeKaY8xuZVzkLbKFfvNgPPeKhFBGrMbNzbm5akpqu"}
{"level":"info","ts":1675721584251956423,"msg":"ab","From":"12D3KooWGCvi3KESxsfJqabtDpZTviCeycABxLRtCPR7aQAdAwir","To":"12D3KooWB1b3qZxWJanuhtseF3DmPggHCtG36KZ9ixkqHtdKH9fh"}
{"level":"info","ts":1675721584273154257,"msg":"ab","From":"12D3KooWGCvi3KESxsfJqabtDpZTviCeycABxLRtCPR7aQAdAwir","To":"12D3KooWM4yJB31d4hF2F9Vdwuj9WFo1qonoySyw4bVAQ9a9d21o"}
{"level":"info","ts":1675721584280222882,"msg":"ab","From":"12D3KooWGCvi3KESxsfJqabtDpZTviCeycABxLRtCPR7aQAdAwir","To":"12D3KooWGEcD5sW5osB6LajkHGqiGc3W8eKfYwnJVVqfujkpLWX2"}
{"level":"info","ts":1675721584286696757,"msg":"ab","From":"12D3KooWGCvi3KESxsfJqabtDpZTviCeycABxLRtCPR7aQAdAwir","To":"12D3KooWNc5rNmCJ9yvXviXaENnp7vqDQjomZwia4aA7Q3hSYkiW"}
{"level":"info","ts":1675721584306625673,"msg":"ab","From":"12D3KooWGCvi3KESxsfJqabtDpZTviCeycABxLRtCPR7aQAdAwir","To":"12D3KooWB224kvi7vN34xJfsfW7bnv6eodxTkgo9VFA6UiaGMgRD"}
{"level":"info","ts":1675721584311208965,"msg":"ab","From":"12D3KooWGCvi3KESxsfJqabtDpZTviCeycABxLRtCPR7aQAdAwir","To":"12D3KooWKRyzVWW6ChFjQjK4miCty85Niy49tpPV95XdKu1BcvMA"}
{"level":"info","ts":1675721584322443173,"msg":"ab","From":"12D3KooWGCvi3KESxsfJqabtDpZTviCeycABxLRtCPR7aQAdAwir","To":"12D3KooWGve8Xnd9qBGe7YSXskiD386LmWuWEhQjVhyLFQBiKou5"}
{"level":"info","ts":1675721584377219173,"msg":"ab","From":"12D3KooWGCvi3KESxsfJqabtDpZTviCeycABxLRtCPR7aQAdAwir","To":"12D3KooWE2N9kXfsBWLWYdtaX9uY7HxJTfFmVFQFxvUXCQ6bT883"}
{"level":"info","ts":1675721584388062423,"msg":"ab","From":"12D3KooWGCvi3KESxsfJqabtDpZTviCeycABxLRtCPR7aQAdAwir","To":"12D3KooWGVijKpKXAveYbcCXhe8DhrykfXaehwPM6mcSgagqXkEg"}
{"level":"info","ts":1675721584408171048,"msg":"ab","From":"12D3KooWGCvi3KESxsfJqabtDpZTviCeycABxLRtCPR7aQAdAwir","To":"12D3KooWFB7QisaHRFaMwskj6JE4vuoruNMSRNL4pfL2WEReWzMd"}
{"level":"info","ts":1675721584415472298,"msg":"ab","From":"12D3KooWGCvi3KESxsfJqabtDpZTviCeycABxLRtCPR7aQAdAwir","To":"12D3KooWGBv5oKekns7NunQ9FMNXihJvwyuELAcq84Z9Hxgc2PZh"}
{"level":"info","ts":1675721584429049257,"msg":"ab","From":"12D3KooWGCvi3KESxsfJqabtDpZTviCeycABxLRtCPR7aQAdAwir","To":"12D3KooWL3XJ9EMCyZvmmGXL2LMiVBtrVa2BuESsJiXkSj7333Jw"}
{"level":"info","ts":1675721639378519129,"msg":"after_provide","From":"12D3KooWGCvi3KESxsfJqabtDpZTviCeycABxLRtCPR7aQAdAwir","To":"12D3KooWB1b3qZxWJanuhtseF3DmPggHCtG36KZ9ixkqHtdKH9fh"}
{"level":"info","ts":1675721639460039629,"msg":"after_provide","From":"12D3KooWGCvi3KESxsfJqabtDpZTviCeycABxLRtCPR7aQAdAwir","To":"12D3KooWNentwzsa1BpUkXPJWYBg3riYQ64XM9JUCfoVt4KqwKdw"}
{"level":"info","ts":1675721639540949629,"msg":"after_provide","From":"12D3KooWGCvi3KESxsfJqabtDpZTviCeycABxLRtCPR7aQAdAwir","To":"12D3KooWM4yJB31d4hF2F9Vdwuj9WFo1qonoySyw4bVAQ9a9d21o"}
{"level":"info","ts":1675721639553349879,"msg":"after_provide","From":"12D3KooWGCvi3KESxsfJqabtDpZTviCeycABxLRtCPR7aQAdAwir","To":"12D3KooWGBmjmt6Am4j4CWyLRd36hqj1dDKstAyLaeePmEUt7cUp"}
{"level":"info","ts":1675721639579652379,"msg":"after_provide","From":"12D3KooWGCvi3KESxsfJqabtDpZTviCeycABxLRtCPR7aQAdAwir","To":"12D3KooWHHzSeKaY8xuZVzkLbKFfvNgPPeKhFBGrMbNzbm5akpqu"}
{"level":"info","ts":1675721639593422254,"msg":"after_provide","From":"12D3KooWGCvi3KESxsfJqabtDpZTviCeycABxLRtCPR7aQAdAwir","To":"12D3KooWKwfWu3TQuPNRUfEjEYSANNDYvq2D2GuYdysyHcGHB58t"}
{"level":"info","ts":1675721639610442004,"msg":"after_provide","From":"12D3KooWGCvi3KESxsfJqabtDpZTviCeycABxLRtCPR7aQAdAwir","To":"12D3KooWKVutoujmd2QtYCFPk6WtyU9xvAgYxFXvqLVGcBHocnmG"}
{"level":"info","ts":1675721639631949338,"msg":"after_provide","From":"12D3KooWGCvi3KESxsfJqabtDpZTviCeycABxLRtCPR7aQAdAwir","To":"12D3KooWNc5rNmCJ9yvXviXaENnp7vqDQjomZwia4aA7Q3hSYkiW"}
{"level":"info","ts":1675721639734447296,"msg":"after_provide","From":"12D3KooWGCvi3KESxsfJqabtDpZTviCeycABxLRtCPR7aQAdAwir","To":"12D3KooWKRyzVWW6ChFjQjK4miCty85Niy49tpPV95XdKu1BcvMA"}
{"level":"info","ts":1675721639764493921,"msg":"after_provide","From":"12D3KooWGCvi3KESxsfJqabtDpZTviCeycABxLRtCPR7aQAdAwir","To":"12D3KooWFqdBYPrtwErMosomvD4uRtVhXQdqqZZHC3NCBZYVxr4t"}
{"level":"info","ts":1675721639778344379,"msg":"after_provide","From":"12D3KooWGCvi3KESxsfJqabtDpZTviCeycABxLRtCPR7aQAdAwir","To":"12D3KooWGve8Xnd9qBGe7YSXskiD386LmWuWEhQjVhyLFQBiKou5"}
{"level":"info","ts":1675721639814258588,"msg":"after_provide","From":"12D3KooWGCvi3KESxsfJqabtDpZTviCeycABxLRtCPR7aQAdAwir","To":"12D3KooWE2N9kXfsBWLWYdtaX9uY7HxJTfFmVFQFxvUXCQ6bT883"}
{"level":"info","ts":1675721639828590671,"msg":"after_provide","From":"12D3KooWGCvi3KESxsfJqabtDpZTviCeycABxLRtCPR7aQAdAwir","To":"12D3KooWEiCzB4bVxyxYwB7xpSvra1Yz1SB39kih4qHpFjDWoC9J"}
{"level":"info","ts":1675721639871136338,"msg":"after_provide","From":"12D3KooWGCvi3KESxsfJqabtDpZTviCeycABxLRtCPR7aQAdAwir","To":"12D3KooWGVijKpKXAveYbcCXhe8DhrykfXaehwPM6mcSgagqXkEg"}
{"level":"info","ts":1675721639903540129,"msg":"after_provide","From":"12D3KooWGCvi3KESxsfJqabtDpZTviCeycABxLRtCPR7aQAdAwir","To":"12D3KooWFB7QisaHRFaMwskj6JE4vuoruNMSRNL4pfL2WEReWzMd"}
{"level":"info","ts":1675721639925570921,"msg":"after_provide","From":"12D3KooWGCvi3KESxsfJqabtDpZTviCeycABxLRtCPR7aQAdAwir","To":"12D3KooWGBv5oKekns7NunQ9FMNXihJvwyuELAcq84Z9Hxgc2PZh"}
{"level":"info","ts":1675721639939345129,"msg":"after_provide","From":"12D3KooWGCvi3KESxsfJqabtDpZTviCeycABxLRtCPR7aQAdAwir","To":"12D3KooWCR2EoapJjoQVR4E3NLjWn818gG3XizQ92Yx6C424HL2g"}
{"level":"info","ts":1675721639959865046,"msg":"after_provide","From":"12D3KooWGCvi3KESxsfJqabtDpZTviCeycABxLRtCPR7aQAdAwir","To":"12D3KooWL3XJ9EMCyZvmmGXL2LMiVBtrVa2BuESsJiXkSj7333Jw"}
{"level":"info","ts":1675721639979550088,"msg":"after_provide","From":"12D3KooWGCvi3KESxsfJqabtDpZTviCeycABxLRtCPR7aQAdAwir","To":"12D3KooWCv935r3ropYhUe5yMCp9QiUoc9A6cZpYQ5x84DqEPbwb"}
{"level":"info","ts":1675721640066292713,"msg":"after_provide","From":"12D3KooWGCvi3KESxsfJqabtDpZTviCeycABxLRtCPR7aQAdAwir","To":"12D3KooWPwVR5DRz8H7Qvmp1i7c3BmEJLsbXBvLBCDY5tikyx2yu"}
{"level":"info","ts":1675721640130616171,"msg":"after_provide","From":"12D3KooWGCvi3KESxsfJqabtDpZTviCeycABxLRtCPR7aQAdAwir","To":"12D3KooWE4qDcRrueTuRYWUdQZgcy7APZqBngVeXRt4Y6ytHizKV"}
