{"ts":1675455242554866053,"msg":"","group_id":"cypress-provider","run_id":"cfemk97rirfsub367ue0","event":{"message_event":{"message":"registering default http handler at: http://[::]:6060/ (pprof: http://[::]:6060/debug/pprof/)"}}}
{"ts":1675455242561600928,"msg":"","group_id":"cypress-provider","run_id":"cfemk97rirfsub367ue0","event":{"start_event":{"runenv":{"plan":"dht","case":"find-providers","run":"cfemk97rirfsub367ue0","params":{"alpha":"10","auto_refresh":"true","beta":"3","bootstrapper":"true","bs_strategy":"3","bucket_size":"20","client_mode":"false","datastore":"0","expect_dht":"true","group_order":"1","latency":"1000","peer_id_seed":"0","random_walk":"false","record_count":"20","record_seed":"0","search_records":"true","timeout_secs":"2000","undialable":"false"},"instances":40,"outputs_path":"/outputs","temp_path":"/temp","network":"16.116.0.0/16","group":"cypress-provider","group_instances":40}}}}
{"ts":1675455242653882845,"msg":"","group_id":"cypress-provider","run_id":"cfemk97rirfsub367ue0","event":{"message_event":{"message":"waiting for network to initialize"}}}
{"ts":1675455243021834179,"msg":"","group_id":"cypress-provider","run_id":"cfemk97rirfsub367ue0","event":{"message_event":{"message":"network initialisation successful"}}}
{"ts":1675455243065758554,"msg":"","group_id":"cypress-provider","run_id":"cfemk97rirfsub367ue0","event":{"message_event":{"message":"network initialization complete"}}}
{"ts":1675455243366519012,"msg":"","group_id":"cypress-provider","run_id":"cfemk97rirfsub367ue0","event":{"message_event":{"message":"claimed sequence numbers; global=40, group(cypress-provider)=40"}}}
{"ts":1675455243390525721,"msg":"","group_id":"cypress-provider","run_id":"cfemk97rirfsub367ue0","event":{"message_event":{"message":"Finding providers"}}}
{"ts":1675455243947754429,"msg":"","group_id":"cypress-provider","run_id":"cfemk97rirfsub367ue0","event":{"message_event":{"message":"network initialisation successful"}}}
{"ts":1675455244094598721,"msg":"","group_id":"cypress-provider","run_id":"cfemk97rirfsub367ue0","event":{"message_event":{"message":"SetupNetwork, network setup completed"}}}
{"ts":1675455245078911680,"msg":"","group_id":"cypress-provider","run_id":"cfemk97rirfsub367ue0","event":{"message_event":{"message":"there are 1 groups map[cypress-provider:0x40015f0570]"}}}
{"ts":1675455245098119721,"msg":"","group_id":"cypress-provider","run_id":"cfemk97rirfsub367ue0","event":{"message_event":{"message":"setGroupInfo, sortedGroup:%!(EXTRA []string=[cypress-provider])"}}}
{"ts":1675455245110367096,"msg":"","group_id":"cypress-provider","run_id":"cfemk97rirfsub367ue0","event":{"message_event":{"message":"past group info"}}}
{"ts":1675455245133890388,"msg":"","group_id":"cypress-provider","run_id":"cfemk97rirfsub367ue0","event":{"message_event":{"message":"connmgr parameters: hi=12, lo=6"}}}
{"ts":1675455245182482013,"msg":"","group_id":"cypress-provider","run_id":"cfemk97rirfsub367ue0","event":{"message_event":{"message":"creating DHT"}}}
{"ts":1675455245200881305,"msg":"","group_id":"cypress-provider","run_id":"cfemk97rirfsub367ue0","event":{"message_event":{"message":"creating DHT successful"}}}
{"ts":1675455245216936388,"msg":"","group_id":"cypress-provider","run_id":"cfemk97rirfsub367ue0","event":{"message_event":{"message":"supporting protocol:%!(EXTRA string=/p2p/id/delta/1.0.0)"}}}
{"ts":1675455245225823930,"msg":"","group_id":"cypress-provider","run_id":"cfemk97rirfsub367ue0","event":{"message_event":{"message":"supporting protocol:%!(EXTRA string=/ipfs/id/1.0.0)"}}}
{"ts":1675455245246673888,"msg":"","group_id":"cypress-provider","run_id":"cfemk97rirfsub367ue0","event":{"message_event":{"message":"supporting protocol:%!(EXTRA string=/ipfs/id/push/1.0.0)"}}}
{"ts":1675455245251424763,"msg":"","group_id":"cypress-provider","run_id":"cfemk97rirfsub367ue0","event":{"message_event":{"message":"supporting protocol:%!(EXTRA string=/ipfs/ping/1.0.0)"}}}
{"ts":1675455245274661180,"msg":"","group_id":"cypress-provider","run_id":"cfemk97rirfsub367ue0","event":{"message_event":{"message":"supporting protocol:%!(EXTRA string=/libp2p/circuit/relay/0.1.0)"}}}
{"ts":1675455245301636263,"msg":"","group_id":"cypress-provider","run_id":"cfemk97rirfsub367ue0","event":{"message_event":{"message":"supporting protocol:%!(EXTRA string=/libp2p/circuit/relay/0.2.0/stop)"}}}
{"ts":1675455245307643013,"msg":"","group_id":"cypress-provider","run_id":"cfemk97rirfsub367ue0","event":{"message_event":{"message":"supporting protocol:%!(EXTRA string=/libp2p/autonat/1.0.0)"}}}
{"ts":1675455245324765596,"msg":"","group_id":"cypress-provider","run_id":"cfemk97rirfsub367ue0","event":{"message_event":{"message":"supporting protocol:%!(EXTRA string=/testground/kad/1.0.0)"}}}
{"ts":1675455246246444930,"msg":"","group_id":"cypress-provider","run_id":"cfemk97rirfsub367ue0","event":{"message_event":{"message":"19 is waiting on 0 from state 0"}}}
{"ts":1675455246284699972,"msg":"requested a barrier with target zero; satisfying immediately","group_id":"cypress-provider","run_id":"cfemk97rirfsub367ue0","state":"boostrap-gradual1-0"}
{"ts":1675455246290695264,"msg":"","group_id":"cypress-provider","run_id":"cfemk97rirfsub367ue0","event":{"message_event":{"message":"19 is running"}}}
{"ts":1675455246373914347,"msg":"","group_id":"cypress-provider","run_id":"cfemk97rirfsub367ue0","event":{"message_event":{"message":"Dial to all other peers"}}}
{"ts":1675455246412370097,"msg":"","group_id":"cypress-provider","run_id":"cfemk97rirfsub367ue0","event":{"message_event":{"message":"dialling peer 12D3KooWPgam4TzSVCRa4AbhxQnM9abCYR4E9hV57SN7eAjEYn1j (attempt 1)"}}}
{"ts":1675455246547442389,"msg":"","group_id":"cypress-provider","run_id":"cfemk97rirfsub367ue0","event":{"message_event":{"message":"Connect, successfully dialed peer: %!(EXTRA peer.AddrInfo={12D3KooWPgam4TzSVCRa4AbhxQnM9abCYR4E9hV57SN7eAjEYn1j: [/ip4/16.116.0.31/tcp/44399]})"}}}
{"ts":1675455246557431764,"msg":"","group_id":"cypress-provider","run_id":"cfemk97rirfsub367ue0","event":{"message_event":{"message":"dialling peer 12D3KooWEiCzB4bVxyxYwB7xpSvra1Yz1SB39kih4qHpFjDWoC9J (attempt 1)"}}}
{"ts":1675455246698740264,"msg":"","group_id":"cypress-provider","run_id":"cfemk97rirfsub367ue0","event":{"message_event":{"message":"Connect, successfully dialed peer: %!(EXTRA peer.AddrInfo={12D3KooWEiCzB4bVxyxYwB7xpSvra1Yz1SB39kih4qHpFjDWoC9J: [/ip4/16.116.0.40/tcp/35905]})"}}}
{"ts":1675455246789781333,"msg":"","group_id":"cypress-provider","run_id":"cfemk97rirfsub367ue0","event":{"message_event":{"message":"dialling peer 12D3KooWGEcD5sW5osB6LajkHGqiGc3W8eKfYwnJVVqfujkpLWX2 (attempt 1)"}}}
{"ts":1675455247203923458,"msg":"","group_id":"cypress-provider","run_id":"cfemk97rirfsub367ue0","event":{"message_event":{"message":"Connect, successfully dialed peer: %!(EXTRA peer.AddrInfo={12D3KooWGEcD5sW5osB6LajkHGqiGc3W8eKfYwnJVVqfujkpLWX2: [/ip4/16.116.0.5/tcp/42827]})"}}}
{"ts":1675455278497821959,"msg":"","group_id":"cypress-provider","run_id":"cfemk97rirfsub367ue0","event":{"message_event":{"message":"bootstrap: everyone table ready"}}}
{"ts":1675455279535246959,"msg":"","group_id":"cypress-provider","run_id":"cfemk97rirfsub367ue0","event":{"message_event":{"message":"19 is done - waiting for 39"}}}
{"ts":1675455280427996043,"msg":"","group_id":"cypress-provider","run_id":"cfemk97rirfsub367ue0","event":{"message_event":{"message":"19 passed the barrier"}}}
{"ts":1675455282458530211,"msg":"","group_id":"cypress-provider","run_id":"cfemk97rirfsub367ue0","event":{"message_event":{"message":"bootstrap: begin trim"}}}
{"ts":1675455283335262461,"msg":"","group_id":"cypress-provider","run_id":"cfemk97rirfsub367ue0","event":{"message_event":{"message":"name: signal bootstrapping0; uint: ns; time: %!d(float64=1.0115792e+07)"}}}
{"ts":1675455283361199128,"msg":"","group_id":"cypress-provider","run_id":"cfemk97rirfsub367ue0","event":{"message_event":{"message":"signal bootstrapping0%!(EXTRA float64=3.6042042e+07)"}}}
{"ts":1675455283380777919,"msg":"","group_id":"cypress-provider","run_id":"cfemk97rirfsub367ue0","event":{"message_event":{"message":"name: barrier bootstrapping0; uint: ns; time: %!d(float64=458)"}}}
{"ts":1675455283478710336,"msg":"","group_id":"cypress-provider","run_id":"cfemk97rirfsub367ue0","event":{"message_event":{"message":"barrierbootstrapping0%!(EXTRA float64=9.7936708e+07)"}}}
{"ts":1675455283525991711,"msg":"","group_id":"cypress-provider","run_id":"cfemk97rirfsub367ue0","event":{"message_event":{"message":"name: full bootstrapping0; uint: ns; time: %!d(float64=1.45217083e+08)"}}}
{"ts":1675455283539758669,"msg":"","group_id":"cypress-provider","run_id":"cfemk97rirfsub367ue0","event":{"message_event":{"message":"full bootstrapping0%!(EXTRA float64=3.7296986225e+10)"}}}
{"ts":1675455284341085795,"msg":"","group_id":"cypress-provider","run_id":"cfemk97rirfsub367ue0","event":{"message_event":{"message":"bootstrap: finished with 28 connections, 39 in the routing table"}}}
{"ts":1675455284355934003,"msg":"","group_id":"cypress-provider","run_id":"cfemk97rirfsub367ue0","event":{"message_event":{"message":"table health: {\"IdealDepth\":5,\"ActualDepth\":9,\"Bucket\":[{\"Depth\":1,\"MaxKnownContacts\":16,\"ActualKnownContacts\":16,\"ActualUnknownContacts\":0},{\"Depth\":2,\"MaxKnownContacts\":10,\"ActualKnownContacts\":10,\"ActualUnknownContacts\":0},{\"Depth\":3,\"MaxKnownContacts\":6,\"ActualKnownContacts\":6,\"ActualUnknownContacts\":0},{\"Depth\":4,\"MaxKnownContacts\":3,\"ActualKnownContacts\":3,\"ActualUnknownContacts\":0},{\"Depth\":5,\"MaxKnownContacts\":0,\"ActualKnownContacts\":0,\"ActualUnknownContacts\":0},{\"Depth\":5,\"MaxKnownContacts\":3,\"ActualKnownContacts\":3,\"ActualUnknownContacts\":0},{\"Depth\":6,\"MaxKnownContacts\":0,\"ActualKnownContacts\":0,\"ActualUnknownContacts\":0},{\"Depth\":7,\"MaxKnownContacts\":0,\"ActualKnownContacts\":0,\"ActualUnknownContacts\":0},{\"Depth\":9,\"MaxKnownContacts\":1,\"ActualKnownContacts\":1,\"ActualUnknownContacts\":0}]}"}}}
{"ts":1675455284366267836,"msg":"","group_id":"cypress-provider","run_id":"cfemk97rirfsub367ue0","event":{"message_event":{"message":"bootstrap: done"}}}
{"ts":1675455284394071545,"msg":"","group_id":"cypress-provider","run_id":"cfemk97rirfsub367ue0","event":{"message_event":{"message":"Bootstrap phase ended"}}}
{"ts":1675455284536318878,"msg":"","group_id":"cypress-provider","run_id":"cfemk97rirfsub367ue0","event":{"message_event":{"message":"SetupNetwork, network setup completed"}}}
{"ts":1675455284628717462,"msg":"","group_id":"cypress-provider","run_id":"cfemk97rirfsub367ue0","event":{"message_event":{"message":"getRecords, record count > 0"}}}
{"ts":1675455284635233670,"msg":"","group_id":"cypress-provider","run_id":"cfemk97rirfsub367ue0","event":{"message_event":{"message":"getRecords, searchRecords: %!(EXTRA []*test.ProviderRecordSubmission=[0x4004d6a0f0])"}}}
{"ts":1675455284652104503,"msg":"","group_id":"cypress-provider","run_id":"cfemk97rirfsub367ue0","event":{"message_event":{"message":"start provide loop"}}}
{"ts":1675455315498819045,"msg":"","group_id":"cypress-provider","run_id":"cfemk97rirfsub367ue0","event":{"message_event":{"message":"Provided CID: QmeSZuScRfVhZy4U2CzqmAd5P8uxzgeW2nfbk2k4UyutkT"}}}
{"ts":1675455319829788672,"msg":"","group_id":"cypress-provider","run_id":"cfemk97rirfsub367ue0","event":{"message_event":{"message":"Provided CID: QmTeC6qvToLwytK5uruQq4npHWezRWnRXjHm6Gn9h2tsFr"}}}
{"ts":1675455320293826214,"msg":"","group_id":"cypress-provider","run_id":"cfemk97rirfsub367ue0","event":{"message_event":{"message":"Provided CID: QmSpZzCdhhyWM7eTNe29nDrPR9xdZR8R4VpGSoTdFq5usz"}}}
{"ts":1675455320453700089,"msg":"","group_id":"cypress-provider","run_id":"cfemk97rirfsub367ue0","event":{"message_event":{"message":"Provided CID: QmeT46kQsiffrH7MdGfNpkgaKGfKUnZw6bEw5APTU27WPz"}}}
{"ts":1675455321017258340,"msg":"","group_id":"cypress-provider","run_id":"cfemk97rirfsub367ue0","event":{"message_event":{"message":"Provided CID: QmdKMXX7ZqzwxriTXcLtqQJQXThZrgCaiSUERdDZ9Ne95f"}}}
{"ts":1675455321091682340,"msg":"","group_id":"cypress-provider","run_id":"cfemk97rirfsub367ue0","event":{"message_event":{"message":"Provided CID: QmQZkMNdV3rH6umvxCwWEdoj4TjWyAxNuLxbXEigd8iKqU"}}}
{"ts":1675455321151491423,"msg":"","group_id":"cypress-provider","run_id":"cfemk97rirfsub367ue0","event":{"message_event":{"message":"Provided CID: QmTzXCJwzJbtQxtpimCKwbyty4yPphQgGZQM2YRN45kMv2"}}}
{"ts":1675455321346816423,"msg":"","group_id":"cypress-provider","run_id":"cfemk97rirfsub367ue0","event":{"message_event":{"message":"Provided CID: QmYFqavMPJvzLNnh6wYdHLAR7iiix7mPrpbJaXRGMVBxzb"}}}
{"ts":1675455321657027548,"msg":"","group_id":"cypress-provider","run_id":"cfemk97rirfsub367ue0","event":{"message_event":{"message":"Provided CID: QmY1eF8EB1WVFdF6xzh1C1YkadMojpT4FoEZkqzyprqDoV"}}}
{"ts":1675455321874503132,"msg":"","group_id":"cypress-provider","run_id":"cfemk97rirfsub367ue0","event":{"message_event":{"message":"Provided CID: QmS1rxhfhq3FsUuG2TLNSYW6gxrtR4hmfoiajCdWCo7hq5"}}}
{"ts":1675455321945658340,"msg":"","group_id":"cypress-provider","run_id":"cfemk97rirfsub367ue0","event":{"message_event":{"message":"Provided CID: Qmbtbn2iDC1YBbrN2WYgyscVXM5vws3ZoA4gT8YKzKMXgX"}}}
{"ts":1675455321990822340,"msg":"","group_id":"cypress-provider","run_id":"cfemk97rirfsub367ue0","event":{"message_event":{"message":"Provided CID: QmNj8PTJnf4fUCBd6EEAXcvMgfVMnt4CXFkPu968Fwg6YT"}}}
{"ts":1675455322091482048,"msg":"","group_id":"cypress-provider","run_id":"cfemk97rirfsub367ue0","event":{"message_event":{"message":"Provided CID: QmXyoMntxMK4Z9uuruxACuyTV7kwdSEyjtxNhWbznehRUr"}}}
{"ts":1675455322268150090,"msg":"","group_id":"cypress-provider","run_id":"cfemk97rirfsub367ue0","event":{"message_event":{"message":"Provided CID: Qmbwx2wndEZeCm1257gtYyAeXrGNDStgm7YsufAHbyUkDc"}}}
{"ts":1675455322270777924,"msg":"","group_id":"cypress-provider","run_id":"cfemk97rirfsub367ue0","event":{"message_event":{"message":"Provided CID: QmSSrDtDK5LvFTnBAgNmjb5tRWcYuExu1qYLrXNv2UdzXE"}}}
{"ts":1675455322397556507,"msg":"","group_id":"cypress-provider","run_id":"cfemk97rirfsub367ue0","event":{"message_event":{"message":"Provided CID: QmQHFH1e6p6NGjLiA3rVJHRYzS7qBhfbKGGajQZ26u1PuE"}}}
{"ts":1675455322510063674,"msg":"","group_id":"cypress-provider","run_id":"cfemk97rirfsub367ue0","event":{"message_event":{"message":"Provided CID: QmQNSGk6KsGpAPPAL4PweycsHN5Te4YBvwQY8G9bYWRKpe"}}}
{"ts":1675455322891313549,"msg":"","group_id":"cypress-provider","run_id":"cfemk97rirfsub367ue0","event":{"message_event":{"message":"Provided CID: QmQw6U12opixMzbVDc384vgh7sia5gUKajDD24oRLaLEqQ"}}}
{"ts":1675455323081303466,"msg":"","group_id":"cypress-provider","run_id":"cfemk97rirfsub367ue0","event":{"message_event":{"message":"Provided CID: QmNnfyApQUXaqj2dsRTthNUBBktYf6seo7BJk7W9Ym56ZH"}}}
{"ts":1675455323489112674,"msg":"","group_id":"cypress-provider","run_id":"cfemk97rirfsub367ue0","event":{"message_event":{"message":"Provided CID: QmYigrr9erPWMnVKfw74wV1KvjZ18mtzEzv7iFbWDh5VdP"}}}
{"ts":1675455323564184174,"msg":"","group_id":"cypress-provider","run_id":"cfemk97rirfsub367ue0","event":{"message_event":{"message":"name: signal provider-records1; uint: ns; time: %!d(float64=4.468084e+06)"}}}
{"ts":1675455323585672216,"msg":"","group_id":"cypress-provider","run_id":"cfemk97rirfsub367ue0","event":{"message_event":{"message":"signal provider-records1%!(EXTRA float64=2.5952167e+07)"}}}
{"ts":1675455323626487508,"msg":"","group_id":"cypress-provider","run_id":"cfemk97rirfsub367ue0","event":{"message_event":{"message":"name: barrier provider-records1; uint: ns; time: %!d(float64=458)"}}}
{"ts":1675455325715715842,"msg":"","group_id":"cypress-provider","run_id":"cfemk97rirfsub367ue0","event":{"message_event":{"message":"barrierprovider-records1%!(EXTRA float64=2.089234001e+09)"}}}
{"ts":1675455325866881425,"msg":"","group_id":"cypress-provider","run_id":"cfemk97rirfsub367ue0","event":{"message_event":{"message":"name: full provider-records1; uint: ns; time: %!d(float64=2.240395126e+09)"}}}
{"ts":1675455325915493050,"msg":"","group_id":"cypress-provider","run_id":"cfemk97rirfsub367ue0","event":{"message_event":{"message":"full provider-records1%!(EXTRA float64=4.1261869977e+10)"}}}
{"ts":1675455377257955171,"msg":"","group_id":"cypress-provider","run_id":"cfemk97rirfsub367ue0","event":{"message_event":{"message":"name: signal provider-records2; uint: ns; time: %!d(float64=3.0861625e+07)"}}}
{"ts":1675455377322103838,"msg":"","group_id":"cypress-provider","run_id":"cfemk97rirfsub367ue0","event":{"message_event":{"message":"signal provider-records2%!(EXTRA float64=9.46705e+07)"}}}
{"ts":1675455377383582796,"msg":"","group_id":"cypress-provider","run_id":"cfemk97rirfsub367ue0","event":{"message_event":{"message":"name: barrier provider-records2; uint: ns; time: %!d(float64=333)"}}}
{"ts":1675455381806697757,"msg":"","group_id":"cypress-provider","run_id":"cfemk97rirfsub367ue0","event":{"message_event":{"message":"barrierprovider-records2%!(EXTRA float64=4.42306471e+09)"}}}
{"ts":1675455381886557173,"msg":"","group_id":"cypress-provider","run_id":"cfemk97rirfsub367ue0","event":{"message_event":{"message":"name: full provider-records2; uint: ns; time: %!d(float64=4.50292271e+09)"}}}
{"ts":1675455382002696798,"msg":"","group_id":"cypress-provider","run_id":"cfemk97rirfsub367ue0","event":{"message_event":{"message":"full provider-records2%!(EXTRA float64=5.4136919734e+10)"}}}
{"ts":1675455382884640882,"msg":"","group_id":"cypress-provider","run_id":"cfemk97rirfsub367ue0","event":{"success_event":{"group":"cypress-provider"}}}
