{"ts":1674172918385234751,"type":"point","name":"bandwidth-total-in|cypress-provider|6|0","measures":{"value":26201}}
{"ts":1674172918419062210,"type":"point","name":"bandwidth-total-out|cypress-provider|6|0","measures":{"value":23121}}
{"ts":1674172918428183501,"type":"point","name":"bandwidth-rate-in|cypress-provider|6|0","measures":{"value":10600.331910490842}}
{"ts":1674172918438343835,"type":"point","name":"bandwidth-rate-out|cypress-provider|6|0","measures":{"value":8430.864979833996}}
{"ts":1674172923383517045,"type":"point","name":"bandwidth-total-in|cypress-provider|6|1","measures":{"value":46309}}
{"ts":1674172923404175545,"type":"point","name":"bandwidth-total-out|cypress-provider|6|1","measures":{"value":49496}}
{"ts":1674172923414156587,"type":"point","name":"bandwidth-rate-in|cypress-provider|6|1","measures":{"value":602.1502819591066}}
{"ts":1674172923427298670,"type":"point","name":"bandwidth-rate-out|cypress-provider|6|1","measures":{"value":1084.1029941111638}}
{"ts":1674172928384079048,"type":"point","name":"bandwidth-total-in|cypress-provider|6|2","measures":{"value":46309}}
{"ts":1674172928386145714,"type":"point","name":"bandwidth-total-out|cypress-provider|6|2","measures":{"value":49496}}
{"ts":1674172928387367881,"type":"point","name":"bandwidth-rate-in|cypress-provider|6|2","measures":{"value":4.05725668532483}}
{"ts":1674172928430787298,"type":"point","name":"bandwidth-rate-out|cypress-provider|6|2","measures":{"value":7.304628515870887}}
{"ts":1674172933383393883,"type":"point","name":"bandwidth-total-in|cypress-provider|6|3","measures":{"value":46309}}
{"ts":1674172933386199758,"type":"point","name":"bandwidth-total-out|cypress-provider|6|3","measures":{"value":49496}}
{"ts":1674172933390449092,"type":"point","name":"bandwidth-rate-in|cypress-provider|6|3","measures":{"value":0.02733758050740389}}
{"ts":1674172933392533758,"type":"point","name":"bandwidth-rate-out|cypress-provider|6|3","measures":{"value":0.04921819978794637}}
{"ts":1674172938383508636,"type":"point","name":"bandwidth-total-in|cypress-provider|6|4","measures":{"value":46309}}
{"ts":1674172938385340428,"type":"point","name":"bandwidth-total-out|cypress-provider|6|4","measures":{"value":49496}}
{"ts":1674172938387553469,"type":"point","name":"bandwidth-rate-in|cypress-provider|6|4","measures":{"value":0.00018419916854211943}}
{"ts":1674172938414837136,"type":"point","name":"bandwidth-rate-out|cypress-provider|6|4","measures":{"value":0.00033162962156158227}}
{"ts":1674172943383670847,"type":"point","name":"bandwidth-total-in|cypress-provider|6|5","measures":{"value":46309}}
{"ts":1674172943386471222,"type":"point","name":"bandwidth-total-out|cypress-provider|6|5","measures":{"value":49496}}
{"ts":1674172943389469222,"type":"point","name":"bandwidth-rate-in|cypress-provider|6|5","measures":{"value":0.0000012411242349124121}}
{"ts":1674172943391671180,"type":"point","name":"bandwidth-rate-out|cypress-provider|6|5","measures":{"value":0.000002234502813408713}}
{"ts":1674172948382660710,"type":"point","name":"bandwidth-total-in|cypress-provider|6|6","measures":{"value":52358}}
{"ts":1674172948384448251,"type":"point","name":"bandwidth-total-out|cypress-provider|6|6","measures":{"value":55039}}
{"ts":1674172948386036876,"type":"point","name":"bandwidth-rate-in|cypress-provider|6|6","measures":{"value":1356.7691529057674}}
{"ts":1674172948387972501,"type":"point","name":"bandwidth-rate-out|cypress-provider|6|6","measures":{"value":768.1330988471191}}
{"ts":1674172950610133544,"type":"point","name":"signal bootstrapping0","measures":{"value":49597542}}
{"ts":1674172951112336461,"type":"point","name":"barrierbootstrapping0","measures":{"value":491550292}}
{"ts":1674172951150173419,"type":"point","name":"full bootstrapping0","measures":{"value":37123777517}}
{"ts":1674172954300485796,"type":"point","name":"bandwidth-total-in|cypress-provider|6|7","measures":{"value":60341}}
{"ts":1674172954624349963,"type":"point","name":"bandwidth-total-out|cypress-provider|6|7","measures":{"value":60931}}
{"ts":1674172954640281379,"type":"point","name":"bandwidth-rate-in|cypress-provider|6|7","measures":{"value":5742.731639604921}}
{"ts":1674172955662784546,"type":"point","name":"bandwidth-rate-out|cypress-provider|6|7","measures":{"value":4759.903374646741}}
{"ts":1674172958388536631,"type":"point","name":"bandwidth-total-in|cypress-provider|6|8","measures":{"value":156819}}
{"ts":1674172958446867881,"type":"point","name":"bandwidth-total-out|cypress-provider|6|8","measures":{"value":122538}}
{"ts":1674172958549430881,"type":"point","name":"bandwidth-rate-in|cypress-provider|6|8","measures":{"value":23934.03524160783}}
{"ts":1674172958577408131,"type":"point","name":"bandwidth-rate-out|cypress-provider|6|8","measures":{"value":13444.454436132226}}
{"ts":1674172963385841800,"type":"point","name":"bandwidth-total-in|cypress-provider|6|9","measures":{"value":185128}}
{"ts":1674172963458843217,"type":"point","name":"bandwidth-total-out|cypress-provider|6|9","measures":{"value":144540}}
{"ts":1674172963500248092,"type":"point","name":"bandwidth-rate-in|cypress-provider|6|9","measures":{"value":4881.991919174189}}
{"ts":1674172963525366842,"type":"point","name":"bandwidth-rate-out|cypress-provider|6|9","measures":{"value":3591.467279039947}}
{"ts":1674172965863135843,"type":"point","name":"time-to-provide-4","measures":{"value":13839761965}}
{"ts":1674172966762843010,"type":"point","name":"time-to-provide-15","measures":{"value":14728209174}}
{"ts":1674172966929447510,"type":"point","name":"time-to-provide-0","measures":{"value":14906589049}}
{"ts":1674172967160651802,"type":"point","name":"time-to-provide-10","measures":{"value":14515874049}}
{"ts":1674172967564460260,"type":"point","name":"time-to-provide-1","measures":{"value":15539594591}}
{"ts":1674172967604151135,"type":"point","name":"time-to-provide-8","measures":{"value":15570360757}}
{"ts":1674172968384700219,"type":"point","name":"bandwidth-total-in|cypress-provider|6|10","measures":{"value":209252}}
{"ts":1674172968434787969,"type":"point","name":"bandwidth-total-out|cypress-provider|6|10","measures":{"value":160987}}
{"ts":1674172968461423886,"type":"point","name":"bandwidth-rate-in|cypress-provider|6|10","measures":{"value":5079.641801879654}}
{"ts":1674172968548617219,"type":"point","name":"bandwidth-rate-out|cypress-provider|6|10","measures":{"value":4180.670840645414}}
{"ts":1674172968962322344,"type":"point","name":"time-to-provide-3","measures":{"value":16316998258}}
{"ts":1674172969628778053,"type":"point","name":"time-to-provide-5","measures":{"value":17605277300}}
{"ts":1674172969902777803,"type":"point","name":"time-to-provide-7","measures":{"value":17877219508}}
{"ts":1674172970171659178,"type":"point","name":"time-to-provide-17","measures":{"value":18137804592}}
{"ts":1674172970473778137,"type":"point","name":"time-to-provide-11","measures":{"value":17829039884}}
{"ts":1674172970903858470,"type":"point","name":"time-to-provide-9","measures":{"value":18259219092}}
{"ts":1674172971749437346,"type":"point","name":"time-to-provide-6","measures":{"value":19104557967}}
{"ts":1674172973560625305,"type":"point","name":"bandwidth-total-in|cypress-provider|6|11","measures":{"value":226317}}
{"ts":1674172973966629472,"type":"point","name":"bandwidth-total-out|cypress-provider|6|11","measures":{"value":176394}}
{"ts":1674172973984856555,"type":"point","name":"bandwidth-rate-in|cypress-provider|6|11","measures":{"value":2962.7696734804053}}
{"ts":1674172974062684722,"type":"point","name":"bandwidth-rate-out|cypress-provider|6|11","measures":{"value":2208.970636623119}}
{"ts":1674172974062740680,"type":"point","name":"time-to-provide-14","measures":{"value":22028582510}}
{"ts":1674172973920314013,"type":"point","name":"time-to-provide-16","measures":{"value":21880000135}}
{"ts":1674172974367479764,"type":"point","name":"time-to-provide-12","measures":{"value":22342422636}}
{"ts":1674172974418430305,"type":"point","name":"time-to-provide-18","measures":{"value":21790247219}}
{"ts":1674172974439388722,"type":"point","name":"time-to-provide-13","measures":{"value":22413682011}}
{"ts":1674172974461833555,"type":"point","name":"time-to-provide-19","measures":{"value":22436816594}}
{"ts":1674172975683955917,"type":"point","name":"time-to-provide-2","measures":{"value":23659214386}}
{"ts":1674172975927998333,"type":"point","name":"signal provider-records1","measures":{"value":171948625}}
{"ts":1674172978383017126,"type":"point","name":"bandwidth-total-in|cypress-provider|6|12","measures":{"value":228469}}
{"ts":1674172978429453376,"type":"point","name":"bandwidth-total-out|cypress-provider|6|12","measures":{"value":183774}}
{"ts":1674172978500646251,"type":"point","name":"bandwidth-rate-in|cypress-provider|6|12","measures":{"value":446.8178305931979}}
{"ts":1674172978515148543,"type":"point","name":"bandwidth-rate-out|cypress-provider|6|12","measures":{"value":216.84205388474626}}
{"ts":1674172979435893960,"type":"point","name":"barrierprovider-records1","measures":{"value":3492939752}}
{"ts":1674172979571493002,"type":"point","name":"full provider-records1","measures":{"value":27654216430}}
{"ts":1674172981497366669,"type":"point","name":"time-to-find-first|cypress-provider|19","measures":{"value":27015917}}
{"ts":1674172981694537128,"type":"point","name":"time-to-find-first|cypress-provider|18","measures":{"value":212529417}}
{"ts":1674172981697422045,"type":"point","name":"time-to-find-first|cypress-provider|17","measures":{"value":222980625}}
{"ts":1674172981698879586,"type":"point","name":"time-to-find-first|cypress-provider|12","measures":{"value":223473042}}
{"ts":1674172981704037961,"type":"point","name":"time-to-find-first|cypress-provider|13","measures":{"value":108746583}}
{"ts":1674172981704295586,"type":"point","name":"time-to-find-first|cypress-provider|1","measures":{"value":12382500}}
{"ts":1674172981705621795,"type":"point","name":"time-to-find-first|cypress-provider|11","measures":{"value":14719750}}
{"ts":1674172981707263753,"type":"point","name":"time-to-find-first|cypress-provider|0","measures":{"value":15944250}}
{"ts":1674172981709541170,"type":"point","name":"time-to-find-first|cypress-provider|14","measures":{"value":20896208}}
{"ts":1674172981710247211,"type":"point","name":"time-to-find-first|cypress-provider|2","measures":{"value":17825334}}
{"ts":1674172981710953086,"type":"point","name":"time-to-find-first|cypress-provider|3","measures":{"value":17589750}}
{"ts":1674172981690597795,"type":"point","name":"time-to-find-first|cypress-provider|15","measures":{"value":1061334}}
{"ts":1674172981961360920,"type":"point","name":"time-to-find-first|cypress-provider|4","measures":{"value":267871125}}
{"ts":1674172981961379836,"type":"point","name":"time-to-find-first|cypress-provider|16","measures":{"value":264270125}}
{"ts":1674172981966458920,"type":"point","name":"time-to-find-first|cypress-provider|7","measures":{"value":261454084}}
{"ts":1674172981967469920,"type":"point","name":"time-to-find-first|cypress-provider|5","measures":{"value":263012000}}
{"ts":1674172981975021086,"type":"point","name":"time-to-find-first|cypress-provider|8","measures":{"value":269912292}}
{"ts":1674172981980464003,"type":"point","name":"time-to-find-first|cypress-provider|6","measures":{"value":275801958}}
{"ts":1674172982009962961,"type":"point","name":"time-to-find-first|cypress-provider|9","measures":{"value":304737500}}
{"ts":1674172982123355336,"type":"point","name":"time-to-find-first|cypress-provider|10","measures":{"value":418026125}}
{"ts":1674172983456947670,"type":"point","name":"bandwidth-total-in|cypress-provider|6|13","measures":{"value":281480}}
{"ts":1674172988573659381,"type":"point","name":"bandwidth-total-out|cypress-provider|6|13","measures":{"value":210457}}
{"ts":1674172989128414215,"type":"point","name":"bandwidth-rate-in|cypress-provider|6|13","measures":{"value":31387.23198864088}}
{"ts":1674172989626190757,"type":"point","name":"bandwidth-rate-out|cypress-provider|6|13","measures":{"value":15928.350789834145}}
{"ts":1674172989882977007,"type":"point","name":"bandwidth-total-in|cypress-provider|6|14","measures":{"value":373308}}
{"ts":1674172989958912882,"type":"point","name":"bandwidth-total-out|cypress-provider|6|14","measures":{"value":287387}}
{"ts":1674172990155482090,"type":"point","name":"bandwidth-rate-in|cypress-provider|6|14","measures":{"value":2454.6877155274005}}
{"ts":1674172992435416925,"type":"point","name":"bandwidth-rate-out|cypress-provider|6|14","measures":{"value":175.53864164170028}}
{"ts":1674172993863435259,"type":"point","name":"bandwidth-total-in|cypress-provider|6|15","measures":{"value":379681}}
{"ts":1674172994360751676,"type":"point","name":"bandwidth-total-out|cypress-provider|6|15","measures":{"value":287469}}
{"ts":1674172994369002426,"type":"point","name":"bandwidth-rate-in|cypress-provider|6|15","measures":{"value":2385.6341195633604}}
{"ts":1674172994840027426,"type":"point","name":"bandwidth-rate-out|cypress-provider|6|15","measures":{"value":63.4070633161908}}
{"ts":1674172998382525261,"type":"point","name":"bandwidth-total-in|cypress-provider|6|16","measures":{"value":409141}}
{"ts":1674172998425455094,"type":"point","name":"bandwidth-total-out|cypress-provider|6|16","measures":{"value":287840}}
{"ts":1674172998433240928,"type":"point","name":"bandwidth-rate-in|cypress-provider|6|16","measures":{"value":7071.130235767263}}
{"ts":1674172998436384178,"type":"point","name":"bandwidth-rate-out|cypress-provider|6|16","measures":{"value":111.45585631506759}}
{"ts":1674173003385548680,"type":"point","name":"bandwidth-total-in|cypress-provider|6|17","measures":{"value":428740}}
{"ts":1674173003502557263,"type":"point","name":"bandwidth-total-out|cypress-provider|6|17","measures":{"value":387507}}
{"ts":1674173003554456805,"type":"point","name":"bandwidth-rate-in|cypress-provider|6|17","measures":{"value":1637.6400991568582}}
{"ts":1674173003577941930,"type":"point","name":"bandwidth-rate-out|cypress-provider|6|17","measures":{"value":10301.30003920836}}
{"ts":1674173008394987335,"type":"point","name":"bandwidth-total-in|cypress-provider|6|18","measures":{"value":449012}}
{"ts":1674173008423995585,"type":"point","name":"bandwidth-total-out|cypress-provider|6|18","measures":{"value":419639}}
{"ts":1674173008646948001,"type":"point","name":"bandwidth-rate-in|cypress-provider|6|18","measures":{"value":8311.745630889009}}
{"ts":1674173009819021085,"type":"point","name":"bandwidth-rate-out|cypress-provider|6|18","measures":{"value":2699.5510426760547}}
{"ts":1674173014972623129,"type":"point","name":"bandwidth-total-in|cypress-provider|6|19","measures":{"value":479329}}
{"ts":1674173015774334171,"type":"point","name":"bandwidth-total-out|cypress-provider|6|19","measures":{"value":442367}}
{"ts":1674173016523428547,"type":"point","name":"bandwidth-rate-in|cypress-provider|6|19","measures":{"value":1892.77574981237}}
{"ts":1674173016535114297,"type":"point","name":"bandwidth-rate-out|cypress-provider|6|19","measures":{"value":1976.4550914923293}}
{"ts":1674173018422496381,"type":"point","name":"bandwidth-total-in|cypress-provider|6|20","measures":{"value":496336}}
{"ts":1674173018678926215,"type":"point","name":"bandwidth-total-out|cypress-provider|6|20","measures":{"value":455222}}
{"ts":1674173018767012381,"type":"point","name":"bandwidth-rate-in|cypress-provider|6|20","measures":{"value":8525.982687384085}}
{"ts":1674173021938512216,"type":"point","name":"bandwidth-rate-out|cypress-provider|6|20","measures":{"value":2331.4615613710525}}
{"ts":1674173023431974633,"type":"point","name":"bandwidth-total-in|cypress-provider|6|21","measures":{"value":497512}}
{"ts":1674173024545637759,"type":"point","name":"bandwidth-total-out|cypress-provider|6|21","measures":{"value":455263}}
{"ts":1674173024552584134,"type":"point","name":"bandwidth-rate-in|cypress-provider|6|21","measures":{"value":432.86608778097406}}
{"ts":1674173025039673759,"type":"point","name":"bandwidth-rate-out|cypress-provider|6|21","measures":{"value":58.37013391911875}}
{"ts":1674173028402642136,"type":"point","name":"bandwidth-total-in|cypress-provider|6|22","measures":{"value":500758}}
{"ts":1674173028557844011,"type":"point","name":"bandwidth-total-out|cypress-provider|6|22","measures":{"value":458509}}
{"ts":1674173028693857636,"type":"point","name":"bandwidth-rate-in|cypress-provider|6|22","measures":{"value":642.3128398123084}}
{"ts":1674173028890429886,"type":"point","name":"bandwidth-rate-out|cypress-provider|6|22","measures":{"value":636.0000701081772}}
{"ts":1674173033507986513,"type":"point","name":"bandwidth-total-in|cypress-provider|6|23","measures":{"value":577132}}
{"ts":1674173033557569680,"type":"point","name":"bandwidth-total-out|cypress-provider|6|23","measures":{"value":530087}}
{"ts":1674173033674979388,"type":"point","name":"bandwidth-rate-in|cypress-provider|6|23","measures":{"value":31644.896950719165}}
{"ts":1674173033750295430,"type":"point","name":"bandwidth-rate-out|cypress-provider|6|23","measures":{"value":37855.87926104387}}
{"ts":1674173034155210972,"type":"point","name":"num-hops|cypress-provider|15","measures":{"value":3}}
{"ts":1674173034368357055,"type":"point","name":"time-to-find-last|done|cypress-provider|15","measures":{"value":1033562667}}
{"ts":1674173034427709847,"type":"point","name":"time-to-find|done|cypress-provider|15","measures":{"value":52734815650}}
{"ts":1674173035188974833,"type":"point","name":"peers-found|done|cypress-provider|15","measures":{"value":50}}
{"ts":1674173035720570667,"type":"point","name":"peers-missing|done|cypress-provider|15","measures":{"value":0}}
{"ts":1674173038414396543,"type":"point","name":"bandwidth-total-in|cypress-provider|6|24","measures":{"value":764769}}
{"ts":1674173038494593626,"type":"point","name":"bandwidth-total-out|cypress-provider|6|24","measures":{"value":611371}}
{"ts":1674173038560691126,"type":"point","name":"bandwidth-rate-in|cypress-provider|6|24","measures":{"value":18799.364529045833}}
{"ts":1674173038586303085,"type":"point","name":"bandwidth-rate-out|cypress-provider|6|24","measures":{"value":6275.633490166282}}
{"ts":1674173043742523004,"type":"point","name":"bandwidth-total-in|cypress-provider|6|25","measures":{"value":813025}}
{"ts":1674173043839999712,"type":"point","name":"bandwidth-total-out|cypress-provider|6|25","measures":{"value":634626}}
{"ts":1674173043967503337,"type":"point","name":"bandwidth-rate-in|cypress-provider|6|25","measures":{"value":13392.216495769339}}
{"ts":1674173044048201921,"type":"point","name":"bandwidth-rate-out|cypress-provider|6|25","measures":{"value":8852.90573690738}}
{"ts":1674173046153811630,"type":"point","name":"num-hops|cypress-provider|3","measures":{"value":2}}
{"ts":1674173046180753547,"type":"point","name":"time-to-find-last|done|cypress-provider|3","measures":{"value":959337751}}
{"ts":1674173046203649672,"type":"point","name":"time-to-find|done|cypress-provider|3","measures":{"value":64500195155}}
{"ts":1674173046213537797,"type":"point","name":"peers-found|done|cypress-provider|3","measures":{"value":50}}
{"ts":1674173046244576963,"type":"point","name":"peers-missing|done|cypress-provider|3","measures":{"value":0}}
{"ts":1674173046269155547,"type":"point","name":"num-hops|cypress-provider|7","measures":{"value":2}}
{"ts":1674173046344405130,"type":"point","name":"time-to-find-last|done|cypress-provider|7","measures":{"value":1468210751}}
{"ts":1674173046359466588,"type":"point","name":"time-to-find|done|cypress-provider|7","measures":{"value":64644081239}}
{"ts":1674173046467483338,"type":"point","name":"peers-found|done|cypress-provider|7","measures":{"value":50}}
{"ts":1674173046531734005,"type":"point","name":"peers-missing|done|cypress-provider|7","measures":{"value":0}}
{"ts":1674173046565428505,"type":"point","name":"num-hops|cypress-provider|17","measures":{"value":2}}
{"ts":1674173046594234589,"type":"point","name":"time-to-find-last|done|cypress-provider|17","measures":{"value":690468750}}
{"ts":1674173046666505255,"type":"point","name":"time-to-find|done|cypress-provider|17","measures":{"value":65181685072}}
{"ts":1674173046701348630,"type":"point","name":"peers-found|done|cypress-provider|17","measures":{"value":50}}
{"ts":1674173046749490005,"type":"point","name":"peers-missing|done|cypress-provider|17","measures":{"value":0}}
{"ts":1674173046750837172,"type":"point","name":"num-hops|cypress-provider|4","measures":{"value":1}}
{"ts":1674173046822293839,"type":"point","name":"time-to-find-last|done|cypress-provider|4","measures":{"value":1251534542}}
{"ts":1674173046883509964,"type":"point","name":"time-to-find|done|cypress-provider|4","measures":{"value":65179644322}}
{"ts":1674173046912014672,"type":"point","name":"peers-found|done|cypress-provider|4","measures":{"value":50}}
{"ts":1674173046958686880,"type":"point","name":"peers-missing|done|cypress-provider|4","measures":{"value":0}}
{"ts":1674173047193277130,"type":"point","name":"num-hops|cypress-provider|19","measures":{"value":3}}
{"ts":1674173047213334130,"type":"point","name":"time-to-find-last|done|cypress-provider|19","measures":{"value":541038500}}
{"ts":1674173047265431172,"type":"point","name":"time-to-find|done|cypress-provider|19","measures":{"value":65784700156}}
{"ts":1674173047300389339,"type":"point","name":"peers-found|done|cypress-provider|19","measures":{"value":50}}
{"ts":1674173047319589214,"type":"point","name":"peers-missing|done|cypress-provider|19","measures":{"value":0}}
{"ts":1674173047504504672,"type":"point","name":"num-hops|cypress-provider|10","measures":{"value":2}}
{"ts":1674173047538870047,"type":"point","name":"time-to-find-last|done|cypress-provider|10","measures":{"value":10122003629}}
{"ts":1674173047602702464,"type":"point","name":"time-to-find|done|cypress-provider|10","measures":{"value":65886992822}}
{"ts":1674173047625827589,"type":"point","name":"peers-found|done|cypress-provider|10","measures":{"value":50}}
{"ts":1674173047678655547,"type":"point","name":"peers-missing|done|cypress-provider|10","measures":{"value":0}}
{"ts":1674173048392670339,"type":"point","name":"bandwidth-total-in|cypress-provider|6|26","measures":{"value":868720}}
{"ts":1674173048426574131,"type":"point","name":"bandwidth-total-out|cypress-provider|6|26","measures":{"value":650155}}
{"ts":1674173048455831048,"type":"point","name":"bandwidth-rate-in|cypress-provider|6|26","measures":{"value":18933.77435980576}}
{"ts":1674173048490632756,"type":"point","name":"bandwidth-rate-out|cypress-provider|6|26","measures":{"value":5177.1822925855595}}
{"ts":1674173048419740798,"type":"point","name":"num-hops|cypress-provider|1","measures":{"value":4}}
{"ts":1674173048525762756,"type":"point","name":"time-to-find-last|done|cypress-provider|1","measures":{"value":641133583}}
{"ts":1674173048542835964,"type":"point","name":"time-to-find|done|cypress-provider|1","measures":{"value":66840543572}}
{"ts":1674173048693334715,"type":"point","name":"peers-found|done|cypress-provider|1","measures":{"value":50}}
{"ts":1674173048732199298,"type":"point","name":"peers-missing|done|cypress-provider|1","measures":{"value":0}}
{"ts":1674173049089476798,"type":"point","name":"num-hops|cypress-provider|9","measures":{"value":2}}
{"ts":1674173049143452631,"type":"point","name":"time-to-find-last|done|cypress-provider|9","measures":{"value":17774037258}}
{"ts":1674173049197645590,"type":"point","name":"time-to-find|done|cypress-provider|9","measures":{"value":67482041239}}
{"ts":1674173049210187798,"type":"point","name":"peers-found|done|cypress-provider|9","measures":{"value":50}}
{"ts":1674173049266905215,"type":"point","name":"peers-missing|done|cypress-provider|9","measures":{"value":0}}
{"ts":1674173049186993423,"type":"point","name":"num-hops|cypress-provider|18","measures":{"value":2}}
{"ts":1674173049332124382,"type":"point","name":"time-to-find-last|done|cypress-provider|18","measures":{"value":850127250}}
{"ts":1674173049386812757,"type":"point","name":"time-to-find|done|cypress-provider|18","measures":{"value":67894431240}}
{"ts":1674173049451921257,"type":"point","name":"peers-found|done|cypress-provider|18","measures":{"value":50}}
{"ts":1674173049472005715,"type":"point","name":"peers-missing|done|cypress-provider|18","measures":{"value":0}}
{"ts":1674173049525421882,"type":"point","name":"num-hops|cypress-provider|11","measures":{"value":3}}
{"ts":1674173049589892715,"type":"point","name":"time-to-find-last|done|cypress-provider|11","measures":{"value":3421492168}}
{"ts":1674173049639606007,"type":"point","name":"time-to-find|done|cypress-provider|11","measures":{"value":67938323615}}
{"ts":1674173049676220715,"type":"point","name":"peers-found|done|cypress-provider|11","measures":{"value":50}}
{"ts":1674173049687718923,"type":"point","name":"peers-missing|done|cypress-provider|11","measures":{"value":0}}
{"ts":1674173050251386549,"type":"point","name":"num-hops|cypress-provider|12","measures":{"value":2}}
{"ts":1674173050276903840,"type":"point","name":"time-to-find-last|done|cypress-provider|12","measures":{"value":1997090792}}
{"ts":1674173050294906340,"type":"point","name":"time-to-find|done|cypress-provider|12","measures":{"value":68809120240}}
{"ts":1674173050318411549,"type":"point","name":"peers-found|done|cypress-provider|12","measures":{"value":50}}
{"ts":1674173050333423132,"type":"point","name":"peers-missing|done|cypress-provider|12","measures":{"value":0}}
{"ts":1674173050476478757,"type":"point","name":"num-hops|cypress-provider|5","measures":{"value":2}}
{"ts":1674173050509572090,"type":"point","name":"time-to-find-last|done|cypress-provider|5","measures":{"value":33705431974}}
{"ts":1674173050534735090,"type":"point","name":"time-to-find|done|cypress-provider|5","measures":{"value":68819898532}}
{"ts":1674173050590272299,"type":"point","name":"peers-found|done|cypress-provider|5","measures":{"value":50}}
{"ts":1674173050601692340,"type":"point","name":"peers-missing|done|cypress-provider|5","measures":{"value":0}}
{"ts":1674173050878165799,"type":"point","name":"num-hops|cypress-provider|16","measures":{"value":4}}
{"ts":1674173050895429507,"type":"point","name":"time-to-find-last|done|cypress-provider|16","measures":{"value":18771027175}}
{"ts":1674173050908913632,"type":"point","name":"time-to-find|done|cypress-provider|16","measures":{"value":69201421407}}
{"ts":1674173050919002424,"type":"point","name":"peers-found|done|cypress-provider|16","measures":{"value":50}}
{"ts":1674173050968500424,"type":"point","name":"peers-missing|done|cypress-provider|16","measures":{"value":0}}
{"ts":1674173051191616757,"type":"point","name":"num-hops|cypress-provider|6","measures":{"value":4}}
{"ts":1674173051208494591,"type":"point","name":"time-to-find-last|done|cypress-provider|6","measures":{"value":51986579524}}
{"ts":1674173051230495132,"type":"point","name":"time-to-find|done|cypress-provider|6","measures":{"value":69515452324}}
{"ts":1674173051243329257,"type":"point","name":"peers-found|done|cypress-provider|6","measures":{"value":50}}
{"ts":1674173051259649257,"type":"point","name":"peers-missing|done|cypress-provider|6","measures":{"value":0}}
{"ts":1674173051259567882,"type":"point","name":"num-hops|cypress-provider|14","measures":{"value":3}}
{"ts":1674173051294927174,"type":"point","name":"time-to-find-last|done|cypress-provider|14","measures":{"value":50992973232}}
{"ts":1674173051271980049,"type":"point","name":"num-hops|cypress-provider|13","measures":{"value":4}}
{"ts":1674173051347306882,"type":"point","name":"time-to-find-last|done|cypress-provider|13","measures":{"value":51090122649}}
{"ts":1674173051301402799,"type":"point","name":"time-to-find|done|cypress-provider|14","measures":{"value":69602384949}}
{"ts":1674173051362926174,"type":"point","name":"peers-found|done|cypress-provider|14","measures":{"value":50}}
{"ts":1674173051371514091,"type":"point","name":"peers-missing|done|cypress-provider|14","measures":{"value":0}}
{"ts":1674173051351710174,"type":"point","name":"time-to-find|done|cypress-provider|13","measures":{"value":69746039824}}
{"ts":1674173051417849424,"type":"point","name":"peers-found|done|cypress-provider|13","measures":{"value":50}}
{"ts":1674173051423574216,"type":"point","name":"peers-missing|done|cypress-provider|13","measures":{"value":0}}
{"ts":1674173051536769258,"type":"point","name":"num-hops|cypress-provider|2","measures":{"value":3}}
{"ts":1674173051554967549,"type":"point","name":"time-to-find-last|done|cypress-provider|2","measures":{"value":51887584108}}
{"ts":1674173051577444216,"type":"point","name":"time-to-find|done|cypress-provider|2","measures":{"value":69874641158}}
{"ts":1674173051607944924,"type":"point","name":"peers-found|done|cypress-provider|2","measures":{"value":50}}
{"ts":1674173051611301341,"type":"point","name":"peers-missing|done|cypress-provider|2","measures":{"value":0}}
{"ts":1674173051778163674,"type":"point","name":"num-hops|cypress-provider|8","measures":{"value":2}}
{"ts":1674173051786352383,"type":"point","name":"time-to-find-last|done|cypress-provider|8","measures":{"value":1786146167}}
{"ts":1674173051801763424,"type":"point","name":"time-to-find|done|cypress-provider|8","measures":{"value":70086276199}}
{"ts":1674173051810570716,"type":"point","name":"peers-found|done|cypress-provider|8","measures":{"value":50}}
{"ts":1674173051821031883,"type":"point","name":"peers-missing|done|cypress-provider|8","measures":{"value":0}}
{"ts":1674173052001652466,"type":"point","name":"num-hops|cypress-provider|0","measures":{"value":3}}
{"ts":1674173052024546174,"type":"point","name":"time-to-find-last|done|cypress-provider|0","measures":{"value":50488200357}}
{"ts":1674173052028682383,"type":"point","name":"time-to-find|done|cypress-provider|0","measures":{"value":70326982325}}
{"ts":1674173052050543424,"type":"point","name":"peers-found|done|cypress-provider|0","measures":{"value":50}}
{"ts":1674173052097810716,"type":"point","name":"peers-missing|done|cypress-provider|0","measures":{"value":0}}
{"ts":1674173052146955925,"type":"point","name":"signal provider-records2","measures":{"value":38290500}}
{"ts":1674173053392990092,"type":"point","name":"bandwidth-total-in|cypress-provider|6|27","measures":{"value":898298}}
{"ts":1674173053443394758,"type":"point","name":"bandwidth-total-out|cypress-provider|6|27","measures":{"value":654225}}
{"ts":1674173053449393425,"type":"point","name":"bandwidth-rate-in|cypress-provider|6|27","measures":{"value":1326.5385287933657}}
{"ts":1674173053462247383,"type":"point","name":"bandwidth-rate-out|cypress-provider|6|27","measures":{"value":102.09825521351749}}
{"ts":1674173054599534676,"type":"point","name":"barrierprovider-records2","measures":{"value":2432762876}}
{"ts":1674173054712772384,"type":"point","name":"full provider-records2","measures":{"value":73233986159}}
{"ts":1674173058443902886,"type":"point","name":"bandwidth-total-in|cypress-provider|6|28","measures":{"value":898298}}
{"ts":1674173058462719261,"type":"point","name":"bandwidth-total-out|cypress-provider|6|28","measures":{"value":654225}}
{"ts":1674173058465369469,"type":"point","name":"bandwidth-rate-in|cypress-provider|6|28","measures":{"value":8.93814629925451}}
{"ts":1674173058482722594,"type":"point","name":"bandwidth-rate-out|cypress-provider|6|28","measures":{"value":0.6879326323277825}}
{"ts":1674173063498723930,"type":"point","name":"bandwidth-total-in|cypress-provider|6|29","measures":{"value":898298}}
{"ts":1674173063529855847,"type":"point","name":"bandwidth-total-out|cypress-provider|6|29","measures":{"value":654225}}
{"ts":1674173063635859388,"type":"point","name":"bandwidth-rate-in|cypress-provider|6|29","measures":{"value":0.060224756034448816}}
{"ts":1674173063734440722,"type":"point","name":"bandwidth-rate-out|cypress-provider|6|29","measures":{"value":0.0046352536155659495}}
