{"ts":1675459522486658964,"type":"point","name":"bandwidth-total-in|cypress-provider|22|0","measures":{"value":170269}}
{"ts":1675459522488940548,"type":"point","name":"bandwidth-total-out|cypress-provider|22|0","measures":{"value":206171}}
{"ts":1675459522490394464,"type":"point","name":"bandwidth-rate-in|cypress-provider|22|0","measures":{"value":0.5892698446805403}}
{"ts":1675459522493051631,"type":"point","name":"bandwidth-rate-out|cypress-provider|22|0","measures":{"value":1.9046804014540275}}
{"ts":1675459541357544334,"type":"point","name":"signal bootstrapping0","measures":{"value":68999292}}
{"ts":1675459541657677376,"type":"point","name":"barrierbootstrapping0","measures":{"value":290379417}}
{"ts":1675459541708763959,"type":"point","name":"full bootstrapping0","measures":{"value":37968087392}}
{"ts":1675459542447423168,"type":"point","name":"bandwidth-total-in|cypress-provider|22|1","measures":{"value":193236}}
{"ts":1675459542457509918,"type":"point","name":"bandwidth-total-out|cypress-provider|22|1","measures":{"value":243401}}
{"ts":1675459542509303376,"type":"point","name":"bandwidth-rate-in|cypress-provider|22|1","measures":{"value":97.85764214377942}}
{"ts":1675459542539430460,"type":"point","name":"bandwidth-rate-out|cypress-provider|22|1","measures":{"value":163.79622214853057}}
{"ts":1675459562447612177,"type":"point","name":"bandwidth-total-in|cypress-provider|22|2","measures":{"value":586682}}
{"ts":1675459562457791719,"type":"point","name":"bandwidth-total-out|cypress-provider|22|2","measures":{"value":611029}}
{"ts":1675459562512670886,"type":"point","name":"bandwidth-rate-in|cypress-provider|22|2","measures":{"value":7908.2290897199655}}
{"ts":1675459562542251302,"type":"point","name":"bandwidth-rate-out|cypress-provider|22|2","measures":{"value":5276.030487152243}}
{"ts":1675459582445535798,"type":"point","name":"bandwidth-total-in|cypress-provider|22|3","measures":{"value":792260}}
{"ts":1675459582485116631,"type":"point","name":"bandwidth-total-out|cypress-provider|22|3","measures":{"value":754660}}
{"ts":1675459582521466089,"type":"point","name":"bandwidth-rate-in|cypress-provider|22|3","measures":{"value":11020.308717113134}}
{"ts":1675459582535786964,"type":"point","name":"bandwidth-rate-out|cypress-provider|22|3","measures":{"value":7763.169822488627}}
{"ts":1675459584341204757,"type":"point","name":"time-to-provide-19","measures":{"value":41602897686}}
{"ts":1675459585950993924,"type":"point","name":"time-to-provide-15","measures":{"value":43210611729}}
{"ts":1675459586536741216,"type":"point","name":"time-to-provide-2","measures":{"value":43797648896}}
{"ts":1675459586659991383,"type":"point","name":"time-to-provide-7","measures":{"value":43920507770}}
{"ts":1675459586804530508,"type":"point","name":"time-to-provide-6","measures":{"value":44065104229}}
{"ts":1675459587047198258,"type":"point","name":"time-to-provide-9","measures":{"value":44307303270}}
{"ts":1675459587273142883,"type":"point","name":"time-to-provide-17","measures":{"value":44532637896}}
{"ts":1675459587452477967,"type":"point","name":"time-to-provide-1","measures":{"value":44713472938}}
{"ts":1675459587495126675,"type":"point","name":"time-to-provide-16","measures":{"value":44754685938}}
{"ts":1675459587572496383,"type":"point","name":"time-to-provide-10","measures":{"value":44832502896}}
{"ts":1675459587603080800,"type":"point","name":"time-to-provide-18","measures":{"value":44862303937}}
{"ts":1675459588323322384,"type":"point","name":"time-to-provide-13","measures":{"value":45583136605}}
{"ts":1675459588353420342,"type":"point","name":"time-to-provide-14","measures":{"value":45613110397}}
{"ts":1675459588810928592,"type":"point","name":"time-to-provide-11","measures":{"value":46070872939}}
{"ts":1675459588828526301,"type":"point","name":"time-to-provide-12","measures":{"value":46088418230}}
{"ts":1675459589080225467,"type":"point","name":"time-to-provide-0","measures":{"value":46341304688}}
{"ts":1675459590372020468,"type":"point","name":"time-to-provide-3","measures":{"value":47632854064}}
{"ts":1675459592549022802,"type":"point","name":"time-to-provide-8","measures":{"value":49809501482}}
{"ts":1675459592664218927,"type":"point","name":"time-to-provide-5","measures":{"value":49924929482}}
{"ts":1675459592803029553,"type":"point","name":"time-to-provide-4","measures":{"value":50063789774}}
{"ts":1675459592913980719,"type":"point","name":"signal provider-records1","measures":{"value":71670666}}
{"ts":1675459595575954929,"type":"point","name":"barrierprovider-records1","measures":{"value":2629547293}}
{"ts":1675459595715531054,"type":"point","name":"full provider-records1","measures":{"value":53135273900}}
{"ts":1675459597806014305,"type":"point","name":"time-to-find-first|cypress-provider|19","measures":{"value":60758291}}
{"ts":1675459598193952347,"type":"point","name":"time-to-find-first|cypress-provider|5","measures":{"value":446157500}}
{"ts":1675459598212326930,"type":"point","name":"time-to-find-first|cypress-provider|0","measures":{"value":464339000}}
{"ts":1675459598212404805,"type":"point","name":"time-to-find-first|cypress-provider|1","measures":{"value":464315375}}
{"ts":1675459598704543014,"type":"point","name":"time-to-find-first|cypress-provider|18","measures":{"value":954626334}}
{"ts":1675459598239284388,"type":"point","name":"time-to-find-first|cypress-provider|17","measures":{"value":490175666}}
{"ts":1675459598239427930,"type":"point","name":"time-to-find-first|cypress-provider|3","measures":{"value":490151916}}
{"ts":1675459599580960875,"type":"point","name":"time-to-find-first|cypress-provider|6","measures":{"value":1819334917}}
{"ts":1675459598488530347,"type":"point","name":"time-to-find-first|cypress-provider|9","measures":{"value":738754209}}
{"ts":1675459598699820347,"type":"point","name":"time-to-find-first|cypress-provider|10","measures":{"value":949789958}}
{"ts":1675459598699855680,"type":"point","name":"time-to-find-first|cypress-provider|13","measures":{"value":949662417}}
{"ts":1675459598212423055,"type":"point","name":"time-to-find-first|cypress-provider|2","measures":{"value":464030709}}
{"ts":1675459599072435208,"type":"point","name":"time-to-find-first|cypress-provider|16","measures":{"value":1310964625}}
{"ts":1675459599072459500,"type":"point","name":"time-to-find-first|cypress-provider|14","measures":{"value":1311479125}}
{"ts":1675459599072891750,"type":"point","name":"time-to-find-first|cypress-provider|15","measures":{"value":1311799708}}
{"ts":1675459600954409709,"type":"point","name":"time-to-find-first|cypress-provider|7","measures":{"value":3192341459}}
{"ts":1675459598369291472,"type":"point","name":"time-to-find-first|cypress-provider|4","measures":{"value":619804292}}
{"ts":1675459600315024125,"type":"point","name":"time-to-find-first|cypress-provider|12","measures":{"value":2553131668}}
{"ts":1675459600721621584,"type":"point","name":"time-to-find-first|cypress-provider|8","measures":{"value":2959082751}}
{"ts":1675459599799767708,"type":"point","name":"time-to-find-first|cypress-provider|11","measures":{"value":2038077876}}
{"ts":1675459602731917501,"type":"point","name":"bandwidth-total-in|cypress-provider|22|4","measures":{"value":1156786}}
{"ts":1675459602917847376,"type":"point","name":"bandwidth-total-out|cypress-provider|22|4","measures":{"value":994079}}
{"ts":1675459603397827168,"type":"point","name":"bandwidth-rate-in|cypress-provider|22|4","measures":{"value":52131.28403039313}}
{"ts":1675459603698993710,"type":"point","name":"bandwidth-rate-out|cypress-provider|22|4","measures":{"value":68978.29070418813}}
{"ts":1675459622725770677,"type":"point","name":"bandwidth-total-in|cypress-provider|22|5","measures":{"value":1334073}}
{"ts":1675459622875617094,"type":"point","name":"bandwidth-total-out|cypress-provider|22|5","measures":{"value":1027671}}
{"ts":1675459622958968636,"type":"point","name":"bandwidth-rate-in|cypress-provider|22|5","measures":{"value":1906.6981902592552}}
{"ts":1675459623031774094,"type":"point","name":"bandwidth-rate-out|cypress-provider|22|5","measures":{"value":46.219281664531515}}
{"ts":1675459642613908298,"type":"point","name":"bandwidth-total-in|cypress-provider|22|6","measures":{"value":1739094}}
{"ts":1675459643924327090,"type":"point","name":"bandwidth-total-out|cypress-provider|22|6","measures":{"value":1622887}}
{"ts":1675459643964586507,"type":"point","name":"bandwidth-rate-in|cypress-provider|22|6","measures":{"value":38237.18924754407}}
{"ts":1675459644195841132,"type":"point","name":"bandwidth-rate-out|cypress-provider|22|6","measures":{"value":20963.832543716144}}
{"ts":1675459662569140043,"type":"point","name":"bandwidth-total-in|cypress-provider|22|7","measures":{"value":2016575}}
{"ts":1675459662924098918,"type":"point","name":"bandwidth-total-out|cypress-provider|22|7","measures":{"value":1987242}}
{"ts":1675459663295376251,"type":"point","name":"bandwidth-rate-in|cypress-provider|22|7","measures":{"value":50918.56142239321}}
{"ts":1675459663465575210,"type":"point","name":"bandwidth-rate-out|cypress-provider|22|7","measures":{"value":59912.5205626779}}
{"ts":1675459682501983094,"type":"point","name":"bandwidth-total-in|cypress-provider|22|8","measures":{"value":2316097}}
{"ts":1675459682529670761,"type":"point","name":"bandwidth-total-out|cypress-provider|22|8","measures":{"value":2469319}}
{"ts":1675459682550338594,"type":"point","name":"bandwidth-rate-in|cypress-provider|22|8","measures":{"value":7466.031483083424}}
{"ts":1675459682562884552,"type":"point","name":"bandwidth-rate-out|cypress-provider|22|8","measures":{"value":17283.95634858555}}
{"ts":1675459702566540464,"type":"point","name":"bandwidth-total-in|cypress-provider|22|9","measures":{"value":2487776}}
{"ts":1675459702781702798,"type":"point","name":"bandwidth-total-out|cypress-provider|22|9","measures":{"value":2582156}}
{"ts":1675459702865176214,"type":"point","name":"bandwidth-rate-in|cypress-provider|22|9","measures":{"value":6143.836873955939}}
{"ts":1675459702875523048,"type":"point","name":"bandwidth-rate-out|cypress-provider|22|9","measures":{"value":13176.432915532989}}
{"ts":1675459722455239043,"type":"point","name":"bandwidth-total-in|cypress-provider|22|10","measures":{"value":2763588}}
{"ts":1675459722552262084,"type":"point","name":"bandwidth-total-out|cypress-provider|22|10","measures":{"value":2791627}}
{"ts":1675459722793581626,"type":"point","name":"bandwidth-rate-in|cypress-provider|22|10","measures":{"value":36910.731805389485}}
{"ts":1675459723144140376,"type":"point","name":"bandwidth-rate-out|cypress-provider|22|10","measures":{"value":22177.49760109582}}
{"ts":1675459730960953088,"type":"point","name":"num-hops|cypress-provider|1","measures":{"value":3}}
{"ts":1675459731105565297,"type":"point","name":"time-to-find-last|done|cypress-provider|1","measures":{"value":961325708}}
{"ts":1675459731357567589,"type":"point","name":"time-to-find|done|cypress-provider|1","measures":{"value":133603469810}}
{"ts":1675459731400873714,"type":"point","name":"peers-found|done|cypress-provider|1","measures":{"value":40}}
{"ts":1675459731464778714,"type":"point","name":"peers-missing|done|cypress-provider|1","measures":{"value":0}}
{"ts":1675459732943067881,"type":"point","name":"num-hops|cypress-provider|15","measures":{"value":3}}
{"ts":1675459733025156964,"type":"point","name":"time-to-find-last|done|cypress-provider|15","measures":{"value":3561579834}}
{"ts":1675459733131448673,"type":"point","name":"time-to-find|done|cypress-provider|15","measures":{"value":135373900728}}
{"ts":1675459733160181381,"type":"point","name":"peers-found|done|cypress-provider|15","measures":{"value":40}}
{"ts":1675459733214390548,"type":"point","name":"peers-missing|done|cypress-provider|15","measures":{"value":0}}
{"ts":1675459734762183007,"type":"point","name":"num-hops|cypress-provider|13","measures":{"value":1}}
{"ts":1675459734786291507,"type":"point","name":"time-to-find-last|done|cypress-provider|13","measures":{"value":3101342835}}
{"ts":1675459734869310507,"type":"point","name":"time-to-find|done|cypress-provider|13","measures":{"value":137113109438}}
{"ts":1675459734883199924,"type":"point","name":"peers-found|done|cypress-provider|13","measures":{"value":40}}
{"ts":1675459734908132299,"type":"point","name":"peers-missing|done|cypress-provider|13","measures":{"value":0}}
{"ts":1675459735168411257,"type":"point","name":"num-hops|cypress-provider|5","measures":{"value":1}}
{"ts":1675459735187391965,"type":"point","name":"time-to-find-last|done|cypress-provider|5","measures":{"value":638970542}}
{"ts":1675459735203463590,"type":"point","name":"time-to-find|done|cypress-provider|5","measures":{"value":137449662062}}
{"ts":1675459735220289382,"type":"point","name":"peers-found|done|cypress-provider|5","measures":{"value":40}}
{"ts":1675459735237065965,"type":"point","name":"peers-missing|done|cypress-provider|5","measures":{"value":0}}
{"ts":1675459735328950382,"type":"point","name":"num-hops|cypress-provider|4","measures":{"value":2}}
{"ts":1675459735351769632,"type":"point","name":"time-to-find-last|done|cypress-provider|4","measures":{"value":3541706710}}
{"ts":1675459735399422174,"type":"point","name":"time-to-find|done|cypress-provider|4","measures":{"value":137643929521}}
{"ts":1675459735408504799,"type":"point","name":"peers-found|done|cypress-provider|4","measures":{"value":40}}
{"ts":1675459735399369632,"type":"point","name":"num-hops|cypress-provider|10","measures":{"value":1}}
{"ts":1675459735469297507,"type":"point","name":"time-to-find-last|done|cypress-provider|10","measures":{"value":2298927834}}
{"ts":1675459735478437091,"type":"point","name":"time-to-find|done|cypress-provider|10","measures":{"value":137722401562}}
{"ts":1675459735491915716,"type":"point","name":"peers-found|done|cypress-provider|10","measures":{"value":40}}
{"ts":1675459735504210841,"type":"point","name":"peers-missing|done|cypress-provider|10","measures":{"value":0}}
{"ts":1675459735423053632,"type":"point","name":"peers-missing|done|cypress-provider|4","measures":{"value":0}}
{"ts":1675459735734559466,"type":"point","name":"num-hops|cypress-provider|18","measures":{"value":1}}
{"ts":1675459735756123966,"type":"point","name":"time-to-find-last|done|cypress-provider|18","measures":{"value":2609409834}}
{"ts":1675459735764566966,"type":"point","name":"time-to-find|done|cypress-provider|18","measures":{"value":138008644813}}
{"ts":1675459735863195549,"type":"point","name":"peers-found|done|cypress-provider|18","measures":{"value":40}}
{"ts":1675459735996807049,"type":"point","name":"peers-missing|done|cypress-provider|18","measures":{"value":0}}
{"ts":1675459736077989508,"type":"point","name":"num-hops|cypress-provider|19","measures":{"value":1}}
{"ts":1675459736117432049,"type":"point","name":"time-to-find-last|done|cypress-provider|19","measures":{"value":497255875}}
{"ts":1675459736134860549,"type":"point","name":"time-to-find|done|cypress-provider|19","measures":{"value":138383613646}}
{"ts":1675459736230501383,"type":"point","name":"peers-found|done|cypress-provider|19","measures":{"value":40}}
{"ts":1675459736311907133,"type":"point","name":"peers-missing|done|cypress-provider|19","measures":{"value":0}}
{"ts":1675459736267288383,"type":"point","name":"num-hops|cypress-provider|0","measures":{"value":3}}
{"ts":1675459736584101341,"type":"point","name":"time-to-find-last|done|cypress-provider|0","measures":{"value":778602792}}
{"ts":1675459736603432758,"type":"point","name":"time-to-find|done|cypress-provider|0","measures":{"value":138849440646}}
{"ts":1675459736609353549,"type":"point","name":"peers-found|done|cypress-provider|0","measures":{"value":40}}
{"ts":1675459736616101133,"type":"point","name":"peers-missing|done|cypress-provider|0","measures":{"value":0}}
{"ts":1675459736349960258,"type":"point","name":"num-hops|cypress-provider|11","measures":{"value":2}}
{"ts":1675459736732230633,"type":"point","name":"time-to-find-last|done|cypress-provider|11","measures":{"value":3959238752}}
{"ts":1675459736794597800,"type":"point","name":"time-to-find|done|cypress-provider|11","measures":{"value":139036475897}}
{"ts":1675459736850404591,"type":"point","name":"peers-found|done|cypress-provider|11","measures":{"value":40}}
{"ts":1675459736868049341,"type":"point","name":"peers-missing|done|cypress-provider|11","measures":{"value":0}}
{"ts":1675459736716362550,"type":"point","name":"num-hops|cypress-provider|7","measures":{"value":3}}
{"ts":1675459737213392800,"type":"point","name":"time-to-find-last|done|cypress-provider|7","measures":{"value":27790621596}}
{"ts":1675459737242078883,"type":"point","name":"time-to-find|done|cypress-provider|7","measures":{"value":139483553438}}
{"ts":1675459737314165591,"type":"point","name":"peers-found|done|cypress-provider|7","measures":{"value":40}}
{"ts":1675459737362977717,"type":"point","name":"peers-missing|done|cypress-provider|7","measures":{"value":0}}
{"ts":1675459736868358633,"type":"point","name":"num-hops|cypress-provider|14","measures":{"value":2}}
{"ts":1675459737396986300,"type":"point","name":"time-to-find-last|done|cypress-provider|14","measures":{"value":3390106543}}
{"ts":1675459737442971050,"type":"point","name":"time-to-find|done|cypress-provider|14","measures":{"value":139685530980}}
{"ts":1675459737456144467,"type":"point","name":"peers-found|done|cypress-provider|14","measures":{"value":40}}
{"ts":1675459737485493925,"type":"point","name":"peers-missing|done|cypress-provider|14","measures":{"value":0}}
{"ts":1675459736727017591,"type":"point","name":"num-hops|cypress-provider|3","measures":{"value":3}}
{"ts":1675459737526210258,"type":"point","name":"time-to-find-last|done|cypress-provider|3","measures":{"value":2045090417}}
{"ts":1675459737546064717,"type":"point","name":"time-to-find|done|cypress-provider|3","measures":{"value":139790780313}}
{"ts":1675459737553845550,"type":"point","name":"peers-found|done|cypress-provider|3","measures":{"value":40}}
{"ts":1675459737566081633,"type":"point","name":"peers-missing|done|cypress-provider|3","measures":{"value":0}}
{"ts":1675459737363489550,"type":"point","name":"num-hops|cypress-provider|9","measures":{"value":2}}
{"ts":1675459737621917467,"type":"point","name":"time-to-find-last|done|cypress-provider|9","measures":{"value":2300610709}}
{"ts":1675459737679267675,"type":"point","name":"time-to-find|done|cypress-provider|9","measures":{"value":139923485689}}
{"ts":1675459737706838592,"type":"point","name":"peers-found|done|cypress-provider|9","measures":{"value":40}}
{"ts":1675459737713101342,"type":"point","name":"peers-missing|done|cypress-provider|9","measures":{"value":0}}
{"ts":1675459736576333633,"type":"point","name":"num-hops|cypress-provider|16","measures":{"value":2}}
{"ts":1675459737746528508,"type":"point","name":"time-to-find-last|done|cypress-provider|16","measures":{"value":3073240209}}
{"ts":1675459737760918383,"type":"point","name":"time-to-find|done|cypress-provider|16","measures":{"value":140002996272}}
{"ts":1675459737591270883,"type":"point","name":"num-hops|cypress-provider|12","measures":{"value":3}}
{"ts":1675459737823419383,"type":"point","name":"time-to-find-last|done|cypress-provider|12","measures":{"value":3587864127}}
{"ts":1675459737834438758,"type":"point","name":"time-to-find|done|cypress-provider|12","measures":{"value":140076091147}}
{"ts":1675459737878835258,"type":"point","name":"peers-found|done|cypress-provider|12","measures":{"value":40}}
{"ts":1675459737887365425,"type":"point","name":"peers-missing|done|cypress-provider|12","measures":{"value":0}}
{"ts":1675459737765220342,"type":"point","name":"num-hops|cypress-provider|6","measures":{"value":3}}
{"ts":1675459737907575217,"type":"point","name":"time-to-find-last|done|cypress-provider|6","measures":{"value":14496075798}}
{"ts":1675459737937116758,"type":"point","name":"time-to-find|done|cypress-provider|6","measures":{"value":140179054022}}
{"ts":1675459738083064967,"type":"point","name":"peers-found|done|cypress-provider|6","measures":{"value":40}}
{"ts":1675459738108544384,"type":"point","name":"peers-missing|done|cypress-provider|6","measures":{"value":0}}
{"ts":1675459737897437633,"type":"point","name":"peers-found|done|cypress-provider|16","measures":{"value":40}}
{"ts":1675459738150235925,"type":"point","name":"peers-missing|done|cypress-provider|16","measures":{"value":0}}
{"ts":1675459738139383300,"type":"point","name":"num-hops|cypress-provider|2","measures":{"value":1}}
{"ts":1675459738216889134,"type":"point","name":"time-to-find-last|done|cypress-provider|2","measures":{"value":3403754668}}
{"ts":1675459738231066259,"type":"point","name":"time-to-find|done|cypress-provider|2","measures":{"value":140476665731}}
{"ts":1675459738249973800,"type":"point","name":"peers-found|done|cypress-provider|2","measures":{"value":40}}
{"ts":1675459738255950050,"type":"point","name":"peers-missing|done|cypress-provider|2","measures":{"value":0}}
{"ts":1675459738139211675,"type":"point","name":"num-hops|cypress-provider|17","measures":{"value":2}}
{"ts":1675459738322340675,"type":"point","name":"time-to-find-last|done|cypress-provider|17","measures":{"value":1605406167}}
{"ts":1675459738352593467,"type":"point","name":"time-to-find|done|cypress-provider|17","measures":{"value":140597479605}}
{"ts":1675459738383454800,"type":"point","name":"peers-found|done|cypress-provider|17","measures":{"value":40}}
{"ts":1675459738413301717,"type":"point","name":"peers-missing|done|cypress-provider|17","measures":{"value":0}}
{"ts":1675459738620023050,"type":"point","name":"num-hops|cypress-provider|8","measures":{"value":5}}
{"ts":1675459738653548550,"type":"point","name":"time-to-find-last|done|cypress-provider|8","measures":{"value":3958367376}}
{"ts":1675459738681464925,"type":"point","name":"time-to-find|done|cypress-provider|8","measures":{"value":140922468897}}
{"ts":1675459738689523300,"type":"point","name":"peers-found|done|cypress-provider|8","measures":{"value":40}}
{"ts":1675459738818885884,"type":"point","name":"peers-missing|done|cypress-provider|8","measures":{"value":0}}
{"ts":1675459738993217551,"type":"point","name":"signal provider-records2","measures":{"value":92493250}}
{"ts":1675459742455917469,"type":"point","name":"bandwidth-total-in|cypress-provider|22|11","measures":{"value":2938391}}
{"ts":1675459742542846427,"type":"point","name":"bandwidth-total-out|cypress-provider|22|11","measures":{"value":2952939}}
{"ts":1675459742599139344,"type":"point","name":"bandwidth-rate-in|cypress-provider|22|11","measures":{"value":286.87311847240875}}
{"ts":1675459742619229136,"type":"point","name":"bandwidth-rate-out|cypress-provider|22|11","measures":{"value":6455.938283677807}}
{"ts":1675459762454691089,"type":"point","name":"bandwidth-total-in|cypress-provider|22|12","measures":{"value":2939638}}
{"ts":1675459762474618547,"type":"point","name":"bandwidth-total-out|cypress-provider|22|12","measures":{"value":3038479}}
{"ts":1675459762479824589,"type":"point","name":"bandwidth-rate-in|cypress-provider|22|12","measures":{"value":14.688093290609965}}
{"ts":1675459762487082922,"type":"point","name":"bandwidth-rate-out|cypress-provider|22|12","measures":{"value":1173.3923766233993}}
{"ts":1675459764114281173,"type":"point","name":"barrierprovider-records2","measures":{"value":25094464678}}
{"ts":1675459764295071215,"type":"point","name":"full provider-records2","measures":{"value":166541233701}}
