{"ts":1675384706380286919,"msg":"","group_id":"cypress-provider","run_id":"cfe5dbnrirfi8tjofrj0","event":{"message_event":{"message":"registering default http handler at: http://[::]:6060/ (pprof: http://[::]:6060/debug/pprof/)"}}}
{"ts":1675384706386245753,"msg":"","group_id":"cypress-provider","run_id":"cfe5dbnrirfi8tjofrj0","event":{"start_event":{"runenv":{"plan":"dht","case":"find-providers","run":"cfe5dbnrirfi8tjofrj0","params":{"alpha":"10","auto_refresh":"true","beta":"3","bootstrapper":"true","bs_strategy":"3","bucket_size":"20","client_mode":"false","datastore":"0","expect_dht":"true","group_order":"1","latency":"500","peer_id_seed":"0","random_walk":"false","record_count":"20","record_seed":"0","search_records":"true","timeout_secs":"2000","undialable":"false"},"instances":40,"outputs_path":"/outputs","temp_path":"/temp","network":"16.110.0.0/16","group":"cypress-provider","group_instances":40}}}}
{"ts":1675384706649614169,"msg":"","group_id":"cypress-provider","run_id":"cfe5dbnrirfi8tjofrj0","event":{"message_event":{"message":"waiting for network to initialize"}}}
{"ts":1675384721236057343,"msg":"","group_id":"cypress-provider","run_id":"cfe5dbnrirfi8tjofrj0","event":{"message_event":{"message":"network initialisation successful"}}}
{"ts":1675384721357098343,"msg":"","group_id":"cypress-provider","run_id":"cfe5dbnrirfi8tjofrj0","event":{"message_event":{"message":"network initialization complete"}}}
{"ts":1675384721444563635,"msg":"","group_id":"cypress-provider","run_id":"cfe5dbnrirfi8tjofrj0","event":{"message_event":{"message":"claimed sequence numbers; global=21, group(cypress-provider)=18"}}}
{"ts":1675384721453548968,"msg":"","group_id":"cypress-provider","run_id":"cfe5dbnrirfi8tjofrj0","event":{"message_event":{"message":"Finding providers"}}}
{"ts":1675384721987264052,"msg":"","group_id":"cypress-provider","run_id":"cfe5dbnrirfi8tjofrj0","event":{"message_event":{"message":"network initialisation successful"}}}
{"ts":1675384722059183093,"msg":"","group_id":"cypress-provider","run_id":"cfe5dbnrirfi8tjofrj0","event":{"message_event":{"message":"SetupNetwork, network setup completed"}}}
{"ts":1675384722700712927,"msg":"","group_id":"cypress-provider","run_id":"cfe5dbnrirfi8tjofrj0","event":{"message_event":{"message":"there are 1 groups map[cypress-provider:0x4001abe480]"}}}
{"ts":1675384722705108844,"msg":"","group_id":"cypress-provider","run_id":"cfe5dbnrirfi8tjofrj0","event":{"message_event":{"message":"setGroupInfo, sortedGroup:%!(EXTRA []string=[cypress-provider])"}}}
{"ts":1675384722707624635,"msg":"","group_id":"cypress-provider","run_id":"cfe5dbnrirfi8tjofrj0","event":{"message_event":{"message":"past group info"}}}
{"ts":1675384722724842385,"msg":"","group_id":"cypress-provider","run_id":"cfe5dbnrirfi8tjofrj0","event":{"message_event":{"message":"connmgr parameters: hi=12, lo=6"}}}
{"ts":1675384722781610927,"msg":"","group_id":"cypress-provider","run_id":"cfe5dbnrirfi8tjofrj0","event":{"message_event":{"message":"creating DHT"}}}
{"ts":1675384722796058677,"msg":"","group_id":"cypress-provider","run_id":"cfe5dbnrirfi8tjofrj0","event":{"message_event":{"message":"creating DHT successful"}}}
{"ts":1675384722809942635,"msg":"","group_id":"cypress-provider","run_id":"cfe5dbnrirfi8tjofrj0","event":{"message_event":{"message":"supporting protocol:%!(EXTRA string=/p2p/id/delta/1.0.0)"}}}
{"ts":1675384722828986594,"msg":"","group_id":"cypress-provider","run_id":"cfe5dbnrirfi8tjofrj0","event":{"message_event":{"message":"supporting protocol:%!(EXTRA string=/ipfs/id/1.0.0)"}}}
{"ts":1675384722840769636,"msg":"","group_id":"cypress-provider","run_id":"cfe5dbnrirfi8tjofrj0","event":{"message_event":{"message":"supporting protocol:%!(EXTRA string=/ipfs/id/push/1.0.0)"}}}
{"ts":1675384722853093844,"msg":"","group_id":"cypress-provider","run_id":"cfe5dbnrirfi8tjofrj0","event":{"message_event":{"message":"supporting protocol:%!(EXTRA string=/ipfs/ping/1.0.0)"}}}
{"ts":1675384722867018969,"msg":"","group_id":"cypress-provider","run_id":"cfe5dbnrirfi8tjofrj0","event":{"message_event":{"message":"supporting protocol:%!(EXTRA string=/libp2p/circuit/relay/0.1.0)"}}}
{"ts":1675384722887005177,"msg":"","group_id":"cypress-provider","run_id":"cfe5dbnrirfi8tjofrj0","event":{"message_event":{"message":"supporting protocol:%!(EXTRA string=/libp2p/circuit/relay/0.2.0/stop)"}}}
{"ts":1675384722895996094,"msg":"","group_id":"cypress-provider","run_id":"cfe5dbnrirfi8tjofrj0","event":{"message_event":{"message":"supporting protocol:%!(EXTRA string=/libp2p/autonat/1.0.0)"}}}
{"ts":1675384722910867261,"msg":"","group_id":"cypress-provider","run_id":"cfe5dbnrirfi8tjofrj0","event":{"message_event":{"message":"supporting protocol:%!(EXTRA string=/testground/kad/1.0.0)"}}}
{"ts":1675384723361178594,"msg":"","group_id":"cypress-provider","run_id":"cfe5dbnrirfi8tjofrj0","event":{"message_event":{"message":"24 is waiting on 0 from state 0"}}}
{"ts":1675384723371860802,"msg":"requested a barrier with target zero; satisfying immediately","group_id":"cypress-provider","run_id":"cfe5dbnrirfi8tjofrj0","state":"boostrap-gradual1-0"}
{"ts":1675384723412851094,"msg":"","group_id":"cypress-provider","run_id":"cfe5dbnrirfi8tjofrj0","event":{"message_event":{"message":"24 is running"}}}
{"ts":1675384723450316011,"msg":"","group_id":"cypress-provider","run_id":"cfe5dbnrirfi8tjofrj0","event":{"message_event":{"message":"Dial to all other peers"}}}
{"ts":1675384723466163594,"msg":"","group_id":"cypress-provider","run_id":"cfe5dbnrirfi8tjofrj0","event":{"message_event":{"message":"dialling peer 12D3KooWGCvi3KESxsfJqabtDpZTviCeycABxLRtCPR7aQAdAwir (attempt 1)"}}}
{"ts":1675384723614276928,"msg":"","group_id":"cypress-provider","run_id":"cfe5dbnrirfi8tjofrj0","event":{"message_event":{"message":"Connect, successfully dialed peer: %!(EXTRA peer.AddrInfo={12D3KooWGCvi3KESxsfJqabtDpZTviCeycABxLRtCPR7aQAdAwir: [/ip4/16.110.0.4/tcp/37195]})"}}}
{"ts":1675384723675025094,"msg":"","group_id":"cypress-provider","run_id":"cfe5dbnrirfi8tjofrj0","event":{"message_event":{"message":"dialling peer 12D3KooWGVijKpKXAveYbcCXhe8DhrykfXaehwPM6mcSgagqXkEg (attempt 1)"}}}
{"ts":1675384724110867136,"msg":"","group_id":"cypress-provider","run_id":"cfe5dbnrirfi8tjofrj0","event":{"message_event":{"message":"Connect, successfully dialed peer: %!(EXTRA peer.AddrInfo={12D3KooWGVijKpKXAveYbcCXhe8DhrykfXaehwPM6mcSgagqXkEg: [/ip4/16.110.0.37/tcp/35329]})"}}}
{"ts":1675384724164296928,"msg":"","group_id":"cypress-provider","run_id":"cfe5dbnrirfi8tjofrj0","event":{"message_event":{"message":"dialling peer 12D3KooWGEcD5sW5osB6LajkHGqiGc3W8eKfYwnJVVqfujkpLWX2 (attempt 1)"}}}
{"ts":1675384724241724928,"msg":"","group_id":"cypress-provider","run_id":"cfe5dbnrirfi8tjofrj0","event":{"message_event":{"message":"Connect, successfully dialed peer: %!(EXTRA peer.AddrInfo={12D3KooWGEcD5sW5osB6LajkHGqiGc3W8eKfYwnJVVqfujkpLWX2: [/ip4/16.110.0.36/tcp/46715]})"}}}
{"ts":1675384756029611512,"msg":"","group_id":"cypress-provider","run_id":"cfe5dbnrirfi8tjofrj0","event":{"message_event":{"message":"bootstrap: everyone table ready"}}}
{"ts":1675384757098349763,"msg":"","group_id":"cypress-provider","run_id":"cfe5dbnrirfi8tjofrj0","event":{"message_event":{"message":"24 is done - waiting for 39"}}}
{"ts":1675384757318043429,"msg":"","group_id":"cypress-provider","run_id":"cfe5dbnrirfi8tjofrj0","event":{"message_event":{"message":"24 passed the barrier"}}}
{"ts":1675384759343285014,"msg":"","group_id":"cypress-provider","run_id":"cfe5dbnrirfi8tjofrj0","event":{"message_event":{"message":"bootstrap: begin trim"}}}
{"ts":1675384760402024083,"msg":"","group_id":"cypress-provider","run_id":"cfe5dbnrirfi8tjofrj0","event":{"message_event":{"message":"name: signal bootstrapping0; uint: ns; time: %!d(float64=6.443917e+06)"}}}
{"ts":1675384760414953250,"msg":"","group_id":"cypress-provider","run_id":"cfe5dbnrirfi8tjofrj0","event":{"message_event":{"message":"signal bootstrapping0%!(EXTRA float64=1.9330583e+07)"}}}
{"ts":1675384760440154666,"msg":"","group_id":"cypress-provider","run_id":"cfe5dbnrirfi8tjofrj0","event":{"message_event":{"message":"name: barrier bootstrapping0; uint: ns; time: %!d(float64=292)"}}}
{"ts":1675384760522000750,"msg":"","group_id":"cypress-provider","run_id":"cfe5dbnrirfi8tjofrj0","event":{"message_event":{"message":"barrierbootstrapping0%!(EXTRA float64=8.1843376e+07)"}}}
{"ts":1675384760566304583,"msg":"","group_id":"cypress-provider","run_id":"cfe5dbnrirfi8tjofrj0","event":{"message_event":{"message":"name: full bootstrapping0; uint: ns; time: %!d(float64=1.26143792e+08)"}}}
{"ts":1675384760585859167,"msg":"","group_id":"cypress-provider","run_id":"cfe5dbnrirfi8tjofrj0","event":{"message_event":{"message":"full bootstrapping0%!(EXTRA float64=3.7223675892e+10)"}}}
{"ts":1675384761433058084,"msg":"","group_id":"cypress-provider","run_id":"cfe5dbnrirfi8tjofrj0","event":{"message_event":{"message":"bootstrap: finished with 33 connections, 35 in the routing table"}}}
{"ts":1675384761457973292,"msg":"","group_id":"cypress-provider","run_id":"cfe5dbnrirfi8tjofrj0","event":{"message_event":{"message":"table health: {\"IdealDepth\":5,\"ActualDepth\":8,\"Bucket\":[{\"Depth\":1,\"MaxKnownContacts\":24,\"ActualKnownContacts\":20,\"ActualUnknownContacts\":0},{\"Depth\":2,\"MaxKnownContacts\":8,\"ActualKnownContacts\":8,\"ActualUnknownContacts\":0},{\"Depth\":3,\"MaxKnownContacts\":4,\"ActualKnownContacts\":4,\"ActualUnknownContacts\":0},{\"Depth\":4,\"MaxKnownContacts\":0,\"ActualKnownContacts\":0,\"ActualUnknownContacts\":0},{\"Depth\":5,\"MaxKnownContacts\":0,\"ActualKnownContacts\":0,\"ActualUnknownContacts\":0},{\"Depth\":5,\"MaxKnownContacts\":2,\"ActualKnownContacts\":2,\"ActualUnknownContacts\":0},{\"Depth\":6,\"MaxKnownContacts\":0,\"ActualKnownContacts\":0,\"ActualUnknownContacts\":0},{\"Depth\":8,\"MaxKnownContacts\":1,\"ActualKnownContacts\":1,\"ActualUnknownContacts\":0}]}"}}}
{"ts":1675384761479316500,"msg":"","group_id":"cypress-provider","run_id":"cfe5dbnrirfi8tjofrj0","event":{"message_event":{"message":"bootstrap: done"}}}
{"ts":1675384761493926417,"msg":"","group_id":"cypress-provider","run_id":"cfe5dbnrirfi8tjofrj0","event":{"message_event":{"message":"Bootstrap phase ended"}}}
{"ts":1675384762115925501,"msg":"","group_id":"cypress-provider","run_id":"cfe5dbnrirfi8tjofrj0","event":{"message_event":{"message":"SetupNetwork, network setup completed"}}}
{"ts":1675384762172132209,"msg":"","group_id":"cypress-provider","run_id":"cfe5dbnrirfi8tjofrj0","event":{"message_event":{"message":"getRecords, record count > 0"}}}
{"ts":1675384762233199417,"msg":"","group_id":"cypress-provider","run_id":"cfe5dbnrirfi8tjofrj0","event":{"message_event":{"message":"getRecords, searchRecords: %!(EXTRA []*test.ProviderRecordSubmission=[0x4002247aa0])"}}}
{"ts":1675384762308034709,"msg":"","group_id":"cypress-provider","run_id":"cfe5dbnrirfi8tjofrj0","event":{"message_event":{"message":"start provide loop"}}}
{"ts":1675384818517337513,"msg":"","group_id":"cypress-provider","run_id":"cfe5dbnrirfi8tjofrj0","event":{"message_event":{"message":"failed to send batch to InfluxDB; attempt 0; err: Post \"http://testground-influxdb:8086/write?consistency=&db=testground&precision=ns&rp=\": context deadline exceeded (Client.Timeout exceeded while awaiting headers)"}}}
{"ts":1675384825749734460,"msg":"","group_id":"cypress-provider","run_id":"cfe5dbnrirfi8tjofrj0","event":{"message_event":{"message":"Provided CID: QmY1eF8EB1WVFdF6xzh1C1YkadMojpT4FoEZkqzyprqDoV"}}}
{"ts":1675384825940301460,"msg":"","group_id":"cypress-provider","run_id":"cfe5dbnrirfi8tjofrj0","event":{"message_event":{"message":"Provided CID: QmeSZuScRfVhZy4U2CzqmAd5P8uxzgeW2nfbk2k4UyutkT"}}}
{"ts":1675384825860936168,"msg":"","group_id":"cypress-provider","run_id":"cfe5dbnrirfi8tjofrj0","event":{"message_event":{"message":"Provided CID: QmYigrr9erPWMnVKfw74wV1KvjZ18mtzEzv7iFbWDh5VdP"}}}
{"ts":1675384825867431168,"msg":"","group_id":"cypress-provider","run_id":"cfe5dbnrirfi8tjofrj0","event":{"message_event":{"message":"Provided CID: QmQw6U12opixMzbVDc384vgh7sia5gUKajDD24oRLaLEqQ"}}}
{"ts":1675384825867762918,"msg":"","group_id":"cypress-provider","run_id":"cfe5dbnrirfi8tjofrj0","event":{"message_event":{"message":"Provided CID: QmTzXCJwzJbtQxtpimCKwbyty4yPphQgGZQM2YRN45kMv2"}}}
{"ts":1675384825867968752,"msg":"","group_id":"cypress-provider","run_id":"cfe5dbnrirfi8tjofrj0","event":{"message_event":{"message":"Provided CID: Qmbwx2wndEZeCm1257gtYyAeXrGNDStgm7YsufAHbyUkDc"}}}
{"ts":1675384825868590043,"msg":"","group_id":"cypress-provider","run_id":"cfe5dbnrirfi8tjofrj0","event":{"message_event":{"message":"Provided CID: QmXyoMntxMK4Z9uuruxACuyTV7kwdSEyjtxNhWbznehRUr"}}}
{"ts":1675384826097813127,"msg":"","group_id":"cypress-provider","run_id":"cfe5dbnrirfi8tjofrj0","event":{"message_event":{"message":"Provided CID: QmQHFH1e6p6NGjLiA3rVJHRYzS7qBhfbKGGajQZ26u1PuE"}}}
{"ts":1675384826901680836,"msg":"","group_id":"cypress-provider","run_id":"cfe5dbnrirfi8tjofrj0","event":{"message_event":{"message":"Provided CID: QmQZkMNdV3rH6umvxCwWEdoj4TjWyAxNuLxbXEigd8iKqU"}}}
{"ts":1675384826903372794,"msg":"","group_id":"cypress-provider","run_id":"cfe5dbnrirfi8tjofrj0","event":{"message_event":{"message":"Provided CID: QmYFqavMPJvzLNnh6wYdHLAR7iiix7mPrpbJaXRGMVBxzb"}}}
{"ts":1675384826936871211,"msg":"","group_id":"cypress-provider","run_id":"cfe5dbnrirfi8tjofrj0","event":{"message_event":{"message":"Provided CID: QmNj8PTJnf4fUCBd6EEAXcvMgfVMnt4CXFkPu968Fwg6YT"}}}
{"ts":1675384827511124836,"msg":"","group_id":"cypress-provider","run_id":"cfe5dbnrirfi8tjofrj0","event":{"message_event":{"message":"Provided CID: QmS1rxhfhq3FsUuG2TLNSYW6gxrtR4hmfoiajCdWCo7hq5"}}}
{"ts":1675384827511227753,"msg":"","group_id":"cypress-provider","run_id":"cfe5dbnrirfi8tjofrj0","event":{"message_event":{"message":"Provided CID: QmSpZzCdhhyWM7eTNe29nDrPR9xdZR8R4VpGSoTdFq5usz"}}}
{"ts":1675384827514841253,"msg":"","group_id":"cypress-provider","run_id":"cfe5dbnrirfi8tjofrj0","event":{"message_event":{"message":"Provided CID: Qmbtbn2iDC1YBbrN2WYgyscVXM5vws3ZoA4gT8YKzKMXgX"}}}
{"ts":1675384827582860128,"msg":"","group_id":"cypress-provider","run_id":"cfe5dbnrirfi8tjofrj0","event":{"message_event":{"message":"Provided CID: QmeT46kQsiffrH7MdGfNpkgaKGfKUnZw6bEw5APTU27WPz"}}}
{"ts":1675384827582889753,"msg":"","group_id":"cypress-provider","run_id":"cfe5dbnrirfi8tjofrj0","event":{"message_event":{"message":"Provided CID: QmQNSGk6KsGpAPPAL4PweycsHN5Te4YBvwQY8G9bYWRKpe"}}}
{"ts":1675384827616271128,"msg":"","group_id":"cypress-provider","run_id":"cfe5dbnrirfi8tjofrj0","event":{"message_event":{"message":"Provided CID: QmSSrDtDK5LvFTnBAgNmjb5tRWcYuExu1qYLrXNv2UdzXE"}}}
{"ts":1675384827760418794,"msg":"","group_id":"cypress-provider","run_id":"cfe5dbnrirfi8tjofrj0","event":{"message_event":{"message":"Provided CID: QmTeC6qvToLwytK5uruQq4npHWezRWnRXjHm6Gn9h2tsFr"}}}
{"ts":1675384827821787378,"msg":"","group_id":"cypress-provider","run_id":"cfe5dbnrirfi8tjofrj0","event":{"message_event":{"message":"Provided CID: QmNnfyApQUXaqj2dsRTthNUBBktYf6seo7BJk7W9Ym56ZH"}}}
{"ts":1675384828265847753,"msg":"","group_id":"cypress-provider","run_id":"cfe5dbnrirfi8tjofrj0","event":{"message_event":{"message":"failed to send batch to InfluxDB; attempt 0; err: Post \"http://testground-influxdb:8086/write?consistency=&db=testground&precision=ns&rp=\": context deadline exceeded (Client.Timeout exceeded while awaiting headers)"}}}
{"ts":1675384828600942295,"msg":"","group_id":"cypress-provider","run_id":"cfe5dbnrirfi8tjofrj0","event":{"message_event":{"message":"Provided CID: QmdKMXX7ZqzwxriTXcLtqQJQXThZrgCaiSUERdDZ9Ne95f"}}}
{"ts":1675384828800812170,"msg":"","group_id":"cypress-provider","run_id":"cfe5dbnrirfi8tjofrj0","event":{"message_event":{"message":"name: signal provider-records1; uint: ns; time: %!d(float64=6.4138708e+07)"}}}
{"ts":1675384828832939170,"msg":"","group_id":"cypress-provider","run_id":"cfe5dbnrirfi8tjofrj0","event":{"message_event":{"message":"signal provider-records1%!(EXTRA float64=9.6265792e+07)"}}}
{"ts":1675384828984878712,"msg":"","group_id":"cypress-provider","run_id":"cfe5dbnrirfi8tjofrj0","event":{"message_event":{"message":"name: barrier provider-records1; uint: ns; time: %!d(float64=458)"}}}
{"ts":1675384842386877676,"msg":"","group_id":"cypress-provider","run_id":"cfe5dbnrirfi8tjofrj0","event":{"message_event":{"message":"barrierprovider-records1%!(EXTRA float64=1.3402053215e+10)"}}}
{"ts":1675384842560193551,"msg":"","group_id":"cypress-provider","run_id":"cfe5dbnrirfi8tjofrj0","event":{"message_event":{"message":"name: full provider-records1; uint: ns; time: %!d(float64=1.357516709e+10)"}}}
{"ts":1675384842586606468,"msg":"","group_id":"cypress-provider","run_id":"cfe5dbnrirfi8tjofrj0","event":{"message_event":{"message":"full provider-records1%!(EXTRA float64=8.0183893204e+10)"}}}
{"ts":1675384862055009380,"msg":"","group_id":"cypress-provider","run_id":"cfe5dbnrirfi8tjofrj0","event":{"message_event":{"message":"failed to send batch to InfluxDB; attempt 0; err: Post \"http://testground-influxdb:8086/write?consistency=&db=testground&precision=ns&rp=\": context deadline exceeded (Client.Timeout exceeded while awaiting headers)"}}}
{"ts":1675384877354486970,"msg":"","group_id":"cypress-provider","run_id":"cfe5dbnrirfi8tjofrj0","event":{"message_event":{"message":"failed to send batch to InfluxDB; attempt 0; err: Post \"http://testground-influxdb:8086/write?consistency=&db=testground&precision=ns&rp=\": context deadline exceeded (Client.Timeout exceeded while awaiting headers)"}}}
{"ts":1675384908169148887,"msg":"","group_id":"cypress-provider","run_id":"cfe5dbnrirfi8tjofrj0","event":{"message_event":{"message":"name: signal provider-records2; uint: ns; time: %!d(float64=2.8521583e+07)"}}}
{"ts":1675384908203742637,"msg":"","group_id":"cypress-provider","run_id":"cfe5dbnrirfi8tjofrj0","event":{"message_event":{"message":"signal provider-records2%!(EXTRA float64=6.311175e+07)"}}}
{"ts":1675384908252793762,"msg":"","group_id":"cypress-provider","run_id":"cfe5dbnrirfi8tjofrj0","event":{"message_event":{"message":"name: barrier provider-records2; uint: ns; time: %!d(float64=625)"}}}
{"ts":1675384917823688503,"msg":"","group_id":"cypress-provider","run_id":"cfe5dbnrirfi8tjofrj0","event":{"message_event":{"message":"barrierprovider-records2%!(EXTRA float64=9.57859717e+09)"}}}
{"ts":1675384918025483919,"msg":"","group_id":"cypress-provider","run_id":"cfe5dbnrirfi8tjofrj0","event":{"message_event":{"message":"name: full provider-records2; uint: ns; time: %!d(float64=9.780383754e+09)"}}}
{"ts":1675384918093983753,"msg":"","group_id":"cypress-provider","run_id":"cfe5dbnrirfi8tjofrj0","event":{"message_event":{"message":"full provider-records2%!(EXTRA float64=7.327624145e+10)"}}}
{"ts":1675384918731888461,"msg":"","group_id":"cypress-provider","run_id":"cfe5dbnrirfi8tjofrj0","event":{"success_event":{"group":"cypress-provider"}}}
{"ts":1675384926323854840,"msg":"","group_id":"cypress-provider","run_id":"cfe5dbnrirfi8tjofrj0","event":{"message_event":{"message":"failed to send batch to InfluxDB; attempt 0; err: Post \"http://testground-influxdb:8086/write?consistency=&db=testground&precision=ns&rp=\": context deadline exceeded (Client.Timeout exceeded while awaiting headers)"}}}
{"ts":1675384931881558051,"msg":"","group_id":"cypress-provider","run_id":"cfe5dbnrirfi8tjofrj0","event":{"message_event":{"message":"failed to send batch to InfluxDB; attempt 1; err: Post \"http://testground-influxdb:8086/write?consistency=&db=testground&precision=ns&rp=\": context deadline exceeded (Client.Timeout exceeded while awaiting headers)"}}}
{"ts":1675384938068563887,"msg":"","group_id":"cypress-provider","run_id":"cfe5dbnrirfi8tjofrj0","event":{"message_event":{"message":"failed to send batch to InfluxDB; attempt 2; err: Post \"http://testground-influxdb:8086/write?consistency=&db=testground&precision=ns&rp=\": context deadline exceeded (Client.Timeout exceeded while awaiting headers)"}}}
