{"ts":1676412684054813843,"type":"point","name":"bandwidth-total-in|cypress-provider|1|0","measures":{"value":183418}}
{"ts":1676412684058166968,"type":"point","name":"bandwidth-total-out|cypress-provider|1|0","measures":{"value":189148}}
{"ts":1676412684061115135,"type":"point","name":"bandwidth-rate-in|cypress-provider|1|0","measures":{"value":51.16293533180505}}
{"ts":1676412684070207718,"type":"point","name":"bandwidth-rate-out|cypress-provider|1|0","measures":{"value":29.4697160292289}}
{"ts":1676412704056855922,"type":"point","name":"bandwidth-total-in|cypress-provider|1|1","measures":{"value":205882}}
{"ts":1676412704059765213,"type":"point","name":"bandwidth-total-out|cypress-provider|1|1","measures":{"value":217586}}
{"ts":1676412704069006255,"type":"point","name":"bandwidth-rate-in|cypress-provider|1|1","measures":{"value":1940.6621134499305}}
{"ts":1676412704070933922,"type":"point","name":"bandwidth-rate-out|cypress-provider|1|1","measures":{"value":2887.5552045591035}}
{"ts":1676412706360913131,"type":"point","name":"signal bootstrapping0","measures":{"value":41260208}}
{"ts":1676412706522339215,"type":"point","name":"barrierbootstrapping0","measures":{"value":144539917}}
{"ts":1676412706571737215,"type":"point","name":"full bootstrapping0","measures":{"value":38739813268}}
{"ts":1676412724062530459,"type":"point","name":"bandwidth-total-in|cypress-provider|1|2","measures":{"value":637640}}
{"ts":1676412724078675209,"type":"point","name":"bandwidth-total-out|cypress-provider|1|2","measures":{"value":425951}}
{"ts":1676412724099873042,"type":"point","name":"bandwidth-rate-in|cypress-provider|1|2","measures":{"value":15388.993867024225}}
{"ts":1676412724192444875,"type":"point","name":"bandwidth-rate-out|cypress-provider|1|2","measures":{"value":8311.73096051282}}
{"ts":1676412735625677756,"type":"point","name":"time-to-provide-19","measures":{"value":26739045637}}
{"ts":1676412738268495715,"type":"point","name":"time-to-provide-15","measures":{"value":29212433597}}
{"ts":1676412738631075924,"type":"point","name":"time-to-provide-6","measures":{"value":29577523639}}
{"ts":1676412738960410424,"type":"point","name":"time-to-provide-17","measures":{"value":29906030180}}
{"ts":1676412739135402257,"type":"point","name":"time-to-provide-11","measures":{"value":30142638181}}
{"ts":1676412739419007008,"type":"point","name":"time-to-provide-9","measures":{"value":30402479055}}
{"ts":1676412739494056966,"type":"point","name":"time-to-provide-8","measures":{"value":30477314472}}
{"ts":1676412739615826633,"type":"point","name":"time-to-provide-12","measures":{"value":30599015639}}
{"ts":1676412739638606424,"type":"point","name":"time-to-provide-0","measures":{"value":30621716389}}
{"ts":1676412739724061966,"type":"point","name":"time-to-provide-7","measures":{"value":30804265598}}
{"ts":1676412740118701675,"type":"point","name":"time-to-provide-5","measures":{"value":31111860764}}
{"ts":1676412740194543008,"type":"point","name":"time-to-provide-13","measures":{"value":31178726348}}
{"ts":1676412740218827883,"type":"point","name":"time-to-provide-3","measures":{"value":31165161973}}
{"ts":1676412740320277758,"type":"point","name":"time-to-provide-18","measures":{"value":31265511515}}
{"ts":1676412740477883508,"type":"point","name":"time-to-provide-16","measures":{"value":31440472431}}
{"ts":1676412740519576050,"type":"point","name":"time-to-provide-2","measures":{"value":31502737222}}
{"ts":1676412740592825425,"type":"point","name":"time-to-provide-14","measures":{"value":31671808223}}
{"ts":1676412740612584008,"type":"point","name":"time-to-provide-4","measures":{"value":31557608598}}
{"ts":1676412740723696842,"type":"point","name":"time-to-provide-10","measures":{"value":31706990015}}
{"ts":1676412740783584092,"type":"point","name":"time-to-provide-1","measures":{"value":31728500015}}
{"ts":1676412740940691550,"type":"point","name":"signal provider-records1","measures":{"value":73751333}}
{"ts":1676412744061510760,"type":"point","name":"bandwidth-total-in|cypress-provider|1|3","measures":{"value":792627}}
{"ts":1676412744089764343,"type":"point","name":"bandwidth-total-out|cypress-provider|1|3","measures":{"value":577227}}
{"ts":1676412744115502010,"type":"point","name":"bandwidth-rate-in|cypress-provider|1|3","measures":{"value":4870.335534971711}}
{"ts":1676412744123752677,"type":"point","name":"bandwidth-rate-out|cypress-provider|1|3","measures":{"value":1521.7667186671808}}
{"ts":1676412744547865843,"type":"point","name":"barrierprovider-records1","measures":{"value":3576142501}}
{"ts":1676412744627730635,"type":"point","name":"full provider-records1","measures":{"value":35786898725}}
{"ts":1676412746034741594,"type":"point","name":"time-to-find-first|cypress-provider|1","measures":{"value":842000}}
{"ts":1676412746046514261,"type":"point","name":"time-to-find-first|cypress-provider|0","measures":{"value":13472083}}
{"ts":1676412746046657719,"type":"point","name":"time-to-find-first|cypress-provider|19","measures":{"value":17095792}}
{"ts":1676412746083224011,"type":"point","name":"time-to-find-first|cypress-provider|14","measures":{"value":30538209}}
{"ts":1676412746143884428,"type":"point","name":"time-to-find-first|cypress-provider|15","measures":{"value":99982334}}
{"ts":1676412746144366219,"type":"point","name":"time-to-find-first|cypress-provider|2","measures":{"value":108592917}}
{"ts":1676412746147673469,"type":"point","name":"time-to-find-first|cypress-provider|16","measures":{"value":103684334}}
{"ts":1676412746149009678,"type":"point","name":"time-to-find-first|cypress-provider|17","measures":{"value":104923000}}
{"ts":1676412746201696428,"type":"point","name":"time-to-find-first|cypress-provider|18","measures":{"value":157313333}}
{"ts":1676412746350545386,"type":"point","name":"time-to-find-first|cypress-provider|3","measures":{"value":303445292}}
{"ts":1676412746350607594,"type":"point","name":"time-to-find-first|cypress-provider|4","measures":{"value":302935875}}
{"ts":1676412746728307386,"type":"point","name":"time-to-find-first|cypress-provider|5","measures":{"value":669374084}}
{"ts":1676412746730553094,"type":"point","name":"time-to-find-first|cypress-provider|10","measures":{"value":1548791}}
{"ts":1676412746732069428,"type":"point","name":"time-to-find-first|cypress-provider|6","measures":{"value":673007417}}
{"ts":1676412746736738469,"type":"point","name":"time-to-find-first|cypress-provider|9","measures":{"value":689704917}}
{"ts":1676412746749597594,"type":"point","name":"time-to-find-first|cypress-provider|8","measures":{"value":688275125}}
{"ts":1676412746749896844,"type":"point","name":"time-to-find-first|cypress-provider|7","measures":{"value":690519292}}
{"ts":1676412746810952344,"type":"point","name":"time-to-find-first|cypress-provider|12","measures":{"value":141003666}}
{"ts":1676412747059739845,"type":"point","name":"time-to-find-first|cypress-provider|11","measures":{"value":328686876}}
{"ts":1676412747059816386,"type":"point","name":"time-to-find-first|cypress-provider|13","measures":{"value":236133000}}
{"ts":1676412765470254297,"type":"point","name":"bandwidth-total-in|cypress-provider|1|4","measures":{"value":1742969}}
{"ts":1676412765823094714,"type":"point","name":"bandwidth-total-out|cypress-provider|1|4","measures":{"value":1047575}}
{"ts":1676412765855889339,"type":"point","name":"bandwidth-rate-in|cypress-provider|1|4","measures":{"value":29726.14538498803}}
{"ts":1676412765886123131,"type":"point","name":"bandwidth-rate-out|cypress-provider|1|4","measures":{"value":7046.602895150734}}
{"ts":1676412783582808958,"type":"point","name":"num-hops|cypress-provider|16","measures":{"value":2}}
{"ts":1676412783616820292,"type":"point","name":"time-to-find-last|done|cypress-provider|16","measures":{"value":1230970376}}
{"ts":1676412783616718500,"type":"point","name":"num-hops|cypress-provider|0","measures":{"value":1}}
{"ts":1676412783643830583,"type":"point","name":"time-to-find-last|done|cypress-provider|0","measures":{"value":579580542}}
{"ts":1676412783665125417,"type":"point","name":"time-to-find|done|cypress-provider|0","measures":{"value":37634033850}}
{"ts":1676412783699927750,"type":"point","name":"peers-found|done|cypress-provider|0","measures":{"value":40}}
{"ts":1676412783767076375,"type":"point","name":"peers-missing|done|cypress-provider|0","measures":{"value":0}}
{"ts":1676412783759810833,"type":"point","name":"num-hops|cypress-provider|12","measures":{"value":2}}
{"ts":1676412783804537417,"type":"point","name":"time-to-find-last|done|cypress-provider|12","measures":{"value":3734907627}}
{"ts":1676412783819966792,"type":"point","name":"time-to-find|done|cypress-provider|12","measures":{"value":37151977308}}
{"ts":1676412783857759542,"type":"point","name":"peers-found|done|cypress-provider|12","measures":{"value":40}}
{"ts":1676412783876232000,"type":"point","name":"peers-missing|done|cypress-provider|12","measures":{"value":0}}
{"ts":1676412783852975667,"type":"point","name":"num-hops|cypress-provider|14","measures":{"value":2}}
{"ts":1676412783943916792,"type":"point","name":"time-to-find-last|done|cypress-provider|14","measures":{"value":933647043}}
{"ts":1676412783961379792,"type":"point","name":"time-to-find|done|cypress-provider|14","measures":{"value":37928425309}}
{"ts":1676412783977638709,"type":"point","name":"peers-found|done|cypress-provider|14","measures":{"value":40}}
{"ts":1676412784012538875,"type":"point","name":"peers-missing|done|cypress-provider|14","measures":{"value":0}}
{"ts":1676412783977648209,"type":"point","name":"num-hops|cypress-provider|19","measures":{"value":1}}
{"ts":1676412784048667042,"type":"point","name":"time-to-find-last|done|cypress-provider|19","measures":{"value":701252959}}
{"ts":1676412784057037834,"type":"point","name":"time-to-find|done|cypress-provider|19","measures":{"value":38029416059}}
{"ts":1676412784103692250,"type":"point","name":"peers-found|done|cypress-provider|19","measures":{"value":40}}
{"ts":1676412784140624209,"type":"point","name":"peers-missing|done|cypress-provider|19","measures":{"value":0}}
{"ts":1676412784061557209,"type":"point","name":"bandwidth-total-in|cypress-provider|1|5","measures":{"value":2327763}}
{"ts":1676412784216602834,"type":"point","name":"bandwidth-total-out|cypress-provider|1|5","measures":{"value":1403892}}
{"ts":1676412784243685917,"type":"point","name":"bandwidth-rate-in|cypress-provider|1|5","measures":{"value":3210.8002272323665}}
{"ts":1676412784265919917,"type":"point","name":"bandwidth-rate-out|cypress-provider|1|5","measures":{"value":11907.575327686382}}
{"ts":1676412783636907958,"type":"point","name":"time-to-find|done|cypress-provider|16","measures":{"value":37594869517}}
{"ts":1676412784329865084,"type":"point","name":"peers-found|done|cypress-provider|16","measures":{"value":40}}
{"ts":1676412784347930500,"type":"point","name":"peers-missing|done|cypress-provider|16","measures":{"value":0}}
{"ts":1676412783836115000,"type":"point","name":"num-hops|cypress-provider|13","measures":{"value":2}}
{"ts":1676412784417953000,"type":"point","name":"time-to-find-last|done|cypress-provider|13","measures":{"value":2156062626}}
{"ts":1676412784444021542,"type":"point","name":"time-to-find|done|cypress-provider|13","measures":{"value":37622301600}}
{"ts":1676412784481858917,"type":"point","name":"peers-found|done|cypress-provider|13","measures":{"value":40}}
{"ts":1676412784524232209,"type":"point","name":"peers-missing|done|cypress-provider|13","measures":{"value":0}}
{"ts":1676412784221143667,"type":"point","name":"num-hops|cypress-provider|6","measures":{"value":2}}
{"ts":1676412784596147959,"type":"point","name":"time-to-find-last|done|cypress-provider|6","measures":{"value":4129517210}}
{"ts":1676412784608736626,"type":"point","name":"time-to-find|done|cypress-provider|6","measures":{"value":38551637642}}
{"ts":1676412784631724001,"type":"point","name":"peers-found|done|cypress-provider|6","measures":{"value":40}}
{"ts":1676412784639408626,"type":"point","name":"peers-missing|done|cypress-provider|6","measures":{"value":0}}
{"ts":1676412784303054500,"type":"point","name":"num-hops|cypress-provider|11","measures":{"value":2}}
{"ts":1676412784728768126,"type":"point","name":"time-to-find-last|done|cypress-provider|11","measures":{"value":2184605126}}
{"ts":1676412784812745584,"type":"point","name":"time-to-find|done|cypress-provider|11","measures":{"value":38083646684}}
{"ts":1676412784836549251,"type":"point","name":"peers-found|done|cypress-provider|11","measures":{"value":40}}
{"ts":1676412784870559501,"type":"point","name":"peers-missing|done|cypress-provider|11","measures":{"value":0}}
{"ts":1676412784104633209,"type":"point","name":"num-hops|cypress-provider|18","measures":{"value":2}}
{"ts":1676412784905030584,"type":"point","name":"time-to-find-last|done|cypress-provider|18","measures":{"value":1417439292}}
{"ts":1676412784932973917,"type":"point","name":"time-to-find|done|cypress-provider|18","measures":{"value":38890540767}}
{"ts":1676412784973078834,"type":"point","name":"peers-found|done|cypress-provider|18","measures":{"value":40}}
{"ts":1676412784984748001,"type":"point","name":"peers-missing|done|cypress-provider|18","measures":{"value":0}}
{"ts":1676412784527429167,"type":"point","name":"num-hops|cypress-provider|2","measures":{"value":1}}
{"ts":1676412785045429959,"type":"point","name":"time-to-find-last|done|cypress-provider|2","measures":{"value":3347145335}}
{"ts":1676412785070086584,"type":"point","name":"time-to-find|done|cypress-provider|2","measures":{"value":39036261809}}
{"ts":1676412785101460292,"type":"point","name":"peers-found|done|cypress-provider|2","measures":{"value":40}}
{"ts":1676412785116359209,"type":"point","name":"peers-missing|done|cypress-provider|2","measures":{"value":0}}
{"ts":1676412784734871126,"type":"point","name":"num-hops|cypress-provider|9","measures":{"value":1}}
{"ts":1676412785142096251,"type":"point","name":"time-to-find-last|done|cypress-provider|9","measures":{"value":2394592668}}
{"ts":1676412785195344043,"type":"point","name":"time-to-find|done|cypress-provider|9","measures":{"value":39150257768}}
{"ts":1676412785209799501,"type":"point","name":"peers-found|done|cypress-provider|9","measures":{"value":40}}
{"ts":1676412785227465001,"type":"point","name":"peers-missing|done|cypress-provider|9","measures":{"value":0}}
{"ts":1676412785419996001,"type":"point","name":"num-hops|cypress-provider|1","measures":{"value":1}}
{"ts":1676412785455667709,"type":"point","name":"time-to-find-last|done|cypress-provider|1","measures":{"value":318768083}}
{"ts":1676412785470910418,"type":"point","name":"time-to-find|done|cypress-provider|1","measures":{"value":39438964559}}
{"ts":1676412785496243626,"type":"point","name":"peers-found|done|cypress-provider|1","measures":{"value":40}}
{"ts":1676412785521921001,"type":"point","name":"peers-missing|done|cypress-provider|1","measures":{"value":0}}
{"ts":1676412785446932876,"type":"point","name":"num-hops|cypress-provider|5","measures":{"value":1}}
{"ts":1676412785554054834,"type":"point","name":"time-to-find-last|done|cypress-provider|5","measures":{"value":2478653043}}
{"ts":1676412785567881334,"type":"point","name":"time-to-find|done|cypress-provider|5","measures":{"value":39510909893}}
{"ts":1676412785583009668,"type":"point","name":"peers-found|done|cypress-provider|5","measures":{"value":40}}
{"ts":1676412785616842668,"type":"point","name":"peers-missing|done|cypress-provider|5","measures":{"value":0}}
{"ts":1676412785582930459,"type":"point","name":"num-hops|cypress-provider|3","measures":{"value":1}}
{"ts":1676412785648859751,"type":"point","name":"time-to-find-last|done|cypress-provider|3","measures":{"value":1569372584}}
{"ts":1676412785673649876,"type":"point","name":"time-to-find|done|cypress-provider|3","measures":{"value":39628499143}}
{"ts":1676412785716833501,"type":"point","name":"peers-found|done|cypress-provider|3","measures":{"value":40}}
{"ts":1676412785737867876,"type":"point","name":"peers-missing|done|cypress-provider|3","measures":{"value":0}}
{"ts":1676412786125923668,"type":"point","name":"num-hops|cypress-provider|8","measures":{"value":1}}
{"ts":1676412786139994001,"type":"point","name":"time-to-find-last|done|cypress-provider|8","measures":{"value":4583226169}}
{"ts":1676412786155750043,"type":"point","name":"time-to-find|done|cypress-provider|8","measures":{"value":40097126685}}
{"ts":1676412786177157168,"type":"point","name":"peers-found|done|cypress-provider|8","measures":{"value":40}}
{"ts":1676412786201079376,"type":"point","name":"peers-missing|done|cypress-provider|8","measures":{"value":0}}
{"ts":1676412786177093126,"type":"point","name":"num-hops|cypress-provider|10","measures":{"value":2}}
{"ts":1676412786229385085,"type":"point","name":"time-to-find-last|done|cypress-provider|10","measures":{"value":1485070042}}
{"ts":1676412786247348918,"type":"point","name":"time-to-find|done|cypress-provider|10","measures":{"value":39520294142}}
{"ts":1676412786273938835,"type":"point","name":"peers-found|done|cypress-provider|10","measures":{"value":40}}
{"ts":1676412786281018418,"type":"point","name":"peers-missing|done|cypress-provider|10","measures":{"value":0}}
{"ts":1676412786761528293,"type":"point","name":"num-hops|cypress-provider|17","measures":{"value":1}}
{"ts":1676412786786350085,"type":"point","name":"time-to-find-last|done|cypress-provider|17","measures":{"value":1243498417}}
{"ts":1676412786829713793,"type":"point","name":"time-to-find|done|cypress-provider|17","measures":{"value":40787575393}}
{"ts":1676412786859357918,"type":"point","name":"peers-found|done|cypress-provider|17","measures":{"value":40}}
{"ts":1676412786875800668,"type":"point","name":"peers-missing|done|cypress-provider|17","measures":{"value":0}}
{"ts":1676412788002575169,"type":"point","name":"num-hops|cypress-provider|15","measures":{"value":2}}
{"ts":1676412788058151919,"type":"point","name":"time-to-find-last|done|cypress-provider|15","measures":{"value":992057792}}
{"ts":1676412788091763377,"type":"point","name":"time-to-find|done|cypress-provider|15","measures":{"value":42049810811}}
{"ts":1676412788129802169,"type":"point","name":"peers-found|done|cypress-provider|15","measures":{"value":40}}
{"ts":1676412788179832002,"type":"point","name":"peers-missing|done|cypress-provider|15","measures":{"value":0}}
{"ts":1676412788058417002,"type":"point","name":"num-hops|cypress-provider|4","measures":{"value":2}}
{"ts":1676412788461729211,"type":"point","name":"time-to-find-last|done|cypress-provider|4","measures":{"value":1670749001}}
{"ts":1676412788477670711,"type":"point","name":"time-to-find|done|cypress-provider|4","measures":{"value":42431947602}}
{"ts":1676412788663657086,"type":"point","name":"peers-found|done|cypress-provider|4","measures":{"value":40}}
{"ts":1676412788683677628,"type":"point","name":"peers-missing|done|cypress-provider|4","measures":{"value":0}}
{"ts":1676412788471797419,"type":"point","name":"num-hops|cypress-provider|7","measures":{"value":1}}
{"ts":1676412788814605169,"type":"point","name":"time-to-find-last|done|cypress-provider|7","measures":{"value":2630227501}}
{"ts":1676412788833257836,"type":"point","name":"time-to-find|done|cypress-provider|7","measures":{"value":42775882478}}
{"ts":1676412788865635294,"type":"point","name":"peers-found|done|cypress-provider|7","measures":{"value":40}}
{"ts":1676412788895136919,"type":"point","name":"peers-missing|done|cypress-provider|7","measures":{"value":0}}
{"ts":1676412789641634295,"type":"point","name":"signal provider-records2","measures":{"value":692497709}}
{"ts":1676412798082500132,"type":"point","name":"barrierprovider-records2","measures":{"value":8431096587}}
{"ts":1676412798348488257,"type":"point","name":"full provider-records2","measures":{"value":52321340107}}
{"ts":1676412804195357052,"type":"point","name":"bandwidth-total-in|cypress-provider|1|6","measures":{"value":2334762}}
{"ts":1676412804216017468,"type":"point","name":"bandwidth-total-out|cypress-provider|1|6","measures":{"value":1463168}}
{"ts":1676412804245765010,"type":"point","name":"bandwidth-rate-in|cypress-provider|1|6","measures":{"value":0.00011284133073083891}}
{"ts":1676412804253107510,"type":"point","name":"bandwidth-rate-out|cypress-provider|1|6","measures":{"value":0.002662145809759391}}
