{"ts":1676964085855165386,"type":"gauge","name":"runtime.MemStats.HeapObjects","measures":{"value":550531}}
{"ts":1676964085880614428,"type":"gauge","name":"runtime.MemStats.MCacheInuse","measures":{"value":9600}}
{"ts":1676964085906595719,"type":"gauge","name":"runtime.MemStats.HeapIdle","measures":{"value":26411008}}
{"ts":1676964085911975178,"type":"gauge","name":"runtime.MemStats.BuckHashSys","measures":{"value":1500198}}
{"ts":1676964085913555803,"type":"gauge","name":"runtime.MemStats.NextGC","measures":{"value":55935584}}
{"ts":1676964085917030469,"type":"gauge","name":"runtime.MemStats.Sys","measures":{"value":91128088}}
{"ts":1676964085921247011,"type":"gauge","name":"runtime.MemStats.Alloc","measures":{"value":27271384}}
{"ts":1676964085925791636,"type":"gauge","name":"runtime.MemStats.Mallocs","measures":{"value":994767}}
{"ts":1676964085929759178,"type":"gauge","name":"runtime.MemStats.MSpanInuse","measures":{"value":640288}}
{"ts":1676964085934570886,"type":"gauge","name":"runtime.MemStats.MSpanSys","measures":{"value":701760}}
{"ts":1676964085939348428,"type":"gauge","name":"runtime.MemStats.GCCPUFraction","measures":{"value":0.030418177159337173}}
{"ts":1676964085942710886,"type":"gauge","name":"runtime.MemStats.PauseTotalNs","measures":{"value":4919875}}
{"ts":1676964085945659261,"type":"gauge","name":"runtime.MemStats.HeapInuse","measures":{"value":33751040}}
{"ts":1676964085952604678,"type":"gauge","name":"runtime.MemStats.HeapReleased","measures":{"value":2736128}}
{"ts":1676964085955298469,"type":"gauge","name":"runtime.MemStats.Lookups","measures":{"value":0}}
{"ts":1676964085965477053,"type":"histogram","name":"runtime.MemStats.PauseNs","measures":{"count":4,"max":2986541,"mean":1229968.75,"min":26083,"p50":953625.5,"p75":2680760,"p95":2986541,"p99":2986541,"p999":2986541,"p9999":2986541,"stddev":1224657.3703600478,"variance":1499785674777.1875}}
{"ts":1676964085970543094,"type":"gauge","name":"runtime.MemStats.StackSys","measures":{"value":19529728}}
{"ts":1676964085974008636,"type":"timer","name":"runtime.ReadMemStats","measures":{"count":1,"m1":0,"m15":0,"m5":0,"max":829084,"mean":829084,"meanrate":0.19993333546820816,"min":829084,"p50":829084,"p75":829084,"p95":829084,"p99":829084,"p999":829084,"p9999":829084,"stddev":0,"variance":0}}
{"ts":1676964085975988178,"type":"gauge","name":"runtime.MemStats.EnableGC","measures":{"value":1}}
{"ts":1676964085977446386,"type":"gauge","name":"runtime.MemStats.Frees","measures":{"value":444236}}
{"ts":1676964085980927178,"type":"gauge","name":"runtime.MemStats.LastGC","measures":{"value":1676964085588539100}}
{"ts":1676964085983709803,"type":"gauge","name":"runtime.MemStats.MCacheSys","measures":{"value":15600}}
{"ts":1676964085987375761,"type":"gauge","name":"runtime.MemStats.TotalAlloc","measures":{"value":41400888}}
{"ts":1676964086008139428,"type":"gauge","name":"runtime.NumGoroutine","measures":{"value":292}}
{"ts":1676964086011479886,"type":"gauge","name":"runtime.MemStats.DebugGC","measures":{"value":0}}
{"ts":1676964086013643094,"type":"gauge","name":"runtime.NumCgoCall","measures":{"value":1}}
{"ts":1676964086016279469,"type":"gauge","name":"runtime.MemStats.NumGC","measures":{"value":4}}
{"ts":1676964086020380678,"type":"gauge","name":"runtime.MemStats.HeapSys","measures":{"value":60162048}}
{"ts":1676964086024761719,"type":"gauge","name":"runtime.MemStats.StackInuse","measures":{"value":19529728}}
{"ts":1676964086036897136,"type":"gauge","name":"runtime.NumThread","measures":{"value":15}}
{"ts":1676964086039313969,"type":"gauge","name":"runtime.MemStats.HeapAlloc","measures":{"value":27271384}}
{"ts":1676964090855315388,"type":"gauge","name":"runtime.MemStats.HeapIdle","measures":{"value":25968640}}
{"ts":1676964090859401513,"type":"gauge","name":"runtime.MemStats.HeapObjects","measures":{"value":567928}}
{"ts":1676964090862661805,"type":"gauge","name":"runtime.MemStats.MCacheInuse","measures":{"value":9600}}
{"ts":1676964090864985472,"type":"gauge","name":"runtime.MemStats.Alloc","measures":{"value":28594640}}
{"ts":1676964090867205305,"type":"gauge","name":"runtime.MemStats.BuckHashSys","measures":{"value":1500478}}
{"ts":1676964090879151430,"type":"gauge","name":"runtime.MemStats.NextGC","measures":{"value":55935584}}
{"ts":1676964090884093138,"type":"gauge","name":"runtime.MemStats.Sys","measures":{"value":91128088}}
{"ts":1676964090887419888,"type":"gauge","name":"runtime.MemStats.GCCPUFraction","measures":{"value":0.030418177159337173}}
{"ts":1676964090890452180,"type":"gauge","name":"runtime.MemStats.PauseTotalNs","measures":{"value":4919875}}
{"ts":1676964090893252222,"type":"gauge","name":"runtime.MemStats.HeapInuse","measures":{"value":34258944}}
{"ts":1676964090895542347,"type":"gauge","name":"runtime.MemStats.Mallocs","measures":{"value":17702}}
{"ts":1676964090897312722,"type":"gauge","name":"runtime.MemStats.MSpanInuse","measures":{"value":648992}}
{"ts":1676964090899543430,"type":"gauge","name":"runtime.MemStats.MSpanSys","measures":{"value":701760}}
{"ts":1676964090903199805,"type":"gauge","name":"runtime.MemStats.StackSys","measures":{"value":19464192}}
{"ts":1676964090906690305,"type":"timer","name":"runtime.ReadMemStats","measures":{"count":2,"m1":0.015991117074135343,"m15":0.0011080303990206543,"m5":0.0033057092356765017,"max":829084,"mean":694500.5,"meanrate":0.1999638664293543,"min":559917,"p50":694500.5,"p75":829084,"p95":829084,"p99":829084,"p999":829084,"p9999":829084,"stddev":134583.5,"variance":18112718472.25}}
{"ts":1676964090910439680,"type":"gauge","name":"runtime.MemStats.EnableGC","measures":{"value":1}}
{"ts":1676964090913979513,"type":"gauge","name":"runtime.MemStats.HeapReleased","measures":{"value":2228224}}
{"ts":1676964090915913263,"type":"gauge","name":"runtime.MemStats.Lookups","measures":{"value":0}}
{"ts":1676964090919595472,"type":"histogram","name":"runtime.MemStats.PauseNs","measures":{"count":4,"max":2986541,"mean":1229968.75,"min":26083,"p50":953625.5,"p75":2680760,"p95":2986541,"p99":2986541,"p999":2986541,"p9999":2986541,"stddev":1224657.3703600478,"variance":1499785674777.1875}}
{"ts":1676964090921768138,"type":"gauge","name":"runtime.MemStats.TotalAlloc","measures":{"value":42724144}}
{"ts":1676964090924664930,"type":"gauge","name":"runtime.NumGoroutine","measures":{"value":291}}
{"ts":1676964090927889013,"type":"gauge","name":"runtime.MemStats.DebugGC","measures":{"value":0}}
{"ts":1676964090930751763,"type":"gauge","name":"runtime.MemStats.Frees","measures":{"value":305}}
{"ts":1676964090934067847,"type":"gauge","name":"runtime.MemStats.LastGC","measures":{"value":1676964085588539100}}
{"ts":1676964090936376097,"type":"gauge","name":"runtime.MemStats.MCacheSys","measures":{"value":15600}}
{"ts":1676964090937657305,"type":"gauge","name":"runtime.NumCgoCall","measures":{"value":0}}
{"ts":1676964090941069263,"type":"gauge","name":"runtime.MemStats.HeapSys","measures":{"value":60227584}}
{"ts":1676964090943615472,"type":"gauge","name":"runtime.MemStats.NumGC","measures":{"value":0}}
{"ts":1676964090945614847,"type":"gauge","name":"runtime.MemStats.HeapAlloc","measures":{"value":28594640}}
{"ts":1676964090947631722,"type":"gauge","name":"runtime.MemStats.StackInuse","measures":{"value":19464192}}
{"ts":1676964090950082972,"type":"gauge","name":"runtime.NumThread","measures":{"value":15}}
{"ts":1676964095853007502,"type":"gauge","name":"runtime.MemStats.Frees","measures":{"value":248}}
{"ts":1676964095857156502,"type":"gauge","name":"runtime.MemStats.LastGC","measures":{"value":1676964085588539100}}
{"ts":1676964095859776377,"type":"gauge","name":"runtime.MemStats.MCacheSys","measures":{"value":15600}}
{"ts":1676964095863258127,"type":"gauge","name":"runtime.MemStats.TotalAlloc","measures":{"value":43000344}}
{"ts":1676964095866297335,"type":"gauge","name":"runtime.NumGoroutine","measures":{"value":259}}
{"ts":1676964095870401460,"type":"gauge","name":"runtime.MemStats.DebugGC","measures":{"value":0}}
{"ts":1676964095873932043,"type":"gauge","name":"runtime.NumCgoCall","measures":{"value":0}}
{"ts":1676964095878398168,"type":"gauge","name":"runtime.MemStats.NumGC","measures":{"value":0}}
{"ts":1676964095879941543,"type":"gauge","name":"runtime.MemStats.HeapSys","measures":{"value":61145088}}
{"ts":1676964095884679127,"type":"gauge","name":"runtime.MemStats.StackInuse","measures":{"value":18546688}}
{"ts":1676964095889805335,"type":"gauge","name":"runtime.NumThread","measures":{"value":15}}
{"ts":1676964095892983960,"type":"gauge","name":"runtime.MemStats.HeapAlloc","measures":{"value":28870840}}
{"ts":1676964095901979752,"type":"gauge","name":"runtime.MemStats.HeapObjects","measures":{"value":570472}}
{"ts":1676964095904542460,"type":"gauge","name":"runtime.MemStats.MCacheInuse","measures":{"value":9600}}
{"ts":1676964095906272502,"type":"gauge","name":"runtime.MemStats.HeapIdle","measures":{"value":26787840}}
{"ts":1676964095908158835,"type":"gauge","name":"runtime.MemStats.BuckHashSys","measures":{"value":1500478}}
{"ts":1676964095909796252,"type":"gauge","name":"runtime.MemStats.NextGC","measures":{"value":55935584}}
{"ts":1676964095911938418,"type":"gauge","name":"runtime.MemStats.Sys","measures":{"value":91128088}}
{"ts":1676964095913442627,"type":"gauge","name":"runtime.MemStats.Alloc","measures":{"value":28870840}}
{"ts":1676964095914871585,"type":"gauge","name":"runtime.MemStats.Mallocs","measures":{"value":2792}}
{"ts":1676964095916649835,"type":"gauge","name":"runtime.MemStats.MSpanInuse","measures":{"value":648992}}
{"ts":1676964095918864002,"type":"gauge","name":"runtime.MemStats.MSpanSys","measures":{"value":701760}}
{"ts":1676964095920477293,"type":"gauge","name":"runtime.MemStats.GCCPUFraction","measures":{"value":0.030418177159337173}}
{"ts":1676964095922459668,"type":"gauge","name":"runtime.MemStats.PauseTotalNs","measures":{"value":4919875}}
{"ts":1676964095977412835,"type":"gauge","name":"runtime.MemStats.HeapInuse","measures":{"value":34357248}}
{"ts":1676964095984498418,"type":"gauge","name":"runtime.MemStats.HeapReleased","measures":{"value":2220032}}
{"ts":1676964095986120085,"type":"gauge","name":"runtime.MemStats.Lookups","measures":{"value":0}}
{"ts":1676964095987691752,"type":"histogram","name":"runtime.MemStats.PauseNs","measures":{"count":4,"max":2986541,"mean":1229968.75,"min":26083,"p50":953625.5,"p75":2680760,"p95":2986541,"p99":2986541,"p999":2986541,"p9999":2986541,"stddev":1224657.3703600478,"variance":1499785674777.1875}}
{"ts":1676964095991597918,"type":"gauge","name":"runtime.MemStats.StackSys","measures":{"value":18546688}}
{"ts":1676964095993989043,"type":"timer","name":"runtime.ReadMemStats","measures":{"count":3,"m1":0.030703655021877167,"m15":0.002209922141215539,"m5":0.0065567799035988195,"max":1398667,"mean":929222.6666666666,"meanrate":0.19996999275618232,"min":559917,"p50":829084,"p75":1398667,"p95":1398667,"p99":1398667,"p999":1398667,"p9999":1398667,"stddev":349662.89007779415,"variance":122264136697.55556}}
{"ts":1676964095995689460,"type":"gauge","name":"runtime.MemStats.EnableGC","measures":{"value":1}}
{"ts":1676964100853012254,"type":"gauge","name":"runtime.MemStats.HeapSys","measures":{"value":61145088}}
{"ts":1676964100855501129,"type":"gauge","name":"runtime.MemStats.NumGC","measures":{"value":0}}
{"ts":1676964100857360879,"type":"gauge","name":"runtime.MemStats.HeapAlloc","measures":{"value":29137608}}
{"ts":1676964100858505879,"type":"gauge","name":"runtime.MemStats.StackInuse","measures":{"value":18546688}}
{"ts":1676964100859774046,"type":"gauge","name":"runtime.NumThread","measures":{"value":15}}
{"ts":1676964100861367421,"type":"gauge","name":"runtime.MemStats.HeapIdle","measures":{"value":26746880}}
{"ts":1676964100862572462,"type":"gauge","name":"runtime.MemStats.HeapObjects","measures":{"value":572907}}
{"ts":1676964100864017462,"type":"gauge","name":"runtime.MemStats.MCacheInuse","measures":{"value":9600}}
{"ts":1676964100865306962,"type":"gauge","name":"runtime.MemStats.Alloc","measures":{"value":29137608}}
{"ts":1676964100866517462,"type":"gauge","name":"runtime.MemStats.BuckHashSys","measures":{"value":1500478}}
{"ts":1676964100867856754,"type":"gauge","name":"runtime.MemStats.NextGC","measures":{"value":55935584}}
{"ts":1676964100870629879,"type":"gauge","name":"runtime.MemStats.Sys","measures":{"value":91128088}}
{"ts":1676964100873926171,"type":"gauge","name":"runtime.MemStats.GCCPUFraction","measures":{"value":0.030418177159337173}}
{"ts":1676964100875448171,"type":"gauge","name":"runtime.MemStats.PauseTotalNs","measures":{"value":4919875}}
{"ts":1676964100876570337,"type":"gauge","name":"runtime.MemStats.HeapInuse","measures":{"value":34398208}}
{"ts":1676964100877669337,"type":"gauge","name":"runtime.MemStats.Mallocs","measures":{"value":2669}}
{"ts":1676964100878569254,"type":"gauge","name":"runtime.MemStats.MSpanInuse","measures":{"value":648992}}
{"ts":1676964100879408171,"type":"gauge","name":"runtime.MemStats.MSpanSys","measures":{"value":701760}}
{"ts":1676964100880106712,"type":"gauge","name":"runtime.MemStats.StackSys","measures":{"value":18546688}}
{"ts":1676964100880709129,"type":"timer","name":"runtime.ReadMemStats","measures":{"count":4,"m1":0.044239843385719006,"m15":0.003305709235676515,"m5":0.009754115099857198,"max":1398667,"mean":885052.25,"meanrate":0.19997770739507817,"min":559917,"p50":790812.5,"p75":1256271.25,"p95":1398667,"p99":1398667,"p999":1398667,"p9999":1398667,"stddev":312331.842194624,"variance":97551179648.6875}}
{"ts":1676964100881870921,"type":"gauge","name":"runtime.MemStats.EnableGC","measures":{"value":1}}
{"ts":1676964100882563129,"type":"gauge","name":"runtime.MemStats.HeapReleased","measures":{"value":2220032}}
{"ts":1676964100883550129,"type":"gauge","name":"runtime.MemStats.Lookups","measures":{"value":0}}
{"ts":1676964100884717254,"type":"histogram","name":"runtime.MemStats.PauseNs","measures":{"count":4,"max":2986541,"mean":1229968.75,"min":26083,"p50":953625.5,"p75":2680760,"p95":2986541,"p99":2986541,"p999":2986541,"p9999":2986541,"stddev":1224657.3703600478,"variance":1499785674777.1875}}
{"ts":1676964100886352171,"type":"gauge","name":"runtime.MemStats.TotalAlloc","measures":{"value":43267112}}
{"ts":1676964100888396129,"type":"gauge","name":"runtime.NumGoroutine","measures":{"value":259}}
{"ts":1676964100890502712,"type":"gauge","name":"runtime.MemStats.DebugGC","measures":{"value":0}}
{"ts":1676964100891833462,"type":"gauge","name":"runtime.MemStats.Frees","measures":{"value":234}}
{"ts":1676964100892707421,"type":"gauge","name":"runtime.MemStats.LastGC","measures":{"value":1676964085588539100}}
{"ts":1676964100894147421,"type":"gauge","name":"runtime.MemStats.MCacheSys","measures":{"value":15600}}
{"ts":1676964100895116546,"type":"gauge","name":"runtime.NumCgoCall","measures":{"value":0}}
{"ts":1676964105852702423,"type":"gauge","name":"runtime.MemStats.HeapSys","measures":{"value":61145088}}
{"ts":1676964105857250340,"type":"gauge","name":"runtime.MemStats.NumGC","measures":{"value":0}}
{"ts":1676964105860454798,"type":"gauge","name":"runtime.MemStats.HeapAlloc","measures":{"value":29409680}}
{"ts":1676964105862387965,"type":"gauge","name":"runtime.MemStats.StackInuse","measures":{"value":18546688}}
{"ts":1676964105865646798,"type":"gauge","name":"runtime.NumThread","measures":{"value":15}}
{"ts":1676964105867604173,"type":"gauge","name":"runtime.MemStats.HeapIdle","measures":{"value":26599424}}
{"ts":1676964105869189256,"type":"gauge","name":"runtime.MemStats.HeapObjects","measures":{"value":575387}}
{"ts":1676964105870949715,"type":"gauge","name":"runtime.MemStats.MCacheInuse","measures":{"value":9600}}
{"ts":1676964105872661756,"type":"gauge","name":"runtime.MemStats.Alloc","measures":{"value":29409680}}
{"ts":1676964105877522006,"type":"gauge","name":"runtime.MemStats.BuckHashSys","measures":{"value":1500710}}
{"ts":1676964105882536423,"type":"gauge","name":"runtime.MemStats.NextGC","measures":{"value":55935584}}
{"ts":1676964105884684090,"type":"gauge","name":"runtime.MemStats.Sys","measures":{"value":91128088}}
{"ts":1676964105888475548,"type":"gauge","name":"runtime.MemStats.HeapInuse","measures":{"value":34545664}}
{"ts":1676964105890557673,"type":"gauge","name":"runtime.MemStats.Mallocs","measures":{"value":2719}}
{"ts":1676964105894037131,"type":"gauge","name":"runtime.MemStats.MSpanInuse","measures":{"value":648992}}
{"ts":1676964105898163965,"type":"gauge","name":"runtime.MemStats.MSpanSys","measures":{"value":701760}}
{"ts":1676964105899821006,"type":"gauge","name":"runtime.MemStats.GCCPUFraction","measures":{"value":0.030418177159337173}}
{"ts":1676964105902206506,"type":"gauge","name":"runtime.MemStats.PauseTotalNs","measures":{"value":4919875}}
{"ts":1676964105904262006,"type":"gauge","name":"runtime.MemStats.EnableGC","measures":{"value":1}}
{"ts":1676964105908339131,"type":"gauge","name":"runtime.MemStats.HeapReleased","measures":{"value":2072576}}
{"ts":1676964105910647340,"type":"gauge","name":"runtime.MemStats.Lookups","measures":{"value":0}}
{"ts":1676964105916292465,"type":"histogram","name":"runtime.MemStats.PauseNs","measures":{"count":4,"max":2986541,"mean":1229968.75,"min":26083,"p50":953625.5,"p75":2680760,"p95":2986541,"p99":2986541,"p999":2986541,"p9999":2986541,"stddev":1224657.3703600478,"variance":1499785674777.1875}}
{"ts":1676964105918853965,"type":"gauge","name":"runtime.MemStats.StackSys","measures":{"value":18546688}}
{"ts":1676964105922185590,"type":"timer","name":"runtime.ReadMemStats","measures":{"count":5,"m1":0.056693737885242124,"m15":0.004395425503079905,"m5":0.012898602993676452,"max":1398667,"mean":854358.4,"meanrate":0.1999842871465658,"min":559917,"p50":752541,"p75":1113875.5,"p95":1398667,"p99":1398667,"p999":1398667,"p9999":1398667,"stddev":286023.41412940307,"variance":81809393430.24}}
{"ts":1676964105925481048,"type":"gauge","name":"runtime.MemStats.DebugGC","measures":{"value":0}}
{"ts":1676964105927748548,"type":"gauge","name":"runtime.MemStats.Frees","measures":{"value":239}}
{"ts":1676964105928888881,"type":"gauge","name":"runtime.MemStats.LastGC","measures":{"value":1676964085588539100}}
{"ts":1676964105930768631,"type":"gauge","name":"runtime.MemStats.MCacheSys","measures":{"value":15600}}
{"ts":1676964105931963173,"type":"gauge","name":"runtime.MemStats.TotalAlloc","measures":{"value":43539184}}
{"ts":1676964105933470048,"type":"gauge","name":"runtime.NumGoroutine","measures":{"value":259}}
{"ts":1676964105934858965,"type":"gauge","name":"runtime.NumCgoCall","measures":{"value":0}}
{"ts":1676964110852227842,"type":"gauge","name":"runtime.MemStats.HeapAlloc","measures":{"value":29675064}}
{"ts":1676964110854761550,"type":"gauge","name":"runtime.MemStats.StackInuse","measures":{"value":18546688}}
{"ts":1676964110857367800,"type":"gauge","name":"runtime.NumThread","measures":{"value":15}}
{"ts":1676964110858635175,"type":"gauge","name":"runtime.MemStats.HeapIdle","measures":{"value":26411008}}
{"ts":1676964110860677592,"type":"gauge","name":"runtime.MemStats.HeapObjects","measures":{"value":577820}}
{"ts":1676964110862405675,"type":"gauge","name":"runtime.MemStats.MCacheInuse","measures":{"value":9600}}
{"ts":1676964110864848134,"type":"gauge","name":"runtime.MemStats.Sys","measures":{"value":91128088}}
{"ts":1676964110866256217,"type":"gauge","name":"runtime.MemStats.Alloc","measures":{"value":29675064}}
{"ts":1676964110867665842,"type":"gauge","name":"runtime.MemStats.BuckHashSys","measures":{"value":1501206}}
{"ts":1676964110868929884,"type":"gauge","name":"runtime.MemStats.NextGC","measures":{"value":55935584}}
{"ts":1676964110870487592,"type":"gauge","name":"runtime.MemStats.MSpanSys","measures":{"value":701760}}
{"ts":1676964110871732592,"type":"gauge","name":"runtime.MemStats.GCCPUFraction","measures":{"value":0.030418177159337173}}
{"ts":1676964110873340134,"type":"gauge","name":"runtime.MemStats.PauseTotalNs","measures":{"value":4919875}}
{"ts":1676964110874853592,"type":"gauge","name":"runtime.MemStats.HeapInuse","measures":{"value":34734080}}
{"ts":1676964110875811384,"type":"gauge","name":"runtime.MemStats.Mallocs","measures":{"value":2667}}
{"ts":1676964110877413759,"type":"gauge","name":"runtime.MemStats.MSpanInuse","measures":{"value":648992}}
{"ts":1676964110878662550,"type":"histogram","name":"runtime.MemStats.PauseNs","measures":{"count":4,"max":2986541,"mean":1229968.75,"min":26083,"p50":953625.5,"p75":2680760,"p95":2986541,"p99":2986541,"p999":2986541,"p9999":2986541,"stddev":1224657.3703600478,"variance":1499785674777.1875}}
{"ts":1676964110882866050,"type":"gauge","name":"runtime.MemStats.StackSys","measures":{"value":18546688}}
{"ts":1676964110883623842,"type":"timer","name":"runtime.ReadMemStats","measures":{"count":6,"m1":0.06815187395991122,"m15":0.0054791045767303434,"m5":0.015991117074135346,"max":1398667,"mean":770444.5,"meanrate":0.19999019094777779,"min":350875,"p50":742062,"p75":971479.75,"p95":1398667,"p99":1398667,"p999":1398667,"p9999":1398667,"stddev":321531.0367464547,"variance":103382207591.25}}
{"ts":1676964110885977800,"type":"gauge","name":"runtime.MemStats.EnableGC","measures":{"value":1}}
{"ts":1676964110887616717,"type":"gauge","name":"runtime.MemStats.HeapReleased","measures":{"value":1892352}}
{"ts":1676964110890470175,"type":"gauge","name":"runtime.MemStats.Lookups","measures":{"value":0}}
{"ts":1676964110891867134,"type":"gauge","name":"runtime.MemStats.MCacheSys","measures":{"value":15600}}
{"ts":1676964110893020800,"type":"gauge","name":"runtime.MemStats.TotalAlloc","measures":{"value":43804568}}
{"ts":1676964110894259050,"type":"gauge","name":"runtime.NumGoroutine","measures":{"value":259}}
{"ts":1676964110895680175,"type":"gauge","name":"runtime.MemStats.DebugGC","measures":{"value":0}}
{"ts":1676964110896995759,"type":"gauge","name":"runtime.MemStats.Frees","measures":{"value":234}}
{"ts":1676964110898648675,"type":"gauge","name":"runtime.MemStats.LastGC","measures":{"value":1676964085588539100}}
{"ts":1676964110899583259,"type":"gauge","name":"runtime.NumCgoCall","measures":{"value":0}}
{"ts":1676964110901514675,"type":"gauge","name":"runtime.MemStats.HeapSys","measures":{"value":61145088}}
{"ts":1676964110902770092,"type":"gauge","name":"runtime.MemStats.NumGC","measures":{"value":0}}
{"ts":1676964115851522844,"type":"gauge","name":"runtime.MemStats.StackInuse","measures":{"value":17989632}}
{"ts":1676964115854742178,"type":"gauge","name":"runtime.NumThread","measures":{"value":15}}
{"ts":1676964115856878844,"type":"gauge","name":"runtime.MemStats.HeapAlloc","measures":{"value":31187056}}
{"ts":1676964115858884178,"type":"gauge","name":"runtime.MemStats.HeapObjects","measures":{"value":597814}}
{"ts":1676964115860772803,"type":"gauge","name":"runtime.MemStats.MCacheInuse","measures":{"value":9600}}
{"ts":1676964115862527719,"type":"gauge","name":"runtime.MemStats.HeapIdle","measures":{"value":25837568}}
{"ts":1676964115863774678,"type":"gauge","name":"runtime.MemStats.BuckHashSys","measures":{"value":1502254}}
{"ts":1676964115867218886,"type":"gauge","name":"runtime.MemStats.NextGC","measures":{"value":55935584}}
{"ts":1676964115868720344,"type":"gauge","name":"runtime.MemStats.Sys","measures":{"value":91128088}}
{"ts":1676964115869672636,"type":"gauge","name":"runtime.MemStats.Alloc","measures":{"value":31187056}}
{"ts":1676964115870528594,"type":"gauge","name":"runtime.MemStats.Mallocs","measures":{"value":20629}}
{"ts":1676964115871465928,"type":"gauge","name":"runtime.MemStats.MSpanInuse","measures":{"value":648992}}
{"ts":1676964115872469469,"type":"gauge","name":"runtime.MemStats.MSpanSys","measures":{"value":701760}}
{"ts":1676964115873306886,"type":"gauge","name":"runtime.MemStats.GCCPUFraction","measures":{"value":0.030418177159337173}}
{"ts":1676964115874195678,"type":"gauge","name":"runtime.MemStats.PauseTotalNs","measures":{"value":4919875}}
{"ts":1676964115874994303,"type":"gauge","name":"runtime.MemStats.HeapInuse","measures":{"value":35864576}}
{"ts":1676964115875732469,"type":"gauge","name":"runtime.MemStats.HeapReleased","measures":{"value":1236992}}
{"ts":1676964115877734178,"type":"gauge","name":"runtime.MemStats.Lookups","measures":{"value":0}}
{"ts":1676964115878925303,"type":"histogram","name":"runtime.MemStats.PauseNs","measures":{"count":4,"max":2986541,"mean":1229968.75,"min":26083,"p50":953625.5,"p75":2680760,"p95":2986541,"p99":2986541,"p999":2986541,"p9999":2986541,"stddev":1224657.3703600478,"variance":1499785674777.1875}}
{"ts":1676964115880412553,"type":"gauge","name":"runtime.MemStats.StackSys","measures":{"value":17989632}}
{"ts":1676964115882470844,"type":"timer","name":"runtime.ReadMemStats","measures":{"count":7,"m1":0.07869386805747328,"m15":0.0065567799035988455,"m5":0.019032516392808084,"max":1398667,"mean":713297.5714285715,"meanrate":0.19999555381884482,"min":350875,"p50":731583,"p75":829084,"p95":1398667,"p99":1398667,"p999":1398667,"p9999":1398667,"stddev":328949.767386128,"variance":108207949463.38774}}
{"ts":1676964115884087136,"type":"gauge","name":"runtime.MemStats.EnableGC","measures":{"value":1}}
{"ts":1676964115885784636,"type":"gauge","name":"runtime.MemStats.Frees","measures":{"value":635}}
{"ts":1676964115887097178,"type":"gauge","name":"runtime.MemStats.LastGC","measures":{"value":1676964085588539100}}
{"ts":1676964115888414969,"type":"gauge","name":"runtime.MemStats.MCacheSys","measures":{"value":15600}}
{"ts":1676964115889956803,"type":"gauge","name":"runtime.MemStats.TotalAlloc","measures":{"value":45316560}}
{"ts":1676964115891518719,"type":"gauge","name":"runtime.NumGoroutine","measures":{"value":278}}
{"ts":1676964115892473969,"type":"gauge","name":"runtime.MemStats.DebugGC","measures":{"value":0}}
{"ts":1676964115893481678,"type":"gauge","name":"runtime.NumCgoCall","measures":{"value":0}}
{"ts":1676964115894696261,"type":"gauge","name":"runtime.MemStats.NumGC","measures":{"value":0}}
{"ts":1676964115895557803,"type":"gauge","name":"runtime.MemStats.HeapSys","measures":{"value":61702144}}
{"ts":1676964120853614638,"type":"gauge","name":"runtime.MemStats.MSpanSys","measures":{"value":783360}}
{"ts":1676964120862607347,"type":"gauge","name":"runtime.MemStats.GCCPUFraction","measures":{"value":0.030418177159337173}}
{"ts":1676964120885814805,"type":"gauge","name":"runtime.MemStats.PauseTotalNs","measures":{"value":4919875}}
{"ts":1676964120900859722,"type":"gauge","name":"runtime.MemStats.HeapInuse","measures":{"value":44343296}}
{"ts":1676964120918824180,"type":"gauge","name":"runtime.MemStats.Mallocs","measures":{"value":125626}}
{"ts":1676964120929234222,"type":"gauge","name":"runtime.MemStats.MSpanInuse","measures":{"value":770848}}
{"ts":1676964120936391680,"type":"histogram","name":"runtime.MemStats.PauseNs","measures":{"count":4,"max":2986541,"mean":1229968.75,"min":26083,"p50":953625.5,"p75":2680760,"p95":2986541,"p99":2986541,"p999":2986541,"p9999":2986541,"stddev":1224657.3703600478,"variance":1499785674777.1875}}
{"ts":1676964120942141722,"type":"gauge","name":"runtime.MemStats.StackSys","measures":{"value":14843904}}
{"ts":1676964120955467555,"type":"timer","name":"runtime.ReadMemStats","measures":{"count":8,"m1":0.08839297084599056,"m15":0.007628484745355124,"m5":0.02202364580239524,"max":1398667,"mean":793890.625,"meanrate":0.19998559823712855,"min":350875,"p50":742062,"p75":1225802.5,"p95":1398667,"p99":1398667,"p999":1398667,"p9999":1398667,"stddev":374364.3115579186,"variance":140148637768.23438}}
{"ts":1676964120964995264,"type":"gauge","name":"runtime.MemStats.EnableGC","measures":{"value":1}}
{"ts":1676964120971658472,"type":"gauge","name":"runtime.MemStats.HeapReleased","measures":{"value":524288}}
{"ts":1676964120991733889,"type":"gauge","name":"runtime.MemStats.Lookups","measures":{"value":0}}
{"ts":1676964121000939305,"type":"gauge","name":"runtime.MemStats.MCacheSys","measures":{"value":15600}}
{"ts":1676964121008730972,"type":"gauge","name":"runtime.MemStats.TotalAlloc","measures":{"value":54125880}}
{"ts":1676964121019695430,"type":"gauge","name":"runtime.NumGoroutine","measures":{"value":546}}
{"ts":1676964121025747097,"type":"gauge","name":"runtime.MemStats.DebugGC","measures":{"value":0}}
{"ts":1676964121031296514,"type":"gauge","name":"runtime.MemStats.Frees","measures":{"value":3458}}
{"ts":1676964121040483555,"type":"gauge","name":"runtime.MemStats.LastGC","measures":{"value":1676964085588539100}}
{"ts":1676964121048559805,"type":"gauge","name":"runtime.NumCgoCall","measures":{"value":0}}
{"ts":1676964121066548764,"type":"gauge","name":"runtime.MemStats.HeapSys","measures":{"value":64847872}}
{"ts":1676964121078492430,"type":"gauge","name":"runtime.MemStats.NumGC","measures":{"value":0}}
{"ts":1676964121102872180,"type":"gauge","name":"runtime.MemStats.HeapAlloc","measures":{"value":39996376}}
{"ts":1676964121133861930,"type":"gauge","name":"runtime.MemStats.StackInuse","measures":{"value":14843904}}
{"ts":1676964121143912972,"type":"gauge","name":"runtime.NumThread","measures":{"value":15}}
{"ts":1676964121180617264,"type":"gauge","name":"runtime.MemStats.HeapIdle","measures":{"value":20504576}}
{"ts":1676964121195172514,"type":"gauge","name":"runtime.MemStats.HeapObjects","measures":{"value":719982}}
{"ts":1676964121208858347,"type":"gauge","name":"runtime.MemStats.MCacheInuse","measures":{"value":9600}}
{"ts":1676964121223886347,"type":"gauge","name":"runtime.MemStats.Sys","measures":{"value":91455768}}
{"ts":1676964121237919014,"type":"gauge","name":"runtime.MemStats.Alloc","measures":{"value":39996376}}
{"ts":1676964121263339555,"type":"gauge","name":"runtime.MemStats.BuckHashSys","measures":{"value":1507102}}
{"ts":1676964121272412722,"type":"gauge","name":"runtime.MemStats.NextGC","measures":{"value":55935584}}
{"ts":1676964125806639585,"type":"gauge","name":"runtime.MemStats.StackSys","measures":{"value":14221312}}
{"ts":1676964125835269877,"type":"timer","name":"runtime.ReadMemStats","measures":{"count":9,"m1":0.09731657619348157,"m15":0.008694252179394185,"m5":0.02496533619141051,"max":3660334,"mean":1112384.3333333333,"meanrate":0.19995020453436288,"min":350875,"p50":752541,"p75":1378354.5,"p95":3660334,"p99":3660334,"p999":3660334,"p9999":3660334,"stddev":967513.568322659,"variance":936082504888.4446}}
{"ts":1676964125871469752,"type":"gauge","name":"runtime.MemStats.EnableGC","measures":{"value":1}}
{"ts":1676964125918563835,"type":"gauge","name":"runtime.MemStats.HeapReleased","measures":{"value":524288}}
{"ts":1676964125940655710,"type":"gauge","name":"runtime.MemStats.Lookups","measures":{"value":0}}
{"ts":1676964125945210002,"type":"histogram","name":"runtime.MemStats.PauseNs","measures":{"count":4,"max":2986541,"mean":1229968.75,"min":26083,"p50":953625.5,"p75":2680760,"p95":2986541,"p99":2986541,"p999":2986541,"p9999":2986541,"stddev":1224657.3703600478,"variance":1499785674777.1875}}
{"ts":1676964125962604960,"type":"gauge","name":"runtime.MemStats.TotalAlloc","measures":{"value":61467744}}
{"ts":1676964125984663543,"type":"gauge","name":"runtime.NumGoroutine","measures":{"value":532}}
{"ts":1676964125997469502,"type":"gauge","name":"runtime.MemStats.DebugGC","measures":{"value":0}}
{"ts":1676964126004440377,"type":"gauge","name":"runtime.MemStats.Frees","measures":{"value":5614}}
{"ts":1676964126017050168,"type":"gauge","name":"runtime.MemStats.LastGC","measures":{"value":1676964085588539100}}
{"ts":1676964126026164418,"type":"gauge","name":"runtime.MemStats.MCacheSys","measures":{"value":15600}}
{"ts":1676964126049227502,"type":"gauge","name":"runtime.NumCgoCall","measures":{"value":0}}
{"ts":1676964126080228252,"type":"gauge","name":"runtime.MemStats.HeapSys","measures":{"value":65470464}}
{"ts":1676964126094935085,"type":"gauge","name":"runtime.MemStats.NumGC","measures":{"value":0}}
{"ts":1676964126114411127,"type":"gauge","name":"runtime.MemStats.HeapAlloc","measures":{"value":47338240}}
{"ts":1676964126140680377,"type":"gauge","name":"runtime.MemStats.StackInuse","measures":{"value":14221312}}
{"ts":1676964126161172627,"type":"gauge","name":"runtime.NumThread","measures":{"value":15}}
{"ts":1676964126187210127,"type":"gauge","name":"runtime.MemStats.HeapIdle","measures":{"value":13819904}}
{"ts":1676964126192697460,"type":"gauge","name":"runtime.MemStats.HeapObjects","measures":{"value":835693}}
{"ts":1676964126200638127,"type":"gauge","name":"runtime.MemStats.MCacheInuse","measures":{"value":9600}}
{"ts":1676964126219428627,"type":"gauge","name":"runtime.MemStats.Alloc","measures":{"value":47338240}}
{"ts":1676964126259088418,"type":"gauge","name":"runtime.MemStats.BuckHashSys","measures":{"value":1510734}}
{"ts":1676964126278465543,"type":"gauge","name":"runtime.MemStats.NextGC","measures":{"value":55935584}}
{"ts":1676964126288440418,"type":"gauge","name":"runtime.MemStats.Sys","measures":{"value":91717912}}
{"ts":1676964126309554877,"type":"gauge","name":"runtime.MemStats.GCCPUFraction","measures":{"value":0.030418177159337173}}
{"ts":1676964126330487543,"type":"gauge","name":"runtime.MemStats.PauseTotalNs","measures":{"value":4919875}}
{"ts":1676964126363206335,"type":"gauge","name":"runtime.MemStats.HeapInuse","measures":{"value":51650560}}
{"ts":1676964126378009335,"type":"gauge","name":"runtime.MemStats.Mallocs","measures":{"value":121325}}
{"ts":1676964126400046002,"type":"gauge","name":"runtime.MemStats.MSpanInuse","measures":{"value":892704}}
{"ts":1676964126415701752,"type":"gauge","name":"runtime.MemStats.MSpanSys","measures":{"value":897600}}
{"ts":1676964130796717671,"type":"gauge","name":"runtime.MemStats.HeapSys","measures":{"value":70352896}}
{"ts":1676964130807260087,"type":"gauge","name":"runtime.MemStats.NumGC","measures":{"value":1}}
{"ts":1676964130828549504,"type":"gauge","name":"runtime.MemStats.HeapAlloc","measures":{"value":28742440}}
{"ts":1676964130864114087,"type":"gauge","name":"runtime.MemStats.StackInuse","measures":{"value":9338880}}
{"ts":1676964130890150879,"type":"gauge","name":"runtime.NumThread","measures":{"value":15}}
{"ts":1676964130906574796,"type":"gauge","name":"runtime.MemStats.HeapIdle","measures":{"value":29474816}}
{"ts":1676964130936346962,"type":"gauge","name":"runtime.MemStats.HeapObjects","measures":{"value":582173}}
{"ts":1676964130952398462,"type":"gauge","name":"runtime.MemStats.MCacheInuse","measures":{"value":9600}}
{"ts":1676964130983069296,"type":"gauge","name":"runtime.MemStats.Alloc","measures":{"value":28742440}}
{"ts":1676964130996088087,"type":"gauge","name":"runtime.MemStats.BuckHashSys","measures":{"value":1513686}}
{"ts":1676964131016675879,"type":"gauge","name":"runtime.MemStats.NextGC","measures":{"value":57410784}}
{"ts":1676964131038143129,"type":"gauge","name":"runtime.MemStats.Sys","measures":{"value":91848984}}
{"ts":1676964131047448379,"type":"gauge","name":"runtime.MemStats.HeapInuse","measures":{"value":40878080}}
{"ts":1676964131066039337,"type":"gauge","name":"runtime.MemStats.Mallocs","measures":{"value":132404}}
{"ts":1676964131094570254,"type":"gauge","name":"runtime.MemStats.MSpanInuse","measures":{"value":746096}}
{"ts":1676964131118331004,"type":"gauge","name":"runtime.MemStats.MSpanSys","measures":{"value":1011840}}
{"ts":1676964131139488712,"type":"gauge","name":"runtime.MemStats.GCCPUFraction","measures":{"value":0.004096628238230649}}
{"ts":1676964131172702504,"type":"gauge","name":"runtime.MemStats.PauseTotalNs","measures":{"value":10178208}}
{"ts":1676964131183244337,"type":"gauge","name":"runtime.MemStats.EnableGC","measures":{"value":1}}
{"ts":1676964131196717754,"type":"gauge","name":"runtime.MemStats.HeapReleased","measures":{"value":524288}}
{"ts":1676964131209413046,"type":"gauge","name":"runtime.MemStats.Lookups","measures":{"value":0}}
{"ts":1676964131227942796,"type":"histogram","name":"runtime.MemStats.PauseNs","measures":{"count":5,"max":5258333,"mean":2035641.6,"min":26083,"p50":1763417,"p75":4122437,"p95":5258333,"p99":5258333,"p999":5258333,"p9999":5258333,"stddev":1948400.242437431,"variance":3796263504730.2397}}
{"ts":1676964131266635921,"type":"gauge","name":"runtime.MemStats.StackSys","measures":{"value":9338880}}
{"ts":1676964131284681046,"type":"timer","name":"runtime.ReadMemStats","measures":{"count":10,"m1":0.10552668945179702,"m15":0.009754115099857238,"m5":0.02785840471498844,"max":3660334,"mean":1011454.2,"meanrate":0.19999490403784745,"min":103083,"p50":742062,"p75":1368198.25,"p95":3660334,"p99":3660334,"p999":3660334,"p9999":3660334,"stddev":966517.604977664,"variance":934156280731.7598}}
{"ts":1676964131333613046,"type":"gauge","name":"runtime.MemStats.DebugGC","measures":{"value":0}}
{"ts":1676964131348186713,"type":"gauge","name":"runtime.MemStats.Frees","measures":{"value":385924}}
{"ts":1676964131389332088,"type":"gauge","name":"runtime.MemStats.LastGC","measures":{"value":1676964129520673300}}
{"ts":1676964131427509338,"type":"gauge","name":"runtime.MemStats.MCacheSys","measures":{"value":15600}}
{"ts":1676964131467344171,"type":"gauge","name":"runtime.MemStats.TotalAlloc","measures":{"value":69136416}}
{"ts":1676964131477316671,"type":"gauge","name":"runtime.NumGoroutine","measures":{"value":588}}
{"ts":1676964131495317296,"type":"gauge","name":"runtime.NumCgoCall","measures":{"value":0}}
{"ts":1676964135797141798,"type":"gauge","name":"runtime.NumThread","measures":{"value":15}}
{"ts":1676964135806333673,"type":"gauge","name":"runtime.MemStats.HeapAlloc","measures":{"value":37318720}}
{"ts":1676964135821418340,"type":"gauge","name":"runtime.MemStats.StackInuse","measures":{"value":9306112}}
{"ts":1676964135832459673,"type":"gauge","name":"runtime.MemStats.MCacheInuse","measures":{"value":9600}}
{"ts":1676964135841947173,"type":"gauge","name":"runtime.MemStats.HeapIdle","measures":{"value":25116672}}
{"ts":1676964135850701090,"type":"gauge","name":"runtime.MemStats.HeapObjects","measures":{"value":715520}}
{"ts":1676964135867374423,"type":"gauge","name":"runtime.MemStats.NextGC","measures":{"value":57410784}}
{"ts":1676964135878704006,"type":"gauge","name":"runtime.MemStats.Sys","measures":{"value":91848984}}
{"ts":1676964135895010590,"type":"gauge","name":"runtime.MemStats.Alloc","measures":{"value":37318720}}
{"ts":1676964135911040006,"type":"gauge","name":"runtime.MemStats.BuckHashSys","measures":{"value":1516646}}
{"ts":1676964135957427798,"type":"gauge","name":"runtime.MemStats.MSpanInuse","measures":{"value":780912}}
{"ts":1676964136003179673,"type":"gauge","name":"runtime.MemStats.MSpanSys","measures":{"value":1011840}}
{"ts":1676964136108714881,"type":"gauge","name":"runtime.MemStats.GCCPUFraction","measures":{"value":0.004096628238230649}}
{"ts":1676964136153405715,"type":"gauge","name":"runtime.MemStats.PauseTotalNs","measures":{"value":10178208}}
{"ts":1676964136193044340,"type":"gauge","name":"runtime.MemStats.HeapInuse","measures":{"value":45268992}}
{"ts":1676964136197379715,"type":"gauge","name":"runtime.MemStats.Mallocs","measures":{"value":140043}}
{"ts":1676964136217078381,"type":"gauge","name":"runtime.MemStats.Lookups","measures":{"value":0}}
{"ts":1676964136230371840,"type":"histogram","name":"runtime.MemStats.PauseNs","measures":{"count":5,"max":5258333,"mean":2035641.6,"min":26083,"p50":1763417,"p75":4122437,"p95":5258333,"p99":5258333,"p999":5258333,"p9999":5258333,"stddev":1948400.242437431,"variance":3796263504730.2397}}
{"ts":1676964136253226423,"type":"gauge","name":"runtime.MemStats.StackSys","measures":{"value":9306112}}
{"ts":1676964136281104882,"type":"timer","name":"runtime.ReadMemStats","measures":{"count":11,"m1":0.11308035829858432,"m15":0.01080810621864695,"m5":0.030703655021877187,"max":3660334,"mean":1010106.0909090909,"meanrate":0.19999385843223644,"min":103083,"p50":752541,"p75":1358042,"p95":3660334,"p99":3660334,"p999":3660334,"p9999":3660334,"stddev":921548.238815868,"variance":849251156464.6282}}
{"ts":1676964136293903840,"type":"gauge","name":"runtime.MemStats.EnableGC","measures":{"value":1}}
{"ts":1676964136307684923,"type":"gauge","name":"runtime.MemStats.HeapReleased","measures":{"value":524288}}
{"ts":1676964136310532757,"type":"gauge","name":"runtime.MemStats.LastGC","measures":{"value":1676964129520673300}}
{"ts":1676964136329369840,"type":"gauge","name":"runtime.MemStats.MCacheSys","measures":{"value":15600}}
{"ts":1676964136336027632,"type":"gauge","name":"runtime.MemStats.TotalAlloc","measures":{"value":77712696}}
{"ts":1676964136346734007,"type":"gauge","name":"runtime.NumGoroutine","measures":{"value":438}}
{"ts":1676964136360674298,"type":"gauge","name":"runtime.MemStats.DebugGC","measures":{"value":0}}
{"ts":1676964136383657090,"type":"gauge","name":"runtime.MemStats.Frees","measures":{"value":6696}}
{"ts":1676964136410142298,"type":"gauge","name":"runtime.NumCgoCall","measures":{"value":0}}
{"ts":1676964136437195298,"type":"gauge","name":"runtime.MemStats.HeapSys","measures":{"value":70385664}}
{"ts":1676964136458345423,"type":"gauge","name":"runtime.MemStats.NumGC","measures":{"value":0}}
{"ts":1676964140881430884,"type":"gauge","name":"runtime.MemStats.MCacheInuse","measures":{"value":9600}}
{"ts":1676964140924457675,"type":"gauge","name":"runtime.MemStats.HeapIdle","measures":{"value":22937600}}
{"ts":1676964140941218800,"type":"gauge","name":"runtime.MemStats.HeapObjects","measures":{"value":794003}}
{"ts":1676964140954288217,"type":"gauge","name":"runtime.MemStats.NextGC","measures":{"value":57410784}}
{"ts":1676964140960288384,"type":"gauge","name":"runtime.MemStats.Sys","measures":{"value":91848984}}
{"ts":1676964140971430967,"type":"gauge","name":"runtime.MemStats.Alloc","measures":{"value":42098744}}
{"ts":1676964140983625634,"type":"gauge","name":"runtime.MemStats.BuckHashSys","measures":{"value":1518790}}
{"ts":1676964140990675925,"type":"gauge","name":"runtime.MemStats.MSpanInuse","measures":{"value":841840}}
{"ts":1676964141007728842,"type":"gauge","name":"runtime.MemStats.MSpanSys","measures":{"value":1011840}}
{"ts":1676964141034192592,"type":"gauge","name":"runtime.MemStats.GCCPUFraction","measures":{"value":0.004096628238230649}}
{"ts":1676964141047231050,"type":"gauge","name":"runtime.MemStats.PauseTotalNs","measures":{"value":10178208}}
{"ts":1676964141091937050,"type":"gauge","name":"runtime.MemStats.HeapInuse","measures":{"value":48300032}}
{"ts":1676964141104324134,"type":"gauge","name":"runtime.MemStats.Mallocs","measures":{"value":83332}}
{"ts":1676964141120687842,"type":"gauge","name":"runtime.MemStats.Lookups","measures":{"value":0}}
{"ts":1676964141138228592,"type":"histogram","name":"runtime.MemStats.PauseNs","measures":{"count":5,"max":5258333,"mean":2035641.6,"min":26083,"p50":1763417,"p75":4122437,"p95":5258333,"p99":5258333,"p999":5258333,"p9999":5258333,"stddev":1948400.242437431,"variance":3796263504730.2397}}
{"ts":1676964141157646759,"type":"gauge","name":"runtime.MemStats.StackSys","measures":{"value":8454144}}
{"ts":1676964141165604967,"type":"timer","name":"runtime.ReadMemStats","measures":{"count":12,"m1":0.12003006913103051,"m15":0.01185625806643708,"m5":0.033501877477679465,"max":77803042,"mean":7409517.416666667,"meanrate":0.19971395834507674,"min":103083,"p50":790812.5,"p75":1388510.75,"p95":77803042,"p99":77803042,"p999":77803042,"p9999":77803042,"stddev":21242777.565688927,"variance":451255598705336.8}}
{"ts":1676964141217269301,"type":"gauge","name":"runtime.MemStats.EnableGC","measures":{"value":1}}
{"ts":1676964141378147259,"type":"gauge","name":"runtime.MemStats.HeapReleased","measures":{"value":524288}}
{"ts":1676964141425121009,"type":"gauge","name":"runtime.MemStats.LastGC","measures":{"value":1676964129520673300}}
{"ts":1676964141579265842,"type":"gauge","name":"runtime.MemStats.MCacheSys","measures":{"value":15600}}
{"ts":1676964141663205051,"type":"gauge","name":"runtime.MemStats.TotalAlloc","measures":{"value":82492720}}
{"ts":1676964143086017885,"type":"gauge","name":"runtime.NumGoroutine","measures":{"value":376}}
{"ts":1676964143173357968,"type":"gauge","name":"runtime.MemStats.DebugGC","measures":{"value":0}}
{"ts":1676964143176373426,"type":"gauge","name":"runtime.MemStats.Frees","measures":{"value":4849}}
{"ts":1676964143189558260,"type":"gauge","name":"runtime.NumCgoCall","measures":{"value":0}}
{"ts":1676964143469998718,"type":"gauge","name":"runtime.MemStats.HeapSys","measures":{"value":71237632}}
{"ts":1676964143515170093,"type":"gauge","name":"runtime.MemStats.NumGC","measures":{"value":0}}
{"ts":1676964143527887593,"type":"gauge","name":"runtime.NumThread","measures":{"value":15}}
{"ts":1676964143532270427,"type":"gauge","name":"runtime.MemStats.HeapAlloc","measures":{"value":42098744}}
{"ts":1676964143536479010,"type":"gauge","name":"runtime.MemStats.StackInuse","measures":{"value":8454144}}
{"ts":1676964145804224678,"type":"gauge","name":"runtime.MemStats.Alloc","measures":{"value":43225680}}
{"ts":1676964145812175886,"type":"gauge","name":"runtime.MemStats.BuckHashSys","measures":{"value":1527750}}
{"ts":1676964145817496011,"type":"gauge","name":"runtime.MemStats.NextGC","measures":{"value":61223920}}
{"ts":1676964145825385386,"type":"gauge","name":"runtime.MemStats.Sys","measures":{"value":91848984}}
{"ts":1676964145847424928,"type":"gauge","name":"runtime.MemStats.HeapInuse","measures":{"value":52273152}}
{"ts":1676964145875195469,"type":"gauge","name":"runtime.MemStats.Mallocs","measures":{"value":241260}}
{"ts":1676964145888346928,"type":"gauge","name":"runtime.MemStats.MSpanInuse","measures":{"value":873800}}
{"ts":1676964145923152428,"type":"gauge","name":"runtime.MemStats.MSpanSys","measures":{"value":1011840}}
{"ts":1676964145939288094,"type":"gauge","name":"runtime.MemStats.GCCPUFraction","measures":{"value":0.021585430092648582}}
{"ts":1676964145950154553,"type":"gauge","name":"runtime.MemStats.PauseTotalNs","measures":{"value":172984875}}
{"ts":1676964145990121344,"type":"gauge","name":"runtime.MemStats.EnableGC","measures":{"value":1}}
{"ts":1676964146037036303,"type":"gauge","name":"runtime.MemStats.HeapReleased","measures":{"value":524288}}
{"ts":1676964146166154136,"type":"gauge","name":"runtime.MemStats.Lookups","measures":{"value":0}}
{"ts":1676964146183903095,"type":"histogram","name":"runtime.MemStats.PauseNs","measures":{"count":6,"max":162806667,"mean":28830812.5,"min":26083,"p50":2374979,"p75":44645416.5,"p95":162806667,"p99":162806667,"p999":162806667,"p9999":162806667,"stddev":59942217.76612576,"variance":3593069470721642.5}}
{"ts":1676964146306314636,"type":"gauge","name":"runtime.MemStats.StackSys","measures":{"value":6946816}}
{"ts":1676964146310229761,"type":"timer","name":"runtime.ReadMemStats","measures":{"count":13,"m1":0.12642411176571153,"m15":0.012898602993676503,"m5":0.03625384938440363,"max":77803042,"mean":7389743.615384615,"meanrate":0.19997297932799993,"min":103083,"p50":829084,"p75":2529500.5,"p95":77803042,"p99":77803042,"p999":77803042,"p9999":77803042,"stddev":20409515.46736872,"variance":416548321612762.94}}
{"ts":1676964146317449303,"type":"gauge","name":"runtime.MemStats.DebugGC","measures":{"value":0}}
{"ts":1676964146425215678,"type":"gauge","name":"runtime.MemStats.Frees","measures":{"value":345745}}
{"ts":1676964146433963303,"type":"gauge","name":"runtime.MemStats.LastGC","measures":{"value":1676964143792339000}}
{"ts":1676964146480616845,"type":"gauge","name":"runtime.MemStats.MCacheSys","measures":{"value":15600}}
{"ts":1676964146485060303,"type":"gauge","name":"runtime.MemStats.TotalAlloc","measures":{"value":109748480}}
{"ts":1676964146528500220,"type":"gauge","name":"runtime.NumGoroutine","measures":{"value":726}}
{"ts":1676964146540191845,"type":"gauge","name":"runtime.NumCgoCall","measures":{"value":0}}
{"ts":1676964146555897595,"type":"gauge","name":"runtime.MemStats.HeapSys","measures":{"value":72744960}}
{"ts":1676964146600731886,"type":"gauge","name":"runtime.MemStats.NumGC","measures":{"value":1}}
{"ts":1676964146628169636,"type":"gauge","name":"runtime.MemStats.HeapAlloc","measures":{"value":43225680}}
{"ts":1676964146634092011,"type":"gauge","name":"runtime.MemStats.StackInuse","measures":{"value":6946816}}
{"ts":1676964146659053970,"type":"gauge","name":"runtime.NumThread","measures":{"value":15}}
{"ts":1676964146662201970,"type":"gauge","name":"runtime.MemStats.HeapIdle","measures":{"value":20471808}}
{"ts":1676964146711041720,"type":"gauge","name":"runtime.MemStats.HeapObjects","measures":{"value":689518}}
{"ts":1676964146737657637,"type":"gauge","name":"runtime.MemStats.MCacheInuse","measures":{"value":9600}}
{"ts":1676964150800050597,"type":"gauge","name":"runtime.MemStats.HeapSys","measures":{"value":73269248}}
{"ts":1676964150818333555,"type":"gauge","name":"runtime.MemStats.NumGC","measures":{"value":1}}
{"ts":1676964150828348597,"type":"gauge","name":"runtime.MemStats.HeapAlloc","measures":{"value":33933080}}
{"ts":1676964150878532805,"type":"gauge","name":"runtime.MemStats.StackInuse","measures":{"value":6422528}}
{"ts":1676964150890300847,"type":"gauge","name":"runtime.NumThread","measures":{"value":15}}
{"ts":1676964150896237347,"type":"gauge","name":"runtime.MemStats.HeapIdle","measures":{"value":28270592}}
{"ts":1676964150909194722,"type":"gauge","name":"runtime.MemStats.HeapObjects","measures":{"value":620775}}
{"ts":1676964150948359389,"type":"gauge","name":"runtime.MemStats.MCacheInuse","measures":{"value":9600}}
{"ts":1676964150956536389,"type":"gauge","name":"runtime.MemStats.Alloc","measures":{"value":33933080}}
{"ts":1676964150994533639,"type":"gauge","name":"runtime.MemStats.BuckHashSys","measures":{"value":1529838}}
{"ts":1676964151000327347,"type":"gauge","name":"runtime.MemStats.NextGC","measures":{"value":63422000}}
{"ts":1676964151015045722,"type":"gauge","name":"runtime.MemStats.Sys","measures":{"value":91848984}}
{"ts":1676964151029484972,"type":"gauge","name":"runtime.MemStats.GCCPUFraction","measures":{"value":0.023228891090164763}}
{"ts":1676964151036322555,"type":"gauge","name":"runtime.MemStats.PauseTotalNs","measures":{"value":277463083}}
{"ts":1676964151050055305,"type":"gauge","name":"runtime.MemStats.HeapInuse","measures":{"value":44998656}}
{"ts":1676964151061359222,"type":"gauge","name":"runtime.MemStats.Mallocs","measures":{"value":139172}}
{"ts":1676964151071215014,"type":"gauge","name":"runtime.MemStats.MSpanInuse","measures":{"value":785128}}
{"ts":1676964151077516972,"type":"gauge","name":"runtime.MemStats.MSpanSys","measures":{"value":1011840}}
{"ts":1676964151110688722,"type":"gauge","name":"runtime.MemStats.StackSys","measures":{"value":6422528}}
{"ts":1676964151133229097,"type":"timer","name":"runtime.ReadMemStats","measures":{"count":14,"m1":0.13230691497865155,"m15":0.013935173171587696,"m5":0.03896033519638589,"max":77803042,"mean":6939232.142857143,"meanrate":0.19998883565181957,"min":103083,"p50":912854.5,"p75":1964083.75,"p95":77803042,"p99":77803042,"p999":77803042,"p9999":77803042,"stddev":19734065.919075556,"variance":389433357698419.4}}
{"ts":1676964151140955097,"type":"gauge","name":"runtime.MemStats.EnableGC","measures":{"value":1}}
{"ts":1676964151156027222,"type":"gauge","name":"runtime.MemStats.HeapReleased","measures":{"value":3342336}}
{"ts":1676964151170034514,"type":"gauge","name":"runtime.MemStats.Lookups","measures":{"value":0}}
{"ts":1676964151185165514,"type":"histogram","name":"runtime.MemStats.PauseNs","measures":{"count":7,"max":162806667,"mean":39637583.28571428,"min":26083,"p50":2986541,"p75":104478208,"p95":162806667,"p99":162806667,"p999":162806667,"p9999":162806667,"stddev":61485702.410698116,"variance":3780491600936928.5}}
{"ts":1676964151201096139,"type":"gauge","name":"runtime.MemStats.TotalAlloc","measures":{"value":124606736}}
{"ts":1676964151211198389,"type":"gauge","name":"runtime.NumGoroutine","measures":{"value":707}}
{"ts":1676964151215848722,"type":"gauge","name":"runtime.MemStats.DebugGC","measures":{"value":0}}
{"ts":1676964151231365680,"type":"gauge","name":"runtime.MemStats.Frees","measures":{"value":207915}}
{"ts":1676964151249164972,"type":"gauge","name":"runtime.MemStats.LastGC","measures":{"value":1676964148424646100}}
{"ts":1676964151270359055,"type":"gauge","name":"runtime.MemStats.MCacheSys","measures":{"value":15600}}
{"ts":1676964151278722139,"type":"gauge","name":"runtime.NumCgoCall","measures":{"value":0}}
{"ts":1676964155807825710,"type":"gauge","name":"runtime.MemStats.MCacheSys","measures":{"value":15600}}
{"ts":1676964155825302210,"type":"gauge","name":"runtime.MemStats.TotalAlloc","measures":{"value":141760792}}
{"ts":1676964155852196210,"type":"gauge","name":"runtime.NumGoroutine","measures":{"value":618}}
{"ts":1676964155862874293,"type":"gauge","name":"runtime.MemStats.DebugGC","measures":{"value":0}}
{"ts":1676964155894071252,"type":"gauge","name":"runtime.MemStats.Frees","measures":{"value":6013}}
{"ts":1676964155914326210,"type":"gauge","name":"runtime.MemStats.LastGC","measures":{"value":1676964148424646100}}
{"ts":1676964155930370877,"type":"gauge","name":"runtime.NumCgoCall","measures":{"value":0}}
{"ts":1676964155946123960,"type":"gauge","name":"runtime.MemStats.HeapSys","measures":{"value":73400320}}
{"ts":1676964155976131543,"type":"gauge","name":"runtime.MemStats.NumGC","measures":{"value":0}}
{"ts":1676964155992603252,"type":"gauge","name":"runtime.MemStats.HeapAlloc","measures":{"value":51087136}}
{"ts":1676964156019874252,"type":"gauge","name":"runtime.MemStats.StackInuse","measures":{"value":6291456}}
{"ts":1676964156045888085,"type":"gauge","name":"runtime.NumThread","measures":{"value":15}}
{"ts":1676964156058803543,"type":"gauge","name":"runtime.MemStats.HeapIdle","measures":{"value":15941632}}
{"ts":1676964156091003460,"type":"gauge","name":"runtime.MemStats.HeapObjects","measures":{"value":806268}}
{"ts":1676964156101284043,"type":"gauge","name":"runtime.MemStats.MCacheInuse","measures":{"value":9600}}
{"ts":1676964156114111502,"type":"gauge","name":"runtime.MemStats.Sys","measures":{"value":91848984}}
{"ts":1676964156134855252,"type":"gauge","name":"runtime.MemStats.Alloc","measures":{"value":51087136}}
{"ts":1676964156154105293,"type":"gauge","name":"runtime.MemStats.BuckHashSys","measures":{"value":1531662}}
{"ts":1676964156169244835,"type":"gauge","name":"runtime.MemStats.NextGC","measures":{"value":63422000}}
{"ts":1676964156177191585,"type":"gauge","name":"runtime.MemStats.MSpanSys","measures":{"value":1011840}}
{"ts":1676964156214010460,"type":"gauge","name":"runtime.MemStats.GCCPUFraction","measures":{"value":0.023228891090164763}}
{"ts":1676964156231735293,"type":"gauge","name":"runtime.MemStats.PauseTotalNs","measures":{"value":277463083}}
{"ts":1676964156250275460,"type":"gauge","name":"runtime.MemStats.HeapInuse","measures":{"value":57458688}}
{"ts":1676964156259706543,"type":"gauge","name":"runtime.MemStats.Mallocs","measures":{"value":191506}}
{"ts":1676964156288024752,"type":"gauge","name":"runtime.MemStats.MSpanInuse","measures":{"value":941800}}
{"ts":1676964156303354043,"type":"histogram","name":"runtime.MemStats.PauseNs","measures":{"count":7,"max":162806667,"mean":39637583.28571428,"min":26083,"p50":2986541,"p75":104478208,"p95":162806667,"p99":162806667,"p999":162806667,"p9999":162806667,"stddev":61485702.410698116,"variance":3780491600936928.5}}
{"ts":1676964156322944293,"type":"gauge","name":"runtime.MemStats.StackSys","measures":{"value":6291456}}
{"ts":1676964156364094460,"type":"timer","name":"runtime.ReadMemStats","measures":{"count":15,"m1":0.13771935521708045,"m15":0.014966000593159667,"m5":0.04162208673264367,"max":77803042,"mean":7084588.933333334,"meanrate":0.1999703215380425,"min":103083,"p50":996625,"p75":3660334,"p95":77803042,"p99":77803042,"p999":77803042,"p9999":77803042,"stddev":19072675.066790804,"variance":363766934203383.6}}
{"ts":1676964156376639168,"type":"gauge","name":"runtime.MemStats.EnableGC","measures":{"value":1}}
{"ts":1676964156389745710,"type":"gauge","name":"runtime.MemStats.HeapReleased","measures":{"value":3342336}}
{"ts":1676964156405867918,"type":"gauge","name":"runtime.MemStats.Lookups","measures":{"value":0}}
{"ts":1676964160847835796,"type":"gauge","name":"runtime.MemStats.HeapSys","measures":{"value":73662464}}
{"ts":1676964160880178296,"type":"gauge","name":"runtime.MemStats.NumGC","measures":{"value":1}}
{"ts":1676964160891718837,"type":"gauge","name":"runtime.NumThread","measures":{"value":15}}
{"ts":1676964160963627212,"type":"gauge","name":"runtime.MemStats.HeapAlloc","measures":{"value":36528368}}
{"ts":1676964160981725712,"type":"gauge","name":"runtime.MemStats.StackInuse","measures":{"value":6029312}}
{"ts":1676964160990307504,"type":"gauge","name":"runtime.MemStats.MCacheInuse","measures":{"value":9600}}
{"ts":1676964160995830129,"type":"gauge","name":"runtime.MemStats.HeapIdle","measures":{"value":26337280}}
{"ts":1676964161001356046,"type":"gauge","name":"runtime.MemStats.HeapObjects","measures":{"value":644775}}
{"ts":1676964161006949004,"type":"gauge","name":"runtime.MemStats.NextGC","measures":{"value":59541504}}
{"ts":1676964161012110046,"type":"gauge","name":"runtime.MemStats.Sys","measures":{"value":91848984}}
{"ts":1676964161038944837,"type":"gauge","name":"runtime.MemStats.Alloc","measures":{"value":36528368}}
{"ts":1676964161056131462,"type":"gauge","name":"runtime.MemStats.BuckHashSys","measures":{"value":1534758}}
{"ts":1676964161063048629,"type":"gauge","name":"runtime.MemStats.MSpanInuse","measures":{"value":798048}}
{"ts":1676964161082710296,"type":"gauge","name":"runtime.MemStats.MSpanSys","measures":{"value":1077120}}
{"ts":1676964161129110796,"type":"gauge","name":"runtime.MemStats.GCCPUFraction","measures":{"value":0.021056249421651616}}
{"ts":1676964161139188629,"type":"gauge","name":"runtime.MemStats.PauseTotalNs","measures":{"value":285895666}}
{"ts":1676964161144717254,"type":"gauge","name":"runtime.MemStats.HeapInuse","measures":{"value":47325184}}
{"ts":1676964161166952462,"type":"gauge","name":"runtime.MemStats.Mallocs","measures":{"value":193357}}
{"ts":1676964161179305046,"type":"gauge","name":"runtime.MemStats.Lookups","measures":{"value":0}}
{"ts":1676964161186111254,"type":"histogram","name":"runtime.MemStats.PauseNs","measures":{"count":8,"max":162806667,"mean":35736958.25,"min":26083,"p50":4122437,"p75":80466801.75,"p95":162806667,"p99":162806667,"p999":162806667,"p9999":162806667,"stddev":58433160.79508707,"variance":3414434280504500.5}}
{"ts":1676964161207641921,"type":"gauge","name":"runtime.MemStats.StackSys","measures":{"value":6029312}}
{"ts":1676964161220107796,"type":"timer","name":"runtime.ReadMemStats","measures":{"count":16,"m1":0.14269904062796196,"m15":0.015991117074135412,"m5":0.04423984338571903,"max":77803042,"mean":8885190.125,"meanrate":0.19987075255102688,"min":103083,"p50":1039604,"p75":6279427,"p95":77803042,"p99":77803042,"p999":77803042,"p9999":77803042,"stddev":19739908.069369104,"variance":389663970587143.5}}
{"ts":1676964161237218879,"type":"gauge","name":"runtime.MemStats.EnableGC","measures":{"value":1}}
{"ts":1676964161253047962,"type":"gauge","name":"runtime.MemStats.HeapReleased","measures":{"value":5636096}}
{"ts":1676964161264956504,"type":"gauge","name":"runtime.MemStats.LastGC","measures":{"value":1676964158608215600}}
{"ts":1676964161288071296,"type":"gauge","name":"runtime.MemStats.MCacheSys","measures":{"value":15600}}
{"ts":1676964161300726629,"type":"gauge","name":"runtime.MemStats.TotalAlloc","measures":{"value":159501832}}
{"ts":1676964161304069962,"type":"gauge","name":"runtime.NumGoroutine","measures":{"value":683}}
{"ts":1676964161310677587,"type":"gauge","name":"runtime.MemStats.DebugGC","measures":{"value":0}}
{"ts":1676964161353310504,"type":"gauge","name":"runtime.MemStats.Frees","measures":{"value":354850}}
{"ts":1676964161382019796,"type":"gauge","name":"runtime.NumCgoCall","measures":{"value":0}}
{"ts":1676964165796967048,"type":"gauge","name":"runtime.MemStats.MSpanInuse","measures":{"value":741880}}
{"ts":1676964165811892215,"type":"gauge","name":"runtime.MemStats.MSpanSys","measures":{"value":1077120}}
{"ts":1676964165818839923,"type":"gauge","name":"runtime.MemStats.GCCPUFraction","measures":{"value":0.019873883630435754}}
{"ts":1676964165862500756,"type":"gauge","name":"runtime.MemStats.PauseTotalNs","measures":{"value":286945416}}
{"ts":1676964165881653840,"type":"gauge","name":"runtime.MemStats.HeapInuse","measures":{"value":41082880}}
{"ts":1676964165920644256,"type":"gauge","name":"runtime.MemStats.Mallocs","measures":{"value":198870}}
{"ts":1676964165935143506,"type":"gauge","name":"runtime.MemStats.Lookups","measures":{"value":0}}
{"ts":1676964165942711381,"type":"histogram","name":"runtime.MemStats.PauseNs","measures":{"count":9,"max":162806667,"mean":31882824,"min":26083,"p50":2986541,"p75":56455395.5,"p95":162806667,"p99":162806667,"p999":162806667,"p9999":162806667,"stddev":56159482.72836888,"variance":3153887500317962}}
{"ts":1676964165949889006,"type":"gauge","name":"runtime.MemStats.StackSys","measures":{"value":5701632}}
{"ts":1676964165958854673,"type":"timer","name":"runtime.ReadMemStats","measures":{"count":17,"m1":0.14728057237685463,"m15":0.017010554253993868,"m5":0.04681433232707026,"max":77803042,"mean":8377607.882352941,"meanrate":0.199997958166728,"min":103083,"p50":996625,"p75":5406396,"p95":77803042,"p99":77803042,"p999":77803042,"p9999":77803042,"stddev":19257850.250778656,"variance":370864796281415.5}}
{"ts":1676964165965871923,"type":"gauge","name":"runtime.MemStats.EnableGC","measures":{"value":1}}
{"ts":1676964165975636131,"type":"gauge","name":"runtime.MemStats.HeapReleased","measures":{"value":8454144}}
{"ts":1676964165993397131,"type":"gauge","name":"runtime.MemStats.LastGC","measures":{"value":1676964164608314600}}
{"ts":1676964166002307298,"type":"gauge","name":"runtime.MemStats.MCacheSys","measures":{"value":15600}}
{"ts":1676964166009689423,"type":"gauge","name":"runtime.MemStats.TotalAlloc","measures":{"value":178318336}}
{"ts":1676964166014024548,"type":"gauge","name":"runtime.NumGoroutine","measures":{"value":516}}
{"ts":1676964166023288006,"type":"gauge","name":"runtime.MemStats.DebugGC","measures":{"value":0}}
{"ts":1676964166031152631,"type":"gauge","name":"runtime.MemStats.Frees","measures":{"value":270639}}
{"ts":1676964166039602340,"type":"gauge","name":"runtime.NumCgoCall","measures":{"value":0}}
{"ts":1676964166050989590,"type":"gauge","name":"runtime.MemStats.HeapSys","measures":{"value":73990144}}
{"ts":1676964166061239840,"type":"gauge","name":"runtime.MemStats.NumGC","measures":{"value":1}}
{"ts":1676964166073636090,"type":"gauge","name":"runtime.NumThread","measures":{"value":15}}
{"ts":1676964166083845215,"type":"gauge","name":"runtime.MemStats.HeapAlloc","measures":{"value":28822728}}
{"ts":1676964166092600131,"type":"gauge","name":"runtime.MemStats.StackInuse","measures":{"value":5701632}}
{"ts":1676964166106056590,"type":"gauge","name":"runtime.MemStats.MCacheInuse","measures":{"value":9600}}
{"ts":1676964166117944131,"type":"gauge","name":"runtime.MemStats.HeapIdle","measures":{"value":32907264}}
{"ts":1676964166121151173,"type":"gauge","name":"runtime.MemStats.HeapObjects","measures":{"value":573006}}
{"ts":1676964166128344340,"type":"gauge","name":"runtime.MemStats.NextGC","measures":{"value":58173952}}
{"ts":1676964166137997715,"type":"gauge","name":"runtime.MemStats.Sys","measures":{"value":91848984}}
{"ts":1676964166148732840,"type":"gauge","name":"runtime.MemStats.Alloc","measures":{"value":28822728}}
{"ts":1676964166159173506,"type":"gauge","name":"runtime.MemStats.BuckHashSys","measures":{"value":1536110}}
{"ts":1676964170798741550,"type":"gauge","name":"runtime.MemStats.Alloc","measures":{"value":31699352}}
{"ts":1676964170820317009,"type":"gauge","name":"runtime.MemStats.BuckHashSys","measures":{"value":1537070}}
{"ts":1676964170825880092,"type":"gauge","name":"runtime.MemStats.NextGC","measures":{"value":58173952}}
{"ts":1676964170838811717,"type":"gauge","name":"runtime.MemStats.Sys","measures":{"value":91848984}}
{"ts":1676964170845910509,"type":"gauge","name":"runtime.MemStats.GCCPUFraction","measures":{"value":0.019873883630435754}}
{"ts":1676964170861284259,"type":"gauge","name":"runtime.MemStats.PauseTotalNs","measures":{"value":286945416}}
{"ts":1676964170872261342,"type":"gauge","name":"runtime.MemStats.HeapInuse","measures":{"value":42491904}}
{"ts":1676964170881379050,"type":"gauge","name":"runtime.MemStats.Mallocs","measures":{"value":57180}}
{"ts":1676964170887104967,"type":"gauge","name":"runtime.MemStats.MSpanInuse","measures":{"value":759288}}
{"ts":1676964170902172384,"type":"gauge","name":"runtime.MemStats.MSpanSys","measures":{"value":1077120}}
{"ts":1676964170907645175,"type":"gauge","name":"runtime.MemStats.StackSys","measures":{"value":5472256}}
{"ts":1676964170912386759,"type":"timer","name":"runtime.ReadMemStats","measures":{"count":18,"m1":0.15149578507287023,"m15":0.018024343596926444,"m5":0.049346268709068636,"max":77803042,"mean":7999164.388888889,"meanrate":0.19999415183989877,"min":103083,"p50":1039604,"p75":4533365,"p95":77803042,"p99":77803042,"p999":77803042,"p9999":77803042,"stddev":18780200.41452362,"variance":352695927609673.2}}
{"ts":1676964170921371050,"type":"gauge","name":"runtime.MemStats.EnableGC","measures":{"value":1}}
{"ts":1676964170939985175,"type":"gauge","name":"runtime.MemStats.HeapReleased","measures":{"value":8454144}}
{"ts":1676964170949177634,"type":"gauge","name":"runtime.MemStats.Lookups","measures":{"value":0}}
{"ts":1676964170958995759,"type":"histogram","name":"runtime.MemStats.PauseNs","measures":{"count":9,"max":162806667,"mean":31882824,"min":26083,"p50":2986541,"p75":56455395.5,"p95":162806667,"p99":162806667,"p999":162806667,"p9999":162806667,"stddev":56159482.72836888,"variance":3153887500317962}}
{"ts":1676964170979042842,"type":"gauge","name":"runtime.MemStats.TotalAlloc","measures":{"value":181194960}}
{"ts":1676964170991531925,"type":"gauge","name":"runtime.NumGoroutine","measures":{"value":455}}
{"ts":1676964171003057884,"type":"gauge","name":"runtime.MemStats.DebugGC","measures":{"value":0}}
{"ts":1676964171015907592,"type":"gauge","name":"runtime.MemStats.Frees","measures":{"value":4259}}
{"ts":1676964171022776217,"type":"gauge","name":"runtime.MemStats.LastGC","measures":{"value":1676964164608314600}}
{"ts":1676964171030311134,"type":"gauge","name":"runtime.MemStats.MCacheSys","measures":{"value":15600}}
{"ts":1676964171050152925,"type":"gauge","name":"runtime.NumCgoCall","measures":{"value":0}}
{"ts":1676964171068655925,"type":"gauge","name":"runtime.MemStats.HeapSys","measures":{"value":74219520}}
{"ts":1676964171082041717,"type":"gauge","name":"runtime.MemStats.NumGC","measures":{"value":0}}
{"ts":1676964171090667800,"type":"gauge","name":"runtime.MemStats.HeapAlloc","measures":{"value":31699352}}
{"ts":1676964171102697592,"type":"gauge","name":"runtime.MemStats.StackInuse","measures":{"value":5472256}}
{"ts":1676964171107709092,"type":"gauge","name":"runtime.NumThread","measures":{"value":15}}
{"ts":1676964171118611259,"type":"gauge","name":"runtime.MemStats.HeapIdle","measures":{"value":31727616}}
{"ts":1676964171132859717,"type":"gauge","name":"runtime.MemStats.HeapObjects","measures":{"value":625927}}
{"ts":1676964171151240717,"type":"gauge","name":"runtime.MemStats.MCacheInuse","measures":{"value":9600}}
