{"ts":1674149281791695303,"msg":"","group_id":"cypress-provider","run_id":"cf4nqavrirfpfu6nv5o0","event":{"message_event":{"message":"registering default http handler at: http://[::]:6060/ (pprof: http://[::]:6060/debug/pprof/)"}}}
{"ts":1674149281828788511,"msg":"","group_id":"cypress-provider","run_id":"cf4nqavrirfpfu6nv5o0","event":{"start_event":{"runenv":{"plan":"dht","case":"find-providers","run":"cf4nqavrirfpfu6nv5o0","params":{"alpha":"6","auto_refresh":"true","beta":"3","bootstrapper":"true","bs_strategy":"3","bucket_size":"10","client_mode":"false","datastore":"0","expect_dht":"true","group_order":"1","latency":"200","peer_id_seed":"0","random_walk":"false","record_count":"20","record_seed":"0","search_records":"true","timeout_secs":"2000","undialable":"false"},"instances":50,"outputs_path":"/outputs","temp_path":"/temp","network":"16.62.0.0/16","group":"cypress-provider","group_instances":50}}}}
{"ts":1674149282142340261,"msg":"","group_id":"cypress-provider","run_id":"cf4nqavrirfpfu6nv5o0","event":{"message_event":{"message":"waiting for network to initialize"}}}
{"ts":1674149297433570879,"msg":"","group_id":"cypress-provider","run_id":"cf4nqavrirfpfu6nv5o0","event":{"message_event":{"message":"network initialisation successful"}}}
{"ts":1674149297520825463,"msg":"","group_id":"cypress-provider","run_id":"cf4nqavrirfpfu6nv5o0","event":{"message_event":{"message":"network initialization complete"}}}
{"ts":1674149297634449130,"msg":"","group_id":"cypress-provider","run_id":"cf4nqavrirfpfu6nv5o0","event":{"message_event":{"message":"claimed sequence numbers; global=31, group(cypress-provider)=29"}}}
{"ts":1674149297647843130,"msg":"","group_id":"cypress-provider","run_id":"cf4nqavrirfpfu6nv5o0","event":{"message_event":{"message":"Finding providers"}}}
{"ts":1674149298332966130,"msg":"","group_id":"cypress-provider","run_id":"cf4nqavrirfpfu6nv5o0","event":{"message_event":{"message":"network initialisation successful"}}}
{"ts":1674149298724550255,"msg":"","group_id":"cypress-provider","run_id":"cf4nqavrirfpfu6nv5o0","event":{"message_event":{"message":"SetupNetwork, network setup completed"}}}
{"ts":1674149300437849756,"msg":"","group_id":"cypress-provider","run_id":"cf4nqavrirfpfu6nv5o0","event":{"message_event":{"message":"there are 1 groups map[cypress-provider:0x4001506ff0]"}}}
{"ts":1674149300442777839,"msg":"","group_id":"cypress-provider","run_id":"cf4nqavrirfpfu6nv5o0","event":{"message_event":{"message":"setGroupInfo, sortedGroup:%!(EXTRA []string=[cypress-provider])"}}}
{"ts":1674149300455004298,"msg":"","group_id":"cypress-provider","run_id":"cf4nqavrirfpfu6nv5o0","event":{"message_event":{"message":"past group info"}}}
{"ts":1674149300490852923,"msg":"","group_id":"cypress-provider","run_id":"cf4nqavrirfpfu6nv5o0","event":{"message_event":{"message":"connmgr parameters: hi=12, lo=6"}}}
{"ts":1674149300607563506,"msg":"","group_id":"cypress-provider","run_id":"cf4nqavrirfpfu6nv5o0","event":{"message_event":{"message":"creating DHT"}}}
{"ts":1674149300623835714,"msg":"","group_id":"cypress-provider","run_id":"cf4nqavrirfpfu6nv5o0","event":{"message_event":{"message":"creating DHT successful"}}}
{"ts":1674149300647945964,"msg":"","group_id":"cypress-provider","run_id":"cf4nqavrirfpfu6nv5o0","event":{"message_event":{"message":"supporting protocol:%!(EXTRA string=/p2p/id/delta/1.0.0)"}}}
{"ts":1674149300656473006,"msg":"","group_id":"cypress-provider","run_id":"cf4nqavrirfpfu6nv5o0","event":{"message_event":{"message":"supporting protocol:%!(EXTRA string=/ipfs/id/1.0.0)"}}}
{"ts":1674149300666677048,"msg":"","group_id":"cypress-provider","run_id":"cf4nqavrirfpfu6nv5o0","event":{"message_event":{"message":"supporting protocol:%!(EXTRA string=/ipfs/id/push/1.0.0)"}}}
{"ts":1674149300693443131,"msg":"","group_id":"cypress-provider","run_id":"cf4nqavrirfpfu6nv5o0","event":{"message_event":{"message":"supporting protocol:%!(EXTRA string=/ipfs/ping/1.0.0)"}}}
{"ts":1674149300725003881,"msg":"","group_id":"cypress-provider","run_id":"cf4nqavrirfpfu6nv5o0","event":{"message_event":{"message":"supporting protocol:%!(EXTRA string=/libp2p/circuit/relay/0.1.0)"}}}
{"ts":1674149300753740673,"msg":"","group_id":"cypress-provider","run_id":"cf4nqavrirfpfu6nv5o0","event":{"message_event":{"message":"supporting protocol:%!(EXTRA string=/libp2p/circuit/relay/0.2.0/stop)"}}}
{"ts":1674149300756966006,"msg":"","group_id":"cypress-provider","run_id":"cf4nqavrirfpfu6nv5o0","event":{"message_event":{"message":"supporting protocol:%!(EXTRA string=/libp2p/autonat/1.0.0)"}}}
{"ts":1674149300762564006,"msg":"","group_id":"cypress-provider","run_id":"cf4nqavrirfpfu6nv5o0","event":{"message_event":{"message":"supporting protocol:%!(EXTRA string=/testground/kad/1.0.0)"}}}
{"ts":1674149302848041007,"msg":"","group_id":"cypress-provider","run_id":"cf4nqavrirfpfu6nv5o0","event":{"message_event":{"message":"27 is waiting on 0 from state 0"}}}
{"ts":1674149302885469632,"msg":"requested a barrier with target zero; satisfying immediately","group_id":"cypress-provider","run_id":"cf4nqavrirfpfu6nv5o0","state":"boostrap-gradual1-0"}
{"ts":1674149302919186757,"msg":"","group_id":"cypress-provider","run_id":"cf4nqavrirfpfu6nv5o0","event":{"message_event":{"message":"27 is running"}}}
{"ts":1674149302972915465,"msg":"","group_id":"cypress-provider","run_id":"cf4nqavrirfpfu6nv5o0","event":{"message_event":{"message":"Dial to all other peers"}}}
{"ts":1674149303042977424,"msg":"","group_id":"cypress-provider","run_id":"cf4nqavrirfpfu6nv5o0","event":{"message_event":{"message":"dialling peer 12D3KooWFB7QisaHRFaMwskj6JE4vuoruNMSRNL4pfL2WEReWzMd (attempt 1)"}}}
{"ts":1674149303714717799,"msg":"","group_id":"cypress-provider","run_id":"cf4nqavrirfpfu6nv5o0","event":{"message_event":{"message":"Connect, successfully dialed peer: %!(EXTRA peer.AddrInfo={12D3KooWFB7QisaHRFaMwskj6JE4vuoruNMSRNL4pfL2WEReWzMd: [/ip4/16.62.0.6/tcp/33281]})"}}}
{"ts":1674149303719770799,"msg":"","group_id":"cypress-provider","run_id":"cf4nqavrirfpfu6nv5o0","event":{"message_event":{"message":"dialling peer 12D3KooWCR2EoapJjoQVR4E3NLjWn818gG3XizQ92Yx6C424HL2g (attempt 1)"}}}
{"ts":1674149303732610216,"msg":"","group_id":"cypress-provider","run_id":"cf4nqavrirfpfu6nv5o0","event":{"message_event":{"message":"Connect, successfully dialed peer: %!(EXTRA peer.AddrInfo={12D3KooWCR2EoapJjoQVR4E3NLjWn818gG3XizQ92Yx6C424HL2g: [/ip4/16.62.0.40/tcp/35643]})"}}}
{"ts":1674149303735826132,"msg":"","group_id":"cypress-provider","run_id":"cf4nqavrirfpfu6nv5o0","event":{"message_event":{"message":"dialling peer 12D3KooWGCvi3KESxsfJqabtDpZTviCeycABxLRtCPR7aQAdAwir (attempt 1)"}}}
{"ts":1674149303813534632,"msg":"","group_id":"cypress-provider","run_id":"cf4nqavrirfpfu6nv5o0","event":{"message_event":{"message":"Connect, successfully dialed peer: %!(EXTRA peer.AddrInfo={12D3KooWGCvi3KESxsfJqabtDpZTviCeycABxLRtCPR7aQAdAwir: [/ip4/16.62.0.26/tcp/44029]})"}}}
{"ts":1674149334584015966,"msg":"","group_id":"cypress-provider","run_id":"cf4nqavrirfpfu6nv5o0","event":{"message_event":{"message":"bootstrap: everyone table ready"}}}
{"ts":1674149335982020050,"msg":"","group_id":"cypress-provider","run_id":"cf4nqavrirfpfu6nv5o0","event":{"message_event":{"message":"27 is done - waiting for 49"}}}
{"ts":1674149339028708677,"msg":"","group_id":"cypress-provider","run_id":"cf4nqavrirfpfu6nv5o0","event":{"message_event":{"message":"27 passed the barrier"}}}
{"ts":1674149341046507761,"msg":"","group_id":"cypress-provider","run_id":"cf4nqavrirfpfu6nv5o0","event":{"message_event":{"message":"bootstrap: begin trim"}}}
{"ts":1674149342148067886,"msg":"","group_id":"cypress-provider","run_id":"cf4nqavrirfpfu6nv5o0","event":{"message_event":{"message":"name: signal bootstrapping0; uint: ns; time: %!d(float64=1.5156041e+07)"}}}
{"ts":1674149342180988886,"msg":"","group_id":"cypress-provider","run_id":"cf4nqavrirfpfu6nv5o0","event":{"message_event":{"message":"signal bootstrapping0%!(EXTRA float64=4.8074041e+07)"}}}
{"ts":1674149342225180803,"msg":"","group_id":"cypress-provider","run_id":"cf4nqavrirfpfu6nv5o0","event":{"message_event":{"message":"name: barrier bootstrapping0; uint: ns; time: %!d(float64=417)"}}}
{"ts":1674149342310372428,"msg":"","group_id":"cypress-provider","run_id":"cf4nqavrirfpfu6nv5o0","event":{"message_event":{"message":"barrierbootstrapping0%!(EXTRA float64=8.6391251e+07)"}}}
{"ts":1674149342393004512,"msg":"","group_id":"cypress-provider","run_id":"cf4nqavrirfpfu6nv5o0","event":{"message_event":{"message":"name: full bootstrapping0; uint: ns; time: %!d(float64=1.69026792e+08)"}}}
{"ts":1674149342407425845,"msg":"","group_id":"cypress-provider","run_id":"cf4nqavrirfpfu6nv5o0","event":{"message_event":{"message":"full bootstrapping0%!(EXTRA float64=3.9558913102e+10)"}}}
{"ts":1674149343300236012,"msg":"","group_id":"cypress-provider","run_id":"cf4nqavrirfpfu6nv5o0","event":{"message_event":{"message":"bootstrap: finished with 19 connections, 31 in the routing table"}}}
{"ts":1674149343319054845,"msg":"","group_id":"cypress-provider","run_id":"cf4nqavrirfpfu6nv5o0","event":{"message_event":{"message":"table health: {\"IdealDepth\":5,\"ActualDepth\":5,\"Bucket\":[{\"Depth\":1,\"MaxKnownContacts\":27,\"ActualKnownContacts\":10,\"ActualUnknownContacts\":0},{\"Depth\":2,\"MaxKnownContacts\":11,\"ActualKnownContacts\":10,\"ActualUnknownContacts\":0},{\"Depth\":3,\"MaxKnownContacts\":6,\"ActualKnownContacts\":6,\"ActualUnknownContacts\":0},{\"Depth\":4,\"MaxKnownContacts\":3,\"ActualKnownContacts\":3,\"ActualUnknownContacts\":0},{\"Depth\":5,\"MaxKnownContacts\":2,\"ActualKnownContacts\":2,\"ActualUnknownContacts\":0}]}"}}}
{"ts":1674149343338923720,"msg":"","group_id":"cypress-provider","run_id":"cf4nqavrirfpfu6nv5o0","event":{"message_event":{"message":"bootstrap: done"}}}
{"ts":1674149343352350804,"msg":"","group_id":"cypress-provider","run_id":"cf4nqavrirfpfu6nv5o0","event":{"message_event":{"message":"Bootstrap phase ended"}}}
{"ts":1674149344211422471,"msg":"","group_id":"cypress-provider","run_id":"cf4nqavrirfpfu6nv5o0","event":{"message_event":{"message":"SetupNetwork, network setup completed"}}}
{"ts":1674149344217810262,"msg":"","group_id":"cypress-provider","run_id":"cf4nqavrirfpfu6nv5o0","event":{"message_event":{"message":"getRecords, record count > 0"}}}
{"ts":1674149344230704762,"msg":"","group_id":"cypress-provider","run_id":"cf4nqavrirfpfu6nv5o0","event":{"message_event":{"message":"getRecords, searchRecords: %!(EXTRA []*test.ProviderRecordSubmission=[0x40029b0030])"}}}
{"ts":1674149344240511637,"msg":"","group_id":"cypress-provider","run_id":"cf4nqavrirfpfu6nv5o0","event":{"message_event":{"message":"start provide loop"}}}
{"ts":1674149358616529130,"msg":"","group_id":"cypress-provider","run_id":"cf4nqavrirfpfu6nv5o0","event":{"message_event":{"message":"Provided CID: QmeSZuScRfVhZy4U2CzqmAd5P8uxzgeW2nfbk2k4UyutkT"}}}
{"ts":1674149358973860588,"msg":"","group_id":"cypress-provider","run_id":"cf4nqavrirfpfu6nv5o0","event":{"message_event":{"message":"Provided CID: Qmbtbn2iDC1YBbrN2WYgyscVXM5vws3ZoA4gT8YKzKMXgX"}}}
{"ts":1674149361005767298,"msg":"","group_id":"cypress-provider","run_id":"cf4nqavrirfpfu6nv5o0","event":{"message_event":{"message":"Provided CID: QmSpZzCdhhyWM7eTNe29nDrPR9xdZR8R4VpGSoTdFq5usz"}}}
{"ts":1674149363749869341,"msg":"","group_id":"cypress-provider","run_id":"cf4nqavrirfpfu6nv5o0","event":{"message_event":{"message":"failed to send batch to InfluxDB; attempt 0; err: Post \"http://testground-influxdb:8086/write?consistency=&db=testground&precision=ns&rp=\": context deadline exceeded (Client.Timeout exceeded while awaiting headers)"}}}
{"ts":1674149364086208049,"msg":"","group_id":"cypress-provider","run_id":"cf4nqavrirfpfu6nv5o0","event":{"message_event":{"message":"Provided CID: QmSSrDtDK5LvFTnBAgNmjb5tRWcYuExu1qYLrXNv2UdzXE"}}}
{"ts":1674149364717875258,"msg":"","group_id":"cypress-provider","run_id":"cf4nqavrirfpfu6nv5o0","event":{"message_event":{"message":"Provided CID: QmNj8PTJnf4fUCBd6EEAXcvMgfVMnt4CXFkPu968Fwg6YT"}}}
{"ts":1674149364722619425,"msg":"","group_id":"cypress-provider","run_id":"cf4nqavrirfpfu6nv5o0","event":{"message_event":{"message":"Provided CID: QmYigrr9erPWMnVKfw74wV1KvjZ18mtzEzv7iFbWDh5VdP"}}}
{"ts":1674149364961402675,"msg":"","group_id":"cypress-provider","run_id":"cf4nqavrirfpfu6nv5o0","event":{"message_event":{"message":"Provided CID: QmeT46kQsiffrH7MdGfNpkgaKGfKUnZw6bEw5APTU27WPz"}}}
{"ts":1674149366203738425,"msg":"","group_id":"cypress-provider","run_id":"cf4nqavrirfpfu6nv5o0","event":{"message_event":{"message":"Provided CID: QmXyoMntxMK4Z9uuruxACuyTV7kwdSEyjtxNhWbznehRUr"}}}
{"ts":1674149366227297925,"msg":"","group_id":"cypress-provider","run_id":"cf4nqavrirfpfu6nv5o0","event":{"message_event":{"message":"Provided CID: QmYFqavMPJvzLNnh6wYdHLAR7iiix7mPrpbJaXRGMVBxzb"}}}
{"ts":1674149369409468968,"msg":"","group_id":"cypress-provider","run_id":"cf4nqavrirfpfu6nv5o0","event":{"message_event":{"message":"failed to send batch to InfluxDB; attempt 1; err: Post \"http://testground-influxdb:8086/write?consistency=&db=testground&precision=ns&rp=\": context deadline exceeded (Client.Timeout exceeded while awaiting headers)"}}}
{"ts":1674149375581765388,"msg":"","group_id":"cypress-provider","run_id":"cf4nqavrirfpfu6nv5o0","event":{"message_event":{"message":"failed to send batch to InfluxDB; attempt 2; err: Post \"http://testground-influxdb:8086/write?consistency=&db=testground&precision=ns&rp=\": context deadline exceeded (Client.Timeout exceeded while awaiting headers)"}}}
{"ts":1674149379868317709,"msg":"","group_id":"cypress-provider","run_id":"cf4nqavrirfpfu6nv5o0","event":{"message_event":{"message":"Provided CID: QmQZkMNdV3rH6umvxCwWEdoj4TjWyAxNuLxbXEigd8iKqU"}}}
{"ts":1674149383013784502,"msg":"","group_id":"cypress-provider","run_id":"cf4nqavrirfpfu6nv5o0","event":{"message_event":{"message":"failed to send batch to InfluxDB; attempt 3; err: Post \"http://testground-influxdb:8086/write?consistency=&db=testground&precision=ns&rp=\": context deadline exceeded (Client.Timeout exceeded while awaiting headers)"}}}
{"ts":1674149385455696212,"msg":"","group_id":"cypress-provider","run_id":"cf4nqavrirfpfu6nv5o0","event":{"message_event":{"message":"Provided CID: QmdKMXX7ZqzwxriTXcLtqQJQXThZrgCaiSUERdDZ9Ne95f"}}}
{"ts":1674149385984003629,"msg":"","group_id":"cypress-provider","run_id":"cf4nqavrirfpfu6nv5o0","event":{"message_event":{"message":"Provided CID: QmQw6U12opixMzbVDc384vgh7sia5gUKajDD24oRLaLEqQ"}}}
{"ts":1674149399094489093,"msg":"","group_id":"cypress-provider","run_id":"cf4nqavrirfpfu6nv5o0","event":{"message_event":{"message":"failed to send batch to InfluxDB; attempt 4; err: Post \"http://testground-influxdb:8086/write?consistency=&db=testground&precision=ns&rp=\": context deadline exceeded (Client.Timeout exceeded while awaiting headers)"}}}
{"ts":1674149400423579761,"msg":"","group_id":"cypress-provider","run_id":"cf4nqavrirfpfu6nv5o0","event":{"message_event":{"message":"influxdb: failed to upload 32 points; err: All attempts fail:\n#1: Post \"http://testground-influxdb:8086/write?consistency=&db=testground&precision=ns&rp=\": context deadline exceeded (Client.Timeout exceeded while awaiting headers)\n#2: Post \"http://testground-influxdb:8086/write?consistency=&db=testground&precision=ns&rp=\": context deadline exceeded (Client.Timeout exceeded while awaiting headers)\n#3: Post \"http://testground-influxdb:8086/write?consistency=&db=testground&precision=ns&rp=\": context deadline exceeded (Client.Timeout exceeded while awaiting headers)\n#4: Post \"http://testground-influxdb:8086/write?consistency=&db=testground&precision=ns&rp=\": context deadline exceeded (Client.Timeout exceeded while awaiting headers)\n#5: Post \"http://testground-influxdb:8086/write?consistency=&db=testground&precision=ns&rp=\": context deadline exceeded (Client.Timeout exceeded while awaiting headers)"}}}
{"ts":1674149405420688930,"msg":"","group_id":"cypress-provider","run_id":"cf4nqavrirfpfu6nv5o0","event":{"message_event":{"message":"Provided CID: QmQNSGk6KsGpAPPAL4PweycsHN5Te4YBvwQY8G9bYWRKpe"}}}
{"ts":1674149405573995846,"msg":"","group_id":"cypress-provider","run_id":"cf4nqavrirfpfu6nv5o0","event":{"message_event":{"message":"Provided CID: QmTzXCJwzJbtQxtpimCKwbyty4yPphQgGZQM2YRN45kMv2"}}}
{"ts":1674149405941990888,"msg":"","group_id":"cypress-provider","run_id":"cf4nqavrirfpfu6nv5o0","event":{"message_event":{"message":"Provided CID: Qmbwx2wndEZeCm1257gtYyAeXrGNDStgm7YsufAHbyUkDc"}}}
{"ts":1674149407742247916,"msg":"","group_id":"cypress-provider","run_id":"cf4nqavrirfpfu6nv5o0","event":{"message_event":{"message":"failed to send batch to InfluxDB; attempt 0; err: Post \"http://testground-influxdb:8086/write?consistency=&db=testground&precision=ns&rp=\": context deadline exceeded (Client.Timeout exceeded while awaiting headers)"}}}
{"ts":1674149413463416711,"msg":"","group_id":"cypress-provider","run_id":"cf4nqavrirfpfu6nv5o0","event":{"message_event":{"message":"Provided CID: QmQHFH1e6p6NGjLiA3rVJHRYzS7qBhfbKGGajQZ26u1PuE"}}}
{"ts":1674149413516711169,"msg":"","group_id":"cypress-provider","run_id":"cf4nqavrirfpfu6nv5o0","event":{"message_event":{"message":"Provided CID: QmY1eF8EB1WVFdF6xzh1C1YkadMojpT4FoEZkqzyprqDoV"}}}
{"ts":1674149413732702628,"msg":"","group_id":"cypress-provider","run_id":"cf4nqavrirfpfu6nv5o0","event":{"message_event":{"message":"failed to send batch to InfluxDB; attempt 1; err: Post \"http://testground-influxdb:8086/write?consistency=&db=testground&precision=ns&rp=\": context deadline exceeded (Client.Timeout exceeded while awaiting headers)"}}}
{"ts":1674149416487679087,"msg":"","group_id":"cypress-provider","run_id":"cf4nqavrirfpfu6nv5o0","event":{"message_event":{"message":"Provided CID: QmTeC6qvToLwytK5uruQq4npHWezRWnRXjHm6Gn9h2tsFr"}}}
{"ts":1674149416519309879,"msg":"","group_id":"cypress-provider","run_id":"cf4nqavrirfpfu6nv5o0","event":{"message_event":{"message":"Provided CID: QmNnfyApQUXaqj2dsRTthNUBBktYf6seo7BJk7W9Ym56ZH"}}}
{"ts":1674149417897771213,"msg":"","group_id":"cypress-provider","run_id":"cf4nqavrirfpfu6nv5o0","event":{"message_event":{"message":"Provided CID: QmS1rxhfhq3FsUuG2TLNSYW6gxrtR4hmfoiajCdWCo7hq5"}}}
{"ts":1674149418190536088,"msg":"","group_id":"cypress-provider","run_id":"cf4nqavrirfpfu6nv5o0","event":{"message_event":{"message":"name: signal provider-records1; uint: ns; time: %!d(float64=2.67825625e+08)"}}}
{"ts":1674149418250538421,"msg":"","group_id":"cypress-provider","run_id":"cf4nqavrirfpfu6nv5o0","event":{"message_event":{"message":"signal provider-records1%!(EXTRA float64=3.27591375e+08)"}}}
{"ts":1674149418353501297,"msg":"","group_id":"cypress-provider","run_id":"cf4nqavrirfpfu6nv5o0","event":{"message_event":{"message":"name: barrier provider-records1; uint: ns; time: %!d(float64=375)"}}}
{"ts":1674149421994414090,"msg":"","group_id":"cypress-provider","run_id":"cf4nqavrirfpfu6nv5o0","event":{"message_event":{"message":"failed to send batch to InfluxDB; attempt 2; err: Post \"http://testground-influxdb:8086/write?consistency=&db=testground&precision=ns&rp=\": context deadline exceeded (Client.Timeout exceeded while awaiting headers)"}}}
{"ts":1674149428110679968,"msg":"","group_id":"cypress-provider","run_id":"cf4nqavrirfpfu6nv5o0","event":{"message_event":{"message":"barrierprovider-records1%!(EXTRA float64=9.757202546e+09)"}}}
{"ts":1674149428177530385,"msg":"","group_id":"cypress-provider","run_id":"cf4nqavrirfpfu6nv5o0","event":{"message_event":{"message":"name: full provider-records1; uint: ns; time: %!d(float64=9.824048505e+09)"}}}
{"ts":1674149428208368135,"msg":"","group_id":"cypress-provider","run_id":"cf4nqavrirfpfu6nv5o0","event":{"message_event":{"message":"full provider-records1%!(EXTRA float64=8.3961550623e+10)"}}}
{"ts":1674149429153895760,"msg":"","group_id":"cypress-provider","run_id":"cf4nqavrirfpfu6nv5o0","event":{"message_event":{"message":"failed to send batch to InfluxDB; attempt 3; err: Post \"http://testground-influxdb:8086/write?consistency=&db=testground&precision=ns&rp=\": context deadline exceeded (Client.Timeout exceeded while awaiting headers)"}}}
{"ts":1674149443644664211,"msg":"","group_id":"cypress-provider","run_id":"cf4nqavrirfpfu6nv5o0","event":{"message_event":{"message":"failed to send batch to InfluxDB; attempt 4; err: Post \"http://testground-influxdb:8086/write?consistency=&db=testground&precision=ns&rp=\": context deadline exceeded (Client.Timeout exceeded while awaiting headers)"}}}
{"ts":1674149443927236586,"msg":"","group_id":"cypress-provider","run_id":"cf4nqavrirfpfu6nv5o0","event":{"message_event":{"message":"influxdb: failed to upload 128 points; err: All attempts fail:\n#1: Post \"http://testground-influxdb:8086/write?consistency=&db=testground&precision=ns&rp=\": context deadline exceeded (Client.Timeout exceeded while awaiting headers)\n#2: Post \"http://testground-influxdb:8086/write?consistency=&db=testground&precision=ns&rp=\": context deadline exceeded (Client.Timeout exceeded while awaiting headers)\n#3: Post \"http://testground-influxdb:8086/write?consistency=&db=testground&precision=ns&rp=\": context deadline exceeded (Client.Timeout exceeded while awaiting headers)\n#4: Post \"http://testground-influxdb:8086/write?consistency=&db=testground&precision=ns&rp=\": context deadline exceeded (Client.Timeout exceeded while awaiting headers)\n#5: Post \"http://testground-influxdb:8086/write?consistency=&db=testground&precision=ns&rp=\": context deadline exceeded (Client.Timeout exceeded while awaiting headers)"}}}
{"ts":1674149449775411964,"msg":"","group_id":"cypress-provider","run_id":"cf4nqavrirfpfu6nv5o0","event":{"message_event":{"message":"failed to send batch to InfluxDB; attempt 0; err: Post \"http://testground-influxdb:8086/write?consistency=&db=testground&precision=ns&rp=\": context deadline exceeded (Client.Timeout exceeded while awaiting headers)"}}}
{"ts":1674149456774162509,"msg":"","group_id":"cypress-provider","run_id":"cf4nqavrirfpfu6nv5o0","event":{"message_event":{"message":"failed to send batch to InfluxDB; attempt 1; err: Post \"http://testground-influxdb:8086/write?consistency=&db=testground&precision=ns&rp=\": context deadline exceeded (Client.Timeout exceeded while awaiting headers)"}}}
{"ts":1674149470934631126,"msg":"","group_id":"cypress-provider","run_id":"cf4nqavrirfpfu6nv5o0","event":{"message_event":{"message":"failed to send batch to InfluxDB; attempt 2; err: Post \"http://testground-influxdb:8086/write?consistency=&db=testground&precision=ns&rp=\": context deadline exceeded (Client.Timeout exceeded while awaiting headers)"}}}
{"ts":1674149479713800922,"msg":"","group_id":"cypress-provider","run_id":"cf4nqavrirfpfu6nv5o0","event":{"message_event":{"message":"failed to send batch to InfluxDB; attempt 3; err: Post \"http://testground-influxdb:8086/write?consistency=&db=testground&precision=ns&rp=\": context deadline exceeded (Client.Timeout exceeded while awaiting headers)"}}}
{"ts":1674149501866617127,"msg":"","group_id":"cypress-provider","run_id":"cf4nqavrirfpfu6nv5o0","event":{"message_event":{"message":"failed to send batch to InfluxDB; attempt 4; err: Post \"http://testground-influxdb:8086/write?consistency=&db=testground&precision=ns&rp=\": context deadline exceeded (Client.Timeout exceeded while awaiting headers)"}}}
{"ts":1674149503188817586,"msg":"","group_id":"cypress-provider","run_id":"cf4nqavrirfpfu6nv5o0","event":{"message_event":{"message":"influxdb: failed to upload 128 points; err: All attempts fail:\n#1: Post \"http://testground-influxdb:8086/write?consistency=&db=testground&precision=ns&rp=\": context deadline exceeded (Client.Timeout exceeded while awaiting headers)\n#2: Post \"http://testground-influxdb:8086/write?consistency=&db=testground&precision=ns&rp=\": context deadline exceeded (Client.Timeout exceeded while awaiting headers)\n#3: Post \"http://testground-influxdb:8086/write?consistency=&db=testground&precision=ns&rp=\": context deadline exceeded (Client.Timeout exceeded while awaiting headers)\n#4: Post \"http://testground-influxdb:8086/write?consistency=&db=testground&precision=ns&rp=\": context deadline exceeded (Client.Timeout exceeded while awaiting headers)\n#5: Post \"http://testground-influxdb:8086/write?consistency=&db=testground&precision=ns&rp=\": context deadline exceeded (Client.Timeout exceeded while awaiting headers)"}}}
{"ts":1674149516603801009,"msg":"","group_id":"cypress-provider","run_id":"cf4nqavrirfpfu6nv5o0","event":{"message_event":{"message":"failed to send batch to InfluxDB; attempt 0; err: Post \"http://testground-influxdb:8086/write?consistency=&db=testground&precision=ns&rp=\": context deadline exceeded (Client.Timeout exceeded while awaiting headers)"}}}
{"ts":1674149525449936846,"msg":"","group_id":"cypress-provider","run_id":"cf4nqavrirfpfu6nv5o0","event":{"message_event":{"message":"failed to send batch to InfluxDB; attempt 1; err: Post \"http://testground-influxdb:8086/write?consistency=&db=testground&precision=ns&rp=\": context deadline exceeded (Client.Timeout exceeded while awaiting headers)"}}}
{"ts":1674149538092105380,"msg":"","group_id":"cypress-provider","run_id":"cf4nqavrirfpfu6nv5o0","event":{"message_event":{"message":"failed to send batch to InfluxDB; attempt 2; err: Post \"http://testground-influxdb:8086/write?consistency=&db=testground&precision=ns&rp=\": context deadline exceeded (Client.Timeout exceeded while awaiting headers)"}}}
{"ts":1674149580830648344,"msg":"","group_id":"cypress-provider","run_id":"cf4nqavrirfpfu6nv5o0","event":{"message_event":{"message":"failed to send batch to InfluxDB; attempt 3; err: Post \"http://testground-influxdb:8086/write?consistency=&db=testground&precision=ns&rp=\": context deadline exceeded (Client.Timeout exceeded while awaiting headers)"}}}
{"ts":1674149598625587838,"msg":"","group_id":"cypress-provider","run_id":"cf4nqavrirfpfu6nv5o0","event":{"message_event":{"message":"failed to send batch to InfluxDB; attempt 4; err: Post \"http://testground-influxdb:8086/write?consistency=&db=testground&precision=ns&rp=\": context deadline exceeded (Client.Timeout exceeded while awaiting headers)"}}}
{"ts":1674149599328363713,"msg":"","group_id":"cypress-provider","run_id":"cf4nqavrirfpfu6nv5o0","event":{"message_event":{"message":"influxdb: failed to upload 128 points; err: All attempts fail:\n#1: Post \"http://testground-influxdb:8086/write?consistency=&db=testground&precision=ns&rp=\": context deadline exceeded (Client.Timeout exceeded while awaiting headers)\n#2: Post \"http://testground-influxdb:8086/write?consistency=&db=testground&precision=ns&rp=\": context deadline exceeded (Client.Timeout exceeded while awaiting headers)\n#3: Post \"http://testground-influxdb:8086/write?consistency=&db=testground&precision=ns&rp=\": context deadline exceeded (Client.Timeout exceeded while awaiting headers)\n#4: Post \"http://testground-influxdb:8086/write?consistency=&db=testground&precision=ns&rp=\": context deadline exceeded (Client.Timeout exceeded while awaiting headers)\n#5: Post \"http://testground-influxdb:8086/write?consistency=&db=testground&precision=ns&rp=\": context deadline exceeded (Client.Timeout exceeded while awaiting headers)"}}}
{"ts":1674149610985220636,"msg":"","group_id":"cypress-provider","run_id":"cf4nqavrirfpfu6nv5o0","event":{"message_event":{"message":"failed to send batch to InfluxDB; attempt 0; err: Post \"http://testground-influxdb:8086/write?consistency=&db=testground&precision=ns&rp=\": context deadline exceeded (Client.Timeout exceeded while awaiting headers)"}}}
{"ts":1674149618453634750,"msg":"","group_id":"cypress-provider","run_id":"cf4nqavrirfpfu6nv5o0","event":{"message_event":{"message":"failed to send batch to InfluxDB; attempt 1; err: Post \"http://testground-influxdb:8086/write?consistency=&db=testground&precision=ns&rp=\": context deadline exceeded (Client.Timeout exceeded while awaiting headers)"}}}
{"ts":1674149622925595919,"msg":"","group_id":"cypress-provider","run_id":"cf4nqavrirfpfu6nv5o0","event":{"message_event":{"message":"name: signal provider-records2; uint: ns; time: %!d(float64=3.1117708e+07)"}}}
{"ts":1674149623022515710,"msg":"","group_id":"cypress-provider","run_id":"cf4nqavrirfpfu6nv5o0","event":{"message_event":{"message":"signal provider-records2%!(EXTRA float64=1.27808333e+08)"}}}
{"ts":1674149623066685460,"msg":"","group_id":"cypress-provider","run_id":"cf4nqavrirfpfu6nv5o0","event":{"message_event":{"message":"name: barrier provider-records2; uint: ns; time: %!d(float64=459)"}}}
{"ts":1674149625343822545,"msg":"","group_id":"cypress-provider","run_id":"cf4nqavrirfpfu6nv5o0","event":{"message_event":{"message":"failed to send batch to InfluxDB; attempt 2; err: Post \"http://testground-influxdb:8086/write?consistency=&db=testground&precision=ns&rp=\": context deadline exceeded (Client.Timeout exceeded while awaiting headers)"}}}
{"ts":1674149632679259215,"msg":"","group_id":"cypress-provider","run_id":"cf4nqavrirfpfu6nv5o0","event":{"message_event":{"message":"failed to send batch to InfluxDB; attempt 3; err: Post \"http://testground-influxdb:8086/write?consistency=&db=testground&precision=ns&rp=\": context deadline exceeded (Client.Timeout exceeded while awaiting headers)"}}}
{"ts":1674149644813332346,"msg":"","group_id":"cypress-provider","run_id":"cf4nqavrirfpfu6nv5o0","event":{"message_event":{"message":"failed to send batch to InfluxDB; attempt 4; err: Post \"http://testground-influxdb:8086/write?consistency=&db=testground&precision=ns&rp=\": context deadline exceeded (Client.Timeout exceeded while awaiting headers)"}}}
{"ts":1674149644890193721,"msg":"","group_id":"cypress-provider","run_id":"cf4nqavrirfpfu6nv5o0","event":{"message_event":{"message":"influxdb: failed to upload 128 points; err: All attempts fail:\n#1: Post \"http://testground-influxdb:8086/write?consistency=&db=testground&precision=ns&rp=\": context deadline exceeded (Client.Timeout exceeded while awaiting headers)\n#2: Post \"http://testground-influxdb:8086/write?consistency=&db=testground&precision=ns&rp=\": context deadline exceeded (Client.Timeout exceeded while awaiting headers)\n#3: Post \"http://testground-influxdb:8086/write?consistency=&db=testground&precision=ns&rp=\": context deadline exceeded (Client.Timeout exceeded while awaiting headers)\n#4: Post \"http://testground-influxdb:8086/write?consistency=&db=testground&precision=ns&rp=\": context deadline exceeded (Client.Timeout exceeded while awaiting headers)\n#5: Post \"http://testground-influxdb:8086/write?consistency=&db=testground&precision=ns&rp=\": context deadline exceeded (Client.Timeout exceeded while awaiting headers)"}}}
{"ts":1674149650589289668,"msg":"","group_id":"cypress-provider","run_id":"cf4nqavrirfpfu6nv5o0","event":{"message_event":{"message":"failed to send batch to InfluxDB; attempt 0; err: Post \"http://testground-influxdb:8086/write?consistency=&db=testground&precision=ns&rp=\": context deadline exceeded (Client.Timeout exceeded while awaiting headers)"}}}
{"ts":1674149651601290085,"msg":"","group_id":"cypress-provider","run_id":"cf4nqavrirfpfu6nv5o0","event":{"message_event":{"message":"barrierprovider-records2%!(EXTRA float64=2.8404084513e+10)"}}}
{"ts":1674149651765767252,"msg":"","group_id":"cypress-provider","run_id":"cf4nqavrirfpfu6nv5o0","event":{"message_event":{"message":"name: full provider-records2; uint: ns; time: %!d(float64=2.8639958805e+10)"}}}
{"ts":1674149651923674085,"msg":"","group_id":"cypress-provider","run_id":"cf4nqavrirfpfu6nv5o0","event":{"message_event":{"message":"full provider-records2%!(EXTRA float64=2.19268487434e+11)"}}}
{"ts":1674149652339592627,"msg":"","group_id":"cypress-provider","run_id":"cf4nqavrirfpfu6nv5o0","event":{"success_event":{"group":"cypress-provider"}}}
{"ts":1674149656506668087,"msg":"","group_id":"cypress-provider","run_id":"cf4nqavrirfpfu6nv5o0","event":{"message_event":{"message":"failed to send batch to InfluxDB; attempt 1; err: Post \"http://testground-influxdb:8086/write?consistency=&db=testground&precision=ns&rp=\": context deadline exceeded (Client.Timeout exceeded while awaiting headers)"}}}
{"ts":1674149665050802925,"msg":"","group_id":"cypress-provider","run_id":"cf4nqavrirfpfu6nv5o0","event":{"message_event":{"message":"failed to send batch to InfluxDB; attempt 2; err: Post \"http://testground-influxdb:8086/write?consistency=&db=testground&precision=ns&rp=\": context deadline exceeded (Client.Timeout exceeded while awaiting headers)"}}}
{"ts":1674149672521311095,"msg":"","group_id":"cypress-provider","run_id":"cf4nqavrirfpfu6nv5o0","event":{"message_event":{"message":"failed to send batch to InfluxDB; attempt 3; err: Post \"http://testground-influxdb:8086/write?consistency=&db=testground&precision=ns&rp=\": context deadline exceeded (Client.Timeout exceeded while awaiting headers)"}}}
{"ts":1674149681831337793,"msg":"","group_id":"cypress-provider","run_id":"cf4nqavrirfpfu6nv5o0","event":{"message_event":{"message":"failed to send batch to InfluxDB; attempt 4; err: Post \"http://testground-influxdb:8086/write?consistency=&db=testground&precision=ns&rp=\": context deadline exceeded (Client.Timeout exceeded while awaiting headers)"}}}
{"ts":1674149681871536710,"msg":"","group_id":"cypress-provider","run_id":"cf4nqavrirfpfu6nv5o0","event":{"message_event":{"message":"influxdb: failed to upload 128 points; err: All attempts fail:\n#1: Post \"http://testground-influxdb:8086/write?consistency=&db=testground&precision=ns&rp=\": context deadline exceeded (Client.Timeout exceeded while awaiting headers)\n#2: Post \"http://testground-influxdb:8086/write?consistency=&db=testground&precision=ns&rp=\": context deadline exceeded (Client.Timeout exceeded while awaiting headers)\n#3: Post \"http://testground-influxdb:8086/write?consistency=&db=testground&precision=ns&rp=\": context deadline exceeded (Client.Timeout exceeded while awaiting headers)\n#4: Post \"http://testground-influxdb:8086/write?consistency=&db=testground&precision=ns&rp=\": context deadline exceeded (Client.Timeout exceeded while awaiting headers)\n#5: Post \"http://testground-influxdb:8086/write?consistency=&db=testground&precision=ns&rp=\": context deadline exceeded (Client.Timeout exceeded while awaiting headers)"}}}
{"ts":1674149691835909840,"msg":"","group_id":"cypress-provider","run_id":"cf4nqavrirfpfu6nv5o0","event":{"message_event":{"message":"failed to send batch to InfluxDB; attempt 0; err: Post \"http://testground-influxdb:8086/write?consistency=&db=testground&precision=ns&rp=\": context deadline exceeded (Client.Timeout exceeded while awaiting headers)"}}}
{"ts":1674149703379661928,"msg":"","group_id":"cypress-provider","run_id":"cf4nqavrirfpfu6nv5o0","event":{"message_event":{"message":"failed to send batch to InfluxDB; attempt 1; err: Post \"http://testground-influxdb:8086/write?consistency=&db=testground&precision=ns&rp=\": context deadline exceeded (Client.Timeout exceeded while awaiting headers)"}}}
{"ts":1674149721374792256,"msg":"","group_id":"cypress-provider","run_id":"cf4nqavrirfpfu6nv5o0","event":{"message_event":{"message":"failed to send batch to InfluxDB; attempt 2; err: Post \"http://testground-influxdb:8086/write?consistency=&db=testground&precision=ns&rp=\": context deadline exceeded (Client.Timeout exceeded while awaiting headers)"}}}
{"ts":1674149735075526429,"msg":"","group_id":"cypress-provider","run_id":"cf4nqavrirfpfu6nv5o0","event":{"message_event":{"message":"failed to send batch to InfluxDB; attempt 3; err: Post \"http://testground-influxdb:8086/write?consistency=&db=testground&precision=ns&rp=\": context deadline exceeded (Client.Timeout exceeded while awaiting headers)"}}}
{"ts":1674149747649719838,"msg":"","group_id":"cypress-provider","run_id":"cf4nqavrirfpfu6nv5o0","event":{"message_event":{"message":"failed to send batch to InfluxDB; attempt 4; err: Post \"http://testground-influxdb:8086/write?consistency=&db=testground&precision=ns&rp=\": context deadline exceeded (Client.Timeout exceeded while awaiting headers)"}}}
{"ts":1674149747686266213,"msg":"","group_id":"cypress-provider","run_id":"cf4nqavrirfpfu6nv5o0","event":{"message_event":{"message":"influxdb: failed to upload 2425 points; err: All attempts fail:\n#1: Post \"http://testground-influxdb:8086/write?consistency=&db=testground&precision=ns&rp=\": context deadline exceeded (Client.Timeout exceeded while awaiting headers)\n#2: Post \"http://testground-influxdb:8086/write?consistency=&db=testground&precision=ns&rp=\": context deadline exceeded (Client.Timeout exceeded while awaiting headers)\n#3: Post \"http://testground-influxdb:8086/write?consistency=&db=testground&precision=ns&rp=\": context deadline exceeded (Client.Timeout exceeded while awaiting headers)\n#4: Post \"http://testground-influxdb:8086/write?consistency=&db=testground&precision=ns&rp=\": context deadline exceeded (Client.Timeout exceeded while awaiting headers)\n#5: Post \"http://testground-influxdb:8086/write?consistency=&db=testground&precision=ns&rp=\": context deadline exceeded (Client.Timeout exceeded while awaiting headers)"}}}
