{"ts":1676964075175738423,"msg":"","group_id":"cypress-provider","run_id":"cfq713frirfjcn7dfc90","event":{"message_event":{"message":"registering default http handler at: http://[::]:6060/ (pprof: http://[::]:6060/debug/pprof/)"}}}
{"ts":1676964075179219589,"msg":"","group_id":"cypress-provider","run_id":"cfq713frirfjcn7dfc90","event":{"start_event":{"runenv":{"plan":"dht","case":"find-providers","run":"cfq713frirfjcn7dfc90","params":{"alpha":"10","auto_refresh":"true","beta":"3","bootstrapper":"true","bs_strategy":"3","bucket_size":"20","client_mode":"false","datastore":"0","expect_dht":"true","group_order":"1","latency":"100","peer_id_seed":"0","random_walk":"false","record_count":"20","record_seed":"0","search_records":"true","timeout_secs":"2000","undialable":"false"},"instances":40,"outputs_path":"/outputs","temp_path":"/temp","network":"16.137.0.0/16","group":"cypress-provider","group_instances":40}}}}
{"ts":1676964075213678381,"msg":"","group_id":"cypress-provider","run_id":"cfq713frirfjcn7dfc90","event":{"message_event":{"message":"waiting for network to initialize"}}}
{"ts":1676964076169149465,"msg":"","group_id":"cypress-provider","run_id":"cfq713frirfjcn7dfc90","event":{"message_event":{"message":"failed to send batch to InfluxDB; attempt 0; err: Post \"http://testground-influxdb:8086/write?consistency=&db=testground&precision=ns&rp=\": dial tcp 192.18.0.5:8086: connect: connection refused"}}}
{"ts":1676964076751001673,"msg":"","group_id":"cypress-provider","run_id":"cfq713frirfjcn7dfc90","event":{"message_event":{"message":"failed to send batch to InfluxDB; attempt 1; err: Post \"http://testground-influxdb:8086/write?consistency=&db=testground&precision=ns&rp=\": dial tcp 192.18.0.5:8086: connect: connection refused"}}}
{"ts":1676964077811711174,"msg":"","group_id":"cypress-provider","run_id":"cfq713frirfjcn7dfc90","event":{"message_event":{"message":"failed to send batch to InfluxDB; attempt 2; err: Post \"http://testground-influxdb:8086/write?consistency=&db=testground&precision=ns&rp=\": dial tcp 192.18.0.5:8086: connect: connection refused"}}}
{"ts":1676964079908301467,"msg":"","group_id":"cypress-provider","run_id":"cfq713frirfjcn7dfc90","event":{"message_event":{"message":"failed to send batch to InfluxDB; attempt 3; err: Post \"http://testground-influxdb:8086/write?consistency=&db=testground&precision=ns&rp=\": dial tcp 192.18.0.5:8086: connect: connection refused"}}}
{"ts":1676964081720419009,"msg":"","group_id":"cypress-provider","run_id":"cfq713frirfjcn7dfc90","event":{"message_event":{"message":"network initialisation successful"}}}
{"ts":1676964081775399259,"msg":"","group_id":"cypress-provider","run_id":"cfq713frirfjcn7dfc90","event":{"message_event":{"message":"network initialization complete"}}}
{"ts":1676964081804334884,"msg":"","group_id":"cypress-provider","run_id":"cfq713frirfjcn7dfc90","event":{"message_event":{"message":"claimed sequence numbers; global=7, group(cypress-provider)=5"}}}
{"ts":1676964081810365842,"msg":"","group_id":"cypress-provider","run_id":"cfq713frirfjcn7dfc90","event":{"message_event":{"message":"Finding providers"}}}
{"ts":1676964082043767843,"msg":"","group_id":"cypress-provider","run_id":"cfq713frirfjcn7dfc90","event":{"message_event":{"message":"network initialisation successful"}}}
{"ts":1676964082087505926,"msg":"","group_id":"cypress-provider","run_id":"cfq713frirfjcn7dfc90","event":{"message_event":{"message":"SetupNetwork, network setup completed"}}}
{"ts":1676964082847530218,"msg":"","group_id":"cypress-provider","run_id":"cfq713frirfjcn7dfc90","event":{"message_event":{"message":"there are 1 groups map[cypress-provider:0x40020b3bf0]"}}}
{"ts":1676964082854075051,"msg":"","group_id":"cypress-provider","run_id":"cfq713frirfjcn7dfc90","event":{"message_event":{"message":"setGroupInfo, sortedGroup:%!(EXTRA []string=[cypress-provider])"}}}
{"ts":1676964082875490718,"msg":"","group_id":"cypress-provider","run_id":"cfq713frirfjcn7dfc90","event":{"message_event":{"message":"past group info"}}}
{"ts":1676964082882770718,"msg":"","group_id":"cypress-provider","run_id":"cfq713frirfjcn7dfc90","event":{"message_event":{"message":"connmgr parameters: hi=12, lo=6"}}}
{"ts":1676964082938322385,"msg":"","group_id":"cypress-provider","run_id":"cfq713frirfjcn7dfc90","event":{"message_event":{"message":"creating DHT"}}}
{"ts":1676964082955465426,"msg":"","group_id":"cypress-provider","run_id":"cfq713frirfjcn7dfc90","event":{"message_event":{"message":"creating DHT successful"}}}
{"ts":1676964082963312718,"msg":"","group_id":"cypress-provider","run_id":"cfq713frirfjcn7dfc90","event":{"message_event":{"message":"supporting protocol:%!(EXTRA string=/p2p/id/delta/1.0.0)"}}}
{"ts":1676964082983647510,"msg":"","group_id":"cypress-provider","run_id":"cfq713frirfjcn7dfc90","event":{"message_event":{"message":"supporting protocol:%!(EXTRA string=/ipfs/id/1.0.0)"}}}
{"ts":1676964082996374676,"msg":"","group_id":"cypress-provider","run_id":"cfq713frirfjcn7dfc90","event":{"message_event":{"message":"supporting protocol:%!(EXTRA string=/ipfs/id/push/1.0.0)"}}}
{"ts":1676964083000148010,"msg":"","group_id":"cypress-provider","run_id":"cfq713frirfjcn7dfc90","event":{"message_event":{"message":"supporting protocol:%!(EXTRA string=/ipfs/ping/1.0.0)"}}}
{"ts":1676964083008017301,"msg":"","group_id":"cypress-provider","run_id":"cfq713frirfjcn7dfc90","event":{"message_event":{"message":"supporting protocol:%!(EXTRA string=/libp2p/circuit/relay/0.1.0)"}}}
{"ts":1676964083010759510,"msg":"","group_id":"cypress-provider","run_id":"cfq713frirfjcn7dfc90","event":{"message_event":{"message":"supporting protocol:%!(EXTRA string=/libp2p/circuit/relay/0.2.0/stop)"}}}
{"ts":1676964083014787676,"msg":"","group_id":"cypress-provider","run_id":"cfq713frirfjcn7dfc90","event":{"message_event":{"message":"supporting protocol:%!(EXTRA string=/libp2p/autonat/1.0.0)"}}}
{"ts":1676964083022210010,"msg":"","group_id":"cypress-provider","run_id":"cfq713frirfjcn7dfc90","event":{"message_event":{"message":"supporting protocol:%!(EXTRA string=/testground/kad/1.0.0)"}}}
{"ts":1676964083189406385,"msg":"","group_id":"cypress-provider","run_id":"cfq713frirfjcn7dfc90","event":{"message_event":{"message":"2 is waiting on 0 from state 0"}}}
{"ts":1676964083238657385,"msg":"requested a barrier with target zero; satisfying immediately","group_id":"cypress-provider","run_id":"cfq713frirfjcn7dfc90","state":"boostrap-gradual1-0"}
{"ts":1676964083241677426,"msg":"","group_id":"cypress-provider","run_id":"cfq713frirfjcn7dfc90","event":{"message_event":{"message":"2 is running"}}}
{"ts":1676964083264640385,"msg":"","group_id":"cypress-provider","run_id":"cfq713frirfjcn7dfc90","event":{"message_event":{"message":"Dial to all other peers"}}}
{"ts":1676964083281991843,"msg":"","group_id":"cypress-provider","run_id":"cfq713frirfjcn7dfc90","event":{"message_event":{"message":"dialling peer 12D3KooWNc5rNmCJ9yvXviXaENnp7vqDQjomZwia4aA7Q3hSYkiW (attempt 1)"}}}
{"ts":1676964083331721760,"msg":"","group_id":"cypress-provider","run_id":"cfq713frirfjcn7dfc90","event":{"message_event":{"message":"Connect, successfully dialed peer: %!(EXTRA peer.AddrInfo={12D3KooWNc5rNmCJ9yvXviXaENnp7vqDQjomZwia4aA7Q3hSYkiW: [/ip4/16.137.0.23/tcp/39025]})"}}}
{"ts":1676964083374414135,"msg":"","group_id":"cypress-provider","run_id":"cfq713frirfjcn7dfc90","event":{"message_event":{"message":"dialling peer 12D3KooWGVijKpKXAveYbcCXhe8DhrykfXaehwPM6mcSgagqXkEg (attempt 1)"}}}
{"ts":1676964083513726010,"msg":"","group_id":"cypress-provider","run_id":"cfq713frirfjcn7dfc90","event":{"message_event":{"message":"Connect, successfully dialed peer: %!(EXTRA peer.AddrInfo={12D3KooWGVijKpKXAveYbcCXhe8DhrykfXaehwPM6mcSgagqXkEg: [/ip4/16.137.0.37/tcp/38913]})"}}}
{"ts":1676964083517280385,"msg":"","group_id":"cypress-provider","run_id":"cfq713frirfjcn7dfc90","event":{"message_event":{"message":"dialling peer 12D3KooWEiCzB4bVxyxYwB7xpSvra1Yz1SB39kih4qHpFjDWoC9J (attempt 1)"}}}
{"ts":1676964083799987552,"msg":"","group_id":"cypress-provider","run_id":"cfq713frirfjcn7dfc90","event":{"message_event":{"message":"Connect, successfully dialed peer: %!(EXTRA peer.AddrInfo={12D3KooWEiCzB4bVxyxYwB7xpSvra1Yz1SB39kih4qHpFjDWoC9J: [/ip4/16.137.0.39/tcp/45351]})"}}}
{"ts":1676964084548794677,"msg":"","group_id":"cypress-provider","run_id":"cfq713frirfjcn7dfc90","event":{"message_event":{"message":"failed to send batch to InfluxDB; attempt 4; err: Post \"http://testground-influxdb:8086/write?consistency=&db=testground&precision=ns&rp=\": dial tcp 192.18.0.5:8086: connect: connection refused"}}}
{"ts":1676964084553512010,"msg":"","group_id":"cypress-provider","run_id":"cfq713frirfjcn7dfc90","event":{"message_event":{"message":"influxdb: failed to upload 1 points; err: All attempts fail:\n#1: Post \"http://testground-influxdb:8086/write?consistency=&db=testground&precision=ns&rp=\": dial tcp 192.18.0.5:8086: connect: connection refused\n#2: Post \"http://testground-influxdb:8086/write?consistency=&db=testground&precision=ns&rp=\": dial tcp 192.18.0.5:8086: connect: connection refused\n#3: Post \"http://testground-influxdb:8086/write?consistency=&db=testground&precision=ns&rp=\": dial tcp 192.18.0.5:8086: connect: connection refused\n#4: Post \"http://testground-influxdb:8086/write?consistency=&db=testground&precision=ns&rp=\": dial tcp 192.18.0.5:8086: connect: connection refused\n#5: Post \"http://testground-influxdb:8086/write?consistency=&db=testground&precision=ns&rp=\": dial tcp 192.18.0.5:8086: connect: connection refused"}}}
{"ts":1676964085212626386,"msg":"","group_id":"cypress-provider","run_id":"cfq713frirfjcn7dfc90","event":{"message_event":{"message":"failed to send batch to InfluxDB; attempt 0; err: Post \"http://testground-influxdb:8086/write?consistency=&db=testground&precision=ns&rp=\": dial tcp 192.18.0.5:8086: connect: connection refused"}}}
{"ts":1676964085748745803,"msg":"","group_id":"cypress-provider","run_id":"cfq713frirfjcn7dfc90","event":{"message_event":{"message":"failed to send batch to InfluxDB; attempt 1; err: Post \"http://testground-influxdb:8086/write?consistency=&db=testground&precision=ns&rp=\": dial tcp 192.18.0.5:8086: connect: connection refused"}}}
{"ts":1676964086825648387,"msg":"","group_id":"cypress-provider","run_id":"cfq713frirfjcn7dfc90","event":{"message_event":{"message":"failed to send batch to InfluxDB; attempt 2; err: Post \"http://testground-influxdb:8086/write?consistency=&db=testground&precision=ns&rp=\": dial tcp 192.18.0.5:8086: connect: connection refused"}}}
{"ts":1676964114626501635,"msg":"","group_id":"cypress-provider","run_id":"cfq713frirfjcn7dfc90","event":{"message_event":{"message":"bootstrap: everyone table ready"}}}
{"ts":1676964115158309802,"msg":"","group_id":"cypress-provider","run_id":"cfq713frirfjcn7dfc90","event":{"message_event":{"message":"2 is done - waiting for 39"}}}
{"ts":1676964115462472844,"msg":"","group_id":"cypress-provider","run_id":"cfq713frirfjcn7dfc90","event":{"message_event":{"message":"2 passed the barrier"}}}
{"ts":1676964117479366804,"msg":"","group_id":"cypress-provider","run_id":"cfq713frirfjcn7dfc90","event":{"message_event":{"message":"bootstrap: begin trim"}}}
{"ts":1676964118064965429,"msg":"","group_id":"cypress-provider","run_id":"cfq713frirfjcn7dfc90","event":{"message_event":{"message":"name: signal bootstrapping0; uint: ns; time: %!d(float64=1.7275e+06)"}}}
{"ts":1676964118086882054,"msg":"","group_id":"cypress-provider","run_id":"cfq713frirfjcn7dfc90","event":{"message_event":{"message":"signal bootstrapping0%!(EXTRA float64=2.3643083e+07)"}}}
{"ts":1676964118098783429,"msg":"","group_id":"cypress-provider","run_id":"cfq713frirfjcn7dfc90","event":{"message_event":{"message":"name: barrier bootstrapping0; uint: ns; time: %!d(float64=417)"}}}
{"ts":1676964118199589887,"msg":"","group_id":"cypress-provider","run_id":"cfq713frirfjcn7dfc90","event":{"message_event":{"message":"barrierbootstrapping0%!(EXTRA float64=1.00812292e+08)"}}}
{"ts":1676964118239346679,"msg":"","group_id":"cypress-provider","run_id":"cfq713frirfjcn7dfc90","event":{"message_event":{"message":"name: full bootstrapping0; uint: ns; time: %!d(float64=1.40567459e+08)"}}}
{"ts":1676964118244415096,"msg":"","group_id":"cypress-provider","run_id":"cfq713frirfjcn7dfc90","event":{"message_event":{"message":"full bootstrapping0%!(EXTRA float64=3.5057765891e+10)"}}}
{"ts":1676964118659571971,"msg":"","group_id":"cypress-provider","run_id":"cfq713frirfjcn7dfc90","event":{"message_event":{"message":"bootstrap: finished with 33 connections, 35 in the routing table"}}}
{"ts":1676964118668923221,"msg":"","group_id":"cypress-provider","run_id":"cfq713frirfjcn7dfc90","event":{"message_event":{"message":"table health: {\"IdealDepth\":6,\"ActualDepth\":7,\"Bucket\":[{\"Depth\":1,\"MaxKnownContacts\":24,\"ActualKnownContacts\":20,\"ActualUnknownContacts\":0},{\"Depth\":2,\"MaxKnownContacts\":8,\"ActualKnownContacts\":8,\"ActualUnknownContacts\":0},{\"Depth\":3,\"MaxKnownContacts\":3,\"ActualKnownContacts\":3,\"ActualUnknownContacts\":0},{\"Depth\":4,\"MaxKnownContacts\":1,\"ActualKnownContacts\":1,\"ActualUnknownContacts\":0},{\"Depth\":5,\"MaxKnownContacts\":1,\"ActualKnownContacts\":1,\"ActualUnknownContacts\":0},{\"Depth\":6,\"MaxKnownContacts\":1,\"ActualKnownContacts\":1,\"ActualUnknownContacts\":0},{\"Depth\":7,\"MaxKnownContacts\":1,\"ActualKnownContacts\":1,\"ActualUnknownContacts\":0}]}"}}}
{"ts":1676964118681866929,"msg":"","group_id":"cypress-provider","run_id":"cfq713frirfjcn7dfc90","event":{"message_event":{"message":"bootstrap: done"}}}
{"ts":1676964118693351471,"msg":"","group_id":"cypress-provider","run_id":"cfq713frirfjcn7dfc90","event":{"message_event":{"message":"Bootstrap phase ended"}}}
{"ts":1676964118712438929,"msg":"","group_id":"cypress-provider","run_id":"cfq713frirfjcn7dfc90","event":{"message_event":{"message":"SetupNetwork, network setup completed"}}}
{"ts":1676964118722784346,"msg":"","group_id":"cypress-provider","run_id":"cfq713frirfjcn7dfc90","event":{"message_event":{"message":"getRecords, record count > 0"}}}
{"ts":1676964118737328387,"msg":"","group_id":"cypress-provider","run_id":"cfq713frirfjcn7dfc90","event":{"message_event":{"message":"getRecords, searchRecords: %!(EXTRA []*test.ProviderRecordSubmission=[0x4002f2ccc0])"}}}
{"ts":1676964118749500554,"msg":"","group_id":"cypress-provider","run_id":"cfq713frirfjcn7dfc90","event":{"message_event":{"message":"start provide loop"}}}
{"ts":1676964135828289923,"msg":"","group_id":"cypress-provider","run_id":"cfq713frirfjcn7dfc90","event":{"message_event":{"message":"Provided CID: QmdKMXX7ZqzwxriTXcLtqQJQXThZrgCaiSUERdDZ9Ne95f"}}}
{"ts":1676964135866581465,"msg":"","group_id":"cypress-provider","run_id":"cfq713frirfjcn7dfc90","event":{"message_event":{"message":"Provided CID: QmQNSGk6KsGpAPPAL4PweycsHN5Te4YBvwQY8G9bYWRKpe"}}}
{"ts":1676964135941616340,"msg":"","group_id":"cypress-provider","run_id":"cfq713frirfjcn7dfc90","event":{"message_event":{"message":"Provided CID: QmY1eF8EB1WVFdF6xzh1C1YkadMojpT4FoEZkqzyprqDoV"}}}
{"ts":1676964135962999381,"msg":"","group_id":"cypress-provider","run_id":"cfq713frirfjcn7dfc90","event":{"message_event":{"message":"Provided CID: QmTeC6qvToLwytK5uruQq4npHWezRWnRXjHm6Gn9h2tsFr"}}}
{"ts":1676964135983323756,"msg":"","group_id":"cypress-provider","run_id":"cfq713frirfjcn7dfc90","event":{"message_event":{"message":"Provided CID: QmeSZuScRfVhZy4U2CzqmAd5P8uxzgeW2nfbk2k4UyutkT"}}}
{"ts":1676964136034476590,"msg":"","group_id":"cypress-provider","run_id":"cfq713frirfjcn7dfc90","event":{"message_event":{"message":"Provided CID: QmQZkMNdV3rH6umvxCwWEdoj4TjWyAxNuLxbXEigd8iKqU"}}}
{"ts":1676964136112485631,"msg":"","group_id":"cypress-provider","run_id":"cfq713frirfjcn7dfc90","event":{"message_event":{"message":"Provided CID: QmS1rxhfhq3FsUuG2TLNSYW6gxrtR4hmfoiajCdWCo7hq5"}}}
{"ts":1676964136198928340,"msg":"","group_id":"cypress-provider","run_id":"cfq713frirfjcn7dfc90","event":{"message_event":{"message":"Provided CID: QmSpZzCdhhyWM7eTNe29nDrPR9xdZR8R4VpGSoTdFq5usz"}}}
{"ts":1676964136268239882,"msg":"","group_id":"cypress-provider","run_id":"cfq713frirfjcn7dfc90","event":{"message_event":{"message":"Provided CID: QmTzXCJwzJbtQxtpimCKwbyty4yPphQgGZQM2YRN45kMv2"}}}
{"ts":1676964136491098173,"msg":"","group_id":"cypress-provider","run_id":"cfq713frirfjcn7dfc90","event":{"message_event":{"message":"Provided CID: QmYigrr9erPWMnVKfw74wV1KvjZ18mtzEzv7iFbWDh5VdP"}}}
{"ts":1676964136640506923,"msg":"","group_id":"cypress-provider","run_id":"cfq713frirfjcn7dfc90","event":{"message_event":{"message":"Provided CID: QmSSrDtDK5LvFTnBAgNmjb5tRWcYuExu1qYLrXNv2UdzXE"}}}
{"ts":1676964136789639673,"msg":"","group_id":"cypress-provider","run_id":"cfq713frirfjcn7dfc90","event":{"message_event":{"message":"Provided CID: QmNnfyApQUXaqj2dsRTthNUBBktYf6seo7BJk7W9Ym56ZH"}}}
{"ts":1676964136892009590,"msg":"","group_id":"cypress-provider","run_id":"cfq713frirfjcn7dfc90","event":{"message_event":{"message":"Provided CID: QmeT46kQsiffrH7MdGfNpkgaKGfKUnZw6bEw5APTU27WPz"}}}
{"ts":1676964136959168840,"msg":"","group_id":"cypress-provider","run_id":"cfq713frirfjcn7dfc90","event":{"message_event":{"message":"Provided CID: QmQHFH1e6p6NGjLiA3rVJHRYzS7qBhfbKGGajQZ26u1PuE"}}}
{"ts":1676964136972488840,"msg":"","group_id":"cypress-provider","run_id":"cfq713frirfjcn7dfc90","event":{"message_event":{"message":"Provided CID: QmYFqavMPJvzLNnh6wYdHLAR7iiix7mPrpbJaXRGMVBxzb"}}}
{"ts":1676964137222329924,"msg":"","group_id":"cypress-provider","run_id":"cfq713frirfjcn7dfc90","event":{"message_event":{"message":"Provided CID: QmQw6U12opixMzbVDc384vgh7sia5gUKajDD24oRLaLEqQ"}}}
{"ts":1676964137346118674,"msg":"","group_id":"cypress-provider","run_id":"cfq713frirfjcn7dfc90","event":{"message_event":{"message":"Provided CID: QmNj8PTJnf4fUCBd6EEAXcvMgfVMnt4CXFkPu968Fwg6YT"}}}
{"ts":1676964137504251090,"msg":"","group_id":"cypress-provider","run_id":"cfq713frirfjcn7dfc90","event":{"message_event":{"message":"Provided CID: QmXyoMntxMK4Z9uuruxACuyTV7kwdSEyjtxNhWbznehRUr"}}}
{"ts":1676964137616605965,"msg":"","group_id":"cypress-provider","run_id":"cfq713frirfjcn7dfc90","event":{"message_event":{"message":"Provided CID: Qmbwx2wndEZeCm1257gtYyAeXrGNDStgm7YsufAHbyUkDc"}}}
{"ts":1676964137729088382,"msg":"","group_id":"cypress-provider","run_id":"cfq713frirfjcn7dfc90","event":{"message_event":{"message":"Provided CID: Qmbtbn2iDC1YBbrN2WYgyscVXM5vws3ZoA4gT8YKzKMXgX"}}}
{"ts":1676964137796388966,"msg":"","group_id":"cypress-provider","run_id":"cfq713frirfjcn7dfc90","event":{"message_event":{"message":"name: signal provider-records1; uint: ns; time: %!d(float64=2.585375e+07)"}}}
{"ts":1676964137814438341,"msg":"","group_id":"cypress-provider","run_id":"cfq713frirfjcn7dfc90","event":{"message_event":{"message":"signal provider-records1%!(EXTRA float64=4.3900375e+07)"}}}
{"ts":1676964137862559799,"msg":"","group_id":"cypress-provider","run_id":"cfq713frirfjcn7dfc90","event":{"message_event":{"message":"name: barrier provider-records1; uint: ns; time: %!d(float64=417)"}}}
{"ts":1676964140004241050,"msg":"","group_id":"cypress-provider","run_id":"cfq713frirfjcn7dfc90","event":{"message_event":{"message":"barrierprovider-records1%!(EXTRA float64=2.141680793e+09)"}}}
{"ts":1676964140040151883,"msg":"","group_id":"cypress-provider","run_id":"cfq713frirfjcn7dfc90","event":{"message_event":{"message":"name: full provider-records1; uint: ns; time: %!d(float64=2.177596418e+09)"}}}
{"ts":1676964140064976842,"msg":"","group_id":"cypress-provider","run_id":"cfq713frirfjcn7dfc90","event":{"message_event":{"message":"full provider-records1%!(EXTRA float64=2.1370775801e+10)"}}}
{"ts":1676964167919491549,"msg":"","group_id":"cypress-provider","run_id":"cfq713frirfjcn7dfc90","event":{"message_event":{"message":"name: signal provider-records2; uint: ns; time: %!d(float64=8.392625e+06)"}}}
{"ts":1676964167927867091,"msg":"","group_id":"cypress-provider","run_id":"cfq713frirfjcn7dfc90","event":{"message_event":{"message":"signal provider-records2%!(EXTRA float64=1.6766208e+07)"}}}
{"ts":1676964167970248007,"msg":"","group_id":"cypress-provider","run_id":"cfq713frirfjcn7dfc90","event":{"message_event":{"message":"name: barrier provider-records2; uint: ns; time: %!d(float64=375)"}}}
{"ts":1676964171032824550,"msg":"","group_id":"cypress-provider","run_id":"cfq713frirfjcn7dfc90","event":{"message_event":{"message":"barrierprovider-records2%!(EXTRA float64=3.062584543e+09)"}}}
{"ts":1676964171085130884,"msg":"","group_id":"cypress-provider","run_id":"cfq713frirfjcn7dfc90","event":{"message_event":{"message":"name: full provider-records2; uint: ns; time: %!d(float64=3.114884834e+09)"}}}
{"ts":1676964171106976425,"msg":"","group_id":"cypress-provider","run_id":"cfq713frirfjcn7dfc90","event":{"message_event":{"message":"full provider-records2%!(EXTRA float64=3.0102003555e+10)"}}}
{"ts":1676964171202170384,"msg":"","group_id":"cypress-provider","run_id":"cfq713frirfjcn7dfc90","event":{"success_event":{"group":"cypress-provider"}}}
