{"ts":1676406572335976712,"type":"gauge","name":"runtime.MemStats.Alloc","measures":{"value":27022976}}
{"ts":1676406572348223046,"type":"gauge","name":"runtime.MemStats.Frees","measures":{"value":228311}}
{"ts":1676406572354452254,"type":"gauge","name":"runtime.MemStats.MCacheInuse","measures":{"value":9600}}
{"ts":1676406572362451254,"type":"gauge","name":"runtime.MemStats.StackInuse","measures":{"value":3440640}}
{"ts":1676406572373388587,"type":"gauge","name":"runtime.NumGoroutine","measures":{"value":22}}
{"ts":1676406572379290379,"type":"gauge","name":"runtime.MemStats.Lookups","measures":{"value":0}}
{"ts":1676406572383455129,"type":"gauge","name":"runtime.MemStats.NextGC","measures":{"value":35346848}}
{"ts":1676406572389910212,"type":"gauge","name":"runtime.MemStats.EnableGC","measures":{"value":1}}
{"ts":1676406572408346379,"type":"gauge","name":"runtime.MemStats.HeapSys","measures":{"value":34308096}}
{"ts":1676406572434203962,"type":"gauge","name":"runtime.MemStats.HeapInuse","measures":{"value":28639232}}
{"ts":1676406572443560046,"type":"gauge","name":"runtime.MemStats.StackSys","measures":{"value":3440640}}
{"ts":1676406572457270129,"type":"gauge","name":"runtime.NumThread","measures":{"value":12}}
{"ts":1676406572466599754,"type":"gauge","name":"runtime.MemStats.MSpanSys","measures":{"value":522240}}
{"ts":1676406572471290587,"type":"gauge","name":"runtime.MemStats.Sys","measures":{"value":46429448}}
{"ts":1676406572478661962,"type":"timer","name":"runtime.ReadMemStats","measures":{"count":1,"m1":0,"m15":0,"m5":0,"max":534250,"mean":534250,"meanrate":0.19933792889014554,"min":534250,"p50":534250,"p75":534250,"p95":534250,"p99":534250,"p999":534250,"p9999":534250,"stddev":0,"variance":0}}
{"ts":1676406572491914421,"type":"gauge","name":"runtime.MemStats.BuckHashSys","measures":{"value":1497453}}
{"ts":1676406572499516504,"type":"gauge","name":"runtime.MemStats.HeapAlloc","measures":{"value":27022976}}
{"ts":1676406572539597296,"type":"gauge","name":"runtime.MemStats.HeapReleased","measures":{"value":3497984}}
{"ts":1676406572544134546,"type":"gauge","name":"runtime.MemStats.LastGC","measures":{"value":1676406568409147000}}
{"ts":1676406572567343171,"type":"gauge","name":"runtime.MemStats.PauseTotalNs","measures":{"value":8436666}}
{"ts":1676406572577538296,"type":"gauge","name":"runtime.MemStats.HeapIdle","measures":{"value":5668864}}
{"ts":1676406572592193171,"type":"gauge","name":"runtime.MemStats.NumGC","measures":{"value":3}}
{"ts":1676406572600216337,"type":"histogram","name":"runtime.MemStats.PauseNs","measures":{"count":3,"max":8320333,"mean":2812222,"min":36000,"p50":80333,"p75":8320333,"p95":8320333,"p99":8320333,"p999":8320333,"p9999":8320333,"stddev":3894864.6912708874,"variance":15169970963308.666}}
{"ts":1676406572607718796,"type":"gauge","name":"runtime.NumCgoCall","measures":{"value":1}}
{"ts":1676406572631771629,"type":"gauge","name":"runtime.MemStats.TotalAlloc","measures":{"value":33089824}}
{"ts":1676406572651248754,"type":"gauge","name":"runtime.MemStats.DebugGC","measures":{"value":0}}
{"ts":1676406572668476629,"type":"gauge","name":"runtime.MemStats.HeapObjects","measures":{"value":656646}}
{"ts":1676406572675503379,"type":"gauge","name":"runtime.MemStats.Mallocs","measures":{"value":884957}}
{"ts":1676406572686042254,"type":"gauge","name":"runtime.MemStats.MCacheSys","measures":{"value":15600}}
{"ts":1676406572698352629,"type":"gauge","name":"runtime.MemStats.MSpanInuse","measures":{"value":520336}}
{"ts":1676406572710397504,"type":"gauge","name":"runtime.MemStats.GCCPUFraction","measures":{"value":0.031576873934680304}}
{"ts":1676406577366357048,"type":"gauge","name":"runtime.MemStats.EnableGC","measures":{"value":1}}
{"ts":1676406577462379173,"type":"gauge","name":"runtime.MemStats.HeapSys","measures":{"value":61014016}}
{"ts":1676406577468667423,"type":"gauge","name":"runtime.NumThread","measures":{"value":16}}
{"ts":1676406577473596756,"type":"gauge","name":"runtime.MemStats.HeapInuse","measures":{"value":34676736}}
{"ts":1676406577522689548,"type":"gauge","name":"runtime.MemStats.StackSys","measures":{"value":18612224}}
{"ts":1676406577613016090,"type":"timer","name":"runtime.ReadMemStats","measures":{"count":2,"m1":0.015991117074135343,"m15":0.0011080303990206543,"m5":0.0033057092356765017,"max":32006000,"mean":16270125,"meanrate":0.19906100261629678,"min":534250,"p50":16270125,"p75":32006000,"p95":32006000,"p99":32006000,"p999":32006000,"p9999":32006000,"stddev":15735875,"variance":247617762015625}}
{"ts":1676406577651466756,"type":"gauge","name":"runtime.MemStats.MSpanSys","measures":{"value":669120}}
{"ts":1676406577665686923,"type":"gauge","name":"runtime.MemStats.Sys","measures":{"value":91062552}}
{"ts":1676406577670875923,"type":"gauge","name":"runtime.MemStats.HeapReleased","measures":{"value":5390336}}
{"ts":1676406577675334881,"type":"gauge","name":"runtime.MemStats.LastGC","measures":{"value":1676406577327563000}}
{"ts":1676406577680671256,"type":"gauge","name":"runtime.MemStats.PauseTotalNs","measures":{"value":104091416}}
{"ts":1676406577683749465,"type":"gauge","name":"runtime.MemStats.BuckHashSys","measures":{"value":1500181}}
{"ts":1676406577688520006,"type":"gauge","name":"runtime.MemStats.HeapAlloc","measures":{"value":31848256}}
{"ts":1676406577695085965,"type":"histogram","name":"runtime.MemStats.PauseNs","measures":{"count":4,"max":95654750,"mean":26022854,"min":36000,"p50":4200333,"p75":73821145.75,"p95":95654750,"p99":95654750,"p999":95654750,"p9999":95654750,"stddev":40343249.64279345,"variance":1627577791740753.5}}
{"ts":1676406577706518548,"type":"gauge","name":"runtime.NumCgoCall","measures":{"value":0}}
{"ts":1676406577714608215,"type":"gauge","name":"runtime.MemStats.HeapIdle","measures":{"value":26337280}}
{"ts":1676406577716526923,"type":"gauge","name":"runtime.MemStats.NumGC","measures":{"value":1}}
{"ts":1676406577722588632,"type":"gauge","name":"runtime.MemStats.Mallocs","measures":{"value":67178}}
{"ts":1676406577727664382,"type":"gauge","name":"runtime.MemStats.MCacheSys","measures":{"value":15600}}
{"ts":1676406577731322548,"type":"gauge","name":"runtime.MemStats.MSpanInuse","measures":{"value":645184}}
{"ts":1676406577736340007,"type":"gauge","name":"runtime.MemStats.GCCPUFraction","measures":{"value":0.07865316634105031}}
{"ts":1676406577740508798,"type":"gauge","name":"runtime.MemStats.TotalAlloc","measures":{"value":38713552}}
{"ts":1676406577745024965,"type":"gauge","name":"runtime.MemStats.DebugGC","measures":{"value":0}}
{"ts":1676406577749504840,"type":"gauge","name":"runtime.MemStats.HeapObjects","measures":{"value":710388}}
{"ts":1676406577754068673,"type":"gauge","name":"runtime.MemStats.MCacheInuse","measures":{"value":9600}}
{"ts":1676406577758385090,"type":"gauge","name":"runtime.MemStats.StackInuse","measures":{"value":18612224}}
{"ts":1676406577764410215,"type":"gauge","name":"runtime.NumGoroutine","measures":{"value":304}}
{"ts":1676406577799216882,"type":"gauge","name":"runtime.MemStats.Alloc","measures":{"value":31848256}}
{"ts":1676406577806678882,"type":"gauge","name":"runtime.MemStats.Frees","measures":{"value":13436}}
{"ts":1676406577812704257,"type":"gauge","name":"runtime.MemStats.Lookups","measures":{"value":0}}
{"ts":1676406577819016548,"type":"gauge","name":"runtime.MemStats.NextGC","measures":{"value":55131648}}
{"ts":1676406582335519800,"type":"gauge","name":"runtime.MemStats.EnableGC","measures":{"value":1}}
{"ts":1676406582338582467,"type":"gauge","name":"runtime.MemStats.HeapSys","measures":{"value":62357504}}
{"ts":1676406582341354842,"type":"gauge","name":"runtime.MemStats.HeapInuse","measures":{"value":34537472}}
{"ts":1676406582345206800,"type":"gauge","name":"runtime.MemStats.StackSys","measures":{"value":17334272}}
{"ts":1676406582348273759,"type":"gauge","name":"runtime.NumThread","measures":{"value":16}}
{"ts":1676406582351756092,"type":"gauge","name":"runtime.MemStats.MSpanSys","measures":{"value":669120}}
{"ts":1676406582354322967,"type":"gauge","name":"runtime.MemStats.Sys","measures":{"value":91128088}}
{"ts":1676406582357651550,"type":"timer","name":"runtime.ReadMemStats","measures":{"count":3,"m1":0.030703655021877167,"m15":0.002209922141215539,"m5":0.0065567799035988195,"max":32006000,"mean":11263333.333333334,"meanrate":0.19978268795280316,"min":534250,"p50":1249750,"p75":32006000,"p95":32006000,"p99":32006000,"p999":32006000,"p9999":32006000,"stddev":14670188.601283291,"variance":215214433597222.22}}
{"ts":1676406582368690425,"type":"gauge","name":"runtime.MemStats.BuckHashSys","measures":{"value":1502069}}
{"ts":1676406582371464384,"type":"gauge","name":"runtime.MemStats.HeapAlloc","measures":{"value":29673712}}
{"ts":1676406582375755884,"type":"gauge","name":"runtime.MemStats.HeapReleased","measures":{"value":4030464}}
{"ts":1676406582379059342,"type":"gauge","name":"runtime.MemStats.LastGC","measures":{"value":1676406577327563000}}
{"ts":1676406582382660467,"type":"gauge","name":"runtime.MemStats.PauseTotalNs","measures":{"value":104091416}}
{"ts":1676406582385739050,"type":"gauge","name":"runtime.MemStats.HeapIdle","measures":{"value":27820032}}
{"ts":1676406582390440842,"type":"gauge","name":"runtime.MemStats.NumGC","measures":{"value":0}}
{"ts":1676406582392532467,"type":"histogram","name":"runtime.MemStats.PauseNs","measures":{"count":4,"max":95654750,"mean":26022854,"min":36000,"p50":4200333,"p75":73821145.75,"p95":95654750,"p99":95654750,"p999":95654750,"p9999":95654750,"stddev":40343249.64279345,"variance":1627577791740753.5}}
{"ts":1676406582396515175,"type":"gauge","name":"runtime.NumCgoCall","measures":{"value":0}}
{"ts":1676406582399157884,"type":"gauge","name":"runtime.MemStats.DebugGC","measures":{"value":0}}
{"ts":1676406582403733217,"type":"gauge","name":"runtime.MemStats.HeapObjects","measures":{"value":577875}}
{"ts":1676406582406240925,"type":"gauge","name":"runtime.MemStats.Mallocs","measures":{"value":50723}}
{"ts":1676406582411163925,"type":"gauge","name":"runtime.MemStats.MCacheSys","measures":{"value":15600}}
{"ts":1676406582415370092,"type":"gauge","name":"runtime.MemStats.MSpanInuse","measures":{"value":642056}}
{"ts":1676406582418535800,"type":"gauge","name":"runtime.MemStats.GCCPUFraction","measures":{"value":0.07865316634105031}}
{"ts":1676406582423533050,"type":"gauge","name":"runtime.MemStats.TotalAlloc","measures":{"value":42423600}}
{"ts":1676406582430494884,"type":"gauge","name":"runtime.MemStats.Alloc","measures":{"value":29673712}}
{"ts":1676406582441155884,"type":"gauge","name":"runtime.MemStats.Frees","measures":{"value":183236}}
{"ts":1676406582446176884,"type":"gauge","name":"runtime.MemStats.MCacheInuse","measures":{"value":9600}}
{"ts":1676406582450664092,"type":"gauge","name":"runtime.MemStats.StackInuse","measures":{"value":17334272}}
{"ts":1676406582453055425,"type":"gauge","name":"runtime.NumGoroutine","measures":{"value":306}}
{"ts":1676406582469440050,"type":"gauge","name":"runtime.MemStats.Lookups","measures":{"value":0}}
{"ts":1676406582477274425,"type":"gauge","name":"runtime.MemStats.NextGC","measures":{"value":55131648}}
{"ts":1676406587334579511,"type":"gauge","name":"runtime.MemStats.MSpanSys","measures":{"value":669120}}
{"ts":1676406587338487344,"type":"gauge","name":"runtime.MemStats.Sys","measures":{"value":91128088}}
{"ts":1676406587343319303,"type":"timer","name":"runtime.ReadMemStats","measures":{"count":4,"m1":0.044239843385719006,"m15":0.003305709235676515,"m5":0.009754115099857198,"max":32006000,"mean":8506823,"meanrate":0.19984628147779704,"min":237292,"p50":892000,"p75":24316937.5,"p95":32006000,"p99":32006000,"p999":32006000,"p9999":32006000,"stddev":13572246.418748703,"variance":184205872851237}}
{"ts":1676406587346653761,"type":"gauge","name":"runtime.MemStats.BuckHashSys","measures":{"value":1502781}}
{"ts":1676406587348457761,"type":"gauge","name":"runtime.MemStats.HeapAlloc","measures":{"value":30391424}}
{"ts":1676406587352655261,"type":"gauge","name":"runtime.MemStats.HeapReleased","measures":{"value":4030464}}
{"ts":1676406587356070469,"type":"gauge","name":"runtime.MemStats.LastGC","measures":{"value":1676406577327563000}}
{"ts":1676406587361265469,"type":"gauge","name":"runtime.MemStats.PauseTotalNs","measures":{"value":104091416}}
{"ts":1676406587363630803,"type":"gauge","name":"runtime.MemStats.HeapIdle","measures":{"value":29851648}}
{"ts":1676406587375074053,"type":"gauge","name":"runtime.MemStats.NumGC","measures":{"value":0}}
{"ts":1676406587378064386,"type":"histogram","name":"runtime.MemStats.PauseNs","measures":{"count":4,"max":95654750,"mean":26022854,"min":36000,"p50":4200333,"p75":73821145.75,"p95":95654750,"p99":95654750,"p999":95654750,"p9999":95654750,"stddev":40343249.64279345,"variance":1627577791740753.5}}
{"ts":1676406587382396178,"type":"gauge","name":"runtime.NumCgoCall","measures":{"value":0}}
{"ts":1676406587386694011,"type":"gauge","name":"runtime.MemStats.DebugGC","measures":{"value":0}}
{"ts":1676406587392102386,"type":"gauge","name":"runtime.MemStats.HeapObjects","measures":{"value":583289}}
{"ts":1676406587396089636,"type":"gauge","name":"runtime.MemStats.Mallocs","measures":{"value":6173}}
{"ts":1676406587401122136,"type":"gauge","name":"runtime.MemStats.MCacheSys","measures":{"value":15600}}
{"ts":1676406587403552219,"type":"gauge","name":"runtime.MemStats.MSpanInuse","measures":{"value":642056}}
{"ts":1676406587408308636,"type":"gauge","name":"runtime.MemStats.GCCPUFraction","measures":{"value":0.07865316634105031}}
{"ts":1676406587411334303,"type":"gauge","name":"runtime.MemStats.TotalAlloc","measures":{"value":43141312}}
{"ts":1676406587413560844,"type":"gauge","name":"runtime.MemStats.Alloc","measures":{"value":30391424}}
{"ts":1676406587417554219,"type":"gauge","name":"runtime.MemStats.Frees","measures":{"value":759}}
{"ts":1676406587423212178,"type":"gauge","name":"runtime.MemStats.MCacheInuse","measures":{"value":9600}}
{"ts":1676406587426649928,"type":"gauge","name":"runtime.MemStats.StackInuse","measures":{"value":14843904}}
{"ts":1676406587431257678,"type":"gauge","name":"runtime.NumGoroutine","measures":{"value":270}}
{"ts":1676406587435175511,"type":"gauge","name":"runtime.MemStats.Lookups","measures":{"value":0}}
{"ts":1676406587437439094,"type":"gauge","name":"runtime.MemStats.NextGC","measures":{"value":55131648}}
{"ts":1676406587442407719,"type":"gauge","name":"runtime.MemStats.EnableGC","measures":{"value":1}}
{"ts":1676406587444915344,"type":"gauge","name":"runtime.MemStats.HeapSys","measures":{"value":64847872}}
{"ts":1676406587451527178,"type":"gauge","name":"runtime.MemStats.HeapInuse","measures":{"value":34996224}}
{"ts":1676406587456167219,"type":"gauge","name":"runtime.MemStats.StackSys","measures":{"value":14843904}}
{"ts":1676406587459859636,"type":"gauge","name":"runtime.NumThread","measures":{"value":16}}
{"ts":1676406592335360055,"type":"gauge","name":"runtime.MemStats.LastGC","measures":{"value":1676406577327563000}}
{"ts":1676406592337543472,"type":"gauge","name":"runtime.MemStats.PauseTotalNs","measures":{"value":104091416}}
{"ts":1676406592339114972,"type":"gauge","name":"runtime.MemStats.BuckHashSys","measures":{"value":1503029}}
{"ts":1676406592340709930,"type":"gauge","name":"runtime.MemStats.HeapAlloc","measures":{"value":30662128}}
{"ts":1676406592342320722,"type":"gauge","name":"runtime.MemStats.HeapReleased","measures":{"value":4030464}}
{"ts":1676406592343552972,"type":"gauge","name":"runtime.NumCgoCall","measures":{"value":0}}
{"ts":1676406592344472347,"type":"gauge","name":"runtime.MemStats.HeapIdle","measures":{"value":29671424}}
{"ts":1676406592345355513,"type":"gauge","name":"runtime.MemStats.NumGC","measures":{"value":0}}
{"ts":1676406592346914638,"type":"histogram","name":"runtime.MemStats.PauseNs","measures":{"count":4,"max":95654750,"mean":26022854,"min":36000,"p50":4200333,"p75":73821145.75,"p95":95654750,"p99":95654750,"p999":95654750,"p9999":95654750,"stddev":40343249.64279345,"variance":1627577791740753.5}}
{"ts":1676406592347964680,"type":"gauge","name":"runtime.MemStats.MCacheSys","measures":{"value":15600}}
{"ts":1676406592350229097,"type":"gauge","name":"runtime.MemStats.MSpanInuse","measures":{"value":642056}}
{"ts":1676406592351655180,"type":"gauge","name":"runtime.MemStats.GCCPUFraction","measures":{"value":0.07865316634105031}}
{"ts":1676406592352965930,"type":"gauge","name":"runtime.MemStats.TotalAlloc","measures":{"value":43412016}}
{"ts":1676406592355536430,"type":"gauge","name":"runtime.MemStats.DebugGC","measures":{"value":0}}
{"ts":1676406592356541513,"type":"gauge","name":"runtime.MemStats.HeapObjects","measures":{"value":585749}}
{"ts":1676406592357375805,"type":"gauge","name":"runtime.MemStats.Mallocs","measures":{"value":2696}}
{"ts":1676406592358142180,"type":"gauge","name":"runtime.MemStats.StackInuse","measures":{"value":14843904}}
{"ts":1676406592359111263,"type":"gauge","name":"runtime.NumGoroutine","measures":{"value":269}}
{"ts":1676406592360018722,"type":"gauge","name":"runtime.MemStats.Alloc","measures":{"value":30662128}}
{"ts":1676406592360610055,"type":"gauge","name":"runtime.MemStats.Frees","measures":{"value":236}}
{"ts":1676406592361423138,"type":"gauge","name":"runtime.MemStats.MCacheInuse","measures":{"value":9600}}
{"ts":1676406592362156597,"type":"gauge","name":"runtime.MemStats.Lookups","measures":{"value":0}}
{"ts":1676406592363066055,"type":"gauge","name":"runtime.MemStats.NextGC","measures":{"value":55131648}}
{"ts":1676406592364178180,"type":"gauge","name":"runtime.MemStats.EnableGC","measures":{"value":1}}
{"ts":1676406592365056680,"type":"gauge","name":"runtime.MemStats.HeapSys","measures":{"value":64847872}}
{"ts":1676406592365779555,"type":"gauge","name":"runtime.MemStats.HeapInuse","measures":{"value":35176448}}
{"ts":1676406592366928305,"type":"gauge","name":"runtime.MemStats.StackSys","measures":{"value":14843904}}
{"ts":1676406592368064222,"type":"gauge","name":"runtime.NumThread","measures":{"value":16}}
{"ts":1676406592368701763,"type":"gauge","name":"runtime.MemStats.MSpanSys","measures":{"value":669120}}
{"ts":1676406592369740013,"type":"gauge","name":"runtime.MemStats.Sys","measures":{"value":91128088}}
{"ts":1676406592370522930,"type":"timer","name":"runtime.ReadMemStats","measures":{"count":5,"m1":0.056693737885242124,"m15":0.004395425503079905,"m5":0.012898602993676452,"max":32006000,"mean":6891050,"meanrate":0.19987067858624463,"min":237292,"p50":534250,"p75":16627875,"p95":32006000,"p99":32006000,"p999":32006000,"p9999":32006000,"stddev":12562149.013250304,"variance":157807587831105.6}}
{"ts":1676406597333391002,"type":"gauge","name":"runtime.MemStats.Alloc","measures":{"value":30933976}}
{"ts":1676406597335726960,"type":"gauge","name":"runtime.MemStats.Frees","measures":{"value":241}}
{"ts":1676406597336700127,"type":"gauge","name":"runtime.MemStats.MCacheInuse","measures":{"value":9600}}
{"ts":1676406597337520502,"type":"gauge","name":"runtime.MemStats.StackInuse","measures":{"value":14843904}}
{"ts":1676406597338546335,"type":"gauge","name":"runtime.NumGoroutine","measures":{"value":269}}
{"ts":1676406597339707710,"type":"gauge","name":"runtime.MemStats.Lookups","measures":{"value":0}}
{"ts":1676406597340509168,"type":"gauge","name":"runtime.MemStats.NextGC","measures":{"value":55131648}}
{"ts":1676406597341586460,"type":"gauge","name":"runtime.MemStats.EnableGC","measures":{"value":1}}
{"ts":1676406597342644543,"type":"gauge","name":"runtime.MemStats.HeapSys","measures":{"value":64847872}}
{"ts":1676406597344027127,"type":"gauge","name":"runtime.MemStats.HeapInuse","measures":{"value":35299328}}
{"ts":1676406597345374960,"type":"gauge","name":"runtime.MemStats.StackSys","measures":{"value":14843904}}
{"ts":1676406597346495543,"type":"gauge","name":"runtime.NumThread","measures":{"value":16}}
{"ts":1676406597347878460,"type":"gauge","name":"runtime.MemStats.MSpanSys","measures":{"value":669120}}
{"ts":1676406597348784835,"type":"gauge","name":"runtime.MemStats.Sys","measures":{"value":91390232}}
{"ts":1676406597349606877,"type":"timer","name":"runtime.ReadMemStats","measures":{"count":6,"m1":0.06815187395991122,"m15":0.0054791045767303434,"m5":0.015991117074135346,"max":32006000,"mean":5763784.666666667,"meanrate":0.1999010555542454,"min":127458,"p50":481104,"p75":8938812.5,"p95":32006000,"p99":32006000,"p999":32006000,"p9999":32006000,"stddev":11741378.064403836,"variance":137859958851263.55}}
{"ts":1676406597350783085,"type":"gauge","name":"runtime.MemStats.BuckHashSys","measures":{"value":1503029}}
{"ts":1676406597353483585,"type":"gauge","name":"runtime.MemStats.HeapAlloc","measures":{"value":30933976}}
{"ts":1676406597354555793,"type":"gauge","name":"runtime.MemStats.HeapReleased","measures":{"value":4030464}}
{"ts":1676406597355509793,"type":"gauge","name":"runtime.MemStats.LastGC","measures":{"value":1676406577327563000}}
{"ts":1676406597356371543,"type":"gauge","name":"runtime.MemStats.PauseTotalNs","measures":{"value":104091416}}
{"ts":1676406597357902085,"type":"gauge","name":"runtime.MemStats.HeapIdle","measures":{"value":29548544}}
{"ts":1676406597358941043,"type":"gauge","name":"runtime.MemStats.NumGC","measures":{"value":0}}
{"ts":1676406597360117377,"type":"histogram","name":"runtime.MemStats.PauseNs","measures":{"count":4,"max":95654750,"mean":26022854,"min":36000,"p50":4200333,"p75":73821145.75,"p95":95654750,"p99":95654750,"p999":95654750,"p9999":95654750,"stddev":40343249.64279345,"variance":1627577791740753.5}}
{"ts":1676406597361339252,"type":"gauge","name":"runtime.NumCgoCall","measures":{"value":0}}
{"ts":1676406597362913168,"type":"gauge","name":"runtime.MemStats.GCCPUFraction","measures":{"value":0.07865316634105031}}
{"ts":1676406597364054210,"type":"gauge","name":"runtime.MemStats.TotalAlloc","measures":{"value":43683864}}
{"ts":1676406597365362085,"type":"gauge","name":"runtime.MemStats.DebugGC","measures":{"value":0}}
{"ts":1676406597367048918,"type":"gauge","name":"runtime.MemStats.HeapObjects","measures":{"value":588227}}
{"ts":1676406597368026002,"type":"gauge","name":"runtime.MemStats.Mallocs","measures":{"value":2719}}
{"ts":1676406597371386085,"type":"gauge","name":"runtime.MemStats.MCacheSys","measures":{"value":15600}}
{"ts":1676406597373858252,"type":"gauge","name":"runtime.MemStats.MSpanInuse","measures":{"value":642056}}
{"ts":1676406602334235504,"type":"gauge","name":"runtime.MemStats.TotalAlloc","measures":{"value":43948976}}
{"ts":1676406602336118004,"type":"gauge","name":"runtime.MemStats.DebugGC","measures":{"value":0}}
{"ts":1676406602337317629,"type":"gauge","name":"runtime.MemStats.HeapObjects","measures":{"value":590655}}
{"ts":1676406602338541587,"type":"gauge","name":"runtime.MemStats.Mallocs","measures":{"value":2662}}
{"ts":1676406602339742837,"type":"gauge","name":"runtime.MemStats.MCacheSys","measures":{"value":15600}}
{"ts":1676406602341377129,"type":"gauge","name":"runtime.MemStats.MSpanInuse","measures":{"value":650760}}
{"ts":1676406602343558712,"type":"gauge","name":"runtime.MemStats.GCCPUFraction","measures":{"value":0.07865316634105031}}
{"ts":1676406602345101129,"type":"gauge","name":"runtime.MemStats.Alloc","measures":{"value":31199088}}
{"ts":1676406602346565587,"type":"gauge","name":"runtime.MemStats.Frees","measures":{"value":234}}
{"ts":1676406602347930587,"type":"gauge","name":"runtime.MemStats.MCacheInuse","measures":{"value":9600}}
{"ts":1676406602349055504,"type":"gauge","name":"runtime.MemStats.StackInuse","measures":{"value":14843904}}
{"ts":1676406602350422462,"type":"gauge","name":"runtime.NumGoroutine","measures":{"value":269}}
{"ts":1676406602351596504,"type":"gauge","name":"runtime.MemStats.Lookups","measures":{"value":0}}
{"ts":1676406602352413337,"type":"gauge","name":"runtime.MemStats.NextGC","measures":{"value":55131648}}
{"ts":1676406602353261337,"type":"gauge","name":"runtime.MemStats.EnableGC","measures":{"value":1}}
{"ts":1676406602354244629,"type":"gauge","name":"runtime.MemStats.HeapSys","measures":{"value":64847872}}
{"ts":1676406602355402837,"type":"gauge","name":"runtime.MemStats.HeapInuse","measures":{"value":35430400}}
{"ts":1676406602356560754,"type":"gauge","name":"runtime.MemStats.StackSys","measures":{"value":14843904}}
{"ts":1676406602358974962,"type":"gauge","name":"runtime.NumThread","measures":{"value":16}}
{"ts":1676406602360412712,"type":"gauge","name":"runtime.MemStats.MSpanSys","measures":{"value":669120}}
{"ts":1676406602361680712,"type":"gauge","name":"runtime.MemStats.Sys","measures":{"value":91390232}}
{"ts":1676406602362948296,"type":"timer","name":"runtime.ReadMemStats","measures":{"count":7,"m1":0.07869386805747328,"m15":0.0065567799035988455,"m5":0.019032516392808084,"max":32006000,"mean":4985220.285714285,"meanrate":0.19991084562309572,"min":127458,"p50":427958,"p75":1249750,"p95":32006000,"p99":32006000,"p999":32006000,"p9999":32006000,"stddev":11036423.967349902,"variance":121802653987095.36}}
{"ts":1676406602366475629,"type":"gauge","name":"runtime.MemStats.BuckHashSys","measures":{"value":1503277}}
{"ts":1676406602367883004,"type":"gauge","name":"runtime.MemStats.HeapAlloc","measures":{"value":31199088}}
{"ts":1676406602368659087,"type":"gauge","name":"runtime.MemStats.HeapReleased","measures":{"value":4022272}}
{"ts":1676406602369649254,"type":"gauge","name":"runtime.MemStats.LastGC","measures":{"value":1676406577327563000}}
{"ts":1676406602370799754,"type":"gauge","name":"runtime.MemStats.PauseTotalNs","measures":{"value":104091416}}
{"ts":1676406602372381004,"type":"gauge","name":"runtime.MemStats.HeapIdle","measures":{"value":29417472}}
{"ts":1676406602373478337,"type":"gauge","name":"runtime.MemStats.NumGC","measures":{"value":0}}
{"ts":1676406602376329254,"type":"histogram","name":"runtime.MemStats.PauseNs","measures":{"count":4,"max":95654750,"mean":26022854,"min":36000,"p50":4200333,"p75":73821145.75,"p95":95654750,"p99":95654750,"p999":95654750,"p9999":95654750,"stddev":40343249.64279345,"variance":1627577791740753.5}}
{"ts":1676406602378307462,"type":"gauge","name":"runtime.NumCgoCall","measures":{"value":0}}
{"ts":1676406607335077131,"type":"gauge","name":"runtime.MemStats.Lookups","measures":{"value":0}}
{"ts":1676406607338941798,"type":"gauge","name":"runtime.MemStats.NextGC","measures":{"value":55131648}}
{"ts":1676406607342602423,"type":"gauge","name":"runtime.MemStats.EnableGC","measures":{"value":1}}
{"ts":1676406607346556256,"type":"gauge","name":"runtime.MemStats.HeapSys","measures":{"value":64913408}}
{"ts":1676406607349804381,"type":"gauge","name":"runtime.NumThread","measures":{"value":16}}
{"ts":1676406607353406215,"type":"gauge","name":"runtime.MemStats.HeapInuse","measures":{"value":36732928}}
{"ts":1676406607357028006,"type":"gauge","name":"runtime.MemStats.StackSys","measures":{"value":14778368}}
{"ts":1676406607360117965,"type":"timer","name":"runtime.ReadMemStats","measures":{"count":8,"m1":0.08839297084599056,"m15":0.007628484745355124,"m5":0.02202364580239524,"max":32006000,"mean":4435937.5,"meanrate":0.19991739696040714,"min":127458,"p50":481104,"p75":1085052,"p95":32006000,"p99":32006000,"p999":32006000,"p9999":32006000,"stddev":10425416.216606546,"variance":108689303289482.75}}
{"ts":1676406607364950256,"type":"gauge","name":"runtime.MemStats.MSpanSys","measures":{"value":669120}}
{"ts":1676406607367739756,"type":"gauge","name":"runtime.MemStats.Sys","measures":{"value":91390232}}
{"ts":1676406607372358131,"type":"gauge","name":"runtime.MemStats.HeapReleased","measures":{"value":3735552}}
{"ts":1676406607376711923,"type":"gauge","name":"runtime.MemStats.LastGC","measures":{"value":1676406577327563000}}
{"ts":1676406607379936090,"type":"gauge","name":"runtime.MemStats.PauseTotalNs","measures":{"value":104091416}}
{"ts":1676406607383651715,"type":"gauge","name":"runtime.MemStats.BuckHashSys","measures":{"value":1503805}}
{"ts":1676406607387038340,"type":"gauge","name":"runtime.MemStats.HeapAlloc","measures":{"value":32390136}}
{"ts":1676406607389826506,"type":"histogram","name":"runtime.MemStats.PauseNs","measures":{"count":4,"max":95654750,"mean":26022854,"min":36000,"p50":4200333,"p75":73821145.75,"p95":95654750,"p99":95654750,"p999":95654750,"p9999":95654750,"stddev":40343249.64279345,"variance":1627577791740753.5}}
{"ts":1676406607392855965,"type":"gauge","name":"runtime.NumCgoCall","measures":{"value":0}}
{"ts":1676406607396201423,"type":"gauge","name":"runtime.MemStats.HeapIdle","measures":{"value":28180480}}
{"ts":1676406607398761590,"type":"gauge","name":"runtime.MemStats.NumGC","measures":{"value":0}}
{"ts":1676406607401035965,"type":"gauge","name":"runtime.MemStats.Mallocs","measures":{"value":15669}}
{"ts":1676406607403370756,"type":"gauge","name":"runtime.MemStats.MCacheSys","measures":{"value":15600}}
{"ts":1676406607412062131,"type":"gauge","name":"runtime.MemStats.MSpanInuse","measures":{"value":650760}}
{"ts":1676406607414488298,"type":"gauge","name":"runtime.MemStats.GCCPUFraction","measures":{"value":0.07865316634105031}}
{"ts":1676406607417269965,"type":"gauge","name":"runtime.MemStats.TotalAlloc","measures":{"value":45140024}}
{"ts":1676406607420386215,"type":"gauge","name":"runtime.MemStats.DebugGC","measures":{"value":0}}
{"ts":1676406607423021465,"type":"gauge","name":"runtime.MemStats.HeapObjects","measures":{"value":605681}}
{"ts":1676406607425426090,"type":"gauge","name":"runtime.MemStats.MCacheInuse","measures":{"value":9600}}
{"ts":1676406607429459548,"type":"gauge","name":"runtime.MemStats.StackInuse","measures":{"value":14778368}}
{"ts":1676406607435075298,"type":"gauge","name":"runtime.NumGoroutine","measures":{"value":286}}
{"ts":1676406607438063006,"type":"gauge","name":"runtime.MemStats.Alloc","measures":{"value":32390136}}
{"ts":1676406607440925048,"type":"gauge","name":"runtime.MemStats.Frees","measures":{"value":643}}
{"ts":1676406612389685592,"type":"gauge","name":"runtime.MemStats.DebugGC","measures":{"value":0}}
{"ts":1676406612458305800,"type":"gauge","name":"runtime.MemStats.HeapObjects","measures":{"value":647544}}
{"ts":1676406612619692176,"type":"gauge","name":"runtime.MemStats.Mallocs","measures":{"value":43151}}
{"ts":1676406612700022092,"type":"gauge","name":"runtime.MemStats.MCacheSys","measures":{"value":15600}}
{"ts":1676406612719659092,"type":"gauge","name":"runtime.MemStats.MSpanInuse","measures":{"value":711688}}
{"ts":1676406612768523884,"type":"gauge","name":"runtime.MemStats.GCCPUFraction","measures":{"value":0.07865316634105031}}
{"ts":1676406612808078551,"type":"gauge","name":"runtime.MemStats.TotalAlloc","measures":{"value":48699896}}
{"ts":1676406612815690592,"type":"gauge","name":"runtime.MemStats.Alloc","measures":{"value":35950008}}
{"ts":1676406612834988759,"type":"gauge","name":"runtime.MemStats.Frees","measures":{"value":1288}}
{"ts":1676406612852963926,"type":"gauge","name":"runtime.MemStats.MCacheInuse","measures":{"value":9600}}
{"ts":1676406612868566384,"type":"gauge","name":"runtime.MemStats.StackInuse","measures":{"value":15106048}}
{"ts":1676406612893324759,"type":"gauge","name":"runtime.NumGoroutine","measures":{"value":526}}
{"ts":1676406612907103342,"type":"gauge","name":"runtime.MemStats.Lookups","measures":{"value":0}}
{"ts":1676406612923890092,"type":"gauge","name":"runtime.MemStats.NextGC","measures":{"value":55131648}}
{"ts":1676406612940075301,"type":"gauge","name":"runtime.MemStats.EnableGC","measures":{"value":1}}
{"ts":1676406612946862301,"type":"gauge","name":"runtime.MemStats.HeapSys","measures":{"value":64585728}}
{"ts":1676406612966386176,"type":"gauge","name":"runtime.MemStats.HeapInuse","measures":{"value":40435712}}
{"ts":1676406612988127467,"type":"gauge","name":"runtime.MemStats.StackSys","measures":{"value":15106048}}
{"ts":1676406613057916467,"type":"gauge","name":"runtime.NumThread","measures":{"value":16}}
{"ts":1676406613103491551,"type":"gauge","name":"runtime.MemStats.MSpanSys","measures":{"value":718080}}
{"ts":1676406613150418009,"type":"gauge","name":"runtime.MemStats.Sys","measures":{"value":91455768}}
{"ts":1676406613169628176,"type":"timer","name":"runtime.ReadMemStats","measures":{"count":9,"m1":0.09731657619348157,"m15":0.008694252179394185,"m5":0.02496533619141051,"max":32671208,"mean":7573189.777777778,"meanrate":0.19968432819996576,"min":127458,"p50":534250,"p75":16627875,"p95":32671208,"p99":32671208,"p999":32671208,"p9999":32671208,"stddev":13242036.432153124,"variance":175351528870470.62}}
{"ts":1676406613243695717,"type":"gauge","name":"runtime.MemStats.BuckHashSys","measures":{"value":1504517}}
{"ts":1676406613266905509,"type":"gauge","name":"runtime.MemStats.HeapAlloc","measures":{"value":35950008}}
{"ts":1676406613285548301,"type":"gauge","name":"runtime.MemStats.HeapReleased","measures":{"value":3670016}}
{"ts":1676406613294947509,"type":"gauge","name":"runtime.MemStats.LastGC","measures":{"value":1676406577327563000}}
{"ts":1676406613383030801,"type":"gauge","name":"runtime.MemStats.PauseTotalNs","measures":{"value":104091416}}
{"ts":1676406613421517926,"type":"gauge","name":"runtime.MemStats.HeapIdle","measures":{"value":24150016}}
{"ts":1676406613452609343,"type":"gauge","name":"runtime.MemStats.NumGC","measures":{"value":0}}
{"ts":1676406613464869551,"type":"histogram","name":"runtime.MemStats.PauseNs","measures":{"count":4,"max":95654750,"mean":26022854,"min":36000,"p50":4200333,"p75":73821145.75,"p95":95654750,"p99":95654750,"p999":95654750,"p9999":95654750,"stddev":40343249.64279345,"variance":1627577791740753.5}}
{"ts":1676406613485080676,"type":"gauge","name":"runtime.NumCgoCall","measures":{"value":0}}
{"ts":1676406617336041969,"type":"gauge","name":"runtime.MemStats.MSpanSys","measures":{"value":864960}}
{"ts":1676406617369605678,"type":"gauge","name":"runtime.MemStats.Sys","measures":{"value":91455768}}
{"ts":1676406617395914636,"type":"timer","name":"runtime.ReadMemStats","measures":{"count":10,"m1":0.10552668945179702,"m15":0.009754115099857238,"m5":0.02785840471498844,"max":32671208,"mean":6863645.8,"meanrate":0.19993017479830785,"min":127458,"p50":506000,"p75":8938812.5,"p95":32671208,"p99":32671208,"p999":32671208,"p9999":32671208,"stddev":12741563.871481001,"variance":162347449891029.94}}
{"ts":1676406617425642178,"type":"gauge","name":"runtime.MemStats.BuckHashSys","measures":{"value":1508509}}
{"ts":1676406617443833803,"type":"gauge","name":"runtime.MemStats.HeapAlloc","measures":{"value":45156024}}
{"ts":1676406617468654469,"type":"gauge","name":"runtime.MemStats.HeapReleased","measures":{"value":3670016}}
{"ts":1676406617510750303,"type":"gauge","name":"runtime.MemStats.LastGC","measures":{"value":1676406577327563000}}
{"ts":1676406617533547303,"type":"gauge","name":"runtime.MemStats.PauseTotalNs","measures":{"value":104091416}}
{"ts":1676406617624013678,"type":"gauge","name":"runtime.MemStats.HeapIdle","measures":{"value":14172160}}
{"ts":1676406617639928470,"type":"gauge","name":"runtime.MemStats.NumGC","measures":{"value":0}}
{"ts":1676406617678868095,"type":"histogram","name":"runtime.MemStats.PauseNs","measures":{"count":4,"max":95654750,"mean":26022854,"min":36000,"p50":4200333,"p75":73821145.75,"p95":95654750,"p99":95654750,"p999":95654750,"p9999":95654750,"stddev":40343249.64279345,"variance":1627577791740753.5}}
{"ts":1676406617700772511,"type":"gauge","name":"runtime.NumCgoCall","measures":{"value":0}}
{"ts":1676406617715753011,"type":"gauge","name":"runtime.MemStats.DebugGC","measures":{"value":0}}
{"ts":1676406617739801678,"type":"gauge","name":"runtime.MemStats.HeapObjects","measures":{"value":765520}}
{"ts":1676406617746800553,"type":"gauge","name":"runtime.MemStats.Mallocs","measures":{"value":121922}}
{"ts":1676406617754916553,"type":"gauge","name":"runtime.MemStats.MCacheSys","measures":{"value":15600}}
{"ts":1676406617791981845,"type":"gauge","name":"runtime.MemStats.MSpanInuse","measures":{"value":859656}}
{"ts":1676406617821669720,"type":"gauge","name":"runtime.MemStats.GCCPUFraction","measures":{"value":0.07865316634105031}}
{"ts":1676406617868754678,"type":"gauge","name":"runtime.MemStats.TotalAlloc","measures":{"value":57905912}}
{"ts":1676406617895900345,"type":"gauge","name":"runtime.MemStats.Alloc","measures":{"value":45156024}}
{"ts":1676406617907744345,"type":"gauge","name":"runtime.MemStats.Frees","measures":{"value":3946}}
{"ts":1676406617927140178,"type":"gauge","name":"runtime.MemStats.MCacheInuse","measures":{"value":9600}}
{"ts":1676406617952729720,"type":"gauge","name":"runtime.MemStats.StackInuse","measures":{"value":15761408}}
{"ts":1676406617968084720,"type":"gauge","name":"runtime.NumGoroutine","measures":{"value":603}}
{"ts":1676406618007707928,"type":"gauge","name":"runtime.MemStats.Lookups","measures":{"value":0}}
{"ts":1676406618031078803,"type":"gauge","name":"runtime.MemStats.NextGC","measures":{"value":55131648}}
{"ts":1676406618056640470,"type":"gauge","name":"runtime.MemStats.EnableGC","measures":{"value":1}}
{"ts":1676406618100481886,"type":"gauge","name":"runtime.MemStats.HeapSys","measures":{"value":63930368}}
{"ts":1676406618106764261,"type":"gauge","name":"runtime.MemStats.HeapInuse","measures":{"value":49758208}}
{"ts":1676406618171074636,"type":"gauge","name":"runtime.MemStats.StackSys","measures":{"value":15761408}}
{"ts":1676406618180781136,"type":"gauge","name":"runtime.NumThread","measures":{"value":20}}
{"ts":1676406622358986013,"type":"gauge","name":"runtime.MemStats.MSpanSys","measures":{"value":946560}}
{"ts":1676406622377946097,"type":"gauge","name":"runtime.MemStats.Sys","measures":{"value":91455768}}
{"ts":1676406622394098430,"type":"timer","name":"runtime.ReadMemStats","measures":{"count":11,"m1":0.11308035829858432,"m15":0.01080810621864695,"m5":0.030703655021877187,"max":32671208,"mean":8093090.909090909,"meanrate":0.1998531352600569,"min":127458,"p50":534250,"p75":20387542,"p95":32671208,"p99":32671208,"p999":32671208,"p9999":32671208,"stddev":12755545.600745693,"variance":162703943572702.78}}
{"ts":1676406622426023847,"type":"gauge","name":"runtime.MemStats.PauseTotalNs","measures":{"value":104091416}}
{"ts":1676406622461738347,"type":"gauge","name":"runtime.MemStats.BuckHashSys","measures":{"value":1510405}}
{"ts":1676406622493650722,"type":"gauge","name":"runtime.MemStats.HeapAlloc","measures":{"value":49690776}}
{"ts":1676406622516762430,"type":"gauge","name":"runtime.MemStats.HeapReleased","measures":{"value":3670016}}
{"ts":1676406622536131305,"type":"gauge","name":"runtime.MemStats.LastGC","measures":{"value":1676406577327563000}}
{"ts":1676406622560127472,"type":"gauge","name":"runtime.MemStats.HeapIdle","measures":{"value":10002432}}
{"ts":1676406622573470930,"type":"gauge","name":"runtime.MemStats.NumGC","measures":{"value":0}}
{"ts":1676406622638671014,"type":"histogram","name":"runtime.MemStats.PauseNs","measures":{"count":4,"max":95654750,"mean":26022854,"min":36000,"p50":4200333,"p75":73821145.75,"p95":95654750,"p99":95654750,"p999":95654750,"p9999":95654750,"stddev":40343249.64279345,"variance":1627577791740753.5}}
{"ts":1676406622755830597,"type":"gauge","name":"runtime.NumCgoCall","measures":{"value":0}}
{"ts":1676406622772794764,"type":"gauge","name":"runtime.MemStats.MSpanInuse","measures":{"value":937992}}
{"ts":1676406622797681847,"type":"gauge","name":"runtime.MemStats.GCCPUFraction","measures":{"value":0.07865316634105031}}
{"ts":1676406622819128430,"type":"gauge","name":"runtime.MemStats.TotalAlloc","measures":{"value":62440664}}
{"ts":1676406622829791930,"type":"gauge","name":"runtime.MemStats.DebugGC","measures":{"value":0}}
{"ts":1676406622855864097,"type":"gauge","name":"runtime.MemStats.HeapObjects","measures":{"value":831543}}
{"ts":1676406622881942389,"type":"gauge","name":"runtime.MemStats.Mallocs","measures":{"value":70264}}
{"ts":1676406622891842555,"type":"gauge","name":"runtime.MemStats.MCacheSys","measures":{"value":15600}}
{"ts":1676406622934529764,"type":"gauge","name":"runtime.NumGoroutine","measures":{"value":643}}
{"ts":1676406622947839597,"type":"gauge","name":"runtime.MemStats.Alloc","measures":{"value":49690776}}
{"ts":1676406622992792305,"type":"gauge","name":"runtime.MemStats.Frees","measures":{"value":4241}}
{"ts":1676406623016909555,"type":"gauge","name":"runtime.MemStats.MCacheInuse","measures":{"value":9600}}
{"ts":1676406623060995958,"type":"gauge","name":"runtime.MemStats.StackInuse","measures":{"value":15597568}}
{"ts":1676406623142993500,"type":"gauge","name":"runtime.MemStats.Lookups","measures":{"value":0}}
{"ts":1676406623197943875,"type":"gauge","name":"runtime.MemStats.NextGC","measures":{"value":55131648}}
{"ts":1676406623234747208,"type":"gauge","name":"runtime.MemStats.EnableGC","measures":{"value":1}}
{"ts":1676406623270647541,"type":"gauge","name":"runtime.MemStats.HeapSys","measures":{"value":64094208}}
{"ts":1676406623299605583,"type":"gauge","name":"runtime.MemStats.HeapInuse","measures":{"value":54091776}}
{"ts":1676406623334935750,"type":"gauge","name":"runtime.MemStats.StackSys","measures":{"value":15597568}}
{"ts":1676406623363937750,"type":"gauge","name":"runtime.NumThread","measures":{"value":20}}
{"ts":1676406627371628460,"type":"gauge","name":"runtime.MemStats.EnableGC","measures":{"value":1}}
{"ts":1676406627433889168,"type":"gauge","name":"runtime.MemStats.HeapSys","measures":{"value":69369856}}
{"ts":1676406627481393585,"type":"gauge","name":"runtime.MemStats.HeapInuse","measures":{"value":41713664}}
{"ts":1676406627544538668,"type":"gauge","name":"runtime.MemStats.StackSys","measures":{"value":10321920}}
{"ts":1676406627556920502,"type":"gauge","name":"runtime.NumThread","measures":{"value":20}}
{"ts":1676406627600604293,"type":"gauge","name":"runtime.MemStats.MSpanSys","measures":{"value":979200}}
{"ts":1676406627633450960,"type":"gauge","name":"runtime.MemStats.Sys","measures":{"value":91521304}}
{"ts":1676406627673407377,"type":"timer","name":"runtime.ReadMemStats","measures":{"count":12,"m1":0.12003006913103051,"m15":0.01185625806643708,"m5":0.033501877477679465,"max":32671208,"mean":9765666.666666666,"meanrate":0.19982301749607928,"min":127458,"p50":562604,"p75":26219885.5,"p95":32671208,"p99":32671208,"p999":32671208,"p9999":32671208,"stddev":13413347.379436733,"variance":179917887921442.28}}
{"ts":1676406627691876627,"type":"gauge","name":"runtime.MemStats.BuckHashSys","measures":{"value":1511925}}
{"ts":1676406627727275668,"type":"gauge","name":"runtime.MemStats.HeapAlloc","measures":{"value":30230048}}
{"ts":1676406627772731252,"type":"gauge","name":"runtime.MemStats.HeapReleased","measures":{"value":2318336}}
{"ts":1676406627827765835,"type":"gauge","name":"runtime.MemStats.LastGC","measures":{"value":1676406623616622600}}
{"ts":1676406627865549210,"type":"gauge","name":"runtime.MemStats.PauseTotalNs","measures":{"value":149048040}}
{"ts":1676406627901510502,"type":"gauge","name":"runtime.MemStats.HeapIdle","measures":{"value":27656192}}
{"ts":1676406627941331794,"type":"gauge","name":"runtime.MemStats.NumGC","measures":{"value":1}}
{"ts":1676406627981836335,"type":"histogram","name":"runtime.MemStats.PauseNs","measures":{"count":5,"max":95654750,"mean":29809608,"min":36000,"p50":8320333,"p75":70305687,"p95":95654750,"p99":95654750,"p999":95654750,"p9999":95654750,"stddev":36870316.74421399,"variance":1359420256818666.8}}
{"ts":1676406628007856502,"type":"gauge","name":"runtime.NumCgoCall","measures":{"value":0}}
{"ts":1676406628029820460,"type":"gauge","name":"runtime.MemStats.TotalAlloc","measures":{"value":66900616}}
{"ts":1676406628082028627,"type":"gauge","name":"runtime.MemStats.DebugGC","measures":{"value":0}}
{"ts":1676406628098996585,"type":"gauge","name":"runtime.MemStats.HeapObjects","measures":{"value":600885}}
{"ts":1676406628113396169,"type":"gauge","name":"runtime.MemStats.Mallocs","measures":{"value":68264}}
{"ts":1676406628163827585,"type":"gauge","name":"runtime.MemStats.MCacheSys","measures":{"value":15600}}
{"ts":1676406628199565710,"type":"gauge","name":"runtime.MemStats.MSpanInuse","measures":{"value":770032}}
{"ts":1676406628219451752,"type":"gauge","name":"runtime.MemStats.GCCPUFraction","measures":{"value":0.015701214413588654}}
{"ts":1676406628236599044,"type":"gauge","name":"runtime.MemStats.Alloc","measures":{"value":30230048}}
{"ts":1676406628254723002,"type":"gauge","name":"runtime.MemStats.Frees","measures":{"value":298922}}
{"ts":1676406628271414627,"type":"gauge","name":"runtime.MemStats.MCacheInuse","measures":{"value":9600}}
{"ts":1676406628294032544,"type":"gauge","name":"runtime.MemStats.StackInuse","measures":{"value":10321920}}
{"ts":1676406628314869002,"type":"gauge","name":"runtime.NumGoroutine","measures":{"value":637}}
{"ts":1676406628349691460,"type":"gauge","name":"runtime.MemStats.Lookups","measures":{"value":0}}
{"ts":1676406628378795044,"type":"gauge","name":"runtime.MemStats.NextGC","measures":{"value":58272576}}
{"ts":1676406632335669337,"type":"gauge","name":"runtime.MemStats.Mallocs","measures":{"value":39695}}
{"ts":1676406632348397879,"type":"gauge","name":"runtime.MemStats.MCacheSys","measures":{"value":15600}}
{"ts":1676406632370542046,"type":"gauge","name":"runtime.MemStats.MSpanInuse","measures":{"value":778736}}
{"ts":1676406632418485712,"type":"gauge","name":"runtime.MemStats.GCCPUFraction","measures":{"value":0.015701214413588654}}
{"ts":1676406632434547129,"type":"gauge","name":"runtime.MemStats.TotalAlloc","measures":{"value":69133024}}
{"ts":1676406632443679629,"type":"gauge","name":"runtime.MemStats.DebugGC","measures":{"value":0}}
{"ts":1676406632470035379,"type":"gauge","name":"runtime.MemStats.HeapObjects","measures":{"value":637505}}
{"ts":1676406632496506087,"type":"gauge","name":"runtime.MemStats.MCacheInuse","measures":{"value":9600}}
{"ts":1676406632528816837,"type":"gauge","name":"runtime.MemStats.StackInuse","measures":{"value":10289152}}
{"ts":1676406632537875254,"type":"gauge","name":"runtime.NumGoroutine","measures":{"value":582}}
{"ts":1676406632610262879,"type":"gauge","name":"runtime.MemStats.Alloc","measures":{"value":32462456}}
{"ts":1676406632639502046,"type":"gauge","name":"runtime.MemStats.Frees","measures":{"value":3075}}
{"ts":1676406632656922046,"type":"gauge","name":"runtime.MemStats.Lookups","measures":{"value":0}}
{"ts":1676406632708730171,"type":"gauge","name":"runtime.MemStats.NextGC","measures":{"value":58272576}}
{"ts":1676406632732828921,"type":"gauge","name":"runtime.MemStats.EnableGC","measures":{"value":1}}
{"ts":1676406632772767462,"type":"gauge","name":"runtime.MemStats.HeapSys","measures":{"value":69402624}}
{"ts":1676406632799669879,"type":"gauge","name":"runtime.NumThread","measures":{"value":20}}
{"ts":1676406632815958629,"type":"gauge","name":"runtime.MemStats.HeapInuse","measures":{"value":42631168}}
{"ts":1676406632830856463,"type":"gauge","name":"runtime.MemStats.StackSys","measures":{"value":10289152}}
{"ts":1676406632880863796,"type":"timer","name":"runtime.ReadMemStats","measures":{"count":13,"m1":0.12642411176571153,"m15":0.012898602993676503,"m5":0.03625384938440363,"max":32671208,"mean":9092913.461538462,"meanrate":0.19994708775915365,"min":127458,"p50":590958,"p75":24275771,"p95":32671208,"p99":32671208,"p999":32671208,"p9999":32671208,"stddev":13096152.59872711,"variance":171509212889146.84}}
{"ts":1676406632926636546,"type":"gauge","name":"runtime.MemStats.MSpanSys","measures":{"value":979200}}
{"ts":1676406632987705921,"type":"gauge","name":"runtime.MemStats.Sys","measures":{"value":91521304}}
{"ts":1676406633012887671,"type":"gauge","name":"runtime.MemStats.HeapReleased","measures":{"value":2301952}}
{"ts":1676406633041688588,"type":"gauge","name":"runtime.MemStats.LastGC","measures":{"value":1676406623616622600}}
{"ts":1676406633070569129,"type":"gauge","name":"runtime.MemStats.PauseTotalNs","measures":{"value":149048040}}
{"ts":1676406633094765338,"type":"gauge","name":"runtime.MemStats.BuckHashSys","measures":{"value":1512781}}
{"ts":1676406633102814629,"type":"gauge","name":"runtime.MemStats.HeapAlloc","measures":{"value":32462456}}
{"ts":1676406633118634921,"type":"histogram","name":"runtime.MemStats.PauseNs","measures":{"count":5,"max":95654750,"mean":29809608,"min":36000,"p50":8320333,"p75":70305687,"p95":95654750,"p99":95654750,"p999":95654750,"p9999":95654750,"stddev":36870316.74421399,"variance":1359420256818666.8}}
{"ts":1676406633128368046,"type":"gauge","name":"runtime.NumCgoCall","measures":{"value":0}}
{"ts":1676406633147690296,"type":"gauge","name":"runtime.MemStats.HeapIdle","measures":{"value":26771456}}
{"ts":1676406633182734254,"type":"gauge","name":"runtime.MemStats.NumGC","measures":{"value":0}}
{"ts":1676406637333893215,"type":"gauge","name":"runtime.MemStats.Sys","measures":{"value":91521304}}
{"ts":1676406637353787840,"type":"timer","name":"runtime.ReadMemStats","measures":{"count":14,"m1":0.13230691497865155,"m15":0.013935173171587696,"m5":0.03896033519638589,"max":32671208,"mean":8505860.142857144,"meanrate":0.19995594866188235,"min":127458,"p50":732562.5,"p75":22331656.5,"p95":32671208,"p99":32671208,"p999":32671208,"p9999":32671208,"stddev":12796044.92068968,"variance":163738765612308.16}}
{"ts":1676406637364931590,"type":"gauge","name":"runtime.MemStats.MSpanSys","measures":{"value":979200}}
{"ts":1676406637429469631,"type":"gauge","name":"runtime.MemStats.HeapAlloc","measures":{"value":34125400}}
{"ts":1676406637476983006,"type":"gauge","name":"runtime.MemStats.HeapReleased","measures":{"value":2154496}}
{"ts":1676406637510935673,"type":"gauge","name":"runtime.MemStats.LastGC","measures":{"value":1676406623616622600}}
{"ts":1676406637585330840,"type":"gauge","name":"runtime.MemStats.PauseTotalNs","measures":{"value":149048040}}
{"ts":1676406637602607715,"type":"gauge","name":"runtime.MemStats.BuckHashSys","measures":{"value":1513453}}
{"ts":1676406637629664048,"type":"gauge","name":"runtime.MemStats.NumGC","measures":{"value":0}}
{"ts":1676406637662907965,"type":"histogram","name":"runtime.MemStats.PauseNs","measures":{"count":5,"max":95654750,"mean":29809608,"min":36000,"p50":8320333,"p75":70305687,"p95":95654750,"p99":95654750,"p999":95654750,"p9999":95654750,"stddev":36870316.74421399,"variance":1359420256818666.8}}
{"ts":1676406637673038256,"type":"gauge","name":"runtime.NumCgoCall","measures":{"value":0}}
{"ts":1676406637688936631,"type":"gauge","name":"runtime.MemStats.HeapIdle","measures":{"value":26288128}}
{"ts":1676406637714297048,"type":"gauge","name":"runtime.MemStats.HeapObjects","measures":{"value":664056}}
{"ts":1676406637771754257,"type":"gauge","name":"runtime.MemStats.Mallocs","measures":{"value":28647}}
{"ts":1676406637840418840,"type":"gauge","name":"runtime.MemStats.MCacheSys","measures":{"value":15600}}
{"ts":1676406637934046923,"type":"gauge","name":"runtime.MemStats.MSpanInuse","measures":{"value":778736}}
{"ts":1676406637955500632,"type":"gauge","name":"runtime.MemStats.GCCPUFraction","measures":{"value":0.015701214413588654}}
{"ts":1676406638009842132,"type":"gauge","name":"runtime.MemStats.TotalAlloc","measures":{"value":70795968}}
{"ts":1676406638139864757,"type":"gauge","name":"runtime.MemStats.DebugGC","measures":{"value":0}}
{"ts":1676406638243422590,"type":"gauge","name":"runtime.MemStats.Frees","measures":{"value":2096}}
{"ts":1676406638339987757,"type":"gauge","name":"runtime.MemStats.MCacheInuse","measures":{"value":9600}}
{"ts":1676406638397642173,"type":"gauge","name":"runtime.MemStats.StackInuse","measures":{"value":10059776}}
{"ts":1676406638414470424,"type":"gauge","name":"runtime.NumGoroutine","measures":{"value":429}}
{"ts":1676406638586610507,"type":"gauge","name":"runtime.MemStats.Alloc","measures":{"value":34125400}}
{"ts":1676406638623962840,"type":"gauge","name":"runtime.MemStats.NextGC","measures":{"value":58272576}}
{"ts":1676406638668791757,"type":"gauge","name":"runtime.MemStats.Lookups","measures":{"value":0}}
{"ts":1676406638683781007,"type":"gauge","name":"runtime.MemStats.HeapSys","measures":{"value":69632000}}
{"ts":1676406638694484590,"type":"gauge","name":"runtime.MemStats.EnableGC","measures":{"value":1}}
{"ts":1676406638702689715,"type":"gauge","name":"runtime.MemStats.StackSys","measures":{"value":10059776}}
{"ts":1676406638711884257,"type":"gauge","name":"runtime.NumThread","measures":{"value":20}}
{"ts":1676406638802246382,"type":"gauge","name":"runtime.MemStats.HeapInuse","measures":{"value":43343872}}
{"ts":1676406642341335592,"type":"gauge","name":"runtime.MemStats.HeapIdle","measures":{"value":25083904}}
{"ts":1676406642373910300,"type":"gauge","name":"runtime.MemStats.NumGC","measures":{"value":0}}
{"ts":1676406642407431050,"type":"histogram","name":"runtime.MemStats.PauseNs","measures":{"count":5,"max":95654750,"mean":29809608,"min":36000,"p50":8320333,"p75":70305687,"p95":95654750,"p99":95654750,"p999":95654750,"p9999":95654750,"stddev":36870316.74421399,"variance":1359420256818666.8}}
{"ts":1676406642445970634,"type":"gauge","name":"runtime.NumCgoCall","measures":{"value":0}}
{"ts":1676406642638879217,"type":"gauge","name":"runtime.MemStats.DebugGC","measures":{"value":0}}
{"ts":1676406642661513592,"type":"gauge","name":"runtime.MemStats.HeapObjects","measures":{"value":707226}}
{"ts":1676406642724906842,"type":"gauge","name":"runtime.MemStats.Mallocs","measures":{"value":45989}}
{"ts":1676406642764472634,"type":"gauge","name":"runtime.MemStats.MCacheSys","measures":{"value":15600}}
{"ts":1676406642792016134,"type":"gauge","name":"runtime.MemStats.MSpanInuse","measures":{"value":796144}}
{"ts":1676406642799826926,"type":"gauge","name":"runtime.MemStats.GCCPUFraction","measures":{"value":0.015701214413588654}}
{"ts":1676406642805220467,"type":"gauge","name":"runtime.MemStats.TotalAlloc","measures":{"value":73405904}}
{"ts":1676406642822528967,"type":"gauge","name":"runtime.MemStats.Alloc","measures":{"value":36735336}}
{"ts":1676406642840596467,"type":"gauge","name":"runtime.MemStats.Frees","measures":{"value":2819}}
{"ts":1676406642941320967,"type":"gauge","name":"runtime.MemStats.MCacheInuse","measures":{"value":9600}}
{"ts":1676406643081980009,"type":"gauge","name":"runtime.MemStats.StackInuse","measures":{"value":9928704}}
{"ts":1676406643118947051,"type":"gauge","name":"runtime.NumGoroutine","measures":{"value":392}}
{"ts":1676406643128137717,"type":"gauge","name":"runtime.MemStats.Lookups","measures":{"value":0}}
{"ts":1676406643136503342,"type":"gauge","name":"runtime.MemStats.NextGC","measures":{"value":58272576}}
{"ts":1676406643159656717,"type":"gauge","name":"runtime.MemStats.EnableGC","measures":{"value":1}}
{"ts":1676406643293778092,"type":"gauge","name":"runtime.MemStats.HeapSys","measures":{"value":69763072}}
{"ts":1676406643326605634,"type":"gauge","name":"runtime.MemStats.HeapInuse","measures":{"value":44679168}}
{"ts":1676406643370701926,"type":"gauge","name":"runtime.MemStats.StackSys","measures":{"value":9928704}}
{"ts":1676406643459002593,"type":"gauge","name":"runtime.NumThread","measures":{"value":20}}
{"ts":1676406643476900551,"type":"gauge","name":"runtime.MemStats.MSpanSys","measures":{"value":979200}}
{"ts":1676406643480870259,"type":"gauge","name":"runtime.MemStats.Sys","measures":{"value":91521304}}
{"ts":1676406643500747301,"type":"timer","name":"runtime.ReadMemStats","measures":{"count":15,"m1":0.13771935521708045,"m15":0.014966000593159667,"m5":0.04162208673264367,"max":32671208,"mean":8487372.266666668,"meanrate":0.1999391122302475,"min":127458,"p50":874167,"p75":20387542,"p95":32671208,"p99":32671208,"p999":32671208,"p9999":32671208,"stddev":12362347.395488666,"variance":152827633126745.4}}
{"ts":1676406643545018093,"type":"gauge","name":"runtime.MemStats.BuckHashSys","measures":{"value":1513701}}
{"ts":1676406643566821718,"type":"gauge","name":"runtime.MemStats.HeapAlloc","measures":{"value":36735336}}
{"ts":1676406643582370343,"type":"gauge","name":"runtime.MemStats.HeapReleased","measures":{"value":2129920}}
{"ts":1676406643608659384,"type":"gauge","name":"runtime.MemStats.LastGC","measures":{"value":1676406623616622600}}
{"ts":1676406643629017093,"type":"gauge","name":"runtime.MemStats.PauseTotalNs","measures":{"value":149048040}}
{"ts":1676406647505516720,"type":"gauge","name":"runtime.MemStats.EnableGC","measures":{"value":1}}
{"ts":1676406647622494803,"type":"gauge","name":"runtime.MemStats.HeapSys","measures":{"value":66191360}}
{"ts":1676406647666927053,"type":"gauge","name":"runtime.MemStats.HeapInuse","measures":{"value":59506688}}
{"ts":1676406647756795220,"type":"gauge","name":"runtime.MemStats.StackSys","measures":{"value":13434880}}
{"ts":1676406647865715928,"type":"gauge","name":"runtime.NumThread","measures":{"value":20}}
{"ts":1676406647897988886,"type":"gauge","name":"runtime.MemStats.MSpanSys","measures":{"value":979200}}
{"ts":1676406647981845845,"type":"gauge","name":"runtime.MemStats.Sys","measures":{"value":91783448}}
{"ts":1676406648022328803,"type":"timer","name":"runtime.ReadMemStats","measures":{"count":16,"m1":0.15869015770209732,"m15":0.017099147473156065,"m5":0.04754555262139553,"max":32671208,"mean":8487388.125,"meanrate":0.19951844717407852,"min":127458,"p50":947021,"p75":17412563,"p95":32671208,"p99":32671208,"p999":32671208,"p9999":32671208,"stddev":11969791.395847136,"variance":143275906060096.12}}
{"ts":1676406648312994387,"type":"gauge","name":"runtime.MemStats.BuckHashSys","measures":{"value":1518541}}
{"ts":1676406648398829928,"type":"gauge","name":"runtime.MemStats.HeapAlloc","measures":{"value":54412152}}
{"ts":1676406648534662053,"type":"gauge","name":"runtime.MemStats.HeapReleased","measures":{"value":2064384}}
{"ts":1676406648565626887,"type":"gauge","name":"runtime.MemStats.LastGC","measures":{"value":1676406623616622600}}
{"ts":1676406648577946553,"type":"gauge","name":"runtime.MemStats.PauseTotalNs","measures":{"value":149048040}}
{"ts":1676406648590443553,"type":"gauge","name":"runtime.MemStats.HeapIdle","measures":{"value":6684672}}
{"ts":1676406648623931845,"type":"gauge","name":"runtime.MemStats.NumGC","measures":{"value":0}}
{"ts":1676406648643439803,"type":"histogram","name":"runtime.MemStats.PauseNs","measures":{"count":5,"max":95654750,"mean":29809608,"min":36000,"p50":8320333,"p75":70305687,"p95":95654750,"p99":95654750,"p999":95654750,"p9999":95654750,"stddev":36870316.74421399,"variance":1359420256818666.8}}
{"ts":1676406648670750512,"type":"gauge","name":"runtime.NumCgoCall","measures":{"value":0}}
{"ts":1676406648704358012,"type":"gauge","name":"runtime.MemStats.TotalAlloc","measures":{"value":91082720}}
{"ts":1676406648716953470,"type":"gauge","name":"runtime.MemStats.DebugGC","measures":{"value":0}}
{"ts":1676406648755865137,"type":"gauge","name":"runtime.MemStats.HeapObjects","measures":{"value":911623}}
{"ts":1676406648779188637,"type":"gauge","name":"runtime.MemStats.Mallocs","measures":{"value":212466}}
{"ts":1676406648809951470,"type":"gauge","name":"runtime.MemStats.MCacheSys","measures":{"value":15600}}
{"ts":1676406648845859845,"type":"gauge","name":"runtime.MemStats.MSpanInuse","measures":{"value":978928}}
{"ts":1676406648863304137,"type":"gauge","name":"runtime.MemStats.GCCPUFraction","measures":{"value":0.015701214413588654}}
{"ts":1676406648877751053,"type":"gauge","name":"runtime.MemStats.Alloc","measures":{"value":54412152}}
{"ts":1676406648896889178,"type":"gauge","name":"runtime.MemStats.Frees","measures":{"value":8069}}
{"ts":1676406648923738595,"type":"gauge","name":"runtime.MemStats.MCacheInuse","measures":{"value":9600}}
{"ts":1676406648932946179,"type":"gauge","name":"runtime.MemStats.StackInuse","measures":{"value":13434880}}
{"ts":1676406648971990262,"type":"gauge","name":"runtime.NumGoroutine","measures":{"value":705}}
{"ts":1676406649014830387,"type":"gauge","name":"runtime.MemStats.Lookups","measures":{"value":0}}
{"ts":1676406649030783054,"type":"gauge","name":"runtime.MemStats.NextGC","measures":{"value":58272576}}
{"ts":1676406652353517055,"type":"gauge","name":"runtime.MemStats.MSpanInuse","measures":{"value":806072}}
{"ts":1676406652371711555,"type":"gauge","name":"runtime.MemStats.GCCPUFraction","measures":{"value":0.017687524203449913}}
{"ts":1676406652398667514,"type":"gauge","name":"runtime.MemStats.TotalAlloc","measures":{"value":95694312}}
{"ts":1676406652453224055,"type":"gauge","name":"runtime.MemStats.DebugGC","measures":{"value":0}}
{"ts":1676406652479875139,"type":"gauge","name":"runtime.MemStats.HeapObjects","measures":{"value":636801}}
{"ts":1676406652531623430,"type":"gauge","name":"runtime.MemStats.Mallocs","measures":{"value":68677}}
{"ts":1676406652755174389,"type":"gauge","name":"runtime.MemStats.MCacheSys","measures":{"value":15600}}
{"ts":1676406652840015430,"type":"gauge","name":"runtime.NumGoroutine","measures":{"value":724}}
{"ts":1676406652881669639,"type":"gauge","name":"runtime.MemStats.Alloc","measures":{"value":32942136}}
{"ts":1676406652891847055,"type":"gauge","name":"runtime.MemStats.Frees","measures":{"value":343499}}
{"ts":1676406652949329055,"type":"gauge","name":"runtime.MemStats.MCacheInuse","measures":{"value":9600}}
{"ts":1676406653004966889,"type":"gauge","name":"runtime.MemStats.StackInuse","measures":{"value":8388608}}
{"ts":1676406653040566847,"type":"gauge","name":"runtime.MemStats.Lookups","measures":{"value":0}}
{"ts":1676406653068706291,"type":"gauge","name":"runtime.MemStats.NextGC","measures":{"value":64191152}}
{"ts":1676406653134602500,"type":"gauge","name":"runtime.MemStats.EnableGC","measures":{"value":1}}
{"ts":1676406653194908125,"type":"gauge","name":"runtime.MemStats.HeapSys","measures":{"value":71303168}}
{"ts":1676406653289735916,"type":"gauge","name":"runtime.MemStats.HeapInuse","measures":{"value":45907968}}
{"ts":1676406653306733125,"type":"gauge","name":"runtime.MemStats.StackSys","measures":{"value":8388608}}
{"ts":1676406653355160208,"type":"gauge","name":"runtime.NumThread","measures":{"value":20}}
{"ts":1676406653376786916,"type":"gauge","name":"runtime.MemStats.MSpanSys","measures":{"value":1011840}}
{"ts":1676406653404825916,"type":"gauge","name":"runtime.MemStats.Sys","measures":{"value":91783448}}
{"ts":1676406653435732500,"type":"timer","name":"runtime.ReadMemStats","measures":{"count":17,"m1":0.1460019932504611,"m15":0.017004415597168095,"m5":0.04675969375931608,"max":32671208,"mean":9042647.176470589,"meanrate":0.19991948302326684,"min":127458,"p50":1019875,"p75":19157167,"p95":32671208,"p99":32671208,"p999":32671208,"p9999":32671208,"stddev":11822897.843329828,"variance":139780913413813.1}}
{"ts":1676406653449674000,"type":"gauge","name":"runtime.MemStats.PauseTotalNs","measures":{"value":309702500}}
{"ts":1676406653466682208,"type":"gauge","name":"runtime.MemStats.BuckHashSys","measures":{"value":1520165}}
{"ts":1676406653482922250,"type":"gauge","name":"runtime.MemStats.HeapAlloc","measures":{"value":32942136}}
{"ts":1676406653500137500,"type":"gauge","name":"runtime.MemStats.HeapReleased","measures":{"value":2064384}}
{"ts":1676406653525810833,"type":"gauge","name":"runtime.MemStats.LastGC","measures":{"value":1676406648417769700}}
{"ts":1676406653562854125,"type":"gauge","name":"runtime.MemStats.HeapIdle","measures":{"value":25395200}}
{"ts":1676406653577650291,"type":"gauge","name":"runtime.MemStats.NumGC","measures":{"value":1}}
{"ts":1676406653638465750,"type":"histogram","name":"runtime.MemStats.PauseNs","measures":{"count":6,"max":160654460,"mean":51617083.333333336,"min":36000,"p50":26638478.5,"p75":111904677.5,"p95":160654460,"p99":160654460,"p999":160654460,"p9999":160654460,"stddev":59250992.53249066,"variance":3510680116085264.5}}
{"ts":1676406653660144083,"type":"gauge","name":"runtime.NumCgoCall","measures":{"value":0}}
{"ts":1676406657334527585,"type":"gauge","name":"runtime.MemStats.MSpanSys","measures":{"value":1011840}}
{"ts":1676406657406605835,"type":"gauge","name":"runtime.MemStats.Sys","measures":{"value":91783448}}
{"ts":1676406657417005668,"type":"timer","name":"runtime.ReadMemStats","measures":{"count":18,"m1":0.15031943548897023,"m15":0.018018238949192533,"m5":0.0492925332374047,"max":32671208,"mean":8618710.722222222,"meanrate":0.19996018968810456,"min":127458,"p50":1134812.5,"p75":18541979.5,"p95":32671208,"p99":32671208,"p999":32671208,"p9999":32671208,"stddev":11621987.054980624,"variance":135070583106137.19}}
{"ts":1676406657447142127,"type":"gauge","name":"runtime.MemStats.PauseTotalNs","measures":{"value":309702500}}
{"ts":1676406657519867918,"type":"gauge","name":"runtime.MemStats.BuckHashSys","measures":{"value":1521205}}
{"ts":1676406657555837168,"type":"gauge","name":"runtime.MemStats.HeapAlloc","measures":{"value":36246976}}
{"ts":1676406657579610918,"type":"gauge","name":"runtime.MemStats.HeapReleased","measures":{"value":2064384}}
{"ts":1676406657636504668,"type":"gauge","name":"runtime.MemStats.LastGC","measures":{"value":1676406648417769700}}
{"ts":1676406657681904793,"type":"gauge","name":"runtime.MemStats.HeapIdle","measures":{"value":24133632}}
{"ts":1676406657713796502,"type":"gauge","name":"runtime.MemStats.NumGC","measures":{"value":0}}
{"ts":1676406657755120418,"type":"histogram","name":"runtime.MemStats.PauseNs","measures":{"count":6,"max":160654460,"mean":51617083.333333336,"min":36000,"p50":26638478.5,"p75":111904677.5,"p95":160654460,"p99":160654460,"p999":160654460,"p9999":160654460,"stddev":59250992.53249066,"variance":3510680116085264.5}}
{"ts":1676406657770908543,"type":"gauge","name":"runtime.NumCgoCall","measures":{"value":0}}
{"ts":1676406657812746127,"type":"gauge","name":"runtime.MemStats.MSpanInuse","measures":{"value":814776}}
{"ts":1676406657846966752,"type":"gauge","name":"runtime.MemStats.GCCPUFraction","measures":{"value":0.017687524203449913}}
{"ts":1676406657935639377,"type":"gauge","name":"runtime.MemStats.TotalAlloc","measures":{"value":98999152}}
{"ts":1676406657999770627,"type":"gauge","name":"runtime.MemStats.DebugGC","measures":{"value":0}}
{"ts":1676406658010920544,"type":"gauge","name":"runtime.MemStats.HeapObjects","measures":{"value":684428}}
{"ts":1676406658051490002,"type":"gauge","name":"runtime.MemStats.Mallocs","measures":{"value":50159}}
{"ts":1676406658086428335,"type":"gauge","name":"runtime.MemStats.MCacheSys","measures":{"value":15600}}
{"ts":1676406658109944919,"type":"gauge","name":"runtime.NumGoroutine","measures":{"value":720}}
{"ts":1676406658133170919,"type":"gauge","name":"runtime.MemStats.Alloc","measures":{"value":36246976}}
{"ts":1676406658155888960,"type":"gauge","name":"runtime.MemStats.Frees","measures":{"value":2532}}
{"ts":1676406658175740877,"type":"gauge","name":"runtime.MemStats.MCacheInuse","measures":{"value":9600}}
{"ts":1676406658210101127,"type":"gauge","name":"runtime.MemStats.StackInuse","measures":{"value":8421376}}
{"ts":1676406658228933752,"type":"gauge","name":"runtime.MemStats.Lookups","measures":{"value":0}}
{"ts":1676406658243047294,"type":"gauge","name":"runtime.MemStats.NextGC","measures":{"value":64191152}}
{"ts":1676406658294741919,"type":"gauge","name":"runtime.MemStats.EnableGC","measures":{"value":1}}
{"ts":1676406658317995960,"type":"gauge","name":"runtime.MemStats.HeapSys","measures":{"value":71270400}}
{"ts":1676406658341076460,"type":"gauge","name":"runtime.MemStats.HeapInuse","measures":{"value":47136768}}
{"ts":1676406658385992044,"type":"gauge","name":"runtime.MemStats.StackSys","measures":{"value":8421376}}
{"ts":1676406658402922460,"type":"gauge","name":"runtime.NumThread","measures":{"value":20}}
{"ts":1676406662333158462,"type":"gauge","name":"runtime.MemStats.Lookups","measures":{"value":0}}
{"ts":1676406662338114212,"type":"gauge","name":"runtime.MemStats.NextGC","measures":{"value":64191152}}
{"ts":1676406662364117837,"type":"gauge","name":"runtime.MemStats.EnableGC","measures":{"value":1}}
{"ts":1676406662386806129,"type":"gauge","name":"runtime.MemStats.HeapSys","measures":{"value":71368704}}
{"ts":1676406662418646379,"type":"gauge","name":"runtime.MemStats.HeapInuse","measures":{"value":49528832}}
{"ts":1676406662436568296,"type":"gauge","name":"runtime.MemStats.StackSys","measures":{"value":8323072}}
{"ts":1676406662458406837,"type":"gauge","name":"runtime.NumThread","measures":{"value":20}}
{"ts":1676406662500093004,"type":"gauge","name":"runtime.MemStats.MSpanSys","measures":{"value":1011840}}
{"ts":1676406662540535504,"type":"gauge","name":"runtime.MemStats.Sys","measures":{"value":91783448}}
{"ts":1676406662608747462,"type":"timer","name":"runtime.ReadMemStats","measures":{"count":19,"m1":0.1542916741059953,"m15":0.019026445565750567,"m5":0.05178350856121731,"max":32671208,"mean":8247458.421052632,"meanrate":0.19996511064739655,"min":127458,"p50":1249750,"p75":17926792,"p95":32671208,"p99":32671208,"p999":32671208,"p9999":32671208,"stddev":11421143.284634266,"variance":130442513928146.38}}
{"ts":1676406662662299837,"type":"gauge","name":"runtime.MemStats.BuckHashSys","measures":{"value":1522669}}
{"ts":1676406662731525129,"type":"gauge","name":"runtime.MemStats.HeapAlloc","measures":{"value":40591640}}
{"ts":1676406662747603129,"type":"gauge","name":"runtime.MemStats.HeapReleased","measures":{"value":2064384}}
{"ts":1676406662786847879,"type":"gauge","name":"runtime.MemStats.LastGC","measures":{"value":1676406648417769700}}
{"ts":1676406662818484879,"type":"gauge","name":"runtime.MemStats.PauseTotalNs","measures":{"value":309702500}}
{"ts":1676406662831965088,"type":"gauge","name":"runtime.MemStats.HeapIdle","measures":{"value":21839872}}
{"ts":1676406662856666963,"type":"gauge","name":"runtime.MemStats.NumGC","measures":{"value":0}}
{"ts":1676406662868917088,"type":"histogram","name":"runtime.MemStats.PauseNs","measures":{"count":6,"max":160654460,"mean":51617083.333333336,"min":36000,"p50":26638478.5,"p75":111904677.5,"p95":160654460,"p99":160654460,"p999":160654460,"p9999":160654460,"stddev":59250992.53249066,"variance":3510680116085264.5}}
{"ts":1676406662957946629,"type":"gauge","name":"runtime.NumCgoCall","measures":{"value":0}}
{"ts":1676406662974699629,"type":"gauge","name":"runtime.MemStats.TotalAlloc","measures":{"value":103343816}}
{"ts":1676406662988857629,"type":"gauge","name":"runtime.MemStats.DebugGC","measures":{"value":0}}
{"ts":1676406662994408338,"type":"gauge","name":"runtime.MemStats.HeapObjects","measures":{"value":744616}}
{"ts":1676406663013463504,"type":"gauge","name":"runtime.MemStats.Mallocs","measures":{"value":63181}}
{"ts":1676406663068736213,"type":"gauge","name":"runtime.MemStats.MCacheSys","measures":{"value":15600}}
{"ts":1676406663085963629,"type":"gauge","name":"runtime.MemStats.MSpanInuse","measures":{"value":840888}}
{"ts":1676406663120381088,"type":"gauge","name":"runtime.MemStats.GCCPUFraction","measures":{"value":0.017687524203449913}}
{"ts":1676406663158133754,"type":"gauge","name":"runtime.MemStats.Alloc","measures":{"value":40591640}}
{"ts":1676406663175311296,"type":"gauge","name":"runtime.MemStats.Frees","measures":{"value":2993}}
{"ts":1676406663239653213,"type":"gauge","name":"runtime.MemStats.MCacheInuse","measures":{"value":9600}}
{"ts":1676406663268593588,"type":"gauge","name":"runtime.MemStats.StackInuse","measures":{"value":8323072}}
{"ts":1676406663286606004,"type":"gauge","name":"runtime.NumGoroutine","measures":{"value":723}}
{"ts":1676406667332071256,"type":"gauge","name":"runtime.MemStats.EnableGC","measures":{"value":1}}
{"ts":1676406667365287840,"type":"gauge","name":"runtime.MemStats.HeapSys","measures":{"value":71335936}}
{"ts":1676406667378973381,"type":"gauge","name":"runtime.MemStats.HeapInuse","measures":{"value":53321728}}
{"ts":1676406667419102340,"type":"gauge","name":"runtime.MemStats.StackSys","measures":{"value":8355840}}
{"ts":1676406667511018756,"type":"gauge","name":"runtime.NumThread","measures":{"value":20}}
{"ts":1676406667554676090,"type":"gauge","name":"runtime.MemStats.MSpanSys","measures":{"value":1011840}}
{"ts":1676406667598019548,"type":"gauge","name":"runtime.MemStats.Sys","measures":{"value":91783448}}
{"ts":1676406667649011965,"type":"timer","name":"runtime.ReadMemStats","measures":{"count":20,"m1":0.1579463100591641,"m15":0.020029066564410405,"m5":0.05423331168436106,"max":32671208,"mean":7863331.35,"meanrate":0.1999690300404347,"min":127458,"p50":1134812.5,"p75":15567000.5,"p95":32637947.599999998,"p99":32671208,"p999":32671208,"p9999":32671208,"stddev":11257171.348048896,"variance":126723906759333}}
{"ts":1676406667749405257,"type":"gauge","name":"runtime.MemStats.LastGC","measures":{"value":1676406648417769700}}
{"ts":1676406667759938215,"type":"gauge","name":"runtime.MemStats.PauseTotalNs","measures":{"value":309702500}}
{"ts":1676406667783705340,"type":"gauge","name":"runtime.MemStats.BuckHashSys","measures":{"value":1523677}}
{"ts":1676406667794061340,"type":"gauge","name":"runtime.MemStats.HeapAlloc","measures":{"value":46709296}}
{"ts":1676406667804804840,"type":"gauge","name":"runtime.MemStats.HeapReleased","measures":{"value":2064384}}
{"ts":1676406667840880507,"type":"gauge","name":"runtime.NumCgoCall","measures":{"value":0}}
{"ts":1676406667875082173,"type":"gauge","name":"runtime.MemStats.HeapIdle","measures":{"value":18014208}}
{"ts":1676406667894356048,"type":"gauge","name":"runtime.MemStats.NumGC","measures":{"value":0}}
{"ts":1676406667953024798,"type":"histogram","name":"runtime.MemStats.PauseNs","measures":{"count":6,"max":160654460,"mean":51617083.333333336,"min":36000,"p50":26638478.5,"p75":111904677.5,"p95":160654460,"p99":160654460,"p999":160654460,"p9999":160654460,"stddev":59250992.53249066,"variance":3510680116085264.5}}
{"ts":1676406667970062715,"type":"gauge","name":"runtime.MemStats.MCacheSys","measures":{"value":15600}}
{"ts":1676406668001473673,"type":"gauge","name":"runtime.MemStats.MSpanInuse","measures":{"value":901816}}
{"ts":1676406668026941382,"type":"gauge","name":"runtime.MemStats.GCCPUFraction","measures":{"value":0.017687524203449913}}
{"ts":1676406668053078715,"type":"gauge","name":"runtime.MemStats.TotalAlloc","measures":{"value":109461472}}
{"ts":1676406668075816882,"type":"gauge","name":"runtime.MemStats.DebugGC","measures":{"value":0}}
{"ts":1676406668094545798,"type":"gauge","name":"runtime.MemStats.HeapObjects","measures":{"value":829369}}
{"ts":1676406668139719048,"type":"gauge","name":"runtime.MemStats.Mallocs","measures":{"value":90198}}
{"ts":1676406668149892257,"type":"gauge","name":"runtime.MemStats.StackInuse","measures":{"value":8355840}}
{"ts":1676406668170905173,"type":"gauge","name":"runtime.NumGoroutine","measures":{"value":721}}
{"ts":1676406668186772632,"type":"gauge","name":"runtime.MemStats.Alloc","measures":{"value":46709296}}
{"ts":1676406668199395757,"type":"gauge","name":"runtime.MemStats.Frees","measures":{"value":5445}}
{"ts":1676406668213092757,"type":"gauge","name":"runtime.MemStats.MCacheInuse","measures":{"value":9600}}
{"ts":1676406668235951007,"type":"gauge","name":"runtime.MemStats.Lookups","measures":{"value":0}}
{"ts":1676406668248900007,"type":"gauge","name":"runtime.MemStats.NextGC","measures":{"value":64191152}}
{"ts":1676406672333383050,"type":"gauge","name":"runtime.MemStats.MSpanSys","measures":{"value":1011840}}
{"ts":1676406672377550675,"type":"gauge","name":"runtime.MemStats.Sys","measures":{"value":91783448}}
{"ts":1676406672401827842,"type":"timer","name":"runtime.ReadMemStats","measures":{"count":21,"m1":0.16130873745538057,"m15":0.021026132890344187,"m5":0.05664262312345599,"max":32671208,"mean":7558932.619047619,"meanrate":0.19996802129495797,"min":127458,"p50":1249750,"p75":13207209,"p95":32604687.2,"p99":32671208,"p999":32671208,"p9999":32671208,"stddev":11069896.42033732,"variance":122542606756997}}
{"ts":1676406672451070009,"type":"gauge","name":"runtime.MemStats.BuckHashSys","measures":{"value":1524325}}
{"ts":1676406672488069342,"type":"gauge","name":"runtime.MemStats.HeapAlloc","measures":{"value":50810704}}
{"ts":1676406672518842509,"type":"gauge","name":"runtime.MemStats.HeapReleased","measures":{"value":2064384}}
{"ts":1676406672534612342,"type":"gauge","name":"runtime.MemStats.LastGC","measures":{"value":1676406648417769700}}
{"ts":1676406672555893050,"type":"gauge","name":"runtime.MemStats.PauseTotalNs","measures":{"value":309702500}}
{"ts":1676406672592116217,"type":"gauge","name":"runtime.MemStats.HeapIdle","measures":{"value":15458304}}
{"ts":1676406672616750384,"type":"gauge","name":"runtime.MemStats.NumGC","measures":{"value":0}}
{"ts":1676406672639014051,"type":"histogram","name":"runtime.MemStats.PauseNs","measures":{"count":6,"max":160654460,"mean":51617083.333333336,"min":36000,"p50":26638478.5,"p75":111904677.5,"p95":160654460,"p99":160654460,"p999":160654460,"p9999":160654460,"stddev":59250992.53249066,"variance":3510680116085264.5}}
{"ts":1676406672666471509,"type":"gauge","name":"runtime.NumCgoCall","measures":{"value":0}}
{"ts":1676406672680770134,"type":"gauge","name":"runtime.MemStats.DebugGC","measures":{"value":0}}
{"ts":1676406672693879384,"type":"gauge","name":"runtime.MemStats.HeapObjects","measures":{"value":896037}}
{"ts":1676406672707837259,"type":"gauge","name":"runtime.MemStats.Mallocs","measures":{"value":72667}}
{"ts":1676406672715463551,"type":"gauge","name":"runtime.MemStats.MCacheSys","measures":{"value":15600}}
{"ts":1676406672731891759,"type":"gauge","name":"runtime.MemStats.MSpanInuse","measures":{"value":936632}}
{"ts":1676406672762278509,"type":"gauge","name":"runtime.MemStats.GCCPUFraction","measures":{"value":0.017687524203449913}}
{"ts":1676406672777956634,"type":"gauge","name":"runtime.MemStats.TotalAlloc","measures":{"value":113562880}}
{"ts":1676406672792301842,"type":"gauge","name":"runtime.MemStats.Alloc","measures":{"value":50810704}}
{"ts":1676406672821659592,"type":"gauge","name":"runtime.MemStats.Frees","measures":{"value":5999}}
{"ts":1676406672862986009,"type":"gauge","name":"runtime.MemStats.MCacheInuse","measures":{"value":9600}}
{"ts":1676406672899360384,"type":"gauge","name":"runtime.MemStats.StackInuse","measures":{"value":8290304}}
{"ts":1676406672958931509,"type":"gauge","name":"runtime.NumGoroutine","measures":{"value":625}}
{"ts":1676406672976639051,"type":"gauge","name":"runtime.MemStats.Lookups","measures":{"value":0}}
{"ts":1676406673000553259,"type":"gauge","name":"runtime.MemStats.NextGC","measures":{"value":64191152}}
{"ts":1676406673036850426,"type":"gauge","name":"runtime.MemStats.EnableGC","measures":{"value":1}}
{"ts":1676406673056160884,"type":"gauge","name":"runtime.MemStats.HeapSys","measures":{"value":71401472}}
{"ts":1676406673088424009,"type":"gauge","name":"runtime.MemStats.HeapInuse","measures":{"value":55943168}}
{"ts":1676406673101768092,"type":"gauge","name":"runtime.MemStats.StackSys","measures":{"value":8290304}}
{"ts":1676406673116872009,"type":"gauge","name":"runtime.NumThread","measures":{"value":20}}
{"ts":1676406677332801886,"type":"timer","name":"runtime.ReadMemStats","measures":{"count":22,"m1":0.16440232000086616,"m15":0.022017675317283093,"m5":0.05901211214717173,"max":32671208,"mean":7251865.590909091,"meanrate":0.19997055909265501,"min":127458,"p50":1134812.5,"p75":10847417.5,"p95":32571426.8,"p99":32671208,"p999":32671208,"p9999":32671208,"stddev":10906538.480343293,"variance":118952581623208.98}}
{"ts":1676406677356069553,"type":"gauge","name":"runtime.MemStats.MSpanSys","measures":{"value":1011840}}
{"ts":1676406677377323344,"type":"gauge","name":"runtime.MemStats.Sys","measures":{"value":91783448}}
{"ts":1676406677404956303,"type":"gauge","name":"runtime.MemStats.HeapReleased","measures":{"value":2064384}}
{"ts":1676406677423428178,"type":"gauge","name":"runtime.MemStats.LastGC","measures":{"value":1676406648417769700}}
{"ts":1676406677438682761,"type":"gauge","name":"runtime.MemStats.PauseTotalNs","measures":{"value":309702500}}
{"ts":1676406677469465844,"type":"gauge","name":"runtime.MemStats.BuckHashSys","measures":{"value":1524645}}
{"ts":1676406677505005469,"type":"gauge","name":"runtime.MemStats.HeapAlloc","measures":{"value":51698752}}
{"ts":1676406677521284636,"type":"histogram","name":"runtime.MemStats.PauseNs","measures":{"count":6,"max":160654460,"mean":51617083.333333336,"min":36000,"p50":26638478.5,"p75":111904677.5,"p95":160654460,"p99":160654460,"p999":160654460,"p9999":160654460,"stddev":59250992.53249066,"variance":3510680116085264.5}}
{"ts":1676406677548143303,"type":"gauge","name":"runtime.NumCgoCall","measures":{"value":0}}
{"ts":1676406677557603678,"type":"gauge","name":"runtime.MemStats.HeapIdle","measures":{"value":14999552}}
{"ts":1676406677575965511,"type":"gauge","name":"runtime.MemStats.NumGC","measures":{"value":0}}
{"ts":1676406677605527970,"type":"gauge","name":"runtime.MemStats.Mallocs","measures":{"value":16217}}
{"ts":1676406677629110220,"type":"gauge","name":"runtime.MemStats.MCacheSys","measures":{"value":15600}}
{"ts":1676406677640661136,"type":"gauge","name":"runtime.MemStats.MSpanInuse","measures":{"value":945336}}
{"ts":1676406677654314095,"type":"gauge","name":"runtime.MemStats.GCCPUFraction","measures":{"value":0.017687524203449913}}
{"ts":1676406677704992095,"type":"gauge","name":"runtime.MemStats.TotalAlloc","measures":{"value":114450928}}
{"ts":1676406677726775636,"type":"gauge","name":"runtime.MemStats.DebugGC","measures":{"value":0}}
{"ts":1676406677735830345,"type":"gauge","name":"runtime.MemStats.HeapObjects","measures":{"value":910734}}
{"ts":1676406677760808220,"type":"gauge","name":"runtime.MemStats.MCacheInuse","measures":{"value":9600}}
{"ts":1676406677777651761,"type":"gauge","name":"runtime.MemStats.StackInuse","measures":{"value":8192000}}
{"ts":1676406677799874595,"type":"gauge","name":"runtime.NumGoroutine","measures":{"value":437}}
{"ts":1676406677808134053,"type":"gauge","name":"runtime.MemStats.Alloc","measures":{"value":51698752}}
{"ts":1676406677832012095,"type":"gauge","name":"runtime.MemStats.Frees","measures":{"value":1520}}
{"ts":1676406677867638595,"type":"gauge","name":"runtime.MemStats.Lookups","measures":{"value":0}}
{"ts":1676406677900116220,"type":"gauge","name":"runtime.MemStats.NextGC","measures":{"value":64191152}}
{"ts":1676406677933600428,"type":"gauge","name":"runtime.MemStats.EnableGC","measures":{"value":1}}
{"ts":1676406677953074261,"type":"gauge","name":"runtime.MemStats.HeapSys","measures":{"value":71499776}}
{"ts":1676406677963802136,"type":"gauge","name":"runtime.NumThread","measures":{"value":20}}
{"ts":1676406677976970470,"type":"gauge","name":"runtime.MemStats.HeapInuse","measures":{"value":56500224}}
{"ts":1676406677999480720,"type":"gauge","name":"runtime.MemStats.StackSys","measures":{"value":8192000}}
