{"level":"info","ts":1674234027069289086,"msg":"br","From":"12D3KooWGFLL95aAHX7AJZzSn9vFY49znDxeaGPU14TKzrHP7ygU","To":"12D3KooWDf6Jpo3XnCHoQ7uXMpxS3RbZrysd9Z7iGWLqyQ8K87VZ"}
{"level":"info","ts":1674234027075208836,"msg":"br","From":"12D3KooWGFLL95aAHX7AJZzSn9vFY49znDxeaGPU14TKzrHP7ygU","To":"12D3KooWGBv5oKekns7NunQ9FMNXihJvwyuELAcq84Z9Hxgc2PZh"}
{"level":"info","ts":1674234027088870336,"msg":"br","From":"12D3KooWGFLL95aAHX7AJZzSn9vFY49znDxeaGPU14TKzrHP7ygU","To":"12D3KooWPp1Xz8oHjyrMTi6fPeQAuEqpDGvv36EvHrjHqXUnEJvw"}
{"level":"info","ts":1674234027097768170,"msg":"br","From":"12D3KooWGFLL95aAHX7AJZzSn9vFY49znDxeaGPU14TKzrHP7ygU","To":"12D3KooWB224kvi7vN34xJfsfW7bnv6eodxTkgo9VFA6UiaGMgRD"}
{"level":"info","ts":1674234027120800461,"msg":"br","From":"12D3KooWGFLL95aAHX7AJZzSn9vFY49znDxeaGPU14TKzrHP7ygU","To":"12D3KooWEiCzB4bVxyxYwB7xpSvra1Yz1SB39kih4qHpFjDWoC9J"}
{"level":"info","ts":1674234027133054711,"msg":"br","From":"12D3KooWGFLL95aAHX7AJZzSn9vFY49znDxeaGPU14TKzrHP7ygU","To":"12D3KooWCUD1fJhtHsV93H6zZCwPZq5WBLsNTSWUW86EDykHrUgd"}
{"level":"info","ts":1674234027166239753,"msg":"br","From":"12D3KooWGFLL95aAHX7AJZzSn9vFY49znDxeaGPU14TKzrHP7ygU","To":"12D3KooWB1b3qZxWJanuhtseF3DmPggHCtG36KZ9ixkqHtdKH9fh"}
{"level":"info","ts":1674234027188330503,"msg":"br","From":"12D3KooWGFLL95aAHX7AJZzSn9vFY49znDxeaGPU14TKzrHP7ygU","To":"12D3KooWE4qDcRrueTuRYWUdQZgcy7APZqBngVeXRt4Y6ytHizKV"}
{"level":"info","ts":1674234027217158295,"msg":"br","From":"12D3KooWGFLL95aAHX7AJZzSn9vFY49znDxeaGPU14TKzrHP7ygU","To":"12D3KooWM4yJB31d4hF2F9Vdwuj9WFo1qonoySyw4bVAQ9a9d21o"}
{"level":"info","ts":1674234027236716503,"msg":"br","From":"12D3KooWGFLL95aAHX7AJZzSn9vFY49znDxeaGPU14TKzrHP7ygU","To":"12D3KooWGVijKpKXAveYbcCXhe8DhrykfXaehwPM6mcSgagqXkEg"}
{"level":"info","ts":1674234027238872586,"msg":"br","From":"12D3KooWGFLL95aAHX7AJZzSn9vFY49znDxeaGPU14TKzrHP7ygU","To":"12D3KooWPwVR5DRz8H7Qvmp1i7c3BmEJLsbXBvLBCDY5tikyx2yu"}
{"level":"info","ts":1674234028264735379,"msg":"ar","From":"12D3KooWGFLL95aAHX7AJZzSn9vFY49znDxeaGPU14TKzrHP7ygU","To":"12D3KooWDf6Jpo3XnCHoQ7uXMpxS3RbZrysd9Z7iGWLqyQ8K87VZ"}
{"level":"info","ts":1674234028285541379,"msg":"ar","From":"12D3KooWGFLL95aAHX7AJZzSn9vFY49znDxeaGPU14TKzrHP7ygU","To":"12D3KooWGBv5oKekns7NunQ9FMNXihJvwyuELAcq84Z9Hxgc2PZh"}
{"level":"info","ts":1674234028290610462,"msg":"ar","From":"12D3KooWGFLL95aAHX7AJZzSn9vFY49znDxeaGPU14TKzrHP7ygU","To":"12D3KooWPp1Xz8oHjyrMTi6fPeQAuEqpDGvv36EvHrjHqXUnEJvw"}
{"level":"info","ts":1674234028297826962,"msg":"ar","From":"12D3KooWGFLL95aAHX7AJZzSn9vFY49znDxeaGPU14TKzrHP7ygU","To":"12D3KooWB224kvi7vN34xJfsfW7bnv6eodxTkgo9VFA6UiaGMgRD"}
{"level":"info","ts":1674234028317693420,"msg":"ar","From":"12D3KooWGFLL95aAHX7AJZzSn9vFY49znDxeaGPU14TKzrHP7ygU","To":"12D3KooWEiCzB4bVxyxYwB7xpSvra1Yz1SB39kih4qHpFjDWoC9J"}
{"level":"info","ts":1674234028330603754,"msg":"ar","From":"12D3KooWGFLL95aAHX7AJZzSn9vFY49znDxeaGPU14TKzrHP7ygU","To":"12D3KooWCUD1fJhtHsV93H6zZCwPZq5WBLsNTSWUW86EDykHrUgd"}
{"level":"info","ts":1674234028348688170,"msg":"ar","From":"12D3KooWGFLL95aAHX7AJZzSn9vFY49znDxeaGPU14TKzrHP7ygU","To":"12D3KooWE4qDcRrueTuRYWUdQZgcy7APZqBngVeXRt4Y6ytHizKV"}
{"level":"info","ts":1674234028354492004,"msg":"ar","From":"12D3KooWGFLL95aAHX7AJZzSn9vFY49znDxeaGPU14TKzrHP7ygU","To":"12D3KooWM4yJB31d4hF2F9Vdwuj9WFo1qonoySyw4bVAQ9a9d21o"}
{"level":"info","ts":1674234028370379670,"msg":"ar","From":"12D3KooWGFLL95aAHX7AJZzSn9vFY49znDxeaGPU14TKzrHP7ygU","To":"12D3KooWB1b3qZxWJanuhtseF3DmPggHCtG36KZ9ixkqHtdKH9fh"}
{"level":"info","ts":1674234028379724879,"msg":"ar","From":"12D3KooWGFLL95aAHX7AJZzSn9vFY49znDxeaGPU14TKzrHP7ygU","To":"12D3KooWGVijKpKXAveYbcCXhe8DhrykfXaehwPM6mcSgagqXkEg"}
{"level":"info","ts":1674234028384749212,"msg":"ar","From":"12D3KooWGFLL95aAHX7AJZzSn9vFY49znDxeaGPU14TKzrHP7ygU","To":"12D3KooWPwVR5DRz8H7Qvmp1i7c3BmEJLsbXBvLBCDY5tikyx2yu"}
{"level":"info","ts":1674234031096526213,"msg":"at","From":"12D3KooWGFLL95aAHX7AJZzSn9vFY49znDxeaGPU14TKzrHP7ygU","To":"12D3KooWGVijKpKXAveYbcCXhe8DhrykfXaehwPM6mcSgagqXkEg"}
{"level":"info","ts":1674234031128776213,"msg":"at","From":"12D3KooWGFLL95aAHX7AJZzSn9vFY49znDxeaGPU14TKzrHP7ygU","To":"12D3KooWPwVR5DRz8H7Qvmp1i7c3BmEJLsbXBvLBCDY5tikyx2yu"}
{"level":"info","ts":1674234031161839380,"msg":"at","From":"12D3KooWGFLL95aAHX7AJZzSn9vFY49znDxeaGPU14TKzrHP7ygU","To":"12D3KooWPp1Xz8oHjyrMTi6fPeQAuEqpDGvv36EvHrjHqXUnEJvw"}
{"level":"info","ts":1674234031190127672,"msg":"at","From":"12D3KooWGFLL95aAHX7AJZzSn9vFY49znDxeaGPU14TKzrHP7ygU","To":"12D3KooWB224kvi7vN34xJfsfW7bnv6eodxTkgo9VFA6UiaGMgRD"}
{"level":"info","ts":1674234031201747797,"msg":"at","From":"12D3KooWGFLL95aAHX7AJZzSn9vFY49znDxeaGPU14TKzrHP7ygU","To":"12D3KooWGBv5oKekns7NunQ9FMNXihJvwyuELAcq84Z9Hxgc2PZh"}
{"level":"info","ts":1674234031212367172,"msg":"at","From":"12D3KooWGFLL95aAHX7AJZzSn9vFY49znDxeaGPU14TKzrHP7ygU","To":"12D3KooWEiCzB4bVxyxYwB7xpSvra1Yz1SB39kih4qHpFjDWoC9J"}
{"level":"info","ts":1674234031225825463,"msg":"at","From":"12D3KooWGFLL95aAHX7AJZzSn9vFY49znDxeaGPU14TKzrHP7ygU","To":"12D3KooWCUD1fJhtHsV93H6zZCwPZq5WBLsNTSWUW86EDykHrUgd"}
{"level":"info","ts":1674234031232636838,"msg":"at","From":"12D3KooWGFLL95aAHX7AJZzSn9vFY49znDxeaGPU14TKzrHP7ygU","To":"12D3KooWE4qDcRrueTuRYWUdQZgcy7APZqBngVeXRt4Y6ytHizKV"}
{"level":"info","ts":1674234031242591630,"msg":"at","From":"12D3KooWGFLL95aAHX7AJZzSn9vFY49znDxeaGPU14TKzrHP7ygU","To":"12D3KooWM4yJB31d4hF2F9Vdwuj9WFo1qonoySyw4bVAQ9a9d21o"}
{"level":"info","ts":1674234032184251255,"msg":"ab","From":"12D3KooWGFLL95aAHX7AJZzSn9vFY49znDxeaGPU14TKzrHP7ygU","To":"12D3KooWCUD1fJhtHsV93H6zZCwPZq5WBLsNTSWUW86EDykHrUgd"}
{"level":"info","ts":1674234032219821589,"msg":"ab","From":"12D3KooWGFLL95aAHX7AJZzSn9vFY49znDxeaGPU14TKzrHP7ygU","To":"12D3KooWE4qDcRrueTuRYWUdQZgcy7APZqBngVeXRt4Y6ytHizKV"}
{"level":"info","ts":1674234032259830130,"msg":"ab","From":"12D3KooWGFLL95aAHX7AJZzSn9vFY49znDxeaGPU14TKzrHP7ygU","To":"12D3KooWM4yJB31d4hF2F9Vdwuj9WFo1qonoySyw4bVAQ9a9d21o"}
{"level":"info","ts":1674234032294844005,"msg":"ab","From":"12D3KooWGFLL95aAHX7AJZzSn9vFY49znDxeaGPU14TKzrHP7ygU","To":"12D3KooWGVijKpKXAveYbcCXhe8DhrykfXaehwPM6mcSgagqXkEg"}
{"level":"info","ts":1674234032306456130,"msg":"ab","From":"12D3KooWGFLL95aAHX7AJZzSn9vFY49znDxeaGPU14TKzrHP7ygU","To":"12D3KooWPwVR5DRz8H7Qvmp1i7c3BmEJLsbXBvLBCDY5tikyx2yu"}
{"level":"info","ts":1674234032314609006,"msg":"ab","From":"12D3KooWGFLL95aAHX7AJZzSn9vFY49znDxeaGPU14TKzrHP7ygU","To":"12D3KooWGBv5oKekns7NunQ9FMNXihJvwyuELAcq84Z9Hxgc2PZh"}
{"level":"info","ts":1674234032320599172,"msg":"ab","From":"12D3KooWGFLL95aAHX7AJZzSn9vFY49znDxeaGPU14TKzrHP7ygU","To":"12D3KooWPp1Xz8oHjyrMTi6fPeQAuEqpDGvv36EvHrjHqXUnEJvw"}
{"level":"info","ts":1674234032385448547,"msg":"ab","From":"12D3KooWGFLL95aAHX7AJZzSn9vFY49znDxeaGPU14TKzrHP7ygU","To":"12D3KooWB224kvi7vN34xJfsfW7bnv6eodxTkgo9VFA6UiaGMgRD"}
{"level":"info","ts":1674234032391294881,"msg":"ab","From":"12D3KooWGFLL95aAHX7AJZzSn9vFY49znDxeaGPU14TKzrHP7ygU","To":"12D3KooWEiCzB4bVxyxYwB7xpSvra1Yz1SB39kih4qHpFjDWoC9J"}
{"level":"info","ts":1674234043299792636,"msg":"after_provide","From":"12D3KooWGFLL95aAHX7AJZzSn9vFY49znDxeaGPU14TKzrHP7ygU","To":"12D3KooWPwVR5DRz8H7Qvmp1i7c3BmEJLsbXBvLBCDY5tikyx2yu"}
{"level":"info","ts":1674234043380363302,"msg":"after_provide","From":"12D3KooWGFLL95aAHX7AJZzSn9vFY49znDxeaGPU14TKzrHP7ygU","To":"12D3KooWH7AZDg4C1XecakNbagg7LaR3AHqyxr3obNismNfpW1U2"}
{"level":"info","ts":1674234043405850844,"msg":"after_provide","From":"12D3KooWGFLL95aAHX7AJZzSn9vFY49znDxeaGPU14TKzrHP7ygU","To":"12D3KooWFqdBYPrtwErMosomvD4uRtVhXQdqqZZHC3NCBZYVxr4t"}
{"level":"info","ts":1674234043448058927,"msg":"after_provide","From":"12D3KooWGFLL95aAHX7AJZzSn9vFY49znDxeaGPU14TKzrHP7ygU","To":"12D3KooWPp1Xz8oHjyrMTi6fPeQAuEqpDGvv36EvHrjHqXUnEJvw"}
{"level":"info","ts":1674234043473882052,"msg":"after_provide","From":"12D3KooWGFLL95aAHX7AJZzSn9vFY49znDxeaGPU14TKzrHP7ygU","To":"12D3KooWB224kvi7vN34xJfsfW7bnv6eodxTkgo9VFA6UiaGMgRD"}
{"level":"info","ts":1674234043508400303,"msg":"after_provide","From":"12D3KooWGFLL95aAHX7AJZzSn9vFY49znDxeaGPU14TKzrHP7ygU","To":"12D3KooWEiCzB4bVxyxYwB7xpSvra1Yz1SB39kih4qHpFjDWoC9J"}
{"level":"info","ts":1674234043584288469,"msg":"after_provide","From":"12D3KooWGFLL95aAHX7AJZzSn9vFY49znDxeaGPU14TKzrHP7ygU","To":"12D3KooWCUD1fJhtHsV93H6zZCwPZq5WBLsNTSWUW86EDykHrUgd"}
{"level":"info","ts":1674234043603486844,"msg":"after_provide","From":"12D3KooWGFLL95aAHX7AJZzSn9vFY49znDxeaGPU14TKzrHP7ygU","To":"12D3KooWKVutoujmd2QtYCFPk6WtyU9xvAgYxFXvqLVGcBHocnmG"}
{"level":"info","ts":1674234043677334386,"msg":"after_provide","From":"12D3KooWGFLL95aAHX7AJZzSn9vFY49znDxeaGPU14TKzrHP7ygU","To":"12D3KooWRFC9qu1UyqfS5fdVjNJBEHDon7m1Ha9fVyNGxfXdD77B"}
{"level":"info","ts":1674234043713117761,"msg":"after_provide","From":"12D3KooWGFLL95aAHX7AJZzSn9vFY49znDxeaGPU14TKzrHP7ygU","To":"12D3KooWE4qDcRrueTuRYWUdQZgcy7APZqBngVeXRt4Y6ytHizKV"}
{"level":"info","ts":1674234043740267178,"msg":"after_provide","From":"12D3KooWGFLL95aAHX7AJZzSn9vFY49znDxeaGPU14TKzrHP7ygU","To":"12D3KooWM4yJB31d4hF2F9Vdwuj9WFo1qonoySyw4bVAQ9a9d21o"}
