{"ts":1676961532951596718,"type":"point","name":"bandwidth-total-in|cypress-provider|15|0","measures":{"value":133683}}
{"ts":1676961532956265885,"type":"point","name":"bandwidth-total-out|cypress-provider|15|0","measures":{"value":138495}}
{"ts":1676961532957787718,"type":"point","name":"bandwidth-rate-in|cypress-provider|15|0","measures":{"value":0.003311210303803087}}
{"ts":1676961532960447218,"type":"point","name":"bandwidth-rate-out|cypress-provider|15|0","measures":{"value":0.0033092661828252106}}
{"ts":1676961548101130003,"type":"point","name":"signal bootstrapping0","measures":{"value":15046875}}
{"ts":1676961548148013128,"type":"point","name":"barrierbootstrapping0","measures":{"value":39683625}}
{"ts":1676961548183743378,"type":"point","name":"full bootstrapping0","measures":{"value":34733085808}}
{"ts":1676961552953335797,"type":"point","name":"bandwidth-total-in|cypress-provider|15|1","measures":{"value":468290}}
{"ts":1676961552960355547,"type":"point","name":"bandwidth-total-out|cypress-provider|15|1","measures":{"value":437431}}
{"ts":1676961552968852422,"type":"point","name":"bandwidth-rate-in|cypress-provider|15|1","measures":{"value":37383.230039106325}}
{"ts":1676961552976857880,"type":"point","name":"bandwidth-rate-out|cypress-provider|15|1","measures":{"value":31241.664811455452}}
{"ts":1676961563975833386,"type":"point","name":"time-to-provide-5","measures":{"value":14921679382}}
{"ts":1676961564149567219,"type":"point","name":"time-to-provide-12","measures":{"value":15155051049}}
{"ts":1676961564169811636,"type":"point","name":"time-to-provide-11","measures":{"value":15179926049}}
{"ts":1676961564194030094,"type":"point","name":"time-to-provide-19","measures":{"value":15203310008}}
{"ts":1676961564212232136,"type":"point","name":"time-to-provide-17","measures":{"value":15204762049}}
{"ts":1676961564269550636,"type":"point","name":"time-to-provide-16","measures":{"value":15262094507}}
{"ts":1676961564315325552,"type":"point","name":"time-to-provide-1","measures":{"value":15338519882}}
{"ts":1676961564460403511,"type":"point","name":"time-to-provide-2","measures":{"value":15479008216}}
{"ts":1676961564527697761,"type":"point","name":"time-to-provide-6","measures":{"value":15544070549}}
{"ts":1676961564571724178,"type":"point","name":"time-to-provide-7","measures":{"value":15589343549}}
{"ts":1676961564619391261,"type":"point","name":"time-to-provide-4","measures":{"value":15642046216}}
{"ts":1676961564664206553,"type":"point","name":"time-to-provide-3","measures":{"value":15682635424}}
{"ts":1676961564683627261,"type":"point","name":"time-to-provide-0","measures":{"value":15699987633}}
{"ts":1676961564709591053,"type":"point","name":"time-to-provide-9","measures":{"value":15725882758}}
{"ts":1676961564742211928,"type":"point","name":"time-to-provide-8","measures":{"value":15755507216}}
{"ts":1676961564746141928,"type":"point","name":"time-to-provide-14","measures":{"value":15738821550}}
{"ts":1676961564761281428,"type":"point","name":"time-to-provide-15","measures":{"value":15753846258}}
{"ts":1676961564775196636,"type":"point","name":"time-to-provide-18","measures":{"value":15767709591}}
{"ts":1676961564782609886,"type":"point","name":"time-to-provide-13","measures":{"value":15786205216}}
{"ts":1676961564914373511,"type":"point","name":"time-to-provide-10","measures":{"value":15930640591}}
{"ts":1676961564975336469,"type":"point","name":"signal provider-records1","measures":{"value":42671250}}
{"ts":1676961567047387554,"type":"point","name":"barrierprovider-records1","measures":{"value":2057626751}}
{"ts":1676961567108542054,"type":"point","name":"full provider-records1","measures":{"value":18170254342}}
{"ts":1676961568074572554,"type":"point","name":"time-to-find-first|cypress-provider|19","measures":{"value":47959}}
{"ts":1676961568076888054,"type":"point","name":"time-to-find-first|cypress-provider|2","measures":{"value":286625}}
{"ts":1676961568078613471,"type":"point","name":"time-to-find-first|cypress-provider|17","measures":{"value":243166}}
{"ts":1676961568079727596,"type":"point","name":"time-to-find-first|cypress-provider|14","measures":{"value":37958}}
{"ts":1676961568079783638,"type":"point","name":"time-to-find-first|cypress-provider|15","measures":{"value":15875}}
{"ts":1676961568081237471,"type":"point","name":"time-to-find-first|cypress-provider|18","measures":{"value":187500}}
{"ts":1676961568081683179,"type":"point","name":"time-to-find-first|cypress-provider|6","measures":{"value":167209}}
{"ts":1676961568081869304,"type":"point","name":"time-to-find-first|cypress-provider|7","measures":{"value":152541}}
{"ts":1676961568082619804,"type":"point","name":"time-to-find-first|cypress-provider|9","measures":{"value":169250}}
{"ts":1676961568083329804,"type":"point","name":"time-to-find-first|cypress-provider|11","measures":{"value":8686375}}
{"ts":1676961568083753221,"type":"point","name":"time-to-find-first|cypress-provider|0","measures":{"value":8249750}}
{"ts":1676961568087874763,"type":"point","name":"time-to-find-first|cypress-provider|12","measures":{"value":9224583}}
{"ts":1676961568088526846,"type":"point","name":"time-to-find-first|cypress-provider|13","measures":{"value":9085792}}
{"ts":1676961568088724221,"type":"point","name":"time-to-find-first|cypress-provider|5","measures":{"value":7453083}}
{"ts":1676961568089146638,"type":"point","name":"time-to-find-first|cypress-provider|8","measures":{"value":6909292}}
{"ts":1676961568089481263,"type":"point","name":"time-to-find-first|cypress-provider|16","measures":{"value":9640750}}
{"ts":1676961568089726804,"type":"point","name":"time-to-find-first|cypress-provider|10","measures":{"value":7054667}}
{"ts":1676961568102608054,"type":"point","name":"time-to-find-first|cypress-provider|1","measures":{"value":26828166}}
{"ts":1676961568115790179,"type":"point","name":"time-to-find-first|cypress-provider|3","measures":{"value":38282250}}
{"ts":1676961568132339346,"type":"point","name":"time-to-find-first|cypress-provider|4","measures":{"value":54589375}}
{"ts":1676961572953175209,"type":"point","name":"bandwidth-total-in|cypress-provider|15|2","measures":{"value":1781862}}
{"ts":1676961572974242001,"type":"point","name":"bandwidth-total-out|cypress-provider|15|2","measures":{"value":1654678}}
{"ts":1676961572995551459,"type":"point","name":"bandwidth-rate-in|cypress-provider|15|2","measures":{"value":155024.49880767317}}
{"ts":1676961573004211834,"type":"point","name":"bandwidth-rate-out|cypress-provider|15|2","measures":{"value":199699.4437851592}}
{"ts":1676961592953446052,"type":"point","name":"bandwidth-total-in|cypress-provider|15|3","measures":{"value":3090305}}
{"ts":1676961592967698760,"type":"point","name":"bandwidth-total-out|cypress-provider|15|3","measures":{"value":2952373}}
{"ts":1676961592974837968,"type":"point","name":"bandwidth-rate-in|cypress-provider|15|3","measures":{"value":115773.36128849066}}
{"ts":1676961592984676510,"type":"point","name":"bandwidth-rate-out|cypress-provider|15|3","measures":{"value":137284.09835562797}}
{"ts":1676961594998602511,"type":"point","name":"num-hops|cypress-provider|12","measures":{"value":1}}
{"ts":1676961595005542678,"type":"point","name":"time-to-find-last|done|cypress-provider|12","measures":{"value":821063250}}
{"ts":1676961595025524219,"type":"point","name":"time-to-find|done|cypress-provider|12","measures":{"value":26945818304}}
{"ts":1676961595029677803,"type":"point","name":"peers-found|done|cypress-provider|12","measures":{"value":40}}
{"ts":1676961595049121511,"type":"point","name":"peers-missing|done|cypress-provider|12","measures":{"value":0}}
{"ts":1676961595021779344,"type":"point","name":"num-hops|cypress-provider|13","measures":{"value":2}}
{"ts":1676961595031722178,"type":"point","name":"num-hops|cypress-provider|10","measures":{"value":2}}
{"ts":1676961595074145511,"type":"point","name":"time-to-find-last|done|cypress-provider|10","measures":{"value":1837813001}}
{"ts":1676961595095711136,"type":"point","name":"time-to-find|done|cypress-provider|10","measures":{"value":27011981596}}
{"ts":1676961595102877761,"type":"point","name":"peers-found|done|cypress-provider|10","measures":{"value":40}}
{"ts":1676961595125933053,"type":"point","name":"peers-missing|done|cypress-provider|10","measures":{"value":0}}
{"ts":1676961595061696219,"type":"point","name":"time-to-find-last|done|cypress-provider|13","measures":{"value":895889292}}
{"ts":1676961595150444678,"type":"point","name":"time-to-find|done|cypress-provider|13","measures":{"value":27069945846}}
{"ts":1676961595160622011,"type":"point","name":"peers-found|done|cypress-provider|13","measures":{"value":40}}
{"ts":1676961595169692719,"type":"point","name":"peers-missing|done|cypress-provider|13","measures":{"value":0}}
{"ts":1676961595050689303,"type":"point","name":"num-hops|cypress-provider|16","measures":{"value":2}}
{"ts":1676961595181513969,"type":"point","name":"time-to-find-last|done|cypress-provider|16","measures":{"value":1369034292}}
{"ts":1676961595196801428,"type":"point","name":"time-to-find|done|cypress-provider|16","measures":{"value":27115902887}}
{"ts":1676961595203947095,"type":"point","name":"peers-found|done|cypress-provider|16","measures":{"value":40}}
{"ts":1676961595218809345,"type":"point","name":"peers-missing|done|cypress-provider|16","measures":{"value":0}}
{"ts":1676961595046901303,"type":"point","name":"num-hops|cypress-provider|11","measures":{"value":1}}
{"ts":1676961595237468511,"type":"point","name":"time-to-find-last|done|cypress-provider|11","measures":{"value":723852333}}
{"ts":1676961595249282220,"type":"point","name":"time-to-find|done|cypress-provider|11","measures":{"value":27173581221}}
{"ts":1676961595267688803,"type":"point","name":"peers-found|done|cypress-provider|11","measures":{"value":40}}
{"ts":1676961595283728678,"type":"point","name":"peers-missing|done|cypress-provider|11","measures":{"value":0}}
{"ts":1676961595169638844,"type":"point","name":"num-hops|cypress-provider|15","measures":{"value":2}}
{"ts":1676961595298517136,"type":"point","name":"time-to-find-last|done|cypress-provider|15","measures":{"value":559685583}}
{"ts":1676961595306308678,"type":"point","name":"time-to-find|done|cypress-provider|15","measures":{"value":27225483429}}
{"ts":1676961595321105470,"type":"point","name":"peers-found|done|cypress-provider|15","measures":{"value":40}}
{"ts":1676961595337145595,"type":"point","name":"peers-missing|done|cypress-provider|15","measures":{"value":0}}
{"ts":1676961595139028886,"type":"point","name":"num-hops|cypress-provider|8","measures":{"value":1}}
{"ts":1676961595366864178,"type":"point","name":"time-to-find-last|done|cypress-provider|8","measures":{"value":983943375}}
{"ts":1676961595377722053,"type":"point","name":"time-to-find|done|cypress-provider|8","measures":{"value":27294428263}}
{"ts":1676961595249295136,"type":"point","name":"num-hops|cypress-provider|9","measures":{"value":2}}
{"ts":1676961595159308678,"type":"point","name":"num-hops|cypress-provider|4","measures":{"value":1}}
{"ts":1676961595416720761,"type":"point","name":"time-to-find-last|done|cypress-provider|4","measures":{"value":2017886668}}
{"ts":1676961595438120553,"type":"point","name":"time-to-find|done|cypress-provider|4","measures":{"value":27359314471}}
{"ts":1676961595459001261,"type":"point","name":"peers-found|done|cypress-provider|4","measures":{"value":40}}
{"ts":1676961595464076511,"type":"point","name":"peers-missing|done|cypress-provider|4","measures":{"value":0}}
{"ts":1676961595124040928,"type":"point","name":"num-hops|cypress-provider|3","measures":{"value":1}}
{"ts":1676961595476456470,"type":"point","name":"time-to-find-last|done|cypress-provider|3","measures":{"value":1824328125}}
{"ts":1676961595485372845,"type":"point","name":"time-to-find|done|cypress-provider|3","measures":{"value":27406808096}}
{"ts":1676961595495453261,"type":"point","name":"peers-found|done|cypress-provider|3","measures":{"value":40}}
{"ts":1676961595504278511,"type":"point","name":"peers-missing|done|cypress-provider|3","measures":{"value":0}}
{"ts":1676961595392395678,"type":"point","name":"peers-found|done|cypress-provider|8","measures":{"value":40}}
{"ts":1676961595540423345,"type":"point","name":"peers-missing|done|cypress-provider|8","measures":{"value":0}}
{"ts":1676961595005412303,"type":"point","name":"num-hops|cypress-provider|0","measures":{"value":1}}
{"ts":1676961595561583928,"type":"point","name":"time-to-find-last|done|cypress-provider|0","measures":{"value":694134792}}
{"ts":1676961595567474053,"type":"point","name":"time-to-find|done|cypress-provider|0","measures":{"value":27490913054}}
{"ts":1676961595579716011,"type":"point","name":"peers-found|done|cypress-provider|0","measures":{"value":40}}
{"ts":1676961595592358595,"type":"point","name":"peers-missing|done|cypress-provider|0","measures":{"value":0}}
{"ts":1676961595366841553,"type":"point","name":"num-hops|cypress-provider|2","measures":{"value":2}}
{"ts":1676961595625786261,"type":"point","name":"time-to-find-last|done|cypress-provider|2","measures":{"value":454611625}}
{"ts":1676961595639643845,"type":"point","name":"time-to-find|done|cypress-provider|2","measures":{"value":27561985387}}
{"ts":1676961595658315636,"type":"point","name":"peers-found|done|cypress-provider|2","measures":{"value":40}}
{"ts":1676961595662876095,"type":"point","name":"peers-missing|done|cypress-provider|2","measures":{"value":0}}
{"ts":1676961595398907886,"type":"point","name":"time-to-find-last|done|cypress-provider|9","measures":{"value":673962709}}
{"ts":1676961595690525511,"type":"point","name":"time-to-find|done|cypress-provider|9","measures":{"value":27607017513}}
{"ts":1676961595707572970,"type":"point","name":"peers-found|done|cypress-provider|9","measures":{"value":40}}
{"ts":1676961595722826803,"type":"point","name":"peers-missing|done|cypress-provider|9","measures":{"value":0}}
{"ts":1676961595057488886,"type":"point","name":"num-hops|cypress-provider|5","measures":{"value":1}}
{"ts":1676961595751278970,"type":"point","name":"time-to-find-last|done|cypress-provider|5","measures":{"value":866874292}}
{"ts":1676961595765447595,"type":"point","name":"time-to-find|done|cypress-provider|5","measures":{"value":27683118762}}
{"ts":1676961595780201761,"type":"point","name":"peers-found|done|cypress-provider|5","measures":{"value":40}}
{"ts":1676961595791660803,"type":"point","name":"peers-missing|done|cypress-provider|5","measures":{"value":0}}
{"ts":1676961595096799469,"type":"point","name":"num-hops|cypress-provider|14","measures":{"value":2}}
{"ts":1676961595814776803,"type":"point","name":"time-to-find-last|done|cypress-provider|14","measures":{"value":539032625}}
{"ts":1676961595820886511,"type":"point","name":"time-to-find|done|cypress-provider|14","measures":{"value":27740142721}}
{"ts":1676961595849086511,"type":"point","name":"peers-found|done|cypress-provider|14","measures":{"value":40}}
{"ts":1676961595861088970,"type":"point","name":"peers-missing|done|cypress-provider|14","measures":{"value":0}}
{"ts":1676961595502125261,"type":"point","name":"num-hops|cypress-provider|6","measures":{"value":2}}
{"ts":1676961595897171761,"type":"point","name":"time-to-find-last|done|cypress-provider|6","measures":{"value":638861459}}
{"ts":1676961595907808303,"type":"point","name":"time-to-find|done|cypress-provider|6","measures":{"value":27825234722}}
{"ts":1676961595925488345,"type":"point","name":"peers-found|done|cypress-provider|6","measures":{"value":40}}
{"ts":1676961595940128428,"type":"point","name":"peers-missing|done|cypress-provider|6","measures":{"value":0}}
{"ts":1676961595228343136,"type":"point","name":"num-hops|cypress-provider|7","measures":{"value":3}}
{"ts":1676961595973830012,"type":"point","name":"time-to-find-last|done|cypress-provider|7","measures":{"value":631131750}}
{"ts":1676961595985443803,"type":"point","name":"time-to-find|done|cypress-provider|7","measures":{"value":27902669263}}
{"ts":1676961596000219428,"type":"point","name":"peers-found|done|cypress-provider|7","measures":{"value":40}}
{"ts":1676961596007722428,"type":"point","name":"peers-missing|done|cypress-provider|7","measures":{"value":0}}
{"ts":1676961595150571094,"type":"point","name":"num-hops|cypress-provider|19","measures":{"value":2}}
{"ts":1676961596028191387,"type":"point","name":"time-to-find-last|done|cypress-provider|19","measures":{"value":64904375}}
{"ts":1676961596048220053,"type":"point","name":"time-to-find|done|cypress-provider|19","measures":{"value":27972639013}}
{"ts":1676961596062886137,"type":"point","name":"peers-found|done|cypress-provider|19","measures":{"value":40}}
{"ts":1676961596071859053,"type":"point","name":"peers-missing|done|cypress-provider|19","measures":{"value":0}}
{"ts":1676961595181271386,"type":"point","name":"num-hops|cypress-provider|17","measures":{"value":2}}
{"ts":1676961596102614428,"type":"point","name":"time-to-find-last|done|cypress-provider|17","measures":{"value":477182583}}
{"ts":1676961596118313803,"type":"point","name":"time-to-find|done|cypress-provider|17","measures":{"value":28038887388}}
{"ts":1676961596128176553,"type":"point","name":"peers-found|done|cypress-provider|17","measures":{"value":40}}
{"ts":1676961596137813512,"type":"point","name":"peers-missing|done|cypress-provider|17","measures":{"value":0}}
{"ts":1676961595489644428,"type":"point","name":"num-hops|cypress-provider|18","measures":{"value":2}}
{"ts":1676961596174339970,"type":"point","name":"time-to-find-last|done|cypress-provider|18","measures":{"value":578719458}}
{"ts":1676961596187458095,"type":"point","name":"time-to-find|done|cypress-provider|18","measures":{"value":28105352013}}
{"ts":1676961595111935219,"type":"point","name":"num-hops|cypress-provider|1","measures":{"value":2}}
{"ts":1676961596210323512,"type":"point","name":"time-to-find-last|done|cypress-provider|1","measures":{"value":2357639042}}
{"ts":1676961596218674762,"type":"point","name":"time-to-find|done|cypress-provider|1","measures":{"value":28141838013}}
{"ts":1676961596232427720,"type":"point","name":"peers-found|done|cypress-provider|1","measures":{"value":40}}
{"ts":1676961596249920553,"type":"point","name":"peers-missing|done|cypress-provider|1","measures":{"value":0}}
{"ts":1676961596200086845,"type":"point","name":"peers-found|done|cypress-provider|18","measures":{"value":40}}
{"ts":1676961596274442137,"type":"point","name":"peers-missing|done|cypress-provider|18","measures":{"value":0}}
{"ts":1676961596349187137,"type":"point","name":"signal provider-records2","measures":{"value":60724584}}
{"ts":1676961597259897887,"type":"point","name":"barrierprovider-records2","measures":{"value":901304250}}
{"ts":1676961597324238346,"type":"point","name":"full provider-records2","measures":{"value":29249036931}}
