{"ts":1674066930014901595,"msg":"","group_id":"cypress-provider","run_id":"cf43n4vrirftjv7ca3d0","event":{"message_event":{"message":"registering default http handler at: http://[::]:6060/ (pprof: http://[::]:6060/debug/pprof/)"}}}
{"ts":1674066930023142428,"msg":"","group_id":"cypress-provider","run_id":"cf43n4vrirftjv7ca3d0","event":{"start_event":{"runenv":{"plan":"dht","case":"find-providers","run":"cf43n4vrirftjv7ca3d0","params":{"alpha":"6","auto_refresh":"true","beta":"3","bootstrapper":"true","bs_strategy":"3","bucket_size":"10","client_mode":"false","datastore":"0","expect_dht":"true","group_order":"1","latency":"100","peer_id_seed":"0","random_walk":"false","record_count":"20","record_seed":"0","search_records":"true","timeout_secs":"2000","undialable":"false"},"instances":50,"outputs_path":"/outputs","temp_path":"/temp","network":"16.55.0.0/16","group":"cypress-provider","group_instances":50}}}}
{"ts":1674066930131955095,"msg":"","group_id":"cypress-provider","run_id":"cf43n4vrirftjv7ca3d0","event":{"message_event":{"message":"waiting for network to initialize"}}}
{"ts":1674066934928062014,"msg":"","group_id":"cypress-provider","run_id":"cf43n4vrirftjv7ca3d0","event":{"message_event":{"message":"network initialisation successful"}}}
{"ts":1674066935006220014,"msg":"","group_id":"cypress-provider","run_id":"cf43n4vrirftjv7ca3d0","event":{"message_event":{"message":"network initialization complete"}}}
{"ts":1674066935032402680,"msg":"","group_id":"cypress-provider","run_id":"cf43n4vrirftjv7ca3d0","event":{"message_event":{"message":"claimed sequence numbers; global=10, group(cypress-provider)=4"}}}
{"ts":1674066935060212139,"msg":"","group_id":"cypress-provider","run_id":"cf43n4vrirftjv7ca3d0","event":{"message_event":{"message":"Finding providers"}}}
{"ts":1674066935394236389,"msg":"","group_id":"cypress-provider","run_id":"cf43n4vrirftjv7ca3d0","event":{"message_event":{"message":"network initialisation successful"}}}
{"ts":1674066935476474930,"msg":"","group_id":"cypress-provider","run_id":"cf43n4vrirftjv7ca3d0","event":{"message_event":{"message":"SetupNetwork, network setup completed"}}}
{"ts":1674066936935107750,"msg":"","group_id":"cypress-provider","run_id":"cf43n4vrirftjv7ca3d0","event":{"message_event":{"message":"there are 1 groups map[cypress-provider:0x400096a480]"}}}
{"ts":1674066936938467625,"msg":"","group_id":"cypress-provider","run_id":"cf43n4vrirftjv7ca3d0","event":{"message_event":{"message":"setGroupInfo, sortedGroup:%!(EXTRA []string=[cypress-provider])"}}}
{"ts":1674066936942172250,"msg":"","group_id":"cypress-provider","run_id":"cf43n4vrirftjv7ca3d0","event":{"message_event":{"message":"past group info"}}}
{"ts":1674066936949979000,"msg":"","group_id":"cypress-provider","run_id":"cf43n4vrirftjv7ca3d0","event":{"message_event":{"message":"connmgr parameters: hi=12, lo=6"}}}
{"ts":1674066936957922375,"msg":"","group_id":"cypress-provider","run_id":"cf43n4vrirftjv7ca3d0","event":{"message_event":{"message":"creating DHT"}}}
{"ts":1674066936968256250,"msg":"","group_id":"cypress-provider","run_id":"cf43n4vrirftjv7ca3d0","event":{"message_event":{"message":"creating DHT successful"}}}
{"ts":1674066936971112084,"msg":"","group_id":"cypress-provider","run_id":"cf43n4vrirftjv7ca3d0","event":{"message_event":{"message":"supporting protocol:%!(EXTRA string=/p2p/id/delta/1.0.0)"}}}
{"ts":1674066936974725959,"msg":"","group_id":"cypress-provider","run_id":"cf43n4vrirftjv7ca3d0","event":{"message_event":{"message":"supporting protocol:%!(EXTRA string=/ipfs/id/1.0.0)"}}}
{"ts":1674066936977628292,"msg":"","group_id":"cypress-provider","run_id":"cf43n4vrirftjv7ca3d0","event":{"message_event":{"message":"supporting protocol:%!(EXTRA string=/ipfs/id/push/1.0.0)"}}}
{"ts":1674066936980490584,"msg":"","group_id":"cypress-provider","run_id":"cf43n4vrirftjv7ca3d0","event":{"message_event":{"message":"supporting protocol:%!(EXTRA string=/ipfs/ping/1.0.0)"}}}
{"ts":1674066936986276250,"msg":"","group_id":"cypress-provider","run_id":"cf43n4vrirftjv7ca3d0","event":{"message_event":{"message":"supporting protocol:%!(EXTRA string=/libp2p/circuit/relay/0.1.0)"}}}
{"ts":1674066936991614417,"msg":"","group_id":"cypress-provider","run_id":"cf43n4vrirftjv7ca3d0","event":{"message_event":{"message":"supporting protocol:%!(EXTRA string=/libp2p/circuit/relay/0.2.0/stop)"}}}
{"ts":1674066936995755209,"msg":"","group_id":"cypress-provider","run_id":"cf43n4vrirftjv7ca3d0","event":{"message_event":{"message":"supporting protocol:%!(EXTRA string=/libp2p/autonat/1.0.0)"}}}
{"ts":1674066936998612000,"msg":"","group_id":"cypress-provider","run_id":"cf43n4vrirftjv7ca3d0","event":{"message_event":{"message":"supporting protocol:%!(EXTRA string=/testground/kad/1.0.0)"}}}
{"ts":1674066939422432293,"msg":"","group_id":"cypress-provider","run_id":"cf43n4vrirftjv7ca3d0","event":{"message_event":{"message":"2 is waiting on 0 from state 0"}}}
{"ts":1674066939441590751,"msg":"requested a barrier with target zero; satisfying immediately","group_id":"cypress-provider","run_id":"cf43n4vrirftjv7ca3d0","state":"boostrap-gradual1-0"}
{"ts":1674066939454131710,"msg":"","group_id":"cypress-provider","run_id":"cf43n4vrirftjv7ca3d0","event":{"message_event":{"message":"2 is running"}}}
{"ts":1674066939541562418,"msg":"","group_id":"cypress-provider","run_id":"cf43n4vrirftjv7ca3d0","event":{"message_event":{"message":"Dial to all other peers"}}}
{"ts":1674066939562273835,"msg":"","group_id":"cypress-provider","run_id":"cf43n4vrirftjv7ca3d0","event":{"message_event":{"message":"dialling peer 12D3KooWFJGAAPuFWEeZUVvSEs7dEGnzgCyBpVuYAx8R9WmSNMe7 (attempt 1)"}}}
{"ts":1674066939761360918,"msg":"","group_id":"cypress-provider","run_id":"cf43n4vrirftjv7ca3d0","event":{"message_event":{"message":"Connect, successfully dialed peer: %!(EXTRA peer.AddrInfo={12D3KooWFJGAAPuFWEeZUVvSEs7dEGnzgCyBpVuYAx8R9WmSNMe7: [/ip4/16.55.0.27/tcp/44473]})"}}}
{"ts":1674066939783393085,"msg":"","group_id":"cypress-provider","run_id":"cf43n4vrirftjv7ca3d0","event":{"message_event":{"message":"dialling peer 12D3KooWQfG74brcJhzpNwjPCZmcbBv8f6wxKgLSYmEDXXdPXQpH (attempt 1)"}}}
{"ts":1674066939858960918,"msg":"","group_id":"cypress-provider","run_id":"cf43n4vrirftjv7ca3d0","event":{"message_event":{"message":"Connect, successfully dialed peer: %!(EXTRA peer.AddrInfo={12D3KooWQfG74brcJhzpNwjPCZmcbBv8f6wxKgLSYmEDXXdPXQpH: [/ip4/16.55.0.10/tcp/36685]})"}}}
{"ts":1674066939862661752,"msg":"","group_id":"cypress-provider","run_id":"cf43n4vrirftjv7ca3d0","event":{"message_event":{"message":"dialling peer 12D3KooWEuk3nU2BCEx3AMKnCFLEG7yXAt1q7gcstxCTJZMfTwkV (attempt 1)"}}}
{"ts":1674066940617343627,"msg":"","group_id":"cypress-provider","run_id":"cf43n4vrirftjv7ca3d0","event":{"message_event":{"message":"Connect, successfully dialed peer: %!(EXTRA peer.AddrInfo={12D3KooWEuk3nU2BCEx3AMKnCFLEG7yXAt1q7gcstxCTJZMfTwkV: [/ip4/16.55.0.50/tcp/36987]})"}}}
{"ts":1674066972576535045,"msg":"","group_id":"cypress-provider","run_id":"cf43n4vrirftjv7ca3d0","event":{"message_event":{"message":"bootstrap: everyone table ready"}}}
{"ts":1674066973167121128,"msg":"","group_id":"cypress-provider","run_id":"cf43n4vrirftjv7ca3d0","event":{"message_event":{"message":"2 is done - waiting for 49"}}}
{"ts":1674066973802075878,"msg":"","group_id":"cypress-provider","run_id":"cf43n4vrirftjv7ca3d0","event":{"message_event":{"message":"2 passed the barrier"}}}
{"ts":1674066975844896004,"msg":"","group_id":"cypress-provider","run_id":"cf43n4vrirftjv7ca3d0","event":{"message_event":{"message":"bootstrap: begin trim"}}}
{"ts":1674066976449909880,"msg":"","group_id":"cypress-provider","run_id":"cf43n4vrirftjv7ca3d0","event":{"message_event":{"message":"name: signal bootstrapping0; uint: ns; time: %!d(float64=3.806375e+06)"}}}
{"ts":1674066976462297005,"msg":"","group_id":"cypress-provider","run_id":"cf43n4vrirftjv7ca3d0","event":{"message_event":{"message":"signal bootstrapping0%!(EXTRA float64=1.6196083e+07)"}}}
{"ts":1674066976481186755,"msg":"","group_id":"cypress-provider","run_id":"cf43n4vrirftjv7ca3d0","event":{"message_event":{"message":"name: barrier bootstrapping0; uint: ns; time: %!d(float64=458)"}}}
{"ts":1674066976711858088,"msg":"","group_id":"cypress-provider","run_id":"cf43n4vrirftjv7ca3d0","event":{"message_event":{"message":"barrierbootstrapping0%!(EXTRA float64=2.30665542e+08)"}}}
{"ts":1674066976772078797,"msg":"","group_id":"cypress-provider","run_id":"cf43n4vrirftjv7ca3d0","event":{"message_event":{"message":"name: full bootstrapping0; uint: ns; time: %!d(float64=2.90889917e+08)"}}}
{"ts":1674066976796188380,"msg":"","group_id":"cypress-provider","run_id":"cf43n4vrirftjv7ca3d0","event":{"message_event":{"message":"full bootstrapping0%!(EXTRA float64=3.7374885517e+10)"}}}
{"ts":1674066977364053672,"msg":"","group_id":"cypress-provider","run_id":"cf43n4vrirftjv7ca3d0","event":{"message_event":{"message":"bootstrap: finished with 16 connections, 30 in the routing table"}}}
{"ts":1674066977405439088,"msg":"","group_id":"cypress-provider","run_id":"cf43n4vrirftjv7ca3d0","event":{"message_event":{"message":"table health: {\"IdealDepth\":6,\"ActualDepth\":7,\"Bucket\":[{\"Depth\":1,\"MaxKnownContacts\":27,\"ActualKnownContacts\":10,\"ActualUnknownContacts\":0},{\"Depth\":2,\"MaxKnownContacts\":12,\"ActualKnownContacts\":10,\"ActualUnknownContacts\":0},{\"Depth\":3,\"MaxKnownContacts\":4,\"ActualKnownContacts\":4,\"ActualUnknownContacts\":0},{\"Depth\":4,\"MaxKnownContacts\":2,\"ActualKnownContacts\":2,\"ActualUnknownContacts\":0},{\"Depth\":5,\"MaxKnownContacts\":1,\"ActualKnownContacts\":1,\"ActualUnknownContacts\":0},{\"Depth\":6,\"MaxKnownContacts\":2,\"ActualKnownContacts\":2,\"ActualUnknownContacts\":0},{\"Depth\":7,\"MaxKnownContacts\":1,\"ActualKnownContacts\":1,\"ActualUnknownContacts\":0}]}"}}}
{"ts":1674066977431478714,"msg":"","group_id":"cypress-provider","run_id":"cf43n4vrirftjv7ca3d0","event":{"message_event":{"message":"bootstrap: done"}}}
{"ts":1674066977455178839,"msg":"","group_id":"cypress-provider","run_id":"cf43n4vrirftjv7ca3d0","event":{"message_event":{"message":"Bootstrap phase ended"}}}
{"ts":1674066977488310255,"msg":"","group_id":"cypress-provider","run_id":"cf43n4vrirftjv7ca3d0","event":{"message_event":{"message":"SetupNetwork, network setup completed"}}}
{"ts":1674066977515164339,"msg":"","group_id":"cypress-provider","run_id":"cf43n4vrirftjv7ca3d0","event":{"message_event":{"message":"getRecords, record count > 0"}}}
{"ts":1674066977562939047,"msg":"","group_id":"cypress-provider","run_id":"cf43n4vrirftjv7ca3d0","event":{"message_event":{"message":"getRecords, searchRecords: %!(EXTRA []*test.ProviderRecordSubmission=[0x4003684660])"}}}
{"ts":1674066977584089922,"msg":"","group_id":"cypress-provider","run_id":"cf43n4vrirftjv7ca3d0","event":{"message_event":{"message":"start provide loop"}}}
{"ts":1674066995695832333,"msg":"","group_id":"cypress-provider","run_id":"cf43n4vrirftjv7ca3d0","event":{"message_event":{"message":"failed to send batch to InfluxDB; attempt 0; err: Post \"http://testground-influxdb:8086/write?consistency=&db=testground&precision=ns&rp=\": context deadline exceeded (Client.Timeout exceeded while awaiting headers)"}}}
{"ts":1674067003074011420,"msg":"","group_id":"cypress-provider","run_id":"cf43n4vrirftjv7ca3d0","event":{"message_event":{"message":"failed to send batch to InfluxDB; attempt 1; err: Post \"http://testground-influxdb:8086/write?consistency=&db=testground&precision=ns&rp=\": context deadline exceeded (Client.Timeout exceeded while awaiting headers)"}}}
{"ts":1674067009274161131,"msg":"","group_id":"cypress-provider","run_id":"cf43n4vrirftjv7ca3d0","event":{"message_event":{"message":"failed to send batch to InfluxDB; attempt 2; err: Post \"http://testground-influxdb:8086/write?consistency=&db=testground&precision=ns&rp=\": context deadline exceeded (Client.Timeout exceeded while awaiting headers)"}}}
{"ts":1674067010911205507,"msg":"","group_id":"cypress-provider","run_id":"cf43n4vrirftjv7ca3d0","event":{"message_event":{"message":"Provided CID: QmYFqavMPJvzLNnh6wYdHLAR7iiix7mPrpbJaXRGMVBxzb"}}}
{"ts":1674067011194154590,"msg":"","group_id":"cypress-provider","run_id":"cf43n4vrirftjv7ca3d0","event":{"message_event":{"message":"Provided CID: QmXyoMntxMK4Z9uuruxACuyTV7kwdSEyjtxNhWbznehRUr"}}}
{"ts":1674067011423712007,"msg":"","group_id":"cypress-provider","run_id":"cf43n4vrirftjv7ca3d0","event":{"message_event":{"message":"Provided CID: Qmbtbn2iDC1YBbrN2WYgyscVXM5vws3ZoA4gT8YKzKMXgX"}}}
{"ts":1674067011567665965,"msg":"","group_id":"cypress-provider","run_id":"cf43n4vrirftjv7ca3d0","event":{"message_event":{"message":"Provided CID: Qmbwx2wndEZeCm1257gtYyAeXrGNDStgm7YsufAHbyUkDc"}}}
{"ts":1674067013137317050,"msg":"","group_id":"cypress-provider","run_id":"cf43n4vrirftjv7ca3d0","event":{"message_event":{"message":"Provided CID: QmeT46kQsiffrH7MdGfNpkgaKGfKUnZw6bEw5APTU27WPz"}}}
{"ts":1674067013210652841,"msg":"","group_id":"cypress-provider","run_id":"cf43n4vrirftjv7ca3d0","event":{"message_event":{"message":"Provided CID: QmSSrDtDK5LvFTnBAgNmjb5tRWcYuExu1qYLrXNv2UdzXE"}}}
{"ts":1674067013213985425,"msg":"","group_id":"cypress-provider","run_id":"cf43n4vrirftjv7ca3d0","event":{"message_event":{"message":"Provided CID: QmYigrr9erPWMnVKfw74wV1KvjZ18mtzEzv7iFbWDh5VdP"}}}
{"ts":1674067013170849383,"msg":"","group_id":"cypress-provider","run_id":"cf43n4vrirftjv7ca3d0","event":{"message_event":{"message":"Provided CID: QmNj8PTJnf4fUCBd6EEAXcvMgfVMnt4CXFkPu968Fwg6YT"}}}
{"ts":1674067013887535217,"msg":"","group_id":"cypress-provider","run_id":"cf43n4vrirftjv7ca3d0","event":{"message_event":{"message":"Provided CID: QmeSZuScRfVhZy4U2CzqmAd5P8uxzgeW2nfbk2k4UyutkT"}}}
{"ts":1674067022295196262,"msg":"","group_id":"cypress-provider","run_id":"cf43n4vrirftjv7ca3d0","event":{"message_event":{"message":"failed to send batch to InfluxDB; attempt 0; err: Post \"http://testground-influxdb:8086/write?consistency=&db=testground&precision=ns&rp=\": context deadline exceeded (Client.Timeout exceeded while awaiting headers)"}}}
{"ts":1674067031049611419,"msg":"","group_id":"cypress-provider","run_id":"cf43n4vrirftjv7ca3d0","event":{"message_event":{"message":"failed to send batch to InfluxDB; attempt 1; err: Post \"http://testground-influxdb:8086/write?consistency=&db=testground&precision=ns&rp=\": context deadline exceeded (Client.Timeout exceeded while awaiting headers)"}}}
{"ts":1674067037971723505,"msg":"","group_id":"cypress-provider","run_id":"cf43n4vrirftjv7ca3d0","event":{"message_event":{"message":"failed to send batch to InfluxDB; attempt 2; err: Post \"http://testground-influxdb:8086/write?consistency=&db=testground&precision=ns&rp=\": context deadline exceeded (Client.Timeout exceeded while awaiting headers)"}}}
{"ts":1674067042232380549,"msg":"","group_id":"cypress-provider","run_id":"cf43n4vrirftjv7ca3d0","event":{"message_event":{"message":"Provided CID: QmSpZzCdhhyWM7eTNe29nDrPR9xdZR8R4VpGSoTdFq5usz"}}}
{"ts":1674067047301538427,"msg":"","group_id":"cypress-provider","run_id":"cf43n4vrirftjv7ca3d0","event":{"message_event":{"message":"failed to send batch to InfluxDB; attempt 3; err: Post \"http://testground-influxdb:8086/write?consistency=&db=testground&precision=ns&rp=\": context deadline exceeded (Client.Timeout exceeded while awaiting headers)"}}}
{"ts":1674067049205546844,"msg":"","group_id":"cypress-provider","run_id":"cf43n4vrirftjv7ca3d0","event":{"message_event":{"message":"Provided CID: QmQZkMNdV3rH6umvxCwWEdoj4TjWyAxNuLxbXEigd8iKqU"}}}
{"ts":1674067053311719263,"msg":"","group_id":"cypress-provider","run_id":"cf43n4vrirftjv7ca3d0","event":{"message_event":{"message":"Provided CID: QmY1eF8EB1WVFdF6xzh1C1YkadMojpT4FoEZkqzyprqDoV"}}}
{"ts":1674067058876655209,"msg":"","group_id":"cypress-provider","run_id":"cf43n4vrirftjv7ca3d0","event":{"message_event":{"message":"failed to send batch to InfluxDB; attempt 4; err: Post \"http://testground-influxdb:8086/write?consistency=&db=testground&precision=ns&rp=\": context deadline exceeded (Client.Timeout exceeded while awaiting headers)"}}}
{"ts":1674067058890315293,"msg":"","group_id":"cypress-provider","run_id":"cf43n4vrirftjv7ca3d0","event":{"message_event":{"message":"influxdb: failed to upload 128 points; err: All attempts fail:\n#1: Post \"http://testground-influxdb:8086/write?consistency=&db=testground&precision=ns&rp=\": context deadline exceeded (Client.Timeout exceeded while awaiting headers)\n#2: Post \"http://testground-influxdb:8086/write?consistency=&db=testground&precision=ns&rp=\": context deadline exceeded (Client.Timeout exceeded while awaiting headers)\n#3: Post \"http://testground-influxdb:8086/write?consistency=&db=testground&precision=ns&rp=\": context deadline exceeded (Client.Timeout exceeded while awaiting headers)\n#4: Post \"http://testground-influxdb:8086/write?consistency=&db=testground&precision=ns&rp=\": context deadline exceeded (Client.Timeout exceeded while awaiting headers)\n#5: Post \"http://testground-influxdb:8086/write?consistency=&db=testground&precision=ns&rp=\": context deadline exceeded (Client.Timeout exceeded while awaiting headers)"}}}
{"ts":1674067064195360379,"msg":"","group_id":"cypress-provider","run_id":"cf43n4vrirftjv7ca3d0","event":{"message_event":{"message":"failed to send batch to InfluxDB; attempt 0; err: Post \"http://testground-influxdb:8086/write?consistency=&db=testground&precision=ns&rp=\": context deadline exceeded (Client.Timeout exceeded while awaiting headers)"}}}
{"ts":1674067065759649379,"msg":"","group_id":"cypress-provider","run_id":"cf43n4vrirftjv7ca3d0","event":{"message_event":{"message":"Provided CID: QmTzXCJwzJbtQxtpimCKwbyty4yPphQgGZQM2YRN45kMv2"}}}
{"ts":1674067068373425839,"msg":"","group_id":"cypress-provider","run_id":"cf43n4vrirftjv7ca3d0","event":{"message_event":{"message":"Provided CID: QmdKMXX7ZqzwxriTXcLtqQJQXThZrgCaiSUERdDZ9Ne95f"}}}
{"ts":1674067068374724964,"msg":"","group_id":"cypress-provider","run_id":"cf43n4vrirftjv7ca3d0","event":{"message_event":{"message":"Provided CID: QmQw6U12opixMzbVDc384vgh7sia5gUKajDD24oRLaLEqQ"}}}
{"ts":1674067068375479547,"msg":"","group_id":"cypress-provider","run_id":"cf43n4vrirftjv7ca3d0","event":{"message_event":{"message":"Provided CID: QmNnfyApQUXaqj2dsRTthNUBBktYf6seo7BJk7W9Ym56ZH"}}}
{"ts":1674067069767457798,"msg":"","group_id":"cypress-provider","run_id":"cf43n4vrirftjv7ca3d0","event":{"message_event":{"message":"failed to send batch to InfluxDB; attempt 1; err: Post \"http://testground-influxdb:8086/write?consistency=&db=testground&precision=ns&rp=\": context deadline exceeded (Client.Timeout exceeded while awaiting headers)"}}}
{"ts":1674067071207162549,"msg":"","group_id":"cypress-provider","run_id":"cf43n4vrirftjv7ca3d0","event":{"message_event":{"message":"Provided CID: QmS1rxhfhq3FsUuG2TLNSYW6gxrtR4hmfoiajCdWCo7hq5"}}}
{"ts":1674067071234227049,"msg":"","group_id":"cypress-provider","run_id":"cf43n4vrirftjv7ca3d0","event":{"message_event":{"message":"Provided CID: QmQNSGk6KsGpAPPAL4PweycsHN5Te4YBvwQY8G9bYWRKpe"}}}
{"ts":1674067071336606174,"msg":"","group_id":"cypress-provider","run_id":"cf43n4vrirftjv7ca3d0","event":{"message_event":{"message":"Provided CID: QmTeC6qvToLwytK5uruQq4npHWezRWnRXjHm6Gn9h2tsFr"}}}
{"ts":1674067072348540799,"msg":"","group_id":"cypress-provider","run_id":"cf43n4vrirftjv7ca3d0","event":{"message_event":{"message":"Provided CID: QmQHFH1e6p6NGjLiA3rVJHRYzS7qBhfbKGGajQZ26u1PuE"}}}
{"ts":1674067072424442883,"msg":"","group_id":"cypress-provider","run_id":"cf43n4vrirftjv7ca3d0","event":{"message_event":{"message":"name: signal provider-records1; uint: ns; time: %!d(float64=2.1955917e+07)"}}}
{"ts":1674067072469568508,"msg":"","group_id":"cypress-provider","run_id":"cf43n4vrirftjv7ca3d0","event":{"message_event":{"message":"signal provider-records1%!(EXTRA float64=6.7076667e+07)"}}}
{"ts":1674067072554315049,"msg":"","group_id":"cypress-provider","run_id":"cf43n4vrirftjv7ca3d0","event":{"message_event":{"message":"name: barrier provider-records1; uint: ns; time: %!d(float64=167)"}}}
{"ts":1674067076279341468,"msg":"","group_id":"cypress-provider","run_id":"cf43n4vrirftjv7ca3d0","event":{"message_event":{"message":"barrierprovider-records1%!(EXTRA float64=3.724983794e+09)"}}}
{"ts":1674067076312518634,"msg":"","group_id":"cypress-provider","run_id":"cf43n4vrirftjv7ca3d0","event":{"message_event":{"message":"failed to send batch to InfluxDB; attempt 2; err: Post \"http://testground-influxdb:8086/write?consistency=&db=testground&precision=ns&rp=\": context deadline exceeded (Client.Timeout exceeded while awaiting headers)"}}}
{"ts":1674067076375382759,"msg":"","group_id":"cypress-provider","run_id":"cf43n4vrirftjv7ca3d0","event":{"message_event":{"message":"name: full provider-records1; uint: ns; time: %!d(float64=3.820248044e+09)"}}}
{"ts":1674067076507659759,"msg":"","group_id":"cypress-provider","run_id":"cf43n4vrirftjv7ca3d0","event":{"message_event":{"message":"full provider-records1%!(EXTRA float64=9.8918332044e+10)"}}}
{"ts":1674067085053648889,"msg":"","group_id":"cypress-provider","run_id":"cf43n4vrirftjv7ca3d0","event":{"message_event":{"message":"failed to send batch to InfluxDB; attempt 3; err: Post \"http://testground-influxdb:8086/write?consistency=&db=testground&precision=ns&rp=\": context deadline exceeded (Client.Timeout exceeded while awaiting headers)"}}}
{"ts":1674067095679146671,"msg":"","group_id":"cypress-provider","run_id":"cf43n4vrirftjv7ca3d0","event":{"message_event":{"message":"failed to send batch to InfluxDB; attempt 4; err: Post \"http://testground-influxdb:8086/write?consistency=&db=testground&precision=ns&rp=\": context deadline exceeded (Client.Timeout exceeded while awaiting headers)"}}}
{"ts":1674067096438438421,"msg":"","group_id":"cypress-provider","run_id":"cf43n4vrirftjv7ca3d0","event":{"message_event":{"message":"influxdb: failed to upload 128 points; err: All attempts fail:\n#1: Post \"http://testground-influxdb:8086/write?consistency=&db=testground&precision=ns&rp=\": context deadline exceeded (Client.Timeout exceeded while awaiting headers)\n#2: Post \"http://testground-influxdb:8086/write?consistency=&db=testground&precision=ns&rp=\": context deadline exceeded (Client.Timeout exceeded while awaiting headers)\n#3: Post \"http://testground-influxdb:8086/write?consistency=&db=testground&precision=ns&rp=\": context deadline exceeded (Client.Timeout exceeded while awaiting headers)\n#4: Post \"http://testground-influxdb:8086/write?consistency=&db=testground&precision=ns&rp=\": context deadline exceeded (Client.Timeout exceeded while awaiting headers)\n#5: Post \"http://testground-influxdb:8086/write?consistency=&db=testground&precision=ns&rp=\": context deadline exceeded (Client.Timeout exceeded while awaiting headers)"}}}
{"ts":1674067103643614300,"msg":"","group_id":"cypress-provider","run_id":"cf43n4vrirftjv7ca3d0","event":{"message_event":{"message":"failed to send batch to InfluxDB; attempt 0; err: Post \"http://testground-influxdb:8086/write?consistency=&db=testground&precision=ns&rp=\": context deadline exceeded (Client.Timeout exceeded while awaiting headers)"}}}
{"ts":1674067112721384762,"msg":"","group_id":"cypress-provider","run_id":"cf43n4vrirftjv7ca3d0","event":{"message_event":{"message":"failed to send batch to InfluxDB; attempt 1; err: Post \"http://testground-influxdb:8086/write?consistency=&db=testground&precision=ns&rp=\": context deadline exceeded (Client.Timeout exceeded while awaiting headers)"}}}
{"ts":1674067122397755294,"msg":"","group_id":"cypress-provider","run_id":"cf43n4vrirftjv7ca3d0","event":{"message_event":{"message":"failed to send batch to InfluxDB; attempt 2; err: Post \"http://testground-influxdb:8086/write?consistency=&db=testground&precision=ns&rp=\": context deadline exceeded (Client.Timeout exceeded while awaiting headers)"}}}
{"ts":1674067132149534424,"msg":"","group_id":"cypress-provider","run_id":"cf43n4vrirftjv7ca3d0","event":{"message_event":{"message":"failed to send batch to InfluxDB; attempt 3; err: Post \"http://testground-influxdb:8086/write?consistency=&db=testground&precision=ns&rp=\": context deadline exceeded (Client.Timeout exceeded while awaiting headers)"}}}
{"ts":1674067142407732346,"msg":"","group_id":"cypress-provider","run_id":"cf43n4vrirftjv7ca3d0","event":{"message_event":{"message":"failed to send batch to InfluxDB; attempt 4; err: Post \"http://testground-influxdb:8086/write?consistency=&db=testground&precision=ns&rp=\": context deadline exceeded (Client.Timeout exceeded while awaiting headers)"}}}
{"ts":1674067142602294262,"msg":"","group_id":"cypress-provider","run_id":"cf43n4vrirftjv7ca3d0","event":{"message_event":{"message":"influxdb: failed to upload 128 points; err: All attempts fail:\n#1: Post \"http://testground-influxdb:8086/write?consistency=&db=testground&precision=ns&rp=\": context deadline exceeded (Client.Timeout exceeded while awaiting headers)\n#2: Post \"http://testground-influxdb:8086/write?consistency=&db=testground&precision=ns&rp=\": context deadline exceeded (Client.Timeout exceeded while awaiting headers)\n#3: Post \"http://testground-influxdb:8086/write?consistency=&db=testground&precision=ns&rp=\": context deadline exceeded (Client.Timeout exceeded while awaiting headers)\n#4: Post \"http://testground-influxdb:8086/write?consistency=&db=testground&precision=ns&rp=\": context deadline exceeded (Client.Timeout exceeded while awaiting headers)\n#5: Post \"http://testground-influxdb:8086/write?consistency=&db=testground&precision=ns&rp=\": context deadline exceeded (Client.Timeout exceeded while awaiting headers)"}}}
{"ts":1674067167344095260,"msg":"","group_id":"cypress-provider","run_id":"cf43n4vrirftjv7ca3d0","event":{"message_event":{"message":"failed to send batch to InfluxDB; attempt 0; err: Post \"http://testground-influxdb:8086/write?consistency=&db=testground&precision=ns&rp=\": context deadline exceeded (Client.Timeout exceeded while awaiting headers)"}}}
{"ts":1674067184479180254,"msg":"","group_id":"cypress-provider","run_id":"cf43n4vrirftjv7ca3d0","event":{"message_event":{"message":"failed to send batch to InfluxDB; attempt 1; err: Post \"http://testground-influxdb:8086/write?consistency=&db=testground&precision=ns&rp=\": context deadline exceeded (Client.Timeout exceeded while awaiting headers)"}}}
{"ts":1674067195116472425,"msg":"","group_id":"cypress-provider","run_id":"cf43n4vrirftjv7ca3d0","event":{"message_event":{"message":"failed to send batch to InfluxDB; attempt 2; err: Post \"http://testground-influxdb:8086/write?consistency=&db=testground&precision=ns&rp=\": context deadline exceeded (Client.Timeout exceeded while awaiting headers)"}}}
{"ts":1674067210469174377,"msg":"","group_id":"cypress-provider","run_id":"cf43n4vrirftjv7ca3d0","event":{"message_event":{"message":"failed to send batch to InfluxDB; attempt 3; err: Post \"http://testground-influxdb:8086/write?consistency=&db=testground&precision=ns&rp=\": context deadline exceeded (Client.Timeout exceeded while awaiting headers)"}}}
{"ts":1674067222608003924,"msg":"","group_id":"cypress-provider","run_id":"cf43n4vrirftjv7ca3d0","event":{"message_event":{"message":"failed to send batch to InfluxDB; attempt 4; err: Post \"http://testground-influxdb:8086/write?consistency=&db=testground&precision=ns&rp=\": context deadline exceeded (Client.Timeout exceeded while awaiting headers)"}}}
{"ts":1674067223621786675,"msg":"","group_id":"cypress-provider","run_id":"cf43n4vrirftjv7ca3d0","event":{"message_event":{"message":"influxdb: failed to upload 128 points; err: All attempts fail:\n#1: Post \"http://testground-influxdb:8086/write?consistency=&db=testground&precision=ns&rp=\": context deadline exceeded (Client.Timeout exceeded while awaiting headers)\n#2: Post \"http://testground-influxdb:8086/write?consistency=&db=testground&precision=ns&rp=\": context deadline exceeded (Client.Timeout exceeded while awaiting headers)\n#3: Post \"http://testground-influxdb:8086/write?consistency=&db=testground&precision=ns&rp=\": context deadline exceeded (Client.Timeout exceeded while awaiting headers)\n#4: Post \"http://testground-influxdb:8086/write?consistency=&db=testground&precision=ns&rp=\": context deadline exceeded (Client.Timeout exceeded while awaiting headers)\n#5: Post \"http://testground-influxdb:8086/write?consistency=&db=testground&precision=ns&rp=\": context deadline exceeded (Client.Timeout exceeded while awaiting headers)"}}}
{"ts":1674067230309037261,"msg":"","group_id":"cypress-provider","run_id":"cf43n4vrirftjv7ca3d0","event":{"message_event":{"message":"failed to send batch to InfluxDB; attempt 0; err: Post \"http://testground-influxdb:8086/write?consistency=&db=testground&precision=ns&rp=\": context deadline exceeded (Client.Timeout exceeded while awaiting headers)"}}}
{"ts":1674067238363469292,"msg":"","group_id":"cypress-provider","run_id":"cf43n4vrirftjv7ca3d0","event":{"message_event":{"message":"failed to send batch to InfluxDB; attempt 1; err: Post \"http://testground-influxdb:8086/write?consistency=&db=testground&precision=ns&rp=\": context deadline exceeded (Client.Timeout exceeded while awaiting headers)"}}}
{"ts":1674067246295537796,"msg":"","group_id":"cypress-provider","run_id":"cf43n4vrirftjv7ca3d0","event":{"message_event":{"message":"failed to send batch to InfluxDB; attempt 2; err: Post \"http://testground-influxdb:8086/write?consistency=&db=testground&precision=ns&rp=\": context deadline exceeded (Client.Timeout exceeded while awaiting headers)"}}}
{"ts":1674067253757691466,"msg":"","group_id":"cypress-provider","run_id":"cf43n4vrirftjv7ca3d0","event":{"message_event":{"message":"failed to send batch to InfluxDB; attempt 3; err: Post \"http://testground-influxdb:8086/write?consistency=&db=testground&precision=ns&rp=\": context deadline exceeded (Client.Timeout exceeded while awaiting headers)"}}}
{"ts":1674067263157508096,"msg":"","group_id":"cypress-provider","run_id":"cf43n4vrirftjv7ca3d0","event":{"message_event":{"message":"failed to send batch to InfluxDB; attempt 4; err: Post \"http://testground-influxdb:8086/write?consistency=&db=testground&precision=ns&rp=\": context deadline exceeded (Client.Timeout exceeded while awaiting headers)"}}}
{"ts":1674067263315913138,"msg":"","group_id":"cypress-provider","run_id":"cf43n4vrirftjv7ca3d0","event":{"message_event":{"message":"influxdb: failed to upload 128 points; err: All attempts fail:\n#1: Post \"http://testground-influxdb:8086/write?consistency=&db=testground&precision=ns&rp=\": context deadline exceeded (Client.Timeout exceeded while awaiting headers)\n#2: Post \"http://testground-influxdb:8086/write?consistency=&db=testground&precision=ns&rp=\": context deadline exceeded (Client.Timeout exceeded while awaiting headers)\n#3: Post \"http://testground-influxdb:8086/write?consistency=&db=testground&precision=ns&rp=\": context deadline exceeded (Client.Timeout exceeded while awaiting headers)\n#4: Post \"http://testground-influxdb:8086/write?consistency=&db=testground&precision=ns&rp=\": context deadline exceeded (Client.Timeout exceeded while awaiting headers)\n#5: Post \"http://testground-influxdb:8086/write?consistency=&db=testground&precision=ns&rp=\": context deadline exceeded (Client.Timeout exceeded while awaiting headers)"}}}
{"ts":1674067267938207792,"msg":"","group_id":"cypress-provider","run_id":"cf43n4vrirftjv7ca3d0","event":{"message_event":{"message":"name: signal provider-records2; uint: ns; time: %!d(float64=1.7265417e+07)"}}}
{"ts":1674067267999297209,"msg":"","group_id":"cypress-provider","run_id":"cf43n4vrirftjv7ca3d0","event":{"message_event":{"message":"signal provider-records2%!(EXTRA float64=7.8351376e+07)"}}}
{"ts":1674067268015545084,"msg":"","group_id":"cypress-provider","run_id":"cf43n4vrirftjv7ca3d0","event":{"message_event":{"message":"name: barrier provider-records2; uint: ns; time: %!d(float64=458)"}}}
{"ts":1674067268995115834,"msg":"","group_id":"cypress-provider","run_id":"cf43n4vrirftjv7ca3d0","event":{"message_event":{"message":"failed to send batch to InfluxDB; attempt 0; err: Post \"http://testground-influxdb:8086/write?consistency=&db=testground&precision=ns&rp=\": context deadline exceeded (Client.Timeout exceeded while awaiting headers)"}}}
{"ts":1674067270588246543,"msg":"","group_id":"cypress-provider","run_id":"cf43n4vrirftjv7ca3d0","event":{"message_event":{"message":"barrierprovider-records2%!(EXTRA float64=2.572706084e+09)"}}}
{"ts":1674067270858016085,"msg":"","group_id":"cypress-provider","run_id":"cf43n4vrirftjv7ca3d0","event":{"message_event":{"message":"name: full provider-records2; uint: ns; time: %!d(float64=2.842442668e+09)"}}}
{"ts":1674067270997295585,"msg":"","group_id":"cypress-provider","run_id":"cf43n4vrirftjv7ca3d0","event":{"message_event":{"message":"full provider-records2%!(EXTRA float64=1.90893180838e+11)"}}}
{"ts":1674067271714097752,"msg":"","group_id":"cypress-provider","run_id":"cf43n4vrirftjv7ca3d0","event":{"success_event":{"group":"cypress-provider"}}}
{"ts":1674067274572825170,"msg":"","group_id":"cypress-provider","run_id":"cf43n4vrirftjv7ca3d0","event":{"message_event":{"message":"failed to send batch to InfluxDB; attempt 1; err: Post \"http://testground-influxdb:8086/write?consistency=&db=testground&precision=ns&rp=\": context deadline exceeded (Client.Timeout exceeded while awaiting headers)"}}}
{"ts":1674067280938855298,"msg":"","group_id":"cypress-provider","run_id":"cf43n4vrirftjv7ca3d0","event":{"message_event":{"message":"failed to send batch to InfluxDB; attempt 2; err: Post \"http://testground-influxdb:8086/write?consistency=&db=testground&precision=ns&rp=\": context deadline exceeded (Client.Timeout exceeded while awaiting headers)"}}}
{"ts":1674067288106586427,"msg":"","group_id":"cypress-provider","run_id":"cf43n4vrirftjv7ca3d0","event":{"message_event":{"message":"failed to send batch to InfluxDB; attempt 3; err: Post \"http://testground-influxdb:8086/write?consistency=&db=testground&precision=ns&rp=\": context deadline exceeded (Client.Timeout exceeded while awaiting headers)"}}}
{"ts":1674067297139034625,"msg":"","group_id":"cypress-provider","run_id":"cf43n4vrirftjv7ca3d0","event":{"message_event":{"message":"failed to send batch to InfluxDB; attempt 4; err: Post \"http://testground-influxdb:8086/write?consistency=&db=testground&precision=ns&rp=\": context deadline exceeded (Client.Timeout exceeded while awaiting headers)"}}}
{"ts":1674067297144130708,"msg":"","group_id":"cypress-provider","run_id":"cf43n4vrirftjv7ca3d0","event":{"message_event":{"message":"influxdb: failed to upload 128 points; err: All attempts fail:\n#1: Post \"http://testground-influxdb:8086/write?consistency=&db=testground&precision=ns&rp=\": context deadline exceeded (Client.Timeout exceeded while awaiting headers)\n#2: Post \"http://testground-influxdb:8086/write?consistency=&db=testground&precision=ns&rp=\": context deadline exceeded (Client.Timeout exceeded while awaiting headers)\n#3: Post \"http://testground-influxdb:8086/write?consistency=&db=testground&precision=ns&rp=\": context deadline exceeded (Client.Timeout exceeded while awaiting headers)\n#4: Post \"http://testground-influxdb:8086/write?consistency=&db=testground&precision=ns&rp=\": context deadline exceeded (Client.Timeout exceeded while awaiting headers)\n#5: Post \"http://testground-influxdb:8086/write?consistency=&db=testground&precision=ns&rp=\": context deadline exceeded (Client.Timeout exceeded while awaiting headers)"}}}
{"ts":1674067302271934544,"msg":"","group_id":"cypress-provider","run_id":"cf43n4vrirftjv7ca3d0","event":{"message_event":{"message":"failed to send batch to InfluxDB; attempt 0; err: Post \"http://testground-influxdb:8086/write?consistency=&db=testground&precision=ns&rp=\": context deadline exceeded (Client.Timeout exceeded while awaiting headers)"}}}
{"ts":1674067307897734130,"msg":"","group_id":"cypress-provider","run_id":"cf43n4vrirftjv7ca3d0","event":{"message_event":{"message":"failed to send batch to InfluxDB; attempt 1; err: Post \"http://testground-influxdb:8086/write?consistency=&db=testground&precision=ns&rp=\": context deadline exceeded (Client.Timeout exceeded while awaiting headers)"}}}
{"ts":1674067314907874634,"msg":"","group_id":"cypress-provider","run_id":"cf43n4vrirftjv7ca3d0","event":{"message_event":{"message":"failed to send batch to InfluxDB; attempt 2; err: Post \"http://testground-influxdb:8086/write?consistency=&db=testground&precision=ns&rp=\": context deadline exceeded (Client.Timeout exceeded while awaiting headers)"}}}
{"ts":1674067322358016220,"msg":"","group_id":"cypress-provider","run_id":"cf43n4vrirftjv7ca3d0","event":{"message_event":{"message":"failed to send batch to InfluxDB; attempt 3; err: Post \"http://testground-influxdb:8086/write?consistency=&db=testground&precision=ns&rp=\": context deadline exceeded (Client.Timeout exceeded while awaiting headers)"}}}
{"ts":1674067332200012044,"msg":"","group_id":"cypress-provider","run_id":"cf43n4vrirftjv7ca3d0","event":{"message_event":{"message":"failed to send batch to InfluxDB; attempt 4; err: Post \"http://testground-influxdb:8086/write?consistency=&db=testground&precision=ns&rp=\": context deadline exceeded (Client.Timeout exceeded while awaiting headers)"}}}
{"ts":1674067332232668544,"msg":"","group_id":"cypress-provider","run_id":"cf43n4vrirftjv7ca3d0","event":{"message_event":{"message":"influxdb: failed to upload 128 points; err: All attempts fail:\n#1: Post \"http://testground-influxdb:8086/write?consistency=&db=testground&precision=ns&rp=\": context deadline exceeded (Client.Timeout exceeded while awaiting headers)\n#2: Post \"http://testground-influxdb:8086/write?consistency=&db=testground&precision=ns&rp=\": context deadline exceeded (Client.Timeout exceeded while awaiting headers)\n#3: Post \"http://testground-influxdb:8086/write?consistency=&db=testground&precision=ns&rp=\": context deadline exceeded (Client.Timeout exceeded while awaiting headers)\n#4: Post \"http://testground-influxdb:8086/write?consistency=&db=testground&precision=ns&rp=\": context deadline exceeded (Client.Timeout exceeded while awaiting headers)\n#5: Post \"http://testground-influxdb:8086/write?consistency=&db=testground&precision=ns&rp=\": context deadline exceeded (Client.Timeout exceeded while awaiting headers)"}}}
{"ts":1674067337358824088,"msg":"","group_id":"cypress-provider","run_id":"cf43n4vrirftjv7ca3d0","event":{"message_event":{"message":"failed to send batch to InfluxDB; attempt 0; err: Post \"http://testground-influxdb:8086/write?consistency=&db=testground&precision=ns&rp=\": context deadline exceeded (Client.Timeout exceeded while awaiting headers)"}}}
{"ts":1674067342932099591,"msg":"","group_id":"cypress-provider","run_id":"cf43n4vrirftjv7ca3d0","event":{"message_event":{"message":"failed to send batch to InfluxDB; attempt 1; err: Post \"http://testground-influxdb:8086/write?consistency=&db=testground&precision=ns&rp=\": context deadline exceeded (Client.Timeout exceeded while awaiting headers)"}}}
{"ts":1674067349077092344,"msg":"","group_id":"cypress-provider","run_id":"cf43n4vrirftjv7ca3d0","event":{"message_event":{"message":"failed to send batch to InfluxDB; attempt 2; err: Post \"http://testground-influxdb:8086/write?consistency=&db=testground&precision=ns&rp=\": context deadline exceeded (Client.Timeout exceeded while awaiting headers)"}}}
{"ts":1674067356260548666,"msg":"","group_id":"cypress-provider","run_id":"cf43n4vrirftjv7ca3d0","event":{"message_event":{"message":"failed to send batch to InfluxDB; attempt 3; err: Post \"http://testground-influxdb:8086/write?consistency=&db=testground&precision=ns&rp=\": context deadline exceeded (Client.Timeout exceeded while awaiting headers)"}}}
{"ts":1674067365529400337,"msg":"","group_id":"cypress-provider","run_id":"cf43n4vrirftjv7ca3d0","event":{"message_event":{"message":"failed to send batch to InfluxDB; attempt 4; err: Post \"http://testground-influxdb:8086/write?consistency=&db=testground&precision=ns&rp=\": context deadline exceeded (Client.Timeout exceeded while awaiting headers)"}}}
{"ts":1674067365534966212,"msg":"","group_id":"cypress-provider","run_id":"cf43n4vrirftjv7ca3d0","event":{"message_event":{"message":"influxdb: failed to upload 128 points; err: All attempts fail:\n#1: Post \"http://testground-influxdb:8086/write?consistency=&db=testground&precision=ns&rp=\": context deadline exceeded (Client.Timeout exceeded while awaiting headers)\n#2: Post \"http://testground-influxdb:8086/write?consistency=&db=testground&precision=ns&rp=\": context deadline exceeded (Client.Timeout exceeded while awaiting headers)\n#3: Post \"http://testground-influxdb:8086/write?consistency=&db=testground&precision=ns&rp=\": context deadline exceeded (Client.Timeout exceeded while awaiting headers)\n#4: Post \"http://testground-influxdb:8086/write?consistency=&db=testground&precision=ns&rp=\": context deadline exceeded (Client.Timeout exceeded while awaiting headers)\n#5: Post \"http://testground-influxdb:8086/write?consistency=&db=testground&precision=ns&rp=\": context deadline exceeded (Client.Timeout exceeded while awaiting headers)"}}}
{"ts":1674067370998664507,"msg":"","group_id":"cypress-provider","run_id":"cf43n4vrirftjv7ca3d0","event":{"message_event":{"message":"failed to send batch to InfluxDB; attempt 0; err: Post \"http://testground-influxdb:8086/write?consistency=&db=testground&precision=ns&rp=\": context deadline exceeded (Client.Timeout exceeded while awaiting headers)"}}}
{"ts":1674067376659887968,"msg":"","group_id":"cypress-provider","run_id":"cf43n4vrirftjv7ca3d0","event":{"message_event":{"message":"failed to send batch to InfluxDB; attempt 1; err: Post \"http://testground-influxdb:8086/write?consistency=&db=testground&precision=ns&rp=\": context deadline exceeded (Client.Timeout exceeded while awaiting headers)"}}}
{"ts":1674067382773030304,"msg":"","group_id":"cypress-provider","run_id":"cf43n4vrirftjv7ca3d0","event":{"message_event":{"message":"failed to send batch to InfluxDB; attempt 2; err: Post \"http://testground-influxdb:8086/write?consistency=&db=testground&precision=ns&rp=\": context deadline exceeded (Client.Timeout exceeded while awaiting headers)"}}}
{"ts":1674067389830082335,"msg":"","group_id":"cypress-provider","run_id":"cf43n4vrirftjv7ca3d0","event":{"message_event":{"message":"failed to send batch to InfluxDB; attempt 3; err: Post \"http://testground-influxdb:8086/write?consistency=&db=testground&precision=ns&rp=\": context deadline exceeded (Client.Timeout exceeded while awaiting headers)"}}}
{"ts":1674067399027160797,"msg":"","group_id":"cypress-provider","run_id":"cf43n4vrirftjv7ca3d0","event":{"message_event":{"message":"failed to send batch to InfluxDB; attempt 4; err: Post \"http://testground-influxdb:8086/write?consistency=&db=testground&precision=ns&rp=\": context deadline exceeded (Client.Timeout exceeded while awaiting headers)"}}}
{"ts":1674067399032113589,"msg":"","group_id":"cypress-provider","run_id":"cf43n4vrirftjv7ca3d0","event":{"message_event":{"message":"influxdb: failed to upload 128 points; err: All attempts fail:\n#1: Post \"http://testground-influxdb:8086/write?consistency=&db=testground&precision=ns&rp=\": context deadline exceeded (Client.Timeout exceeded while awaiting headers)\n#2: Post \"http://testground-influxdb:8086/write?consistency=&db=testground&precision=ns&rp=\": context deadline exceeded (Client.Timeout exceeded while awaiting headers)\n#3: Post \"http://testground-influxdb:8086/write?consistency=&db=testground&precision=ns&rp=\": context deadline exceeded (Client.Timeout exceeded while awaiting headers)\n#4: Post \"http://testground-influxdb:8086/write?consistency=&db=testground&precision=ns&rp=\": context deadline exceeded (Client.Timeout exceeded while awaiting headers)\n#5: Post \"http://testground-influxdb:8086/write?consistency=&db=testground&precision=ns&rp=\": context deadline exceeded (Client.Timeout exceeded while awaiting headers)"}}}
{"ts":1674067404083855800,"msg":"","group_id":"cypress-provider","run_id":"cf43n4vrirftjv7ca3d0","event":{"message_event":{"message":"failed to send batch to InfluxDB; attempt 0; err: Post \"http://testground-influxdb:8086/write?consistency=&db=testground&precision=ns&rp=\": context deadline exceeded (Client.Timeout exceeded while awaiting headers)"}}}
{"ts":1674067409714222219,"msg":"","group_id":"cypress-provider","run_id":"cf43n4vrirftjv7ca3d0","event":{"message_event":{"message":"failed to send batch to InfluxDB; attempt 1; err: Post \"http://testground-influxdb:8086/write?consistency=&db=testground&precision=ns&rp=\": context deadline exceeded (Client.Timeout exceeded while awaiting headers)"}}}
{"ts":1674067415916268639,"msg":"","group_id":"cypress-provider","run_id":"cf43n4vrirftjv7ca3d0","event":{"message_event":{"message":"failed to send batch to InfluxDB; attempt 2; err: Post \"http://testground-influxdb:8086/write?consistency=&db=testground&precision=ns&rp=\": context deadline exceeded (Client.Timeout exceeded while awaiting headers)"}}}
{"ts":1674067422967282670,"msg":"","group_id":"cypress-provider","run_id":"cf43n4vrirftjv7ca3d0","event":{"message_event":{"message":"failed to send batch to InfluxDB; attempt 3; err: Post \"http://testground-influxdb:8086/write?consistency=&db=testground&precision=ns&rp=\": context deadline exceeded (Client.Timeout exceeded while awaiting headers)"}}}
{"ts":1674067432116823091,"msg":"","group_id":"cypress-provider","run_id":"cf43n4vrirftjv7ca3d0","event":{"message_event":{"message":"failed to send batch to InfluxDB; attempt 4; err: Post \"http://testground-influxdb:8086/write?consistency=&db=testground&precision=ns&rp=\": context deadline exceeded (Client.Timeout exceeded while awaiting headers)"}}}
{"ts":1674067432238301882,"msg":"","group_id":"cypress-provider","run_id":"cf43n4vrirftjv7ca3d0","event":{"message_event":{"message":"influxdb: failed to upload 128 points; err: All attempts fail:\n#1: Post \"http://testground-influxdb:8086/write?consistency=&db=testground&precision=ns&rp=\": context deadline exceeded (Client.Timeout exceeded while awaiting headers)\n#2: Post \"http://testground-influxdb:8086/write?consistency=&db=testground&precision=ns&rp=\": context deadline exceeded (Client.Timeout exceeded while awaiting headers)\n#3: Post \"http://testground-influxdb:8086/write?consistency=&db=testground&precision=ns&rp=\": context deadline exceeded (Client.Timeout exceeded while awaiting headers)\n#4: Post \"http://testground-influxdb:8086/write?consistency=&db=testground&precision=ns&rp=\": context deadline exceeded (Client.Timeout exceeded while awaiting headers)\n#5: Post \"http://testground-influxdb:8086/write?consistency=&db=testground&precision=ns&rp=\": context deadline exceeded (Client.Timeout exceeded while awaiting headers)"}}}
{"ts":1674067438167128593,"msg":"","group_id":"cypress-provider","run_id":"cf43n4vrirftjv7ca3d0","event":{"message_event":{"message":"failed to send batch to InfluxDB; attempt 0; err: Post \"http://testground-influxdb:8086/write?consistency=&db=testground&precision=ns&rp=\": context deadline exceeded (Client.Timeout exceeded while awaiting headers)"}}}
{"ts":1674067444355119305,"msg":"","group_id":"cypress-provider","run_id":"cf43n4vrirftjv7ca3d0","event":{"message_event":{"message":"failed to send batch to InfluxDB; attempt 1; err: Post \"http://testground-influxdb:8086/write?consistency=&db=testground&precision=ns&rp=\": context deadline exceeded (Client.Timeout exceeded while awaiting headers)"}}}
{"ts":1674067452167410461,"msg":"","group_id":"cypress-provider","run_id":"cf43n4vrirftjv7ca3d0","event":{"message_event":{"message":"failed to send batch to InfluxDB; attempt 2; err: Post \"http://testground-influxdb:8086/write?consistency=&db=testground&precision=ns&rp=\": context deadline exceeded (Client.Timeout exceeded while awaiting headers)"}}}
{"ts":1674067460966245465,"msg":"","group_id":"cypress-provider","run_id":"cf43n4vrirftjv7ca3d0","event":{"message_event":{"message":"failed to send batch to InfluxDB; attempt 3; err: Post \"http://testground-influxdb:8086/write?consistency=&db=testground&precision=ns&rp=\": context deadline exceeded (Client.Timeout exceeded while awaiting headers)"}}}
