{"ts":1674166052585499548,"type":"point","name":"bandwidth-total-in|cypress-provider|49|0","measures":{"value":4357}}
{"ts":1674166052636368673,"type":"point","name":"bandwidth-total-out|cypress-provider|49|0","measures":{"value":7773}}
{"ts":1674166052663379256,"type":"point","name":"bandwidth-rate-in|cypress-provider|49|0","measures":{"value":2631.3426775622775}}
{"ts":1674166052676955090,"type":"point","name":"bandwidth-rate-out|cypress-provider|49|0","measures":{"value":4103.709659011072}}
{"ts":1674166057591730925,"type":"point","name":"bandwidth-total-in|cypress-provider|49|1","measures":{"value":23186}}
{"ts":1674166057596466425,"type":"point","name":"bandwidth-total-out|cypress-provider|49|1","measures":{"value":22958}}
{"ts":1674166057612398300,"type":"point","name":"bandwidth-rate-in|cypress-provider|49|1","measures":{"value":1995.3045526620765}}
{"ts":1674166057679184009,"type":"point","name":"bandwidth-rate-out|cypress-provider|49|1","measures":{"value":4686.188577823131}}
{"ts":1674166062584837094,"type":"point","name":"bandwidth-total-in|cypress-provider|49|2","measures":{"value":58977}}
{"ts":1674166062595434928,"type":"point","name":"bandwidth-total-out|cypress-provider|49|2","measures":{"value":50688}}
{"ts":1674166062610374469,"type":"point","name":"bandwidth-rate-in|cypress-provider|49|2","measures":{"value":8806.994449632586}}
{"ts":1674166062615550303,"type":"point","name":"bandwidth-rate-out|cypress-provider|49|2","measures":{"value":7261.85758992739}}
{"ts":1674166067583933722,"type":"point","name":"bandwidth-total-in|cypress-provider|49|3","measures":{"value":60408}}
{"ts":1674166067586991972,"type":"point","name":"bandwidth-total-out|cypress-provider|49|3","measures":{"value":66396}}
{"ts":1674166067590996972,"type":"point","name":"bandwidth-rate-in|cypress-provider|49|3","measures":{"value":75.93378491897806}}
{"ts":1674166067593130680,"type":"point","name":"bandwidth-rate-out|cypress-provider|49|3","measures":{"value":231.06732419997118}}
{"ts":1674166072585014793,"type":"point","name":"bandwidth-total-in|cypress-provider|49|4","measures":{"value":60408}}
{"ts":1674166072588737710,"type":"point","name":"bandwidth-total-out|cypress-provider|49|4","measures":{"value":66396}}
{"ts":1674166072591885627,"type":"point","name":"bandwidth-rate-in|cypress-provider|49|4","measures":{"value":0.5116378182240297}}
{"ts":1674166072602608377,"type":"point","name":"bandwidth-rate-out|cypress-provider|49|4","measures":{"value":1.556919383679905}}
{"ts":1674166077584411504,"type":"point","name":"bandwidth-total-in|cypress-provider|49|5","measures":{"value":60408}}
{"ts":1674166077587484171,"type":"point","name":"bandwidth-total-out|cypress-provider|49|5","measures":{"value":66396}}
{"ts":1674166077589388546,"type":"point","name":"bandwidth-rate-in|cypress-provider|49|5","measures":{"value":0.003447388501921237}}
{"ts":1674166077618704504,"type":"point","name":"bandwidth-rate-out|cypress-provider|49|5","measures":{"value":0.010490440289084012}}
{"ts":1674166082585948506,"type":"point","name":"bandwidth-total-in|cypress-provider|49|6","measures":{"value":65751}}
{"ts":1674166082622838298,"type":"point","name":"bandwidth-total-out|cypress-provider|49|6","measures":{"value":70023}}
{"ts":1674166082648811173,"type":"point","name":"bandwidth-rate-in|cypress-provider|49|6","measures":{"value":3358.6146497355394}}
{"ts":1674166082657625423,"type":"point","name":"bandwidth-rate-out|cypress-provider|49|6","measures":{"value":1921.091908159743}}
{"ts":1674166087614120592,"type":"point","name":"bandwidth-total-in|cypress-provider|49|7","measures":{"value":66080}}
{"ts":1674166087712126509,"type":"point","name":"bandwidth-total-out|cypress-provider|49|7","measures":{"value":73355}}
{"ts":1674166087810785592,"type":"point","name":"bandwidth-rate-in|cypress-provider|49|7","measures":{"value":31.07099963615343}}
{"ts":1674166087834517217,"type":"point","name":"bandwidth-rate-out|cypress-provider|49|7","measures":{"value":98.43008985500934}}
{"ts":1674166089173120259,"type":"point","name":"signal bootstrapping0","measures":{"value":64362834}}
{"ts":1674166092587482178,"type":"point","name":"bandwidth-total-in|cypress-provider|49|8","measures":{"value":66127}}
{"ts":1674166092596033344,"type":"point","name":"bandwidth-total-out|cypress-provider|49|8","measures":{"value":73831}}
{"ts":1674166092600859094,"type":"point","name":"bandwidth-rate-in|cypress-provider|49|8","measures":{"value":4.2408582532344345}}
{"ts":1674166092606183344,"type":"point","name":"bandwidth-rate-out|cypress-provider|49|8","measures":{"value":41.49291179518074}}
{"ts":1674166092928117511,"type":"point","name":"barrierbootstrapping0","measures":{"value":3720448169}}
{"ts":1674166093072123636,"type":"point","name":"full bootstrapping0","measures":{"value":44516204729}}
{"ts":1674166097588493430,"type":"point","name":"bandwidth-total-in|cypress-provider|49|9","measures":{"value":69262}}
{"ts":1674166097746130597,"type":"point","name":"bandwidth-total-out|cypress-provider|49|9","measures":{"value":86351}}
{"ts":1674166097750058430,"type":"point","name":"bandwidth-rate-in|cypress-provider|49|9","measures":{"value":1756.8720496629467}}
{"ts":1674166097770415639,"type":"point","name":"bandwidth-rate-out|cypress-provider|49|9","measures":{"value":6274.994392950402}}
{"ts":1674166102707373960,"type":"point","name":"bandwidth-total-in|cypress-provider|49|10","measures":{"value":120282}}
{"ts":1674166102737025377,"type":"point","name":"bandwidth-total-out|cypress-provider|49|10","measures":{"value":148977}}
{"ts":1674166102809225043,"type":"point","name":"bandwidth-rate-in|cypress-provider|49|10","measures":{"value":9696.827620952365}}
{"ts":1674166102873608960,"type":"point","name":"bandwidth-rate-out|cypress-provider|49|10","measures":{"value":10640.461127742388}}
{"ts":1674166106319883545,"type":"point","name":"time-to-provide-10","measures":{"value":8986873879}}
{"ts":1674166106694994879,"type":"point","name":"time-to-provide-16","measures":{"value":8391659212}}
{"ts":1674166107589711254,"type":"point","name":"bandwidth-total-in|cypress-provider|49|11","measures":{"value":188098}}
{"ts":1674166107613318712,"type":"point","name":"bandwidth-total-out|cypress-provider|49|11","measures":{"value":258804}}
{"ts":1674166107680326671,"type":"point","name":"bandwidth-rate-in|cypress-provider|49|11","measures":{"value":8853.832995757964}}
{"ts":1674166107844716629,"type":"point","name":"bandwidth-rate-out|cypress-provider|49|11","measures":{"value":14666.251571763825}}
{"ts":1674166109699140672,"type":"point","name":"time-to-provide-8","measures":{"value":13561801590}}
{"ts":1674166109832081838,"type":"point","name":"time-to-provide-3","measures":{"value":13469987422}}
{"ts":1674166110784165505,"type":"point","name":"time-to-provide-13","measures":{"value":12533907297}}
{"ts":1674166112584379298,"type":"point","name":"bandwidth-total-in|cypress-provider|49|12","measures":{"value":204968}}
{"ts":1674166112803386090,"type":"point","name":"bandwidth-total-out|cypress-provider|49|12","measures":{"value":272127}}
{"ts":1674166112927764465,"type":"point","name":"bandwidth-rate-in|cypress-provider|49|12","measures":{"value":3895.006789849977}}
{"ts":1674166113230561632,"type":"point","name":"bandwidth-rate-out|cypress-provider|49|12","measures":{"value":2380.3642872732057}}
{"ts":1674166114407272091,"type":"point","name":"time-to-provide-1","measures":{"value":18649891092}}
{"ts":1674166115684655424,"type":"point","name":"time-to-provide-11","measures":{"value":18176435175}}
{"ts":1674166117586303259,"type":"point","name":"bandwidth-total-in|cypress-provider|49|13","measures":{"value":226707}}
{"ts":1674166117617129175,"type":"point","name":"bandwidth-total-out|cypress-provider|49|13","measures":{"value":286256}}
{"ts":1674166117661959759,"type":"point","name":"bandwidth-rate-in|cypress-provider|49|13","measures":{"value":4078.898491690051}}
{"ts":1674166117720721800,"type":"point","name":"bandwidth-rate-out|cypress-provider|49|13","measures":{"value":2038.7844779075683}}
{"ts":1674166120192710468,"type":"point","name":"time-to-provide-12","measures":{"value":22414357844}}
{"ts":1674166120216361218,"type":"point","name":"time-to-provide-0","measures":{"value":23969378469}}
{"ts":1674166121896026302,"type":"point","name":"time-to-provide-2","measures":{"value":25930833470}}
{"ts":1674166122589289219,"type":"point","name":"bandwidth-total-in|cypress-provider|49|14","measures":{"value":240022}}
{"ts":1674166122654856386,"type":"point","name":"bandwidth-total-out|cypress-provider|49|14","measures":{"value":307964}}
{"ts":1674166122780134428,"type":"point","name":"bandwidth-rate-in|cypress-provider|49|14","measures":{"value":3437.192585671398}}
{"ts":1674166122592706594,"type":"point","name":"time-to-provide-4","measures":{"value":25955350220}}
{"ts":1674166122652304636,"type":"point","name":"time-to-provide-5","measures":{"value":25972541220}}
{"ts":1674166122851496761,"type":"point","name":"bandwidth-rate-out|cypress-provider|49|14","measures":{"value":5617.535025529196}}
{"ts":1674166125248357679,"type":"point","name":"time-to-provide-6","measures":{"value":28634753305}}
{"ts":1674166126510426471,"type":"point","name":"time-to-provide-9","measures":{"value":29256553180}}
{"ts":1674166127585070722,"type":"point","name":"bandwidth-total-in|cypress-provider|49|15","measures":{"value":250854}}
{"ts":1674166127615116597,"type":"point","name":"bandwidth-total-out|cypress-provider|49|15","measures":{"value":316428}}
{"ts":1674166127666207722,"type":"point","name":"bandwidth-rate-in|cypress-provider|49|15","measures":{"value":1907.2584249413721}}
{"ts":1674166127718142430,"type":"point","name":"bandwidth-rate-out|cypress-provider|49|15","measures":{"value":2141.280397855812}}
{"ts":1674166130051471334,"type":"point","name":"time-to-provide-7","measures":{"value":33058795848}}
{"ts":1674166132915126960,"type":"point","name":"bandwidth-total-in|cypress-provider|49|16","measures":{"value":259576}}
{"ts":1674166132988778793,"type":"point","name":"bandwidth-total-out|cypress-provider|49|16","measures":{"value":326769}}
{"ts":1674166133068277418,"type":"point","name":"bandwidth-rate-in|cypress-provider|49|16","measures":{"value":1436.8777274049394}}
{"ts":1674166133460749210,"type":"point","name":"bandwidth-rate-out|cypress-provider|49|16","measures":{"value":889.4734257387456}}
{"ts":1674166145088703799,"type":"point","name":"bandwidth-total-in|cypress-provider|49|17","measures":{"value":262069}}
{"ts":1674166145136462591,"type":"point","name":"bandwidth-total-out|cypress-provider|49|17","measures":{"value":330454}}
{"ts":1674166145146367674,"type":"point","name":"bandwidth-rate-in|cypress-provider|49|17","measures":{"value":8.386268331240469}}
{"ts":1674166145153730299,"type":"point","name":"bandwidth-rate-out|cypress-provider|49|17","measures":{"value":10.725911360250503}}
{"ts":1674166145581663674,"type":"point","name":"bandwidth-total-in|cypress-provider|49|18","measures":{"value":262069}}
{"ts":1674166147868846092,"type":"point","name":"bandwidth-total-out|cypress-provider|49|18","measures":{"value":330454}}
{"ts":1674166147966649134,"type":"point","name":"bandwidth-rate-in|cypress-provider|49|18","measures":{"value":3.085135707210508}}
{"ts":1674166147972784217,"type":"point","name":"bandwidth-rate-out|cypress-provider|49|18","measures":{"value":3.94584227726338}}
{"ts":1674166147989738301,"type":"point","name":"bandwidth-total-in|cypress-provider|49|19","measures":{"value":263212}}
{"ts":1674166148326638551,"type":"point","name":"time-to-provide-18","measures":{"value":50006183149}}
{"ts":1674166147985538634,"type":"point","name":"time-to-provide-17","measures":{"value":49666389649}}
{"ts":1674166148347452384,"type":"point","name":"bandwidth-total-out|cypress-provider|49|19","measures":{"value":330454}}
{"ts":1674166149721850843,"type":"point","name":"bandwidth-rate-in|cypress-provider|49|19","measures":{"value":317.94873261311056}}
{"ts":1674166151774824469,"type":"point","name":"bandwidth-rate-out|cypress-provider|49|19","measures":{"value":0.5340116822004405}}
{"ts":1674166153534368303,"type":"point","name":"bandwidth-total-in|cypress-provider|49|20","measures":{"value":263298}}
{"ts":1674166153825201095,"type":"point","name":"bandwidth-total-out|cypress-provider|49|20","measures":{"value":330982}}
{"ts":1674166154360079595,"type":"point","name":"bandwidth-rate-in|cypress-provider|49|20","measures":{"value":2.4043834984392727}}
{"ts":1674166154508711012,"type":"point","name":"bandwidth-rate-out|cypress-provider|49|20","measures":{"value":6.922400632328934}}
{"ts":1674166157816158555,"type":"point","name":"bandwidth-total-in|cypress-provider|49|21","measures":{"value":263527}}
{"ts":1674166157931590972,"type":"point","name":"bandwidth-total-out|cypress-provider|49|21","measures":{"value":330982}}
{"ts":1674166158171027180,"type":"point","name":"bandwidth-rate-in|cypress-provider|49|21","measures":{"value":24.053970074442656}}
{"ts":1674166158650604666,"type":"point","name":"bandwidth-rate-out|cypress-provider|49|21","measures":{"value":0.34464603355150525}}
{"ts":1674166162753027877,"type":"point","name":"bandwidth-total-in|cypress-provider|49|22","measures":{"value":263756}}
{"ts":1674166163675313294,"type":"point","name":"bandwidth-total-out|cypress-provider|49|22","measures":{"value":330982}}
{"ts":1674166163807656960,"type":"point","name":"bandwidth-rate-in|cypress-provider|49|22","measures":{"value":2.259711672778524}}
{"ts":1674166164085597960,"type":"point","name":"bandwidth-rate-out|cypress-provider|49|22","measures":{"value":0.006312412294963936}}
{"ts":1674166168902914254,"type":"point","name":"bandwidth-total-in|cypress-provider|49|23","measures":{"value":264028}}
{"ts":1674166168938000004,"type":"point","name":"bandwidth-total-out|cypress-provider|49|23","measures":{"value":331211}}
{"ts":1674166168943081713,"type":"point","name":"bandwidth-rate-in|cypress-provider|49|23","measures":{"value":17.459475903608073}}
{"ts":1674166169717761463,"type":"point","name":"bandwidth-rate-out|cypress-provider|49|23","measures":{"value":5.858388833130468}}
{"ts":1674166172611579965,"type":"point","name":"bandwidth-total-in|cypress-provider|49|24","measures":{"value":264486}}
{"ts":1674166172664106298,"type":"point","name":"bandwidth-total-out|cypress-provider|49|24","measures":{"value":331739}}
{"ts":1674166172697598048,"type":"point","name":"bandwidth-rate-in|cypress-provider|49|24","measures":{"value":50.00482952404607}}
{"ts":1674166172720550548,"type":"point","name":"bandwidth-rate-out|cypress-provider|49|24","measures":{"value":10.677655427652201}}
{"ts":1674166177678521800,"type":"point","name":"bandwidth-total-in|cypress-provider|49|25","measures":{"value":264944}}
{"ts":1674166177726044800,"type":"point","name":"bandwidth-total-out|cypress-provider|49|25","measures":{"value":331739}}
{"ts":1674166177755627759,"type":"point","name":"bandwidth-rate-in|cypress-provider|49|25","measures":{"value":151.1018658169503}}
{"ts":1674166177857508675,"type":"point","name":"bandwidth-rate-out|cypress-provider|49|25","measures":{"value":0.07194547634601782}}
{"ts":1674166180047825926,"type":"point","name":"time-to-provide-14","measures":{"value":81955080371}}
{"ts":1674166182546578053,"type":"point","name":"time-to-provide-15","measures":{"value":84066742873}}
{"ts":1674166182717362761,"type":"point","name":"bandwidth-total-in|cypress-provider|49|26","measures":{"value":271540}}
{"ts":1674166182769885053,"type":"point","name":"bandwidth-total-out|cypress-provider|49|26","measures":{"value":338160}}
{"ts":1674166182795082886,"type":"point","name":"bandwidth-rate-in|cypress-provider|49|26","measures":{"value":2794.9466964896096}}
{"ts":1674166182801766969,"type":"point","name":"bandwidth-rate-out|cypress-provider|49|26","measures":{"value":2351.468701916342}}
{"ts":1674166183446724428,"type":"point","name":"time-to-provide-19","measures":{"value":86168938623}}
{"ts":1674166183684814178,"type":"point","name":"signal provider-records1","measures":{"value":158307042}}
{"ts":1674166187296631388,"type":"point","name":"barrierprovider-records1","measures":{"value":3605062293}}
{"ts":1674166187441484722,"type":"point","name":"full provider-records1","measures":{"value":91735990584}}
{"ts":1674166187611641263,"type":"point","name":"bandwidth-total-in|cypress-provider|49|27","measures":{"value":277460}}
{"ts":1674166187703095305,"type":"point","name":"bandwidth-total-out|cypress-provider|49|27","measures":{"value":339232}}
{"ts":1674166187740650805,"type":"point","name":"bandwidth-rate-in|cypress-provider|49|27","measures":{"value":175.3985581142547}}
{"ts":1674166187764422763,"type":"point","name":"bandwidth-rate-out|cypress-provider|49|27","measures":{"value":33.65357464548902}}
{"ts":1674166189075799791,"type":"point","name":"time-to-find-first|cypress-provider|19","measures":{"value":140440041}}
{"ts":1674166189146875291,"type":"point","name":"time-to-find-first|cypress-provider|0","measures":{"value":194398458}}
{"ts":1674166189147159541,"type":"point","name":"time-to-find-first|cypress-provider|8","measures":{"value":121599708}}
{"ts":1674166189153338458,"type":"point","name":"time-to-find-first|cypress-provider|1","measures":{"value":125126667}}
{"ts":1674166189157812833,"type":"point","name":"time-to-find-first|cypress-provider|2","measures":{"value":128210750}}
{"ts":1674166190030562250,"type":"point","name":"time-to-find-first|cypress-provider|3","measures":{"value":1000170751}}
{"ts":1674166190032013209,"type":"point","name":"time-to-find-first|cypress-provider|6","measures":{"value":996876000}}
{"ts":1674166190032358750,"type":"point","name":"time-to-find-first|cypress-provider|4","measures":{"value":1001154709}}
{"ts":1674166190110840625,"type":"point","name":"time-to-find-first|cypress-provider|5","measures":{"value":1075846042}}
{"ts":1674166190160475709,"type":"point","name":"time-to-find-first|cypress-provider|12","measures":{"value":1085186834}}
{"ts":1674166190160511459,"type":"point","name":"time-to-find-first|cypress-provider|18","measures":{"value":1100196709}}
{"ts":1674166190160876334,"type":"point","name":"time-to-find-first|cypress-provider|7","measures":{"value":1125629334}}
{"ts":1674166190213398417,"type":"point","name":"time-to-find-first|cypress-provider|9","measures":{"value":1137983250}}
{"ts":1674166190356489167,"type":"point","name":"time-to-find-first|cypress-provider|10","measures":{"value":1280810418}}
{"ts":1674166190356540750,"type":"point","name":"time-to-find-first|cypress-provider|11","measures":{"value":1280801001}}
{"ts":1674166190712285751,"type":"point","name":"time-to-find-first|cypress-provider|14","measures":{"value":1619623085}}
{"ts":1674166190868566959,"type":"point","name":"time-to-find-first|cypress-provider|16","measures":{"value":1773028918}}
{"ts":1674166191837487334,"type":"point","name":"time-to-find-first|cypress-provider|13","measures":{"value":2744730501}}
{"ts":1674166192600527501,"type":"point","name":"bandwidth-total-in|cypress-provider|49|28","measures":{"value":303653}}
{"ts":1674166198272723712,"type":"point","name":"bandwidth-total-out|cypress-provider|49|28","measures":{"value":355438}}
{"ts":1674166198291417004,"type":"point","name":"bandwidth-rate-in|cypress-provider|49|28","measures":{"value":10474.62301787523}}
{"ts":1674166198304683588,"type":"point","name":"bandwidth-rate-out|cypress-provider|49|28","measures":{"value":5153.9563766021865}}
{"ts":1674166199554847671,"type":"point","name":"bandwidth-total-in|cypress-provider|49|29","measures":{"value":391996}}
{"ts":1674166199847559338,"type":"point","name":"bandwidth-total-out|cypress-provider|49|29","measures":{"value":459746}}
{"ts":1674166199940519047,"type":"point","name":"bandwidth-rate-in|cypress-provider|49|29","measures":{"value":14628.6165167222}}
{"ts":1674166200415838464,"type":"point","name":"bandwidth-rate-out|cypress-provider|49|29","measures":{"value":14291.769581155533}}
{"ts":1674166192779843543,"type":"point","name":"time-to-find-first|cypress-provider|17","measures":{"value":3635555711}}
{"ts":1674166192648464710,"type":"point","name":"time-to-find-first|cypress-provider|15","measures":{"value":3552985752}}
{"ts":1674166202961135590,"type":"point","name":"bandwidth-total-in|cypress-provider|49|30","measures":{"value":424891}}
{"ts":1674166207752434634,"type":"point","name":"bandwidth-total-out|cypress-provider|49|30","measures":{"value":472097}}
{"ts":1674166207792341925,"type":"point","name":"bandwidth-rate-in|cypress-provider|49|30","measures":{"value":3397.6884949023265}}
{"ts":1674166207805805384,"type":"point","name":"bandwidth-rate-out|cypress-provider|49|30","measures":{"value":1109.2058661976155}}
{"ts":1674166208669005592,"type":"point","name":"bandwidth-total-in|cypress-provider|49|31","measures":{"value":429322}}
{"ts":1674166208960234801,"type":"point","name":"bandwidth-total-out|cypress-provider|49|31","measures":{"value":472183}}
{"ts":1674166208964498968,"type":"point","name":"bandwidth-rate-in|cypress-provider|49|31","measures":{"value":2441.9728657617507}}
{"ts":1674166208970612426,"type":"point","name":"bandwidth-rate-out|cypress-provider|49|31","measures":{"value":188.5855844189404}}
{"ts":1674166213307171095,"type":"point","name":"bandwidth-total-in|cypress-provider|49|32","measures":{"value":441136}}
{"ts":1674166214669618470,"type":"point","name":"bandwidth-total-out|cypress-provider|49|32","measures":{"value":484019}}
{"ts":1674166215582313304,"type":"point","name":"bandwidth-rate-in|cypress-provider|49|32","measures":{"value":8084.036301535746}}
{"ts":1674166215893454513,"type":"point","name":"bandwidth-rate-out|cypress-provider|49|32","measures":{"value":8825.770709879085}}
{"ts":1674166217808738722,"type":"point","name":"bandwidth-total-in|cypress-provider|49|33","measures":{"value":466016}}
{"ts":1674166218067753222,"type":"point","name":"bandwidth-total-out|cypress-provider|49|33","measures":{"value":529891}}
{"ts":1674166218626867208,"type":"point","name":"bandwidth-rate-in|cypress-provider|49|33","measures":{"value":4746.976985193573}}
{"ts":1674166218950654708,"type":"point","name":"bandwidth-rate-out|cypress-provider|49|33","measures":{"value":4345.159859438862}}
{"ts":1674166222698779668,"type":"point","name":"bandwidth-total-in|cypress-provider|49|34","measures":{"value":532405}}
{"ts":1674166222711683543,"type":"point","name":"bandwidth-total-out|cypress-provider|49|34","measures":{"value":617743}}
{"ts":1674166222715737585,"type":"point","name":"bandwidth-rate-in|cypress-provider|49|34","measures":{"value":20096.703519112325}}
{"ts":1674166222726698335,"type":"point","name":"bandwidth-rate-out|cypress-provider|49|34","measures":{"value":19121.079856222474}}
{"ts":1674166227671548379,"type":"point","name":"bandwidth-total-in|cypress-provider|49|35","measures":{"value":577941}}
{"ts":1674166228399499254,"type":"point","name":"bandwidth-total-out|cypress-provider|49|35","measures":{"value":700709}}
{"ts":1674166228498050463,"type":"point","name":"bandwidth-rate-in|cypress-provider|49|35","measures":{"value":5011.989675861943}}
{"ts":1674166228510283338,"type":"point","name":"bandwidth-rate-out|cypress-provider|49|35","measures":{"value":5794.32981225518}}
{"ts":1674166232639791715,"type":"point","name":"bandwidth-total-in|cypress-provider|49|36","measures":{"value":583418}}
{"ts":1674166235471905299,"type":"point","name":"bandwidth-total-out|cypress-provider|49|36","measures":{"value":729436}}
{"ts":1674166237329877758,"type":"point","name":"bandwidth-rate-in|cypress-provider|49|36","measures":{"value":515.4826155952088}}
{"ts":1674166241309691385,"type":"point","name":"bandwidth-rate-out|cypress-provider|49|36","measures":{"value":1850.3347787722564}}
{"ts":1674166242379358469,"type":"point","name":"bandwidth-total-in|cypress-provider|49|37","measures":{"value":583418}}
{"ts":1674166249001078791,"type":"point","name":"bandwidth-total-out|cypress-provider|49|37","measures":{"value":729436}}
{"ts":1674166249077575000,"type":"point","name":"bandwidth-rate-in|cypress-provider|49|37","measures":{"value":515.4826155952088}}
{"ts":1674166249621503792,"type":"point","name":"bandwidth-rate-out|cypress-provider|49|37","measures":{"value":1850.3347787722564}}
{"ts":1674166250580393334,"type":"point","name":"bandwidth-total-in|cypress-provider|49|38","measures":{"value":583418}}
{"ts":1674166250838616209,"type":"point","name":"bandwidth-total-out|cypress-provider|49|38","measures":{"value":729436}}
{"ts":1674166251597408668,"type":"point","name":"bandwidth-rate-in|cypress-provider|49|38","measures":{"value":515.4826155952088}}
{"ts":1674166251924052293,"type":"point","name":"bandwidth-rate-out|cypress-provider|49|38","measures":{"value":1850.3347787722564}}
{"ts":1674166252802771876,"type":"point","name":"bandwidth-total-in|cypress-provider|49|39","measures":{"value":583418}}
{"ts":1674166252854868668,"type":"point","name":"bandwidth-total-out|cypress-provider|49|39","measures":{"value":729436}}
{"ts":1674166252859629543,"type":"point","name":"bandwidth-rate-in|cypress-provider|49|39","measures":{"value":515.4826155952088}}
{"ts":1674166253583159335,"type":"point","name":"bandwidth-rate-out|cypress-provider|49|39","measures":{"value":1850.3347787722564}}
{"ts":1674166257914088004,"type":"point","name":"bandwidth-total-in|cypress-provider|49|40","measures":{"value":598657}}
{"ts":1674166257933475087,"type":"point","name":"bandwidth-total-out|cypress-provider|49|40","measures":{"value":766121}}
{"ts":1674166257949975962,"type":"point","name":"bandwidth-rate-in|cypress-provider|49|40","measures":{"value":207.15784952811853}}
{"ts":1674166257959639504,"type":"point","name":"bandwidth-rate-out|cypress-provider|49|40","measures":{"value":581.1676370414057}}
{"ts":1674166262774950090,"type":"point","name":"bandwidth-total-in|cypress-provider|49|41","measures":{"value":605969}}
{"ts":1674166262802396756,"type":"point","name":"bandwidth-total-out|cypress-provider|49|41","measures":{"value":781663}}
{"ts":1674166262806464256,"type":"point","name":"bandwidth-rate-in|cypress-provider|49|41","measures":{"value":1188.3303328166764}}
{"ts":1674166262810865590,"type":"point","name":"bandwidth-rate-out|cypress-provider|49|41","measures":{"value":6370.636199145359}}
{"ts":1674166267618011342,"type":"point","name":"bandwidth-total-in|cypress-provider|49|42","measures":{"value":615929}}
{"ts":1674166268983949051,"type":"point","name":"bandwidth-total-out|cypress-provider|49|42","measures":{"value":799306}}
{"ts":1674166269300857884,"type":"point","name":"bandwidth-rate-in|cypress-provider|49|42","measures":{"value":424.4938481344085}}
{"ts":1674166269923315551,"type":"point","name":"bandwidth-rate-out|cypress-provider|49|42","measures":{"value":5288.850089103272}}
{"ts":1674166279566953958,"type":"point","name":"bandwidth-total-in|cypress-provider|49|43","measures":{"value":623838}}
{"ts":1674166279589278875,"type":"point","name":"bandwidth-total-out|cypress-provider|49|43","measures":{"value":806165}}
{"ts":1674166279678234083,"type":"point","name":"bandwidth-rate-in|cypress-provider|49|43","measures":{"value":363.22607939749486}}
{"ts":1674166279770693917,"type":"point","name":"bandwidth-rate-out|cypress-provider|49|43","measures":{"value":465.80965390255534}}
{"ts":1674166287010704795,"type":"point","name":"bandwidth-total-in|cypress-provider|49|44","measures":{"value":624397}}
{"ts":1674166287760416087,"type":"point","name":"bandwidth-total-out|cypress-provider|49|44","measures":{"value":836947}}
{"ts":1674166288029199379,"type":"point","name":"bandwidth-rate-in|cypress-provider|49|44","measures":{"value":70.61205945369579}}
{"ts":1674166288910048879,"type":"point","name":"bandwidth-rate-out|cypress-provider|49|44","measures":{"value":2759.5340081235154}}
{"ts":1674166289761090838,"type":"point","name":"bandwidth-total-in|cypress-provider|49|45","measures":{"value":624655}}
{"ts":1674166292395102298,"type":"point","name":"bandwidth-total-out|cypress-provider|49|45","measures":{"value":841335}}
{"ts":1674166292895121340,"type":"point","name":"bandwidth-rate-in|cypress-provider|49|45","measures":{"value":135.86554289938087}}
{"ts":1674166292993079048,"type":"point","name":"bandwidth-rate-out|cypress-provider|49|45","measures":{"value":2466.805946802307}}
{"ts":1674166293622775882,"type":"point","name":"bandwidth-total-in|cypress-provider|49|46","measures":{"value":625350}}
{"ts":1674166294087223090,"type":"point","name":"bandwidth-total-out|cypress-provider|49|46","measures":{"value":842021}}
{"ts":1674166294414922590,"type":"point","name":"bandwidth-rate-in|cypress-provider|49|46","measures":{"value":17.155461346010515}}
{"ts":1674166296433196175,"type":"point","name":"bandwidth-rate-out|cypress-provider|49|46","measures":{"value":59.658191718188235}}
{"ts":1674166298506903134,"type":"point","name":"bandwidth-total-in|cypress-provider|49|47","measures":{"value":625436}}
{"ts":1674166298663191009,"type":"point","name":"bandwidth-total-out|cypress-provider|49|47","measures":{"value":842675}}
{"ts":1674166299200765884,"type":"point","name":"bandwidth-rate-in|cypress-provider|49|47","measures":{"value":6.006328649453993}}
{"ts":1674166299515919426,"type":"point","name":"bandwidth-rate-out|cypress-provider|49|47","measures":{"value":42.15095500163471}}
{"ts":1674166302750497511,"type":"point","name":"bandwidth-total-in|cypress-provider|49|48","measures":{"value":626839}}
{"ts":1674166302843265928,"type":"point","name":"bandwidth-total-out|cypress-provider|49|48","measures":{"value":846009}}
{"ts":1674166303299085303,"type":"point","name":"bandwidth-rate-in|cypress-provider|49|48","measures":{"value":217.58372756156876}}
{"ts":1674166303781298595,"type":"point","name":"bandwidth-rate-out|cypress-provider|49|48","measures":{"value":298.37752673637493}}
{"ts":1674166307643857597,"type":"point","name":"bandwidth-total-in|cypress-provider|49|49","measures":{"value":626945}}
{"ts":1674166307664275097,"type":"point","name":"bandwidth-total-out|cypress-provider|49|49","measures":{"value":847987}}
{"ts":1674166307669534347,"type":"point","name":"bandwidth-rate-in|cypress-provider|49|49","measures":{"value":54.87300562906892}}
{"ts":1674166308004210430,"type":"point","name":"bandwidth-rate-out|cypress-provider|49|49","measures":{"value":998.6040686937315}}
{"ts":1674166312596413210,"type":"point","name":"bandwidth-total-in|cypress-provider|49|50","measures":{"value":627560}}
{"ts":1674166314096536877,"type":"point","name":"bandwidth-total-out|cypress-provider|49|50","measures":{"value":847987}}
{"ts":1674166314099216710,"type":"point","name":"bandwidth-rate-in|cypress-provider|49|50","measures":{"value":6.984856433000118}}
{"ts":1674166314440798294,"type":"point","name":"bandwidth-rate-out|cypress-provider|49|50","measures":{"value":6.728541287929467}}
{"ts":1674166318713076338,"type":"point","name":"bandwidth-total-in|cypress-provider|49|51","measures":{"value":627861}}
{"ts":1674166319492275421,"type":"point","name":"bandwidth-total-out|cypress-provider|49|51","measures":{"value":859059}}
{"ts":1674166320194081797,"type":"point","name":"bandwidth-rate-in|cypress-provider|49|51","measures":{"value":46.85180812459965}}
{"ts":1674166320982634755,"type":"point","name":"bandwidth-rate-out|cypress-provider|49|51","measures":{"value":2480.5837903808906}}
{"ts":1674166322723563548,"type":"point","name":"bandwidth-total-in|cypress-provider|49|52","measures":{"value":628506}}
{"ts":1674166322862836548,"type":"point","name":"bandwidth-total-out|cypress-provider|49|52","measures":{"value":881153}}
{"ts":1674166322912610256,"type":"point","name":"bandwidth-rate-in|cypress-provider|49|52","measures":{"value":128.44337999726375}}
{"ts":1674166322999499423,"type":"point","name":"bandwidth-rate-out|cypress-provider|49|52","measures":{"value":6220.543031569559}}
{"ts":1674166328315015175,"type":"point","name":"bandwidth-total-in|cypress-provider|49|53","measures":{"value":630824}}
{"ts":1674166328326800009,"type":"point","name":"bandwidth-total-out|cypress-provider|49|53","measures":{"value":945801}}
{"ts":1674166328499065384,"type":"point","name":"bandwidth-rate-in|cypress-provider|49|53","measures":{"value":429.8346890223417}}
{"ts":1674166328791802134,"type":"point","name":"bandwidth-rate-out|cypress-provider|49|53","measures":{"value":18038.737248892045}}
{"ts":1674166332648743678,"type":"point","name":"bandwidth-total-in|cypress-provider|49|54","measures":{"value":631082}}
{"ts":1674166332690329428,"type":"point","name":"bandwidth-total-out|cypress-provider|49|54","measures":{"value":962641}}
{"ts":1674166332735326386,"type":"point","name":"bandwidth-rate-in|cypress-provider|49|54","measures":{"value":34.42426217360435}}
{"ts":1674166332999125303,"type":"point","name":"bandwidth-rate-out|cypress-provider|49|54","measures":{"value":4029.910304528163}}
{"ts":1674166337839216097,"type":"point","name":"bandwidth-total-in|cypress-provider|49|55","measures":{"value":631168}}
{"ts":1674166337903066013,"type":"point","name":"bandwidth-total-out|cypress-provider|49|55","measures":{"value":963945}}
{"ts":1674166337923085888,"type":"point","name":"bandwidth-rate-in|cypress-provider|49|55","measures":{"value":3.526338025017298}}
{"ts":1674166337947769638,"type":"point","name":"bandwidth-rate-out|cypress-provider|49|55","measures":{"value":77.2118379924648}}
{"ts":1674166342702855793,"type":"point","name":"bandwidth-total-in|cypress-provider|49|56","measures":{"value":642378}}
{"ts":1674166342828001376,"type":"point","name":"bandwidth-total-out|cypress-provider|49|56","measures":{"value":989825}}
{"ts":1674166342953981210,"type":"point","name":"bandwidth-rate-in|cypress-provider|49|56","measures":{"value":8268.743339481787}}
{"ts":1674166342973525168,"type":"point","name":"bandwidth-rate-out|cypress-provider|49|56","measures":{"value":9524.450347131746}}
{"ts":1674166343639436543,"type":"point","name":"num-hops|cypress-provider|11","measures":{"value":1}}
{"ts":1674166343720398877,"type":"point","name":"time-to-find-last|done|cypress-provider|11","measures":{"value":11079787339}}
{"ts":1674166344247022835,"type":"point","name":"time-to-find|done|cypress-provider|11","measures":{"value":155168993322}}
{"ts":1674166344774594627,"type":"point","name":"peers-found|done|cypress-provider|11","measures":{"value":49}}
{"ts":1674166345090614502,"type":"point","name":"peers-missing|done|cypress-provider|11","measures":{"value":1}}
{"ts":1674166346008449461,"type":"point","name":"num-hops|cypress-provider|14","measures":{"value":2}}
{"ts":1674166346023550586,"type":"point","name":"time-to-find-last|done|cypress-provider|14","measures":{"value":11078158922}}
{"ts":1674166346043101211,"type":"point","name":"time-to-find|done|cypress-provider|14","measures":{"value":156948150198}}
{"ts":1674166346074852378,"type":"point","name":"peers-found|done|cypress-provider|14","measures":{"value":50}}
{"ts":1674166346103784795,"type":"point","name":"peers-missing|done|cypress-provider|14","measures":{"value":0}}
{"ts":1674166348525710212,"type":"point","name":"bandwidth-total-in|cypress-provider|49|57","measures":{"value":754358}}
{"ts":1674166348648501921,"type":"point","name":"bandwidth-total-out|cypress-provider|49|57","measures":{"value":1055484}}
{"ts":1674166348759172671,"type":"point","name":"bandwidth-rate-in|cypress-provider|49|57","measures":{"value":12464.667475143697}}
{"ts":1674166349174353754,"type":"point","name":"bandwidth-rate-out|cypress-provider|49|57","measures":{"value":6970.305580510256}}
{"ts":1674166350076182797,"type":"point","name":"num-hops|cypress-provider|13","measures":{"value":3}}
{"ts":1674166350132068755,"type":"point","name":"time-to-find-last|done|cypress-provider|13","measures":{"value":20057430676}}
{"ts":1674166350234868463,"type":"point","name":"time-to-find|done|cypress-provider|13","measures":{"value":161139822450}}
{"ts":1674166350278145338,"type":"point","name":"peers-found|done|cypress-provider|13","measures":{"value":50}}
{"ts":1674166351205132672,"type":"point","name":"peers-missing|done|cypress-provider|13","measures":{"value":0}}
{"ts":1674166352705978131,"type":"point","name":"bandwidth-total-in|cypress-provider|49|58","measures":{"value":787408}}
{"ts":1674166352788109298,"type":"point","name":"bandwidth-total-out|cypress-provider|49|58","measures":{"value":1082008}}
{"ts":1674166353001871881,"type":"point","name":"bandwidth-rate-in|cypress-provider|49|58","measures":{"value":2783.9245910267473}}
{"ts":1674166353049397965,"type":"point","name":"bandwidth-rate-out|cypress-provider|49|58","measures":{"value":3492.1512012292596}}
{"ts":1674166352790307881,"type":"point","name":"num-hops|cypress-provider|19","measures":{"value":2}}
{"ts":1674166353597642340,"type":"point","name":"time-to-find-last|done|cypress-provider|19","measures":{"value":20899740093}}
{"ts":1674166353716793340,"type":"point","name":"time-to-find|done|cypress-provider|19","measures":{"value":164779150701}}
{"ts":1674166353806525465,"type":"point","name":"peers-found|done|cypress-provider|19","measures":{"value":50}}
{"ts":1674166353917742007,"type":"point","name":"peers-missing|done|cypress-provider|19","measures":{"value":0}}
{"ts":1674166353748481590,"type":"point","name":"num-hops|cypress-provider|3","measures":{"value":2}}
{"ts":1674166354365534299,"type":"point","name":"time-to-find-last|done|cypress-provider|3","measures":{"value":19984322301}}
{"ts":1674166353601412298,"type":"point","name":"num-hops|cypress-provider|10","measures":{"value":2}}
{"ts":1674166354629481715,"type":"point","name":"time-to-find-last|done|cypress-provider|10","measures":{"value":9752160505}}
{"ts":1674166354687037507,"type":"point","name":"time-to-find|done|cypress-provider|10","measures":{"value":165609075994}}
{"ts":1674166354757772965,"type":"point","name":"peers-found|done|cypress-provider|10","measures":{"value":50}}
{"ts":1674166354893100090,"type":"point","name":"peers-missing|done|cypress-provider|10","measures":{"value":0}}
{"ts":1674166354462113424,"type":"point","name":"time-to-find|done|cypress-provider|3","measures":{"value":165429433702}}
{"ts":1674166355109134924,"type":"point","name":"peers-found|done|cypress-provider|3","measures":{"value":50}}
{"ts":1674166355313650466,"type":"point","name":"peers-missing|done|cypress-provider|3","measures":{"value":0}}
{"ts":1674166353972797965,"type":"point","name":"num-hops|cypress-provider|2","measures":{"value":4}}
{"ts":1674166355863814883,"type":"point","name":"time-to-find-last|done|cypress-provider|2","measures":{"value":31838300140}}
{"ts":1674166356122811216,"type":"point","name":"time-to-find|done|cypress-provider|2","measures":{"value":167090921661}}
{"ts":1674166356170842591,"type":"point","name":"peers-found|done|cypress-provider|2","measures":{"value":50}}
{"ts":1674166356190664591,"type":"point","name":"peers-missing|done|cypress-provider|2","measures":{"value":0}}
{"ts":1674166353601037048,"type":"point","name":"num-hops|cypress-provider|16","measures":{"value":2}}
{"ts":1674166356289814508,"type":"point","name":"time-to-find-last|done|cypress-provider|16","measures":{"value":32518007099}}
{"ts":1674166356303115049,"type":"point","name":"time-to-find|done|cypress-provider|16","measures":{"value":167205287370}}
{"ts":1674166356348136550,"type":"point","name":"peers-found|done|cypress-provider|16","measures":{"value":50}}
{"ts":1674166356544629633,"type":"point","name":"peers-missing|done|cypress-provider|16","measures":{"value":0}}
{"ts":1674166355523622216,"type":"point","name":"num-hops|cypress-provider|4","measures":{"value":1}}
{"ts":1674166356852566800,"type":"point","name":"time-to-find-last|done|cypress-provider|4","measures":{"value":157546865656}}
{"ts":1674166357643415383,"type":"point","name":"time-to-find|done|cypress-provider|4","measures":{"value":168609921078}}
{"ts":1674166358404025884,"type":"point","name":"peers-found|done|cypress-provider|4","measures":{"value":49}}
{"ts":1674166358935712176,"type":"point","name":"peers-missing|done|cypress-provider|4","measures":{"value":1}}
{"ts":1674166357589831425,"type":"point","name":"bandwidth-total-in|cypress-provider|49|59","measures":{"value":853320}}
{"ts":1674166359884612426,"type":"point","name":"bandwidth-total-out|cypress-provider|49|59","measures":{"value":1132333}}
{"ts":1674166357027971842,"type":"point","name":"num-hops|cypress-provider|0","measures":{"value":1}}
{"ts":1674166355552925216,"type":"point","name":"num-hops|cypress-provider|8","measures":{"value":1}}
{"ts":1674166355564761216,"type":"point","name":"num-hops|cypress-provider|12","measures":{"value":1}}
{"ts":1674166358763078217,"type":"point","name":"num-hops|cypress-provider|15","measures":{"value":2}}
{"ts":1674166362165016677,"type":"point","name":"time-to-find-last|done|cypress-provider|15","measures":{"value":169548060662}}
{"ts":1674166362476031677,"type":"point","name":"time-to-find|done|cypress-provider|15","measures":{"value":173378281664}}
{"ts":1674166363195391803,"type":"point","name":"peers-found|done|cypress-provider|15","measures":{"value":50}}
{"ts":1674166363474069886,"type":"point","name":"peers-missing|done|cypress-provider|15","measures":{"value":0}}
{"ts":1674166361634872802,"type":"point","name":"bandwidth-rate-in|cypress-provider|49|59","measures":{"value":12219.978819762247}}
{"ts":1674166363777134678,"type":"point","name":"bandwidth-rate-out|cypress-provider|49|59","measures":{"value":14190.088249541188}}
{"ts":1674166364430937595,"type":"point","name":"bandwidth-total-in|cypress-provider|49|60","measures":{"value":868070}}
{"ts":1674166364771376804,"type":"point","name":"bandwidth-total-out|cypress-provider|49|60","measures":{"value":1142065}}
{"ts":1674166365018650429,"type":"point","name":"bandwidth-rate-in|cypress-provider|49|60","measures":{"value":525.1684768935104}}
{"ts":1674166365234376929,"type":"point","name":"bandwidth-rate-out|cypress-provider|49|60","measures":{"value":1022.5686167256421}}
{"ts":1674166363692969386,"type":"point","name":"time-to-find-last|done|cypress-provider|8","measures":{"value":159166002657}}
{"ts":1674166365629116054,"type":"point","name":"time-to-find|done|cypress-provider|8","measures":{"value":176601266582}}
{"ts":1674166365647931346,"type":"point","name":"peers-found|done|cypress-provider|8","measures":{"value":50}}
{"ts":1674166366110891971,"type":"point","name":"peers-missing|done|cypress-provider|8","measures":{"value":0}}
{"ts":1674166360825457635,"type":"point","name":"num-hops|cypress-provider|6","measures":{"value":2}}
{"ts":1674166366615407679,"type":"point","name":"num-hops|cypress-provider|17","measures":{"value":3}}
{"ts":1674166366721627179,"type":"point","name":"time-to-find-last|done|cypress-provider|17","measures":{"value":153132361696}}
{"ts":1674166366762484929,"type":"point","name":"time-to-find|done|cypress-provider|17","measures":{"value":177615911500}}
{"ts":1674166366846836471,"type":"point","name":"peers-found|done|cypress-provider|17","measures":{"value":50}}
{"ts":1674166367140791221,"type":"point","name":"peers-missing|done|cypress-provider|17","measures":{"value":0}}
{"ts":1674166362163904677,"type":"point","name":"time-to-find-last|done|cypress-provider|12","measures":{"value":165496026452}}
{"ts":1674166367299741388,"type":"point","name":"time-to-find|done|cypress-provider|12","measures":{"value":178222162625}}
{"ts":1674166367306485221,"type":"point","name":"peers-found|done|cypress-provider|12","measures":{"value":50}}
{"ts":1674166367318652096,"type":"point","name":"peers-missing|done|cypress-provider|12","measures":{"value":0}}
{"ts":1674166367186810971,"type":"point","name":"num-hops|cypress-provider|7","measures":{"value":3}}
{"ts":1674166367331342888,"type":"point","name":"time-to-find-last|done|cypress-provider|7","measures":{"value":28782405972}}
{"ts":1674166367342843388,"type":"point","name":"time-to-find|done|cypress-provider|7","measures":{"value":178305306166}}
{"ts":1674166367511189638,"type":"point","name":"peers-found|done|cypress-provider|7","measures":{"value":50}}
{"ts":1674166367636559763,"type":"point","name":"peers-missing|done|cypress-provider|7","measures":{"value":0}}
{"ts":1674166366116677804,"type":"point","name":"num-hops|cypress-provider|18","measures":{"value":2}}
{"ts":1674166367697089847,"type":"point","name":"time-to-find-last|done|cypress-provider|18","measures":{"value":40596483602}}
{"ts":1674166367744014055,"type":"point","name":"time-to-find|done|cypress-provider|18","measures":{"value":178681409583}}
{"ts":1674166367830098305,"type":"point","name":"peers-found|done|cypress-provider|18","measures":{"value":50}}
{"ts":1674166367848339763,"type":"point","name":"peers-missing|done|cypress-provider|18","measures":{"value":0}}
{"ts":1674166363559032220,"type":"point","name":"time-to-find-last|done|cypress-provider|0","measures":{"value":11716293131}}
{"ts":1674166367907087013,"type":"point","name":"time-to-find|done|cypress-provider|0","measures":{"value":178952320667}}
{"ts":1674166367945662305,"type":"point","name":"peers-found|done|cypress-provider|0","measures":{"value":50}}
{"ts":1674166367988083472,"type":"point","name":"peers-missing|done|cypress-provider|0","measures":{"value":0}}
{"ts":1674166367703654555,"type":"point","name":"num-hops|cypress-provider|9","measures":{"value":3}}
{"ts":1674166368064321388,"type":"point","name":"time-to-find-last|done|cypress-provider|9","measures":{"value":72759873742}}
{"ts":1674166368196034347,"type":"point","name":"time-to-find|done|cypress-provider|9","measures":{"value":179118333958}}
{"ts":1674166368238879430,"type":"point","name":"peers-found|done|cypress-provider|9","measures":{"value":50}}
{"ts":1674166368259143139,"type":"point","name":"peers-missing|done|cypress-provider|9","measures":{"value":0}}
{"ts":1674166366472522763,"type":"point","name":"num-hops|cypress-provider|5","measures":{"value":3}}
{"ts":1674166368337712305,"type":"point","name":"time-to-find-last|done|cypress-provider|5","measures":{"value":154244270072}}
{"ts":1674166368394136764,"type":"point","name":"time-to-find|done|cypress-provider|5","measures":{"value":179356853084}}
{"ts":1674166368401497347,"type":"point","name":"peers-found|done|cypress-provider|5","measures":{"value":50}}
{"ts":1674166368425116514,"type":"point","name":"peers-missing|done|cypress-provider|5","measures":{"value":0}}
{"ts":1674166367753636638,"type":"point","name":"bandwidth-total-in|cypress-provider|49|61","measures":{"value":871255}}
{"ts":1674166367822473513,"type":"point","name":"num-hops|cypress-provider|1","measures":{"value":5}}
{"ts":1674166368493700639,"type":"point","name":"time-to-find-last|done|cypress-provider|1","measures":{"value":1186120542}}
{"ts":1674166368510662847,"type":"point","name":"time-to-find|done|cypress-provider|1","measures":{"value":179480168209}}
{"ts":1674166368518017639,"type":"point","name":"peers-found|done|cypress-provider|1","measures":{"value":49}}
{"ts":1674166368487161680,"type":"point","name":"bandwidth-total-out|cypress-provider|49|61","measures":{"value":1171748}}
{"ts":1674166368538787264,"type":"point","name":"bandwidth-rate-in|cypress-provider|49|61","measures":{"value":1790.3136421496606}}
{"ts":1674166368568958264,"type":"point","name":"bandwidth-rate-out|cypress-provider|49|61","measures":{"value":15068.287240595462}}
{"ts":1674166366624065304,"type":"point","name":"time-to-find-last|done|cypress-provider|6","measures":{"value":78568499120}}
{"ts":1674166368625783180,"type":"point","name":"time-to-find|done|cypress-provider|6","measures":{"value":179588356750}}
{"ts":1674166368659557764,"type":"point","name":"peers-found|done|cypress-provider|6","measures":{"value":50}}
{"ts":1674166368668154389,"type":"point","name":"peers-missing|done|cypress-provider|6","measures":{"value":0}}
{"ts":1674166368528857347,"type":"point","name":"peers-missing|done|cypress-provider|1","measures":{"value":1}}
{"ts":1674166368787108014,"type":"point","name":"signal provider-records2","measures":{"value":70529459}}
{"ts":1674166371307134459,"type":"point","name":"barrierprovider-records2","measures":{"value":2501309209}}
{"ts":1674166371391851459,"type":"point","name":"full provider-records2","measures":{"value":182460520501}}
{"ts":1674166372581171460,"type":"point","name":"bandwidth-total-in|cypress-provider|49|62","measures":{"value":878140}}
{"ts":1674166372603657835,"type":"point","name":"bandwidth-total-out|cypress-provider|49|62","measures":{"value":1208769}}
{"ts":1674166373091377877,"type":"point","name":"bandwidth-rate-in|cypress-provider|49|62","measures":{"value":114.73002789132279}}
{"ts":1674166373111076585,"type":"point","name":"bandwidth-rate-out|cypress-provider|49|62","measures":{"value":1080.1363593373433}}
{"ts":1674166378628232546,"type":"point","name":"bandwidth-total-in|cypress-provider|49|63","measures":{"value":878140}}
{"ts":1674166378642993796,"type":"point","name":"bandwidth-total-out|cypress-provider|49|63","measures":{"value":1208769}}
{"ts":1674166378646587338,"type":"point","name":"bandwidth-rate-in|cypress-provider|49|63","measures":{"value":0.2843873063646085}}
{"ts":1674166378788028046,"type":"point","name":"bandwidth-rate-out|cypress-provider|49|63","measures":{"value":2.6773903518039157}}
{"ts":1674166382595592964,"type":"point","name":"bandwidth-total-in|cypress-provider|49|64","measures":{"value":878140}}
{"ts":1674166382598235756,"type":"point","name":"bandwidth-total-out|cypress-provider|49|64","measures":{"value":1208769}}
{"ts":1674166382661384381,"type":"point","name":"bandwidth-rate-in|cypress-provider|49|64","measures":{"value":0.005208735207913986}}
{"ts":1674166382834366465,"type":"point","name":"bandwidth-rate-out|cypress-provider|49|64","measures":{"value":0.04903811484782149}}
{"ts":1674166387599330133,"type":"point","name":"bandwidth-total-in|cypress-provider|49|65","measures":{"value":878140}}
{"ts":1674166387647826508,"type":"point","name":"bandwidth-total-out|cypress-provider|49|65","measures":{"value":1208769}}
{"ts":1674166387652967717,"type":"point","name":"bandwidth-rate-in|cypress-provider|49|65","measures":{"value":0.000035096181763194865}}
{"ts":1674166387655404675,"type":"point","name":"bandwidth-rate-out|cypress-provider|49|65","measures":{"value":0.00033041621877968733}}
{"ts":1674166392599735927,"type":"point","name":"bandwidth-total-in|cypress-provider|49|66","measures":{"value":878140}}
{"ts":1674166392671031761,"type":"point","name":"bandwidth-total-out|cypress-provider|49|66","measures":{"value":1208769}}
{"ts":1674166392721658219,"type":"point","name":"bandwidth-rate-in|cypress-provider|49|66","measures":{"value":2.3647621259067695e-7}}
{"ts":1674166392729718511,"type":"point","name":"bandwidth-rate-out|cypress-provider|49|66","measures":{"value":0.0000022263269697757616}}
{"ts":1674166397852005847,"type":"point","name":"bandwidth-total-in|cypress-provider|49|67","measures":{"value":878140}}
{"ts":1674166397856351222,"type":"point","name":"bandwidth-total-out|cypress-provider|49|67","measures":{"value":1208769}}
{"ts":1674166397858336347,"type":"point","name":"bandwidth-rate-in|cypress-provider|49|67","measures":{"value":1.593364186980449e-9}}
{"ts":1674166397860706972,"type":"point","name":"bandwidth-rate-out|cypress-provider|49|67","measures":{"value":1.5000873124983638e-8}}
{"ts":1674166402638253960,"type":"point","name":"bandwidth-total-in|cypress-provider|49|68","measures":{"value":878140}}
{"ts":1674166402687985460,"type":"point","name":"bandwidth-total-out|cypress-provider|49|68","measures":{"value":1208769}}
{"ts":1674166402694254168,"type":"point","name":"bandwidth-rate-in|cypress-provider|49|68","measures":{"value":1.0736003442115174e-11}}
{"ts":1674166402697555293,"type":"point","name":"bandwidth-rate-out|cypress-provider|49|68","measures":{"value":1.0107508805614535e-10}}
{"ts":1674166407696563962,"type":"point","name":"bandwidth-total-in|cypress-provider|49|69","measures":{"value":878140}}
{"ts":1674166407779293045,"type":"point","name":"bandwidth-total-out|cypress-provider|49|69","measures":{"value":1208769}}
{"ts":1674166407784330087,"type":"point","name":"bandwidth-rate-in|cypress-provider|49|69","measures":{"value":0}}
{"ts":1674166407839302170,"type":"point","name":"bandwidth-rate-out|cypress-provider|49|69","measures":{"value":6.81038586250204e-13}}
{"ts":1674166412604872214,"type":"point","name":"bandwidth-total-in|cypress-provider|49|70","measures":{"value":878140}}
{"ts":1674166412608147006,"type":"point","name":"bandwidth-total-out|cypress-provider|49|70","measures":{"value":1208769}}
{"ts":1674166412610520964,"type":"point","name":"bandwidth-rate-in|cypress-provider|49|70","measures":{"value":0}}
{"ts":1674166412613524923,"type":"point","name":"bandwidth-rate-out|cypress-provider|49|70","measures":{"value":0}}
{"ts":1674166417598963467,"type":"point","name":"bandwidth-total-in|cypress-provider|49|71","measures":{"value":878140}}
{"ts":1674166417630780008,"type":"point","name":"bandwidth-total-out|cypress-provider|49|71","measures":{"value":1208769}}
{"ts":1674166417635890508,"type":"point","name":"bandwidth-rate-in|cypress-provider|49|71","measures":{"value":0}}
{"ts":1674166417639030717,"type":"point","name":"bandwidth-rate-out|cypress-provider|49|71","measures":{"value":0}}
{"ts":1674166422644622344,"type":"point","name":"bandwidth-total-in|cypress-provider|49|72","measures":{"value":878140}}
{"ts":1674166422659561803,"type":"point","name":"bandwidth-total-out|cypress-provider|49|72","measures":{"value":1208769}}
{"ts":1674166422698973428,"type":"point","name":"bandwidth-rate-in|cypress-provider|49|72","measures":{"value":0}}
{"ts":1674166422701301386,"type":"point","name":"bandwidth-rate-out|cypress-provider|49|72","measures":{"value":0}}
{"ts":1674166427632440222,"type":"point","name":"bandwidth-total-in|cypress-provider|49|73","measures":{"value":878140}}
{"ts":1674166427657500055,"type":"point","name":"bandwidth-total-out|cypress-provider|49|73","measures":{"value":1208769}}
{"ts":1674166427659898305,"type":"point","name":"bandwidth-rate-in|cypress-provider|49|73","measures":{"value":0}}
{"ts":1674166427662377222,"type":"point","name":"bandwidth-rate-out|cypress-provider|49|73","measures":{"value":0}}
{"ts":1674166432593630751,"type":"point","name":"bandwidth-total-in|cypress-provider|49|74","measures":{"value":878140}}
{"ts":1674166432633178793,"type":"point","name":"bandwidth-total-out|cypress-provider|49|74","measures":{"value":1208769}}
{"ts":1674166432637759418,"type":"point","name":"bandwidth-rate-in|cypress-provider|49|74","measures":{"value":0}}
{"ts":1674166432645543960,"type":"point","name":"bandwidth-rate-out|cypress-provider|49|74","measures":{"value":0}}
{"ts":1674166437625408754,"type":"point","name":"bandwidth-total-in|cypress-provider|49|75","measures":{"value":878140}}
{"ts":1674166437635708587,"type":"point","name":"bandwidth-total-out|cypress-provider|49|75","measures":{"value":1208769}}
{"ts":1674166437689443587,"type":"point","name":"bandwidth-rate-in|cypress-provider|49|75","measures":{"value":0}}
{"ts":1674166437693723212,"type":"point","name":"bandwidth-rate-out|cypress-provider|49|75","measures":{"value":0}}
{"ts":1674166442601049089,"type":"point","name":"bandwidth-total-in|cypress-provider|49|76","measures":{"value":878140}}
{"ts":1674166442603111798,"type":"point","name":"bandwidth-total-out|cypress-provider|49|76","measures":{"value":1208769}}
{"ts":1674166442604440881,"type":"point","name":"bandwidth-rate-in|cypress-provider|49|76","measures":{"value":0}}
{"ts":1674166442605729256,"type":"point","name":"bandwidth-rate-out|cypress-provider|49|76","measures":{"value":0}}
