{"ts":1674173299663721428,"msg":"","group_id":"cypress-provider","run_id":"cf4tlvfrirflu81petu0","event":{"message_event":{"message":"registering default http handler at: http://[::]:6060/ (pprof: http://[::]:6060/debug/pprof/)"}}}
{"ts":1674173299668114053,"msg":"","group_id":"cypress-provider","run_id":"cf4tlvfrirflu81petu0","event":{"start_event":{"runenv":{"plan":"dht","case":"find-providers","run":"cf4tlvfrirflu81petu0","params":{"alpha":"6","auto_refresh":"true","beta":"3","bootstrapper":"true","bs_strategy":"3","bucket_size":"10","client_mode":"false","datastore":"0","expect_dht":"true","group_order":"1","latency":"1000","peer_id_seed":"0","random_walk":"false","record_count":"20","record_seed":"0","search_records":"true","timeout_secs":"2000","undialable":"false"},"instances":50,"outputs_path":"/outputs","temp_path":"/temp","network":"16.75.0.0/16","group":"cypress-provider","group_instances":50}}}}
{"ts":1674173299687014803,"msg":"","group_id":"cypress-provider","run_id":"cf4tlvfrirflu81petu0","event":{"message_event":{"message":"waiting for network to initialize"}}}
{"ts":1674173300713150512,"msg":"","group_id":"cypress-provider","run_id":"cf4tlvfrirflu81petu0","event":{"message_event":{"message":"network initialisation successful"}}}
{"ts":1674173300852317512,"msg":"","group_id":"cypress-provider","run_id":"cf4tlvfrirflu81petu0","event":{"message_event":{"message":"network initialization complete"}}}
{"ts":1674173300978249637,"msg":"","group_id":"cypress-provider","run_id":"cf4tlvfrirflu81petu0","event":{"message_event":{"message":"claimed sequence numbers; global=37, group(cypress-provider)=32"}}}
{"ts":1674173300991923304,"msg":"","group_id":"cypress-provider","run_id":"cf4tlvfrirflu81petu0","event":{"message_event":{"message":"Finding providers"}}}
{"ts":1674173301819104346,"msg":"","group_id":"cypress-provider","run_id":"cf4tlvfrirflu81petu0","event":{"message_event":{"message":"network initialisation successful"}}}
{"ts":1674173302033295179,"msg":"","group_id":"cypress-provider","run_id":"cf4tlvfrirflu81petu0","event":{"message_event":{"message":"SetupNetwork, network setup completed"}}}
{"ts":1674173302836109430,"msg":"","group_id":"cypress-provider","run_id":"cf4tlvfrirflu81petu0","event":{"message_event":{"message":"there are 1 groups map[cypress-provider:0x400156cff0]"}}}
{"ts":1674173302896321596,"msg":"","group_id":"cypress-provider","run_id":"cf4tlvfrirflu81petu0","event":{"message_event":{"message":"setGroupInfo, sortedGroup:%!(EXTRA []string=[cypress-provider])"}}}
{"ts":1674173302937516138,"msg":"","group_id":"cypress-provider","run_id":"cf4tlvfrirflu81petu0","event":{"message_event":{"message":"past group info"}}}
{"ts":1674173302977693888,"msg":"","group_id":"cypress-provider","run_id":"cf4tlvfrirflu81petu0","event":{"message_event":{"message":"connmgr parameters: hi=12, lo=6"}}}
{"ts":1674173303334944888,"msg":"","group_id":"cypress-provider","run_id":"cf4tlvfrirflu81petu0","event":{"message_event":{"message":"creating DHT"}}}
{"ts":1674173303373364930,"msg":"","group_id":"cypress-provider","run_id":"cf4tlvfrirflu81petu0","event":{"message_event":{"message":"creating DHT successful"}}}
{"ts":1674173303392081555,"msg":"","group_id":"cypress-provider","run_id":"cf4tlvfrirflu81petu0","event":{"message_event":{"message":"supporting protocol:%!(EXTRA string=/p2p/id/delta/1.0.0)"}}}
{"ts":1674173303435033180,"msg":"","group_id":"cypress-provider","run_id":"cf4tlvfrirflu81petu0","event":{"message_event":{"message":"supporting protocol:%!(EXTRA string=/ipfs/id/1.0.0)"}}}
{"ts":1674173303453628972,"msg":"","group_id":"cypress-provider","run_id":"cf4tlvfrirflu81petu0","event":{"message_event":{"message":"supporting protocol:%!(EXTRA string=/ipfs/id/push/1.0.0)"}}}
{"ts":1674173303468703138,"msg":"","group_id":"cypress-provider","run_id":"cf4tlvfrirflu81petu0","event":{"message_event":{"message":"supporting protocol:%!(EXTRA string=/ipfs/ping/1.0.0)"}}}
{"ts":1674173303539581097,"msg":"","group_id":"cypress-provider","run_id":"cf4tlvfrirflu81petu0","event":{"message_event":{"message":"supporting protocol:%!(EXTRA string=/libp2p/circuit/relay/0.1.0)"}}}
{"ts":1674173303612982638,"msg":"","group_id":"cypress-provider","run_id":"cf4tlvfrirflu81petu0","event":{"message_event":{"message":"supporting protocol:%!(EXTRA string=/libp2p/circuit/relay/0.2.0/stop)"}}}
{"ts":1674173303632574972,"msg":"","group_id":"cypress-provider","run_id":"cf4tlvfrirflu81petu0","event":{"message_event":{"message":"supporting protocol:%!(EXTRA string=/libp2p/autonat/1.0.0)"}}}
{"ts":1674173303644265472,"msg":"","group_id":"cypress-provider","run_id":"cf4tlvfrirflu81petu0","event":{"message_event":{"message":"supporting protocol:%!(EXTRA string=/testground/kad/1.0.0)"}}}
{"ts":1674173304094596514,"msg":"","group_id":"cypress-provider","run_id":"cf4tlvfrirflu81petu0","event":{"message_event":{"message":"31 is waiting on 0 from state 0"}}}
{"ts":1674173304113320722,"msg":"requested a barrier with target zero; satisfying immediately","group_id":"cypress-provider","run_id":"cf4tlvfrirflu81petu0","state":"boostrap-gradual1-0"}
{"ts":1674173304123038430,"msg":"","group_id":"cypress-provider","run_id":"cf4tlvfrirflu81petu0","event":{"message_event":{"message":"31 is running"}}}
{"ts":1674173304165671139,"msg":"","group_id":"cypress-provider","run_id":"cf4tlvfrirflu81petu0","event":{"message_event":{"message":"Dial to all other peers"}}}
{"ts":1674173304183416680,"msg":"","group_id":"cypress-provider","run_id":"cf4tlvfrirflu81petu0","event":{"message_event":{"message":"dialling peer 12D3KooWE4qDcRrueTuRYWUdQZgcy7APZqBngVeXRt4Y6ytHizKV (attempt 1)"}}}
{"ts":1674173304266599222,"msg":"","group_id":"cypress-provider","run_id":"cf4tlvfrirflu81petu0","event":{"message_event":{"message":"Connect, successfully dialed peer: %!(EXTRA peer.AddrInfo={12D3KooWE4qDcRrueTuRYWUdQZgcy7APZqBngVeXRt4Y6ytHizKV: [/ip4/16.75.0.10/tcp/35415]})"}}}
{"ts":1674173304324168347,"msg":"","group_id":"cypress-provider","run_id":"cf4tlvfrirflu81petu0","event":{"message_event":{"message":"dialling peer 12D3KooWQ3XvwCaYCPy5oXzUiSVQWoBJTkSjkVnMDaDrvCDNpTtZ (attempt 1)"}}}
{"ts":1674173304437296930,"msg":"","group_id":"cypress-provider","run_id":"cf4tlvfrirflu81petu0","event":{"message_event":{"message":"Connect, successfully dialed peer: %!(EXTRA peer.AddrInfo={12D3KooWQ3XvwCaYCPy5oXzUiSVQWoBJTkSjkVnMDaDrvCDNpTtZ: [/ip4/16.75.0.47/tcp/33351]})"}}}
{"ts":1674173304464072472,"msg":"","group_id":"cypress-provider","run_id":"cf4tlvfrirflu81petu0","event":{"message_event":{"message":"dialling peer 12D3KooWKCz8coBHWrFr7Z3ZZekUTsZdm9bUTuKQBbX6tTvKhqmy (attempt 1)"}}}
{"ts":1674173305211471583,"msg":"","group_id":"cypress-provider","run_id":"cf4tlvfrirflu81petu0","event":{"message_event":{"message":"Connect, successfully dialed peer: %!(EXTRA peer.AddrInfo={12D3KooWKCz8coBHWrFr7Z3ZZekUTsZdm9bUTuKQBbX6tTvKhqmy: [/ip4/16.75.0.40/tcp/33645]})"}}}
{"ts":1674173336279485334,"msg":"","group_id":"cypress-provider","run_id":"cf4tlvfrirflu81petu0","event":{"message_event":{"message":"bootstrap: everyone table ready"}}}
{"ts":1674173336919475542,"msg":"","group_id":"cypress-provider","run_id":"cf4tlvfrirflu81petu0","event":{"message_event":{"message":"31 is done - waiting for 49"}}}
{"ts":1674173337934530626,"msg":"","group_id":"cypress-provider","run_id":"cf4tlvfrirflu81petu0","event":{"message_event":{"message":"31 passed the barrier"}}}
{"ts":1674173339975368252,"msg":"","group_id":"cypress-provider","run_id":"cf4tlvfrirflu81petu0","event":{"message_event":{"message":"bootstrap: begin trim"}}}
{"ts":1674173340546925127,"msg":"","group_id":"cypress-provider","run_id":"cf4tlvfrirflu81petu0","event":{"message_event":{"message":"name: signal bootstrapping0; uint: ns; time: %!d(float64=2.606458e+06)"}}}
{"ts":1674173340603408294,"msg":"","group_id":"cypress-provider","run_id":"cf4tlvfrirflu81petu0","event":{"message_event":{"message":"signal bootstrapping0%!(EXTRA float64=5.9062666e+07)"}}}
{"ts":1674173340636401169,"msg":"","group_id":"cypress-provider","run_id":"cf4tlvfrirflu81petu0","event":{"message_event":{"message":"name: barrier bootstrapping0; uint: ns; time: %!d(float64=708)"}}}
{"ts":1674173340841285711,"msg":"","group_id":"cypress-provider","run_id":"cf4tlvfrirflu81petu0","event":{"message_event":{"message":"barrierbootstrapping0%!(EXTRA float64=2.04883792e+08)"}}}
{"ts":1674173340922201169,"msg":"","group_id":"cypress-provider","run_id":"cf4tlvfrirflu81petu0","event":{"message_event":{"message":"name: full bootstrapping0; uint: ns; time: %!d(float64=2.85800333e+08)"}}}
{"ts":1674173340949454877,"msg":"","group_id":"cypress-provider","run_id":"cf4tlvfrirflu81petu0","event":{"message_event":{"message":"full bootstrapping0%!(EXTRA float64=3.6850556724e+10)"}}}
{"ts":1674173341495311836,"msg":"","group_id":"cypress-provider","run_id":"cf4tlvfrirflu81petu0","event":{"message_event":{"message":"bootstrap: finished with 18 connections, 30 in the routing table"}}}
{"ts":1674173341511673711,"msg":"","group_id":"cypress-provider","run_id":"cf4tlvfrirflu81petu0","event":{"message_event":{"message":"table health: {\"IdealDepth\":4,\"ActualDepth\":6,\"Bucket\":[{\"Depth\":1,\"MaxKnownContacts\":27,\"ActualKnownContacts\":10,\"ActualUnknownContacts\":0},{\"Depth\":2,\"MaxKnownContacts\":12,\"ActualKnownContacts\":10,\"ActualUnknownContacts\":0},{\"Depth\":3,\"MaxKnownContacts\":7,\"ActualKnownContacts\":7,\"ActualUnknownContacts\":0},{\"Depth\":4,\"MaxKnownContacts\":0,\"ActualKnownContacts\":0,\"ActualUnknownContacts\":0},{\"Depth\":4,\"MaxKnownContacts\":2,\"ActualKnownContacts\":2,\"ActualUnknownContacts\":0},{\"Depth\":6,\"MaxKnownContacts\":1,\"ActualKnownContacts\":1,\"ActualUnknownContacts\":0}]}"}}}
{"ts":1674173341553906544,"msg":"","group_id":"cypress-provider","run_id":"cf4tlvfrirflu81petu0","event":{"message_event":{"message":"bootstrap: done"}}}
{"ts":1674173341568487003,"msg":"","group_id":"cypress-provider","run_id":"cf4tlvfrirflu81petu0","event":{"message_event":{"message":"Bootstrap phase ended"}}}
{"ts":1674173341592922628,"msg":"","group_id":"cypress-provider","run_id":"cf4tlvfrirflu81petu0","event":{"message_event":{"message":"SetupNetwork, network setup completed"}}}
{"ts":1674173341619567628,"msg":"","group_id":"cypress-provider","run_id":"cf4tlvfrirflu81petu0","event":{"message_event":{"message":"getRecords, record count > 0"}}}
{"ts":1674173341654157503,"msg":"","group_id":"cypress-provider","run_id":"cf4tlvfrirflu81petu0","event":{"message_event":{"message":"getRecords, searchRecords: %!(EXTRA []*test.ProviderRecordSubmission=[0x40040b75c0])"}}}
{"ts":1674173341668542961,"msg":"","group_id":"cypress-provider","run_id":"cf4tlvfrirflu81petu0","event":{"message_event":{"message":"start provide loop"}}}
{"ts":1674173348831801673,"msg":"","group_id":"cypress-provider","run_id":"cf4tlvfrirflu81petu0","event":{"message_event":{"message":"Provided CID: QmeSZuScRfVhZy4U2CzqmAd5P8uxzgeW2nfbk2k4UyutkT"}}}
{"ts":1674173348832402590,"msg":"","group_id":"cypress-provider","run_id":"cf4tlvfrirflu81petu0","event":{"message_event":{"message":"Provided CID: QmQHFH1e6p6NGjLiA3rVJHRYzS7qBhfbKGGajQZ26u1PuE"}}}
{"ts":1674173351688860799,"msg":"","group_id":"cypress-provider","run_id":"cf4tlvfrirflu81petu0","event":{"message_event":{"message":"Provided CID: QmNj8PTJnf4fUCBd6EEAXcvMgfVMnt4CXFkPu968Fwg6YT"}}}
{"ts":1674173351940804591,"msg":"","group_id":"cypress-provider","run_id":"cf4tlvfrirflu81petu0","event":{"message_event":{"message":"Provided CID: QmXyoMntxMK4Z9uuruxACuyTV7kwdSEyjtxNhWbznehRUr"}}}
{"ts":1674173352814982466,"msg":"","group_id":"cypress-provider","run_id":"cf4tlvfrirflu81petu0","event":{"message_event":{"message":"Provided CID: Qmbtbn2iDC1YBbrN2WYgyscVXM5vws3ZoA4gT8YKzKMXgX"}}}
{"ts":1674173352865632800,"msg":"","group_id":"cypress-provider","run_id":"cf4tlvfrirflu81petu0","event":{"message_event":{"message":"Provided CID: QmS1rxhfhq3FsUuG2TLNSYW6gxrtR4hmfoiajCdWCo7hq5"}}}
{"ts":1674173352918973675,"msg":"","group_id":"cypress-provider","run_id":"cf4tlvfrirflu81petu0","event":{"message_event":{"message":"Provided CID: QmSpZzCdhhyWM7eTNe29nDrPR9xdZR8R4VpGSoTdFq5usz"}}}
{"ts":1674173355075987926,"msg":"","group_id":"cypress-provider","run_id":"cf4tlvfrirflu81petu0","event":{"message_event":{"message":"Provided CID: QmYFqavMPJvzLNnh6wYdHLAR7iiix7mPrpbJaXRGMVBxzb"}}}
{"ts":1674173356267955343,"msg":"","group_id":"cypress-provider","run_id":"cf4tlvfrirflu81petu0","event":{"message_event":{"message":"Provided CID: QmQw6U12opixMzbVDc384vgh7sia5gUKajDD24oRLaLEqQ"}}}
{"ts":1674173356274508051,"msg":"","group_id":"cypress-provider","run_id":"cf4tlvfrirflu81petu0","event":{"message_event":{"message":"Provided CID: QmdKMXX7ZqzwxriTXcLtqQJQXThZrgCaiSUERdDZ9Ne95f"}}}
{"ts":1674173357677623052,"msg":"","group_id":"cypress-provider","run_id":"cf4tlvfrirflu81petu0","event":{"message_event":{"message":"Provided CID: Qmbwx2wndEZeCm1257gtYyAeXrGNDStgm7YsufAHbyUkDc"}}}
{"ts":1674173357756671135,"msg":"","group_id":"cypress-provider","run_id":"cf4tlvfrirflu81petu0","event":{"message_event":{"message":"Provided CID: QmY1eF8EB1WVFdF6xzh1C1YkadMojpT4FoEZkqzyprqDoV"}}}
{"ts":1674173358026958677,"msg":"","group_id":"cypress-provider","run_id":"cf4tlvfrirflu81petu0","event":{"message_event":{"message":"Provided CID: QmTeC6qvToLwytK5uruQq4npHWezRWnRXjHm6Gn9h2tsFr"}}}
{"ts":1674173358285674552,"msg":"","group_id":"cypress-provider","run_id":"cf4tlvfrirflu81petu0","event":{"message_event":{"message":"Provided CID: QmSSrDtDK5LvFTnBAgNmjb5tRWcYuExu1qYLrXNv2UdzXE"}}}
{"ts":1674173358766700969,"msg":"","group_id":"cypress-provider","run_id":"cf4tlvfrirflu81petu0","event":{"message_event":{"message":"Provided CID: QmQZkMNdV3rH6umvxCwWEdoj4TjWyAxNuLxbXEigd8iKqU"}}}
{"ts":1674173359032331303,"msg":"","group_id":"cypress-provider","run_id":"cf4tlvfrirflu81petu0","event":{"message_event":{"message":"Provided CID: QmTzXCJwzJbtQxtpimCKwbyty4yPphQgGZQM2YRN45kMv2"}}}
{"ts":1674173362871930305,"msg":"","group_id":"cypress-provider","run_id":"cf4tlvfrirflu81petu0","event":{"message_event":{"message":"Provided CID: QmQNSGk6KsGpAPPAL4PweycsHN5Te4YBvwQY8G9bYWRKpe"}}}
{"ts":1674173363749611388,"msg":"","group_id":"cypress-provider","run_id":"cf4tlvfrirflu81petu0","event":{"message_event":{"message":"Provided CID: QmeT46kQsiffrH7MdGfNpkgaKGfKUnZw6bEw5APTU27WPz"}}}
{"ts":1674173365082432291,"msg":"","group_id":"cypress-provider","run_id":"cf4tlvfrirflu81petu0","event":{"message_event":{"message":"Provided CID: QmNnfyApQUXaqj2dsRTthNUBBktYf6seo7BJk7W9Ym56ZH"}}}
{"ts":1674173365390282333,"msg":"","group_id":"cypress-provider","run_id":"cf4tlvfrirflu81petu0","event":{"message_event":{"message":"Provided CID: QmYigrr9erPWMnVKfw74wV1KvjZ18mtzEzv7iFbWDh5VdP"}}}
{"ts":1674173365533998167,"msg":"","group_id":"cypress-provider","run_id":"cf4tlvfrirflu81petu0","event":{"message_event":{"message":"name: signal provider-records1; uint: ns; time: %!d(float64=4.4881959e+07)"}}}
{"ts":1674173365586096333,"msg":"","group_id":"cypress-provider","run_id":"cf4tlvfrirflu81petu0","event":{"message_event":{"message":"signal provider-records1%!(EXTRA float64=9.6976167e+07)"}}}
{"ts":1674173365683366458,"msg":"","group_id":"cypress-provider","run_id":"cf4tlvfrirflu81petu0","event":{"message_event":{"message":"name: barrier provider-records1; uint: ns; time: %!d(float64=167)"}}}
{"ts":1674173368933308585,"msg":"","group_id":"cypress-provider","run_id":"cf4tlvfrirflu81petu0","event":{"message_event":{"message":"barrierprovider-records1%!(EXTRA float64=3.249939835e+09)"}}}
{"ts":1674173369028249377,"msg":"","group_id":"cypress-provider","run_id":"cf4tlvfrirflu81petu0","event":{"message_event":{"message":"name: full provider-records1; uint: ns; time: %!d(float64=3.344884085e+09)"}}}
{"ts":1674173369639868418,"msg":"","group_id":"cypress-provider","run_id":"cf4tlvfrirflu81petu0","event":{"message_event":{"message":"full provider-records1%!(EXTRA float64=2.7965382387e+10)"}}}
{"ts":1674173404815233421,"msg":"","group_id":"cypress-provider","run_id":"cf4tlvfrirflu81petu0","event":{"message_event":{"message":"failed to send batch to InfluxDB; attempt 0; err: Post \"http://testground-influxdb:8086/write?consistency=&db=testground&precision=ns&rp=\": context deadline exceeded (Client.Timeout exceeded while awaiting headers)"}}}
{"ts":1674173410872345507,"msg":"","group_id":"cypress-provider","run_id":"cf4tlvfrirflu81petu0","event":{"message_event":{"message":"failed to send batch to InfluxDB; attempt 1; err: Post \"http://testground-influxdb:8086/write?consistency=&db=testground&precision=ns&rp=\": context deadline exceeded (Client.Timeout exceeded while awaiting headers)"}}}
{"ts":1674173420209995720,"msg":"","group_id":"cypress-provider","run_id":"cf4tlvfrirflu81petu0","event":{"message_event":{"message":"failed to send batch to InfluxDB; attempt 2; err: Post \"http://testground-influxdb:8086/write?consistency=&db=testground&precision=ns&rp=\": context deadline exceeded (Client.Timeout exceeded while awaiting headers)"}}}
{"ts":1674173429627590252,"msg":"","group_id":"cypress-provider","run_id":"cf4tlvfrirflu81petu0","event":{"message_event":{"message":"failed to send batch to InfluxDB; attempt 3; err: Post \"http://testground-influxdb:8086/write?consistency=&db=testground&precision=ns&rp=\": context deadline exceeded (Client.Timeout exceeded while awaiting headers)"}}}
{"ts":1674173439187947756,"msg":"","group_id":"cypress-provider","run_id":"cf4tlvfrirflu81petu0","event":{"message_event":{"message":"failed to send batch to InfluxDB; attempt 4; err: Post \"http://testground-influxdb:8086/write?consistency=&db=testground&precision=ns&rp=\": context deadline exceeded (Client.Timeout exceeded while awaiting headers)"}}}
{"ts":1674173439219848298,"msg":"","group_id":"cypress-provider","run_id":"cf4tlvfrirflu81petu0","event":{"message_event":{"message":"influxdb: failed to upload 55 points; err: All attempts fail:\n#1: Post \"http://testground-influxdb:8086/write?consistency=&db=testground&precision=ns&rp=\": context deadline exceeded (Client.Timeout exceeded while awaiting headers)\n#2: Post \"http://testground-influxdb:8086/write?consistency=&db=testground&precision=ns&rp=\": context deadline exceeded (Client.Timeout exceeded while awaiting headers)\n#3: Post \"http://testground-influxdb:8086/write?consistency=&db=testground&precision=ns&rp=\": context deadline exceeded (Client.Timeout exceeded while awaiting headers)\n#4: Post \"http://testground-influxdb:8086/write?consistency=&db=testground&precision=ns&rp=\": context deadline exceeded (Client.Timeout exceeded while awaiting headers)\n#5: Post \"http://testground-influxdb:8086/write?consistency=&db=testground&precision=ns&rp=\": context deadline exceeded (Client.Timeout exceeded while awaiting headers)"}}}
{"ts":1674173444320033134,"msg":"","group_id":"cypress-provider","run_id":"cf4tlvfrirflu81petu0","event":{"message_event":{"message":"failed to send batch to InfluxDB; attempt 0; err: Post \"http://testground-influxdb:8086/write?consistency=&db=testground&precision=ns&rp=\": context deadline exceeded (Client.Timeout exceeded while awaiting headers)"}}}
{"ts":1674173446571245135,"msg":"","group_id":"cypress-provider","run_id":"cf4tlvfrirflu81petu0","event":{"message_event":{"message":"name: signal provider-records2; uint: ns; time: %!d(float64=8.882792e+06)"}}}
{"ts":1674173446603654635,"msg":"","group_id":"cypress-provider","run_id":"cf4tlvfrirflu81petu0","event":{"message_event":{"message":"signal provider-records2%!(EXTRA float64=4.128725e+07)"}}}
{"ts":1674173446693936427,"msg":"","group_id":"cypress-provider","run_id":"cf4tlvfrirflu81petu0","event":{"message_event":{"message":"name: barrier provider-records2; uint: ns; time: %!d(float64=500)"}}}
{"ts":1674173455899207917,"msg":"","group_id":"cypress-provider","run_id":"cf4tlvfrirflu81petu0","event":{"message_event":{"message":"barrierprovider-records2%!(EXTRA float64=9.205671086e+09)"}}}
{"ts":1674173455996306542,"msg":"","group_id":"cypress-provider","run_id":"cf4tlvfrirflu81petu0","event":{"message_event":{"message":"name: full provider-records2; uint: ns; time: %!d(float64=9.302617128e+09)"}}}
{"ts":1674173456040187500,"msg":"","group_id":"cypress-provider","run_id":"cf4tlvfrirflu81petu0","event":{"message_event":{"message":"full provider-records2%!(EXTRA float64=8.1849184453e+10)"}}}
{"ts":1674173456758960875,"msg":"","group_id":"cypress-provider","run_id":"cf4tlvfrirflu81petu0","event":{"success_event":{"group":"cypress-provider"}}}
{"ts":1674173469757403590,"msg":"","group_id":"cypress-provider","run_id":"cf4tlvfrirflu81petu0","event":{"message_event":{"message":"failed to send batch to InfluxDB; attempt 0; err: Post \"http://testground-influxdb:8086/write?consistency=&db=testground&precision=ns&rp=\": context deadline exceeded (Client.Timeout exceeded while awaiting headers)"}}}
{"ts":1674173475275926551,"msg":"","group_id":"cypress-provider","run_id":"cf4tlvfrirflu81petu0","event":{"message_event":{"message":"failed to send batch to InfluxDB; attempt 1; err: Post \"http://testground-influxdb:8086/write?consistency=&db=testground&precision=ns&rp=\": context deadline exceeded (Client.Timeout exceeded while awaiting headers)"}}}
{"ts":1674173481396831054,"msg":"","group_id":"cypress-provider","run_id":"cf4tlvfrirflu81petu0","event":{"message_event":{"message":"failed to send batch to InfluxDB; attempt 2; err: Post \"http://testground-influxdb:8086/write?consistency=&db=testground&precision=ns&rp=\": context deadline exceeded (Client.Timeout exceeded while awaiting headers)"}}}
{"ts":1674173488598293126,"msg":"","group_id":"cypress-provider","run_id":"cf4tlvfrirflu81petu0","event":{"message_event":{"message":"failed to send batch to InfluxDB; attempt 3; err: Post \"http://testground-influxdb:8086/write?consistency=&db=testground&precision=ns&rp=\": context deadline exceeded (Client.Timeout exceeded while awaiting headers)"}}}
