{"ts":1675449725879612500,"type":"point","name":"bandwidth-total-in|cypress-provider|16|0","measures":{"value":160480}}
{"ts":1675449725882533083,"type":"point","name":"bandwidth-total-out|cypress-provider|16|0","measures":{"value":175221}}
{"ts":1675449725884433875,"type":"point","name":"bandwidth-rate-in|cypress-provider|16|0","measures":{"value":0.18642287807121768}}
{"ts":1675449725887032708,"type":"point","name":"bandwidth-rate-out|cypress-provider|16|0","measures":{"value":0.2614075456175253}}
{"ts":1675449742834824341,"type":"point","name":"signal bootstrapping0","measures":{"value":30782250}}
{"ts":1675449744027593675,"type":"point","name":"barrierbootstrapping0","measures":{"value":1169558376}}
{"ts":1675449744101103467,"type":"point","name":"full bootstrapping0","measures":{"value":37582949017}}
{"ts":1675449745930877635,"type":"point","name":"bandwidth-total-in|cypress-provider|16|1","measures":{"value":182163}}
{"ts":1675449746011835468,"type":"point","name":"bandwidth-total-out|cypress-provider|16|1","measures":{"value":206678}}
{"ts":1675449746140587885,"type":"point","name":"bandwidth-rate-in|cypress-provider|16|1","measures":{"value":22.010589042202618}}
{"ts":1675449746252239843,"type":"point","name":"bandwidth-rate-out|cypress-provider|16|1","measures":{"value":91.95944613604358}}
{"ts":1675449765893385088,"type":"point","name":"bandwidth-total-in|cypress-provider|16|2","measures":{"value":656567}}
{"ts":1675449765938039213,"type":"point","name":"bandwidth-total-out|cypress-provider|16|2","measures":{"value":772830}}
{"ts":1675449765993794380,"type":"point","name":"bandwidth-rate-in|cypress-provider|16|2","measures":{"value":13914.179704555378}}
{"ts":1675449766036335713,"type":"point","name":"bandwidth-rate-out|cypress-provider|16|2","measures":{"value":9748.423351615478}}
{"ts":1675449775532372884,"type":"point","name":"time-to-provide-19","measures":{"value":30028367722}}
{"ts":1675449778631446594,"type":"point","name":"time-to-provide-3","measures":{"value":33098581140}}
{"ts":1675449779383758803,"type":"point","name":"time-to-provide-0","measures":{"value":33876832474}}
{"ts":1675449780987426054,"type":"point","name":"time-to-provide-4","measures":{"value":35177942975}}
{"ts":1675449781063336804,"type":"point","name":"time-to-provide-13","measures":{"value":35168242350}}
{"ts":1675449781181021970,"type":"point","name":"time-to-provide-7","measures":{"value":35286963058}}
{"ts":1675449781261920012,"type":"point","name":"time-to-provide-2","measures":{"value":35752402850}}
{"ts":1675449781394797929,"type":"point","name":"time-to-provide-15","measures":{"value":35384040475}}
{"ts":1675449781462343970,"type":"point","name":"time-to-provide-6","measures":{"value":35648230558}}
{"ts":1675449781554494554,"type":"point","name":"time-to-provide-18","measures":{"value":35448824100}}
{"ts":1675449781588827304,"type":"point","name":"time-to-provide-16","measures":{"value":35574446642}}
{"ts":1675449781634726887,"type":"point","name":"time-to-provide-8","measures":{"value":35739942975}}
{"ts":1675449781787666804,"type":"point","name":"time-to-provide-10","measures":{"value":35892666642}}
{"ts":1675449781826845512,"type":"point","name":"time-to-provide-12","measures":{"value":35931779642}}
{"ts":1675449781843440679,"type":"point","name":"time-to-provide-17","measures":{"value":35832353058}}
{"ts":1675449781895101637,"type":"point","name":"time-to-provide-14","measures":{"value":36000247017}}
{"ts":1675449781950893304,"type":"point","name":"time-to-provide-5","measures":{"value":36140919558}}
{"ts":1675449781980103512,"type":"point","name":"time-to-provide-9","measures":{"value":36475537767}}
{"ts":1675449781996807596,"type":"point","name":"time-to-provide-1","measures":{"value":36488905142}}
{"ts":1675449782090118012,"type":"point","name":"time-to-provide-11","measures":{"value":36195082017}}
{"ts":1675449782369466596,"type":"point","name":"signal provider-records1","measures":{"value":254415292}}
{"ts":1675449784333487139,"type":"point","name":"barrierprovider-records1","measures":{"value":1945399001}}
{"ts":1675449784470627722,"type":"point","name":"full provider-records1","measures":{"value":39149793226}}
{"ts":1675449785883599833,"type":"point","name":"bandwidth-total-in|cypress-provider|16|3","measures":{"value":784727}}
{"ts":1675449785912585750,"type":"point","name":"bandwidth-total-out|cypress-provider|16|3","measures":{"value":845050}}
{"ts":1675449785940351333,"type":"point","name":"bandwidth-rate-in|cypress-provider|16|3","measures":{"value":762.9927733982017}}
{"ts":1675449785966170917,"type":"point","name":"bandwidth-rate-out|cypress-provider|16|3","measures":{"value":450.26310373635795}}
{"ts":1675449787223366667,"type":"point","name":"time-to-find-first|cypress-provider|19","measures":{"value":697304375}}
{"ts":1675449787462360667,"type":"point","name":"time-to-find-first|cypress-provider|13","measures":{"value":769168417}}
{"ts":1675449787462448126,"type":"point","name":"time-to-find-first|cypress-provider|0","measures":{"value":936262583}}
{"ts":1675449787465763417,"type":"point","name":"time-to-find-first|cypress-provider|4","measures":{"value":765195917}}
{"ts":1675449787465885501,"type":"point","name":"time-to-find-first|cypress-provider|3","measures":{"value":765566875}}
{"ts":1675449787465904626,"type":"point","name":"time-to-find-first|cypress-provider|5","measures":{"value":765283250}}
{"ts":1675449787465925459,"type":"point","name":"time-to-find-first|cypress-provider|1","measures":{"value":765790292}}
{"ts":1675449787466751126,"type":"point","name":"time-to-find-first|cypress-provider|2","measures":{"value":766520959}}
{"ts":1675449787577274292,"type":"point","name":"time-to-find-first|cypress-provider|6","measures":{"value":876611917}}
{"ts":1675449787685672709,"type":"point","name":"time-to-find-first|cypress-provider|8","measures":{"value":984939792}}
{"ts":1675449787686033417,"type":"point","name":"time-to-find-first|cypress-provider|7","measures":{"value":985328709}}
{"ts":1675449787686525542,"type":"point","name":"time-to-find-first|cypress-provider|9","measures":{"value":985595750}}
{"ts":1675449787911573376,"type":"point","name":"time-to-find-first|cypress-provider|11","measures":{"value":1210555959}}
{"ts":1675449787911664376,"type":"point","name":"time-to-find-first|cypress-provider|10","measures":{"value":1210676834}}
{"ts":1675449787913078168,"type":"point","name":"time-to-find-first|cypress-provider|12","measures":{"value":1212030209}}
{"ts":1675449787913423668,"type":"point","name":"time-to-find-first|cypress-provider|15","measures":{"value":1212314084}}
{"ts":1675449787955444209,"type":"point","name":"time-to-find-first|cypress-provider|16","measures":{"value":1254313792}}
{"ts":1675449787957307584,"type":"point","name":"time-to-find-first|cypress-provider|17","measures":{"value":1256145168}}
{"ts":1675449787999972251,"type":"point","name":"time-to-find-first|cypress-provider|14","measures":{"value":1214280667}}
{"ts":1675449788000366709,"type":"point","name":"time-to-find-first|cypress-provider|18","measures":{"value":1299190959}}
{"ts":1675449805881446926,"type":"point","name":"bandwidth-total-in|cypress-provider|16|4","measures":{"value":1560169}}
{"ts":1675449805960441593,"type":"point","name":"bandwidth-total-out|cypress-provider|16|4","measures":{"value":1909640}}
{"ts":1675449805981621343,"type":"point","name":"bandwidth-rate-in|cypress-provider|16|4","measures":{"value":3663.9462846267943}}
{"ts":1675449806022677843,"type":"point","name":"bandwidth-rate-out|cypress-provider|16|4","measures":{"value":11634.007944455607}}
{"ts":1675449825883924713,"type":"point","name":"bandwidth-total-in|cypress-provider|16|5","measures":{"value":2019065}}
{"ts":1675449826022268796,"type":"point","name":"bandwidth-total-out|cypress-provider|16|5","measures":{"value":2572262}}
{"ts":1675449826078877130,"type":"point","name":"bandwidth-rate-in|cypress-provider|16|5","measures":{"value":44346.71708263837}}
{"ts":1675449826094053796,"type":"point","name":"bandwidth-rate-out|cypress-provider|16|5","measures":{"value":13954.852032897643}}
{"ts":1675449838059092802,"type":"point","name":"num-hops|cypress-provider|18","measures":{"value":2}}
{"ts":1675449838121027219,"type":"point","name":"time-to-find-last|done|cypress-provider|18","measures":{"value":4511605210}}
{"ts":1675449838150077302,"type":"point","name":"time-to-find|done|cypress-provider|18","measures":{"value":51445419941}}
{"ts":1675449838157153261,"type":"point","name":"peers-found|done|cypress-provider|18","measures":{"value":40}}
{"ts":1675449838166145136,"type":"point","name":"peers-missing|done|cypress-provider|18","measures":{"value":0}}
{"ts":1675449838220964177,"type":"point","name":"num-hops|cypress-provider|6","measures":{"value":2}}
{"ts":1675449838271195844,"type":"point","name":"time-to-find-last|done|cypress-provider|6","measures":{"value":2314575126}}
{"ts":1675449838294936094,"type":"point","name":"time-to-find|done|cypress-provider|6","measures":{"value":51590792275}}
{"ts":1675449838325200469,"type":"point","name":"peers-found|done|cypress-provider|6","measures":{"value":40}}
{"ts":1675449838366722469,"type":"point","name":"peers-missing|done|cypress-provider|6","measures":{"value":0}}
{"ts":1675449838638786136,"type":"point","name":"num-hops|cypress-provider|10","measures":{"value":2}}
{"ts":1675449838680701052,"type":"point","name":"time-to-find-last|done|cypress-provider|10","measures":{"value":1512395167}}
{"ts":1675449838710870011,"type":"point","name":"time-to-find|done|cypress-provider|10","measures":{"value":52006401108}}
{"ts":1675449838743010761,"type":"point","name":"peers-found|done|cypress-provider|10","measures":{"value":40}}
{"ts":1675449838743870094,"type":"point","name":"num-hops|cypress-provider|14","measures":{"value":2}}
{"ts":1675449838804915594,"type":"point","name":"time-to-find-last|done|cypress-provider|14","measures":{"value":2219538917}}
{"ts":1675449838848536178,"type":"point","name":"time-to-find|done|cypress-provider|14","measures":{"value":52059363941}}
{"ts":1675449838904005928,"type":"point","name":"peers-found|done|cypress-provider|14","measures":{"value":40}}
{"ts":1675449838941508386,"type":"point","name":"peers-missing|done|cypress-provider|14","measures":{"value":0}}
{"ts":1675449838789249386,"type":"point","name":"peers-missing|done|cypress-provider|10","measures":{"value":0}}
{"ts":1675449838804992344,"type":"point","name":"num-hops|cypress-provider|16","measures":{"value":2}}
{"ts":1675449839045805053,"type":"point","name":"time-to-find-last|done|cypress-provider|16","measures":{"value":2136186918}}
{"ts":1675449839061097261,"type":"point","name":"time-to-find|done|cypress-provider|16","measures":{"value":52356486400}}
{"ts":1675449839089649428,"type":"point","name":"peers-found|done|cypress-provider|16","measures":{"value":40}}
{"ts":1675449839145583553,"type":"point","name":"peers-missing|done|cypress-provider|16","measures":{"value":0}}
{"ts":1675449839635079928,"type":"point","name":"num-hops|cypress-provider|13","measures":{"value":1}}
{"ts":1675449839663957845,"type":"point","name":"time-to-find-last|done|cypress-provider|13","measures":{"value":799715209}}
{"ts":1675449839707052928,"type":"point","name":"time-to-find|done|cypress-provider|13","measures":{"value":53010379983}}
{"ts":1675449839718970345,"type":"point","name":"peers-found|done|cypress-provider|13","measures":{"value":40}}
{"ts":1675449839763255636,"type":"point","name":"peers-missing|done|cypress-provider|13","measures":{"value":0}}
{"ts":1675449839763750636,"type":"point","name":"num-hops|cypress-provider|9","measures":{"value":1}}
{"ts":1675449839889159470,"type":"point","name":"time-to-find-last|done|cypress-provider|9","measures":{"value":2823720418}}
{"ts":1675449839919202345,"type":"point","name":"time-to-find|done|cypress-provider|9","measures":{"value":53214789900}}
{"ts":1675449839959898928,"type":"point","name":"peers-found|done|cypress-provider|9","measures":{"value":40}}
{"ts":1675449839992673095,"type":"point","name":"peers-missing|done|cypress-provider|9","measures":{"value":0}}
{"ts":1675449840017985011,"type":"point","name":"num-hops|cypress-provider|17","measures":{"value":3}}
{"ts":1675449840043165970,"type":"point","name":"time-to-find-last|done|cypress-provider|17","measures":{"value":2140214210}}
{"ts":1675449840100948761,"type":"point","name":"time-to-find|done|cypress-provider|17","measures":{"value":53396316317}}
{"ts":1675449840132156886,"type":"point","name":"peers-found|done|cypress-provider|17","measures":{"value":40}}
{"ts":1675449840173999303,"type":"point","name":"peers-missing|done|cypress-provider|17","measures":{"value":0}}
{"ts":1675449840055669511,"type":"point","name":"num-hops|cypress-provider|11","measures":{"value":1}}
{"ts":1675449840281154637,"type":"point","name":"time-to-find-last|done|cypress-provider|11","measures":{"value":1517748709}}
{"ts":1675449840320926928,"type":"point","name":"time-to-find|done|cypress-provider|11","measures":{"value":53616430775}}
{"ts":1675449840112046845,"type":"point","name":"num-hops|cypress-provider|12","measures":{"value":2}}
{"ts":1675449840375161678,"type":"point","name":"time-to-find-last|done|cypress-provider|12","measures":{"value":2305321751}}
{"ts":1675449840399095762,"type":"point","name":"time-to-find|done|cypress-provider|12","measures":{"value":53694568192}}
{"ts":1675449840427700762,"type":"point","name":"peers-found|done|cypress-provider|12","measures":{"value":40}}
{"ts":1675449840459188887,"type":"point","name":"peers-missing|done|cypress-provider|12","measures":{"value":0}}
{"ts":1675449840243598470,"type":"point","name":"num-hops|cypress-provider|2","measures":{"value":1}}
{"ts":1675449840350165803,"type":"point","name":"peers-found|done|cypress-provider|11","measures":{"value":40}}
{"ts":1675449840546727178,"type":"point","name":"peers-missing|done|cypress-provider|11","measures":{"value":0}}
{"ts":1675449840497929637,"type":"point","name":"time-to-find-last|done|cypress-provider|2","measures":{"value":1525423418}}
{"ts":1675449840605060845,"type":"point","name":"time-to-find|done|cypress-provider|2","measures":{"value":53901347484}}
{"ts":1675449840663832387,"type":"point","name":"peers-found|done|cypress-provider|2","measures":{"value":40}}
{"ts":1675449840705611553,"type":"point","name":"peers-missing|done|cypress-provider|2","measures":{"value":0}}
{"ts":1675449840772102678,"type":"point","name":"num-hops|cypress-provider|15","measures":{"value":2}}
{"ts":1675449840803220970,"type":"point","name":"time-to-find-last|done|cypress-provider|15","measures":{"value":1994402543}}
{"ts":1675449840849589762,"type":"point","name":"time-to-find|done|cypress-provider|15","measures":{"value":54144998401}}
{"ts":1675449840873897429,"type":"point","name":"peers-found|done|cypress-provider|15","measures":{"value":40}}
{"ts":1675449840905713512,"type":"point","name":"peers-missing|done|cypress-provider|15","measures":{"value":0}}
{"ts":1675449841543129304,"type":"point","name":"num-hops|cypress-provider|19","measures":{"value":3}}
{"ts":1675449841552990304,"type":"point","name":"time-to-find-last|done|cypress-provider|19","measures":{"value":914105208}}
{"ts":1675449841563096429,"type":"point","name":"time-to-find|done|cypress-provider|19","measures":{"value":55033555942}}
{"ts":1675449841583451429,"type":"point","name":"peers-found|done|cypress-provider|19","measures":{"value":40}}
{"ts":1675449841621538637,"type":"point","name":"peers-missing|done|cypress-provider|19","measures":{"value":0}}
{"ts":1675449843338062221,"type":"point","name":"num-hops|cypress-provider|7","measures":{"value":1}}
{"ts":1675449843352130846,"type":"point","name":"time-to-find-last|done|cypress-provider|7","measures":{"value":2175591710}}
{"ts":1675449843376105971,"type":"point","name":"time-to-find|done|cypress-provider|7","measures":{"value":56671918860}}
{"ts":1675449843409762430,"type":"point","name":"peers-found|done|cypress-provider|7","measures":{"value":40}}
{"ts":1675449843431053555,"type":"point","name":"peers-missing|done|cypress-provider|7","measures":{"value":0}}
{"ts":1675449844676050722,"type":"point","name":"num-hops|cypress-provider|4","measures":{"value":2}}
{"ts":1675449844723763805,"type":"point","name":"time-to-find-last|done|cypress-provider|4","measures":{"value":1094820126}}
{"ts":1675449844885418722,"type":"point","name":"time-to-find|done|cypress-provider|4","measures":{"value":58181370402}}
{"ts":1675449844933984514,"type":"point","name":"peers-found|done|cypress-provider|4","measures":{"value":40}}
{"ts":1675449845014072208,"type":"point","name":"peers-missing|done|cypress-provider|4","measures":{"value":0}}
{"ts":1675449844934178222,"type":"point","name":"num-hops|cypress-provider|5","measures":{"value":2}}
{"ts":1675449845089086666,"type":"point","name":"time-to-find-last|done|cypress-provider|5","measures":{"value":1127934709}}
{"ts":1675449845103249250,"type":"point","name":"time-to-find|done|cypress-provider|5","measures":{"value":58399928152}}
{"ts":1675449845139383875,"type":"point","name":"peers-found|done|cypress-provider|5","measures":{"value":40}}
{"ts":1675449845171894666,"type":"point","name":"peers-missing|done|cypress-provider|5","measures":{"value":0}}
{"ts":1675449845714842833,"type":"point","name":"num-hops|cypress-provider|8","measures":{"value":2}}
{"ts":1675449845745874250,"type":"point","name":"time-to-find-last|done|cypress-provider|8","measures":{"value":1211436709}}
{"ts":1675449845765049292,"type":"point","name":"time-to-find|done|cypress-provider|8","measures":{"value":59061616360}}
{"ts":1675449845795067625,"type":"point","name":"peers-found|done|cypress-provider|8","measures":{"value":40}}
{"ts":1675449845809672875,"type":"point","name":"peers-missing|done|cypress-provider|8","measures":{"value":0}}
{"ts":1675449845819301208,"type":"point","name":"num-hops|cypress-provider|3","measures":{"value":2}}
{"ts":1675449845836658250,"type":"point","name":"time-to-find-last|done|cypress-provider|3","measures":{"value":1055474542}}
{"ts":1675449845875689250,"type":"point","name":"time-to-find|done|cypress-provider|3","measures":{"value":59172670902}}
{"ts":1675449845901041458,"type":"point","name":"peers-found|done|cypress-provider|3","measures":{"value":40}}
{"ts":1675449845882010042,"type":"point","name":"bandwidth-total-in|cypress-provider|16|6","measures":{"value":2306631}}
{"ts":1675449845983942500,"type":"point","name":"bandwidth-total-out|cypress-provider|16|6","measures":{"value":2679339}}
{"ts":1675449845998899375,"type":"point","name":"bandwidth-rate-in|cypress-provider|16|6","measures":{"value":93.07658779999112}}
{"ts":1675449846033353458,"type":"point","name":"bandwidth-rate-out|cypress-provider|16|6","measures":{"value":3.223711171044404}}
{"ts":1675449845947321792,"type":"point","name":"peers-missing|done|cypress-provider|3","measures":{"value":0}}
{"ts":1675449846464420750,"type":"point","name":"num-hops|cypress-provider|1","measures":{"value":2}}
{"ts":1675449846493021084,"type":"point","name":"time-to-find-last|done|cypress-provider|1","measures":{"value":4457345211}}
{"ts":1675449846511426959,"type":"point","name":"time-to-find|done|cypress-provider|1","measures":{"value":59808590903}}
{"ts":1675449846526472625,"type":"point","name":"peers-found|done|cypress-provider|1","measures":{"value":40}}
{"ts":1675449846570136959,"type":"point","name":"peers-missing|done|cypress-provider|1","measures":{"value":0}}
{"ts":1675449846950492667,"type":"point","name":"num-hops|cypress-provider|0","measures":{"value":2}}
{"ts":1675449846979459834,"type":"point","name":"time-to-find-last|done|cypress-provider|0","measures":{"value":1156263458}}
{"ts":1675449846986374709,"type":"point","name":"time-to-find|done|cypress-provider|0","measures":{"value":60457490902}}
{"ts":1675449847023344209,"type":"point","name":"peers-found|done|cypress-provider|0","measures":{"value":40}}
{"ts":1675449847037444334,"type":"point","name":"peers-missing|done|cypress-provider|0","measures":{"value":0}}
{"ts":1675449847154431709,"type":"point","name":"signal provider-records2","measures":{"value":82111500}}
{"ts":1675449849050368835,"type":"point","name":"barrierprovider-records2","measures":{"value":1884401126}}
{"ts":1675449849187234960,"type":"point","name":"full provider-records2","measures":{"value":62658623862}}
{"ts":1675449865903776343,"type":"point","name":"bandwidth-total-in|cypress-provider|16|7","measures":{"value":2306631}}
{"ts":1675449866063073718,"type":"point","name":"bandwidth-total-out|cypress-provider|16|7","measures":{"value":2679339}}
{"ts":1675449866183198135,"type":"point","name":"bandwidth-rate-in|cypress-provider|16|7","measures":{"value":1.9184514610817228e-7}}
{"ts":1675449866364471676,"type":"point","name":"bandwidth-rate-out|cypress-provider|16|7","measures":{"value":6.644563957893824e-9}}
