{"ts":1674234422641018672,"type":"gauge","name":"runtime.MemStats.HeapIdle","measures":{"value":8429568}}
{"ts":1674234422663870756,"type":"gauge","name":"runtime.MemStats.HeapInuse","measures":{"value":28401664}}
{"ts":1674234422676825047,"type":"gauge","name":"runtime.MemStats.MSpanSys","measures":{"value":522240}}
{"ts":1674234422700871547,"type":"gauge","name":"runtime.MemStats.TotalAlloc","measures":{"value":32830944}}
{"ts":1674234422713021381,"type":"gauge","name":"runtime.MemStats.EnableGC","measures":{"value":1}}
{"ts":1674234422715357006,"type":"gauge","name":"runtime.MemStats.HeapAlloc","measures":{"value":26720848}}
{"ts":1674234422717080589,"type":"gauge","name":"runtime.MemStats.NumGC","measures":{"value":3}}
{"ts":1674234422745013589,"type":"gauge","name":"runtime.MemStats.HeapObjects","measures":{"value":653241}}
{"ts":1674234422748507672,"type":"gauge","name":"runtime.MemStats.MCacheSys","measures":{"value":15600}}
{"ts":1674234422750487256,"type":"histogram","name":"runtime.MemStats.PauseNs","measures":{"count":3,"max":20116125,"mean":10708722.666666666,"min":3223626,"p50":8786417,"p75":20116125,"p95":20116125,"p99":20116125,"p999":20116125,"p9999":20116125,"stddev":7029014.863327783,"variance":49407049948882.88}}
{"ts":1674234422759839006,"type":"gauge","name":"runtime.NumCgoCall","measures":{"value":1}}
{"ts":1674234422762536172,"type":"gauge","name":"runtime.MemStats.Frees","measures":{"value":229569}}
{"ts":1674234422772984214,"type":"gauge","name":"runtime.MemStats.Mallocs","measures":{"value":882810}}
{"ts":1674234422780940172,"type":"gauge","name":"runtime.MemStats.MSpanInuse","measures":{"value":514760}}
{"ts":1674234422796051256,"type":"gauge","name":"runtime.NumGoroutine","measures":{"value":17}}
{"ts":1674234422801133964,"type":"gauge","name":"runtime.NumThread","measures":{"value":10}}
{"ts":1674234422804927506,"type":"gauge","name":"runtime.MemStats.Alloc","measures":{"value":26720848}}
{"ts":1674234422809428297,"type":"gauge","name":"runtime.MemStats.Lookups","measures":{"value":0}}
{"ts":1674234422881619547,"type":"gauge","name":"runtime.MemStats.MCacheInuse","measures":{"value":7200}}
{"ts":1674234422887519297,"type":"gauge","name":"runtime.MemStats.NextGC","measures":{"value":36045504}}
{"ts":1674234422908518172,"type":"gauge","name":"runtime.MemStats.BuckHashSys","measures":{"value":1495718}}
{"ts":1674234422918886047,"type":"gauge","name":"runtime.MemStats.DebugGC","measures":{"value":0}}
{"ts":1674234422954131172,"type":"gauge","name":"runtime.MemStats.LastGC","measures":{"value":1674234419328873200}}
{"ts":1674234422964388547,"type":"gauge","name":"runtime.MemStats.StackInuse","measures":{"value":917504}}
{"ts":1674234422967774297,"type":"timer","name":"runtime.ReadMemStats","measures":{"count":1,"m1":0,"m15":0,"m5":0,"max":8205125,"mean":8205125,"meanrate":0.19896249669072644,"min":8205125,"p50":8205125,"p75":8205125,"p95":8205125,"p99":8205125,"p999":8205125,"p9999":8205125,"stddev":0,"variance":0}}
{"ts":1674234422973078131,"type":"gauge","name":"runtime.MemStats.HeapReleased","measures":{"value":4235264}}
{"ts":1674234422976461589,"type":"gauge","name":"runtime.MemStats.HeapSys","measures":{"value":36831232}}
{"ts":1674234422990694589,"type":"gauge","name":"runtime.MemStats.GCCPUFraction","measures":{"value":0.041420107433316304}}
{"ts":1674234422999606422,"type":"gauge","name":"runtime.MemStats.PauseTotalNs","measures":{"value":32126168}}
{"ts":1674234423003833006,"type":"gauge","name":"runtime.MemStats.StackSys","measures":{"value":917504}}
{"ts":1674234423007778047,"type":"gauge","name":"runtime.MemStats.Sys","measures":{"value":45905160}}
{"ts":1674234427633795633,"type":"gauge","name":"runtime.MemStats.StackSys","measures":{"value":4096000}}
{"ts":1674234427678836925,"type":"gauge","name":"runtime.MemStats.Sys","measures":{"value":45905160}}
{"ts":1674234427683701383,"type":"gauge","name":"runtime.MemStats.HeapReleased","measures":{"value":3072000}}
{"ts":1674234427691817550,"type":"gauge","name":"runtime.MemStats.HeapSys","measures":{"value":33652736}}
{"ts":1674234427698980300,"type":"gauge","name":"runtime.MemStats.GCCPUFraction","measures":{"value":0.041420107433316304}}
{"ts":1674234427750438133,"type":"gauge","name":"runtime.MemStats.PauseTotalNs","measures":{"value":32126168}}
{"ts":1674234427779060550,"type":"gauge","name":"runtime.MemStats.HeapIdle","measures":{"value":3620864}}
{"ts":1674234427786964550,"type":"gauge","name":"runtime.MemStats.HeapInuse","measures":{"value":30031872}}
{"ts":1674234427792002133,"type":"gauge","name":"runtime.MemStats.MSpanSys","measures":{"value":538560}}
{"ts":1674234427797029425,"type":"gauge","name":"runtime.MemStats.TotalAlloc","measures":{"value":34419440}}
{"ts":1674234427805947758,"type":"gauge","name":"runtime.MemStats.EnableGC","measures":{"value":1}}
{"ts":1674234427821929133,"type":"gauge","name":"runtime.MemStats.HeapAlloc","measures":{"value":28309344}}
{"ts":1674234427888790675,"type":"gauge","name":"runtime.MemStats.NumGC","measures":{"value":0}}
{"ts":1674234427896590508,"type":"gauge","name":"runtime.MemStats.HeapObjects","measures":{"value":669455}}
{"ts":1674234428103588883,"type":"gauge","name":"runtime.MemStats.MCacheSys","measures":{"value":15600}}
{"ts":1674234428173847133,"type":"histogram","name":"runtime.MemStats.PauseNs","measures":{"count":3,"max":20116125,"mean":10708722.666666666,"min":3223626,"p50":8786417,"p75":20116125,"p95":20116125,"p99":20116125,"p999":20116125,"p9999":20116125,"stddev":7029014.863327783,"variance":49407049948882.88}}
{"ts":1674234428194588967,"type":"gauge","name":"runtime.NumCgoCall","measures":{"value":0}}
{"ts":1674234428200105592,"type":"gauge","name":"runtime.NumThread","measures":{"value":10}}
{"ts":1674234428216947217,"type":"gauge","name":"runtime.MemStats.Frees","measures":{"value":1386}}
{"ts":1674234428223116925,"type":"gauge","name":"runtime.MemStats.Mallocs","measures":{"value":17600}}
{"ts":1674234428257691883,"type":"gauge","name":"runtime.MemStats.MSpanInuse","measures":{"value":532168}}
{"ts":1674234428299563217,"type":"gauge","name":"runtime.NumGoroutine","measures":{"value":49}}
{"ts":1674234428400029175,"type":"gauge","name":"runtime.MemStats.Alloc","measures":{"value":28309344}}
{"ts":1674234428514083592,"type":"gauge","name":"runtime.MemStats.Lookups","measures":{"value":0}}
{"ts":1674234428575454508,"type":"gauge","name":"runtime.MemStats.MCacheInuse","measures":{"value":7200}}
{"ts":1674234428583557258,"type":"gauge","name":"runtime.MemStats.NextGC","measures":{"value":36045504}}
{"ts":1674234428696088342,"type":"gauge","name":"runtime.MemStats.BuckHashSys","measures":{"value":1496014}}
{"ts":1674234428766544759,"type":"gauge","name":"runtime.MemStats.DebugGC","measures":{"value":0}}
{"ts":1674234428832017300,"type":"gauge","name":"runtime.MemStats.LastGC","measures":{"value":1674234419328873200}}
{"ts":1674234428851248009,"type":"gauge","name":"runtime.MemStats.StackInuse","measures":{"value":4096000}}
{"ts":1674234428855333967,"type":"timer","name":"runtime.ReadMemStats","measures":{"count":2,"m1":0.015991117074135343,"m15":0.0011080303990206543,"m5":0.0033057092356765017,"max":8205125,"mean":4552521,"meanrate":0.19962268392258764,"min":899917,"p50":4552521,"p75":8205125,"p95":8205125,"p99":8205125,"p999":8205125,"p9999":8205125,"stddev":3652604,"variance":13341515980816}}
{"ts":1674234432638461594,"type":"gauge","name":"runtime.NumGoroutine","measures":{"value":305}}
{"ts":1674234432675611469,"type":"gauge","name":"runtime.NumThread","measures":{"value":13}}
{"ts":1674234432679034427,"type":"gauge","name":"runtime.MemStats.Frees","measures":{"value":3588}}
{"ts":1674234432684127760,"type":"gauge","name":"runtime.MemStats.Mallocs","measures":{"value":61931}}
{"ts":1674234432722720510,"type":"gauge","name":"runtime.MemStats.MSpanInuse","measures":{"value":627912}}
{"ts":1674234432731994052,"type":"gauge","name":"runtime.MemStats.NextGC","measures":{"value":36045504}}
{"ts":1674234432739910552,"type":"gauge","name":"runtime.MemStats.Alloc","measures":{"value":33084840}}
{"ts":1674234432749644302,"type":"gauge","name":"runtime.MemStats.Lookups","measures":{"value":0}}
{"ts":1674234432756713594,"type":"gauge","name":"runtime.MemStats.MCacheInuse","measures":{"value":7200}}
{"ts":1674234432829985344,"type":"gauge","name":"runtime.MemStats.BuckHashSys","measures":{"value":1497566}}
{"ts":1674234432832697135,"type":"gauge","name":"runtime.MemStats.DebugGC","measures":{"value":0}}
{"ts":1674234432834506719,"type":"gauge","name":"runtime.MemStats.LastGC","measures":{"value":1674234419328873200}}
{"ts":1674234432838009344,"type":"gauge","name":"runtime.MemStats.StackInuse","measures":{"value":27787264}}
{"ts":1674234432844682885,"type":"timer","name":"runtime.ReadMemStats","measures":{"count":3,"m1":0.030703655021877167,"m15":0.002209922141215539,"m5":0.0065567799035988195,"max":8205125,"mean":5120514,"meanrate":0.19968646719251235,"min":899917,"p50":6256500,"p75":8205125,"p95":8205125,"p99":8205125,"p999":8205125,"p9999":8205125,"stddev":3088620.4174855584,"variance":9539576083308.666}}
{"ts":1674234432849385469,"type":"gauge","name":"runtime.MemStats.PauseTotalNs","measures":{"value":32126168}}
{"ts":1674234432872451052,"type":"gauge","name":"runtime.MemStats.StackSys","measures":{"value":27787264}}
{"ts":1674234432877646802,"type":"gauge","name":"runtime.MemStats.Sys","measures":{"value":75789576}}
{"ts":1674234432882106010,"type":"gauge","name":"runtime.MemStats.HeapReleased","measures":{"value":3915776}}
{"ts":1674234432884823010,"type":"gauge","name":"runtime.MemStats.HeapSys","measures":{"value":39321600}}
{"ts":1674234432913708719,"type":"gauge","name":"runtime.MemStats.GCCPUFraction","measures":{"value":0.041420107433316304}}
{"ts":1674234432917527886,"type":"gauge","name":"runtime.MemStats.TotalAlloc","measures":{"value":39194936}}
{"ts":1674234432938039844,"type":"gauge","name":"runtime.MemStats.HeapIdle","measures":{"value":4014080}}
{"ts":1674234432942707886,"type":"gauge","name":"runtime.MemStats.HeapInuse","measures":{"value":35307520}}
{"ts":1674234432947582677,"type":"gauge","name":"runtime.MemStats.MSpanSys","measures":{"value":636480}}
{"ts":1674234432949976677,"type":"gauge","name":"runtime.MemStats.EnableGC","measures":{"value":1}}
{"ts":1674234432954839261,"type":"gauge","name":"runtime.MemStats.HeapAlloc","measures":{"value":33084840}}
{"ts":1674234432959728261,"type":"gauge","name":"runtime.MemStats.NumGC","measures":{"value":0}}
{"ts":1674234432966874052,"type":"gauge","name":"runtime.NumCgoCall","measures":{"value":0}}
{"ts":1674234432971683302,"type":"gauge","name":"runtime.MemStats.HeapObjects","measures":{"value":727798}}
{"ts":1674234432984906094,"type":"gauge","name":"runtime.MemStats.MCacheSys","measures":{"value":15600}}
{"ts":1674234432987784719,"type":"histogram","name":"runtime.MemStats.PauseNs","measures":{"count":3,"max":20116125,"mean":10708722.666666666,"min":3223626,"p50":8786417,"p75":20116125,"p95":20116125,"p99":20116125,"p999":20116125,"p9999":20116125,"stddev":7029014.863327783,"variance":49407049948882.88}}
{"ts":1674234437632655679,"type":"gauge","name":"runtime.MemStats.Frees","measures":{"value":343}}
{"ts":1674234437634534346,"type":"gauge","name":"runtime.MemStats.Mallocs","measures":{"value":5752}}
{"ts":1674234437636482013,"type":"gauge","name":"runtime.MemStats.MSpanInuse","measures":{"value":636616}}
{"ts":1674234437638642054,"type":"gauge","name":"runtime.NumGoroutine","measures":{"value":164}}
{"ts":1674234437640447054,"type":"gauge","name":"runtime.NumThread","measures":{"value":13}}
{"ts":1674234437651630221,"type":"gauge","name":"runtime.MemStats.Alloc","measures":{"value":33573736}}
{"ts":1674234437653105263,"type":"gauge","name":"runtime.MemStats.Lookups","measures":{"value":0}}
{"ts":1674234437655064804,"type":"gauge","name":"runtime.MemStats.MCacheInuse","measures":{"value":7200}}
{"ts":1674234437656762138,"type":"gauge","name":"runtime.MemStats.NextGC","measures":{"value":36045504}}
{"ts":1674234437658525554,"type":"gauge","name":"runtime.MemStats.BuckHashSys","measures":{"value":1497782}}
{"ts":1674234437660568179,"type":"gauge","name":"runtime.MemStats.DebugGC","measures":{"value":0}}
{"ts":1674234437662345596,"type":"gauge","name":"runtime.MemStats.LastGC","measures":{"value":1674234419328873200}}
{"ts":1674234437665461763,"type":"gauge","name":"runtime.MemStats.StackInuse","measures":{"value":30179328}}
{"ts":1674234437667406679,"type":"timer","name":"runtime.ReadMemStats","measures":{"count":4,"m1":0.044239843385719006,"m15":0.003305709235676515,"m5":0.009754115099857198,"max":8205125,"mean":3936812.5,"meanrate":0.1998226182011665,"min":385708,"p50":3578208.5,"p75":7717968.75,"p95":8205125,"p99":8205125,"p999":8205125,"p9999":8205125,"stddev":3370182.4558602534,"variance":11358129785788.25}}
{"ts":1674234437670433221,"type":"gauge","name":"runtime.MemStats.HeapReleased","measures":{"value":1138688}}
{"ts":1674234437691057388,"type":"gauge","name":"runtime.MemStats.HeapSys","measures":{"value":36929536}}
{"ts":1674234437693660263,"type":"gauge","name":"runtime.MemStats.GCCPUFraction","measures":{"value":0.041420107433316304}}
{"ts":1674234437695380596,"type":"gauge","name":"runtime.MemStats.PauseTotalNs","measures":{"value":32126168}}
{"ts":1674234437697489096,"type":"gauge","name":"runtime.MemStats.StackSys","measures":{"value":30179328}}
{"ts":1674234437699971888,"type":"gauge","name":"runtime.MemStats.Sys","measures":{"value":75789576}}
{"ts":1674234437701414304,"type":"gauge","name":"runtime.MemStats.HeapIdle","measures":{"value":1335296}}
{"ts":1674234437703077263,"type":"gauge","name":"runtime.MemStats.HeapInuse","measures":{"value":35594240}}
{"ts":1674234437705238013,"type":"gauge","name":"runtime.MemStats.MSpanSys","measures":{"value":652800}}
{"ts":1674234437707730096,"type":"gauge","name":"runtime.MemStats.TotalAlloc","measures":{"value":39683832}}
{"ts":1674234437718008013,"type":"gauge","name":"runtime.MemStats.EnableGC","measures":{"value":1}}
{"ts":1674234437720496513,"type":"gauge","name":"runtime.MemStats.HeapAlloc","measures":{"value":33573736}}
{"ts":1674234437722777763,"type":"gauge","name":"runtime.MemStats.NumGC","measures":{"value":0}}
{"ts":1674234437724991304,"type":"gauge","name":"runtime.MemStats.HeapObjects","measures":{"value":733207}}
{"ts":1674234437727075596,"type":"gauge","name":"runtime.MemStats.MCacheSys","measures":{"value":15600}}
{"ts":1674234437728742471,"type":"histogram","name":"runtime.MemStats.PauseNs","measures":{"count":3,"max":20116125,"mean":10708722.666666666,"min":3223626,"p50":8786417,"p75":20116125,"p95":20116125,"p99":20116125,"p999":20116125,"p9999":20116125,"stddev":7029014.863327783,"variance":49407049948882.88}}
{"ts":1674234437730685971,"type":"gauge","name":"runtime.NumCgoCall","measures":{"value":0}}
{"ts":1674234442638075792,"type":"gauge","name":"runtime.MemStats.HeapReleased","measures":{"value":1056768}}
{"ts":1674234442642235501,"type":"gauge","name":"runtime.MemStats.HeapSys","measures":{"value":36929536}}
{"ts":1674234442644331418,"type":"gauge","name":"runtime.MemStats.GCCPUFraction","measures":{"value":0.041420107433316304}}
{"ts":1674234442647448209,"type":"gauge","name":"runtime.MemStats.PauseTotalNs","measures":{"value":32126168}}
{"ts":1674234442650025584,"type":"gauge","name":"runtime.MemStats.StackSys","measures":{"value":30179328}}
{"ts":1674234442652638293,"type":"gauge","name":"runtime.MemStats.Sys","measures":{"value":75789576}}
{"ts":1674234442654978543,"type":"gauge","name":"runtime.MemStats.HeapIdle","measures":{"value":1196032}}
{"ts":1674234442656235709,"type":"gauge","name":"runtime.MemStats.HeapInuse","measures":{"value":35733504}}
{"ts":1674234442658248209,"type":"gauge","name":"runtime.MemStats.MSpanSys","measures":{"value":652800}}
{"ts":1674234442660571084,"type":"gauge","name":"runtime.MemStats.TotalAlloc","measures":{"value":39949216}}
{"ts":1674234442664479584,"type":"gauge","name":"runtime.MemStats.EnableGC","measures":{"value":1}}
{"ts":1674234442666953584,"type":"gauge","name":"runtime.MemStats.HeapAlloc","measures":{"value":33839120}}
{"ts":1674234442669569793,"type":"gauge","name":"runtime.MemStats.NumGC","measures":{"value":0}}
{"ts":1674234442671668251,"type":"gauge","name":"runtime.MemStats.HeapObjects","measures":{"value":735681}}
{"ts":1674234442674195334,"type":"gauge","name":"runtime.MemStats.MCacheSys","measures":{"value":15600}}
{"ts":1674234442720706668,"type":"histogram","name":"runtime.MemStats.PauseNs","measures":{"count":3,"max":20116125,"mean":10708722.666666666,"min":3223626,"p50":8786417,"p75":20116125,"p95":20116125,"p99":20116125,"p999":20116125,"p9999":20116125,"stddev":7029014.863327783,"variance":49407049948882.88}}
{"ts":1674234442724730959,"type":"gauge","name":"runtime.NumCgoCall","measures":{"value":0}}
{"ts":1674234442730458126,"type":"gauge","name":"runtime.MemStats.Frees","measures":{"value":240}}
{"ts":1674234442734248876,"type":"gauge","name":"runtime.MemStats.Mallocs","measures":{"value":2714}}
{"ts":1674234442744603834,"type":"gauge","name":"runtime.MemStats.MSpanInuse","measures":{"value":636616}}
{"ts":1674234442747573334,"type":"gauge","name":"runtime.NumGoroutine","measures":{"value":164}}
{"ts":1674234442751291709,"type":"gauge","name":"runtime.NumThread","measures":{"value":13}}
{"ts":1674234442754150876,"type":"gauge","name":"runtime.MemStats.Alloc","measures":{"value":33839120}}
{"ts":1674234442767214834,"type":"gauge","name":"runtime.MemStats.Lookups","measures":{"value":0}}
{"ts":1674234442770158876,"type":"gauge","name":"runtime.MemStats.MCacheInuse","measures":{"value":7200}}
{"ts":1674234442773663043,"type":"gauge","name":"runtime.MemStats.NextGC","measures":{"value":36045504}}
{"ts":1674234442776615293,"type":"gauge","name":"runtime.MemStats.BuckHashSys","measures":{"value":1497782}}
{"ts":1674234442778575001,"type":"gauge","name":"runtime.MemStats.DebugGC","measures":{"value":0}}
{"ts":1674234442790457543,"type":"gauge","name":"runtime.MemStats.LastGC","measures":{"value":1674234419328873200}}
{"ts":1674234442792468376,"type":"gauge","name":"runtime.MemStats.StackInuse","measures":{"value":30179328}}
{"ts":1674234442794054793,"type":"timer","name":"runtime.ReadMemStats","measures":{"count":5,"m1":0.056693737885242124,"m15":0.004395425503079905,"m5":0.012898602993676452,"max":8205125,"mean":3318408.4,"meanrate":0.19984337500108243,"min":385708,"p50":899917,"p75":7230812.5,"p95":8205125,"p99":8205125,"p999":8205125,"p9999":8205125,"stddev":3258250.8117420673,"variance":10616198352217.84}}
{"ts":1674234447636196587,"type":"histogram","name":"runtime.MemStats.PauseNs","measures":{"count":3,"max":20116125,"mean":10708722.666666666,"min":3223626,"p50":8786417,"p75":20116125,"p95":20116125,"p99":20116125,"p999":20116125,"p9999":20116125,"stddev":7029014.863327783,"variance":49407049948882.88}}
{"ts":1674234447637633378,"type":"gauge","name":"runtime.NumCgoCall","measures":{"value":0}}
{"ts":1674234447640441503,"type":"gauge","name":"runtime.MemStats.HeapObjects","measures":{"value":738159}}
{"ts":1674234447641922253,"type":"gauge","name":"runtime.MemStats.MCacheSys","measures":{"value":15600}}
{"ts":1674234447643405753,"type":"gauge","name":"runtime.MemStats.MSpanInuse","measures":{"value":636616}}
{"ts":1674234447645229795,"type":"gauge","name":"runtime.NumGoroutine","measures":{"value":164}}
{"ts":1674234447646463670,"type":"gauge","name":"runtime.NumThread","measures":{"value":13}}
{"ts":1674234447647504128,"type":"gauge","name":"runtime.MemStats.Frees","measures":{"value":239}}
{"ts":1674234447648953837,"type":"gauge","name":"runtime.MemStats.Mallocs","measures":{"value":2717}}
{"ts":1674234447686232045,"type":"gauge","name":"runtime.MemStats.MCacheInuse","measures":{"value":7200}}
{"ts":1674234447688467295,"type":"gauge","name":"runtime.MemStats.NextGC","measures":{"value":36045504}}
{"ts":1674234447690695962,"type":"gauge","name":"runtime.MemStats.Alloc","measures":{"value":34109208}}
{"ts":1674234447693277587,"type":"gauge","name":"runtime.MemStats.Lookups","measures":{"value":0}}
{"ts":1674234447694238253,"type":"gauge","name":"runtime.MemStats.LastGC","measures":{"value":1674234419328873200}}
{"ts":1674234447696039087,"type":"gauge","name":"runtime.MemStats.BuckHashSys","measures":{"value":1498014}}
{"ts":1674234447697167170,"type":"gauge","name":"runtime.MemStats.DebugGC","measures":{"value":0}}
{"ts":1674234447698225420,"type":"gauge","name":"runtime.MemStats.StackInuse","measures":{"value":30179328}}
{"ts":1674234447702276253,"type":"timer","name":"runtime.ReadMemStats","measures":{"count":6,"m1":0.06815187395991122,"m15":0.0054791045767303434,"m5":0.015991117074135346,"max":8205125,"mean":2811402.8333333335,"meanrate":0.199881930210216,"min":276375,"p50":872354.5,"p75":6743656.25,"p95":8205125,"p99":8205125,"p999":8205125,"p9999":8205125,"stddev":3183096.791386726,"variance":10132105183336.47}}
{"ts":1674234447704455003,"type":"gauge","name":"runtime.MemStats.GCCPUFraction","measures":{"value":0.041420107433316304}}
{"ts":1674234447706455045,"type":"gauge","name":"runtime.MemStats.PauseTotalNs","measures":{"value":32126168}}
{"ts":1674234447708527170,"type":"gauge","name":"runtime.MemStats.StackSys","measures":{"value":30179328}}
{"ts":1674234447710069628,"type":"gauge","name":"runtime.MemStats.Sys","measures":{"value":75789576}}
{"ts":1674234447719445420,"type":"gauge","name":"runtime.MemStats.HeapReleased","measures":{"value":909312}}
{"ts":1674234447729020087,"type":"gauge","name":"runtime.MemStats.HeapSys","measures":{"value":36929536}}
{"ts":1674234447731070712,"type":"gauge","name":"runtime.MemStats.MSpanSys","measures":{"value":652800}}
{"ts":1674234447732491545,"type":"gauge","name":"runtime.MemStats.TotalAlloc","measures":{"value":40219304}}
{"ts":1674234447734051295,"type":"gauge","name":"runtime.MemStats.HeapIdle","measures":{"value":1015808}}
{"ts":1674234447735547545,"type":"gauge","name":"runtime.MemStats.HeapInuse","measures":{"value":35913728}}
{"ts":1674234447736400045,"type":"gauge","name":"runtime.MemStats.NumGC","measures":{"value":0}}
{"ts":1674234447738272920,"type":"gauge","name":"runtime.MemStats.EnableGC","measures":{"value":1}}
{"ts":1674234447739852503,"type":"gauge","name":"runtime.MemStats.HeapAlloc","measures":{"value":34109208}}
{"ts":1674234452636927964,"type":"gauge","name":"runtime.MemStats.BuckHashSys","measures":{"value":1498014}}
{"ts":1674234452638899797,"type":"gauge","name":"runtime.MemStats.DebugGC","measures":{"value":0}}
{"ts":1674234452640575131,"type":"gauge","name":"runtime.MemStats.LastGC","measures":{"value":1674234419328873200}}
{"ts":1674234452642694381,"type":"gauge","name":"runtime.MemStats.StackInuse","measures":{"value":30179328}}
{"ts":1674234452644138672,"type":"timer","name":"runtime.ReadMemStats","measures":{"count":7,"m1":0.07869386805747328,"m15":0.0065567799035988455,"m5":0.019032516392808084,"max":8205125,"mean":2477756,"meanrate":0.19989462641009045,"min":276375,"p50":844792,"p75":6256500,"p95":8205125,"p99":8205125,"p999":8205125,"p9999":8205125,"stddev":3058199.280962106,"variance":9352582842077.143}}
{"ts":1674234452646120672,"type":"gauge","name":"runtime.MemStats.HeapReleased","measures":{"value":5021696}}
{"ts":1674234452647537797,"type":"gauge","name":"runtime.MemStats.HeapSys","measures":{"value":41123840}}
{"ts":1674234452649051006,"type":"gauge","name":"runtime.MemStats.GCCPUFraction","measures":{"value":0.041420107433316304}}
{"ts":1674234452651601422,"type":"gauge","name":"runtime.MemStats.PauseTotalNs","measures":{"value":32126168}}
{"ts":1674234452653198464,"type":"gauge","name":"runtime.MemStats.StackSys","measures":{"value":30179328}}
{"ts":1674234452654472547,"type":"gauge","name":"runtime.MemStats.Sys","measures":{"value":82149656}}
{"ts":1674234452655943089,"type":"gauge","name":"runtime.MemStats.HeapIdle","measures":{"value":5021696}}
{"ts":1674234452657450464,"type":"gauge","name":"runtime.MemStats.HeapInuse","measures":{"value":36102144}}
{"ts":1674234452658544172,"type":"gauge","name":"runtime.MemStats.MSpanSys","measures":{"value":652800}}
{"ts":1674234452660430047,"type":"gauge","name":"runtime.MemStats.TotalAlloc","measures":{"value":40487032}}
{"ts":1674234452663366797,"type":"gauge","name":"runtime.MemStats.EnableGC","measures":{"value":1}}
{"ts":1674234452665314839,"type":"gauge","name":"runtime.MemStats.HeapAlloc","measures":{"value":34376936}}
{"ts":1674234452666686339,"type":"gauge","name":"runtime.MemStats.NumGC","measures":{"value":0}}
{"ts":1674234452668904547,"type":"gauge","name":"runtime.MemStats.HeapObjects","measures":{"value":740627}}
{"ts":1674234452673538422,"type":"gauge","name":"runtime.MemStats.MCacheSys","measures":{"value":15600}}
{"ts":1674234452675484214,"type":"histogram","name":"runtime.MemStats.PauseNs","measures":{"count":3,"max":20116125,"mean":10708722.666666666,"min":3223626,"p50":8786417,"p75":20116125,"p95":20116125,"p99":20116125,"p999":20116125,"p9999":20116125,"stddev":7029014.863327783,"variance":49407049948882.88}}
{"ts":1674234452677312089,"type":"gauge","name":"runtime.NumCgoCall","measures":{"value":0}}
{"ts":1674234452678629631,"type":"gauge","name":"runtime.MemStats.Frees","measures":{"value":239}}
{"ts":1674234452680457131,"type":"gauge","name":"runtime.MemStats.Mallocs","measures":{"value":2707}}
{"ts":1674234452681575047,"type":"gauge","name":"runtime.MemStats.MSpanInuse","measures":{"value":645320}}
{"ts":1674234452721826506,"type":"gauge","name":"runtime.NumGoroutine","measures":{"value":164}}
{"ts":1674234452724040714,"type":"gauge","name":"runtime.NumThread","measures":{"value":13}}
{"ts":1674234452726224589,"type":"gauge","name":"runtime.MemStats.Alloc","measures":{"value":34376936}}
{"ts":1674234452728192256,"type":"gauge","name":"runtime.MemStats.Lookups","measures":{"value":0}}
{"ts":1674234452730401839,"type":"gauge","name":"runtime.MemStats.MCacheInuse","measures":{"value":7200}}
{"ts":1674234452733171089,"type":"gauge","name":"runtime.MemStats.NextGC","measures":{"value":36045504}}
{"ts":1674234457637132883,"type":"gauge","name":"runtime.MemStats.HeapAlloc","measures":{"value":25024528}}
{"ts":1674234457640713758,"type":"gauge","name":"runtime.MemStats.NumGC","measures":{"value":1}}
{"ts":1674234457642867966,"type":"gauge","name":"runtime.MemStats.EnableGC","measures":{"value":1}}
{"ts":1674234457644690841,"type":"gauge","name":"runtime.MemStats.MCacheSys","measures":{"value":15600}}
{"ts":1674234457649110008,"type":"histogram","name":"runtime.MemStats.PauseNs","measures":{"count":4,"max":20116125,"mean":8210458.75,"min":715667,"p50":6005021.5,"p75":17283698,"p95":20116125,"p99":20116125,"p999":20116125,"p9999":20116125,"stddev":7468551.081275282,"variance":55779255253618.19}}
{"ts":1674234457652527758,"type":"gauge","name":"runtime.NumCgoCall","measures":{"value":0}}
{"ts":1674234457654243383,"type":"gauge","name":"runtime.MemStats.HeapObjects","measures":{"value":517908}}
{"ts":1674234457657058716,"type":"gauge","name":"runtime.MemStats.Mallocs","measures":{"value":2724}}
{"ts":1674234457660203716,"type":"gauge","name":"runtime.MemStats.MSpanInuse","measures":{"value":595816}}
{"ts":1674234457661867758,"type":"gauge","name":"runtime.NumGoroutine","measures":{"value":164}}
{"ts":1674234457663370883,"type":"gauge","name":"runtime.NumThread","measures":{"value":13}}
{"ts":1674234457665638966,"type":"gauge","name":"runtime.MemStats.Frees","measures":{"value":225443}}
{"ts":1674234457679681508,"type":"gauge","name":"runtime.MemStats.Lookups","measures":{"value":0}}
{"ts":1674234457682715383,"type":"gauge","name":"runtime.MemStats.MCacheInuse","measures":{"value":7200}}
{"ts":1674234457685795216,"type":"gauge","name":"runtime.MemStats.NextGC","measures":{"value":52884304}}
{"ts":1674234457687522425,"type":"gauge","name":"runtime.MemStats.Alloc","measures":{"value":25024528}}
{"ts":1674234457688990966,"type":"gauge","name":"runtime.MemStats.DebugGC","measures":{"value":0}}
{"ts":1674234457693490050,"type":"gauge","name":"runtime.MemStats.LastGC","measures":{"value":1674234453681026300}}
{"ts":1674234457695422841,"type":"gauge","name":"runtime.MemStats.BuckHashSys","measures":{"value":1498014}}
{"ts":1674234457697920925,"type":"timer","name":"runtime.ReadMemStats","measures":{"count":8,"m1":0.08839297084599056,"m15":0.007628484745355124,"m5":0.02202364580239524,"max":8205125,"mean":2180463.5,"meanrate":0.19990691221185683,"min":99416,"p50":660333.5,"p75":4917354.25,"p95":8205125,"p99":8205125,"p999":8205125,"p9999":8205125,"stddev":2966848.462714476,"variance":8802189800711.25}}
{"ts":1674234457711329758,"type":"gauge","name":"runtime.MemStats.StackInuse","measures":{"value":21233664}}
{"ts":1674234457732189091,"type":"gauge","name":"runtime.MemStats.HeapSys","measures":{"value":54263808}}
{"ts":1674234457734013466,"type":"gauge","name":"runtime.MemStats.GCCPUFraction","measures":{"value":0.0027166048115236127}}
{"ts":1674234457737433550,"type":"gauge","name":"runtime.MemStats.PauseTotalNs","measures":{"value":32841835}}
{"ts":1674234457740379758,"type":"gauge","name":"runtime.MemStats.StackSys","measures":{"value":21233664}}
{"ts":1674234457743037425,"type":"gauge","name":"runtime.MemStats.Sys","measures":{"value":86409496}}
{"ts":1674234457745921758,"type":"gauge","name":"runtime.MemStats.HeapReleased","measures":{"value":3366912}}
{"ts":1674234457759485341,"type":"gauge","name":"runtime.MemStats.HeapInuse","measures":{"value":32006144}}
{"ts":1674234457763328550,"type":"gauge","name":"runtime.MemStats.MSpanSys","measures":{"value":669120}}
{"ts":1674234457765695216,"type":"gauge","name":"runtime.MemStats.TotalAlloc","measures":{"value":40760824}}
{"ts":1674234457767627591,"type":"gauge","name":"runtime.MemStats.HeapIdle","measures":{"value":22257664}}
{"ts":1674234462636173969,"type":"timer","name":"runtime.ReadMemStats","measures":{"count":9,"m1":0.09731657619348157,"m15":0.008694252179394185,"m5":0.02496533619141051,"max":8205125,"mean":1990263.7777777778,"meanrate":0.19992147112603176,"min":99416,"p50":475875,"p75":3578208.5,"p95":8205125,"p99":8205125,"p999":8205125,"p9999":8205125,"stddev":2848433.9884242737,"variance":8113576186410.616}}
{"ts":1674234462647034885,"type":"gauge","name":"runtime.MemStats.StackInuse","measures":{"value":15204352}}
{"ts":1674234462651025219,"type":"gauge","name":"runtime.MemStats.HeapSys","measures":{"value":60293120}}
{"ts":1674234462657204510,"type":"gauge","name":"runtime.MemStats.GCCPUFraction","measures":{"value":0.0027166048115236127}}
{"ts":1674234462663196010,"type":"gauge","name":"runtime.MemStats.PauseTotalNs","measures":{"value":32841835}}
{"ts":1674234462677591927,"type":"gauge","name":"runtime.MemStats.StackSys","measures":{"value":15204352}}
{"ts":1674234462681961594,"type":"gauge","name":"runtime.MemStats.Sys","measures":{"value":86409496}}
{"ts":1674234462685824635,"type":"gauge","name":"runtime.MemStats.HeapReleased","measures":{"value":3170304}}
{"ts":1674234462694682010,"type":"gauge","name":"runtime.MemStats.HeapInuse","measures":{"value":32333824}}
{"ts":1674234462715725219,"type":"gauge","name":"runtime.MemStats.MSpanSys","measures":{"value":669120}}
{"ts":1674234462719089719,"type":"gauge","name":"runtime.MemStats.TotalAlloc","measures":{"value":41759608}}
{"ts":1674234462724369844,"type":"gauge","name":"runtime.MemStats.HeapIdle","measures":{"value":27959296}}
{"ts":1674234462726544969,"type":"gauge","name":"runtime.MemStats.HeapAlloc","measures":{"value":26023312}}
{"ts":1674234462732147802,"type":"gauge","name":"runtime.MemStats.NumGC","measures":{"value":0}}
{"ts":1674234462749070219,"type":"gauge","name":"runtime.MemStats.EnableGC","measures":{"value":1}}
{"ts":1674234462752476177,"type":"gauge","name":"runtime.MemStats.MCacheSys","measures":{"value":15600}}
{"ts":1674234462759357677,"type":"histogram","name":"runtime.MemStats.PauseNs","measures":{"count":4,"max":20116125,"mean":8210458.75,"min":715667,"p50":6005021.5,"p75":17283698,"p95":20116125,"p99":20116125,"p999":20116125,"p9999":20116125,"stddev":7468551.081275282,"variance":55779255253618.19}}
{"ts":1674234462767012052,"type":"gauge","name":"runtime.NumCgoCall","measures":{"value":0}}
{"ts":1674234462773044594,"type":"gauge","name":"runtime.MemStats.HeapObjects","measures":{"value":530263}}
{"ts":1674234462776920427,"type":"gauge","name":"runtime.MemStats.Mallocs","measures":{"value":13089}}
{"ts":1674234462779709344,"type":"gauge","name":"runtime.MemStats.MSpanInuse","measures":{"value":593640}}
{"ts":1674234462783577344,"type":"gauge","name":"runtime.NumGoroutine","measures":{"value":202}}
{"ts":1674234462789301385,"type":"gauge","name":"runtime.NumThread","measures":{"value":13}}
{"ts":1674234462791999302,"type":"gauge","name":"runtime.MemStats.Frees","measures":{"value":734}}
{"ts":1674234462799536344,"type":"gauge","name":"runtime.MemStats.Lookups","measures":{"value":0}}
{"ts":1674234462802227802,"type":"gauge","name":"runtime.MemStats.MCacheInuse","measures":{"value":7200}}
{"ts":1674234462807336010,"type":"gauge","name":"runtime.MemStats.NextGC","measures":{"value":52884304}}
{"ts":1674234462810667052,"type":"gauge","name":"runtime.MemStats.Alloc","measures":{"value":26023312}}
{"ts":1674234462869200677,"type":"gauge","name":"runtime.MemStats.DebugGC","measures":{"value":0}}
{"ts":1674234462872302385,"type":"gauge","name":"runtime.MemStats.LastGC","measures":{"value":1674234453681026300}}
{"ts":1674234462875474010,"type":"gauge","name":"runtime.MemStats.BuckHashSys","measures":{"value":1498718}}
{"ts":1674234467930667388,"type":"gauge","name":"runtime.MemStats.BuckHashSys","measures":{"value":1499430}}
{"ts":1674234468029247513,"type":"gauge","name":"runtime.MemStats.DebugGC","measures":{"value":0}}
{"ts":1674234468178520263,"type":"gauge","name":"runtime.MemStats.LastGC","measures":{"value":1674234453681026300}}
{"ts":1674234468216560471,"type":"gauge","name":"runtime.MemStats.StackInuse","measures":{"value":11567104}}
{"ts":1674234468224307555,"type":"timer","name":"runtime.ReadMemStats","measures":{"count":10,"m1":0.10552668945179702,"m15":0.009754115099857238,"m5":0.02785840471498844,"max":235420375,"mean":25333274.9,"meanrate":0.19875904565249147,"min":99416,"p50":660333.5,"p75":6743656.25,"p95":235420375,"p99":235420375,"p999":235420375,"p9999":235420375,"stddev":70081151.05245833,"variance":4911367732837482}}
{"ts":1674234468230180471,"type":"gauge","name":"runtime.MemStats.StackSys","measures":{"value":11567104}}
{"ts":1674234468316075555,"type":"gauge","name":"runtime.MemStats.Sys","measures":{"value":86409496}}
{"ts":1674234468345269596,"type":"gauge","name":"runtime.MemStats.HeapReleased","measures":{"value":3096576}}
{"ts":1674234468381832388,"type":"gauge","name":"runtime.MemStats.HeapSys","measures":{"value":63930368}}
{"ts":1674234468435252138,"type":"gauge","name":"runtime.MemStats.GCCPUFraction","measures":{"value":0.0027166048115236127}}
{"ts":1674234468458328930,"type":"gauge","name":"runtime.MemStats.PauseTotalNs","measures":{"value":32841835}}
{"ts":1674234468483083180,"type":"gauge","name":"runtime.MemStats.HeapIdle","measures":{"value":31236096}}
{"ts":1674234468588149930,"type":"gauge","name":"runtime.MemStats.HeapInuse","measures":{"value":32694272}}
{"ts":1674234468673032138,"type":"gauge","name":"runtime.MemStats.MSpanSys","measures":{"value":669120}}
{"ts":1674234468895632097,"type":"gauge","name":"runtime.MemStats.TotalAlloc","measures":{"value":42695216}}
{"ts":1674234468901945013,"type":"gauge","name":"runtime.MemStats.EnableGC","measures":{"value":1}}
{"ts":1674234468939314472,"type":"gauge","name":"runtime.MemStats.HeapAlloc","measures":{"value":26958920}}
{"ts":1674234469173576263,"type":"gauge","name":"runtime.MemStats.NumGC","measures":{"value":0}}
{"ts":1674234469256417097,"type":"gauge","name":"runtime.MemStats.HeapObjects","measures":{"value":540788}}
{"ts":1674234469278724722,"type":"gauge","name":"runtime.MemStats.MCacheSys","measures":{"value":15600}}
{"ts":1674234469374606930,"type":"histogram","name":"runtime.MemStats.PauseNs","measures":{"count":4,"max":20116125,"mean":8210458.75,"min":715667,"p50":6005021.5,"p75":17283698,"p95":20116125,"p99":20116125,"p999":20116125,"p9999":20116125,"stddev":7468551.081275282,"variance":55779255253618.19}}
{"ts":1674234469435474805,"type":"gauge","name":"runtime.NumCgoCall","measures":{"value":0}}
{"ts":1674234469622234430,"type":"gauge","name":"runtime.NumThread","measures":{"value":13}}
{"ts":1674234469964922166,"type":"gauge","name":"runtime.MemStats.Frees","measures":{"value":612}}
{"ts":1674234470013922541,"type":"gauge","name":"runtime.MemStats.Mallocs","measures":{"value":11137}}
{"ts":1674234470137252291,"type":"gauge","name":"runtime.MemStats.MSpanInuse","measures":{"value":593640}}
{"ts":1674234470342142791,"type":"gauge","name":"runtime.NumGoroutine","measures":{"value":282}}
{"ts":1674234470515797916,"type":"gauge","name":"runtime.MemStats.Alloc","measures":{"value":26958920}}
{"ts":1674234470557757875,"type":"gauge","name":"runtime.MemStats.Lookups","measures":{"value":0}}
{"ts":1674234470598731375,"type":"gauge","name":"runtime.MemStats.MCacheInuse","measures":{"value":7200}}
{"ts":1674234470632140083,"type":"gauge","name":"runtime.MemStats.NextGC","measures":{"value":52884304}}
{"ts":1674234472634958417,"type":"gauge","name":"runtime.MemStats.HeapObjects","measures":{"value":585607}}
{"ts":1674234472696229459,"type":"gauge","name":"runtime.MemStats.MCacheSys","measures":{"value":15600}}
{"ts":1674234472758617209,"type":"histogram","name":"runtime.MemStats.PauseNs","measures":{"count":4,"max":20116125,"mean":8210458.75,"min":715667,"p50":6005021.5,"p75":17283698,"p95":20116125,"p99":20116125,"p999":20116125,"p9999":20116125,"stddev":7468551.081275282,"variance":55779255253618.19}}
{"ts":1674234472902100834,"type":"gauge","name":"runtime.NumCgoCall","measures":{"value":0}}
{"ts":1674234473055289251,"type":"gauge","name":"runtime.MemStats.Frees","measures":{"value":2818}}
{"ts":1674234473071547459,"type":"gauge","name":"runtime.MemStats.Mallocs","measures":{"value":47637}}
{"ts":1674234473095862584,"type":"gauge","name":"runtime.MemStats.MSpanInuse","measures":{"value":611048}}
{"ts":1674234473133799293,"type":"gauge","name":"runtime.NumGoroutine","measures":{"value":406}}
{"ts":1674234473243616584,"type":"gauge","name":"runtime.NumThread","measures":{"value":17}}
{"ts":1674234473274264168,"type":"gauge","name":"runtime.MemStats.Alloc","measures":{"value":30393176}}
{"ts":1674234473359117335,"type":"gauge","name":"runtime.MemStats.Lookups","measures":{"value":0}}
{"ts":1674234473373183793,"type":"gauge","name":"runtime.MemStats.MCacheInuse","measures":{"value":7200}}
{"ts":1674234473394736668,"type":"gauge","name":"runtime.MemStats.NextGC","measures":{"value":52884304}}
{"ts":1674234473514034626,"type":"gauge","name":"runtime.MemStats.BuckHashSys","measures":{"value":1500150}}
{"ts":1674234473652213751,"type":"gauge","name":"runtime.MemStats.DebugGC","measures":{"value":0}}
{"ts":1674234473687660251,"type":"gauge","name":"runtime.MemStats.LastGC","measures":{"value":1674234453681026300}}
{"ts":1674234473762741210,"type":"gauge","name":"runtime.MemStats.StackInuse","measures":{"value":9109504}}
{"ts":1674234473808161543,"type":"timer","name":"runtime.ReadMemStats","measures":{"count":11,"m1":0.11308035829858432,"m15":0.01080810621864695,"m5":0.030703655021877187,"max":235420375,"mean":23207568.09090909,"meanrate":0.1999278753210479,"min":99416,"p50":844792,"p75":6256500,"p95":235420375,"p99":235420375,"p999":235420375,"p9999":235420375,"stddev":67157025.33247834,"variance":4510066051507139}}
{"ts":1674234473877779085,"type":"gauge","name":"runtime.MemStats.HeapReleased","measures":{"value":3014656}}
{"ts":1674234473970175085,"type":"gauge","name":"runtime.MemStats.HeapSys","measures":{"value":66387968}}
{"ts":1674234474017280126,"type":"gauge","name":"runtime.MemStats.GCCPUFraction","measures":{"value":0.0027166048115236127}}
{"ts":1674234474048932585,"type":"gauge","name":"runtime.MemStats.PauseTotalNs","measures":{"value":32841835}}
{"ts":1674234474117724502,"type":"gauge","name":"runtime.MemStats.StackSys","measures":{"value":9109504}}
{"ts":1674234474373985918,"type":"gauge","name":"runtime.MemStats.Sys","measures":{"value":86671640}}
{"ts":1674234474479846460,"type":"gauge","name":"runtime.MemStats.HeapIdle","measures":{"value":31735808}}
{"ts":1674234474566027793,"type":"gauge","name":"runtime.MemStats.HeapInuse","measures":{"value":34652160}}
{"ts":1674234474580202793,"type":"gauge","name":"runtime.MemStats.MSpanSys","measures":{"value":669120}}
{"ts":1674234474713230793,"type":"gauge","name":"runtime.MemStats.TotalAlloc","measures":{"value":46129472}}
{"ts":1674234474791740919,"type":"gauge","name":"runtime.MemStats.EnableGC","measures":{"value":1}}
{"ts":1674234474821864210,"type":"gauge","name":"runtime.MemStats.HeapAlloc","measures":{"value":30393176}}
{"ts":1674234474947887127,"type":"gauge","name":"runtime.MemStats.NumGC","measures":{"value":0}}
{"ts":1674234477636883378,"type":"gauge","name":"runtime.MemStats.HeapObjects","measures":{"value":609865}}
{"ts":1674234477659200170,"type":"gauge","name":"runtime.MemStats.MCacheSys","measures":{"value":15600}}
{"ts":1674234477670051003,"type":"histogram","name":"runtime.MemStats.PauseNs","measures":{"count":4,"max":20116125,"mean":8210458.75,"min":715667,"p50":6005021.5,"p75":17283698,"p95":20116125,"p99":20116125,"p999":20116125,"p9999":20116125,"stddev":7468551.081275282,"variance":55779255253618.19}}
{"ts":1674234477795755003,"type":"gauge","name":"runtime.NumCgoCall","measures":{"value":0}}
{"ts":1674234477851931462,"type":"gauge","name":"runtime.NumThread","measures":{"value":17}}
{"ts":1674234477873236170,"type":"gauge","name":"runtime.MemStats.Frees","measures":{"value":1873}}
{"ts":1674234477901110003,"type":"gauge","name":"runtime.MemStats.Mallocs","measures":{"value":26131}}
{"ts":1674234477926231003,"type":"gauge","name":"runtime.MemStats.MSpanInuse","measures":{"value":628456}}
{"ts":1674234478017732753,"type":"gauge","name":"runtime.NumGoroutine","measures":{"value":289}}
{"ts":1674234478086713462,"type":"gauge","name":"runtime.MemStats.Alloc","measures":{"value":32087152}}
{"ts":1674234478134945962,"type":"gauge","name":"runtime.MemStats.Lookups","measures":{"value":0}}
{"ts":1674234478164801503,"type":"gauge","name":"runtime.MemStats.MCacheInuse","measures":{"value":7200}}
{"ts":1674234478240715837,"type":"gauge","name":"runtime.MemStats.NextGC","measures":{"value":52884304}}
{"ts":1674234478259309004,"type":"gauge","name":"runtime.MemStats.BuckHashSys","measures":{"value":1500598}}
{"ts":1674234478290166879,"type":"gauge","name":"runtime.MemStats.DebugGC","measures":{"value":0}}
{"ts":1674234478323782379,"type":"gauge","name":"runtime.MemStats.LastGC","measures":{"value":1674234453681026300}}
{"ts":1674234478363346879,"type":"gauge","name":"runtime.MemStats.StackInuse","measures":{"value":7864320}}
{"ts":1674234478400196379,"type":"timer","name":"runtime.ReadMemStats","measures":{"count":12,"m1":0.12003006913103051,"m15":0.01185625806643708,"m5":0.033501877477679465,"max":235420375,"mean":21512499.916666668,"meanrate":0.19992754838569343,"min":99416,"p50":872354.5,"p75":5409062.5,"p95":235420375,"p99":235420375,"p999":235420375,"p9999":235420375,"stddev":64543264.80083084,"variance":4165833031150169.5}}
{"ts":1674234478426272337,"type":"gauge","name":"runtime.MemStats.StackSys","measures":{"value":7864320}}
{"ts":1674234478447278754,"type":"gauge","name":"runtime.MemStats.Sys","measures":{"value":86671640}}
{"ts":1674234478510828379,"type":"gauge","name":"runtime.MemStats.HeapReleased","measures":{"value":3014656}}
{"ts":1674234478538665879,"type":"gauge","name":"runtime.MemStats.HeapSys","measures":{"value":67633152}}
{"ts":1674234478572760462,"type":"gauge","name":"runtime.MemStats.GCCPUFraction","measures":{"value":0.0027166048115236127}}
{"ts":1674234478587158754,"type":"gauge","name":"runtime.MemStats.PauseTotalNs","measures":{"value":32841835}}
{"ts":1674234478618262712,"type":"gauge","name":"runtime.MemStats.HeapIdle","measures":{"value":31432704}}
{"ts":1674234478658188795,"type":"gauge","name":"runtime.MemStats.HeapInuse","measures":{"value":36200448}}
{"ts":1674234478669284670,"type":"gauge","name":"runtime.MemStats.MSpanSys","measures":{"value":669120}}
{"ts":1674234478735953754,"type":"gauge","name":"runtime.MemStats.TotalAlloc","measures":{"value":47823448}}
{"ts":1674234478751663545,"type":"gauge","name":"runtime.MemStats.EnableGC","measures":{"value":1}}
{"ts":1674234478778957004,"type":"gauge","name":"runtime.MemStats.HeapAlloc","measures":{"value":32087152}}
{"ts":1674234478797673170,"type":"gauge","name":"runtime.MemStats.NumGC","measures":{"value":0}}
{"ts":1674234482633026172,"type":"gauge","name":"runtime.MemStats.Frees","measures":{"value":2600}}
{"ts":1674234482688709131,"type":"gauge","name":"runtime.MemStats.Mallocs","measures":{"value":47398}}
{"ts":1674234482739699922,"type":"gauge","name":"runtime.MemStats.MSpanInuse","measures":{"value":680680}}
{"ts":1674234482912062214,"type":"gauge","name":"runtime.NumGoroutine","measures":{"value":439}}
{"ts":1674234482959956922,"type":"gauge","name":"runtime.NumThread","measures":{"value":17}}
{"ts":1674234482977785422,"type":"gauge","name":"runtime.MemStats.Alloc","measures":{"value":35610680}}
{"ts":1674234483016617297,"type":"gauge","name":"runtime.MemStats.Lookups","measures":{"value":0}}
{"ts":1674234483056829714,"type":"gauge","name":"runtime.MemStats.MCacheInuse","measures":{"value":7200}}
{"ts":1674234483181327839,"type":"gauge","name":"runtime.MemStats.NextGC","measures":{"value":52884304}}
{"ts":1674234483212774048,"type":"gauge","name":"runtime.MemStats.BuckHashSys","measures":{"value":1501566}}
{"ts":1674234483314633881,"type":"gauge","name":"runtime.MemStats.DebugGC","measures":{"value":0}}
{"ts":1674234483361219839,"type":"gauge","name":"runtime.MemStats.LastGC","measures":{"value":1674234453681026300}}
{"ts":1674234483431458339,"type":"gauge","name":"runtime.MemStats.StackInuse","measures":{"value":7307264}}
{"ts":1674234483480313048,"type":"timer","name":"runtime.ReadMemStats","measures":{"count":13,"m1":0.12642411176571153,"m15":0.012898602993676503,"m5":0.03625384938440363,"max":235420375,"mean":19921458.307692308,"meanrate":0.19994489150583894,"min":99416,"p50":844792,"p75":4561625,"p95":235420375,"p99":235420375,"p999":235420375,"p9999":235420375,"stddev":62255612.57641083,"variance":3875761297264162.5}}
{"ts":1674234483555267798,"type":"gauge","name":"runtime.MemStats.HeapReleased","measures":{"value":3014656}}
{"ts":1674234483626229964,"type":"gauge","name":"runtime.MemStats.HeapSys","measures":{"value":68190208}}
{"ts":1674234483674917756,"type":"gauge","name":"runtime.MemStats.GCCPUFraction","measures":{"value":0.0027166048115236127}}
{"ts":1674234483703791923,"type":"gauge","name":"runtime.MemStats.PauseTotalNs","measures":{"value":32841835}}
{"ts":1674234483779302214,"type":"gauge","name":"runtime.MemStats.StackSys","measures":{"value":7307264}}
{"ts":1674234483828285631,"type":"gauge","name":"runtime.MemStats.Sys","measures":{"value":86999320}}
{"ts":1674234483912014881,"type":"gauge","name":"runtime.MemStats.HeapIdle","measures":{"value":28426240}}
{"ts":1674234483980689090,"type":"gauge","name":"runtime.MemStats.HeapInuse","measures":{"value":39763968}}
{"ts":1674234484055668923,"type":"gauge","name":"runtime.MemStats.MSpanSys","measures":{"value":685440}}
{"ts":1674234484119038340,"type":"gauge","name":"runtime.MemStats.TotalAlloc","measures":{"value":51346976}}
{"ts":1674234484173151215,"type":"gauge","name":"runtime.MemStats.EnableGC","measures":{"value":1}}
{"ts":1674234484283203090,"type":"gauge","name":"runtime.MemStats.HeapAlloc","measures":{"value":35610680}}
{"ts":1674234484293018923,"type":"gauge","name":"runtime.MemStats.NumGC","measures":{"value":0}}
{"ts":1674234484324222173,"type":"gauge","name":"runtime.MemStats.HeapObjects","measures":{"value":654663}}
{"ts":1674234484413812715,"type":"gauge","name":"runtime.MemStats.MCacheSys","measures":{"value":15600}}
{"ts":1674234484472071506,"type":"histogram","name":"runtime.MemStats.PauseNs","measures":{"count":4,"max":20116125,"mean":8210458.75,"min":715667,"p50":6005021.5,"p75":17283698,"p95":20116125,"p99":20116125,"p999":20116125,"p9999":20116125,"stddev":7468551.081275282,"variance":55779255253618.19}}
{"ts":1674234484498969965,"type":"gauge","name":"runtime.NumCgoCall","measures":{"value":0}}
{"ts":1674234487657992841,"type":"gauge","name":"runtime.MemStats.HeapReleased","measures":{"value":3014656}}
{"ts":1674234487749460133,"type":"gauge","name":"runtime.MemStats.HeapSys","measures":{"value":69435392}}
{"ts":1674234487797278175,"type":"gauge","name":"runtime.MemStats.GCCPUFraction","measures":{"value":0.0027166048115236127}}
{"ts":1674234487829294383,"type":"gauge","name":"runtime.MemStats.PauseTotalNs","measures":{"value":32841835}}
{"ts":1674234487858348175,"type":"gauge","name":"runtime.MemStats.StackSys","measures":{"value":6062080}}
{"ts":1674234488019667675,"type":"gauge","name":"runtime.MemStats.Sys","measures":{"value":86999320}}
{"ts":1674234488063862050,"type":"gauge","name":"runtime.MemStats.HeapIdle","measures":{"value":27959296}}
{"ts":1674234488086302842,"type":"gauge","name":"runtime.MemStats.HeapInuse","measures":{"value":41476096}}
{"ts":1674234488213310258,"type":"gauge","name":"runtime.MemStats.MSpanSys","measures":{"value":718080}}
{"ts":1674234488259911842,"type":"gauge","name":"runtime.MemStats.TotalAlloc","measures":{"value":53168168}}
{"ts":1674234488280410092,"type":"gauge","name":"runtime.MemStats.EnableGC","measures":{"value":1}}
{"ts":1674234488307896633,"type":"gauge","name":"runtime.MemStats.HeapAlloc","measures":{"value":37431872}}
{"ts":1674234488409672175,"type":"gauge","name":"runtime.MemStats.NumGC","measures":{"value":0}}
{"ts":1674234488441672008,"type":"gauge","name":"runtime.MemStats.HeapObjects","measures":{"value":681223}}
{"ts":1674234488475654467,"type":"gauge","name":"runtime.MemStats.MCacheSys","measures":{"value":15600}}
{"ts":1674234488519326050,"type":"histogram","name":"runtime.MemStats.PauseNs","measures":{"count":4,"max":20116125,"mean":8210458.75,"min":715667,"p50":6005021.5,"p75":17283698,"p95":20116125,"p99":20116125,"p999":20116125,"p9999":20116125,"stddev":7468551.081275282,"variance":55779255253618.19}}
{"ts":1674234488607961675,"type":"gauge","name":"runtime.NumCgoCall","measures":{"value":0}}
{"ts":1674234488624489425,"type":"gauge","name":"runtime.MemStats.Frees","measures":{"value":1762}}
{"ts":1674234488689300092,"type":"gauge","name":"runtime.MemStats.Mallocs","measures":{"value":28322}}
{"ts":1674234488706753050,"type":"gauge","name":"runtime.MemStats.MSpanInuse","measures":{"value":706792}}
{"ts":1674234488779612800,"type":"gauge","name":"runtime.NumGoroutine","measures":{"value":221}}
{"ts":1674234488805605259,"type":"gauge","name":"runtime.NumThread","measures":{"value":17}}
{"ts":1674234488827212300,"type":"gauge","name":"runtime.MemStats.Alloc","measures":{"value":37431872}}
{"ts":1674234488853874634,"type":"gauge","name":"runtime.MemStats.Lookups","measures":{"value":0}}
{"ts":1674234488874223384,"type":"gauge","name":"runtime.MemStats.MCacheInuse","measures":{"value":7200}}
{"ts":1674234488900989800,"type":"gauge","name":"runtime.MemStats.NextGC","measures":{"value":52884304}}
{"ts":1674234488968697842,"type":"gauge","name":"runtime.MemStats.BuckHashSys","measures":{"value":1501790}}
{"ts":1674234489005280717,"type":"gauge","name":"runtime.MemStats.DebugGC","measures":{"value":0}}
{"ts":1674234489033737884,"type":"gauge","name":"runtime.MemStats.LastGC","measures":{"value":1674234453681026300}}
{"ts":1674234489042139217,"type":"gauge","name":"runtime.MemStats.StackInuse","measures":{"value":6062080}}
{"ts":1674234489083090300,"type":"timer","name":"runtime.ReadMemStats","measures":{"count":14,"m1":0.13230691497865155,"m15":0.013935173171587696,"m5":0.03896033519638589,"max":235420375,"mean":20181107.14285714,"meanrate":0.19988385501319572,"min":99416,"p50":872354.5,"p75":6743656.25,"p95":235420375,"p99":235420375,"p999":235420375,"p9999":235420375,"stddev":59998313.57906044,"variance":3599797632331268.5}}
