{"ts":1675440930855119166,"type":"point","name":"bandwidth-total-in|cypress-provider|32|0","measures":{"value":165495}}
{"ts":1675440930856542291,"type":"point","name":"bandwidth-total-out|cypress-provider|32|0","measures":{"value":216362}}
{"ts":1675440930858067625,"type":"point","name":"bandwidth-rate-in|cypress-provider|32|0","measures":{"value":0.4235223806665204}}
{"ts":1675440930859572375,"type":"point","name":"bandwidth-rate-out|cypress-provider|32|0","measures":{"value":0.499713088583472}}
{"ts":1675440948152573758,"type":"point","name":"signal bootstrapping0","measures":{"value":46401542}}
{"ts":1675440948326932091,"type":"point","name":"barrierbootstrapping0","measures":{"value":169679167}}
{"ts":1675440948390294591,"type":"point","name":"full bootstrapping0","measures":{"value":36311627766}}
{"ts":1675440951001970593,"type":"point","name":"bandwidth-total-in|cypress-provider|32|1","measures":{"value":206219}}
{"ts":1675440951092214009,"type":"point","name":"bandwidth-total-out|cypress-provider|32|1","measures":{"value":381802}}
{"ts":1675440951178127176,"type":"point","name":"bandwidth-rate-in|cypress-provider|32|1","measures":{"value":7590.872409677144}}
{"ts":1675440951484156009,"type":"point","name":"bandwidth-rate-out|cypress-provider|32|1","measures":{"value":65359.025517991184}}
{"ts":1675440970869965963,"type":"point","name":"bandwidth-total-in|cypress-provider|32|2","measures":{"value":599378}}
{"ts":1675440970886387796,"type":"point","name":"bandwidth-total-out|cypress-provider|32|2","measures":{"value":683821}}
{"ts":1675440970940080463,"type":"point","name":"bandwidth-rate-in|cypress-provider|32|2","measures":{"value":11132.779123260645}}
{"ts":1675440970958149088,"type":"point","name":"bandwidth-rate-out|cypress-provider|32|2","measures":{"value":15544.383536938392}}
{"ts":1675440987741438096,"type":"point","name":"time-to-provide-19","measures":{"value":37806375017}}
{"ts":1675440989531301055,"type":"point","name":"time-to-provide-9","measures":{"value":39595986644}}
{"ts":1675440989938886888,"type":"point","name":"time-to-provide-7","measures":{"value":39896261810}}
{"ts":1675440990068992930,"type":"point","name":"time-to-provide-14","measures":{"value":40025906436}}
{"ts":1675440990141516639,"type":"point","name":"time-to-provide-17","measures":{"value":40097985143}}
{"ts":1675440990206545264,"type":"point","name":"time-to-provide-15","measures":{"value":40163086685}}
{"ts":1675440990245566680,"type":"point","name":"time-to-provide-18","measures":{"value":40201966477}}
{"ts":1675440990314380514,"type":"point","name":"time-to-provide-11","measures":{"value":40271185393}}
{"ts":1675440990343016430,"type":"point","name":"time-to-provide-13","measures":{"value":40299670893}}
{"ts":1675440990426604389,"type":"point","name":"time-to-provide-2","measures":{"value":40384273310}}
{"ts":1675440990861725791,"type":"point","name":"bandwidth-total-in|cypress-provider|32|3","measures":{"value":833842}}
{"ts":1675440990868563625,"type":"point","name":"bandwidth-total-out|cypress-provider|32|3","measures":{"value":866524}}
{"ts":1675440990892734500,"type":"point","name":"bandwidth-rate-in|cypress-provider|32|3","measures":{"value":6214.681818101721}}
{"ts":1675440990942534208,"type":"point","name":"bandwidth-rate-out|cypress-provider|32|3","measures":{"value":10112.154118652867}}
{"ts":1675440991356292625,"type":"point","name":"time-to-provide-8","measures":{"value":41314023352}}
{"ts":1675440991391106083,"type":"point","name":"time-to-provide-16","measures":{"value":41348462643}}
{"ts":1675440991581297750,"type":"point","name":"time-to-provide-10","measures":{"value":41538925769}}
{"ts":1675440991606582083,"type":"point","name":"time-to-provide-1","measures":{"value":41565699519}}
{"ts":1675440991794575750,"type":"point","name":"time-to-provide-4","measures":{"value":41752882394}}
{"ts":1675440991816665792,"type":"point","name":"time-to-provide-6","measures":{"value":41774843560}}
{"ts":1675440991858495292,"type":"point","name":"time-to-provide-5","measures":{"value":41816722561}}
{"ts":1675440993186603042,"type":"point","name":"time-to-provide-12","measures":{"value":43144112603}}
{"ts":1675440993897062251,"type":"point","name":"time-to-provide-0","measures":{"value":43856264978}}
{"ts":1675440993949452959,"type":"point","name":"time-to-provide-3","measures":{"value":43907800811}}
{"ts":1675440994085858376,"type":"point","name":"signal provider-records1","measures":{"value":69081833}}
{"ts":1675440997025814003,"type":"point","name":"barrierprovider-records1","measures":{"value":2929477877}}
{"ts":1675440997174725128,"type":"point","name":"full provider-records1","measures":{"value":47450899354}}
{"ts":1675440999273651045,"type":"point","name":"time-to-find-first|cypress-provider|1","measures":{"value":182625}}
{"ts":1675440999334556587,"type":"point","name":"time-to-find-first|cypress-provider|18","measures":{"value":63050250}}
{"ts":1675440999322388295,"type":"point","name":"time-to-find-first|cypress-provider|12","measures":{"value":110333}}
{"ts":1675440999276083254,"type":"point","name":"time-to-find-first|cypress-provider|0","measures":{"value":66792}}
{"ts":1675440999401116545,"type":"point","name":"time-to-find-first|cypress-provider|19","measures":{"value":169831750}}
{"ts":1675440999324295254,"type":"point","name":"time-to-find-first|cypress-provider|3","measures":{"value":1602042}}
{"ts":1675440999324858087,"type":"point","name":"time-to-find-first|cypress-provider|4","measures":{"value":84667}}
{"ts":1675440999438737837,"type":"point","name":"time-to-find-first|cypress-provider|2","measures":{"value":149889000}}
{"ts":1675440999729548004,"type":"point","name":"time-to-find-first|cypress-provider|13","measures":{"value":356707167}}
{"ts":1675440999774352546,"type":"point","name":"time-to-find-first|cypress-provider|14","measures":{"value":401116792}}
{"ts":1675440999774391212,"type":"point","name":"time-to-find-first|cypress-provider|6","measures":{"value":412610083}}
{"ts":1675441000280862546,"type":"point","name":"time-to-find-first|cypress-provider|15","measures":{"value":907550959}}
{"ts":1675441000409484129,"type":"point","name":"time-to-find-first|cypress-provider|16","measures":{"value":1036073959}}
{"ts":1675441000409590504,"type":"point","name":"time-to-find-first|cypress-provider|7","measures":{"value":793811834}}
{"ts":1675441000409633962,"type":"point","name":"time-to-find-first|cypress-provider|17","measures":{"value":1036123042}}
{"ts":1675441000409686046,"type":"point","name":"time-to-find-first|cypress-provider|8","measures":{"value":793479917}}
{"ts":1675441001410672421,"type":"point","name":"time-to-find-first|cypress-provider|9","measures":{"value":1794404418}}
{"ts":1675441001413860588,"type":"point","name":"time-to-find-first|cypress-provider|11","measures":{"value":1797504501}}
{"ts":1675441001423511255,"type":"point","name":"time-to-find-first|cypress-provider|10","measures":{"value":1807211876}}
{"ts":1675441001436869171,"type":"point","name":"time-to-find-first|cypress-provider|5","measures":{"value":1156278876}}
{"ts":1675441010915323967,"type":"point","name":"bandwidth-total-in|cypress-provider|32|4","measures":{"value":1461397}}
{"ts":1675441011092435051,"type":"point","name":"bandwidth-total-out|cypress-provider|32|4","measures":{"value":1676131}}
{"ts":1675441011307817593,"type":"point","name":"bandwidth-rate-in|cypress-provider|32|4","measures":{"value":46807.45724756747}}
{"ts":1675441011345430176,"type":"point","name":"bandwidth-rate-out|cypress-provider|32|4","measures":{"value":70142.06053383795}}
{"ts":1675441030871532004,"type":"point","name":"bandwidth-total-in|cypress-provider|32|5","measures":{"value":1915790}}
{"ts":1675441030914303004,"type":"point","name":"bandwidth-total-out|cypress-provider|32|5","measures":{"value":1933076}}
{"ts":1675441030957930129,"type":"point","name":"bandwidth-rate-in|cypress-provider|32|5","measures":{"value":21963.028439806323}}
{"ts":1675441031045969754,"type":"point","name":"bandwidth-rate-out|cypress-provider|32|5","measures":{"value":10183.800240071874}}
{"ts":1675441050862352500,"type":"point","name":"bandwidth-total-in|cypress-provider|32|6","measures":{"value":2416437}}
{"ts":1675441050952223000,"type":"point","name":"bandwidth-total-out|cypress-provider|32|6","measures":{"value":2299668}}
{"ts":1675441051012072000,"type":"point","name":"bandwidth-rate-in|cypress-provider|32|6","measures":{"value":45831.12066156731}}
{"ts":1675441051056332583,"type":"point","name":"bandwidth-rate-out|cypress-provider|32|6","measures":{"value":31594.68995162584}}
{"ts":1675441058848999295,"type":"point","name":"num-hops|cypress-provider|12","measures":{"value":3}}
{"ts":1675441058857763128,"type":"point","name":"time-to-find-last|done|cypress-provider|12","measures":{"value":64424833}}
{"ts":1675441058891514087,"type":"point","name":"time-to-find|done|cypress-provider|12","measures":{"value":59571587735}}
{"ts":1675441058927049712,"type":"point","name":"peers-found|done|cypress-provider|12","measures":{"value":40}}
{"ts":1675441058956261295,"type":"point","name":"peers-missing|done|cypress-provider|12","measures":{"value":0}}
{"ts":1675441059029118587,"type":"point","name":"num-hops|cypress-provider|4","measures":{"value":2}}
{"ts":1675441059063728878,"type":"point","name":"time-to-find-last|done|cypress-provider|4","measures":{"value":199886875}}
{"ts":1675441059071409712,"type":"point","name":"time-to-find|done|cypress-provider|4","measures":{"value":59748975611}}
{"ts":1675441059090122504,"type":"point","name":"peers-found|done|cypress-provider|4","measures":{"value":40}}
{"ts":1675441059127372920,"type":"point","name":"peers-missing|done|cypress-provider|4","measures":{"value":0}}
{"ts":1675441059728386295,"type":"point","name":"num-hops|cypress-provider|14","measures":{"value":2}}
{"ts":1675441059749177754,"type":"point","name":"time-to-find-last|done|cypress-provider|14","measures":{"value":1075473959}}
{"ts":1675441059762013379,"type":"point","name":"time-to-find|done|cypress-provider|14","measures":{"value":60391121943}}
{"ts":1675441059775923004,"type":"point","name":"peers-found|done|cypress-provider|14","measures":{"value":40}}
{"ts":1675441059787139046,"type":"point","name":"peers-missing|done|cypress-provider|14","measures":{"value":0}}
{"ts":1675441060176212296,"type":"point","name":"num-hops|cypress-provider|1","measures":{"value":2}}
{"ts":1675441060197285462,"type":"point","name":"time-to-find-last|done|cypress-provider|1","measures":{"value":55234292}}
{"ts":1675441060228213921,"type":"point","name":"time-to-find|done|cypress-provider|1","measures":{"value":60957088444}}
{"ts":1675441060231380962,"type":"point","name":"num-hops|cypress-provider|0","measures":{"value":1}}
{"ts":1675441060281515296,"type":"point","name":"time-to-find-last|done|cypress-provider|0","measures":{"value":156377250}}
{"ts":1675441060299239087,"type":"point","name":"time-to-find|done|cypress-provider|0","measures":{"value":61057808152}}
{"ts":1675441060372179337,"type":"point","name":"peers-found|done|cypress-provider|0","measures":{"value":40}}
{"ts":1675441060263709212,"type":"point","name":"peers-found|done|cypress-provider|1","measures":{"value":40}}
{"ts":1675441060433511296,"type":"point","name":"peers-missing|done|cypress-provider|1","measures":{"value":0}}
{"ts":1675441060404351504,"type":"point","name":"peers-missing|done|cypress-provider|0","measures":{"value":0}}
{"ts":1675441060722238713,"type":"point","name":"num-hops|cypress-provider|19","measures":{"value":2}}
{"ts":1675441060756289338,"type":"point","name":"time-to-find-last|done|cypress-provider|19","measures":{"value":619403042}}
{"ts":1675441060789769338,"type":"point","name":"time-to-find|done|cypress-provider|19","measures":{"value":61560825152}}
{"ts":1675441060810542629,"type":"point","name":"peers-found|done|cypress-provider|19","measures":{"value":40}}
{"ts":1675441060817327213,"type":"point","name":"peers-missing|done|cypress-provider|19","measures":{"value":0}}
{"ts":1675441060822639004,"type":"point","name":"num-hops|cypress-provider|5","measures":{"value":2}}
{"ts":1675441060864045296,"type":"point","name":"time-to-find-last|done|cypress-provider|5","measures":{"value":1931891751}}
{"ts":1675441060906134088,"type":"point","name":"time-to-find|done|cypress-provider|5","measures":{"value":60627883986}}
{"ts":1675441060974215796,"type":"point","name":"peers-found|done|cypress-provider|5","measures":{"value":40}}
{"ts":1675441061011438629,"type":"point","name":"peers-missing|done|cypress-provider|5","measures":{"value":0}}
{"ts":1675441060788152963,"type":"point","name":"num-hops|cypress-provider|18","measures":{"value":1}}
{"ts":1675441061053865129,"type":"point","name":"time-to-find-last|done|cypress-provider|18","measures":{"value":256349583}}
{"ts":1675441061066362713,"type":"point","name":"time-to-find|done|cypress-provider|18","measures":{"value":61797198736}}
{"ts":1675441061094234004,"type":"point","name":"peers-found|done|cypress-provider|18","measures":{"value":40}}
{"ts":1675441061139295254,"type":"point","name":"peers-missing|done|cypress-provider|18","measures":{"value":0}}
{"ts":1675441060947205879,"type":"point","name":"num-hops|cypress-provider|2","measures":{"value":2}}
{"ts":1675441061170782296,"type":"point","name":"time-to-find-last|done|cypress-provider|2","measures":{"value":991668501}}
{"ts":1675441061199318630,"type":"point","name":"time-to-find|done|cypress-provider|2","measures":{"value":61912819945}}
{"ts":1675441061208175921,"type":"point","name":"peers-found|done|cypress-provider|2","measures":{"value":40}}
{"ts":1675441061258451838,"type":"point","name":"peers-missing|done|cypress-provider|2","measures":{"value":0}}
{"ts":1675441061063971213,"type":"point","name":"num-hops|cypress-provider|6","measures":{"value":2}}
{"ts":1675441061315020421,"type":"point","name":"time-to-find-last|done|cypress-provider|6","measures":{"value":1089719125}}
{"ts":1675441061326052046,"type":"point","name":"time-to-find|done|cypress-provider|6","measures":{"value":61966610194}}
{"ts":1675441061353491005,"type":"point","name":"peers-found|done|cypress-provider|6","measures":{"value":40}}
{"ts":1675441061364074963,"type":"point","name":"peers-missing|done|cypress-provider|6","measures":{"value":0}}
{"ts":1675441061055938713,"type":"point","name":"num-hops|cypress-provider|16","measures":{"value":1}}
{"ts":1675441061469250171,"type":"point","name":"time-to-find-last|done|cypress-provider|16","measures":{"value":1229020709}}
{"ts":1675441061499517588,"type":"point","name":"time-to-find|done|cypress-provider|16","measures":{"value":62128453945}}
{"ts":1675441061509278088,"type":"point","name":"peers-found|done|cypress-provider|16","measures":{"value":40}}
{"ts":1675441061541964880,"type":"point","name":"peers-missing|done|cypress-provider|16","measures":{"value":0}}
{"ts":1675441061420021380,"type":"point","name":"num-hops|cypress-provider|9","measures":{"value":4}}
{"ts":1675441061589338796,"type":"point","name":"time-to-find-last|done|cypress-provider|9","measures":{"value":7193843337}}
{"ts":1675441061613342505,"type":"point","name":"time-to-find|done|cypress-provider|9","measures":{"value":61999426111}}
{"ts":1675441061691262963,"type":"point","name":"peers-found|done|cypress-provider|9","measures":{"value":40}}
{"ts":1675441061301175505,"type":"point","name":"num-hops|cypress-provider|3","measures":{"value":2}}
{"ts":1675441061763359838,"type":"point","name":"time-to-find-last|done|cypress-provider|3","measures":{"value":114127000}}
{"ts":1675441061591113338,"type":"point","name":"num-hops|cypress-provider|15","measures":{"value":2}}
{"ts":1675441061805426171,"type":"point","name":"time-to-find-last|done|cypress-provider|15","measures":{"value":1036215001}}
{"ts":1675441061872337547,"type":"point","name":"time-to-find|done|cypress-provider|15","measures":{"value":62501377404}}
{"ts":1675441061929968588,"type":"point","name":"peers-found|done|cypress-provider|15","measures":{"value":40}}
{"ts":1675441061984106463,"type":"point","name":"peers-missing|done|cypress-provider|15","measures":{"value":0}}
{"ts":1675441061774050421,"type":"point","name":"time-to-find|done|cypress-provider|3","measures":{"value":62453698111}}
{"ts":1675441062034310672,"type":"point","name":"peers-found|done|cypress-provider|3","measures":{"value":40}}
{"ts":1675441062063408338,"type":"point","name":"peers-missing|done|cypress-provider|3","measures":{"value":0}}
{"ts":1675441061732664588,"type":"point","name":"peers-missing|done|cypress-provider|9","measures":{"value":0}}
{"ts":1675441061252202046,"type":"point","name":"num-hops|cypress-provider|17","measures":{"value":2}}
{"ts":1675441062133482880,"type":"point","name":"time-to-find-last|done|cypress-provider|17","measures":{"value":1381928168}}
{"ts":1675441062148745005,"type":"point","name":"time-to-find|done|cypress-provider|17","measures":{"value":62777573612}}
{"ts":1675441061355852088,"type":"point","name":"num-hops|cypress-provider|7","measures":{"value":2}}
{"ts":1675441061175795005,"type":"point","name":"num-hops|cypress-provider|8","measures":{"value":2}}
{"ts":1675441062214946922,"type":"point","name":"time-to-find-last|done|cypress-provider|8","measures":{"value":1239675084}}
{"ts":1675441062252684047,"type":"point","name":"time-to-find|done|cypress-provider|8","measures":{"value":62638817612}}
{"ts":1675441062286921713,"type":"point","name":"peers-found|done|cypress-provider|8","measures":{"value":40}}
{"ts":1675441062310357755,"type":"point","name":"peers-missing|done|cypress-provider|8","measures":{"value":0}}
{"ts":1675441062247036088,"type":"point","name":"num-hops|cypress-provider|11","measures":{"value":2}}
{"ts":1675441062170529797,"type":"point","name":"peers-found|done|cypress-provider|17","measures":{"value":40}}
{"ts":1675441062414156713,"type":"point","name":"peers-missing|done|cypress-provider|17","measures":{"value":0}}
{"ts":1675441062312013713,"type":"point","name":"num-hops|cypress-provider|10","measures":{"value":1}}
{"ts":1675441062462284255,"type":"point","name":"time-to-find-last|done|cypress-provider|10","measures":{"value":2585931460}}
{"ts":1675441062483154255,"type":"point","name":"time-to-find|done|cypress-provider|10","measures":{"value":62869189987}}
{"ts":1675441062507724463,"type":"point","name":"peers-found|done|cypress-provider|10","measures":{"value":40}}
{"ts":1675441062058403005,"type":"point","name":"num-hops|cypress-provider|13","measures":{"value":1}}
{"ts":1675441062548928588,"type":"point","name":"time-to-find-last|done|cypress-provider|13","measures":{"value":417485376}}
{"ts":1675441062563081630,"type":"point","name":"time-to-find|done|cypress-provider|13","measures":{"value":63192588279}}
{"ts":1675441062609077047,"type":"point","name":"peers-found|done|cypress-provider|13","measures":{"value":40}}
{"ts":1675441062643966464,"type":"point","name":"peers-missing|done|cypress-provider|13","measures":{"value":0}}
{"ts":1675441062192866088,"type":"point","name":"time-to-find-last|done|cypress-provider|7","measures":{"value":2394674960}}
{"ts":1675441062528224172,"type":"point","name":"peers-missing|done|cypress-provider|10","measures":{"value":0}}
{"ts":1675441062362734380,"type":"point","name":"time-to-find-last|done|cypress-provider|11","measures":{"value":2516150585}}
{"ts":1675441062760478380,"type":"point","name":"time-to-find|done|cypress-provider|11","measures":{"value":63146462737}}
{"ts":1675441062713257755,"type":"point","name":"time-to-find|done|cypress-provider|7","measures":{"value":63099823529}}
{"ts":1675441062852463047,"type":"point","name":"peers-found|done|cypress-provider|7","measures":{"value":40}}
{"ts":1675441062861068964,"type":"point","name":"peers-missing|done|cypress-provider|7","measures":{"value":0}}
{"ts":1675441062819539839,"type":"point","name":"peers-found|done|cypress-provider|11","measures":{"value":40}}
{"ts":1675441062932059422,"type":"point","name":"peers-missing|done|cypress-provider|11","measures":{"value":0}}
{"ts":1675441063064366464,"type":"point","name":"signal provider-records2","measures":{"value":105095500}}
{"ts":1675441070591989092,"type":"point","name":"barrierprovider-records2","measures":{"value":7485625462}}
{"ts":1675441070666391967,"type":"point","name":"full provider-records2","measures":{"value":71438431783}}
{"ts":1675441070858862717,"type":"point","name":"bandwidth-total-in|cypress-provider|32|7","measures":{"value":2626461}}
{"ts":1675441070911308467,"type":"point","name":"bandwidth-total-out|cypress-provider|32|7","measures":{"value":2497424}}
{"ts":1675441071026859051,"type":"point","name":"bandwidth-rate-in|cypress-provider|32|7","measures":{"value":0.0829908413706244}}
{"ts":1675441071071379259,"type":"point","name":"bandwidth-rate-out|cypress-provider|32|7","measures":{"value":1.1261025228883945}}
