{"ts":1676924955557765180,"type":"histogram","name":"runtime.MemStats.PauseNs","measures":{"count":3,"max":340083,"mean":216597,"min":19499,"p50":290209,"p75":340083,"p95":340083,"p99":340083,"p999":340083,"p9999":340083,"stddev":140848.78456936244,"variance":19838380114.666668}}
{"ts":1676924955571075888,"type":"gauge","name":"runtime.MemStats.PauseTotalNs","measures":{"value":649791}}
{"ts":1676924955579304638,"type":"gauge","name":"runtime.MemStats.Alloc","measures":{"value":27940552}}
{"ts":1676924955582376222,"type":"gauge","name":"runtime.MemStats.HeapAlloc","measures":{"value":27940552}}
{"ts":1676924955599337972,"type":"gauge","name":"runtime.MemStats.Lookups","measures":{"value":0}}
{"ts":1676924955608273555,"type":"gauge","name":"runtime.MemStats.MCacheSys","measures":{"value":15600}}
{"ts":1676924955610802597,"type":"gauge","name":"runtime.MemStats.MSpanInuse","measures":{"value":522648}}
{"ts":1676924955616542222,"type":"gauge","name":"runtime.MemStats.MSpanSys","measures":{"value":538560}}
{"ts":1676924955624306013,"type":"gauge","name":"runtime.MemStats.GCCPUFraction","measures":{"value":0.022518154370902776}}
{"ts":1676924955634715888,"type":"timer","name":"runtime.ReadMemStats","measures":{"count":1,"m1":0,"m15":0,"m5":0,"max":218459,"mean":218459,"meanrate":0.19993448139047457,"min":218459,"p50":218459,"p75":218459,"p95":218459,"p99":218459,"p999":218459,"p9999":218459,"stddev":0,"variance":0}}
{"ts":1676924955924422514,"type":"gauge","name":"runtime.MemStats.HeapIdle","measures":{"value":4366336}}
{"ts":1676924956003878514,"type":"gauge","name":"runtime.MemStats.HeapObjects","measures":{"value":656888}}
{"ts":1676924956019251305,"type":"gauge","name":"runtime.NumThread","measures":{"value":12}}
{"ts":1676924956023424680,"type":"gauge","name":"runtime.MemStats.HeapSys","measures":{"value":33882112}}
{"ts":1676924956027334805,"type":"gauge","name":"runtime.MemStats.LastGC","measures":{"value":1676924950944178200}}
{"ts":1676924956029513889,"type":"gauge","name":"runtime.MemStats.StackSys","measures":{"value":3866624}}
{"ts":1676924956032422097,"type":"gauge","name":"runtime.NumCgoCall","measures":{"value":1}}
{"ts":1676924956035240180,"type":"gauge","name":"runtime.NumGoroutine","measures":{"value":46}}
{"ts":1676924956038422930,"type":"gauge","name":"runtime.MemStats.BuckHashSys","measures":{"value":1494782}}
{"ts":1676924956041208639,"type":"gauge","name":"runtime.MemStats.HeapReleased","measures":{"value":3670016}}
{"ts":1676924956042665097,"type":"gauge","name":"runtime.MemStats.StackInuse","measures":{"value":3866624}}
{"ts":1676924956049030430,"type":"gauge","name":"runtime.MemStats.Sys","measures":{"value":46429448}}
{"ts":1676924956071329514,"type":"gauge","name":"runtime.MemStats.EnableGC","measures":{"value":1}}
{"ts":1676924956077733847,"type":"gauge","name":"runtime.MemStats.HeapInuse","measures":{"value":29515776}}
{"ts":1676924956086834430,"type":"gauge","name":"runtime.MemStats.NextGC","measures":{"value":37159136}}
{"ts":1676924956089460930,"type":"gauge","name":"runtime.MemStats.NumGC","measures":{"value":3}}
{"ts":1676924956093472680,"type":"gauge","name":"runtime.MemStats.DebugGC","measures":{"value":0}}
{"ts":1676924956094832514,"type":"gauge","name":"runtime.MemStats.Mallocs","measures":{"value":897817}}
{"ts":1676924956098485722,"type":"gauge","name":"runtime.MemStats.Frees","measures":{"value":240929}}
{"ts":1676924956105111472,"type":"gauge","name":"runtime.MemStats.MCacheInuse","measures":{"value":9600}}
{"ts":1676924956108554722,"type":"gauge","name":"runtime.MemStats.TotalAlloc","measures":{"value":34281952}}
{"ts":1676924960557208751,"type":"gauge","name":"runtime.MemStats.MSpanSys","measures":{"value":701760}}
{"ts":1676924960559752293,"type":"gauge","name":"runtime.MemStats.GCCPUFraction","measures":{"value":0.016562782188453}}
{"ts":1676924960561372335,"type":"timer","name":"runtime.ReadMemStats","measures":{"count":2,"m1":0.015991117074135343,"m15":0.0011080303990206543,"m5":0.0033057092356765017,"max":329291,"mean":273875,"meanrate":0.19997874967812082,"min":218459,"p50":273875,"p75":329291,"p95":329291,"p99":329291,"p999":329291,"p9999":329291,"stddev":55416,"variance":3070933056}}
{"ts":1676924960565392668,"type":"gauge","name":"runtime.MemStats.HeapIdle","measures":{"value":29769728}}
{"ts":1676924960567213168,"type":"gauge","name":"runtime.MemStats.HeapObjects","measures":{"value":588526}}
{"ts":1676924960569198543,"type":"gauge","name":"runtime.NumCgoCall","measures":{"value":0}}
{"ts":1676924960570677876,"type":"gauge","name":"runtime.NumGoroutine","measures":{"value":315}}
{"ts":1676924960572532876,"type":"gauge","name":"runtime.NumThread","measures":{"value":14}}
{"ts":1676924960573814751,"type":"gauge","name":"runtime.MemStats.HeapSys","measures":{"value":64847872}}
{"ts":1676924960575562043,"type":"gauge","name":"runtime.MemStats.LastGC","measures":{"value":1676924956843363800}}
{"ts":1676924960576874168,"type":"gauge","name":"runtime.MemStats.StackSys","measures":{"value":19038208}}
{"ts":1676924960578507168,"type":"gauge","name":"runtime.MemStats.Sys","measures":{"value":95584536}}
{"ts":1676924960580509210,"type":"gauge","name":"runtime.MemStats.BuckHashSys","measures":{"value":1500550}}
{"ts":1676924960582169210,"type":"gauge","name":"runtime.MemStats.HeapReleased","measures":{"value":2998272}}
{"ts":1676924960583332585,"type":"gauge","name":"runtime.MemStats.StackInuse","measures":{"value":19038208}}
{"ts":1676924960584741585,"type":"gauge","name":"runtime.MemStats.NumGC","measures":{"value":1}}
{"ts":1676924960585950085,"type":"gauge","name":"runtime.MemStats.EnableGC","measures":{"value":1}}
{"ts":1676924960587144127,"type":"gauge","name":"runtime.MemStats.HeapInuse","measures":{"value":35078144}}
{"ts":1676924960589179168,"type":"gauge","name":"runtime.MemStats.NextGC","measures":{"value":55414096}}
{"ts":1676924960591278835,"type":"gauge","name":"runtime.MemStats.DebugGC","measures":{"value":0}}
{"ts":1676924960592159418,"type":"gauge","name":"runtime.MemStats.Mallocs","measures":{"value":144546}}
{"ts":1676924960593782668,"type":"gauge","name":"runtime.MemStats.Frees","measures":{"value":212908}}
{"ts":1676924960595968752,"type":"gauge","name":"runtime.MemStats.MCacheInuse","measures":{"value":9600}}
{"ts":1676924960598087960,"type":"gauge","name":"runtime.MemStats.TotalAlloc","measures":{"value":44647544}}
{"ts":1676924960600762460,"type":"gauge","name":"runtime.MemStats.MCacheSys","measures":{"value":15600}}
{"ts":1676924960602664960,"type":"gauge","name":"runtime.MemStats.MSpanInuse","measures":{"value":647632}}
{"ts":1676924960604809335,"type":"histogram","name":"runtime.MemStats.PauseNs","measures":{"count":4,"max":340083,"mean":219604,"min":19499,"p50":259417,"p75":327614.5,"p95":340083,"p99":340083,"p999":340083,"p9999":340083,"stddev":122089.76711010633,"variance":14905911233}}
{"ts":1676924960606063168,"type":"gauge","name":"runtime.MemStats.PauseTotalNs","measures":{"value":878416}}
{"ts":1676924960613528543,"type":"gauge","name":"runtime.MemStats.Alloc","measures":{"value":29968992}}
{"ts":1676924960615252960,"type":"gauge","name":"runtime.MemStats.HeapAlloc","measures":{"value":29968992}}
{"ts":1676924960617446252,"type":"gauge","name":"runtime.MemStats.Lookups","measures":{"value":0}}
{"ts":1676924965557231254,"type":"gauge","name":"runtime.NumThread","measures":{"value":14}}
{"ts":1676924965559420754,"type":"gauge","name":"runtime.MemStats.HeapSys","measures":{"value":66420736}}
{"ts":1676924965561792837,"type":"gauge","name":"runtime.MemStats.LastGC","measures":{"value":1676924956843363800}}
{"ts":1676924965565576379,"type":"gauge","name":"runtime.MemStats.StackSys","measures":{"value":17465344}}
{"ts":1676924965568380212,"type":"gauge","name":"runtime.NumCgoCall","measures":{"value":0}}
{"ts":1676924965570580254,"type":"gauge","name":"runtime.NumGoroutine","measures":{"value":282}}
{"ts":1676924965572224796,"type":"gauge","name":"runtime.MemStats.BuckHashSys","measures":{"value":1500830}}
{"ts":1676924965574031462,"type":"gauge","name":"runtime.MemStats.HeapReleased","measures":{"value":2998272}}
{"ts":1676924965576315254,"type":"gauge","name":"runtime.MemStats.StackInuse","measures":{"value":17465344}}
{"ts":1676924965581467171,"type":"gauge","name":"runtime.MemStats.Sys","measures":{"value":95846680}}
{"ts":1676924965583195296,"type":"gauge","name":"runtime.MemStats.EnableGC","measures":{"value":1}}
{"ts":1676924965584432879,"type":"gauge","name":"runtime.MemStats.HeapInuse","measures":{"value":35209216}}
{"ts":1676924965586136712,"type":"gauge","name":"runtime.MemStats.NextGC","measures":{"value":55414096}}
{"ts":1676924965588861837,"type":"gauge","name":"runtime.MemStats.NumGC","measures":{"value":0}}
{"ts":1676924965592387337,"type":"gauge","name":"runtime.MemStats.DebugGC","measures":{"value":0}}
{"ts":1676924965593918379,"type":"gauge","name":"runtime.MemStats.Mallocs","measures":{"value":2776}}
{"ts":1676924965595964921,"type":"gauge","name":"runtime.MemStats.Frees","measures":{"value":245}}
{"ts":1676924965598084171,"type":"gauge","name":"runtime.MemStats.MCacheInuse","measures":{"value":9600}}
{"ts":1676924965600721129,"type":"gauge","name":"runtime.MemStats.TotalAlloc","measures":{"value":44927680}}
{"ts":1676924965603251129,"type":"histogram","name":"runtime.MemStats.PauseNs","measures":{"count":4,"max":340083,"mean":219604,"min":19499,"p50":259417,"p75":327614.5,"p95":340083,"p99":340083,"p999":340083,"p9999":340083,"stddev":122089.76711010633,"variance":14905911233}}
{"ts":1676924965605798837,"type":"gauge","name":"runtime.MemStats.PauseTotalNs","measures":{"value":878416}}
{"ts":1676924965607286879,"type":"gauge","name":"runtime.MemStats.Alloc","measures":{"value":30249128}}
{"ts":1676924965609081296,"type":"gauge","name":"runtime.MemStats.HeapAlloc","measures":{"value":30249128}}
{"ts":1676924965611772004,"type":"gauge","name":"runtime.MemStats.Lookups","measures":{"value":0}}
{"ts":1676924965614096171,"type":"gauge","name":"runtime.MemStats.MCacheSys","measures":{"value":15600}}
{"ts":1676924965615975712,"type":"gauge","name":"runtime.MemStats.MSpanInuse","measures":{"value":647632}}
{"ts":1676924965618786254,"type":"gauge","name":"runtime.MemStats.MSpanSys","measures":{"value":701760}}
{"ts":1676924965621585296,"type":"gauge","name":"runtime.MemStats.GCCPUFraction","measures":{"value":0.016562782188453}}
{"ts":1676924965624338837,"type":"timer","name":"runtime.ReadMemStats","measures":{"count":3,"m1":0.030703655021877167,"m15":0.002209922141215539,"m5":0.0065567799035988195,"max":646167,"mean":397972.3333333333,"meanrate":0.1999853387681707,"min":218459,"p50":329291,"p75":646167,"p95":646167,"p99":646167,"p999":646167,"p9999":646167,"stddev":181239.02721237743,"variance":32847584984.88889}}
{"ts":1676924965625872921,"type":"gauge","name":"runtime.MemStats.HeapIdle","measures":{"value":31211520}}
{"ts":1676924965628033421,"type":"gauge","name":"runtime.MemStats.HeapObjects","measures":{"value":591057}}
{"ts":1676924970557655631,"type":"gauge","name":"runtime.MemStats.HeapIdle","measures":{"value":31137792}}
{"ts":1676924970560459298,"type":"gauge","name":"runtime.MemStats.HeapObjects","measures":{"value":593528}}
{"ts":1676924970562652881,"type":"gauge","name":"runtime.MemStats.HeapSys","measures":{"value":66420736}}
{"ts":1676924970564618298,"type":"gauge","name":"runtime.MemStats.LastGC","measures":{"value":1676924956843363800}}
{"ts":1676924970566354673,"type":"gauge","name":"runtime.MemStats.StackSys","measures":{"value":17465344}}
{"ts":1676924970567830673,"type":"gauge","name":"runtime.NumCgoCall","measures":{"value":0}}
{"ts":1676924970569504048,"type":"gauge","name":"runtime.NumGoroutine","measures":{"value":282}}
{"ts":1676924970570268173,"type":"gauge","name":"runtime.NumThread","measures":{"value":14}}
{"ts":1676924970571741090,"type":"gauge","name":"runtime.MemStats.BuckHashSys","measures":{"value":1501326}}
{"ts":1676924970573638090,"type":"gauge","name":"runtime.MemStats.HeapReleased","measures":{"value":2998272}}
{"ts":1676924970574851215,"type":"gauge","name":"runtime.MemStats.StackInuse","measures":{"value":17465344}}
{"ts":1676924970576139673,"type":"gauge","name":"runtime.MemStats.Sys","measures":{"value":95846680}}
{"ts":1676924970577135090,"type":"gauge","name":"runtime.MemStats.EnableGC","measures":{"value":1}}
{"ts":1676924970579589756,"type":"gauge","name":"runtime.MemStats.HeapInuse","measures":{"value":35282944}}
{"ts":1676924970581304381,"type":"gauge","name":"runtime.MemStats.NextGC","measures":{"value":55414096}}
{"ts":1676924970583194048,"type":"gauge","name":"runtime.MemStats.NumGC","measures":{"value":0}}
{"ts":1676924970584403090,"type":"gauge","name":"runtime.MemStats.DebugGC","measures":{"value":0}}
{"ts":1676924970585731465,"type":"gauge","name":"runtime.MemStats.Mallocs","measures":{"value":2704}}
{"ts":1676924970587334506,"type":"gauge","name":"runtime.MemStats.Frees","measures":{"value":233}}
{"ts":1676924970588768756,"type":"gauge","name":"runtime.MemStats.MCacheInuse","measures":{"value":9600}}
{"ts":1676924970591322756,"type":"gauge","name":"runtime.MemStats.TotalAlloc","measures":{"value":45195832}}
{"ts":1676924970593073631,"type":"gauge","name":"runtime.MemStats.Alloc","measures":{"value":30517280}}
{"ts":1676924970594799381,"type":"gauge","name":"runtime.MemStats.HeapAlloc","measures":{"value":30517280}}
{"ts":1676924970596159756,"type":"gauge","name":"runtime.MemStats.Lookups","measures":{"value":0}}
{"ts":1676924970598740090,"type":"gauge","name":"runtime.MemStats.MCacheSys","measures":{"value":15600}}
{"ts":1676924970600313840,"type":"gauge","name":"runtime.MemStats.MSpanInuse","measures":{"value":647632}}
{"ts":1676924970604152090,"type":"histogram","name":"runtime.MemStats.PauseNs","measures":{"count":4,"max":340083,"mean":219604,"min":19499,"p50":259417,"p75":327614.5,"p95":340083,"p99":340083,"p999":340083,"p9999":340083,"stddev":122089.76711010633,"variance":14905911233}}
{"ts":1676924970612414006,"type":"gauge","name":"runtime.MemStats.PauseTotalNs","measures":{"value":878416}}
{"ts":1676924970615354381,"type":"gauge","name":"runtime.MemStats.MSpanSys","measures":{"value":701760}}
{"ts":1676924970617863423,"type":"gauge","name":"runtime.MemStats.GCCPUFraction","measures":{"value":0.016562782188453}}
{"ts":1676924970620651923,"type":"timer","name":"runtime.ReadMemStats","measures":{"count":4,"m1":0.044239843385719006,"m15":0.003305709235676515,"m5":0.009754115099857198,"max":646167,"mean":439541.75,"meanrate":0.19998478981683632,"min":218459,"p50":446770.5,"p75":625687.75,"p95":646167,"p99":646167,"p999":646167,"p9999":646167,"stddev":172683.92497475698,"variance":29819737944.6875}}
{"ts":1676924975558178925,"type":"gauge","name":"runtime.MemStats.HeapIdle","measures":{"value":31006720}}
{"ts":1676924975559682050,"type":"gauge","name":"runtime.MemStats.HeapObjects","measures":{"value":596009}}
{"ts":1676924975561557259,"type":"gauge","name":"runtime.NumGoroutine","measures":{"value":282}}
{"ts":1676924975563057134,"type":"gauge","name":"runtime.NumThread","measures":{"value":14}}
{"ts":1676924975564672509,"type":"gauge","name":"runtime.MemStats.HeapSys","measures":{"value":66420736}}
{"ts":1676924975566647175,"type":"gauge","name":"runtime.MemStats.LastGC","measures":{"value":1676924956843363800}}
{"ts":1676924975568505050,"type":"gauge","name":"runtime.MemStats.StackSys","measures":{"value":17465344}}
{"ts":1676924975570451967,"type":"gauge","name":"runtime.NumCgoCall","measures":{"value":0}}
{"ts":1676924975571906634,"type":"gauge","name":"runtime.MemStats.BuckHashSys","measures":{"value":1501574}}
{"ts":1676924975573600300,"type":"gauge","name":"runtime.MemStats.HeapReleased","measures":{"value":2998272}}
{"ts":1676924975575457467,"type":"gauge","name":"runtime.MemStats.StackInuse","measures":{"value":17465344}}
{"ts":1676924975577879342,"type":"gauge","name":"runtime.MemStats.Sys","measures":{"value":95846680}}
{"ts":1676924975592818300,"type":"gauge","name":"runtime.MemStats.EnableGC","measures":{"value":1}}
{"ts":1676924975597650717,"type":"gauge","name":"runtime.MemStats.HeapInuse","measures":{"value":35414016}}
{"ts":1676924975601604009,"type":"gauge","name":"runtime.MemStats.NextGC","measures":{"value":55414096}}
{"ts":1676924975605244050,"type":"gauge","name":"runtime.MemStats.NumGC","measures":{"value":0}}
{"ts":1676924975610872259,"type":"gauge","name":"runtime.MemStats.DebugGC","measures":{"value":0}}
{"ts":1676924975615234175,"type":"gauge","name":"runtime.MemStats.Mallocs","measures":{"value":2721}}
{"ts":1676924975617461425,"type":"gauge","name":"runtime.MemStats.Frees","measures":{"value":240}}
{"ts":1676924975626126342,"type":"gauge","name":"runtime.MemStats.MCacheInuse","measures":{"value":9600}}
{"ts":1676924975629061967,"type":"gauge","name":"runtime.MemStats.TotalAlloc","measures":{"value":45468584}}
{"ts":1676924975631431925,"type":"gauge","name":"runtime.MemStats.MSpanInuse","measures":{"value":647632}}
{"ts":1676924975633148175,"type":"histogram","name":"runtime.MemStats.PauseNs","measures":{"count":4,"max":340083,"mean":219604,"min":19499,"p50":259417,"p75":327614.5,"p95":340083,"p99":340083,"p999":340083,"p9999":340083,"stddev":122089.76711010633,"variance":14905911233}}
{"ts":1676924975635794467,"type":"gauge","name":"runtime.MemStats.PauseTotalNs","measures":{"value":878416}}
{"ts":1676924975639415259,"type":"gauge","name":"runtime.MemStats.Alloc","measures":{"value":30790032}}
{"ts":1676924975640578925,"type":"gauge","name":"runtime.MemStats.HeapAlloc","measures":{"value":30790032}}
{"ts":1676924975647418550,"type":"gauge","name":"runtime.MemStats.Lookups","measures":{"value":0}}
{"ts":1676924975651324134,"type":"gauge","name":"runtime.MemStats.MCacheSys","measures":{"value":15600}}
{"ts":1676924975654455467,"type":"gauge","name":"runtime.MemStats.MSpanSys","measures":{"value":701760}}
{"ts":1676924975659256800,"type":"gauge","name":"runtime.MemStats.GCCPUFraction","measures":{"value":0.016562782188453}}
{"ts":1676924975662829634,"type":"timer","name":"runtime.ReadMemStats","measures":{"count":5,"m1":0.056693737885242124,"m15":0.004395425503079905,"m5":0.012898602993676452,"max":646167,"mean":449641.6,"meanrate":0.19998363158773425,"min":218459,"p50":490041,"p75":605208.5,"p95":646167,"p99":646167,"p999":646167,"p9999":646167,"stddev":155768.47638671953,"variance":24263818235.84}}
{"ts":1676924980557540969,"type":"gauge","name":"runtime.MemStats.HeapIdle","measures":{"value":30875648}}
{"ts":1676924980562322219,"type":"gauge","name":"runtime.MemStats.HeapObjects","measures":{"value":598440}}
{"ts":1676924980564117261,"type":"gauge","name":"runtime.MemStats.HeapSys","measures":{"value":66420736}}
{"ts":1676924980565657594,"type":"gauge","name":"runtime.MemStats.LastGC","measures":{"value":1676924956843363800}}
{"ts":1676924980567433344,"type":"gauge","name":"runtime.MemStats.StackSys","measures":{"value":17465344}}
{"ts":1676924980569194511,"type":"gauge","name":"runtime.NumCgoCall","measures":{"value":0}}
{"ts":1676924980570438428,"type":"gauge","name":"runtime.NumGoroutine","measures":{"value":282}}
{"ts":1676924980572682969,"type":"gauge","name":"runtime.NumThread","measures":{"value":14}}
{"ts":1676924980574222136,"type":"gauge","name":"runtime.MemStats.BuckHashSys","measures":{"value":1501814}}
{"ts":1676924980577248136,"type":"gauge","name":"runtime.MemStats.HeapReleased","measures":{"value":2998272}}
{"ts":1676924980579221344,"type":"gauge","name":"runtime.MemStats.StackInuse","measures":{"value":17465344}}
{"ts":1676924980581834094,"type":"gauge","name":"runtime.MemStats.Sys","measures":{"value":95846680}}
{"ts":1676924980583917178,"type":"gauge","name":"runtime.MemStats.EnableGC","measures":{"value":1}}
{"ts":1676924980586307803,"type":"gauge","name":"runtime.MemStats.HeapInuse","measures":{"value":35545088}}
{"ts":1676924980589471511,"type":"gauge","name":"runtime.MemStats.NextGC","measures":{"value":55414096}}
{"ts":1676924980591643553,"type":"gauge","name":"runtime.MemStats.NumGC","measures":{"value":0}}
{"ts":1676924980594691386,"type":"gauge","name":"runtime.MemStats.DebugGC","measures":{"value":0}}
{"ts":1676924980596638303,"type":"gauge","name":"runtime.MemStats.Mallocs","measures":{"value":2665}}
{"ts":1676924980598590178,"type":"gauge","name":"runtime.MemStats.Frees","measures":{"value":234}}
{"ts":1676924980601875011,"type":"gauge","name":"runtime.MemStats.MCacheInuse","measures":{"value":9600}}
{"ts":1676924980606308803,"type":"gauge","name":"runtime.MemStats.TotalAlloc","measures":{"value":45734592}}
{"ts":1676924980608521386,"type":"gauge","name":"runtime.MemStats.Alloc","measures":{"value":31056040}}
{"ts":1676924980611180219,"type":"gauge","name":"runtime.MemStats.HeapAlloc","measures":{"value":31056040}}
{"ts":1676924980618760303,"type":"gauge","name":"runtime.MemStats.Lookups","measures":{"value":0}}
{"ts":1676924980622333261,"type":"gauge","name":"runtime.MemStats.MCacheSys","measures":{"value":15600}}
{"ts":1676924980626615386,"type":"gauge","name":"runtime.MemStats.MSpanInuse","measures":{"value":647632}}
{"ts":1676924980630910636,"type":"histogram","name":"runtime.MemStats.PauseNs","measures":{"count":4,"max":340083,"mean":219604,"min":19499,"p50":259417,"p75":327614.5,"p95":340083,"p99":340083,"p999":340083,"p9999":340083,"stddev":122089.76711010633,"variance":14905911233}}
{"ts":1676924980634824469,"type":"gauge","name":"runtime.MemStats.PauseTotalNs","measures":{"value":878416}}
{"ts":1676924980637065053,"type":"gauge","name":"runtime.MemStats.MSpanSys","measures":{"value":701760}}
{"ts":1676924980640630803,"type":"gauge","name":"runtime.MemStats.GCCPUFraction","measures":{"value":0.016562782188453}}
{"ts":1676924980643423761,"type":"timer","name":"runtime.ReadMemStats","measures":{"count":6,"m1":0.06815187395991122,"m15":0.0054791045767303434,"m5":0.015991117074135346,"max":646167,"mean":461194.3333333333,"meanrate":0.1999906170202222,"min":218459,"p50":504499.5,"p75":584729.25,"p95":646167,"p99":646167,"p999":646167,"p9999":646167,"stddev":144523.96606522473,"variance":20887176767.222225}}
{"ts":1676924985558230513,"type":"gauge","name":"runtime.MemStats.TotalAlloc","measures":{"value":46008472}}
{"ts":1676924985561726930,"type":"gauge","name":"runtime.MemStats.Frees","measures":{"value":235}}
{"ts":1676924985564590930,"type":"gauge","name":"runtime.MemStats.MCacheInuse","measures":{"value":9600}}
{"ts":1676924985567292722,"type":"gauge","name":"runtime.MemStats.Lookups","measures":{"value":0}}
{"ts":1676924985571944430,"type":"gauge","name":"runtime.MemStats.MCacheSys","measures":{"value":15600}}
{"ts":1676924985577122972,"type":"gauge","name":"runtime.MemStats.MSpanInuse","measures":{"value":647632}}
{"ts":1676924985581620847,"type":"histogram","name":"runtime.MemStats.PauseNs","measures":{"count":4,"max":340083,"mean":219604,"min":19499,"p50":259417,"p75":327614.5,"p95":340083,"p99":340083,"p999":340083,"p9999":340083,"stddev":122089.76711010633,"variance":14905911233}}
{"ts":1676924985584358472,"type":"gauge","name":"runtime.MemStats.PauseTotalNs","measures":{"value":878416}}
{"ts":1676924985586569722,"type":"gauge","name":"runtime.MemStats.Alloc","measures":{"value":31329920}}
{"ts":1676924985591306555,"type":"gauge","name":"runtime.MemStats.HeapAlloc","measures":{"value":31329920}}
{"ts":1676924985595900180,"type":"timer","name":"runtime.ReadMemStats","measures":{"count":7,"m1":0.07869386805747328,"m15":0.0065567799035988455,"m5":0.019032516392808084,"max":1093542,"mean":551529.7142857143,"meanrate":0.1999880220545417,"min":218459,"p50":518958,"p75":646167,"p95":1093542,"p99":1093542,"p999":1093542,"p9999":1093542,"stddev":258584.9583459477,"variance":66866180682.775505}}
{"ts":1676924985600715305,"type":"gauge","name":"runtime.MemStats.MSpanSys","measures":{"value":701760}}
{"ts":1676924985605800930,"type":"gauge","name":"runtime.MemStats.GCCPUFraction","measures":{"value":0.016562782188453}}
{"ts":1676924985610494222,"type":"gauge","name":"runtime.MemStats.HeapIdle","measures":{"value":30662656}}
{"ts":1676924985614484638,"type":"gauge","name":"runtime.MemStats.HeapObjects","measures":{"value":600884}}
{"ts":1676924985616855930,"type":"gauge","name":"runtime.MemStats.StackSys","measures":{"value":17465344}}
{"ts":1676924985620574847,"type":"gauge","name":"runtime.NumCgoCall","measures":{"value":0}}
{"ts":1676924985624085013,"type":"gauge","name":"runtime.NumGoroutine","measures":{"value":282}}
{"ts":1676924985625622972,"type":"gauge","name":"runtime.NumThread","measures":{"value":14}}
{"ts":1676924985632760722,"type":"gauge","name":"runtime.MemStats.HeapSys","measures":{"value":66420736}}
{"ts":1676924985636740930,"type":"gauge","name":"runtime.MemStats.LastGC","measures":{"value":1676924956843363800}}
{"ts":1676924985638906680,"type":"gauge","name":"runtime.MemStats.StackInuse","measures":{"value":17465344}}
{"ts":1676924985642886930,"type":"gauge","name":"runtime.MemStats.Sys","measures":{"value":95846680}}
{"ts":1676924985648874972,"type":"gauge","name":"runtime.MemStats.BuckHashSys","measures":{"value":1501814}}
{"ts":1676924985653424888,"type":"gauge","name":"runtime.MemStats.HeapReleased","measures":{"value":2998272}}
{"ts":1676924985658664722,"type":"gauge","name":"runtime.MemStats.NextGC","measures":{"value":55414096}}
{"ts":1676924985660720430,"type":"gauge","name":"runtime.MemStats.NumGC","measures":{"value":0}}
{"ts":1676924985668558013,"type":"gauge","name":"runtime.MemStats.EnableGC","measures":{"value":1}}
{"ts":1676924985671583138,"type":"gauge","name":"runtime.MemStats.HeapInuse","measures":{"value":35758080}}
{"ts":1676924985677211930,"type":"gauge","name":"runtime.MemStats.DebugGC","measures":{"value":0}}
{"ts":1676924985694891722,"type":"gauge","name":"runtime.MemStats.Mallocs","measures":{"value":2679}}
{"ts":1676924990634875252,"type":"gauge","name":"runtime.MemStats.HeapInuse","measures":{"value":40452096}}
{"ts":1676924990660232335,"type":"gauge","name":"runtime.MemStats.NextGC","measures":{"value":55414096}}
{"ts":1676924990685658752,"type":"gauge","name":"runtime.MemStats.NumGC","measures":{"value":0}}
{"ts":1676924990717553168,"type":"gauge","name":"runtime.MemStats.EnableGC","measures":{"value":1}}
{"ts":1676924990754974252,"type":"gauge","name":"runtime.MemStats.Mallocs","measures":{"value":62392}}
{"ts":1676924990772137127,"type":"gauge","name":"runtime.MemStats.DebugGC","measures":{"value":0}}
{"ts":1676924990805044877,"type":"gauge","name":"runtime.MemStats.MCacheInuse","measures":{"value":9600}}
{"ts":1676924990815920335,"type":"gauge","name":"runtime.MemStats.TotalAlloc","measures":{"value":50695224}}
{"ts":1676924990827086918,"type":"gauge","name":"runtime.MemStats.Frees","measures":{"value":1673}}
{"ts":1676924990848236418,"type":"gauge","name":"runtime.MemStats.HeapAlloc","measures":{"value":36016672}}
{"ts":1676924990862273377,"type":"gauge","name":"runtime.MemStats.Lookups","measures":{"value":0}}
{"ts":1676924990883830877,"type":"gauge","name":"runtime.MemStats.MCacheSys","measures":{"value":15600}}
{"ts":1676924990889518002,"type":"gauge","name":"runtime.MemStats.MSpanInuse","measures":{"value":699856}}
{"ts":1676924990919357127,"type":"histogram","name":"runtime.MemStats.PauseNs","measures":{"count":4,"max":340083,"mean":219604,"min":19499,"p50":259417,"p75":327614.5,"p95":340083,"p99":340083,"p999":340083,"p9999":340083,"stddev":122089.76711010633,"variance":14905911233}}
{"ts":1676924990937085793,"type":"gauge","name":"runtime.MemStats.PauseTotalNs","measures":{"value":878416}}
{"ts":1676924990988614627,"type":"gauge","name":"runtime.MemStats.Alloc","measures":{"value":36016672}}
{"ts":1676924991000198460,"type":"gauge","name":"runtime.MemStats.GCCPUFraction","measures":{"value":0.016562782188453}}
{"ts":1676924991014358585,"type":"timer","name":"runtime.ReadMemStats","measures":{"count":8,"m1":0.08839297084599056,"m15":0.007628484745355124,"m5":0.02202364580239524,"max":1093542,"mean":573557.25,"meanrate":0.1996142837774365,"min":218459,"p50":541604,"p75":707354.25,"p95":1093542,"p99":1093542,"p999":1093542,"p9999":1093542,"stddev":248805.93723811637,"variance":61904394404.9375}}
{"ts":1676924991029146543,"type":"gauge","name":"runtime.MemStats.MSpanSys","measures":{"value":701760}}
{"ts":1676924991042552627,"type":"gauge","name":"runtime.MemStats.HeapObjects","measures":{"value":661603}}
{"ts":1676924991069922835,"type":"gauge","name":"runtime.MemStats.HeapIdle","measures":{"value":26329088}}
{"ts":1676924991074350460,"type":"gauge","name":"runtime.MemStats.LastGC","measures":{"value":1676924956843363800}}
{"ts":1676924991079908377,"type":"gauge","name":"runtime.MemStats.StackSys","measures":{"value":17104896}}
{"ts":1676924991245886585,"type":"gauge","name":"runtime.NumCgoCall","measures":{"value":0}}
{"ts":1676924991317235460,"type":"gauge","name":"runtime.NumGoroutine","measures":{"value":635}}
{"ts":1676924991336166294,"type":"gauge","name":"runtime.NumThread","measures":{"value":14}}
{"ts":1676924991343560460,"type":"gauge","name":"runtime.MemStats.HeapSys","measures":{"value":66781184}}
{"ts":1676924991362308085,"type":"gauge","name":"runtime.MemStats.HeapReleased","measures":{"value":2621440}}
{"ts":1676924991380500127,"type":"gauge","name":"runtime.MemStats.StackInuse","measures":{"value":17104896}}
{"ts":1676924991388702877,"type":"gauge","name":"runtime.MemStats.Sys","measures":{"value":95977752}}
{"ts":1676924991400472710,"type":"gauge","name":"runtime.MemStats.BuckHashSys","measures":{"value":1502822}}
{"ts":1676924995559138754,"type":"gauge","name":"runtime.MemStats.TotalAlloc","measures":{"value":60793456}}
{"ts":1676924995565646796,"type":"gauge","name":"runtime.MemStats.Frees","measures":{"value":5974}}
{"ts":1676924995586709504,"type":"gauge","name":"runtime.MemStats.MCacheInuse","measures":{"value":9600}}
{"ts":1676924995605315921,"type":"gauge","name":"runtime.MemStats.Lookups","measures":{"value":0}}
{"ts":1676924995618213171,"type":"gauge","name":"runtime.MemStats.MCacheSys","measures":{"value":15600}}
{"ts":1676924995634104754,"type":"gauge","name":"runtime.MemStats.MSpanInuse","measures":{"value":865232}}
{"ts":1676924995653137629,"type":"histogram","name":"runtime.MemStats.PauseNs","measures":{"count":4,"max":340083,"mean":219604,"min":19499,"p50":259417,"p75":327614.5,"p95":340083,"p99":340083,"p999":340083,"p9999":340083,"stddev":122089.76711010633,"variance":14905911233}}
{"ts":1676924995660279004,"type":"gauge","name":"runtime.MemStats.PauseTotalNs","measures":{"value":878416}}
{"ts":1676924995679957212,"type":"gauge","name":"runtime.MemStats.Alloc","measures":{"value":46114904}}
{"ts":1676924995700696379,"type":"gauge","name":"runtime.MemStats.HeapAlloc","measures":{"value":46114904}}
{"ts":1676924995724469004,"type":"timer","name":"runtime.ReadMemStats","measures":{"count":9,"m1":0.09731657619348157,"m15":0.008694252179394185,"m5":0.02496533619141051,"max":1093542,"mean":531050.8888888889,"meanrate":0.19999308626122939,"min":191000,"p50":518958,"p75":686958.5,"p95":1093542,"p99":1093542,"p999":1093542,"p9999":1093542,"stddev":263591.4532742097,"variance":69480454239.20988}}
{"ts":1676924995738978296,"type":"gauge","name":"runtime.MemStats.MSpanSys","measures":{"value":881280}}
{"ts":1676924995773046837,"type":"gauge","name":"runtime.MemStats.GCCPUFraction","measures":{"value":0.016562782188453}}
{"ts":1676924995823979962,"type":"gauge","name":"runtime.MemStats.HeapIdle","measures":{"value":16859136}}
{"ts":1676924995831607504,"type":"gauge","name":"runtime.MemStats.HeapObjects","measures":{"value":814617}}
{"ts":1676924995845878004,"type":"gauge","name":"runtime.MemStats.StackSys","measures":{"value":16449536}}
{"ts":1676924995859036254,"type":"gauge","name":"runtime.NumCgoCall","measures":{"value":0}}
{"ts":1676924995875505254,"type":"gauge","name":"runtime.NumGoroutine","measures":{"value":524}}
{"ts":1676924995901620671,"type":"gauge","name":"runtime.NumThread","measures":{"value":14}}
{"ts":1676924995912254629,"type":"gauge","name":"runtime.MemStats.HeapSys","measures":{"value":67436544}}
{"ts":1676924995929869796,"type":"gauge","name":"runtime.MemStats.LastGC","measures":{"value":1676924956843363800}}
{"ts":1676924995946006837,"type":"gauge","name":"runtime.MemStats.StackInuse","measures":{"value":16449536}}
{"ts":1676924995964020004,"type":"gauge","name":"runtime.MemStats.Sys","measures":{"value":95977752}}
{"ts":1676924995977236087,"type":"gauge","name":"runtime.MemStats.BuckHashSys","measures":{"value":1507182}}
{"ts":1676924995992736962,"type":"gauge","name":"runtime.MemStats.HeapReleased","measures":{"value":2621440}}
{"ts":1676924995999546171,"type":"gauge","name":"runtime.MemStats.NextGC","measures":{"value":55414096}}
{"ts":1676924996020791462,"type":"gauge","name":"runtime.MemStats.NumGC","measures":{"value":0}}
{"ts":1676924996043066212,"type":"gauge","name":"runtime.MemStats.EnableGC","measures":{"value":1}}
{"ts":1676924996059688046,"type":"gauge","name":"runtime.MemStats.HeapInuse","measures":{"value":50577408}}
{"ts":1676924996071764671,"type":"gauge","name":"runtime.MemStats.DebugGC","measures":{"value":0}}
{"ts":1676924996081574379,"type":"gauge","name":"runtime.MemStats.Mallocs","measures":{"value":158988}}
{"ts":1676925000558572090,"type":"gauge","name":"runtime.MemStats.MCacheSys","measures":{"value":15600}}
{"ts":1676925000573142798,"type":"gauge","name":"runtime.MemStats.MSpanInuse","measures":{"value":753984}}
{"ts":1676925000587730423,"type":"histogram","name":"runtime.MemStats.PauseNs","measures":{"count":5,"max":2873625,"mean":750408.2,"min":19499,"p50":290209,"p75":1606854,"p95":2873625,"p99":2873625,"p999":2873625,"p9999":2873625,"stddev":1067209.9718129323,"variance":1138937123936.9597}}
{"ts":1676925000597152298,"type":"gauge","name":"runtime.MemStats.PauseTotalNs","measures":{"value":3752041}}
{"ts":1676925000624281965,"type":"gauge","name":"runtime.MemStats.Alloc","measures":{"value":30360000}}
{"ts":1676925000654972131,"type":"gauge","name":"runtime.MemStats.HeapAlloc","measures":{"value":30360000}}
{"ts":1676925000669957298,"type":"gauge","name":"runtime.MemStats.Lookups","measures":{"value":0}}
{"ts":1676925000690718090,"type":"gauge","name":"runtime.MemStats.MSpanSys","measures":{"value":1011840}}
{"ts":1676925000708130340,"type":"gauge","name":"runtime.MemStats.GCCPUFraction","measures":{"value":0.002689819901899767}}
{"ts":1676925000723671340,"type":"timer","name":"runtime.ReadMemStats","measures":{"count":10,"m1":0.10552668945179702,"m15":0.009754115099857238,"m5":0.02785840471498844,"max":1093542,"mean":527916.7,"meanrate":0.19999682429442633,"min":191000,"p50":509333.5,"p75":666562.75,"p95":1093542,"p99":1093542,"p999":1093542,"p9999":1093542,"stddev":250241.517489025,"variance":62620817075.21}}
{"ts":1676925000747801006,"type":"gauge","name":"runtime.MemStats.HeapIdle","measures":{"value":32366592}}
{"ts":1676925000770371923,"type":"gauge","name":"runtime.MemStats.HeapObjects","measures":{"value":605227}}
{"ts":1676925000808846923,"type":"gauge","name":"runtime.NumCgoCall","measures":{"value":0}}
{"ts":1676925000823810048,"type":"gauge","name":"runtime.NumGoroutine","measures":{"value":588}}
{"ts":1676925000841044381,"type":"gauge","name":"runtime.NumThread","measures":{"value":15}}
{"ts":1676925000878705798,"type":"gauge","name":"runtime.MemStats.HeapSys","measures":{"value":74055680}}
{"ts":1676925000899142298,"type":"gauge","name":"runtime.MemStats.LastGC","measures":{"value":1676924998908021800}}
{"ts":1676925000925095506,"type":"gauge","name":"runtime.MemStats.StackSys","measures":{"value":9830400}}
{"ts":1676925000943106715,"type":"gauge","name":"runtime.MemStats.Sys","measures":{"value":96305432}}
{"ts":1676925000952054381,"type":"gauge","name":"runtime.MemStats.BuckHashSys","measures":{"value":1509294}}
{"ts":1676925000964888006,"type":"gauge","name":"runtime.MemStats.HeapReleased","measures":{"value":2621440}}
{"ts":1676925000980707298,"type":"gauge","name":"runtime.MemStats.StackInuse","measures":{"value":9830400}}
{"ts":1676925000986513215,"type":"gauge","name":"runtime.MemStats.NumGC","measures":{"value":1}}
{"ts":1676925001005853881,"type":"gauge","name":"runtime.MemStats.EnableGC","measures":{"value":1}}
{"ts":1676925001024740173,"type":"gauge","name":"runtime.MemStats.HeapInuse","measures":{"value":41689088}}
{"ts":1676925001041630131,"type":"gauge","name":"runtime.MemStats.NextGC","measures":{"value":58098384}}
{"ts":1676925001052760006,"type":"gauge","name":"runtime.MemStats.DebugGC","measures":{"value":0}}
{"ts":1676925001069563632,"type":"gauge","name":"runtime.MemStats.Mallocs","measures":{"value":162758}}
{"ts":1676925001082080007,"type":"gauge","name":"runtime.MemStats.Frees","measures":{"value":372148}}
{"ts":1676925001099072007,"type":"gauge","name":"runtime.MemStats.MCacheInuse","measures":{"value":9600}}
{"ts":1676925001137664882,"type":"gauge","name":"runtime.MemStats.TotalAlloc","measures":{"value":70460392}}
{"ts":1676925005566556925,"type":"gauge","name":"runtime.MemStats.Alloc","measures":{"value":38719480}}
{"ts":1676925005580064884,"type":"gauge","name":"runtime.MemStats.HeapAlloc","measures":{"value":38719480}}
{"ts":1676925005595785884,"type":"gauge","name":"runtime.MemStats.Lookups","measures":{"value":0}}
{"ts":1676925005605925884,"type":"gauge","name":"runtime.MemStats.MCacheSys","measures":{"value":15600}}
{"ts":1676925005629350134,"type":"gauge","name":"runtime.MemStats.MSpanInuse","measures":{"value":832320}}
{"ts":1676925005642344509,"type":"histogram","name":"runtime.MemStats.PauseNs","measures":{"count":5,"max":2873625,"mean":750408.2,"min":19499,"p50":290209,"p75":1606854,"p95":2873625,"p99":2873625,"p999":2873625,"p9999":2873625,"stddev":1067209.9718129323,"variance":1138937123936.9597}}
{"ts":1676925005665288800,"type":"gauge","name":"runtime.MemStats.PauseTotalNs","measures":{"value":3752041}}
{"ts":1676925005679349134,"type":"gauge","name":"runtime.MemStats.MSpanSys","measures":{"value":1011840}}
{"ts":1676925005692202800,"type":"gauge","name":"runtime.MemStats.GCCPUFraction","measures":{"value":0.002689819901899767}}
{"ts":1676925005698039592,"type":"timer","name":"runtime.ReadMemStats","measures":{"count":11,"m1":0.11308035829858432,"m15":0.01080810621864695,"m5":0.030703655021877187,"max":7468709,"mean":1158897.8181818181,"meanrate":0.1999674305192647,"min":191000,"p50":518958,"p75":727750,"p95":7468709,"p99":7468709,"p999":7468709,"p9999":7468709,"stddev":2009552.1218775825,"variance":4038299730542.694}}
{"ts":1676925005713074425,"type":"gauge","name":"runtime.MemStats.HeapIdle","measures":{"value":29016064}}
{"ts":1676925005730182759,"type":"gauge","name":"runtime.MemStats.HeapObjects","measures":{"value":734597}}
{"ts":1676925005738657300,"type":"gauge","name":"runtime.MemStats.HeapSys","measures":{"value":75333632}}
{"ts":1676925005751177134,"type":"gauge","name":"runtime.MemStats.LastGC","measures":{"value":1676924998908021800}}
{"ts":1676925005764894259,"type":"gauge","name":"runtime.MemStats.StackSys","measures":{"value":8552448}}
{"ts":1676925005774453009,"type":"gauge","name":"runtime.NumCgoCall","measures":{"value":0}}
{"ts":1676925005782292050,"type":"gauge","name":"runtime.NumGoroutine","measures":{"value":499}}
{"ts":1676925005793591384,"type":"gauge","name":"runtime.NumThread","measures":{"value":15}}
{"ts":1676925005808724592,"type":"gauge","name":"runtime.MemStats.BuckHashSys","measures":{"value":1509838}}
{"ts":1676925005817978842,"type":"gauge","name":"runtime.MemStats.HeapReleased","measures":{"value":2621440}}
{"ts":1676925005830841384,"type":"gauge","name":"runtime.MemStats.StackInuse","measures":{"value":8552448}}
{"ts":1676925005845022009,"type":"gauge","name":"runtime.MemStats.Sys","measures":{"value":96305432}}
{"ts":1676925005855228675,"type":"gauge","name":"runtime.MemStats.EnableGC","measures":{"value":1}}
{"ts":1676925005865583175,"type":"gauge","name":"runtime.MemStats.HeapInuse","measures":{"value":46317568}}
{"ts":1676925005872532717,"type":"gauge","name":"runtime.MemStats.NextGC","measures":{"value":58098384}}
{"ts":1676925005885625467,"type":"gauge","name":"runtime.MemStats.NumGC","measures":{"value":0}}
{"ts":1676925005899940134,"type":"gauge","name":"runtime.MemStats.DebugGC","measures":{"value":0}}
{"ts":1676925005910747717,"type":"gauge","name":"runtime.MemStats.Mallocs","measures":{"value":135406}}
{"ts":1676925005924516967,"type":"gauge","name":"runtime.MemStats.Frees","measures":{"value":6036}}
{"ts":1676925005945217050,"type":"gauge","name":"runtime.MemStats.MCacheInuse","measures":{"value":9600}}
{"ts":1676925005957685467,"type":"gauge","name":"runtime.MemStats.TotalAlloc","measures":{"value":78819872}}
{"ts":1676925010559067969,"type":"gauge","name":"runtime.MemStats.HeapReleased","measures":{"value":2621440}}
{"ts":1676925010562696428,"type":"gauge","name":"runtime.MemStats.StackInuse","measures":{"value":8683520}}
{"ts":1676925010572192178,"type":"gauge","name":"runtime.MemStats.Sys","measures":{"value":96305432}}
{"ts":1676925010595951761,"type":"gauge","name":"runtime.MemStats.BuckHashSys","measures":{"value":1511814}}
{"ts":1676925010607215344,"type":"gauge","name":"runtime.MemStats.HeapInuse","measures":{"value":50176000}}
{"ts":1676925010614782344,"type":"gauge","name":"runtime.MemStats.NextGC","measures":{"value":58098384}}
{"ts":1676925010634879219,"type":"gauge","name":"runtime.MemStats.NumGC","measures":{"value":0}}
{"ts":1676925010651972178,"type":"gauge","name":"runtime.MemStats.EnableGC","measures":{"value":1}}
{"ts":1676925010668077719,"type":"gauge","name":"runtime.MemStats.Mallocs","measures":{"value":103481}}
{"ts":1676925010700199011,"type":"gauge","name":"runtime.MemStats.DebugGC","measures":{"value":0}}
{"ts":1676925010725737469,"type":"gauge","name":"runtime.MemStats.MCacheInuse","measures":{"value":9600}}
{"ts":1676925010752191469,"type":"gauge","name":"runtime.MemStats.TotalAlloc","measures":{"value":84657144}}
{"ts":1676925010762679011,"type":"gauge","name":"runtime.MemStats.Frees","measures":{"value":6206}}
{"ts":1676925010773230178,"type":"gauge","name":"runtime.MemStats.HeapAlloc","measures":{"value":44556752}}
{"ts":1676925010783580594,"type":"gauge","name":"runtime.MemStats.Lookups","measures":{"value":0}}
{"ts":1676925010800539511,"type":"gauge","name":"runtime.MemStats.MCacheSys","measures":{"value":15600}}
{"ts":1676925010817576386,"type":"gauge","name":"runtime.MemStats.MSpanInuse","measures":{"value":875840}}
{"ts":1676925010826555886,"type":"histogram","name":"runtime.MemStats.PauseNs","measures":{"count":5,"max":2873625,"mean":750408.2,"min":19499,"p50":290209,"p75":1606854,"p95":2873625,"p99":2873625,"p999":2873625,"p9999":2873625,"stddev":1067209.9718129323,"variance":1138937123936.9597}}
{"ts":1676925010844515094,"type":"gauge","name":"runtime.MemStats.PauseTotalNs","measures":{"value":3752041}}
{"ts":1676925010856519678,"type":"gauge","name":"runtime.MemStats.Alloc","measures":{"value":44556752}}
{"ts":1676925010862923261,"type":"gauge","name":"runtime.MemStats.GCCPUFraction","measures":{"value":0.002689819901899767}}
{"ts":1676925010882266345,"type":"timer","name":"runtime.ReadMemStats","measures":{"count":12,"m1":0.12003006913103051,"m15":0.01185625806643708,"m5":0.033501877477679465,"max":7468709,"mean":1133823,"meanrate":0.19999513322176388,"min":191000,"p50":541604,"p75":825437.5,"p95":7468709,"p99":7468709,"p999":7468709,"p9999":7468709,"stddev":1925796.189780433,"variance":3708690964572.8335}}
{"ts":1676925010889509428,"type":"gauge","name":"runtime.MemStats.MSpanSys","measures":{"value":1011840}}
{"ts":1676925010905160261,"type":"gauge","name":"runtime.MemStats.HeapObjects","measures":{"value":831872}}
{"ts":1676925010917799678,"type":"gauge","name":"runtime.MemStats.HeapIdle","measures":{"value":25026560}}
{"ts":1676925010933206511,"type":"gauge","name":"runtime.MemStats.LastGC","measures":{"value":1676924998908021800}}
{"ts":1676925010948598178,"type":"gauge","name":"runtime.MemStats.StackSys","measures":{"value":8683520}}
{"ts":1676925010960488136,"type":"gauge","name":"runtime.NumCgoCall","measures":{"value":0}}
{"ts":1676925010980112845,"type":"gauge","name":"runtime.NumGoroutine","measures":{"value":398}}
{"ts":1676925010990672803,"type":"gauge","name":"runtime.NumThread","measures":{"value":15}}
{"ts":1676925011011587678,"type":"gauge","name":"runtime.MemStats.HeapSys","measures":{"value":75202560}}
{"ts":1676925015559099180,"type":"gauge","name":"runtime.MemStats.DebugGC","measures":{"value":0}}
{"ts":1676925015570192597,"type":"gauge","name":"runtime.MemStats.Mallocs","measures":{"value":307918}}
{"ts":1676925015589563430,"type":"gauge","name":"runtime.MemStats.Frees","measures":{"value":377608}}
{"ts":1676925015598152138,"type":"gauge","name":"runtime.MemStats.MCacheInuse","measures":{"value":9600}}
{"ts":1676925015618902472,"type":"gauge","name":"runtime.MemStats.TotalAlloc","measures":{"value":119398104}}
{"ts":1676925015626027847,"type":"histogram","name":"runtime.MemStats.PauseNs","measures":{"count":6,"max":163069126,"mean":27803527.833333332,"min":19499,"p50":315146,"p75":42922500.25,"p95":163069126,"p99":163069126,"p999":163069126,"p9999":163069126,"stddev":60500458.872203395,"variance":3660305523747174.5}}
{"ts":1676925015652095638,"type":"gauge","name":"runtime.MemStats.PauseTotalNs","measures":{"value":166821167}}
{"ts":1676925015658078097,"type":"gauge","name":"runtime.MemStats.Alloc","measures":{"value":52054528}}
{"ts":1676925015669692263,"type":"gauge","name":"runtime.MemStats.HeapAlloc","measures":{"value":52054528}}
{"ts":1676925015674674805,"type":"gauge","name":"runtime.MemStats.Lookups","measures":{"value":0}}
{"ts":1676925015698471513,"type":"gauge","name":"runtime.MemStats.MCacheSys","measures":{"value":15600}}
{"ts":1676925015701127763,"type":"gauge","name":"runtime.MemStats.MSpanInuse","measures":{"value":985728}}
{"ts":1676925015708523180,"type":"gauge","name":"runtime.MemStats.MSpanSys","measures":{"value":1011840}}
{"ts":1676925015720501555,"type":"gauge","name":"runtime.MemStats.GCCPUFraction","measures":{"value":0.016013102139007696}}
{"ts":1676925015737758555,"type":"timer","name":"runtime.ReadMemStats","measures":{"count":13,"m1":0.12642411176571153,"m15":0.012898602993676503,"m5":0.03625384938440363,"max":7468709,"mean":1074157.1538461538,"meanrate":0.19999535758160888,"min":191000,"p50":518958,"p75":792875,"p95":7468709,"p99":7468709,"p999":7468709,"p9999":7468709,"stddev":1861753.7975221456,"variance":3466127202588.13}}
{"ts":1676925015753942055,"type":"gauge","name":"runtime.MemStats.HeapIdle","measures":{"value":16752640}}
{"ts":1676925015777588514,"type":"gauge","name":"runtime.MemStats.HeapObjects","measures":{"value":762182}}
{"ts":1676925015813889014,"type":"gauge","name":"runtime.NumThread","measures":{"value":15}}
{"ts":1676925015824042680,"type":"gauge","name":"runtime.MemStats.HeapSys","measures":{"value":76349440}}
{"ts":1676925015847261264,"type":"gauge","name":"runtime.MemStats.LastGC","measures":{"value":1676925013630697500}}
{"ts":1676925015863974639,"type":"gauge","name":"runtime.MemStats.StackSys","measures":{"value":7536640}}
{"ts":1676925015891561180,"type":"gauge","name":"runtime.NumCgoCall","measures":{"value":0}}
{"ts":1676925015905555764,"type":"gauge","name":"runtime.NumGoroutine","measures":{"value":660}}
{"ts":1676925015924974430,"type":"gauge","name":"runtime.MemStats.BuckHashSys","measures":{"value":1520334}}
{"ts":1676925015944978805,"type":"gauge","name":"runtime.MemStats.HeapReleased","measures":{"value":2621440}}
{"ts":1676925015961180097,"type":"gauge","name":"runtime.MemStats.StackInuse","measures":{"value":7536640}}
{"ts":1676925015978870180,"type":"gauge","name":"runtime.MemStats.Sys","measures":{"value":96370968}}
{"ts":1676925015993027889,"type":"gauge","name":"runtime.MemStats.EnableGC","measures":{"value":1}}
{"ts":1676925016012818764,"type":"gauge","name":"runtime.MemStats.HeapInuse","measures":{"value":59596800}}
{"ts":1676925016020491097,"type":"gauge","name":"runtime.MemStats.NextGC","measures":{"value":60604496}}
{"ts":1676925016048609764,"type":"gauge","name":"runtime.MemStats.NumGC","measures":{"value":1}}
{"ts":1676925020563677710,"type":"gauge","name":"runtime.MemStats.DebugGC","measures":{"value":0}}
{"ts":1676925020577552460,"type":"gauge","name":"runtime.MemStats.Mallocs","measures":{"value":130935}}
{"ts":1676925020603491168,"type":"gauge","name":"runtime.MemStats.Frees","measures":{"value":230000}}
{"ts":1676925020613395835,"type":"gauge","name":"runtime.MemStats.MCacheInuse","measures":{"value":9600}}
{"ts":1676925020639963002,"type":"gauge","name":"runtime.MemStats.TotalAlloc","measures":{"value":131425336}}
{"ts":1676925020652710085,"type":"gauge","name":"runtime.MemStats.MSpanInuse","measures":{"value":789208}}
{"ts":1676925020665757418,"type":"histogram","name":"runtime.MemStats.PauseNs","measures":{"count":7,"max":163069126,"mean":24326190.42857143,"min":19499,"p50":340083,"p75":3462166,"p95":163069126,"p99":163069126,"p999":163069126,"p9999":163069126,"stddev":56656473.48008675,"variance":3209955987199773}}
{"ts":1676925020701598585,"type":"gauge","name":"runtime.MemStats.PauseTotalNs","measures":{"value":170283333}}
{"ts":1676925020723724627,"type":"gauge","name":"runtime.MemStats.Alloc","measures":{"value":37654464}}
{"ts":1676925020731456543,"type":"gauge","name":"runtime.MemStats.HeapAlloc","measures":{"value":37654464}}
{"ts":1676925020759440085,"type":"gauge","name":"runtime.MemStats.Lookups","measures":{"value":0}}
{"ts":1676925020789261502,"type":"gauge","name":"runtime.MemStats.MCacheSys","measures":{"value":15600}}
{"ts":1676925020804470877,"type":"gauge","name":"runtime.MemStats.MSpanSys","measures":{"value":1011840}}
{"ts":1676925020816466877,"type":"gauge","name":"runtime.MemStats.GCCPUFraction","measures":{"value":0.015477471793910206}}
{"ts":1676925020830289002,"type":"timer","name":"runtime.ReadMemStats","measures":{"count":14,"m1":0.13230691497865155,"m15":0.013935173171587696,"m5":0.03896033519638589,"max":7468709,"mean":1017169.7142857143,"meanrate":0.1999811133636936,"min":191000,"p50":509333.5,"p75":760312.5,"p95":7468709,"p99":7468709,"p999":7468709,"p9999":7468709,"stddev":1805758.8641889761,"variance":3260765075597.061}}
{"ts":1676925020851081543,"type":"gauge","name":"runtime.MemStats.HeapIdle","measures":{"value":31285248}}
{"ts":1676925020873787252,"type":"gauge","name":"runtime.MemStats.HeapObjects","measures":{"value":663117}}
{"ts":1676925020884315543,"type":"gauge","name":"runtime.NumGoroutine","measures":{"value":623}}
{"ts":1676925020910104293,"type":"gauge","name":"runtime.NumThread","measures":{"value":15}}
{"ts":1676925020932668793,"type":"gauge","name":"runtime.MemStats.HeapSys","measures":{"value":77660160}}
{"ts":1676925020951265418,"type":"gauge","name":"runtime.MemStats.LastGC","measures":{"value":1676925017154983700}}
{"ts":1676925020961846918,"type":"gauge","name":"runtime.MemStats.StackSys","measures":{"value":6225920}}
{"ts":1676925020978676668,"type":"gauge","name":"runtime.NumCgoCall","measures":{"value":0}}
{"ts":1676925020995492918,"type":"gauge","name":"runtime.MemStats.BuckHashSys","measures":{"value":1522190}}
{"ts":1676925021013648543,"type":"gauge","name":"runtime.MemStats.HeapReleased","measures":{"value":12115968}}
{"ts":1676925021032560960,"type":"gauge","name":"runtime.MemStats.StackInuse","measures":{"value":6225920}}
{"ts":1676925021047322835,"type":"gauge","name":"runtime.MemStats.Sys","measures":{"value":96370968}}
{"ts":1676925021073665085,"type":"gauge","name":"runtime.MemStats.EnableGC","measures":{"value":1}}
{"ts":1676925021086841127,"type":"gauge","name":"runtime.MemStats.HeapInuse","measures":{"value":46374912}}
{"ts":1676925021109607043,"type":"gauge","name":"runtime.MemStats.NextGC","measures":{"value":59241984}}
{"ts":1676925021123375585,"type":"gauge","name":"runtime.MemStats.NumGC","measures":{"value":1}}
{"ts":1676925025558091629,"type":"gauge","name":"runtime.MemStats.BuckHashSys","measures":{"value":1524478}}
{"ts":1676925025580406504,"type":"gauge","name":"runtime.MemStats.HeapReleased","measures":{"value":12115968}}
{"ts":1676925025587752254,"type":"gauge","name":"runtime.MemStats.StackInuse","measures":{"value":6094848}}
{"ts":1676925025599765212,"type":"gauge","name":"runtime.MemStats.Sys","measures":{"value":96370968}}
{"ts":1676925025609800337,"type":"gauge","name":"runtime.MemStats.EnableGC","measures":{"value":1}}
{"ts":1676925025625628671,"type":"gauge","name":"runtime.MemStats.HeapInuse","measures":{"value":44056576}}
{"ts":1676925025663305921,"type":"gauge","name":"runtime.MemStats.NextGC","measures":{"value":59553968}}
{"ts":1676925025676657046,"type":"gauge","name":"runtime.MemStats.NumGC","measures":{"value":1}}
{"ts":1676925025690456129,"type":"gauge","name":"runtime.MemStats.DebugGC","measures":{"value":0}}
{"ts":1676925025705559546,"type":"gauge","name":"runtime.MemStats.Mallocs","measures":{"value":259090}}
{"ts":1676925025718723504,"type":"gauge","name":"runtime.MemStats.Frees","measures":{"value":303924}}
{"ts":1676925025734691587,"type":"gauge","name":"runtime.MemStats.MCacheInuse","measures":{"value":9600}}
{"ts":1676925025742372921,"type":"gauge","name":"runtime.MemStats.TotalAlloc","measures":{"value":155563152}}
{"ts":1676925025772393504,"type":"gauge","name":"runtime.MemStats.PauseTotalNs","measures":{"value":172723959}}
{"ts":1676925025793227587,"type":"gauge","name":"runtime.MemStats.Alloc","measures":{"value":33562208}}
{"ts":1676925025806535754,"type":"gauge","name":"runtime.MemStats.HeapAlloc","measures":{"value":33562208}}
{"ts":1676925025815497171,"type":"gauge","name":"runtime.MemStats.Lookups","measures":{"value":0}}
{"ts":1676925025831428754,"type":"gauge","name":"runtime.MemStats.MCacheSys","measures":{"value":15600}}
{"ts":1676925025860667879,"type":"gauge","name":"runtime.MemStats.MSpanInuse","measures":{"value":756976}}
{"ts":1676925025874515837,"type":"histogram","name":"runtime.MemStats.PauseNs","measures":{"count":8,"max":163069126,"mean":21590494.875,"min":19499,"p50":1390354.5,"p75":3315030.75,"p95":163069126,"p99":163069126,"p999":163069126,"p9999":163069126,"stddev":53489248.45174603,"variance":2861099699932615}}
{"ts":1676925025891263129,"type":"gauge","name":"runtime.MemStats.MSpanSys","measures":{"value":1028160}}
{"ts":1676925025909393462,"type":"gauge","name":"runtime.MemStats.GCCPUFraction","measures":{"value":0.014369254633238541}}
{"ts":1676925025917502587,"type":"timer","name":"runtime.ReadMemStats","measures":{"count":15,"m1":0.13771935521708045,"m15":0.014966000593159667,"m5":0.04162208673264367,"max":7468709,"mean":970533.4,"meanrate":0.19999726139216703,"min":191000,"p50":499709,"p75":727750,"p95":7468709,"p99":7468709,"p999":7468709,"p9999":7468709,"stddev":1753234.1482432135,"variance":3073829978566.1064}}
{"ts":1676925025940415129,"type":"gauge","name":"runtime.MemStats.HeapIdle","measures":{"value":33734656}}
{"ts":1676925025955748546,"type":"gauge","name":"runtime.MemStats.HeapObjects","measures":{"value":618283}}
{"ts":1676925025969385504,"type":"gauge","name":"runtime.MemStats.HeapSys","measures":{"value":77791232}}
{"ts":1676925025987611421,"type":"gauge","name":"runtime.MemStats.LastGC","measures":{"value":1676925024243358700}}
{"ts":1676925025999107629,"type":"gauge","name":"runtime.MemStats.StackSys","measures":{"value":6094848}}
{"ts":1676925026027162046,"type":"gauge","name":"runtime.NumCgoCall","measures":{"value":0}}
{"ts":1676925026050478921,"type":"gauge","name":"runtime.NumGoroutine","measures":{"value":680}}
{"ts":1676925026059237171,"type":"gauge","name":"runtime.NumThread","measures":{"value":15}}
{"ts":1676925030557333381,"type":"gauge","name":"runtime.MemStats.Alloc","measures":{"value":32088168}}
{"ts":1676925030563746840,"type":"gauge","name":"runtime.MemStats.HeapAlloc","measures":{"value":32088168}}
{"ts":1676925030571101423,"type":"gauge","name":"runtime.MemStats.Lookups","measures":{"value":0}}
{"ts":1676925030578710340,"type":"gauge","name":"runtime.MemStats.MCacheSys","measures":{"value":15600}}
{"ts":1676925030582936340,"type":"gauge","name":"runtime.MemStats.MSpanInuse","measures":{"value":740656}}
{"ts":1676925030586324965,"type":"histogram","name":"runtime.MemStats.PauseNs","measures":{"count":9,"max":163069126,"mean":19843870.444444444,"min":19499,"p50":2440626,"p75":4666520.5,"p95":163069126,"p99":163069126,"p999":163069126,"p9999":163069126,"stddev":50671543.379738726,"variance":2567605308484743.5}}
{"ts":1676925030597026798,"type":"gauge","name":"runtime.MemStats.PauseTotalNs","measures":{"value":178594834}}
{"ts":1676925030614717131,"type":"gauge","name":"runtime.MemStats.MSpanSys","measures":{"value":1028160}}
{"ts":1676925030624376006,"type":"gauge","name":"runtime.MemStats.GCCPUFraction","measures":{"value":0.014001241894374484}}
{"ts":1676925030638180423,"type":"timer","name":"runtime.ReadMemStats","measures":{"count":16,"m1":0.14269904062796196,"m15":0.015991117074135412,"m5":0.04423984338571903,"max":7468709,"mean":917294.3125,"meanrate":0.1999993265797675,"min":118708,"p50":494875,"p75":707354.25,"p95":7468709,"p99":7468709,"p999":7468709,"p9999":7468709,"stddev":1710038.4824538934,"variance":2924231611473.215}}
{"ts":1676925030651615215,"type":"gauge","name":"runtime.MemStats.HeapIdle","measures":{"value":35471360}}
{"ts":1676925030682679881,"type":"gauge","name":"runtime.MemStats.HeapObjects","measures":{"value":601241}}
{"ts":1676925030686980006,"type":"gauge","name":"runtime.MemStats.HeapSys","measures":{"value":77922304}}
{"ts":1676925030692204465,"type":"gauge","name":"runtime.MemStats.LastGC","measures":{"value":1676925029471306200}}
{"ts":1676925030705629298,"type":"gauge","name":"runtime.MemStats.StackSys","measures":{"value":5963776}}
{"ts":1676925030721636798,"type":"gauge","name":"runtime.NumCgoCall","measures":{"value":0}}
{"ts":1676925030732679590,"type":"gauge","name":"runtime.NumGoroutine","measures":{"value":617}}
{"ts":1676925030741418923,"type":"gauge","name":"runtime.NumThread","measures":{"value":15}}
{"ts":1676925030749485631,"type":"gauge","name":"runtime.MemStats.BuckHashSys","measures":{"value":1526734}}
{"ts":1676925030758058756,"type":"gauge","name":"runtime.MemStats.HeapReleased","measures":{"value":12115968}}
{"ts":1676925030772845215,"type":"gauge","name":"runtime.MemStats.StackInuse","measures":{"value":5963776}}
{"ts":1676925030781695048,"type":"gauge","name":"runtime.MemStats.Sys","measures":{"value":96370968}}
{"ts":1676925030787284006,"type":"gauge","name":"runtime.MemStats.EnableGC","measures":{"value":1}}
{"ts":1676925030796456590,"type":"gauge","name":"runtime.MemStats.HeapInuse","measures":{"value":42450944}}
{"ts":1676925030810782965,"type":"gauge","name":"runtime.MemStats.NextGC","measures":{"value":59741312}}
{"ts":1676925030825441006,"type":"gauge","name":"runtime.MemStats.NumGC","measures":{"value":1}}
{"ts":1676925030833193715,"type":"gauge","name":"runtime.MemStats.DebugGC","measures":{"value":0}}
{"ts":1676925030855507006,"type":"gauge","name":"runtime.MemStats.Mallocs","measures":{"value":250279}}
{"ts":1676925030860064756,"type":"gauge","name":"runtime.MemStats.Frees","measures":{"value":267321}}
{"ts":1676925030865737173,"type":"gauge","name":"runtime.MemStats.MCacheInuse","measures":{"value":9600}}
{"ts":1676925030873111090,"type":"gauge","name":"runtime.MemStats.TotalAlloc","measures":{"value":180421136}}
