{"ts":1676924950608793053,"msg":"","group_id":"cypress-provider","run_id":"cfptfefrirfhcrfq9lcg","event":{"message_event":{"message":"registering default http handler at: http://[::]:6060/ (pprof: http://[::]:6060/debug/pprof/)"}}}
{"ts":1676924950614742386,"msg":"","group_id":"cypress-provider","run_id":"cfptfefrirfhcrfq9lcg","event":{"start_event":{"runenv":{"plan":"dht","case":"find-providers","run":"cfptfefrirfhcrfq9lcg","params":{"alpha":"10","auto_refresh":"true","beta":"3","bootstrapper":"true","bs_strategy":"3","bucket_size":"20","client_mode":"false","datastore":"0","expect_dht":"true","group_order":"1","latency":"100","peer_id_seed":"0","random_walk":"false","record_count":"20","record_seed":"0","search_records":"true","timeout_secs":"2000","undialable":"false"},"instances":40,"outputs_path":"/outputs","temp_path":"/temp","network":"16.135.0.0/16","group":"cypress-provider","group_instances":40}}}}
{"ts":1676924950654642219,"msg":"","group_id":"cypress-provider","run_id":"cfptfefrirfhcrfq9lcg","event":{"message_event":{"message":"waiting for network to initialize"}}}
{"ts":1676924951573562178,"msg":"","group_id":"cypress-provider","run_id":"cfptfefrirfhcrfq9lcg","event":{"message_event":{"message":"failed to send batch to InfluxDB; attempt 0; err: Post \"http://testground-influxdb:8086/write?consistency=&db=testground&precision=ns&rp=\": dial tcp 192.18.0.5:8086: connect: connection refused"}}}
{"ts":1676924952115603095,"msg":"","group_id":"cypress-provider","run_id":"cfptfefrirfhcrfq9lcg","event":{"message_event":{"message":"failed to send batch to InfluxDB; attempt 1; err: Post \"http://testground-influxdb:8086/write?consistency=&db=testground&precision=ns&rp=\": dial tcp 192.18.0.5:8086: connect: connection refused"}}}
{"ts":1676924953222327637,"msg":"","group_id":"cypress-provider","run_id":"cfptfefrirfhcrfq9lcg","event":{"message_event":{"message":"failed to send batch to InfluxDB; attempt 2; err: Post \"http://testground-influxdb:8086/write?consistency=&db=testground&precision=ns&rp=\": dial tcp 192.18.0.5:8086: connect: connection refused"}}}
{"ts":1676924954454793346,"msg":"","group_id":"cypress-provider","run_id":"cfptfefrirfhcrfq9lcg","event":{"message_event":{"message":"network initialisation successful"}}}
{"ts":1676924954473736805,"msg":"","group_id":"cypress-provider","run_id":"cfptfefrirfhcrfq9lcg","event":{"message_event":{"message":"network initialization complete"}}}
{"ts":1676924954507065721,"msg":"","group_id":"cypress-provider","run_id":"cfptfefrirfhcrfq9lcg","event":{"message_event":{"message":"claimed sequence numbers; global=14, group(cypress-provider)=14"}}}
{"ts":1676924954520814638,"msg":"","group_id":"cypress-provider","run_id":"cfptfefrirfhcrfq9lcg","event":{"message_event":{"message":"Finding providers"}}}
{"ts":1676924954786823888,"msg":"","group_id":"cypress-provider","run_id":"cfptfefrirfhcrfq9lcg","event":{"message_event":{"message":"network initialisation successful"}}}
{"ts":1676924954845147346,"msg":"","group_id":"cypress-provider","run_id":"cfptfefrirfhcrfq9lcg","event":{"message_event":{"message":"SetupNetwork, network setup completed"}}}
{"ts":1676924955201377513,"msg":"","group_id":"cypress-provider","run_id":"cfptfefrirfhcrfq9lcg","event":{"message_event":{"message":"there are 1 groups map[cypress-provider:0x400191e690]"}}}
{"ts":1676924955214253930,"msg":"","group_id":"cypress-provider","run_id":"cfptfefrirfhcrfq9lcg","event":{"message_event":{"message":"setGroupInfo, sortedGroup:%!(EXTRA []string=[cypress-provider])"}}}
{"ts":1676924955222354055,"msg":"","group_id":"cypress-provider","run_id":"cfptfefrirfhcrfq9lcg","event":{"message_event":{"message":"past group info"}}}
{"ts":1676924955263265638,"msg":"","group_id":"cypress-provider","run_id":"cfptfefrirfhcrfq9lcg","event":{"message_event":{"message":"connmgr parameters: hi=12, lo=6"}}}
{"ts":1676924955297756347,"msg":"","group_id":"cypress-provider","run_id":"cfptfefrirfhcrfq9lcg","event":{"message_event":{"message":"creating DHT"}}}
{"ts":1676924955305750263,"msg":"","group_id":"cypress-provider","run_id":"cfptfefrirfhcrfq9lcg","event":{"message_event":{"message":"creating DHT successful"}}}
{"ts":1676924955320961180,"msg":"","group_id":"cypress-provider","run_id":"cfptfefrirfhcrfq9lcg","event":{"message_event":{"message":"supporting protocol:%!(EXTRA string=/p2p/id/delta/1.0.0)"}}}
{"ts":1676924955326592555,"msg":"","group_id":"cypress-provider","run_id":"cfptfefrirfhcrfq9lcg","event":{"message_event":{"message":"supporting protocol:%!(EXTRA string=/ipfs/id/1.0.0)"}}}
{"ts":1676924955335538930,"msg":"","group_id":"cypress-provider","run_id":"cfptfefrirfhcrfq9lcg","event":{"message_event":{"message":"supporting protocol:%!(EXTRA string=/ipfs/id/push/1.0.0)"}}}
{"ts":1676924955341490930,"msg":"","group_id":"cypress-provider","run_id":"cfptfefrirfhcrfq9lcg","event":{"message_event":{"message":"supporting protocol:%!(EXTRA string=/ipfs/ping/1.0.0)"}}}
{"ts":1676924955353289597,"msg":"","group_id":"cypress-provider","run_id":"cfptfefrirfhcrfq9lcg","event":{"message_event":{"message":"supporting protocol:%!(EXTRA string=/libp2p/circuit/relay/0.1.0)"}}}
{"ts":1676924955359625805,"msg":"","group_id":"cypress-provider","run_id":"cfptfefrirfhcrfq9lcg","event":{"message_event":{"message":"supporting protocol:%!(EXTRA string=/libp2p/circuit/relay/0.2.0/stop)"}}}
{"ts":1676924955367631972,"msg":"","group_id":"cypress-provider","run_id":"cfptfefrirfhcrfq9lcg","event":{"message_event":{"message":"supporting protocol:%!(EXTRA string=/libp2p/autonat/1.0.0)"}}}
{"ts":1676924955370406847,"msg":"","group_id":"cypress-provider","run_id":"cfptfefrirfhcrfq9lcg","event":{"message_event":{"message":"supporting protocol:%!(EXTRA string=/testground/kad/1.0.0)"}}}
{"ts":1676924955489510680,"msg":"","group_id":"cypress-provider","run_id":"cfptfefrirfhcrfq9lcg","event":{"message_event":{"message":"36 is waiting on 0 from state 0"}}}
{"ts":1676924955497846055,"msg":"requested a barrier with target zero; satisfying immediately","group_id":"cypress-provider","run_id":"cfptfefrirfhcrfq9lcg","state":"boostrap-gradual1-0"}
{"ts":1676924955506235013,"msg":"","group_id":"cypress-provider","run_id":"cfptfefrirfhcrfq9lcg","event":{"message_event":{"message":"36 is running"}}}
{"ts":1676924955537035513,"msg":"","group_id":"cypress-provider","run_id":"cfptfefrirfhcrfq9lcg","event":{"message_event":{"message":"Dial to all other peers"}}}
{"ts":1676924955551494680,"msg":"","group_id":"cypress-provider","run_id":"cfptfefrirfhcrfq9lcg","event":{"message_event":{"message":"dialling peer 12D3KooWGFLL95aAHX7AJZzSn9vFY49znDxeaGPU14TKzrHP7ygU (attempt 1)"}}}
{"ts":1676924955616360763,"msg":"","group_id":"cypress-provider","run_id":"cfptfefrirfhcrfq9lcg","event":{"message_event":{"message":"Connect, successfully dialed peer: %!(EXTRA peer.AddrInfo={12D3KooWGFLL95aAHX7AJZzSn9vFY49znDxeaGPU14TKzrHP7ygU: [/ip4/16.135.0.34/tcp/37231]})"}}}
{"ts":1676924955623806430,"msg":"","group_id":"cypress-provider","run_id":"cfptfefrirfhcrfq9lcg","event":{"message_event":{"message":"dialling peer 12D3KooWHHzSeKaY8xuZVzkLbKFfvNgPPeKhFBGrMbNzbm5akpqu (attempt 1)"}}}
{"ts":1676924955673566680,"msg":"","group_id":"cypress-provider","run_id":"cfptfefrirfhcrfq9lcg","event":{"message_event":{"message":"Connect, successfully dialed peer: %!(EXTRA peer.AddrInfo={12D3KooWHHzSeKaY8xuZVzkLbKFfvNgPPeKhFBGrMbNzbm5akpqu: [/ip4/16.135.0.6/tcp/41209]})"}}}
{"ts":1676924955682845680,"msg":"","group_id":"cypress-provider","run_id":"cfptfefrirfhcrfq9lcg","event":{"message_event":{"message":"dialling peer 12D3KooWKRyzVWW6ChFjQjK4miCty85Niy49tpPV95XdKu1BcvMA (attempt 1)"}}}
{"ts":1676924955925841639,"msg":"","group_id":"cypress-provider","run_id":"cfptfefrirfhcrfq9lcg","event":{"message_event":{"message":"Connect, successfully dialed peer: %!(EXTRA peer.AddrInfo={12D3KooWKRyzVWW6ChFjQjK4miCty85Niy49tpPV95XdKu1BcvMA: [/ip4/16.135.0.4/tcp/39161]})"}}}
{"ts":1676924986591557541,"msg":"","group_id":"cypress-provider","run_id":"cfptfefrirfhcrfq9lcg","event":{"message_event":{"message":"bootstrap: everyone table ready"}}}
{"ts":1676924987104611125,"msg":"","group_id":"cypress-provider","run_id":"cfptfefrirfhcrfq9lcg","event":{"message_event":{"message":"36 is done - waiting for 39"}}}
{"ts":1676924987212234708,"msg":"","group_id":"cypress-provider","run_id":"cfptfefrirfhcrfq9lcg","event":{"message_event":{"message":"36 passed the barrier"}}}
{"ts":1676924989231518918,"msg":"","group_id":"cypress-provider","run_id":"cfptfefrirfhcrfq9lcg","event":{"message_event":{"message":"bootstrap: begin trim"}}}
{"ts":1676924989736514918,"msg":"","group_id":"cypress-provider","run_id":"cfptfefrirfhcrfq9lcg","event":{"message_event":{"message":"name: signal bootstrapping0; uint: ns; time: %!d(float64=466458)"}}}
{"ts":1676924989741327084,"msg":"","group_id":"cypress-provider","run_id":"cfptfefrirfhcrfq9lcg","event":{"message_event":{"message":"signal bootstrapping0%!(EXTRA float64=5.287791e+06)"}}}
{"ts":1676924989759274459,"msg":"","group_id":"cypress-provider","run_id":"cfptfefrirfhcrfq9lcg","event":{"message_event":{"message":"name: barrier bootstrapping0; uint: ns; time: %!d(float64=416)"}}}
{"ts":1676924989794370043,"msg":"","group_id":"cypress-provider","run_id":"cfptfefrirfhcrfq9lcg","event":{"message_event":{"message":"barrierbootstrapping0%!(EXTRA float64=3.509925e+07)"}}}
{"ts":1676924989818667751,"msg":"","group_id":"cypress-provider","run_id":"cfptfefrirfhcrfq9lcg","event":{"message_event":{"message":"name: full bootstrapping0; uint: ns; time: %!d(float64=5.9396916e+07)"}}}
{"ts":1676924989825047418,"msg":"","group_id":"cypress-provider","run_id":"cfptfefrirfhcrfq9lcg","event":{"message_event":{"message":"full bootstrapping0%!(EXTRA float64=3.4334068307e+10)"}}}
{"ts":1676924990290247793,"msg":"","group_id":"cypress-provider","run_id":"cfptfefrirfhcrfq9lcg","event":{"message_event":{"message":"bootstrap: finished with 34 connections, 39 in the routing table"}}}
{"ts":1676924990306662501,"msg":"","group_id":"cypress-provider","run_id":"cfptfefrirfhcrfq9lcg","event":{"message_event":{"message":"table health: {\"IdealDepth\":5,\"ActualDepth\":7,\"Bucket\":[{\"Depth\":1,\"MaxKnownContacts\":16,\"ActualKnownContacts\":16,\"ActualUnknownContacts\":0},{\"Depth\":2,\"MaxKnownContacts\":14,\"ActualKnownContacts\":14,\"ActualUnknownContacts\":0},{\"Depth\":3,\"MaxKnownContacts\":4,\"ActualKnownContacts\":4,\"ActualUnknownContacts\":0},{\"Depth\":4,\"MaxKnownContacts\":3,\"ActualKnownContacts\":3,\"ActualUnknownContacts\":0},{\"Depth\":5,\"MaxKnownContacts\":0,\"ActualKnownContacts\":0,\"ActualUnknownContacts\":0},{\"Depth\":5,\"MaxKnownContacts\":1,\"ActualKnownContacts\":1,\"ActualUnknownContacts\":0},{\"Depth\":7,\"MaxKnownContacts\":1,\"ActualKnownContacts\":1,\"ActualUnknownContacts\":0}]}"}}}
{"ts":1676924990318652585,"msg":"","group_id":"cypress-provider","run_id":"cfptfefrirfhcrfq9lcg","event":{"message_event":{"message":"bootstrap: done"}}}
{"ts":1676924990328319085,"msg":"","group_id":"cypress-provider","run_id":"cfptfefrirfhcrfq9lcg","event":{"message_event":{"message":"Bootstrap phase ended"}}}
{"ts":1676924990371865960,"msg":"","group_id":"cypress-provider","run_id":"cfptfefrirfhcrfq9lcg","event":{"message_event":{"message":"SetupNetwork, network setup completed"}}}
{"ts":1676924990379091710,"msg":"","group_id":"cypress-provider","run_id":"cfptfefrirfhcrfq9lcg","event":{"message_event":{"message":"getRecords, record count > 0"}}}
{"ts":1676924990388654668,"msg":"","group_id":"cypress-provider","run_id":"cfptfefrirfhcrfq9lcg","event":{"message_event":{"message":"getRecords, searchRecords: %!(EXTRA []*test.ProviderRecordSubmission=[0x4001048a50])"}}}
{"ts":1676924990398368085,"msg":"","group_id":"cypress-provider","run_id":"cfptfefrirfhcrfq9lcg","event":{"message_event":{"message":"start provide loop"}}}
{"ts":1676925003008164424,"msg":"","group_id":"cypress-provider","run_id":"cfptfefrirfhcrfq9lcg","event":{"message_event":{"message":"Provided CID: QmeSZuScRfVhZy4U2CzqmAd5P8uxzgeW2nfbk2k4UyutkT"}}}
{"ts":1676925006440931592,"msg":"","group_id":"cypress-provider","run_id":"cfptfefrirfhcrfq9lcg","event":{"message_event":{"message":"Provided CID: QmTeC6qvToLwytK5uruQq4npHWezRWnRXjHm6Gn9h2tsFr"}}}
{"ts":1676925007031009343,"msg":"","group_id":"cypress-provider","run_id":"cfptfefrirfhcrfq9lcg","event":{"message_event":{"message":"Provided CID: QmSpZzCdhhyWM7eTNe29nDrPR9xdZR8R4VpGSoTdFq5usz"}}}
{"ts":1676925007148097176,"msg":"","group_id":"cypress-provider","run_id":"cfptfefrirfhcrfq9lcg","event":{"message_event":{"message":"Provided CID: QmQZkMNdV3rH6umvxCwWEdoj4TjWyAxNuLxbXEigd8iKqU"}}}
{"ts":1676925007248165634,"msg":"","group_id":"cypress-provider","run_id":"cfptfefrirfhcrfq9lcg","event":{"message_event":{"message":"Provided CID: QmdKMXX7ZqzwxriTXcLtqQJQXThZrgCaiSUERdDZ9Ne95f"}}}
{"ts":1676925007266210593,"msg":"","group_id":"cypress-provider","run_id":"cfptfefrirfhcrfq9lcg","event":{"message_event":{"message":"Provided CID: QmQNSGk6KsGpAPPAL4PweycsHN5Te4YBvwQY8G9bYWRKpe"}}}
{"ts":1676925007280233343,"msg":"","group_id":"cypress-provider","run_id":"cfptfefrirfhcrfq9lcg","event":{"message_event":{"message":"Provided CID: QmNnfyApQUXaqj2dsRTthNUBBktYf6seo7BJk7W9Ym56ZH"}}}
{"ts":1676925007351226926,"msg":"","group_id":"cypress-provider","run_id":"cfptfefrirfhcrfq9lcg","event":{"message_event":{"message":"Provided CID: QmY1eF8EB1WVFdF6xzh1C1YkadMojpT4FoEZkqzyprqDoV"}}}
{"ts":1676925007478904926,"msg":"","group_id":"cypress-provider","run_id":"cfptfefrirfhcrfq9lcg","event":{"message_event":{"message":"Provided CID: QmQHFH1e6p6NGjLiA3rVJHRYzS7qBhfbKGGajQZ26u1PuE"}}}
{"ts":1676925007544923260,"msg":"","group_id":"cypress-provider","run_id":"cfptfefrirfhcrfq9lcg","event":{"message_event":{"message":"Provided CID: QmQw6U12opixMzbVDc384vgh7sia5gUKajDD24oRLaLEqQ"}}}
{"ts":1676925007573958968,"msg":"","group_id":"cypress-provider","run_id":"cfptfefrirfhcrfq9lcg","event":{"message_event":{"message":"Provided CID: QmSSrDtDK5LvFTnBAgNmjb5tRWcYuExu1qYLrXNv2UdzXE"}}}
{"ts":1676925007642274010,"msg":"","group_id":"cypress-provider","run_id":"cfptfefrirfhcrfq9lcg","event":{"message_event":{"message":"Provided CID: QmNj8PTJnf4fUCBd6EEAXcvMgfVMnt4CXFkPu968Fwg6YT"}}}
{"ts":1676925007663267218,"msg":"","group_id":"cypress-provider","run_id":"cfptfefrirfhcrfq9lcg","event":{"message_event":{"message":"Provided CID: QmXyoMntxMK4Z9uuruxACuyTV7kwdSEyjtxNhWbznehRUr"}}}
{"ts":1676925007701328635,"msg":"","group_id":"cypress-provider","run_id":"cfptfefrirfhcrfq9lcg","event":{"message_event":{"message":"Provided CID: QmYFqavMPJvzLNnh6wYdHLAR7iiix7mPrpbJaXRGMVBxzb"}}}
{"ts":1676925007704677593,"msg":"","group_id":"cypress-provider","run_id":"cfptfefrirfhcrfq9lcg","event":{"message_event":{"message":"Provided CID: Qmbwx2wndEZeCm1257gtYyAeXrGNDStgm7YsufAHbyUkDc"}}}
{"ts":1676925007807243510,"msg":"","group_id":"cypress-provider","run_id":"cfptfefrirfhcrfq9lcg","event":{"message_event":{"message":"Provided CID: QmeT46kQsiffrH7MdGfNpkgaKGfKUnZw6bEw5APTU27WPz"}}}
{"ts":1676925007820236135,"msg":"","group_id":"cypress-provider","run_id":"cfptfefrirfhcrfq9lcg","event":{"message_event":{"message":"Provided CID: QmTzXCJwzJbtQxtpimCKwbyty4yPphQgGZQM2YRN45kMv2"}}}
{"ts":1676925007879874676,"msg":"","group_id":"cypress-provider","run_id":"cfptfefrirfhcrfq9lcg","event":{"message_event":{"message":"Provided CID: QmYigrr9erPWMnVKfw74wV1KvjZ18mtzEzv7iFbWDh5VdP"}}}
{"ts":1676925007941958593,"msg":"","group_id":"cypress-provider","run_id":"cfptfefrirfhcrfq9lcg","event":{"message_event":{"message":"Provided CID: Qmbtbn2iDC1YBbrN2WYgyscVXM5vws3ZoA4gT8YKzKMXgX"}}}
{"ts":1676925008521797510,"msg":"","group_id":"cypress-provider","run_id":"cfptfefrirfhcrfq9lcg","event":{"message_event":{"message":"Provided CID: QmS1rxhfhq3FsUuG2TLNSYW6gxrtR4hmfoiajCdWCo7hq5"}}}
{"ts":1676925008546322427,"msg":"","group_id":"cypress-provider","run_id":"cfptfefrirfhcrfq9lcg","event":{"message_event":{"message":"name: signal provider-records1; uint: ns; time: %!d(float64=4.527e+06)"}}}
{"ts":1676925008560770010,"msg":"","group_id":"cypress-provider","run_id":"cfptfefrirfhcrfq9lcg","event":{"message_event":{"message":"signal provider-records1%!(EXTRA float64=1.8975916e+07)"}}}
{"ts":1676925008584799635,"msg":"","group_id":"cypress-provider","run_id":"cfptfefrirfhcrfq9lcg","event":{"message_event":{"message":"name: barrier provider-records1; uint: ns; time: %!d(float64=333)"}}}
{"ts":1676925010655053428,"msg":"","group_id":"cypress-provider","run_id":"cfptfefrirfhcrfq9lcg","event":{"message_event":{"message":"barrierprovider-records1%!(EXTRA float64=2.070260293e+09)"}}}
{"ts":1676925010698317469,"msg":"","group_id":"cypress-provider","run_id":"cfptfefrirfhcrfq9lcg","event":{"message_event":{"message":"name: full provider-records1; uint: ns; time: %!d(float64=2.113207584e+09)"}}}
{"ts":1676925010724637969,"msg":"","group_id":"cypress-provider","run_id":"cfptfefrirfhcrfq9lcg","event":{"message_event":{"message":"full provider-records1%!(EXTRA float64=2.0326258801e+10)"}}}
{"ts":1676925032923310757,"msg":"","group_id":"cypress-provider","run_id":"cfptfefrirfhcrfq9lcg","event":{"message_event":{"message":"name: signal provider-records2; uint: ns; time: %!d(float64=586125)"}}}
{"ts":1676925032932630757,"msg":"","group_id":"cypress-provider","run_id":"cfptfefrirfhcrfq9lcg","event":{"message_event":{"message":"signal provider-records2%!(EXTRA float64=9.901625e+06)"}}}
{"ts":1676925032959768382,"msg":"","group_id":"cypress-provider","run_id":"cfptfefrirfhcrfq9lcg","event":{"message_event":{"message":"name: barrier provider-records2; uint: ns; time: %!d(float64=1041)"}}}
{"ts":1676925034572234717,"msg":"","group_id":"cypress-provider","run_id":"cfptfefrirfhcrfq9lcg","event":{"message_event":{"message":"barrierprovider-records2%!(EXTRA float64=1.612562251e+09)"}}}
{"ts":1676925034628763675,"msg":"","group_id":"cypress-provider","run_id":"cfptfefrirfhcrfq9lcg","event":{"message_event":{"message":"name: full provider-records2; uint: ns; time: %!d(float64=1.669089042e+09)"}}}
{"ts":1676925034641194967,"msg":"","group_id":"cypress-provider","run_id":"cfptfefrirfhcrfq9lcg","event":{"message_event":{"message":"full provider-records2%!(EXTRA float64=2.2960405302e+10)"}}}
{"ts":1676925035186202883,"msg":"","group_id":"cypress-provider","run_id":"cfptfefrirfhcrfq9lcg","event":{"success_event":{"group":"cypress-provider"}}}
