{"ts":1670544472471058004,"msg":"","group_id":"cypress-provider","run_id":"ce97nq7rirfs9vkpfdp0","event":{"message_event":{"message":"registering default http handler at: http://[::]:6060/ (pprof: http://[::]:6060/debug/pprof/)"}}}
{"ts":1670544472472581920,"msg":"","group_id":"cypress-provider","run_id":"ce97nq7rirfs9vkpfdp0","event":{"start_event":{"runenv":{"plan":"dht","case":"find-providers","run":"ce97nq7rirfs9vkpfdp0","params":{"alpha":"6","auto_refresh":"true","beta":"3","bootstrapper":"true","bs_strategy":"3","bucket_size":"10","client_mode":"false","datastore":"0","expect_dht":"true","group_order":"1","latency":"100","peer_id_seed":"0","random_walk":"false","record_count":"1","record_seed":"0","search_records":"false","timeout_secs":"500","undialable":"false"},"instances":50,"outputs_path":"/outputs","temp_path":"/temp","network":"16.18.0.0/16","group":"cypress-provider","group_instances":50}}}}
{"ts":1670544472517843045,"msg":"","group_id":"cypress-provider","run_id":"ce97nq7rirfs9vkpfdp0","event":{"message_event":{"message":"waiting for network to initialize"}}}
{"ts":1670544475633226047,"msg":"","group_id":"cypress-provider","run_id":"ce97nq7rirfs9vkpfdp0","event":{"message_event":{"message":"network initialisation successful"}}}
{"ts":1670544475804722839,"msg":"","group_id":"cypress-provider","run_id":"ce97nq7rirfs9vkpfdp0","event":{"message_event":{"message":"network initialization complete"}}}
{"ts":1670544475859339589,"msg":"","group_id":"cypress-provider","run_id":"ce97nq7rirfs9vkpfdp0","event":{"message_event":{"message":"claimed sequence numbers; global=14, group(cypress-provider)=12"}}}
{"ts":1670544475891152672,"msg":"","group_id":"cypress-provider","run_id":"ce97nq7rirfs9vkpfdp0","event":{"message_event":{"message":"Finding providers"}}}
{"ts":1670544476400400922,"msg":"","group_id":"cypress-provider","run_id":"ce97nq7rirfs9vkpfdp0","event":{"message_event":{"message":"network initialisation successful"}}}
{"ts":1670544476504508089,"msg":"","group_id":"cypress-provider","run_id":"ce97nq7rirfs9vkpfdp0","event":{"message_event":{"message":"SetupNetwork, network setup completed"}}}
{"ts":1670544476736338464,"msg":"","group_id":"cypress-provider","run_id":"ce97nq7rirfs9vkpfdp0","event":{"message_event":{"message":"there are 1 groups map[cypress-provider:0x4001baa960]"}}}
{"ts":1670544476743349714,"msg":"","group_id":"cypress-provider","run_id":"ce97nq7rirfs9vkpfdp0","event":{"message_event":{"message":"sortedGroup order []"}}}
{"ts":1670544476746766172,"msg":"","group_id":"cypress-provider","run_id":"ce97nq7rirfs9vkpfdp0","event":{"message_event":{"message":"past group info"}}}
{"ts":1670544476752280506,"msg":"","group_id":"cypress-provider","run_id":"ce97nq7rirfs9vkpfdp0","event":{"message_event":{"message":"connmgr parameters: hi=12, lo=6"}}}
{"ts":1670544476781782422,"msg":"","group_id":"cypress-provider","run_id":"ce97nq7rirfs9vkpfdp0","event":{"message_event":{"message":"creating DHT"}}}
{"ts":1670544476784063256,"msg":"","group_id":"cypress-provider","run_id":"ce97nq7rirfs9vkpfdp0","event":{"message_event":{"message":"creating DHT successful"}}}
{"ts":1670544477297147881,"msg":"","group_id":"cypress-provider","run_id":"ce97nq7rirfs9vkpfdp0","event":{"message_event":{"message":"23 is waiting on 0 from state 0"}}}
{"ts":1670544477332028256,"msg":"requested a barrier with target zero; satisfying immediately","group_id":"cypress-provider","run_id":"ce97nq7rirfs9vkpfdp0","state":"boostrap-gradual1-0"}
{"ts":1670544477360690423,"msg":"","group_id":"cypress-provider","run_id":"ce97nq7rirfs9vkpfdp0","event":{"message_event":{"message":"23 is running"}}}
{"ts":1670544477461605923,"msg":"","group_id":"cypress-provider","run_id":"ce97nq7rirfs9vkpfdp0","event":{"message_event":{"message":"Dial to all other peers"}}}
{"ts":1670544477500808881,"msg":"","group_id":"cypress-provider","run_id":"ce97nq7rirfs9vkpfdp0","event":{"message_event":{"message":"dialling peer 12D3KooWCv935r3ropYhUe5yMCp9QiUoc9A6cZpYQ5x84DqEPbwb (attempt 1)"}}}
{"ts":1670544477978339465,"msg":"","group_id":"cypress-provider","run_id":"ce97nq7rirfs9vkpfdp0","event":{"message_event":{"message":"Connect, successfully dialed peer: %!(EXTRA peer.AddrInfo={12D3KooWCv935r3ropYhUe5yMCp9QiUoc9A6cZpYQ5x84DqEPbwb: [/ip4/16.18.0.4/tcp/33425]})"}}}
{"ts":1670544477981613756,"msg":"","group_id":"cypress-provider","run_id":"ce97nq7rirfs9vkpfdp0","event":{"message_event":{"message":"dialling peer 12D3KooWGve8Xnd9qBGe7YSXskiD386LmWuWEhQjVhyLFQBiKou5 (attempt 1)"}}}
{"ts":1670544478054978715,"msg":"","group_id":"cypress-provider","run_id":"ce97nq7rirfs9vkpfdp0","event":{"message_event":{"message":"Connect, successfully dialed peer: %!(EXTRA peer.AddrInfo={12D3KooWGve8Xnd9qBGe7YSXskiD386LmWuWEhQjVhyLFQBiKou5: [/ip4/16.18.0.40/tcp/38649]})"}}}
{"ts":1670544478060513840,"msg":"","group_id":"cypress-provider","run_id":"ce97nq7rirfs9vkpfdp0","event":{"message_event":{"message":"dialling peer 12D3KooWKRyzVWW6ChFjQjK4miCty85Niy49tpPV95XdKu1BcvMA (attempt 1)"}}}
{"ts":1670544478066424673,"msg":"","group_id":"cypress-provider","run_id":"ce97nq7rirfs9vkpfdp0","event":{"message_event":{"message":"Connect, successfully dialed peer: %!(EXTRA peer.AddrInfo={12D3KooWKRyzVWW6ChFjQjK4miCty85Niy49tpPV95XdKu1BcvMA: [/ip4/16.18.0.32/tcp/34541]})"}}}
{"ts":1670544508734721298,"msg":"","group_id":"cypress-provider","run_id":"ce97nq7rirfs9vkpfdp0","event":{"message_event":{"message":"bootstrap: everyone table ready"}}}
{"ts":1670544508983929382,"msg":"","group_id":"cypress-provider","run_id":"ce97nq7rirfs9vkpfdp0","event":{"message_event":{"message":"23 is done - waiting for 49"}}}
{"ts":1670544510624936424,"msg":"","group_id":"cypress-provider","run_id":"ce97nq7rirfs9vkpfdp0","event":{"message_event":{"message":"23 passed the barrier"}}}
{"ts":1670544512655658425,"msg":"","group_id":"cypress-provider","run_id":"ce97nq7rirfs9vkpfdp0","event":{"message_event":{"message":"bootstrap: begin trim"}}}
{"ts":1670544513568065384,"msg":"","group_id":"cypress-provider","run_id":"ce97nq7rirfs9vkpfdp0","event":{"message_event":{"message":"name: signal bootstrapping0; uint: ns; time: %!d(float64=1.9362625e+07)"}}}
{"ts":1670544513604742759,"msg":"","group_id":"cypress-provider","run_id":"ce97nq7rirfs9vkpfdp0","event":{"message_event":{"message":"name: barrier bootstrapping0; uint: ns; time: %!d(float64=84)"}}}
{"ts":1670544513679392676,"msg":"","group_id":"cypress-provider","run_id":"ce97nq7rirfs9vkpfdp0","event":{"message_event":{"message":"name: full bootstrapping0; uint: ns; time: %!d(float64=7.4651334e+07)"}}}
{"ts":1670544514149598926,"msg":"","group_id":"cypress-provider","run_id":"ce97nq7rirfs9vkpfdp0","event":{"message_event":{"message":"bootstrap: finished with 19 connections, 31 in the routing table"}}}
{"ts":1670544514156717801,"msg":"","group_id":"cypress-provider","run_id":"ce97nq7rirfs9vkpfdp0","event":{"message_event":{"message":"table health: {\"IdealDepth\":5,\"ActualDepth\":8,\"Bucket\":[{\"Depth\":1,\"MaxKnownContacts\":27,\"ActualKnownContacts\":10,\"ActualUnknownContacts\":0},{\"Depth\":2,\"MaxKnownContacts\":11,\"ActualKnownContacts\":10,\"ActualUnknownContacts\":0},{\"Depth\":3,\"MaxKnownContacts\":6,\"ActualKnownContacts\":6,\"ActualUnknownContacts\":0},{\"Depth\":4,\"MaxKnownContacts\":2,\"ActualKnownContacts\":2,\"ActualUnknownContacts\":0},{\"Depth\":5,\"MaxKnownContacts\":0,\"ActualKnownContacts\":0,\"ActualUnknownContacts\":0},{\"Depth\":5,\"MaxKnownContacts\":2,\"ActualKnownContacts\":2,\"ActualUnknownContacts\":0},{\"Depth\":6,\"MaxKnownContacts\":0,\"ActualKnownContacts\":0,\"ActualUnknownContacts\":0},{\"Depth\":8,\"MaxKnownContacts\":1,\"ActualKnownContacts\":1,\"ActualUnknownContacts\":0}]}"}}}
{"ts":1670544514170683843,"msg":"","group_id":"cypress-provider","run_id":"ce97nq7rirfs9vkpfdp0","event":{"message_event":{"message":"bootstrap: done"}}}
{"ts":1670544514180913759,"msg":"","group_id":"cypress-provider","run_id":"ce97nq7rirfs9vkpfdp0","event":{"message_event":{"message":"Bootstrap phase ended"}}}
{"ts":1670544514428411093,"msg":"","group_id":"cypress-provider","run_id":"ce97nq7rirfs9vkpfdp0","event":{"message_event":{"message":"SetupNetwork, network setup completed"}}}
{"ts":1670544514439208009,"msg":"","group_id":"cypress-provider","run_id":"ce97nq7rirfs9vkpfdp0","event":{"message_event":{"message":"start provide loop"}}}
{"ts":1670544516227911802,"msg":"","group_id":"cypress-provider","run_id":"ce97nq7rirfs9vkpfdp0","event":{"message_event":{"message":"Provided CID: QmQHFH1e6p6NGjLiA3rVJHRYzS7qBhfbKGGajQZ26u1PuE"}}}
{"ts":1670544516343499302,"msg":"","group_id":"cypress-provider","run_id":"ce97nq7rirfs9vkpfdp0","event":{"message_event":{"message":"name: signal provider-records1; uint: ns; time: %!d(float64=9.6044208e+07)"}}}
{"ts":1670544516348560927,"msg":"","group_id":"cypress-provider","run_id":"ce97nq7rirfs9vkpfdp0","event":{"message_event":{"message":"name: barrier provider-records1; uint: ns; time: %!d(float64=125)"}}}
{"ts":1670544518829747970,"msg":"","group_id":"cypress-provider","run_id":"ce97nq7rirfs9vkpfdp0","event":{"message_event":{"message":"name: full provider-records1; uint: ns; time: %!d(float64=2.481170835e+09)"}}}
{"ts":1670544519627437179,"msg":"","group_id":"cypress-provider","run_id":"ce97nq7rirfs9vkpfdp0","event":{"message_event":{"message":"name: signal provider-records2; uint: ns; time: %!d(float64=1.826667e+06)"}}}
{"ts":1670544519642467804,"msg":"","group_id":"cypress-provider","run_id":"ce97nq7rirfs9vkpfdp0","event":{"message_event":{"message":"name: barrier provider-records2; uint: ns; time: %!d(float64=250)"}}}
{"ts":1670544519817084804,"msg":"","group_id":"cypress-provider","run_id":"ce97nq7rirfs9vkpfdp0","event":{"message_event":{"message":"name: full provider-records2; uint: ns; time: %!d(float64=1.74621417e+08)"}}}
{"ts":1670544519928684179,"msg":"","group_id":"cypress-provider","run_id":"ce97nq7rirfs9vkpfdp0","event":{"success_event":{"group":"cypress-provider"}}}
