{"ts":1674510718695904839,"type":"point","name":"bandwidth-total-in|cypress-provider|29|0","measures":{"value":54109}}
{"ts":1674510718699707298,"type":"point","name":"bandwidth-total-out|cypress-provider|29|0","measures":{"value":44795}}
{"ts":1674510718712852339,"type":"point","name":"bandwidth-rate-in|cypress-provider|29|0","measures":{"value":4.881349535205249}}
{"ts":1674510718714919714,"type":"point","name":"bandwidth-rate-out|cypress-provider|29|0","measures":{"value":6.737042412171906}}
{"ts":1674510738680231293,"type":"point","name":"bandwidth-total-in|cypress-provider|29|1","measures":{"value":61755}}
{"ts":1674510738694043043,"type":"point","name":"bandwidth-total-out|cypress-provider|29|1","measures":{"value":53760}}
{"ts":1674510738741421293,"type":"point","name":"bandwidth-rate-in|cypress-provider|29|1","measures":{"value":1610.1379947946532}}
{"ts":1674510738743975960,"type":"point","name":"bandwidth-rate-out|cypress-provider|29|1","measures":{"value":309.40638059825557}}
{"ts":1674510739298445793,"type":"point","name":"signal bootstrapping0","measures":{"value":118914042}}
{"ts":1674510739324008793,"type":"point","name":"barrierbootstrapping0","measures":{"value":20054333}}
{"ts":1674510739411891335,"type":"point","name":"full bootstrapping0","measures":{"value":39327006601}}
{"ts":1674510756270050885,"type":"point","name":"time-to-provide-13","measures":{"value":14536070216}}
{"ts":1674510758681526011,"type":"point","name":"bandwidth-total-in|cypress-provider|29|2","measures":{"value":206950}}
{"ts":1674510758715756594,"type":"point","name":"bandwidth-total-out|cypress-provider|29|2","measures":{"value":171085}}
{"ts":1674510758744038219,"type":"point","name":"bandwidth-rate-in|cypress-provider|29|2","measures":{"value":2855.9293129698567}}
{"ts":1674510758767882053,"type":"point","name":"bandwidth-rate-out|cypress-provider|29|2","measures":{"value":2215.5161602730104}}
{"ts":1674510762774268054,"type":"point","name":"time-to-provide-11","measures":{"value":21032379302}}
{"ts":1674510762794609346,"type":"point","name":"time-to-provide-16","measures":{"value":20662118343}}
{"ts":1674510763860109180,"type":"point","name":"time-to-provide-14","measures":{"value":22111274802}}
{"ts":1674510766909157375,"type":"point","name":"time-to-provide-10","measures":{"value":25132096594}}
{"ts":1674510774947620879,"type":"point","name":"time-to-provide-6","measures":{"value":33171381099}}
{"ts":1674510774985889129,"type":"point","name":"time-to-provide-5","measures":{"value":33209859223}}
{"ts":1674510775028470129,"type":"point","name":"time-to-provide-4","measures":{"value":33252608390}}
{"ts":1674510775048337838,"type":"point","name":"time-to-provide-1","measures":{"value":33277772432}}
{"ts":1674510778902009881,"type":"point","name":"bandwidth-total-in|cypress-provider|29|3","measures":{"value":239029}}
{"ts":1674510778995238631,"type":"point","name":"bandwidth-total-out|cypress-provider|29|3","measures":{"value":208846}}
{"ts":1674510779077251298,"type":"point","name":"bandwidth-rate-in|cypress-provider|29|3","measures":{"value":896.9301715668478}}
{"ts":1674510779116849048,"type":"point","name":"bandwidth-rate-out|cypress-provider|29|3","measures":{"value":1441.7332761080206}}
{"ts":1674510782600265383,"type":"point","name":"time-to-provide-15","measures":{"value":40612617102}}
{"ts":1674510789083227928,"type":"point","name":"time-to-provide-12","measures":{"value":47300090605}}
{"ts":1674510790128753136,"type":"point","name":"time-to-provide-0","measures":{"value":48358409523}}
{"ts":1674510790864038762,"type":"point","name":"time-to-provide-8","measures":{"value":49087289356}}
{"ts":1674510790972706303,"type":"point","name":"time-to-provide-3","measures":{"value":49201977564}}
{"ts":1674510796427341000,"type":"point","name":"time-to-provide-7","measures":{"value":54681860067}}
{"ts":1674510803271719212,"type":"point","name":"bandwidth-total-in|cypress-provider|29|4","measures":{"value":242507}}
{"ts":1674510803381016962,"type":"point","name":"bandwidth-total-out|cypress-provider|29|4","measures":{"value":215244}}
{"ts":1674510803535951045,"type":"point","name":"bandwidth-rate-in|cypress-provider|29|4","measures":{"value":10.447393327569323}}
{"ts":1674510803677948462,"type":"point","name":"bandwidth-rate-out|cypress-provider|29|4","measures":{"value":1.8439005371640558}}
{"ts":1674510808571210339,"type":"point","name":"time-to-provide-19","measures":{"value":66825927031}}
{"ts":1674510820304748720,"type":"point","name":"bandwidth-total-in|cypress-provider|29|5","measures":{"value":243648}}
{"ts":1674510820326455761,"type":"point","name":"bandwidth-total-out|cypress-provider|29|5","measures":{"value":215858}}
{"ts":1674510820425241012,"type":"point","name":"bandwidth-rate-in|cypress-provider|29|5","measures":{"value":421.064587356506}}
{"ts":1674510820566106553,"type":"point","name":"bandwidth-rate-out|cypress-provider|29|5","measures":{"value":17.34132474918689}}
{"ts":1674510824574250889,"type":"point","name":"time-to-provide-9","measures":{"value":82828241872}}
{"ts":1674510824660050639,"type":"point","name":"time-to-provide-17","measures":{"value":82562448205}}
{"ts":1674510824785800680,"type":"point","name":"time-to-provide-18","measures":{"value":82687907330}}
{"ts":1674510831619165294,"type":"point","name":"time-to-provide-2","measures":{"value":89859279292}}
{"ts":1674510831828544419,"type":"point","name":"signal provider-records1","measures":{"value":149351583}}
{"ts":1674510838705099214,"type":"point","name":"bandwidth-total-in|cypress-provider|29|6","measures":{"value":248416}}
{"ts":1674510838773189881,"type":"point","name":"bandwidth-total-out|cypress-provider|29|6","measures":{"value":219697}}
{"ts":1674510838843870464,"type":"point","name":"bandwidth-rate-in|cypress-provider|29|6","measures":{"value":216.6564516426059}}
{"ts":1674510838854681381,"type":"point","name":"bandwidth-rate-out|cypress-provider|29|6","measures":{"value":671.7906389202128}}
{"ts":1674510844514806300,"type":"point","name":"barrierprovider-records1","measures":{"value":12639157547}}
{"ts":1674510844715571092,"type":"point","name":"full provider-records1","measures":{"value":103013163840}}
{"ts":1674510848473207011,"type":"point","name":"time-to-find-first|cypress-provider|4","measures":{"value":1329242167}}
{"ts":1674510848630560719,"type":"point","name":"time-to-find-first|cypress-provider|6","measures":{"value":1460413417}}
{"ts":1674510849055455969,"type":"point","name":"time-to-find-first|cypress-provider|7","measures":{"value":1864356501}}
{"ts":1674510849893788761,"type":"point","name":"time-to-find-first|cypress-provider|5","measures":{"value":2732778502}}
{"ts":1674510852086062721,"type":"point","name":"time-to-find-first|cypress-provider|8","measures":{"value":3995912252}}
{"ts":1674510853273283221,"type":"point","name":"time-to-find-first|cypress-provider|11","measures":{"value":6052683253}}
{"ts":1674510854202234430,"type":"point","name":"time-to-find-first|cypress-provider|10","measures":{"value":6978635295}}
{"ts":1674510856154358125,"type":"point","name":"time-to-find-first|cypress-provider|2","measures":{"value":8383315628}}
{"ts":1674510856163641458,"type":"point","name":"time-to-find-first|cypress-provider|1","measures":{"value":8392332754}}
{"ts":1674510856184161208,"type":"point","name":"time-to-find-first|cypress-provider|19","measures":{"value":8416086378}}
{"ts":1674510856241837500,"type":"point","name":"time-to-find-first|cypress-provider|15","measures":{"value":8469531337}}
{"ts":1674510856244893958,"type":"point","name":"time-to-find-first|cypress-provider|0","measures":{"value":9142996837}}
{"ts":1674510856994744959,"type":"point","name":"time-to-find-first|cypress-provider|13","measures":{"value":9222325962}}
{"ts":1674510856994913875,"type":"point","name":"time-to-find-first|cypress-provider|18","measures":{"value":9220785296}}
{"ts":1674510856995007084,"type":"point","name":"time-to-find-first|cypress-provider|17","measures":{"value":9220054420}}
{"ts":1674510856995106292,"type":"point","name":"time-to-find-first|cypress-provider|12","measures":{"value":9227260296}}
{"ts":1674510856995143834,"type":"point","name":"time-to-find-first|cypress-provider|14","measures":{"value":8894863379}}
{"ts":1674510856995208625,"type":"point","name":"time-to-find-first|cypress-provider|3","measures":{"value":9740433754}}
{"ts":1674510857231257000,"type":"point","name":"time-to-find-first|cypress-provider|9","measures":{"value":9463261837}}
{"ts":1674510858157656834,"type":"point","name":"time-to-find-first|cypress-provider|16","measures":{"value":10384839130}}
{"ts":1674510858716388959,"type":"point","name":"bandwidth-total-in|cypress-provider|29|7","measures":{"value":253725}}
{"ts":1674510863373561920,"type":"point","name":"bandwidth-total-out|cypress-provider|29|7","measures":{"value":222821}}
{"ts":1674510863447614920,"type":"point","name":"bandwidth-rate-in|cypress-provider|29|7","measures":{"value":696.4482383424549}}
{"ts":1674510863475143670,"type":"point","name":"bandwidth-rate-out|cypress-provider|29|7","measures":{"value":89.42134652841354}}
{"ts":1674510878730323177,"type":"point","name":"bandwidth-total-in|cypress-provider|29|8","measures":{"value":288670}}
{"ts":1674510878974392011,"type":"point","name":"bandwidth-total-out|cypress-provider|29|8","measures":{"value":260613}}
{"ts":1674510879056383761,"type":"point","name":"bandwidth-rate-in|cypress-provider|29|8","measures":{"value":216.45068058242134}}
{"ts":1674510879130806761,"type":"point","name":"bandwidth-rate-out|cypress-provider|29|8","measures":{"value":257.46765238991054}}
{"ts":1674510898895007506,"type":"point","name":"bandwidth-total-in|cypress-provider|29|9","measures":{"value":300540}}
{"ts":1674510899473520381,"type":"point","name":"bandwidth-total-out|cypress-provider|29|9","measures":{"value":273281}}
{"ts":1674510899563469256,"type":"point","name":"bandwidth-rate-in|cypress-provider|29|9","measures":{"value":73.38835473543489}}
{"ts":1674510899572519840,"type":"point","name":"bandwidth-rate-out|cypress-provider|29|9","measures":{"value":3348.8362465093655}}
{"ts":1674510924601271212,"type":"point","name":"bandwidth-total-in|cypress-provider|29|10","measures":{"value":307422}}
{"ts":1674510932517693549,"type":"point","name":"bandwidth-total-out|cypress-provider|29|10","measures":{"value":276671}}
{"ts":1674510932706316841,"type":"point","name":"bandwidth-rate-in|cypress-provider|29|10","measures":{"value":0.25537525059689187}}
{"ts":1674510932883413966,"type":"point","name":"bandwidth-rate-out|cypress-provider|29|10","measures":{"value":47.6696044989679}}
{"ts":1674510945084050055,"type":"point","name":"bandwidth-total-in|cypress-provider|29|11","measures":{"value":309191}}
{"ts":1674510945149004514,"type":"point","name":"bandwidth-total-out|cypress-provider|29|11","measures":{"value":277346}}
{"ts":1674510945158462847,"type":"point","name":"bandwidth-rate-in|cypress-provider|29|11","measures":{"value":50.239089667762165}}
{"ts":1674510945166174305,"type":"point","name":"bandwidth-rate-out|cypress-provider|29|11","measures":{"value":6.957899917690372}}
{"ts":1674510958936592673,"type":"point","name":"bandwidth-total-in|cypress-provider|29|12","measures":{"value":324796}}
{"ts":1674510959587564881,"type":"point","name":"bandwidth-total-out|cypress-provider|29|12","measures":{"value":286563}}
{"ts":1674510959957425673,"type":"point","name":"bandwidth-rate-in|cypress-provider|29|12","measures":{"value":4642.368613704133}}
{"ts":1674510960071976298,"type":"point","name":"bandwidth-rate-out|cypress-provider|29|12","measures":{"value":1213.8686896895942}}
{"ts":1674510976648028125,"type":"point","name":"num-hops|cypress-provider|3","measures":{"value":3}}
{"ts":1674510976691272917,"type":"point","name":"time-to-find-last|done|cypress-provider|3","measures":{"value":9740433754}}
{"ts":1674510976708074417,"type":"point","name":"time-to-find|done|cypress-provider|3","measures":{"value":129452396977}}
{"ts":1674510976755079458,"type":"point","name":"peers-found|done|cypress-provider|3","measures":{"value":1}}
{"ts":1674510976780105750,"type":"point","name":"peers-missing|done|cypress-provider|3","measures":{"value":49}}
{"ts":1674510976797067583,"type":"point","name":"num-hops|cypress-provider|19","measures":{"value":2}}
{"ts":1674510976840790083,"type":"point","name":"time-to-find-last|done|cypress-provider|19","measures":{"value":8416086378}}
{"ts":1674510976852221125,"type":"point","name":"time-to-find|done|cypress-provider|19","measures":{"value":129083239518}}
{"ts":1674510976856907167,"type":"point","name":"peers-found|done|cypress-provider|19","measures":{"value":1}}
{"ts":1674510976873707458,"type":"point","name":"peers-missing|done|cypress-provider|19","measures":{"value":49}}
{"ts":1674510977439170292,"type":"point","name":"num-hops|cypress-provider|2","measures":{"value":4}}
{"ts":1674510977550005959,"type":"point","name":"time-to-find-last|done|cypress-provider|2","measures":{"value":8383315628}}
{"ts":1674510977567732167,"type":"point","name":"time-to-find|done|cypress-provider|2","measures":{"value":129795786935}}
{"ts":1674510977573191375,"type":"point","name":"peers-found|done|cypress-provider|2","measures":{"value":1}}
{"ts":1674510977880083834,"type":"point","name":"peers-missing|done|cypress-provider|2","measures":{"value":49}}
{"ts":1674510978140073667,"type":"point","name":"num-hops|cypress-provider|18","measures":{"value":3}}
{"ts":1674510978175911417,"type":"point","name":"time-to-find-last|done|cypress-provider|18","measures":{"value":9220785296}}
{"ts":1674510978401312626,"type":"point","name":"time-to-find|done|cypress-provider|18","measures":{"value":130626266603}}
{"ts":1674510978454232626,"type":"point","name":"peers-found|done|cypress-provider|18","measures":{"value":1}}
{"ts":1674510978476701751,"type":"point","name":"peers-missing|done|cypress-provider|18","measures":{"value":49}}
{"ts":1674510978706062876,"type":"point","name":"bandwidth-total-in|cypress-provider|29|13","measures":{"value":375390}}
{"ts":1674510978763734709,"type":"point","name":"bandwidth-total-out|cypress-provider|29|13","measures":{"value":316623}}
{"ts":1674510978770002084,"type":"point","name":"bandwidth-rate-in|cypress-provider|29|13","measures":{"value":3292.4489547236226}}
{"ts":1674510978776187834,"type":"point","name":"bandwidth-rate-out|cypress-provider|29|13","measures":{"value":1423.10006362774}}
{"ts":1674510987912654255,"type":"point","name":"num-hops|cypress-provider|1","measures":{"value":3}}
{"ts":1674510988137276881,"type":"point","name":"time-to-find-last|done|cypress-provider|1","measures":{"value":8392332754}}
{"ts":1674510988212514881,"type":"point","name":"time-to-find|done|cypress-provider|1","measures":{"value":140440290358}}
{"ts":1674510988227909256,"type":"point","name":"peers-found|done|cypress-provider|1","measures":{"value":1}}
{"ts":1674510988339984381,"type":"point","name":"peers-missing|done|cypress-provider|1","measures":{"value":49}}
{"ts":1674510988289184172,"type":"point","name":"num-hops|cypress-provider|11","measures":{"value":5}}
{"ts":1674510988362313047,"type":"point","name":"time-to-find-last|done|cypress-provider|11","measures":{"value":7167604920}}
{"ts":1674510988380572422,"type":"point","name":"time-to-find|done|cypress-provider|11","measures":{"value":141182260107}}
{"ts":1674510988389999089,"type":"point","name":"peers-found|done|cypress-provider|11","measures":{"value":41}}
{"ts":1674510988424126006,"type":"point","name":"peers-missing|done|cypress-provider|11","measures":{"value":9}}
{"ts":1674510988288242214,"type":"point","name":"num-hops|cypress-provider|13","measures":{"value":2}}
{"ts":1674510988435068089,"type":"point","name":"time-to-find-last|done|cypress-provider|13","measures":{"value":12107534797}}
{"ts":1674510988442557422,"type":"point","name":"time-to-find|done|cypress-provider|13","measures":{"value":140669239191}}
{"ts":1674510988468720297,"type":"point","name":"peers-found|done|cypress-provider|13","measures":{"value":46}}
{"ts":1674510988473135047,"type":"point","name":"peers-missing|done|cypress-provider|13","measures":{"value":4}}
{"ts":1674510991051537799,"type":"point","name":"num-hops|cypress-provider|0","measures":{"value":3}}
{"ts":1674510991093441965,"type":"point","name":"time-to-find-last|done|cypress-provider|0","measures":{"value":9142996837}}
{"ts":1674510991124095507,"type":"point","name":"time-to-find|done|cypress-provider|0","measures":{"value":144021281651}}
{"ts":1674510991146029965,"type":"point","name":"peers-found|done|cypress-provider|0","measures":{"value":1}}
{"ts":1674510991159185340,"type":"point","name":"num-hops|cypress-provider|8","measures":{"value":3}}
{"ts":1674510991264102840,"type":"point","name":"time-to-find-last|done|cypress-provider|8","measures":{"value":3995912252}}
{"ts":1674510991260015674,"type":"point","name":"peers-missing|done|cypress-provider|0","measures":{"value":49}}
{"ts":1674510991283777757,"type":"point","name":"time-to-find|done|cypress-provider|8","measures":{"value":144114746651}}
{"ts":1674510991290848215,"type":"point","name":"peers-found|done|cypress-provider|8","measures":{"value":1}}
{"ts":1674510991329214382,"type":"point","name":"peers-missing|done|cypress-provider|8","measures":{"value":49}}
{"ts":1674510992644109341,"type":"point","name":"num-hops|cypress-provider|4","measures":{"value":3}}
{"ts":1674510992655987841,"type":"point","name":"time-to-find-last|done|cypress-provider|4","measures":{"value":1329242167}}
{"ts":1674510992646277299,"type":"point","name":"num-hops|cypress-provider|5","measures":{"value":3}}
{"ts":1674510992667563549,"type":"point","name":"time-to-find|done|cypress-provider|4","measures":{"value":145546544901}}
{"ts":1674510992708778008,"type":"point","name":"peers-found|done|cypress-provider|4","measures":{"value":1}}
{"ts":1674510992735796716,"type":"point","name":"peers-missing|done|cypress-provider|4","measures":{"value":49}}
{"ts":1674510992702263674,"type":"point","name":"time-to-find-last|done|cypress-provider|5","measures":{"value":2732778502}}
{"ts":1674510992750703133,"type":"point","name":"time-to-find|done|cypress-provider|5","measures":{"value":145613479068}}
{"ts":1674510992793740549,"type":"point","name":"peers-found|done|cypress-provider|5","measures":{"value":1}}
{"ts":1674510992830700049,"type":"point","name":"peers-missing|done|cypress-provider|5","measures":{"value":49}}
{"ts":1674510995407510426,"type":"point","name":"num-hops|cypress-provider|7","measures":{"value":5}}
{"ts":1674510995646841092,"type":"point","name":"time-to-find-last|done|cypress-provider|7","measures":{"value":1864356501}}
{"ts":1674510995729754217,"type":"point","name":"time-to-find|done|cypress-provider|7","measures":{"value":148560943403}}
{"ts":1674510995868280384,"type":"point","name":"num-hops|cypress-provider|12","measures":{"value":3}}
{"ts":1674510996070125634,"type":"point","name":"time-to-find-last|done|cypress-provider|12","measures":{"value":9227260296}}
{"ts":1674510996164654426,"type":"point","name":"time-to-find|done|cypress-provider|12","measures":{"value":148395890569}}
{"ts":1674510996247982218,"type":"point","name":"peers-found|done|cypress-provider|12","measures":{"value":1}}
{"ts":1674510996299177051,"type":"point","name":"peers-missing|done|cypress-provider|12","measures":{"value":49}}
{"ts":1674510995865667884,"type":"point","name":"peers-found|done|cypress-provider|7","measures":{"value":1}}
{"ts":1674510996330776134,"type":"point","name":"peers-missing|done|cypress-provider|7","measures":{"value":49}}
{"ts":1674510995629267217,"type":"point","name":"num-hops|cypress-provider|9","measures":{"value":4}}
{"ts":1674510996398285759,"type":"point","name":"time-to-find-last|done|cypress-provider|9","measures":{"value":9463261837}}
{"ts":1674510996402750676,"type":"point","name":"time-to-find|done|cypress-provider|9","measures":{"value":148633838694}}
{"ts":1674510996425222593,"type":"point","name":"peers-found|done|cypress-provider|9","measures":{"value":1}}
{"ts":1674510996431793926,"type":"point","name":"peers-missing|done|cypress-provider|9","measures":{"value":49}}
{"ts":1674510995691519884,"type":"point","name":"num-hops|cypress-provider|17","measures":{"value":3}}
{"ts":1674510996544505885,"type":"point","name":"time-to-find-last|done|cypress-provider|17","measures":{"value":9220054420}}
{"ts":1674510996671028051,"type":"point","name":"time-to-find|done|cypress-provider|17","measures":{"value":148895157486}}
{"ts":1674510996737712260,"type":"point","name":"peers-found|done|cypress-provider|17","measures":{"value":1}}
{"ts":1674510996746302385,"type":"point","name":"peers-missing|done|cypress-provider|17","measures":{"value":49}}
{"ts":1674510996708979260,"type":"point","name":"num-hops|cypress-provider|10","measures":{"value":3}}
{"ts":1674510996821985426,"type":"point","name":"time-to-find-last|done|cypress-provider|10","measures":{"value":7621844754}}
{"ts":1674510996847806551,"type":"point","name":"time-to-find|done|cypress-provider|10","measures":{"value":149646510570}}
{"ts":1674510996864277760,"type":"point","name":"peers-found|done|cypress-provider|10","measures":{"value":47}}
{"ts":1674510996911177010,"type":"point","name":"peers-missing|done|cypress-provider|10","measures":{"value":3}}
{"ts":1674510998682296511,"type":"point","name":"bandwidth-total-in|cypress-provider|29|14","measures":{"value":392795}}
{"ts":1674510998925788927,"type":"point","name":"bandwidth-total-out|cypress-provider|29|14","measures":{"value":334107}}
{"ts":1674510999010662927,"type":"point","name":"bandwidth-rate-in|cypress-provider|29|14","measures":{"value":1052.6810604722568}}
{"ts":1674510999026630136,"type":"point","name":"bandwidth-rate-out|cypress-provider|29|14","measures":{"value":251.32659582646087}}
{"ts":1674510999790260761,"type":"point","name":"num-hops|cypress-provider|6","measures":{"value":2}}
{"ts":1674510999809870344,"type":"point","name":"time-to-find-last|done|cypress-provider|6","measures":{"value":1460413417}}
{"ts":1674510999813002011,"type":"point","name":"time-to-find|done|cypress-provider|6","measures":{"value":152665128863}}
{"ts":1674510999818133469,"type":"point","name":"peers-found|done|cypress-provider|6","measures":{"value":1}}
{"ts":1674510999824497219,"type":"point","name":"peers-missing|done|cypress-provider|6","measures":{"value":49}}
{"ts":1674511003925718096,"type":"point","name":"num-hops|cypress-provider|14","measures":{"value":2}}
{"ts":1674511003962016346,"type":"point","name":"time-to-find-last|done|cypress-provider|14","measures":{"value":8894863379}}
{"ts":1674511003968309805,"type":"point","name":"time-to-find|done|cypress-provider|14","measures":{"value":155867111989}}
{"ts":1674511003973575138,"type":"point","name":"peers-found|done|cypress-provider|14","measures":{"value":1}}
{"ts":1674511003977320305,"type":"point","name":"peers-missing|done|cypress-provider|14","measures":{"value":49}}
{"ts":1674511009578077960,"type":"point","name":"num-hops|cypress-provider|16","measures":{"value":5}}
{"ts":1674511009642953668,"type":"point","name":"time-to-find-last|done|cypress-provider|16","measures":{"value":15144201049}}
{"ts":1674511009665656376,"type":"point","name":"time-to-find|done|cypress-provider|16","measures":{"value":161890134617}}
{"ts":1674511009673065001,"type":"point","name":"peers-found|done|cypress-provider|16","measures":{"value":48}}
{"ts":1674511009689875251,"type":"point","name":"peers-missing|done|cypress-provider|16","measures":{"value":2}}
{"ts":1674511015542529296,"type":"point","name":"num-hops|cypress-provider|15","measures":{"value":2}}
{"ts":1674511015609792421,"type":"point","name":"time-to-find-last|done|cypress-provider|15","measures":{"value":8469531337}}
{"ts":1674511015614931088,"type":"point","name":"time-to-find|done|cypress-provider|15","measures":{"value":167839916411}}
{"ts":1674511015633770129,"type":"point","name":"peers-found|done|cypress-provider|15","measures":{"value":1}}
{"ts":1674511015649061838,"type":"point","name":"peers-missing|done|cypress-provider|15","measures":{"value":49}}
{"ts":1674511015848880338,"type":"point","name":"signal provider-records2","measures":{"value":193226416}}
{"ts":1674511018683743756,"type":"point","name":"bandwidth-total-in|cypress-provider|29|15","measures":{"value":398158}}
{"ts":1674511018775002172,"type":"point","name":"bandwidth-total-out|cypress-provider|29|15","measures":{"value":338418}}
{"ts":1674511018810760422,"type":"point","name":"bandwidth-rate-in|cypress-provider|29|15","measures":{"value":146.6175122989468}}
{"ts":1674511018829857964,"type":"point","name":"bandwidth-rate-out|cypress-provider|29|15","measures":{"value":127.49386056872103}}
{"ts":1674511025341676384,"type":"point","name":"barrierprovider-records2","measures":{"value":9419132713}}
{"ts":1674511025431007801,"type":"point","name":"full provider-records2","measures":{"value":178352829332}}
{"ts":1674511038871435959,"type":"point","name":"bandwidth-total-in|cypress-provider|29|16","measures":{"value":398172}}
{"ts":1674511039105760293,"type":"point","name":"bandwidth-total-out|cypress-provider|29|16","measures":{"value":338899}}
{"ts":1674511039107758334,"type":"point","name":"bandwidth-rate-in|cypress-provider|29|16","measures":{"value":0.000003034602766180885}}
{"ts":1674511039112773584,"type":"point","name":"bandwidth-rate-out|cypress-provider|29|16","measures":{"value":0.00009414029481499447}}
{"ts":1674511059126905052,"type":"point","name":"bandwidth-total-in|cypress-provider|29|17","measures":{"value":398172}}
{"ts":1674511059209742594,"type":"point","name":"bandwidth-total-out|cypress-provider|29|17","measures":{"value":338899}}
{"ts":1674511059219183177,"type":"point","name":"bandwidth-rate-in|cypress-provider|29|17","measures":{"value":0}}
{"ts":1674511059222641761,"type":"point","name":"bandwidth-rate-out|cypress-provider|29|17","measures":{"value":0}}
{"ts":1674511078827441089,"type":"point","name":"bandwidth-total-in|cypress-provider|29|18","measures":{"value":398172}}
{"ts":1674511079037904547,"type":"point","name":"bandwidth-total-out|cypress-provider|29|18","measures":{"value":338899}}
{"ts":1674511079057316256,"type":"point","name":"bandwidth-rate-in|cypress-provider|29|18","measures":{"value":0}}
{"ts":1674511079080415922,"type":"point","name":"bandwidth-rate-out|cypress-provider|29|18","measures":{"value":0}}
{"ts":1674511098879503543,"type":"point","name":"bandwidth-total-in|cypress-provider|29|19","measures":{"value":398172}}
{"ts":1674511098966610251,"type":"point","name":"bandwidth-total-out|cypress-provider|29|19","measures":{"value":338899}}
{"ts":1674511098980251876,"type":"point","name":"bandwidth-rate-in|cypress-provider|29|19","measures":{"value":0}}
{"ts":1674511098993358334,"type":"point","name":"bandwidth-rate-out|cypress-provider|29|19","measures":{"value":0}}
{"ts":1674511118994194927,"type":"point","name":"bandwidth-total-in|cypress-provider|29|20","measures":{"value":398172}}
{"ts":1674511119570105011,"type":"point","name":"bandwidth-total-out|cypress-provider|29|20","measures":{"value":338899}}
{"ts":1674511119770055803,"type":"point","name":"bandwidth-rate-in|cypress-provider|29|20","measures":{"value":0}}
{"ts":1674511119850194094,"type":"point","name":"bandwidth-rate-out|cypress-provider|29|20","measures":{"value":0}}
