{"ts":1670283815294581673,"type":"gauge","name":"runtime.MemStats.DebugGC","measures":{"value":0}}
{"ts":1670283815381845173,"type":"gauge","name":"runtime.MemStats.HeapInuse","measures":{"value":28090368}}
{"ts":1670283815611875632,"type":"gauge","name":"runtime.MemStats.NumGC","measures":{"value":3}}
{"ts":1670283815684281590,"type":"gauge","name":"runtime.MemStats.Lookups","measures":{"value":0}}
{"ts":1670283815744699590,"type":"histogram","name":"runtime.MemStats.PauseNs","measures":{"count":3,"max":150302041,"mean":63019611,"min":114375,"p50":38642417,"p75":150302041,"p95":150302041,"p99":150302041,"p999":150302041,"p9999":150302041,"stddev":63690760.42418877,"variance":4056512963411410.5}}
{"ts":1670283815935729549,"type":"gauge","name":"runtime.MemStats.HeapSys","measures":{"value":35127296}}
{"ts":1670283815998100174,"type":"gauge","name":"runtime.MemStats.Mallocs","measures":{"value":884394}}
{"ts":1670283816007889799,"type":"gauge","name":"runtime.MemStats.MCacheSys","measures":{"value":15600}}
{"ts":1670283816121462632,"type":"gauge","name":"runtime.MemStats.MSpanInuse","measures":{"value":509592}}
{"ts":1670283816127162840,"type":"gauge","name":"runtime.MemStats.PauseTotalNs","measures":{"value":189058833}}
{"ts":1670283816132519340,"type":"gauge","name":"runtime.MemStats.Frees","measures":{"value":241171}}
{"ts":1670283816143257049,"type":"gauge","name":"runtime.MemStats.MSpanSys","measures":{"value":522240}}
{"ts":1670283816150154299,"type":"timer","name":"runtime.ReadMemStats","measures":{"count":1,"m1":0,"m15":0,"m5":0,"max":301201958,"mean":301201958,"meanrate":0.18642807780736975,"min":301201958,"p50":301201958,"p75":301201958,"p95":301201958,"p99":301201958,"p999":301201958,"p9999":301201958,"stddev":0,"variance":0}}
{"ts":1670283816203719215,"type":"gauge","name":"runtime.MemStats.HeapIdle","measures":{"value":7036928}}
{"ts":1670283816217562382,"type":"gauge","name":"runtime.MemStats.HeapObjects","measures":{"value":643223}}
{"ts":1670283816250213799,"type":"gauge","name":"runtime.MemStats.Sys","measures":{"value":45643016}}
{"ts":1670283816279357174,"type":"gauge","name":"runtime.NumGoroutine","measures":{"value":22}}
{"ts":1670283816281077757,"type":"gauge","name":"runtime.MemStats.HeapReleased","measures":{"value":2752512}}
{"ts":1670283816285526632,"type":"gauge","name":"runtime.MemStats.MCacheInuse","measures":{"value":6000}}
{"ts":1670283816300029174,"type":"gauge","name":"runtime.MemStats.GCCPUFraction","measures":{"value":0.10868207862716438}}
{"ts":1670283816303003549,"type":"gauge","name":"runtime.MemStats.StackInuse","measures":{"value":2621440}}
{"ts":1670283816305059299,"type":"gauge","name":"runtime.MemStats.StackSys","measures":{"value":2621440}}
{"ts":1670283816308515882,"type":"gauge","name":"runtime.MemStats.HeapAlloc","measures":{"value":26601840}}
{"ts":1670283816309623340,"type":"gauge","name":"runtime.MemStats.LastGC","measures":{"value":1670283813574931500}}
{"ts":1670283816314639840,"type":"gauge","name":"runtime.MemStats.Alloc","measures":{"value":26601840}}
{"ts":1670283816321138007,"type":"gauge","name":"runtime.MemStats.BuckHashSys","measures":{"value":1496620}}
{"ts":1670283816322665757,"type":"gauge","name":"runtime.MemStats.EnableGC","measures":{"value":1}}
{"ts":1670283816327632799,"type":"gauge","name":"runtime.MemStats.NextGC","measures":{"value":39470592}}
{"ts":1670283816341701340,"type":"gauge","name":"runtime.MemStats.TotalAlloc","measures":{"value":33004760}}
{"ts":1670283816345173424,"type":"gauge","name":"runtime.NumCgoCall","measures":{"value":1}}
{"ts":1670283816348493799,"type":"gauge","name":"runtime.NumThread","measures":{"value":10}}
{"ts":1670283820040296009,"type":"gauge","name":"runtime.MemStats.Frees","measures":{"value":3130}}
{"ts":1670283820137645509,"type":"gauge","name":"runtime.MemStats.MSpanSys","measures":{"value":571200}}
{"ts":1670283820354116467,"type":"timer","name":"runtime.ReadMemStats","measures":{"count":2,"m1":0.015991117074135343,"m15":0.0011080303990206543,"m5":0.0033057092356765017,"max":301201958,"mean":190670666.5,"meanrate":0.19749900987969501,"min":80139375,"p50":190670666.5,"p75":301201958,"p95":301201958,"p99":301201958,"p999":301201958,"p9999":301201958,"stddev":110531291.5,"variance":12217166400657972}}
{"ts":1670283820461230717,"type":"gauge","name":"runtime.MemStats.HeapIdle","measures":{"value":2768896}}
{"ts":1670283820467037676,"type":"gauge","name":"runtime.MemStats.HeapObjects","measures":{"value":681538}}
{"ts":1670283820489276842,"type":"gauge","name":"runtime.MemStats.Sys","measures":{"value":59012360}}
{"ts":1670283820501973217,"type":"gauge","name":"runtime.NumGoroutine","measures":{"value":180}}
{"ts":1670283820609833217,"type":"gauge","name":"runtime.MemStats.HeapReleased","measures":{"value":2580480}}
{"ts":1670283820611014217,"type":"gauge","name":"runtime.MemStats.MCacheInuse","measures":{"value":6000}}
{"ts":1670283820713972051,"type":"gauge","name":"runtime.MemStats.GCCPUFraction","measures":{"value":0.10868207862716438}}
{"ts":1670283820715131509,"type":"gauge","name":"runtime.MemStats.StackInuse","measures":{"value":15433728}}
{"ts":1670283820716341967,"type":"gauge","name":"runtime.MemStats.StackSys","measures":{"value":15433728}}
{"ts":1670283820717356551,"type":"gauge","name":"runtime.MemStats.HeapAlloc","measures":{"value":30095048}}
{"ts":1670283820718331884,"type":"gauge","name":"runtime.MemStats.LastGC","measures":{"value":1670283813574931500}}
{"ts":1670283820719236759,"type":"gauge","name":"runtime.MemStats.Alloc","measures":{"value":30095048}}
{"ts":1670283820720185301,"type":"gauge","name":"runtime.MemStats.BuckHashSys","measures":{"value":1497780}}
{"ts":1670283820737966759,"type":"gauge","name":"runtime.MemStats.EnableGC","measures":{"value":1}}
{"ts":1670283820739034592,"type":"gauge","name":"runtime.MemStats.NextGC","measures":{"value":39470592}}
{"ts":1670283820739935592,"type":"gauge","name":"runtime.MemStats.TotalAlloc","measures":{"value":36497968}}
{"ts":1670283820740634551,"type":"gauge","name":"runtime.NumCgoCall","measures":{"value":0}}
{"ts":1670283820741686426,"type":"gauge","name":"runtime.NumThread","measures":{"value":10}}
{"ts":1670283820742417676,"type":"gauge","name":"runtime.MemStats.DebugGC","measures":{"value":0}}
{"ts":1670283820744138009,"type":"gauge","name":"runtime.MemStats.HeapInuse","measures":{"value":32129024}}
{"ts":1670283820745876759,"type":"gauge","name":"runtime.MemStats.NumGC","measures":{"value":0}}
{"ts":1670283820748100134,"type":"gauge","name":"runtime.MemStats.Lookups","measures":{"value":0}}
{"ts":1670283820752414092,"type":"histogram","name":"runtime.MemStats.PauseNs","measures":{"count":3,"max":150302041,"mean":63019611,"min":114375,"p50":38642417,"p75":150302041,"p95":150302041,"p99":150302041,"p999":150302041,"p9999":150302041,"stddev":63690760.42418877,"variance":4056512963411410.5}}
{"ts":1670283820753561759,"type":"gauge","name":"runtime.MemStats.HeapSys","measures":{"value":34897920}}
{"ts":1670283820756960051,"type":"gauge","name":"runtime.MemStats.Mallocs","measures":{"value":41445}}
{"ts":1670283820758500592,"type":"gauge","name":"runtime.MemStats.MCacheSys","measures":{"value":15600}}
{"ts":1670283820759459301,"type":"gauge","name":"runtime.MemStats.MSpanInuse","measures":{"value":561816}}
{"ts":1670283820763106092,"type":"gauge","name":"runtime.MemStats.PauseTotalNs","measures":{"value":189058833}}
{"ts":1670283825165992803,"type":"gauge","name":"runtime.MemStats.DebugGC","measures":{"value":0}}
{"ts":1670283825180278803,"type":"gauge","name":"runtime.MemStats.HeapInuse","measures":{"value":35397632}}
{"ts":1670283825181360428,"type":"gauge","name":"runtime.MemStats.NumGC","measures":{"value":0}}
{"ts":1670283825185240511,"type":"gauge","name":"runtime.MemStats.Lookups","measures":{"value":0}}
{"ts":1670283825189387595,"type":"histogram","name":"runtime.MemStats.PauseNs","measures":{"count":3,"max":150302041,"mean":63019611,"min":114375,"p50":38642417,"p75":150302041,"p95":150302041,"p99":150302041,"p999":150302041,"p9999":150302041,"stddev":63690760.42418877,"variance":4056512963411410.5}}
{"ts":1670283825202139136,"type":"gauge","name":"runtime.MemStats.MSpanInuse","measures":{"value":622744}}
{"ts":1670283825214039761,"type":"gauge","name":"runtime.MemStats.PauseTotalNs","measures":{"value":189058833}}
{"ts":1670283825215537553,"type":"gauge","name":"runtime.MemStats.HeapSys","measures":{"value":38305792}}
{"ts":1670283825217043595,"type":"gauge","name":"runtime.MemStats.Mallocs","measures":{"value":43894}}
{"ts":1670283825217983303,"type":"gauge","name":"runtime.MemStats.MCacheSys","measures":{"value":15600}}
{"ts":1670283825219836845,"type":"gauge","name":"runtime.MemStats.Frees","measures":{"value":2244}}
{"ts":1670283825224457345,"type":"gauge","name":"runtime.MemStats.MSpanSys","measures":{"value":636480}}
{"ts":1670283825251934136,"type":"timer","name":"runtime.ReadMemStats","measures":{"count":3,"m1":0.030703655021877167,"m15":0.002209922141215539,"m5":0.0065567799035988195,"max":301201958,"mean":203443708.33333334,"meanrate":0.1969365759764288,"min":80139375,"p50":228989792,"p75":301201958,"p95":301201958,"p99":301201958,"p999":301201958,"p9999":301201958,"stddev":92038463.67574164,"variance":8471078795790815}}
{"ts":1670283825255321261,"type":"gauge","name":"runtime.NumGoroutine","measures":{"value":306}}
{"ts":1670283825259897678,"type":"gauge","name":"runtime.MemStats.HeapIdle","measures":{"value":2908160}}
{"ts":1670283825271159095,"type":"gauge","name":"runtime.MemStats.HeapObjects","measures":{"value":723188}}
{"ts":1670283825273385886,"type":"gauge","name":"runtime.MemStats.Sys","measures":{"value":75789576}}
{"ts":1670283825282209011,"type":"gauge","name":"runtime.MemStats.StackInuse","measures":{"value":28803072}}
{"ts":1670283825292902511,"type":"gauge","name":"runtime.MemStats.StackSys","measures":{"value":28803072}}
{"ts":1670283825314665470,"type":"gauge","name":"runtime.MemStats.HeapReleased","measures":{"value":2842624}}
{"ts":1670283825365165095,"type":"gauge","name":"runtime.MemStats.MCacheInuse","measures":{"value":6000}}
{"ts":1670283825381511553,"type":"gauge","name":"runtime.MemStats.GCCPUFraction","measures":{"value":0.10868207862716438}}
{"ts":1670283825384158428,"type":"gauge","name":"runtime.MemStats.HeapAlloc","measures":{"value":33320120}}
{"ts":1670283825386856720,"type":"gauge","name":"runtime.MemStats.LastGC","measures":{"value":1670283813574931500}}
{"ts":1670283825391273261,"type":"gauge","name":"runtime.MemStats.NextGC","measures":{"value":39470592}}
{"ts":1670283825393061386,"type":"gauge","name":"runtime.MemStats.TotalAlloc","measures":{"value":39723040}}
{"ts":1670283825395234303,"type":"gauge","name":"runtime.NumCgoCall","measures":{"value":0}}
{"ts":1670283825399065011,"type":"gauge","name":"runtime.NumThread","measures":{"value":11}}
{"ts":1670283825400699886,"type":"gauge","name":"runtime.MemStats.Alloc","measures":{"value":33320120}}
{"ts":1670283825403936386,"type":"gauge","name":"runtime.MemStats.BuckHashSys","measures":{"value":1499148}}
{"ts":1670283825407646553,"type":"gauge","name":"runtime.MemStats.EnableGC","measures":{"value":1}}
{"ts":1670283829918458889,"type":"histogram","name":"runtime.MemStats.PauseNs","measures":{"count":3,"max":150302041,"mean":63019611,"min":114375,"p50":38642417,"p75":150302041,"p95":150302041,"p99":150302041,"p999":150302041,"p9999":150302041,"stddev":63690760.42418877,"variance":4056512963411410.5}}
{"ts":1670283829923359930,"type":"gauge","name":"runtime.MemStats.Lookups","measures":{"value":0}}
{"ts":1670283829924500472,"type":"gauge","name":"runtime.MemStats.Mallocs","measures":{"value":4309}}
{"ts":1670283829925933639,"type":"gauge","name":"runtime.MemStats.MCacheSys","measures":{"value":15600}}
{"ts":1670283829926999972,"type":"gauge","name":"runtime.MemStats.MSpanInuse","measures":{"value":631448}}
{"ts":1670283829928282139,"type":"gauge","name":"runtime.MemStats.PauseTotalNs","measures":{"value":189058833}}
{"ts":1670283829929416764,"type":"gauge","name":"runtime.MemStats.HeapSys","measures":{"value":40599552}}
{"ts":1670283829930177555,"type":"gauge","name":"runtime.MemStats.MSpanSys","measures":{"value":636480}}
{"ts":1670283829931115847,"type":"timer","name":"runtime.ReadMemStats","measures":{"count":4,"m1":0.044239843385719006,"m15":0.003305709235676515,"m5":0.009754115099857198,"max":301201958,"mean":153076010.5,"meanrate":0.19995208389251776,"min":1972917,"p50":154564583.5,"p75":283148916.5,"p95":301201958,"p99":301201958,"p999":301201958,"p9999":301201958,"stddev":118169471.74263337,"variance":13964024051933026}}
{"ts":1670283829934006680,"type":"gauge","name":"runtime.MemStats.Frees","measures":{"value":315}}
{"ts":1670283829935314639,"type":"gauge","name":"runtime.MemStats.HeapObjects","measures":{"value":727182}}
{"ts":1670283829936426389,"type":"gauge","name":"runtime.MemStats.Sys","measures":{"value":82149656}}
{"ts":1670283829937352389,"type":"gauge","name":"runtime.NumGoroutine","measures":{"value":181}}
{"ts":1670283829938867472,"type":"gauge","name":"runtime.MemStats.HeapIdle","measures":{"value":5021696}}
{"ts":1670283829940025514,"type":"gauge","name":"runtime.MemStats.MCacheInuse","measures":{"value":6000}}
{"ts":1670283829942097180,"type":"gauge","name":"runtime.MemStats.GCCPUFraction","measures":{"value":0.10868207862716438}}
{"ts":1670283829943321764,"type":"gauge","name":"runtime.MemStats.StackInuse","measures":{"value":30703616}}
{"ts":1670283829945347139,"type":"gauge","name":"runtime.MemStats.StackSys","measures":{"value":30703616}}
{"ts":1670283829946963180,"type":"gauge","name":"runtime.MemStats.HeapReleased","measures":{"value":4947968}}
{"ts":1670283829948345514,"type":"gauge","name":"runtime.MemStats.LastGC","measures":{"value":1670283813574931500}}
{"ts":1670283829949433222,"type":"gauge","name":"runtime.MemStats.HeapAlloc","measures":{"value":33702800}}
{"ts":1670283829951514264,"type":"gauge","name":"runtime.MemStats.BuckHashSys","measures":{"value":1499596}}
{"ts":1670283829953099514,"type":"gauge","name":"runtime.MemStats.EnableGC","measures":{"value":1}}
{"ts":1670283829954235222,"type":"gauge","name":"runtime.MemStats.NextGC","measures":{"value":39470592}}
{"ts":1670283829955320639,"type":"gauge","name":"runtime.MemStats.TotalAlloc","measures":{"value":40105720}}
{"ts":1670283829956324097,"type":"gauge","name":"runtime.NumCgoCall","measures":{"value":0}}
{"ts":1670283829957301305,"type":"gauge","name":"runtime.NumThread","measures":{"value":11}}
{"ts":1670283829958941930,"type":"gauge","name":"runtime.MemStats.Alloc","measures":{"value":33702800}}
{"ts":1670283829960741639,"type":"gauge","name":"runtime.MemStats.HeapInuse","measures":{"value":35577856}}
{"ts":1670283829961686264,"type":"gauge","name":"runtime.MemStats.NumGC","measures":{"value":0}}
{"ts":1670283829963913514,"type":"gauge","name":"runtime.MemStats.DebugGC","measures":{"value":0}}
{"ts":1670283834837275543,"type":"gauge","name":"runtime.MemStats.HeapIdle","measures":{"value":4923392}}
{"ts":1670283834838488168,"type":"gauge","name":"runtime.MemStats.HeapObjects","measures":{"value":729614}}
{"ts":1670283834839507002,"type":"gauge","name":"runtime.MemStats.Sys","measures":{"value":82149656}}
{"ts":1670283834840407335,"type":"gauge","name":"runtime.NumGoroutine","measures":{"value":181}}
{"ts":1670283834841080668,"type":"gauge","name":"runtime.MemStats.HeapReleased","measures":{"value":4923392}}
{"ts":1670283834841817710,"type":"gauge","name":"runtime.MemStats.MCacheInuse","measures":{"value":6000}}
{"ts":1670283834843037793,"type":"gauge","name":"runtime.MemStats.GCCPUFraction","measures":{"value":0.10868207862716438}}
{"ts":1670283834844180127,"type":"gauge","name":"runtime.MemStats.StackInuse","measures":{"value":30703616}}
{"ts":1670283834845171335,"type":"gauge","name":"runtime.MemStats.StackSys","measures":{"value":30703616}}
{"ts":1670283834846530293,"type":"gauge","name":"runtime.MemStats.HeapAlloc","measures":{"value":33950488}}
{"ts":1670283834847721460,"type":"gauge","name":"runtime.MemStats.LastGC","measures":{"value":1670283813574931500}}
{"ts":1670283834848641710,"type":"gauge","name":"runtime.MemStats.Alloc","measures":{"value":33950488}}
{"ts":1670283834849345418,"type":"gauge","name":"runtime.MemStats.BuckHashSys","measures":{"value":1499596}}
{"ts":1670283834850540668,"type":"gauge","name":"runtime.MemStats.EnableGC","measures":{"value":1}}
{"ts":1670283834852905918,"type":"gauge","name":"runtime.MemStats.NextGC","measures":{"value":39470592}}
{"ts":1670283834853931460,"type":"gauge","name":"runtime.MemStats.TotalAlloc","measures":{"value":40353408}}
{"ts":1670283834854783002,"type":"gauge","name":"runtime.NumCgoCall","measures":{"value":0}}
{"ts":1670283834855779710,"type":"gauge","name":"runtime.NumThread","measures":{"value":11}}
{"ts":1670283834856922293,"type":"gauge","name":"runtime.MemStats.DebugGC","measures":{"value":0}}
{"ts":1670283834858079043,"type":"gauge","name":"runtime.MemStats.HeapInuse","measures":{"value":35676160}}
{"ts":1670283834858929960,"type":"gauge","name":"runtime.MemStats.NumGC","measures":{"value":0}}
{"ts":1670283834860628877,"type":"gauge","name":"runtime.MemStats.Lookups","measures":{"value":0}}
{"ts":1670283834861814835,"type":"histogram","name":"runtime.MemStats.PauseNs","measures":{"count":3,"max":150302041,"mean":63019611,"min":114375,"p50":38642417,"p75":150302041,"p95":150302041,"p99":150302041,"p999":150302041,"p9999":150302041,"stddev":63690760.42418877,"variance":4056512963411410.5}}
{"ts":1670283834863827918,"type":"gauge","name":"runtime.MemStats.HeapSys","measures":{"value":40599552}}
{"ts":1670283834864684002,"type":"gauge","name":"runtime.MemStats.Mallocs","measures":{"value":2667}}
{"ts":1670283834865832668,"type":"gauge","name":"runtime.MemStats.MCacheSys","measures":{"value":15600}}
{"ts":1670283834867116502,"type":"gauge","name":"runtime.MemStats.MSpanInuse","measures":{"value":631448}}
{"ts":1670283834868064918,"type":"gauge","name":"runtime.MemStats.PauseTotalNs","measures":{"value":189058833}}
{"ts":1670283834868975168,"type":"gauge","name":"runtime.MemStats.Frees","measures":{"value":235}}
{"ts":1670283834869971668,"type":"gauge","name":"runtime.MemStats.MSpanSys","measures":{"value":636480}}
{"ts":1670283834882955252,"type":"timer","name":"runtime.ReadMemStats","measures":{"count":5,"m1":0.056693737885242124,"m15":0.004395425503079905,"m5":0.012898602993676452,"max":301201958,"mean":122763841.8,"meanrate":0.19996797604049107,"min":1515167,"p50":80139375,"p75":265095875,"p95":301201958,"p99":301201958,"p999":301201958,"p9999":301201958,"stddev":121846335.71320666,"variance":14846529526735460}}
{"ts":1670283839836741879,"type":"gauge","name":"runtime.MemStats.Lookups","measures":{"value":0}}
{"ts":1670283839838018004,"type":"histogram","name":"runtime.MemStats.PauseNs","measures":{"count":3,"max":150302041,"mean":63019611,"min":114375,"p50":38642417,"p75":150302041,"p95":150302041,"p99":150302041,"p999":150302041,"p9999":150302041,"stddev":63690760.42418877,"variance":4056512963411410.5}}
{"ts":1670283839839178379,"type":"gauge","name":"runtime.MemStats.HeapSys","measures":{"value":40599552}}
{"ts":1670283839839878671,"type":"gauge","name":"runtime.MemStats.Mallocs","measures":{"value":2673}}
{"ts":1670283839840621129,"type":"gauge","name":"runtime.MemStats.MCacheSys","measures":{"value":15600}}
{"ts":1670283839841291379,"type":"gauge","name":"runtime.MemStats.MSpanInuse","measures":{"value":631448}}
{"ts":1670283839842142629,"type":"gauge","name":"runtime.MemStats.PauseTotalNs","measures":{"value":189058833}}
{"ts":1670283839845736421,"type":"gauge","name":"runtime.MemStats.Frees","measures":{"value":233}}
{"ts":1670283839846652754,"type":"gauge","name":"runtime.MemStats.MSpanSys","measures":{"value":636480}}
{"ts":1670283839847519337,"type":"timer","name":"runtime.ReadMemStats","measures":{"count":6,"m1":0.06815187395991122,"m15":0.0054791045767303434,"m5":0.015991117074135346,"max":301201958,"mean":102517048.66666667,"meanrate":0.19997674011209324,"min":1283083,"p50":41056146,"p75":247042833.5,"p95":301201958,"p99":301201958,"p999":301201958,"p9999":301201958,"stddev":120090678.65519865,"variance":14421771099866184}}
{"ts":1670283839848841962,"type":"gauge","name":"runtime.MemStats.HeapIdle","measures":{"value":4718592}}
{"ts":1670283839849342462,"type":"gauge","name":"runtime.MemStats.HeapObjects","measures":{"value":732054}}
{"ts":1670283839850206212,"type":"gauge","name":"runtime.MemStats.Sys","measures":{"value":82149656}}
{"ts":1670283839851817837,"type":"gauge","name":"runtime.NumGoroutine","measures":{"value":181}}
{"ts":1670283839852732671,"type":"gauge","name":"runtime.MemStats.HeapReleased","measures":{"value":4718592}}
{"ts":1670283839853480796,"type":"gauge","name":"runtime.MemStats.MCacheInuse","measures":{"value":6000}}
{"ts":1670283839854507379,"type":"gauge","name":"runtime.MemStats.GCCPUFraction","measures":{"value":0.10868207862716438}}
{"ts":1670283839855323796,"type":"gauge","name":"runtime.MemStats.StackInuse","measures":{"value":30703616}}
{"ts":1670283839859312421,"type":"gauge","name":"runtime.MemStats.StackSys","measures":{"value":30703616}}
{"ts":1670283839860193421,"type":"gauge","name":"runtime.MemStats.HeapAlloc","measures":{"value":34219080}}
{"ts":1670283839860851546,"type":"gauge","name":"runtime.MemStats.LastGC","measures":{"value":1670283813574931500}}
{"ts":1670283839861833587,"type":"gauge","name":"runtime.NumThread","measures":{"value":11}}
{"ts":1670283839862647087,"type":"gauge","name":"runtime.MemStats.Alloc","measures":{"value":34219080}}
{"ts":1670283839863983046,"type":"gauge","name":"runtime.MemStats.BuckHashSys","measures":{"value":1499596}}
{"ts":1670283839864869879,"type":"gauge","name":"runtime.MemStats.EnableGC","measures":{"value":1}}
{"ts":1670283839865862337,"type":"gauge","name":"runtime.MemStats.NextGC","measures":{"value":39470592}}
{"ts":1670283839866611962,"type":"gauge","name":"runtime.MemStats.TotalAlloc","measures":{"value":40622000}}
{"ts":1670283839867412879,"type":"gauge","name":"runtime.NumCgoCall","measures":{"value":0}}
{"ts":1670283839868117462,"type":"gauge","name":"runtime.MemStats.DebugGC","measures":{"value":0}}
{"ts":1670283839868882379,"type":"gauge","name":"runtime.MemStats.HeapInuse","measures":{"value":35880960}}
{"ts":1670283839869794546,"type":"gauge","name":"runtime.MemStats.NumGC","measures":{"value":0}}
{"ts":1670283844836200715,"type":"gauge","name":"runtime.MemStats.StackInuse","measures":{"value":30703616}}
{"ts":1670283844837163923,"type":"gauge","name":"runtime.MemStats.StackSys","measures":{"value":30703616}}
{"ts":1670283844837994381,"type":"gauge","name":"runtime.MemStats.HeapReleased","measures":{"value":4489216}}
{"ts":1670283844838633548,"type":"gauge","name":"runtime.MemStats.MCacheInuse","measures":{"value":6000}}
{"ts":1670283844839228673,"type":"gauge","name":"runtime.MemStats.GCCPUFraction","measures":{"value":0.10868207862716438}}
{"ts":1670283844840034048,"type":"gauge","name":"runtime.MemStats.HeapAlloc","measures":{"value":34489744}}
{"ts":1670283844840529965,"type":"gauge","name":"runtime.MemStats.LastGC","measures":{"value":1670283813574931500}}
{"ts":1670283844840970798,"type":"gauge","name":"runtime.MemStats.NextGC","measures":{"value":39470592}}
{"ts":1670283844841736506,"type":"gauge","name":"runtime.MemStats.TotalAlloc","measures":{"value":40892664}}
{"ts":1670283844842503215,"type":"gauge","name":"runtime.NumCgoCall","measures":{"value":0}}
{"ts":1670283844843474256,"type":"gauge","name":"runtime.NumThread","measures":{"value":11}}
{"ts":1670283844844233048,"type":"gauge","name":"runtime.MemStats.Alloc","measures":{"value":34489744}}
{"ts":1670283844844829381,"type":"gauge","name":"runtime.MemStats.BuckHashSys","measures":{"value":1500044}}
{"ts":1670283844845640381,"type":"gauge","name":"runtime.MemStats.EnableGC","measures":{"value":1}}
{"ts":1670283844846331423,"type":"gauge","name":"runtime.MemStats.DebugGC","measures":{"value":0}}
{"ts":1670283844846990006,"type":"gauge","name":"runtime.MemStats.HeapInuse","measures":{"value":36110336}}
{"ts":1670283844850816423,"type":"gauge","name":"runtime.MemStats.NumGC","measures":{"value":0}}
{"ts":1670283844851794506,"type":"gauge","name":"runtime.MemStats.Lookups","measures":{"value":0}}
{"ts":1670283844852623381,"type":"histogram","name":"runtime.MemStats.PauseNs","measures":{"count":3,"max":150302041,"mean":63019611,"min":114375,"p50":38642417,"p75":150302041,"p95":150302041,"p99":150302041,"p999":150302041,"p9999":150302041,"stddev":63690760.42418877,"variance":4056512963411410.5}}
{"ts":1670283844854492715,"type":"gauge","name":"runtime.MemStats.MSpanInuse","measures":{"value":631448}}
{"ts":1670283844855218506,"type":"gauge","name":"runtime.MemStats.PauseTotalNs","measures":{"value":189058833}}
{"ts":1670283844855700215,"type":"gauge","name":"runtime.MemStats.HeapSys","measures":{"value":40599552}}
{"ts":1670283844856709006,"type":"gauge","name":"runtime.MemStats.Mallocs","measures":{"value":2683}}
{"ts":1670283844857647465,"type":"gauge","name":"runtime.MemStats.MCacheSys","measures":{"value":15600}}
{"ts":1670283844858552756,"type":"gauge","name":"runtime.MemStats.Frees","measures":{"value":233}}
{"ts":1670283844859510756,"type":"gauge","name":"runtime.MemStats.MSpanSys","measures":{"value":636480}}
{"ts":1670283844860547256,"type":"timer","name":"runtime.ReadMemStats","measures":{"count":7,"m1":0.07869386805747328,"m15":0.0065567799035988455,"m5":0.019032516392808084,"max":301201958,"mean":87897404.85714285,"meanrate":0.1999835976824333,"min":179542,"p50":1972917,"p75":228989792,"p95":301201958,"p99":301201958,"p999":301201958,"p9999":301201958,"stddev":116807200.10471818,"variance":13643921996303674}}
{"ts":1670283844864521048,"type":"gauge","name":"runtime.NumGoroutine","measures":{"value":181}}
{"ts":1670283844865321423,"type":"gauge","name":"runtime.MemStats.HeapIdle","measures":{"value":4489216}}
{"ts":1670283844866293256,"type":"gauge","name":"runtime.MemStats.HeapObjects","measures":{"value":734504}}
{"ts":1670283844867944715,"type":"gauge","name":"runtime.MemStats.Sys","measures":{"value":82149656}}
{"ts":1670283849837648550,"type":"gauge","name":"runtime.MemStats.Lookups","measures":{"value":0}}
{"ts":1670283849841052175,"type":"histogram","name":"runtime.MemStats.PauseNs","measures":{"count":3,"max":150302041,"mean":63019611,"min":114375,"p50":38642417,"p75":150302041,"p95":150302041,"p99":150302041,"p999":150302041,"p9999":150302041,"stddev":63690760.42418877,"variance":4056512963411410.5}}
{"ts":1670283849843628092,"type":"gauge","name":"runtime.MemStats.HeapSys","measures":{"value":41811968}}
{"ts":1670283849858062842,"type":"gauge","name":"runtime.MemStats.Mallocs","measures":{"value":9308}}
{"ts":1670283849859211675,"type":"gauge","name":"runtime.MemStats.MCacheSys","measures":{"value":15600}}
{"ts":1670283849864051634,"type":"gauge","name":"runtime.MemStats.MSpanInuse","measures":{"value":666264}}
{"ts":1670283849869117092,"type":"gauge","name":"runtime.MemStats.PauseTotalNs","measures":{"value":189058833}}
{"ts":1670283849871182384,"type":"gauge","name":"runtime.MemStats.Frees","measures":{"value":565}}
{"ts":1670283849873046842,"type":"gauge","name":"runtime.MemStats.MSpanSys","measures":{"value":669120}}
{"ts":1670283849874794342,"type":"timer","name":"runtime.ReadMemStats","measures":{"count":8,"m1":0.08839297084599056,"m15":0.007628484745355124,"m5":0.02202364580239524,"max":301201958,"mean":77156067.75,"meanrate":0.19997811105589158,"min":179542,"p50":1969812.5,"p75":191777187.75,"p95":301201958,"p99":301201958,"p999":301201958,"p9999":301201958,"stddev":112898476.54734188,"variance":12746066006710704}}
{"ts":1670283849878656634,"type":"gauge","name":"runtime.MemStats.HeapIdle","measures":{"value":4620288}}
{"ts":1670283849886759800,"type":"gauge","name":"runtime.MemStats.HeapObjects","measures":{"value":743247}}
{"ts":1670283849890356800,"type":"gauge","name":"runtime.MemStats.Sys","measures":{"value":86343960}}
{"ts":1670283849894105092,"type":"gauge","name":"runtime.NumGoroutine","measures":{"value":207}}
{"ts":1670283849895999009,"type":"gauge","name":"runtime.MemStats.HeapReleased","measures":{"value":4587520}}
{"ts":1670283849899973300,"type":"gauge","name":"runtime.MemStats.MCacheInuse","measures":{"value":6000}}
{"ts":1670283849903653717,"type":"gauge","name":"runtime.MemStats.GCCPUFraction","measures":{"value":0.10868207862716438}}
{"ts":1670283849905239425,"type":"gauge","name":"runtime.MemStats.StackInuse","measures":{"value":33685504}}
{"ts":1670283849908720759,"type":"gauge","name":"runtime.MemStats.StackSys","measures":{"value":33685504}}
{"ts":1670283849914597467,"type":"gauge","name":"runtime.MemStats.HeapAlloc","measures":{"value":35273600}}
{"ts":1670283849919986634,"type":"gauge","name":"runtime.MemStats.LastGC","measures":{"value":1670283813574931500}}
{"ts":1670283849921985425,"type":"gauge","name":"runtime.MemStats.Alloc","measures":{"value":35273600}}
{"ts":1670283849922875467,"type":"gauge","name":"runtime.MemStats.BuckHashSys","measures":{"value":1500540}}
{"ts":1670283849924023967,"type":"gauge","name":"runtime.MemStats.EnableGC","measures":{"value":1}}
{"ts":1670283849926053175,"type":"gauge","name":"runtime.MemStats.NextGC","measures":{"value":39470592}}
{"ts":1670283849932466967,"type":"gauge","name":"runtime.MemStats.TotalAlloc","measures":{"value":41676520}}
{"ts":1670283849935740050,"type":"gauge","name":"runtime.NumCgoCall","measures":{"value":0}}
{"ts":1670283849937541300,"type":"gauge","name":"runtime.NumThread","measures":{"value":11}}
{"ts":1670283849939831634,"type":"gauge","name":"runtime.MemStats.DebugGC","measures":{"value":0}}
{"ts":1670283849943568384,"type":"gauge","name":"runtime.MemStats.HeapInuse","measures":{"value":37191680}}
{"ts":1670283849947103800,"type":"gauge","name":"runtime.MemStats.NumGC","measures":{"value":0}}
{"ts":1670283854837611386,"type":"gauge","name":"runtime.MemStats.DebugGC","measures":{"value":0}}
{"ts":1670283854839018344,"type":"gauge","name":"runtime.MemStats.HeapInuse","measures":{"value":37314560}}
{"ts":1670283854840682303,"type":"gauge","name":"runtime.MemStats.NumGC","measures":{"value":0}}
{"ts":1670283854841582303,"type":"gauge","name":"runtime.MemStats.Lookups","measures":{"value":0}}
{"ts":1670283854842736344,"type":"histogram","name":"runtime.MemStats.PauseNs","measures":{"count":3,"max":150302041,"mean":63019611,"min":114375,"p50":38642417,"p75":150302041,"p95":150302041,"p99":150302041,"p999":150302041,"p9999":150302041,"stddev":63690760.42418877,"variance":4056512963411410.5}}
{"ts":1670283854846732844,"type":"gauge","name":"runtime.MemStats.MSpanInuse","measures":{"value":666264}}
{"ts":1670283854847748969,"type":"gauge","name":"runtime.MemStats.PauseTotalNs","measures":{"value":189058833}}
{"ts":1670283854848762678,"type":"gauge","name":"runtime.MemStats.HeapSys","measures":{"value":41811968}}
{"ts":1670283854849584303,"type":"gauge","name":"runtime.MemStats.Mallocs","measures":{"value":3140}}
{"ts":1670283854850260428,"type":"gauge","name":"runtime.MemStats.MCacheSys","measures":{"value":15600}}
{"ts":1670283854851029136,"type":"gauge","name":"runtime.MemStats.Frees","measures":{"value":241}}
{"ts":1670283854852296719,"type":"gauge","name":"runtime.MemStats.MSpanSys","measures":{"value":669120}}
{"ts":1670283854853523844,"type":"timer","name":"runtime.ReadMemStats","measures":{"count":9,"m1":0.09731657619348157,"m15":0.008694252179394185,"m5":0.02496533619141051,"max":301201958,"mean":68678273.1111111,"meanrate":0.19998082970878756,"min":179542,"p50":1966708,"p75":154564583.5,"p95":301201958,"p99":301201958,"p999":301201958,"p9999":301201958,"stddev":109109213.47861922,"variance":11904820465922900}}
{"ts":1670283854854984928,"type":"gauge","name":"runtime.NumGoroutine","measures":{"value":206}}
{"ts":1670283854855877928,"type":"gauge","name":"runtime.MemStats.HeapIdle","measures":{"value":4497408}}
{"ts":1670283854856975553,"type":"gauge","name":"runtime.MemStats.HeapObjects","measures":{"value":746146}}
{"ts":1670283854861046136,"type":"gauge","name":"runtime.MemStats.Sys","measures":{"value":86343960}}
{"ts":1670283854862224386,"type":"gauge","name":"runtime.MemStats.StackInuse","measures":{"value":33685504}}
{"ts":1670283854863684553,"type":"gauge","name":"runtime.MemStats.StackSys","measures":{"value":33685504}}
{"ts":1670283854865489261,"type":"gauge","name":"runtime.MemStats.HeapReleased","measures":{"value":4472832}}
{"ts":1670283854866696344,"type":"gauge","name":"runtime.MemStats.MCacheInuse","measures":{"value":6000}}
{"ts":1670283854867697511,"type":"gauge","name":"runtime.MemStats.GCCPUFraction","measures":{"value":0.10868207862716438}}
{"ts":1670283854869235469,"type":"gauge","name":"runtime.MemStats.HeapAlloc","measures":{"value":35575624}}
{"ts":1670283854874711636,"type":"gauge","name":"runtime.MemStats.LastGC","measures":{"value":1670283813574931500}}
{"ts":1670283854882345136,"type":"gauge","name":"runtime.MemStats.NextGC","measures":{"value":39470592}}
{"ts":1670283854883662261,"type":"gauge","name":"runtime.MemStats.TotalAlloc","measures":{"value":41978544}}
{"ts":1670283854885941469,"type":"gauge","name":"runtime.NumCgoCall","measures":{"value":0}}
{"ts":1670283854890337011,"type":"gauge","name":"runtime.NumThread","measures":{"value":11}}
{"ts":1670283854892750428,"type":"gauge","name":"runtime.MemStats.Alloc","measures":{"value":35575624}}
{"ts":1670283854896842094,"type":"gauge","name":"runtime.MemStats.BuckHashSys","measures":{"value":1500772}}
{"ts":1670283854899969094,"type":"gauge","name":"runtime.MemStats.EnableGC","measures":{"value":1}}
{"ts":1670283859836747097,"type":"gauge","name":"runtime.MemStats.MSpanSys","measures":{"value":750720}}
{"ts":1670283859843121513,"type":"timer","name":"runtime.ReadMemStats","measures":{"count":10,"m1":0.10552668945179702,"m15":0.009754115099857238,"m5":0.02785840471498844,"max":301201958,"mean":61831491.6,"meanrate":0.19998801129468835,"min":179542,"p50":1740937.5,"p75":117351979.25,"p95":301201958,"p99":301201958,"p999":301201958,"p9999":301201958,"stddev":105528404.57847662,"variance":11136244172878646}}
{"ts":1670283859850042805,"type":"gauge","name":"runtime.MemStats.Frees","measures":{"value":248971}}
{"ts":1670283859869625430,"type":"gauge","name":"runtime.MemStats.HeapObjects","measures":{"value":534650}}
{"ts":1670283859876173264,"type":"gauge","name":"runtime.MemStats.Sys","measures":{"value":99254552}}
{"ts":1670283859883826097,"type":"gauge","name":"runtime.NumGoroutine","measures":{"value":355}}
{"ts":1670283859898421514,"type":"gauge","name":"runtime.MemStats.HeapIdle","measures":{"value":25280512}}
{"ts":1670283859960198430,"type":"gauge","name":"runtime.MemStats.MCacheInuse","measures":{"value":6000}}
{"ts":1670283860029661514,"type":"gauge","name":"runtime.MemStats.GCCPUFraction","measures":{"value":0.03855166291458056}}
{"ts":1670283860038756847,"type":"gauge","name":"runtime.MemStats.StackInuse","measures":{"value":27918336}}
{"ts":1670283860055347097,"type":"gauge","name":"runtime.MemStats.StackSys","measures":{"value":27918336}}
{"ts":1670283860067786305,"type":"gauge","name":"runtime.MemStats.HeapReleased","measures":{"value":1318912}}
{"ts":1670283860079783514,"type":"gauge","name":"runtime.MemStats.LastGC","measures":{"value":1670283859534805500}}
{"ts":1670283860093295764,"type":"gauge","name":"runtime.MemStats.HeapAlloc","measures":{"value":26389904}}
{"ts":1670283860111293555,"type":"gauge","name":"runtime.MemStats.BuckHashSys","measures":{"value":1502180}}
{"ts":1670283860117907889,"type":"gauge","name":"runtime.MemStats.EnableGC","measures":{"value":1}}
{"ts":1670283860135784180,"type":"gauge","name":"runtime.MemStats.NextGC","measures":{"value":55970896}}
{"ts":1670283860187779222,"type":"gauge","name":"runtime.MemStats.TotalAlloc","measures":{"value":44799912}}
{"ts":1670283860204721805,"type":"gauge","name":"runtime.NumCgoCall","measures":{"value":0}}
{"ts":1670283860206956139,"type":"gauge","name":"runtime.NumThread","measures":{"value":14}}
{"ts":1670283860211087847,"type":"gauge","name":"runtime.MemStats.Alloc","measures":{"value":26389904}}
{"ts":1670283860230084680,"type":"gauge","name":"runtime.MemStats.HeapInuse","measures":{"value":34881536}}
{"ts":1670283860236443639,"type":"gauge","name":"runtime.MemStats.NumGC","measures":{"value":1}}
{"ts":1670283860242579972,"type":"gauge","name":"runtime.MemStats.DebugGC","measures":{"value":0}}
{"ts":1670283860259729389,"type":"histogram","name":"runtime.MemStats.PauseNs","measures":{"count":4,"max":150302041,"mean":70961281.25,"min":114375,"p50":66714354.5,"p75":136423103.75,"p95":150302041,"p99":150302041,"p999":150302041,"p9999":150302041,"stddev":56847120.43400056,"variance":3231595101637763.5}}
{"ts":1670283860277757222,"type":"gauge","name":"runtime.MemStats.Lookups","measures":{"value":0}}
{"ts":1670283860291670264,"type":"gauge","name":"runtime.MemStats.Mallocs","measures":{"value":37475}}
{"ts":1670283860298535305,"type":"gauge","name":"runtime.MemStats.MCacheSys","measures":{"value":15600}}
{"ts":1670283860313743930,"type":"gauge","name":"runtime.MemStats.MSpanInuse","measures":{"value":668168}}
{"ts":1670283860352278347,"type":"gauge","name":"runtime.MemStats.PauseTotalNs","measures":{"value":283845125}}
{"ts":1670283860358182680,"type":"gauge","name":"runtime.MemStats.HeapSys","measures":{"value":60162048}}
