{"level":"info","ts":1675446237886661803,"msg":"br","Node":"12D3KooWSVahexScA4jt5HsavZut74osC2MWonEzXfNpPhhVj9eq","Peer":"12D3KooWSyUTnwQRmgAaT5hnnDiU9BENzaGGH4MNnT8iU138rjLw"}
{"level":"info","ts":1675446237895677803,"msg":"br","Node":"12D3KooWSVahexScA4jt5HsavZut74osC2MWonEzXfNpPhhVj9eq","Peer":"12D3KooWPgam4TzSVCRa4AbhxQnM9abCYR4E9hV57SN7eAjEYn1j"}
{"level":"info","ts":1675446237898930761,"msg":"br","Node":"12D3KooWSVahexScA4jt5HsavZut74osC2MWonEzXfNpPhhVj9eq","Peer":"12D3KooWQ3XvwCaYCPy5oXzUiSVQWoBJTkSjkVnMDaDrvCDNpTtZ"}
{"level":"info","ts":1675446237906672011,"msg":"br","Node":"12D3KooWSVahexScA4jt5HsavZut74osC2MWonEzXfNpPhhVj9eq","Peer":"12D3KooWQYz2inBsgiBoqNtmEn1qeRBr9B8cdishFuBgiARcfMcY"}
{"level":"info","ts":1675446237921412011,"msg":"br","Node":"12D3KooWSVahexScA4jt5HsavZut74osC2MWonEzXfNpPhhVj9eq","Peer":"12D3KooWQfG74brcJhzpNwjPCZmcbBv8f6wxKgLSYmEDXXdPXQpH"}
{"level":"info","ts":1675446237929060845,"msg":"br","Node":"12D3KooWSVahexScA4jt5HsavZut74osC2MWonEzXfNpPhhVj9eq","Peer":"12D3KooWFJGAAPuFWEeZUVvSEs7dEGnzgCyBpVuYAx8R9WmSNMe7"}
{"level":"info","ts":1675446237941818386,"msg":"br","Node":"12D3KooWSVahexScA4jt5HsavZut74osC2MWonEzXfNpPhhVj9eq","Peer":"12D3KooWNc5rNmCJ9yvXviXaENnp7vqDQjomZwia4aA7Q3hSYkiW"}
{"level":"info","ts":1675446237952672595,"msg":"br","Node":"12D3KooWSVahexScA4jt5HsavZut74osC2MWonEzXfNpPhhVj9eq","Peer":"12D3KooWCUD1fJhtHsV93H6zZCwPZq5WBLsNTSWUW86EDykHrUgd"}
{"level":"info","ts":1675446237967649386,"msg":"br","Node":"12D3KooWSVahexScA4jt5HsavZut74osC2MWonEzXfNpPhhVj9eq","Peer":"12D3KooWKRyzVWW6ChFjQjK4miCty85Niy49tpPV95XdKu1BcvMA"}
{"level":"info","ts":1675446237971880011,"msg":"br","Node":"12D3KooWSVahexScA4jt5HsavZut74osC2MWonEzXfNpPhhVj9eq","Peer":"12D3KooWKCz8coBHWrFr7Z3ZZekUTsZdm9bUTuKQBbX6tTvKhqmy"}
{"level":"info","ts":1675446237977839261,"msg":"br","Node":"12D3KooWSVahexScA4jt5HsavZut74osC2MWonEzXfNpPhhVj9eq","Peer":"12D3KooWNentwzsa1BpUkXPJWYBg3riYQ64XM9JUCfoVt4KqwKdw"}
{"level":"info","ts":1675446237999867928,"msg":"br","Node":"12D3KooWSVahexScA4jt5HsavZut74osC2MWonEzXfNpPhhVj9eq","Peer":"12D3KooWKwfWu3TQuPNRUfEjEYSANNDYvq2D2GuYdysyHcGHB58t"}
{"level":"info","ts":1675446238006955553,"msg":"br","Node":"12D3KooWSVahexScA4jt5HsavZut74osC2MWonEzXfNpPhhVj9eq","Peer":"12D3KooWGEcD5sW5osB6LajkHGqiGc3W8eKfYwnJVVqfujkpLWX2"}
{"level":"info","ts":1675446238010943053,"msg":"br","Node":"12D3KooWSVahexScA4jt5HsavZut74osC2MWonEzXfNpPhhVj9eq","Peer":"12D3KooWB1b3qZxWJanuhtseF3DmPggHCtG36KZ9ixkqHtdKH9fh"}
{"level":"info","ts":1675446238015422386,"msg":"br","Node":"12D3KooWSVahexScA4jt5HsavZut74osC2MWonEzXfNpPhhVj9eq","Peer":"12D3KooW9yvKfP5HgVaLnNaxWywo3pLAEypk7wjUcpgKwLznk5gQ"}
{"level":"info","ts":1675446238023931261,"msg":"br","Node":"12D3KooWSVahexScA4jt5HsavZut74osC2MWonEzXfNpPhhVj9eq","Peer":"12D3KooWB224kvi7vN34xJfsfW7bnv6eodxTkgo9VFA6UiaGMgRD"}
{"level":"info","ts":1675446238029034011,"msg":"br","Node":"12D3KooWSVahexScA4jt5HsavZut74osC2MWonEzXfNpPhhVj9eq","Peer":"12D3KooWGFLL95aAHX7AJZzSn9vFY49znDxeaGPU14TKzrHP7ygU"}
{"level":"info","ts":1675446238060816595,"msg":"br","Node":"12D3KooWSVahexScA4jt5HsavZut74osC2MWonEzXfNpPhhVj9eq","Peer":"12D3KooWCv935r3ropYhUe5yMCp9QiUoc9A6cZpYQ5x84DqEPbwb"}
{"level":"info","ts":1675446238073587095,"msg":"br","Node":"12D3KooWSVahexScA4jt5HsavZut74osC2MWonEzXfNpPhhVj9eq","Peer":"12D3KooWFqdBYPrtwErMosomvD4uRtVhXQdqqZZHC3NCBZYVxr4t"}
{"level":"info","ts":1675446238083008928,"msg":"br","Node":"12D3KooWSVahexScA4jt5HsavZut74osC2MWonEzXfNpPhhVj9eq","Peer":"12D3KooWGve8Xnd9qBGe7YSXskiD386LmWuWEhQjVhyLFQBiKou5"}
{"level":"info","ts":1675446238132798720,"msg":"br","Node":"12D3KooWSVahexScA4jt5HsavZut74osC2MWonEzXfNpPhhVj9eq","Peer":"12D3KooWGCvi3KESxsfJqabtDpZTviCeycABxLRtCPR7aQAdAwir"}
{"level":"info","ts":1675446238144391970,"msg":"br","Node":"12D3KooWSVahexScA4jt5HsavZut74osC2MWonEzXfNpPhhVj9eq","Peer":"12D3KooWL3XJ9EMCyZvmmGXL2LMiVBtrVa2BuESsJiXkSj7333Jw"}
{"level":"info","ts":1675446238153227886,"msg":"br","Node":"12D3KooWSVahexScA4jt5HsavZut74osC2MWonEzXfNpPhhVj9eq","Peer":"12D3KooWE4qDcRrueTuRYWUdQZgcy7APZqBngVeXRt4Y6ytHizKV"}
{"level":"info","ts":1675446238158157886,"msg":"br","Node":"12D3KooWSVahexScA4jt5HsavZut74osC2MWonEzXfNpPhhVj9eq","Peer":"12D3KooWCR2EoapJjoQVR4E3NLjWn818gG3XizQ92Yx6C424HL2g"}
{"level":"info","ts":1675446238171566220,"msg":"br","Node":"12D3KooWSVahexScA4jt5HsavZut74osC2MWonEzXfNpPhhVj9eq","Peer":"12D3KooWRuYVGEsecrJJhZsSoKf1UNdBVYKFCmFLNj9ucZiSQCYj"}
{"level":"info","ts":1675446238190868511,"msg":"br","Node":"12D3KooWSVahexScA4jt5HsavZut74osC2MWonEzXfNpPhhVj9eq","Peer":"12D3KooWEiCzB4bVxyxYwB7xpSvra1Yz1SB39kih4qHpFjDWoC9J"}
{"level":"info","ts":1675446238201972178,"msg":"br","Node":"12D3KooWSVahexScA4jt5HsavZut74osC2MWonEzXfNpPhhVj9eq","Peer":"12D3KooWKVutoujmd2QtYCFPk6WtyU9xvAgYxFXvqLVGcBHocnmG"}
{"level":"info","ts":1675446238211878761,"msg":"br","Node":"12D3KooWSVahexScA4jt5HsavZut74osC2MWonEzXfNpPhhVj9eq","Peer":"12D3KooWBHDsBRbrf52fh6czkYXYY3tTk4fSfen3ZWvYEzFeHM2g"}
{"level":"info","ts":1675446238234195470,"msg":"br","Node":"12D3KooWSVahexScA4jt5HsavZut74osC2MWonEzXfNpPhhVj9eq","Peer":"12D3KooWPwVR5DRz8H7Qvmp1i7c3BmEJLsbXBvLBCDY5tikyx2yu"}
{"level":"info","ts":1675446238252992428,"msg":"br","Node":"12D3KooWSVahexScA4jt5HsavZut74osC2MWonEzXfNpPhhVj9eq","Peer":"12D3KooWGBmjmt6Am4j4CWyLRd36hqj1dDKstAyLaeePmEUt7cUp"}
{"level":"info","ts":1675446238261763386,"msg":"br","Node":"12D3KooWSVahexScA4jt5HsavZut74osC2MWonEzXfNpPhhVj9eq","Peer":"12D3KooWNEWRB7PnuZs164xaA9QWM3iZHekHyEQo5qGP5KCHHuSN"}
{"level":"info","ts":1675446238266819636,"msg":"br","Node":"12D3KooWSVahexScA4jt5HsavZut74osC2MWonEzXfNpPhhVj9eq","Peer":"12D3KooWGBv5oKekns7NunQ9FMNXihJvwyuELAcq84Z9Hxgc2PZh"}
{"level":"info","ts":1675446238278092511,"msg":"br","Node":"12D3KooWSVahexScA4jt5HsavZut74osC2MWonEzXfNpPhhVj9eq","Peer":"12D3KooWDf6Jpo3XnCHoQ7uXMpxS3RbZrysd9Z7iGWLqyQ8K87VZ"}
{"level":"info","ts":1675446238290317136,"msg":"br","Node":"12D3KooWSVahexScA4jt5HsavZut74osC2MWonEzXfNpPhhVj9eq","Peer":"12D3KooWBremnqYWBDK6ctvCuhCqJAps5ZAPADu53gXhQHexrvtP"}
{"level":"info","ts":1675446238305977845,"msg":"br","Node":"12D3KooWSVahexScA4jt5HsavZut74osC2MWonEzXfNpPhhVj9eq","Peer":"12D3KooWFB7QisaHRFaMwskj6JE4vuoruNMSRNL4pfL2WEReWzMd"}
{"level":"info","ts":1675446238313998636,"msg":"br","Node":"12D3KooWSVahexScA4jt5HsavZut74osC2MWonEzXfNpPhhVj9eq","Peer":"12D3KooWGVijKpKXAveYbcCXhe8DhrykfXaehwPM6mcSgagqXkEg"}
{"level":"info","ts":1675446238317923553,"msg":"br","Node":"12D3KooWSVahexScA4jt5HsavZut74osC2MWonEzXfNpPhhVj9eq","Peer":"12D3KooWE2N9kXfsBWLWYdtaX9uY7HxJTfFmVFQFxvUXCQ6bT883"}
{"level":"info","ts":1675446238348232303,"msg":"br","Node":"12D3KooWSVahexScA4jt5HsavZut74osC2MWonEzXfNpPhhVj9eq","Peer":"12D3KooWHHzSeKaY8xuZVzkLbKFfvNgPPeKhFBGrMbNzbm5akpqu"}
{"level":"info","ts":1675446238366168886,"msg":"br","Node":"12D3KooWSVahexScA4jt5HsavZut74osC2MWonEzXfNpPhhVj9eq","Peer":"12D3KooWM4yJB31d4hF2F9Vdwuj9WFo1qonoySyw4bVAQ9a9d21o"}
{"level":"info","ts":1675446238801559387,"msg":"ar","Node":"12D3KooWSVahexScA4jt5HsavZut74osC2MWonEzXfNpPhhVj9eq","Peer":"12D3KooWSyUTnwQRmgAaT5hnnDiU9BENzaGGH4MNnT8iU138rjLw"}
{"level":"info","ts":1675446238814856803,"msg":"ar","Node":"12D3KooWSVahexScA4jt5HsavZut74osC2MWonEzXfNpPhhVj9eq","Peer":"12D3KooWPgam4TzSVCRa4AbhxQnM9abCYR4E9hV57SN7eAjEYn1j"}
{"level":"info","ts":1675446238845709553,"msg":"ar","Node":"12D3KooWSVahexScA4jt5HsavZut74osC2MWonEzXfNpPhhVj9eq","Peer":"12D3KooWQ3XvwCaYCPy5oXzUiSVQWoBJTkSjkVnMDaDrvCDNpTtZ"}
{"level":"info","ts":1675446238881355512,"msg":"ar","Node":"12D3KooWSVahexScA4jt5HsavZut74osC2MWonEzXfNpPhhVj9eq","Peer":"12D3KooWQYz2inBsgiBoqNtmEn1qeRBr9B8cdishFuBgiARcfMcY"}
{"level":"info","ts":1675446238899628512,"msg":"ar","Node":"12D3KooWSVahexScA4jt5HsavZut74osC2MWonEzXfNpPhhVj9eq","Peer":"12D3KooWQfG74brcJhzpNwjPCZmcbBv8f6wxKgLSYmEDXXdPXQpH"}
{"level":"info","ts":1675446238906765887,"msg":"ar","Node":"12D3KooWSVahexScA4jt5HsavZut74osC2MWonEzXfNpPhhVj9eq","Peer":"12D3KooWFJGAAPuFWEeZUVvSEs7dEGnzgCyBpVuYAx8R9WmSNMe7"}
{"level":"info","ts":1675446238922152512,"msg":"ar","Node":"12D3KooWSVahexScA4jt5HsavZut74osC2MWonEzXfNpPhhVj9eq","Peer":"12D3KooWNc5rNmCJ9yvXviXaENnp7vqDQjomZwia4aA7Q3hSYkiW"}
{"level":"info","ts":1675446238933888595,"msg":"ar","Node":"12D3KooWSVahexScA4jt5HsavZut74osC2MWonEzXfNpPhhVj9eq","Peer":"12D3KooWCUD1fJhtHsV93H6zZCwPZq5WBLsNTSWUW86EDykHrUgd"}
{"level":"info","ts":1675446238973700845,"msg":"ar","Node":"12D3KooWSVahexScA4jt5HsavZut74osC2MWonEzXfNpPhhVj9eq","Peer":"12D3KooWKRyzVWW6ChFjQjK4miCty85Niy49tpPV95XdKu1BcvMA"}
{"level":"info","ts":1675446239018215887,"msg":"ar","Node":"12D3KooWSVahexScA4jt5HsavZut74osC2MWonEzXfNpPhhVj9eq","Peer":"12D3KooWKCz8coBHWrFr7Z3ZZekUTsZdm9bUTuKQBbX6tTvKhqmy"}
{"level":"info","ts":1675446239051841387,"msg":"ar","Node":"12D3KooWSVahexScA4jt5HsavZut74osC2MWonEzXfNpPhhVj9eq","Peer":"12D3KooWNentwzsa1BpUkXPJWYBg3riYQ64XM9JUCfoVt4KqwKdw"}
{"level":"info","ts":1675446239073087678,"msg":"ar","Node":"12D3KooWSVahexScA4jt5HsavZut74osC2MWonEzXfNpPhhVj9eq","Peer":"12D3KooWKwfWu3TQuPNRUfEjEYSANNDYvq2D2GuYdysyHcGHB58t"}
{"level":"info","ts":1675446239135709220,"msg":"ar","Node":"12D3KooWSVahexScA4jt5HsavZut74osC2MWonEzXfNpPhhVj9eq","Peer":"12D3KooWGEcD5sW5osB6LajkHGqiGc3W8eKfYwnJVVqfujkpLWX2"}
{"level":"info","ts":1675446239148511720,"msg":"ar","Node":"12D3KooWSVahexScA4jt5HsavZut74osC2MWonEzXfNpPhhVj9eq","Peer":"12D3KooWB1b3qZxWJanuhtseF3DmPggHCtG36KZ9ixkqHtdKH9fh"}
{"level":"info","ts":1675446239162012803,"msg":"ar","Node":"12D3KooWSVahexScA4jt5HsavZut74osC2MWonEzXfNpPhhVj9eq","Peer":"12D3KooW9yvKfP5HgVaLnNaxWywo3pLAEypk7wjUcpgKwLznk5gQ"}
{"level":"info","ts":1675446239188593678,"msg":"ar","Node":"12D3KooWSVahexScA4jt5HsavZut74osC2MWonEzXfNpPhhVj9eq","Peer":"12D3KooWB224kvi7vN34xJfsfW7bnv6eodxTkgo9VFA6UiaGMgRD"}
{"level":"info","ts":1675446239231881095,"msg":"ar","Node":"12D3KooWSVahexScA4jt5HsavZut74osC2MWonEzXfNpPhhVj9eq","Peer":"12D3KooWGFLL95aAHX7AJZzSn9vFY49znDxeaGPU14TKzrHP7ygU"}
{"level":"info","ts":1675446239236648304,"msg":"ar","Node":"12D3KooWSVahexScA4jt5HsavZut74osC2MWonEzXfNpPhhVj9eq","Peer":"12D3KooWCv935r3ropYhUe5yMCp9QiUoc9A6cZpYQ5x84DqEPbwb"}
{"level":"info","ts":1675446239262034429,"msg":"ar","Node":"12D3KooWSVahexScA4jt5HsavZut74osC2MWonEzXfNpPhhVj9eq","Peer":"12D3KooWFqdBYPrtwErMosomvD4uRtVhXQdqqZZHC3NCBZYVxr4t"}
{"level":"info","ts":1675446239282992179,"msg":"ar","Node":"12D3KooWSVahexScA4jt5HsavZut74osC2MWonEzXfNpPhhVj9eq","Peer":"12D3KooWGve8Xnd9qBGe7YSXskiD386LmWuWEhQjVhyLFQBiKou5"}
{"level":"info","ts":1675446239289777262,"msg":"ar","Node":"12D3KooWSVahexScA4jt5HsavZut74osC2MWonEzXfNpPhhVj9eq","Peer":"12D3KooWGCvi3KESxsfJqabtDpZTviCeycABxLRtCPR7aQAdAwir"}
{"level":"info","ts":1675446239301786470,"msg":"ar","Node":"12D3KooWSVahexScA4jt5HsavZut74osC2MWonEzXfNpPhhVj9eq","Peer":"12D3KooWL3XJ9EMCyZvmmGXL2LMiVBtrVa2BuESsJiXkSj7333Jw"}
{"level":"info","ts":1675446239312078262,"msg":"ar","Node":"12D3KooWSVahexScA4jt5HsavZut74osC2MWonEzXfNpPhhVj9eq","Peer":"12D3KooWE4qDcRrueTuRYWUdQZgcy7APZqBngVeXRt4Y6ytHizKV"}
{"level":"info","ts":1675446239322086804,"msg":"ar","Node":"12D3KooWSVahexScA4jt5HsavZut74osC2MWonEzXfNpPhhVj9eq","Peer":"12D3KooWCR2EoapJjoQVR4E3NLjWn818gG3XizQ92Yx6C424HL2g"}
{"level":"info","ts":1675446239328160470,"msg":"ar","Node":"12D3KooWSVahexScA4jt5HsavZut74osC2MWonEzXfNpPhhVj9eq","Peer":"12D3KooWRuYVGEsecrJJhZsSoKf1UNdBVYKFCmFLNj9ucZiSQCYj"}
{"level":"info","ts":1675446239336632054,"msg":"ar","Node":"12D3KooWSVahexScA4jt5HsavZut74osC2MWonEzXfNpPhhVj9eq","Peer":"12D3KooWEiCzB4bVxyxYwB7xpSvra1Yz1SB39kih4qHpFjDWoC9J"}
{"level":"info","ts":1675446239364718637,"msg":"ar","Node":"12D3KooWSVahexScA4jt5HsavZut74osC2MWonEzXfNpPhhVj9eq","Peer":"12D3KooWKVutoujmd2QtYCFPk6WtyU9xvAgYxFXvqLVGcBHocnmG"}
{"level":"info","ts":1675446239381162804,"msg":"ar","Node":"12D3KooWSVahexScA4jt5HsavZut74osC2MWonEzXfNpPhhVj9eq","Peer":"12D3KooWBHDsBRbrf52fh6czkYXYY3tTk4fSfen3ZWvYEzFeHM2g"}
{"level":"info","ts":1675446239394870012,"msg":"ar","Node":"12D3KooWSVahexScA4jt5HsavZut74osC2MWonEzXfNpPhhVj9eq","Peer":"12D3KooWPwVR5DRz8H7Qvmp1i7c3BmEJLsbXBvLBCDY5tikyx2yu"}
{"level":"info","ts":1675446239412932762,"msg":"ar","Node":"12D3KooWSVahexScA4jt5HsavZut74osC2MWonEzXfNpPhhVj9eq","Peer":"12D3KooWGBmjmt6Am4j4CWyLRd36hqj1dDKstAyLaeePmEUt7cUp"}
{"level":"info","ts":1675446239431993470,"msg":"ar","Node":"12D3KooWSVahexScA4jt5HsavZut74osC2MWonEzXfNpPhhVj9eq","Peer":"12D3KooWNEWRB7PnuZs164xaA9QWM3iZHekHyEQo5qGP5KCHHuSN"}
{"level":"info","ts":1675446239467861595,"msg":"ar","Node":"12D3KooWSVahexScA4jt5HsavZut74osC2MWonEzXfNpPhhVj9eq","Peer":"12D3KooWGBv5oKekns7NunQ9FMNXihJvwyuELAcq84Z9Hxgc2PZh"}
{"level":"info","ts":1675446239489957679,"msg":"ar","Node":"12D3KooWSVahexScA4jt5HsavZut74osC2MWonEzXfNpPhhVj9eq","Peer":"12D3KooWDf6Jpo3XnCHoQ7uXMpxS3RbZrysd9Z7iGWLqyQ8K87VZ"}
{"level":"info","ts":1675446239504300137,"msg":"ar","Node":"12D3KooWSVahexScA4jt5HsavZut74osC2MWonEzXfNpPhhVj9eq","Peer":"12D3KooWBremnqYWBDK6ctvCuhCqJAps5ZAPADu53gXhQHexrvtP"}
{"level":"info","ts":1675446239516017429,"msg":"ar","Node":"12D3KooWSVahexScA4jt5HsavZut74osC2MWonEzXfNpPhhVj9eq","Peer":"12D3KooWFB7QisaHRFaMwskj6JE4vuoruNMSRNL4pfL2WEReWzMd"}
{"level":"info","ts":1675446239538189470,"msg":"ar","Node":"12D3KooWSVahexScA4jt5HsavZut74osC2MWonEzXfNpPhhVj9eq","Peer":"12D3KooWGVijKpKXAveYbcCXhe8DhrykfXaehwPM6mcSgagqXkEg"}
{"level":"info","ts":1675446239546172220,"msg":"ar","Node":"12D3KooWSVahexScA4jt5HsavZut74osC2MWonEzXfNpPhhVj9eq","Peer":"12D3KooWE2N9kXfsBWLWYdtaX9uY7HxJTfFmVFQFxvUXCQ6bT883"}
{"level":"info","ts":1675446239558500387,"msg":"ar","Node":"12D3KooWSVahexScA4jt5HsavZut74osC2MWonEzXfNpPhhVj9eq","Peer":"12D3KooWHHzSeKaY8xuZVzkLbKFfvNgPPeKhFBGrMbNzbm5akpqu"}
{"level":"info","ts":1675446239590035637,"msg":"ar","Node":"12D3KooWSVahexScA4jt5HsavZut74osC2MWonEzXfNpPhhVj9eq","Peer":"12D3KooWM4yJB31d4hF2F9Vdwuj9WFo1qonoySyw4bVAQ9a9d21o"}
{"level":"info","ts":1675446242958189264,"msg":"at","Node":"12D3KooWSVahexScA4jt5HsavZut74osC2MWonEzXfNpPhhVj9eq","Peer":"12D3KooWSyUTnwQRmgAaT5hnnDiU9BENzaGGH4MNnT8iU138rjLw"}
{"level":"info","ts":1675446242963514305,"msg":"at","Node":"12D3KooWSVahexScA4jt5HsavZut74osC2MWonEzXfNpPhhVj9eq","Peer":"12D3KooWPgam4TzSVCRa4AbhxQnM9abCYR4E9hV57SN7eAjEYn1j"}
{"level":"info","ts":1675446242979766889,"msg":"at","Node":"12D3KooWSVahexScA4jt5HsavZut74osC2MWonEzXfNpPhhVj9eq","Peer":"12D3KooWQ3XvwCaYCPy5oXzUiSVQWoBJTkSjkVnMDaDrvCDNpTtZ"}
{"level":"info","ts":1675446242991709097,"msg":"at","Node":"12D3KooWSVahexScA4jt5HsavZut74osC2MWonEzXfNpPhhVj9eq","Peer":"12D3KooWQYz2inBsgiBoqNtmEn1qeRBr9B8cdishFuBgiARcfMcY"}
{"level":"info","ts":1675446243004949680,"msg":"at","Node":"12D3KooWSVahexScA4jt5HsavZut74osC2MWonEzXfNpPhhVj9eq","Peer":"12D3KooWQfG74brcJhzpNwjPCZmcbBv8f6wxKgLSYmEDXXdPXQpH"}
{"level":"info","ts":1675446243018966972,"msg":"at","Node":"12D3KooWSVahexScA4jt5HsavZut74osC2MWonEzXfNpPhhVj9eq","Peer":"12D3KooWFJGAAPuFWEeZUVvSEs7dEGnzgCyBpVuYAx8R9WmSNMe7"}
{"level":"info","ts":1675446243023888514,"msg":"at","Node":"12D3KooWSVahexScA4jt5HsavZut74osC2MWonEzXfNpPhhVj9eq","Peer":"12D3KooWNc5rNmCJ9yvXviXaENnp7vqDQjomZwia4aA7Q3hSYkiW"}
{"level":"info","ts":1675446243034152514,"msg":"at","Node":"12D3KooWSVahexScA4jt5HsavZut74osC2MWonEzXfNpPhhVj9eq","Peer":"12D3KooWCUD1fJhtHsV93H6zZCwPZq5WBLsNTSWUW86EDykHrUgd"}
{"level":"info","ts":1675446243055117972,"msg":"at","Node":"12D3KooWSVahexScA4jt5HsavZut74osC2MWonEzXfNpPhhVj9eq","Peer":"12D3KooWKRyzVWW6ChFjQjK4miCty85Niy49tpPV95XdKu1BcvMA"}
{"level":"info","ts":1675446243064526722,"msg":"at","Node":"12D3KooWSVahexScA4jt5HsavZut74osC2MWonEzXfNpPhhVj9eq","Peer":"12D3KooWKCz8coBHWrFr7Z3ZZekUTsZdm9bUTuKQBbX6tTvKhqmy"}
{"level":"info","ts":1675446243076473139,"msg":"at","Node":"12D3KooWSVahexScA4jt5HsavZut74osC2MWonEzXfNpPhhVj9eq","Peer":"12D3KooWNentwzsa1BpUkXPJWYBg3riYQ64XM9JUCfoVt4KqwKdw"}
{"level":"info","ts":1675446243086596722,"msg":"at","Node":"12D3KooWSVahexScA4jt5HsavZut74osC2MWonEzXfNpPhhVj9eq","Peer":"12D3KooWKwfWu3TQuPNRUfEjEYSANNDYvq2D2GuYdysyHcGHB58t"}
{"level":"info","ts":1675446243111156805,"msg":"at","Node":"12D3KooWSVahexScA4jt5HsavZut74osC2MWonEzXfNpPhhVj9eq","Peer":"12D3KooWGEcD5sW5osB6LajkHGqiGc3W8eKfYwnJVVqfujkpLWX2"}
{"level":"info","ts":1675446243137802180,"msg":"at","Node":"12D3KooWSVahexScA4jt5HsavZut74osC2MWonEzXfNpPhhVj9eq","Peer":"12D3KooWB1b3qZxWJanuhtseF3DmPggHCtG36KZ9ixkqHtdKH9fh"}
{"level":"info","ts":1675446243148985805,"msg":"at","Node":"12D3KooWSVahexScA4jt5HsavZut74osC2MWonEzXfNpPhhVj9eq","Peer":"12D3KooW9yvKfP5HgVaLnNaxWywo3pLAEypk7wjUcpgKwLznk5gQ"}
{"level":"info","ts":1675446243172705514,"msg":"at","Node":"12D3KooWSVahexScA4jt5HsavZut74osC2MWonEzXfNpPhhVj9eq","Peer":"12D3KooWB224kvi7vN34xJfsfW7bnv6eodxTkgo9VFA6UiaGMgRD"}
{"level":"info","ts":1675446243186561055,"msg":"at","Node":"12D3KooWSVahexScA4jt5HsavZut74osC2MWonEzXfNpPhhVj9eq","Peer":"12D3KooWGFLL95aAHX7AJZzSn9vFY49znDxeaGPU14TKzrHP7ygU"}
{"level":"info","ts":1675446243195679014,"msg":"at","Node":"12D3KooWSVahexScA4jt5HsavZut74osC2MWonEzXfNpPhhVj9eq","Peer":"12D3KooWCv935r3ropYhUe5yMCp9QiUoc9A6cZpYQ5x84DqEPbwb"}
{"level":"info","ts":1675446243209634764,"msg":"at","Node":"12D3KooWSVahexScA4jt5HsavZut74osC2MWonEzXfNpPhhVj9eq","Peer":"12D3KooWFqdBYPrtwErMosomvD4uRtVhXQdqqZZHC3NCBZYVxr4t"}
{"level":"info","ts":1675446243223115055,"msg":"at","Node":"12D3KooWSVahexScA4jt5HsavZut74osC2MWonEzXfNpPhhVj9eq","Peer":"12D3KooWGve8Xnd9qBGe7YSXskiD386LmWuWEhQjVhyLFQBiKou5"}
{"level":"info","ts":1675446243240968680,"msg":"at","Node":"12D3KooWSVahexScA4jt5HsavZut74osC2MWonEzXfNpPhhVj9eq","Peer":"12D3KooWGCvi3KESxsfJqabtDpZTviCeycABxLRtCPR7aQAdAwir"}
{"level":"info","ts":1675446243262620764,"msg":"at","Node":"12D3KooWSVahexScA4jt5HsavZut74osC2MWonEzXfNpPhhVj9eq","Peer":"12D3KooWL3XJ9EMCyZvmmGXL2LMiVBtrVa2BuESsJiXkSj7333Jw"}
{"level":"info","ts":1675446243271738097,"msg":"at","Node":"12D3KooWSVahexScA4jt5HsavZut74osC2MWonEzXfNpPhhVj9eq","Peer":"12D3KooWE4qDcRrueTuRYWUdQZgcy7APZqBngVeXRt4Y6ytHizKV"}
{"level":"info","ts":1675446243285498555,"msg":"at","Node":"12D3KooWSVahexScA4jt5HsavZut74osC2MWonEzXfNpPhhVj9eq","Peer":"12D3KooWCR2EoapJjoQVR4E3NLjWn818gG3XizQ92Yx6C424HL2g"}
{"level":"info","ts":1675446243309994847,"msg":"at","Node":"12D3KooWSVahexScA4jt5HsavZut74osC2MWonEzXfNpPhhVj9eq","Peer":"12D3KooWRuYVGEsecrJJhZsSoKf1UNdBVYKFCmFLNj9ucZiSQCYj"}
{"level":"info","ts":1675446243338514472,"msg":"at","Node":"12D3KooWSVahexScA4jt5HsavZut74osC2MWonEzXfNpPhhVj9eq","Peer":"12D3KooWEiCzB4bVxyxYwB7xpSvra1Yz1SB39kih4qHpFjDWoC9J"}
{"level":"info","ts":1675446243357990625,"msg":"at","Node":"12D3KooWSVahexScA4jt5HsavZut74osC2MWonEzXfNpPhhVj9eq","Peer":"12D3KooWKVutoujmd2QtYCFPk6WtyU9xvAgYxFXvqLVGcBHocnmG"}
{"level":"info","ts":1675446243364226583,"msg":"at","Node":"12D3KooWSVahexScA4jt5HsavZut74osC2MWonEzXfNpPhhVj9eq","Peer":"12D3KooWBHDsBRbrf52fh6czkYXYY3tTk4fSfen3ZWvYEzFeHM2g"}
{"level":"info","ts":1675446243372397375,"msg":"at","Node":"12D3KooWSVahexScA4jt5HsavZut74osC2MWonEzXfNpPhhVj9eq","Peer":"12D3KooWPwVR5DRz8H7Qvmp1i7c3BmEJLsbXBvLBCDY5tikyx2yu"}
{"level":"info","ts":1675446243384790375,"msg":"at","Node":"12D3KooWSVahexScA4jt5HsavZut74osC2MWonEzXfNpPhhVj9eq","Peer":"12D3KooWGBmjmt6Am4j4CWyLRd36hqj1dDKstAyLaeePmEUt7cUp"}
{"level":"info","ts":1675446243405147708,"msg":"at","Node":"12D3KooWSVahexScA4jt5HsavZut74osC2MWonEzXfNpPhhVj9eq","Peer":"12D3KooWNEWRB7PnuZs164xaA9QWM3iZHekHyEQo5qGP5KCHHuSN"}
{"level":"info","ts":1675446243421644625,"msg":"at","Node":"12D3KooWSVahexScA4jt5HsavZut74osC2MWonEzXfNpPhhVj9eq","Peer":"12D3KooWGBv5oKekns7NunQ9FMNXihJvwyuELAcq84Z9Hxgc2PZh"}
{"level":"info","ts":1675446243450356041,"msg":"at","Node":"12D3KooWSVahexScA4jt5HsavZut74osC2MWonEzXfNpPhhVj9eq","Peer":"12D3KooWDf6Jpo3XnCHoQ7uXMpxS3RbZrysd9Z7iGWLqyQ8K87VZ"}
{"level":"info","ts":1675446243462862000,"msg":"at","Node":"12D3KooWSVahexScA4jt5HsavZut74osC2MWonEzXfNpPhhVj9eq","Peer":"12D3KooWBremnqYWBDK6ctvCuhCqJAps5ZAPADu53gXhQHexrvtP"}
{"level":"info","ts":1675446243493274916,"msg":"at","Node":"12D3KooWSVahexScA4jt5HsavZut74osC2MWonEzXfNpPhhVj9eq","Peer":"12D3KooWFB7QisaHRFaMwskj6JE4vuoruNMSRNL4pfL2WEReWzMd"}
{"level":"info","ts":1675446243510910458,"msg":"at","Node":"12D3KooWSVahexScA4jt5HsavZut74osC2MWonEzXfNpPhhVj9eq","Peer":"12D3KooWGVijKpKXAveYbcCXhe8DhrykfXaehwPM6mcSgagqXkEg"}
{"level":"info","ts":1675446243522725750,"msg":"at","Node":"12D3KooWSVahexScA4jt5HsavZut74osC2MWonEzXfNpPhhVj9eq","Peer":"12D3KooWE2N9kXfsBWLWYdtaX9uY7HxJTfFmVFQFxvUXCQ6bT883"}
{"level":"info","ts":1675446243541391500,"msg":"at","Node":"12D3KooWSVahexScA4jt5HsavZut74osC2MWonEzXfNpPhhVj9eq","Peer":"12D3KooWHHzSeKaY8xuZVzkLbKFfvNgPPeKhFBGrMbNzbm5akpqu"}
{"level":"info","ts":1675446243591170041,"msg":"at","Node":"12D3KooWSVahexScA4jt5HsavZut74osC2MWonEzXfNpPhhVj9eq","Peer":"12D3KooWM4yJB31d4hF2F9Vdwuj9WFo1qonoySyw4bVAQ9a9d21o"}
{"level":"info","ts":1675446244156073958,"msg":"ab","Node":"12D3KooWSVahexScA4jt5HsavZut74osC2MWonEzXfNpPhhVj9eq","Peer":"12D3KooWSyUTnwQRmgAaT5hnnDiU9BENzaGGH4MNnT8iU138rjLw"}
{"level":"info","ts":1675446244163377958,"msg":"ab","Node":"12D3KooWSVahexScA4jt5HsavZut74osC2MWonEzXfNpPhhVj9eq","Peer":"12D3KooWPgam4TzSVCRa4AbhxQnM9abCYR4E9hV57SN7eAjEYn1j"}
{"level":"info","ts":1675446244171200542,"msg":"ab","Node":"12D3KooWSVahexScA4jt5HsavZut74osC2MWonEzXfNpPhhVj9eq","Peer":"12D3KooWQ3XvwCaYCPy5oXzUiSVQWoBJTkSjkVnMDaDrvCDNpTtZ"}
{"level":"info","ts":1675446244182007000,"msg":"ab","Node":"12D3KooWSVahexScA4jt5HsavZut74osC2MWonEzXfNpPhhVj9eq","Peer":"12D3KooWQYz2inBsgiBoqNtmEn1qeRBr9B8cdishFuBgiARcfMcY"}
{"level":"info","ts":1675446244199737750,"msg":"ab","Node":"12D3KooWSVahexScA4jt5HsavZut74osC2MWonEzXfNpPhhVj9eq","Peer":"12D3KooWQfG74brcJhzpNwjPCZmcbBv8f6wxKgLSYmEDXXdPXQpH"}
{"level":"info","ts":1675446244211330375,"msg":"ab","Node":"12D3KooWSVahexScA4jt5HsavZut74osC2MWonEzXfNpPhhVj9eq","Peer":"12D3KooWFJGAAPuFWEeZUVvSEs7dEGnzgCyBpVuYAx8R9WmSNMe7"}
{"level":"info","ts":1675446244224082083,"msg":"ab","Node":"12D3KooWSVahexScA4jt5HsavZut74osC2MWonEzXfNpPhhVj9eq","Peer":"12D3KooWNc5rNmCJ9yvXviXaENnp7vqDQjomZwia4aA7Q3hSYkiW"}
{"level":"info","ts":1675446244230389042,"msg":"ab","Node":"12D3KooWSVahexScA4jt5HsavZut74osC2MWonEzXfNpPhhVj9eq","Peer":"12D3KooWCUD1fJhtHsV93H6zZCwPZq5WBLsNTSWUW86EDykHrUgd"}
{"level":"info","ts":1675446244247214417,"msg":"ab","Node":"12D3KooWSVahexScA4jt5HsavZut74osC2MWonEzXfNpPhhVj9eq","Peer":"12D3KooWKRyzVWW6ChFjQjK4miCty85Niy49tpPV95XdKu1BcvMA"}
{"level":"info","ts":1675446244254718292,"msg":"ab","Node":"12D3KooWSVahexScA4jt5HsavZut74osC2MWonEzXfNpPhhVj9eq","Peer":"12D3KooWKCz8coBHWrFr7Z3ZZekUTsZdm9bUTuKQBbX6tTvKhqmy"}
{"level":"info","ts":1675446244275292167,"msg":"ab","Node":"12D3KooWSVahexScA4jt5HsavZut74osC2MWonEzXfNpPhhVj9eq","Peer":"12D3KooWNentwzsa1BpUkXPJWYBg3riYQ64XM9JUCfoVt4KqwKdw"}
{"level":"info","ts":1675446244296409875,"msg":"ab","Node":"12D3KooWSVahexScA4jt5HsavZut74osC2MWonEzXfNpPhhVj9eq","Peer":"12D3KooWKwfWu3TQuPNRUfEjEYSANNDYvq2D2GuYdysyHcGHB58t"}
{"level":"info","ts":1675446244313032000,"msg":"ab","Node":"12D3KooWSVahexScA4jt5HsavZut74osC2MWonEzXfNpPhhVj9eq","Peer":"12D3KooWGEcD5sW5osB6LajkHGqiGc3W8eKfYwnJVVqfujkpLWX2"}
{"level":"info","ts":1675446244333655708,"msg":"ab","Node":"12D3KooWSVahexScA4jt5HsavZut74osC2MWonEzXfNpPhhVj9eq","Peer":"12D3KooWB1b3qZxWJanuhtseF3DmPggHCtG36KZ9ixkqHtdKH9fh"}
{"level":"info","ts":1675446244342639125,"msg":"ab","Node":"12D3KooWSVahexScA4jt5HsavZut74osC2MWonEzXfNpPhhVj9eq","Peer":"12D3KooW9yvKfP5HgVaLnNaxWywo3pLAEypk7wjUcpgKwLznk5gQ"}
{"level":"info","ts":1675446244363175125,"msg":"ab","Node":"12D3KooWSVahexScA4jt5HsavZut74osC2MWonEzXfNpPhhVj9eq","Peer":"12D3KooWB224kvi7vN34xJfsfW7bnv6eodxTkgo9VFA6UiaGMgRD"}
{"level":"info","ts":1675446244373241750,"msg":"ab","Node":"12D3KooWSVahexScA4jt5HsavZut74osC2MWonEzXfNpPhhVj9eq","Peer":"12D3KooWGFLL95aAHX7AJZzSn9vFY49znDxeaGPU14TKzrHP7ygU"}
{"level":"info","ts":1675446244389364125,"msg":"ab","Node":"12D3KooWSVahexScA4jt5HsavZut74osC2MWonEzXfNpPhhVj9eq","Peer":"12D3KooWCv935r3ropYhUe5yMCp9QiUoc9A6cZpYQ5x84DqEPbwb"}
{"level":"info","ts":1675446244400879583,"msg":"ab","Node":"12D3KooWSVahexScA4jt5HsavZut74osC2MWonEzXfNpPhhVj9eq","Peer":"12D3KooWFqdBYPrtwErMosomvD4uRtVhXQdqqZZHC3NCBZYVxr4t"}
{"level":"info","ts":1675446244413102375,"msg":"ab","Node":"12D3KooWSVahexScA4jt5HsavZut74osC2MWonEzXfNpPhhVj9eq","Peer":"12D3KooWGve8Xnd9qBGe7YSXskiD386LmWuWEhQjVhyLFQBiKou5"}
{"level":"info","ts":1675446244427883583,"msg":"ab","Node":"12D3KooWSVahexScA4jt5HsavZut74osC2MWonEzXfNpPhhVj9eq","Peer":"12D3KooWGCvi3KESxsfJqabtDpZTviCeycABxLRtCPR7aQAdAwir"}
{"level":"info","ts":1675446244445311792,"msg":"ab","Node":"12D3KooWSVahexScA4jt5HsavZut74osC2MWonEzXfNpPhhVj9eq","Peer":"12D3KooWL3XJ9EMCyZvmmGXL2LMiVBtrVa2BuESsJiXkSj7333Jw"}
{"level":"info","ts":1675446244466391542,"msg":"ab","Node":"12D3KooWSVahexScA4jt5HsavZut74osC2MWonEzXfNpPhhVj9eq","Peer":"12D3KooWE4qDcRrueTuRYWUdQZgcy7APZqBngVeXRt4Y6ytHizKV"}
{"level":"info","ts":1675446244474372292,"msg":"ab","Node":"12D3KooWSVahexScA4jt5HsavZut74osC2MWonEzXfNpPhhVj9eq","Peer":"12D3KooWCR2EoapJjoQVR4E3NLjWn818gG3XizQ92Yx6C424HL2g"}
{"level":"info","ts":1675446244486705417,"msg":"ab","Node":"12D3KooWSVahexScA4jt5HsavZut74osC2MWonEzXfNpPhhVj9eq","Peer":"12D3KooWRuYVGEsecrJJhZsSoKf1UNdBVYKFCmFLNj9ucZiSQCYj"}
{"level":"info","ts":1675446244491226333,"msg":"ab","Node":"12D3KooWSVahexScA4jt5HsavZut74osC2MWonEzXfNpPhhVj9eq","Peer":"12D3KooWEiCzB4bVxyxYwB7xpSvra1Yz1SB39kih4qHpFjDWoC9J"}
{"level":"info","ts":1675446244518930083,"msg":"ab","Node":"12D3KooWSVahexScA4jt5HsavZut74osC2MWonEzXfNpPhhVj9eq","Peer":"12D3KooWKVutoujmd2QtYCFPk6WtyU9xvAgYxFXvqLVGcBHocnmG"}
{"level":"info","ts":1675446244526231042,"msg":"ab","Node":"12D3KooWSVahexScA4jt5HsavZut74osC2MWonEzXfNpPhhVj9eq","Peer":"12D3KooWBHDsBRbrf52fh6czkYXYY3tTk4fSfen3ZWvYEzFeHM2g"}
{"level":"info","ts":1675446244535188083,"msg":"ab","Node":"12D3KooWSVahexScA4jt5HsavZut74osC2MWonEzXfNpPhhVj9eq","Peer":"12D3KooWPwVR5DRz8H7Qvmp1i7c3BmEJLsbXBvLBCDY5tikyx2yu"}
{"level":"info","ts":1675446244547211792,"msg":"ab","Node":"12D3KooWSVahexScA4jt5HsavZut74osC2MWonEzXfNpPhhVj9eq","Peer":"12D3KooWGBmjmt6Am4j4CWyLRd36hqj1dDKstAyLaeePmEUt7cUp"}
{"level":"info","ts":1675446244561185667,"msg":"ab","Node":"12D3KooWSVahexScA4jt5HsavZut74osC2MWonEzXfNpPhhVj9eq","Peer":"12D3KooWNEWRB7PnuZs164xaA9QWM3iZHekHyEQo5qGP5KCHHuSN"}
{"level":"info","ts":1675446244574111917,"msg":"ab","Node":"12D3KooWSVahexScA4jt5HsavZut74osC2MWonEzXfNpPhhVj9eq","Peer":"12D3KooWGBv5oKekns7NunQ9FMNXihJvwyuELAcq84Z9Hxgc2PZh"}
{"level":"info","ts":1675446244588673583,"msg":"ab","Node":"12D3KooWSVahexScA4jt5HsavZut74osC2MWonEzXfNpPhhVj9eq","Peer":"12D3KooWDf6Jpo3XnCHoQ7uXMpxS3RbZrysd9Z7iGWLqyQ8K87VZ"}
{"level":"info","ts":1675446244598703375,"msg":"ab","Node":"12D3KooWSVahexScA4jt5HsavZut74osC2MWonEzXfNpPhhVj9eq","Peer":"12D3KooWBremnqYWBDK6ctvCuhCqJAps5ZAPADu53gXhQHexrvtP"}
{"level":"info","ts":1675446244616325375,"msg":"ab","Node":"12D3KooWSVahexScA4jt5HsavZut74osC2MWonEzXfNpPhhVj9eq","Peer":"12D3KooWFB7QisaHRFaMwskj6JE4vuoruNMSRNL4pfL2WEReWzMd"}
{"level":"info","ts":1675446244625988708,"msg":"ab","Node":"12D3KooWSVahexScA4jt5HsavZut74osC2MWonEzXfNpPhhVj9eq","Peer":"12D3KooWGVijKpKXAveYbcCXhe8DhrykfXaehwPM6mcSgagqXkEg"}
{"level":"info","ts":1675446244631146250,"msg":"ab","Node":"12D3KooWSVahexScA4jt5HsavZut74osC2MWonEzXfNpPhhVj9eq","Peer":"12D3KooWE2N9kXfsBWLWYdtaX9uY7HxJTfFmVFQFxvUXCQ6bT883"}
{"level":"info","ts":1675446244642132333,"msg":"ab","Node":"12D3KooWSVahexScA4jt5HsavZut74osC2MWonEzXfNpPhhVj9eq","Peer":"12D3KooWHHzSeKaY8xuZVzkLbKFfvNgPPeKhFBGrMbNzbm5akpqu"}
{"level":"info","ts":1675446244653184542,"msg":"ab","Node":"12D3KooWSVahexScA4jt5HsavZut74osC2MWonEzXfNpPhhVj9eq","Peer":"12D3KooWM4yJB31d4hF2F9Vdwuj9WFo1qonoySyw4bVAQ9a9d21o"}
{"level":"info","ts":1675446282914092754,"msg":"after_provide","Node":"12D3KooWSVahexScA4jt5HsavZut74osC2MWonEzXfNpPhhVj9eq","Peer":"12D3KooWSyUTnwQRmgAaT5hnnDiU9BENzaGGH4MNnT8iU138rjLw"}
{"level":"info","ts":1675446282960049837,"msg":"after_provide","Node":"12D3KooWSVahexScA4jt5HsavZut74osC2MWonEzXfNpPhhVj9eq","Peer":"12D3KooWPgam4TzSVCRa4AbhxQnM9abCYR4E9hV57SN7eAjEYn1j"}
{"level":"info","ts":1675446282972052504,"msg":"after_provide","Node":"12D3KooWSVahexScA4jt5HsavZut74osC2MWonEzXfNpPhhVj9eq","Peer":"12D3KooWQ3XvwCaYCPy5oXzUiSVQWoBJTkSjkVnMDaDrvCDNpTtZ"}
{"level":"info","ts":1675446282998088004,"msg":"after_provide","Node":"12D3KooWSVahexScA4jt5HsavZut74osC2MWonEzXfNpPhhVj9eq","Peer":"12D3KooWQYz2inBsgiBoqNtmEn1qeRBr9B8cdishFuBgiARcfMcY"}
{"level":"info","ts":1675446283043020754,"msg":"after_provide","Node":"12D3KooWSVahexScA4jt5HsavZut74osC2MWonEzXfNpPhhVj9eq","Peer":"12D3KooWQfG74brcJhzpNwjPCZmcbBv8f6wxKgLSYmEDXXdPXQpH"}
{"level":"info","ts":1675446283061499379,"msg":"after_provide","Node":"12D3KooWSVahexScA4jt5HsavZut74osC2MWonEzXfNpPhhVj9eq","Peer":"12D3KooWFJGAAPuFWEeZUVvSEs7dEGnzgCyBpVuYAx8R9WmSNMe7"}
{"level":"info","ts":1675446283128114296,"msg":"after_provide","Node":"12D3KooWSVahexScA4jt5HsavZut74osC2MWonEzXfNpPhhVj9eq","Peer":"12D3KooWNc5rNmCJ9yvXviXaENnp7vqDQjomZwia4aA7Q3hSYkiW"}
{"level":"info","ts":1675446283155156796,"msg":"after_provide","Node":"12D3KooWSVahexScA4jt5HsavZut74osC2MWonEzXfNpPhhVj9eq","Peer":"12D3KooWCUD1fJhtHsV93H6zZCwPZq5WBLsNTSWUW86EDykHrUgd"}
{"level":"info","ts":1675446283189892088,"msg":"after_provide","Node":"12D3KooWSVahexScA4jt5HsavZut74osC2MWonEzXfNpPhhVj9eq","Peer":"12D3KooWKRyzVWW6ChFjQjK4miCty85Niy49tpPV95XdKu1BcvMA"}
{"level":"info","ts":1675446283236142213,"msg":"after_provide","Node":"12D3KooWSVahexScA4jt5HsavZut74osC2MWonEzXfNpPhhVj9eq","Peer":"12D3KooWKCz8coBHWrFr7Z3ZZekUTsZdm9bUTuKQBbX6tTvKhqmy"}
{"level":"info","ts":1675446283253600379,"msg":"after_provide","Node":"12D3KooWSVahexScA4jt5HsavZut74osC2MWonEzXfNpPhhVj9eq","Peer":"12D3KooWNentwzsa1BpUkXPJWYBg3riYQ64XM9JUCfoVt4KqwKdw"}
{"level":"info","ts":1675446283284945088,"msg":"after_provide","Node":"12D3KooWSVahexScA4jt5HsavZut74osC2MWonEzXfNpPhhVj9eq","Peer":"12D3KooWKwfWu3TQuPNRUfEjEYSANNDYvq2D2GuYdysyHcGHB58t"}
{"level":"info","ts":1675446283299881629,"msg":"after_provide","Node":"12D3KooWSVahexScA4jt5HsavZut74osC2MWonEzXfNpPhhVj9eq","Peer":"12D3KooWGEcD5sW5osB6LajkHGqiGc3W8eKfYwnJVVqfujkpLWX2"}
{"level":"info","ts":1675446283336824254,"msg":"after_provide","Node":"12D3KooWSVahexScA4jt5HsavZut74osC2MWonEzXfNpPhhVj9eq","Peer":"12D3KooWB1b3qZxWJanuhtseF3DmPggHCtG36KZ9ixkqHtdKH9fh"}
{"level":"info","ts":1675446283350965504,"msg":"after_provide","Node":"12D3KooWSVahexScA4jt5HsavZut74osC2MWonEzXfNpPhhVj9eq","Peer":"12D3KooW9yvKfP5HgVaLnNaxWywo3pLAEypk7wjUcpgKwLznk5gQ"}
{"level":"info","ts":1675446283380694671,"msg":"after_provide","Node":"12D3KooWSVahexScA4jt5HsavZut74osC2MWonEzXfNpPhhVj9eq","Peer":"12D3KooWB224kvi7vN34xJfsfW7bnv6eodxTkgo9VFA6UiaGMgRD"}
{"level":"info","ts":1675446283407401296,"msg":"after_provide","Node":"12D3KooWSVahexScA4jt5HsavZut74osC2MWonEzXfNpPhhVj9eq","Peer":"12D3KooWGFLL95aAHX7AJZzSn9vFY49znDxeaGPU14TKzrHP7ygU"}
{"level":"info","ts":1675446283425560421,"msg":"after_provide","Node":"12D3KooWSVahexScA4jt5HsavZut74osC2MWonEzXfNpPhhVj9eq","Peer":"12D3KooWCv935r3ropYhUe5yMCp9QiUoc9A6cZpYQ5x84DqEPbwb"}
{"level":"info","ts":1675446283446568213,"msg":"after_provide","Node":"12D3KooWSVahexScA4jt5HsavZut74osC2MWonEzXfNpPhhVj9eq","Peer":"12D3KooWFqdBYPrtwErMosomvD4uRtVhXQdqqZZHC3NCBZYVxr4t"}
{"level":"info","ts":1675446283469404713,"msg":"after_provide","Node":"12D3KooWSVahexScA4jt5HsavZut74osC2MWonEzXfNpPhhVj9eq","Peer":"12D3KooWGve8Xnd9qBGe7YSXskiD386LmWuWEhQjVhyLFQBiKou5"}
{"level":"info","ts":1675446283526689213,"msg":"after_provide","Node":"12D3KooWSVahexScA4jt5HsavZut74osC2MWonEzXfNpPhhVj9eq","Peer":"12D3KooWGCvi3KESxsfJqabtDpZTviCeycABxLRtCPR7aQAdAwir"}
{"level":"info","ts":1675446283538515004,"msg":"after_provide","Node":"12D3KooWSVahexScA4jt5HsavZut74osC2MWonEzXfNpPhhVj9eq","Peer":"12D3KooWL3XJ9EMCyZvmmGXL2LMiVBtrVa2BuESsJiXkSj7333Jw"}
{"level":"info","ts":1675446283578600504,"msg":"after_provide","Node":"12D3KooWSVahexScA4jt5HsavZut74osC2MWonEzXfNpPhhVj9eq","Peer":"12D3KooWE4qDcRrueTuRYWUdQZgcy7APZqBngVeXRt4Y6ytHizKV"}
{"level":"info","ts":1675446283597984046,"msg":"after_provide","Node":"12D3KooWSVahexScA4jt5HsavZut74osC2MWonEzXfNpPhhVj9eq","Peer":"12D3KooWCR2EoapJjoQVR4E3NLjWn818gG3XizQ92Yx6C424HL2g"}
{"level":"info","ts":1675446283607164629,"msg":"after_provide","Node":"12D3KooWSVahexScA4jt5HsavZut74osC2MWonEzXfNpPhhVj9eq","Peer":"12D3KooWRuYVGEsecrJJhZsSoKf1UNdBVYKFCmFLNj9ucZiSQCYj"}
{"level":"info","ts":1675446283662055296,"msg":"after_provide","Node":"12D3KooWSVahexScA4jt5HsavZut74osC2MWonEzXfNpPhhVj9eq","Peer":"12D3KooWEiCzB4bVxyxYwB7xpSvra1Yz1SB39kih4qHpFjDWoC9J"}
{"level":"info","ts":1675446283688653963,"msg":"after_provide","Node":"12D3KooWSVahexScA4jt5HsavZut74osC2MWonEzXfNpPhhVj9eq","Peer":"12D3KooWKVutoujmd2QtYCFPk6WtyU9xvAgYxFXvqLVGcBHocnmG"}
{"level":"info","ts":1675446283716680963,"msg":"after_provide","Node":"12D3KooWSVahexScA4jt5HsavZut74osC2MWonEzXfNpPhhVj9eq","Peer":"12D3KooWBHDsBRbrf52fh6czkYXYY3tTk4fSfen3ZWvYEzFeHM2g"}
{"level":"info","ts":1675446283784666213,"msg":"after_provide","Node":"12D3KooWSVahexScA4jt5HsavZut74osC2MWonEzXfNpPhhVj9eq","Peer":"12D3KooWPwVR5DRz8H7Qvmp1i7c3BmEJLsbXBvLBCDY5tikyx2yu"}
{"level":"info","ts":1675446283837771296,"msg":"after_provide","Node":"12D3KooWSVahexScA4jt5HsavZut74osC2MWonEzXfNpPhhVj9eq","Peer":"12D3KooWGBmjmt6Am4j4CWyLRd36hqj1dDKstAyLaeePmEUt7cUp"}
{"level":"info","ts":1675446283857455463,"msg":"after_provide","Node":"12D3KooWSVahexScA4jt5HsavZut74osC2MWonEzXfNpPhhVj9eq","Peer":"12D3KooWNEWRB7PnuZs164xaA9QWM3iZHekHyEQo5qGP5KCHHuSN"}
{"level":"info","ts":1675446283880810755,"msg":"after_provide","Node":"12D3KooWSVahexScA4jt5HsavZut74osC2MWonEzXfNpPhhVj9eq","Peer":"12D3KooWGBv5oKekns7NunQ9FMNXihJvwyuELAcq84Z9Hxgc2PZh"}
{"level":"info","ts":1675446283916463838,"msg":"after_provide","Node":"12D3KooWSVahexScA4jt5HsavZut74osC2MWonEzXfNpPhhVj9eq","Peer":"12D3KooWDf6Jpo3XnCHoQ7uXMpxS3RbZrysd9Z7iGWLqyQ8K87VZ"}
{"level":"info","ts":1675446283948709005,"msg":"after_provide","Node":"12D3KooWSVahexScA4jt5HsavZut74osC2MWonEzXfNpPhhVj9eq","Peer":"12D3KooWBremnqYWBDK6ctvCuhCqJAps5ZAPADu53gXhQHexrvtP"}
{"level":"info","ts":1675446283962566255,"msg":"after_provide","Node":"12D3KooWSVahexScA4jt5HsavZut74osC2MWonEzXfNpPhhVj9eq","Peer":"12D3KooWFB7QisaHRFaMwskj6JE4vuoruNMSRNL4pfL2WEReWzMd"}
{"level":"info","ts":1675446284001081255,"msg":"after_provide","Node":"12D3KooWSVahexScA4jt5HsavZut74osC2MWonEzXfNpPhhVj9eq","Peer":"12D3KooWGVijKpKXAveYbcCXhe8DhrykfXaehwPM6mcSgagqXkEg"}
{"level":"info","ts":1675446284028414838,"msg":"after_provide","Node":"12D3KooWSVahexScA4jt5HsavZut74osC2MWonEzXfNpPhhVj9eq","Peer":"12D3KooWE2N9kXfsBWLWYdtaX9uY7HxJTfFmVFQFxvUXCQ6bT883"}
{"level":"info","ts":1675446284057957796,"msg":"after_provide","Node":"12D3KooWSVahexScA4jt5HsavZut74osC2MWonEzXfNpPhhVj9eq","Peer":"12D3KooWHHzSeKaY8xuZVzkLbKFfvNgPPeKhFBGrMbNzbm5akpqu"}
{"level":"info","ts":1675446284075094421,"msg":"after_provide","Node":"12D3KooWSVahexScA4jt5HsavZut74osC2MWonEzXfNpPhhVj9eq","Peer":"12D3KooWM4yJB31d4hF2F9Vdwuj9WFo1qonoySyw4bVAQ9a9d21o"}
