{"ts":1670367782687719805,"type":"gauge","name":"runtime.MemStats.MCacheSys","measures":{"value":15600}}
{"ts":1670367784325754459,"type":"gauge","name":"runtime.MemStats.GCCPUFraction","measures":{"value":0.030585543989702105}}
{"ts":1670367784342054334,"type":"histogram","name":"runtime.MemStats.PauseNs","measures":{"count":3,"max":1798500,"mean":656291.6666666666,"min":26750,"p50":143625,"p75":1798500,"p95":1798500,"p99":1798500,"p999":1798500,"p9999":1798500,"stddev":809071.4220464238,"variance":654596565972.2223}}
{"ts":1670367784635376084,"type":"gauge","name":"runtime.MemStats.TotalAlloc","measures":{"value":32825488}}
{"ts":1670367784756597584,"type":"gauge","name":"runtime.MemStats.HeapObjects","measures":{"value":618640}}
{"ts":1670367784910437167,"type":"gauge","name":"runtime.MemStats.Lookups","measures":{"value":0}}
{"ts":1670367784966193042,"type":"gauge","name":"runtime.MemStats.Mallocs","measures":{"value":882798}}
{"ts":1670367784974728667,"type":"gauge","name":"runtime.MemStats.MCacheInuse","measures":{"value":6000}}
{"ts":1670367785215576042,"type":"gauge","name":"runtime.NumThread","measures":{"value":10}}
{"ts":1670367785242291626,"type":"gauge","name":"runtime.MemStats.NumGC","measures":{"value":3}}
{"ts":1670367785332800084,"type":"gauge","name":"runtime.NumCgoCall","measures":{"value":1}}
{"ts":1670367785879365793,"type":"gauge","name":"runtime.NumGoroutine","measures":{"value":17}}
{"ts":1670367785903755001,"type":"gauge","name":"runtime.MemStats.LastGC","measures":{"value":1670367777870281500}}
{"ts":1670367786073497084,"type":"gauge","name":"runtime.MemStats.MSpanInuse","measures":{"value":486744}}
{"ts":1670367786097183918,"type":"gauge","name":"runtime.MemStats.MSpanSys","measures":{"value":489600}}
{"ts":1670367786162832793,"type":"gauge","name":"runtime.MemStats.PauseTotalNs","measures":{"value":1968875}}
{"ts":1670367786601418376,"type":"gauge","name":"runtime.MemStats.HeapInuse","measures":{"value":27312128}}
{"ts":1670367786613472251,"type":"gauge","name":"runtime.MemStats.Sys","measures":{"value":45839624}}
{"ts":1670367786892902501,"type":"timer","name":"runtime.ReadMemStats","measures":{"count":1,"m1":0,"m15":0,"m5":0,"max":10661375,"mean":10661375,"meanrate":0.1995032981946106,"min":10661375,"p50":10661375,"p75":10661375,"p95":10661375,"p99":10661375,"p999":10661375,"p9999":10661375,"stddev":0,"variance":0}}
{"ts":1670367786984565460,"type":"gauge","name":"runtime.MemStats.DebugGC","measures":{"value":0}}
{"ts":1670367787250853377,"type":"gauge","name":"runtime.MemStats.EnableGC","measures":{"value":1}}
{"ts":1670367787268264543,"type":"gauge","name":"runtime.MemStats.Frees","measures":{"value":264158}}
{"ts":1670367787310425127,"type":"gauge","name":"runtime.MemStats.HeapIdle","measures":{"value":9060352}}
{"ts":1670367787660565252,"type":"gauge","name":"runtime.MemStats.BuckHashSys","measures":{"value":1496308}}
{"ts":1670367787793432294,"type":"gauge","name":"runtime.MemStats.HeapReleased","measures":{"value":5193728}}
{"ts":1670367787805792502,"type":"gauge","name":"runtime.MemStats.StackSys","measures":{"value":1376256}}
{"ts":1670367787885259585,"type":"gauge","name":"runtime.MemStats.Alloc","measures":{"value":25935312}}
{"ts":1670367787897171877,"type":"gauge","name":"runtime.MemStats.HeapSys","measures":{"value":36372480}}
{"ts":1670367787917985544,"type":"gauge","name":"runtime.MemStats.StackInuse","measures":{"value":1376256}}
{"ts":1670367787941150377,"type":"gauge","name":"runtime.MemStats.HeapAlloc","measures":{"value":25935312}}
{"ts":1670367788190379877,"type":"gauge","name":"runtime.MemStats.NextGC","measures":{"value":41176480}}
{"ts":1670367788287157419,"type":"gauge","name":"runtime.MemStats.HeapAlloc","measures":{"value":26099576}}
{"ts":1670367788388680835,"type":"gauge","name":"runtime.MemStats.NextGC","measures":{"value":41176480}}
{"ts":1670367788421750294,"type":"gauge","name":"runtime.MemStats.MCacheSys","measures":{"value":15600}}
{"ts":1670367788493874752,"type":"gauge","name":"runtime.MemStats.GCCPUFraction","measures":{"value":0.030585543989702105}}
{"ts":1670367788612318377,"type":"histogram","name":"runtime.MemStats.PauseNs","measures":{"count":3,"max":1798500,"mean":656291.6666666666,"min":26750,"p50":143625,"p75":1798500,"p95":1798500,"p99":1798500,"p999":1798500,"p9999":1798500,"stddev":809071.4220464238,"variance":654596565972.2223}}
{"ts":1670367789261950294,"type":"gauge","name":"runtime.MemStats.TotalAlloc","measures":{"value":32989752}}
{"ts":1670367789273190086,"type":"gauge","name":"runtime.MemStats.HeapObjects","measures":{"value":621057}}
{"ts":1670367789294715253,"type":"gauge","name":"runtime.MemStats.Lookups","measures":{"value":0}}
{"ts":1670367789605747878,"type":"gauge","name":"runtime.MemStats.Mallocs","measures":{"value":2636}}
{"ts":1670367789616650461,"type":"gauge","name":"runtime.MemStats.MCacheInuse","measures":{"value":6000}}
{"ts":1670367789665035628,"type":"gauge","name":"runtime.NumThread","measures":{"value":10}}
{"ts":1670367789674895086,"type":"gauge","name":"runtime.MemStats.NumGC","measures":{"value":0}}
{"ts":1670367789709739586,"type":"gauge","name":"runtime.NumCgoCall","measures":{"value":0}}
{"ts":1670367789772095336,"type":"gauge","name":"runtime.NumGoroutine","measures":{"value":17}}
{"ts":1670367789794656086,"type":"gauge","name":"runtime.MemStats.LastGC","measures":{"value":1670367777870281500}}
{"ts":1670367789803715544,"type":"gauge","name":"runtime.MemStats.MSpanInuse","measures":{"value":486744}}
{"ts":1670367789838038961,"type":"gauge","name":"runtime.MemStats.MSpanSys","measures":{"value":489600}}
{"ts":1670367789977929003,"type":"gauge","name":"runtime.MemStats.PauseTotalNs","measures":{"value":1968875}}
{"ts":1670367789982947336,"type":"gauge","name":"runtime.MemStats.HeapInuse","measures":{"value":27664384}}
{"ts":1670367790000869628,"type":"gauge","name":"runtime.MemStats.Sys","measures":{"value":45839624}}
{"ts":1670367790018602461,"type":"timer","name":"runtime.ReadMemStats","measures":{"count":2,"m1":0.015991117074135343,"m15":0.0011080303990206543,"m5":0.0033057092356765017,"max":67176167,"mean":38918771,"meanrate":0.18871020584491233,"min":10661375,"p50":38918771,"p75":67176167,"p95":67176167,"p99":67176167,"p999":67176167,"p9999":67176167,"stddev":28257396,"variance":798480428700816}}
{"ts":1670367790069348670,"type":"gauge","name":"runtime.MemStats.DebugGC","measures":{"value":0}}
{"ts":1670367790080410961,"type":"gauge","name":"runtime.MemStats.EnableGC","measures":{"value":1}}
{"ts":1670367790091032295,"type":"gauge","name":"runtime.MemStats.Frees","measures":{"value":219}}
{"ts":1670367790100690836,"type":"gauge","name":"runtime.MemStats.HeapIdle","measures":{"value":8577024}}
{"ts":1670367790119822503,"type":"gauge","name":"runtime.MemStats.BuckHashSys","measures":{"value":1496308}}
{"ts":1670367790136164920,"type":"gauge","name":"runtime.MemStats.HeapReleased","measures":{"value":4808704}}
{"ts":1670367790168305878,"type":"gauge","name":"runtime.MemStats.StackSys","measures":{"value":1507328}}
{"ts":1670367790195993420,"type":"gauge","name":"runtime.MemStats.Alloc","measures":{"value":26099576}}
{"ts":1670367790235845836,"type":"gauge","name":"runtime.MemStats.HeapSys","measures":{"value":36241408}}
{"ts":1670367790251408670,"type":"gauge","name":"runtime.MemStats.StackInuse","measures":{"value":1507328}}
{"ts":1670367792716731879,"type":"gauge","name":"runtime.MemStats.DebugGC","measures":{"value":0}}
{"ts":1670367792738219379,"type":"gauge","name":"runtime.MemStats.EnableGC","measures":{"value":1}}
{"ts":1670367792759115588,"type":"gauge","name":"runtime.MemStats.Frees","measures":{"value":219}}
{"ts":1670367792795414213,"type":"gauge","name":"runtime.MemStats.HeapIdle","measures":{"value":8142848}}
{"ts":1670367792803368879,"type":"gauge","name":"runtime.MemStats.HeapInuse","measures":{"value":27836416}}
{"ts":1670367792820918254,"type":"gauge","name":"runtime.MemStats.Sys","measures":{"value":45839624}}
{"ts":1670367792832858629,"type":"timer","name":"runtime.ReadMemStats","measures":{"count":3,"m1":0.030703655021877167,"m15":0.002209922141215539,"m5":0.0065567799035988195,"max":67176167,"mean":32150639,"meanrate":0.19973323952097427,"min":10661375,"p50":18614375,"p75":67176167,"p95":67176167,"p99":67176167,"p999":67176167,"p9999":67176167,"stddev":24978701.073902782,"variance":623935507339392}}
{"ts":1670367792848352629,"type":"gauge","name":"runtime.MemStats.BuckHashSys","measures":{"value":1496308}}
{"ts":1670367792851045963,"type":"gauge","name":"runtime.MemStats.HeapReleased","measures":{"value":4710400}}
{"ts":1670367792852807838,"type":"gauge","name":"runtime.MemStats.StackSys","measures":{"value":1769472}}
{"ts":1670367792903519796,"type":"gauge","name":"runtime.MemStats.Alloc","measures":{"value":26265032}}
{"ts":1670367792912969463,"type":"gauge","name":"runtime.MemStats.HeapSys","measures":{"value":35979264}}
{"ts":1670367792920904421,"type":"gauge","name":"runtime.MemStats.StackInuse","measures":{"value":1769472}}
{"ts":1670367792930850796,"type":"gauge","name":"runtime.MemStats.HeapAlloc","measures":{"value":26265032}}
{"ts":1670367792932912338,"type":"gauge","name":"runtime.MemStats.NextGC","measures":{"value":41176480}}
{"ts":1670367792936270129,"type":"gauge","name":"runtime.MemStats.HeapObjects","measures":{"value":623332}}
{"ts":1670367792938880963,"type":"gauge","name":"runtime.MemStats.Lookups","measures":{"value":0}}
{"ts":1670367792946912379,"type":"gauge","name":"runtime.MemStats.Mallocs","measures":{"value":2494}}
{"ts":1670367792950697921,"type":"gauge","name":"runtime.MemStats.MCacheInuse","measures":{"value":6000}}
{"ts":1670367792962135296,"type":"gauge","name":"runtime.MemStats.MCacheSys","measures":{"value":15600}}
{"ts":1670367792964030671,"type":"gauge","name":"runtime.MemStats.GCCPUFraction","measures":{"value":0.030585543989702105}}
{"ts":1670367792983450004,"type":"histogram","name":"runtime.MemStats.PauseNs","measures":{"count":3,"max":1798500,"mean":656291.6666666666,"min":26750,"p50":143625,"p75":1798500,"p95":1798500,"p99":1798500,"p999":1798500,"p9999":1798500,"stddev":809071.4220464238,"variance":654596565972.2223}}
{"ts":1670367792990046796,"type":"gauge","name":"runtime.MemStats.TotalAlloc","measures":{"value":33155208}}
{"ts":1670367793020488963,"type":"gauge","name":"runtime.NumThread","measures":{"value":10}}
{"ts":1670367793027145171,"type":"gauge","name":"runtime.MemStats.NumGC","measures":{"value":0}}
{"ts":1670367793033542838,"type":"gauge","name":"runtime.NumCgoCall","measures":{"value":0}}
{"ts":1670367793041828463,"type":"gauge","name":"runtime.MemStats.LastGC","measures":{"value":1670367777870281500}}
{"ts":1670367793042768338,"type":"gauge","name":"runtime.MemStats.MSpanInuse","measures":{"value":486744}}
{"ts":1670367793052094921,"type":"gauge","name":"runtime.MemStats.MSpanSys","measures":{"value":489600}}
{"ts":1670367793053162713,"type":"gauge","name":"runtime.MemStats.PauseTotalNs","measures":{"value":1968875}}
{"ts":1670367793075915629,"type":"gauge","name":"runtime.NumGoroutine","measures":{"value":17}}
{"ts":1670367797712296882,"type":"gauge","name":"runtime.MemStats.MSpanInuse","measures":{"value":486744}}
{"ts":1670367797749590548,"type":"gauge","name":"runtime.MemStats.MSpanSys","measures":{"value":489600}}
{"ts":1670367797775816090,"type":"gauge","name":"runtime.MemStats.PauseTotalNs","measures":{"value":1968875}}
{"ts":1670367797799526632,"type":"gauge","name":"runtime.NumGoroutine","measures":{"value":17}}
{"ts":1670367797930763715,"type":"gauge","name":"runtime.MemStats.LastGC","measures":{"value":1670367777870281500}}
{"ts":1670367798000080548,"type":"gauge","name":"runtime.MemStats.EnableGC","measures":{"value":1}}
{"ts":1670367800260588799,"type":"gauge","name":"runtime.MemStats.Frees","measures":{"value":205}}
{"ts":1670367800342962799,"type":"gauge","name":"runtime.MemStats.HeapIdle","measures":{"value":8060928}}
{"ts":1670367800427969508,"type":"gauge","name":"runtime.MemStats.HeapInuse","measures":{"value":27918336}}
{"ts":1670367800515857800,"type":"gauge","name":"runtime.MemStats.Sys","measures":{"value":46101768}}
{"ts":1670367800592541341,"type":"timer","name":"runtime.ReadMemStats","measures":{"count":4,"m1":0.044239843385719006,"m15":0.003305709235676515,"m5":0.009754115099857198,"max":67176167,"mean":29721708.25,"meanrate":0.19976972077823593,"min":10661375,"p50":20524645.5,"p75":55990854.25,"p95":67176167,"p99":67176167,"p999":67176167,"p9999":67176167,"stddev":22037484.980583213,"variance":485650744269430.7}}
{"ts":1670367801084042342,"type":"gauge","name":"runtime.MemStats.DebugGC","measures":{"value":0}}
{"ts":1670367801094593508,"type":"gauge","name":"runtime.MemStats.HeapReleased","measures":{"value":4628480}}
{"ts":1670367801120073425,"type":"gauge","name":"runtime.MemStats.StackSys","measures":{"value":1769472}}
{"ts":1670367801151387550,"type":"gauge","name":"runtime.MemStats.BuckHashSys","measures":{"value":1496308}}
{"ts":1670367801168785592,"type":"gauge","name":"runtime.MemStats.HeapSys","measures":{"value":35979264}}
{"ts":1670367801174852758,"type":"gauge","name":"runtime.MemStats.StackInuse","measures":{"value":1769472}}
{"ts":1670367801186314550,"type":"gauge","name":"runtime.MemStats.Alloc","measures":{"value":26418448}}
{"ts":1670367801197858300,"type":"gauge","name":"runtime.MemStats.NextGC","measures":{"value":41176480}}
{"ts":1670367801207958175,"type":"gauge","name":"runtime.MemStats.HeapAlloc","measures":{"value":26418448}}
{"ts":1670367801230647008,"type":"gauge","name":"runtime.MemStats.Lookups","measures":{"value":0}}
{"ts":1670367801236939633,"type":"gauge","name":"runtime.MemStats.Mallocs","measures":{"value":2237}}
{"ts":1670367801240317883,"type":"gauge","name":"runtime.MemStats.MCacheInuse","measures":{"value":6000}}
{"ts":1670367801246396758,"type":"gauge","name":"runtime.MemStats.MCacheSys","measures":{"value":15600}}
{"ts":1670367801254267758,"type":"gauge","name":"runtime.MemStats.GCCPUFraction","measures":{"value":0.030585543989702105}}
{"ts":1670367801276170258,"type":"histogram","name":"runtime.MemStats.PauseNs","measures":{"count":3,"max":1798500,"mean":656291.6666666666,"min":26750,"p50":143625,"p75":1798500,"p95":1798500,"p99":1798500,"p999":1798500,"p9999":1798500,"stddev":809071.4220464238,"variance":654596565972.2223}}
{"ts":1670367801292826092,"type":"gauge","name":"runtime.MemStats.TotalAlloc","measures":{"value":33308624}}
{"ts":1670367801310265925,"type":"gauge","name":"runtime.MemStats.HeapObjects","measures":{"value":625364}}
{"ts":1670367801332028925,"type":"gauge","name":"runtime.NumThread","measures":{"value":10}}
{"ts":1670367801430214300,"type":"gauge","name":"runtime.NumCgoCall","measures":{"value":0}}
{"ts":1670367801445513925,"type":"gauge","name":"runtime.MemStats.NumGC","measures":{"value":0}}
{"ts":1670367802913983759,"type":"gauge","name":"runtime.MemStats.BuckHashSys","measures":{"value":1496308}}
{"ts":1670367802971841634,"type":"gauge","name":"runtime.MemStats.HeapReleased","measures":{"value":4579328}}
{"ts":1670367802993834134,"type":"gauge","name":"runtime.MemStats.StackSys","measures":{"value":1769472}}
{"ts":1670367803122773884,"type":"gauge","name":"runtime.MemStats.Alloc","measures":{"value":26512656}}
{"ts":1670367803161480218,"type":"gauge","name":"runtime.MemStats.HeapSys","measures":{"value":35979264}}
{"ts":1670367803167218843,"type":"gauge","name":"runtime.MemStats.StackInuse","measures":{"value":1769472}}
{"ts":1670367803170578593,"type":"gauge","name":"runtime.MemStats.HeapAlloc","measures":{"value":26512656}}
{"ts":1670367803175243968,"type":"gauge","name":"runtime.MemStats.NextGC","measures":{"value":41176480}}
{"ts":1670367803183462634,"type":"gauge","name":"runtime.MemStats.TotalAlloc","measures":{"value":33402832}}
{"ts":1670367803195048676,"type":"gauge","name":"runtime.MemStats.HeapObjects","measures":{"value":627156}}
{"ts":1670367803220014718,"type":"gauge","name":"runtime.MemStats.Lookups","measures":{"value":0}}
{"ts":1670367803237936343,"type":"gauge","name":"runtime.MemStats.Mallocs","measures":{"value":1939}}
{"ts":1670367803248463426,"type":"gauge","name":"runtime.MemStats.MCacheInuse","measures":{"value":6000}}
{"ts":1670367803254554509,"type":"gauge","name":"runtime.MemStats.MCacheSys","measures":{"value":15600}}
{"ts":1670367803260715801,"type":"gauge","name":"runtime.MemStats.GCCPUFraction","measures":{"value":0.030585543989702105}}
{"ts":1670367803270814343,"type":"histogram","name":"runtime.MemStats.PauseNs","measures":{"count":3,"max":1798500,"mean":656291.6666666666,"min":26750,"p50":143625,"p75":1798500,"p95":1798500,"p99":1798500,"p999":1798500,"p9999":1798500,"stddev":809071.4220464238,"variance":654596565972.2223}}
{"ts":1670367803363903218,"type":"gauge","name":"runtime.NumThread","measures":{"value":10}}
{"ts":1670367803412809551,"type":"gauge","name":"runtime.MemStats.NumGC","measures":{"value":0}}
{"ts":1670367803418063968,"type":"gauge","name":"runtime.NumCgoCall","measures":{"value":0}}
{"ts":1670367803420111509,"type":"gauge","name":"runtime.MemStats.LastGC","measures":{"value":1670367777870281500}}
{"ts":1670367803425161884,"type":"gauge","name":"runtime.MemStats.MSpanInuse","measures":{"value":486744}}
{"ts":1670367803425919676,"type":"gauge","name":"runtime.MemStats.MSpanSys","measures":{"value":489600}}
{"ts":1670367803427292343,"type":"gauge","name":"runtime.MemStats.PauseTotalNs","measures":{"value":1968875}}
{"ts":1670367803428423343,"type":"gauge","name":"runtime.NumGoroutine","measures":{"value":18}}
{"ts":1670367803442152968,"type":"gauge","name":"runtime.MemStats.DebugGC","measures":{"value":0}}
{"ts":1670367803443060343,"type":"gauge","name":"runtime.MemStats.EnableGC","measures":{"value":1}}
{"ts":1670367803448430593,"type":"gauge","name":"runtime.MemStats.Frees","measures":{"value":147}}
{"ts":1670367803451554593,"type":"gauge","name":"runtime.MemStats.HeapIdle","measures":{"value":7962624}}
{"ts":1670367803457739093,"type":"gauge","name":"runtime.MemStats.HeapInuse","measures":{"value":28016640}}
{"ts":1670367803460240551,"type":"gauge","name":"runtime.MemStats.Sys","measures":{"value":46101768}}
{"ts":1670367803464810634,"type":"timer","name":"runtime.ReadMemStats","measures":{"count":5,"m1":0.056693737885242124,"m15":0.004395425503079905,"m5":0.012898602993676452,"max":67176167,"mean":31509350,"meanrate":0.198217644691308,"min":10661375,"p50":22434916,"p75":52918042,"p95":67176167,"p99":67176167,"p999":67176167,"p9999":67176167,"stddev":20032554.6928223,"variance":401303247520916.8}}
{"ts":1670367807697929553,"type":"gauge","name":"runtime.MemStats.MCacheSys","measures":{"value":15600}}
{"ts":1670367807881432720,"type":"gauge","name":"runtime.MemStats.GCCPUFraction","measures":{"value":0.030585543989702105}}
{"ts":1670367808563909762,"type":"histogram","name":"runtime.MemStats.PauseNs","measures":{"count":3,"max":1798500,"mean":656291.6666666666,"min":26750,"p50":143625,"p75":1798500,"p95":1798500,"p99":1798500,"p999":1798500,"p9999":1798500,"stddev":809071.4220464238,"variance":654596565972.2223}}
{"ts":1670367808770368470,"type":"gauge","name":"runtime.MemStats.TotalAlloc","measures":{"value":33555984}}
{"ts":1670367808774105679,"type":"gauge","name":"runtime.MemStats.HeapObjects","measures":{"value":629147}}
{"ts":1670367808780456054,"type":"gauge","name":"runtime.MemStats.Lookups","measures":{"value":0}}
{"ts":1670367808784145429,"type":"gauge","name":"runtime.MemStats.Mallocs","measures":{"value":2189}}
{"ts":1670367808818384345,"type":"gauge","name":"runtime.MemStats.MCacheInuse","measures":{"value":6000}}
{"ts":1670367808828868804,"type":"gauge","name":"runtime.NumThread","measures":{"value":10}}
{"ts":1670367808830901970,"type":"gauge","name":"runtime.MemStats.NumGC","measures":{"value":0}}
{"ts":1670367808841497929,"type":"gauge","name":"runtime.NumCgoCall","measures":{"value":0}}
{"ts":1670367808846037804,"type":"gauge","name":"runtime.NumGoroutine","measures":{"value":18}}
{"ts":1670367808849423554,"type":"gauge","name":"runtime.MemStats.LastGC","measures":{"value":1670367777870281500}}
{"ts":1670367808853299345,"type":"gauge","name":"runtime.MemStats.MSpanInuse","measures":{"value":495448}}
{"ts":1670367808907590345,"type":"gauge","name":"runtime.MemStats.MSpanSys","measures":{"value":505920}}
{"ts":1670367809047793012,"type":"gauge","name":"runtime.MemStats.PauseTotalNs","measures":{"value":1968875}}
{"ts":1670367809051185470,"type":"gauge","name":"runtime.MemStats.HeapInuse","measures":{"value":28090368}}
{"ts":1670367809076113595,"type":"gauge","name":"runtime.MemStats.Sys","measures":{"value":46101768}}
{"ts":1670367809077421637,"type":"timer","name":"runtime.ReadMemStats","measures":{"count":6,"m1":0.06815187395991122,"m15":0.0054791045767303434,"m5":0.015991117074135346,"max":67176167,"mean":26473152.833333332,"meanrate":0.1999396139778649,"min":1292167,"p50":20524645.5,"p75":45788979.5,"p95":67176167,"p99":67176167,"p999":67176167,"p9999":67176167,"stddev":21476400.593251288,"variance":461235782441804.25}}
{"ts":1670367809083937679,"type":"gauge","name":"runtime.MemStats.DebugGC","measures":{"value":0}}
{"ts":1670367809126323637,"type":"gauge","name":"runtime.MemStats.EnableGC","measures":{"value":1}}
{"ts":1670367809135371470,"type":"gauge","name":"runtime.MemStats.Frees","measures":{"value":198}}
{"ts":1670367809159740262,"type":"gauge","name":"runtime.MemStats.HeapIdle","measures":{"value":7888896}}
{"ts":1670367809167486929,"type":"gauge","name":"runtime.MemStats.BuckHashSys","measures":{"value":1496308}}
{"ts":1670367809174283554,"type":"gauge","name":"runtime.MemStats.HeapReleased","measures":{"value":4538368}}
{"ts":1670367809190247887,"type":"gauge","name":"runtime.MemStats.StackSys","measures":{"value":1769472}}
{"ts":1670367809192059220,"type":"gauge","name":"runtime.MemStats.Alloc","measures":{"value":26665808}}
{"ts":1670367809212678137,"type":"gauge","name":"runtime.MemStats.HeapSys","measures":{"value":35979264}}
{"ts":1670367809224817512,"type":"gauge","name":"runtime.MemStats.StackInuse","measures":{"value":1769472}}
{"ts":1670367809232781595,"type":"gauge","name":"runtime.MemStats.HeapAlloc","measures":{"value":26665808}}
{"ts":1670367809243961637,"type":"gauge","name":"runtime.MemStats.NextGC","measures":{"value":41176480}}
{"ts":1670367812694199847,"type":"gauge","name":"runtime.MemStats.HeapAlloc","measures":{"value":27003632}}
{"ts":1670367812696849639,"type":"gauge","name":"runtime.MemStats.NextGC","measures":{"value":41176480}}
{"ts":1670367812703204180,"type":"gauge","name":"runtime.MemStats.Mallocs","measures":{"value":3150}}
{"ts":1670367812712592555,"type":"gauge","name":"runtime.MemStats.MCacheInuse","measures":{"value":6000}}
{"ts":1670367812726247264,"type":"gauge","name":"runtime.MemStats.MCacheSys","measures":{"value":15600}}
{"ts":1670367812727969264,"type":"gauge","name":"runtime.MemStats.GCCPUFraction","measures":{"value":0.030585543989702105}}
{"ts":1670367812729193305,"type":"histogram","name":"runtime.MemStats.PauseNs","measures":{"count":3,"max":1798500,"mean":656291.6666666666,"min":26750,"p50":143625,"p75":1798500,"p95":1798500,"p99":1798500,"p999":1798500,"p9999":1798500,"stddev":809071.4220464238,"variance":654596565972.2223}}
{"ts":1670367812735077389,"type":"gauge","name":"runtime.MemStats.TotalAlloc","measures":{"value":33893808}}
{"ts":1670367812738084097,"type":"gauge","name":"runtime.MemStats.HeapObjects","measures":{"value":631963}}
{"ts":1670367812739561097,"type":"gauge","name":"runtime.MemStats.Lookups","measures":{"value":0}}
{"ts":1670367812743071264,"type":"gauge","name":"runtime.NumThread","measures":{"value":10}}
{"ts":1670367812744181430,"type":"gauge","name":"runtime.MemStats.NumGC","measures":{"value":0}}
{"ts":1670367812745339847,"type":"gauge","name":"runtime.NumCgoCall","measures":{"value":0}}
{"ts":1670367812746739597,"type":"gauge","name":"runtime.MemStats.MSpanSys","measures":{"value":505920}}
{"ts":1670367812748328930,"type":"gauge","name":"runtime.MemStats.PauseTotalNs","measures":{"value":1968875}}
{"ts":1670367812757952722,"type":"gauge","name":"runtime.NumGoroutine","measures":{"value":17}}
{"ts":1670367812759243305,"type":"gauge","name":"runtime.MemStats.LastGC","measures":{"value":1670367777870281500}}
{"ts":1670367812783667639,"type":"gauge","name":"runtime.MemStats.MSpanInuse","measures":{"value":495448}}
{"ts":1670367812785298555,"type":"gauge","name":"runtime.MemStats.Frees","measures":{"value":334}}
{"ts":1670367812787387347,"type":"gauge","name":"runtime.MemStats.HeapIdle","measures":{"value":7135232}}
{"ts":1670367812789892722,"type":"gauge","name":"runtime.MemStats.HeapInuse","measures":{"value":28581888}}
{"ts":1670367812790844639,"type":"gauge","name":"runtime.MemStats.Sys","measures":{"value":46101768}}
{"ts":1670367812792003805,"type":"timer","name":"runtime.ReadMemStats","measures":{"count":7,"m1":0.07869386805747328,"m15":0.0065567799035988455,"m5":0.019032516392808084,"max":67176167,"mean":23242994,"meanrate":0.19996951860057238,"min":1292167,"p50":18614375,"p75":38659917,"p95":67176167,"p99":67176167,"p999":67176167,"p9999":67176167,"stddev":21399731.608365033,"variance":457948512910057.44}}
{"ts":1670367812795142847,"type":"gauge","name":"runtime.MemStats.DebugGC","measures":{"value":0}}
{"ts":1670367812797448305,"type":"gauge","name":"runtime.MemStats.EnableGC","measures":{"value":1}}
{"ts":1670367812801513347,"type":"gauge","name":"runtime.MemStats.StackSys","measures":{"value":2031616}}
{"ts":1670367812803260139,"type":"gauge","name":"runtime.MemStats.BuckHashSys","measures":{"value":1496556}}
{"ts":1670367812805766972,"type":"gauge","name":"runtime.MemStats.HeapReleased","measures":{"value":4104192}}
{"ts":1670367812806503680,"type":"gauge","name":"runtime.MemStats.StackInuse","measures":{"value":2031616}}
{"ts":1670367812808570639,"type":"gauge","name":"runtime.MemStats.Alloc","measures":{"value":27003632}}
{"ts":1670367812809905847,"type":"gauge","name":"runtime.MemStats.HeapSys","measures":{"value":35717120}}
{"ts":1670367817700301418,"type":"gauge","name":"runtime.MemStats.HeapAlloc","measures":{"value":27220056}}
{"ts":1670367817704479252,"type":"gauge","name":"runtime.MemStats.NextGC","measures":{"value":41176480}}
{"ts":1670367817710449918,"type":"gauge","name":"runtime.MemStats.GCCPUFraction","measures":{"value":0.030585543989702105}}
{"ts":1670367817725979335,"type":"histogram","name":"runtime.MemStats.PauseNs","measures":{"count":3,"max":1798500,"mean":656291.6666666666,"min":26750,"p50":143625,"p75":1798500,"p95":1798500,"p99":1798500,"p999":1798500,"p9999":1798500,"stddev":809071.4220464238,"variance":654596565972.2223}}
{"ts":1670367817728911710,"type":"gauge","name":"runtime.MemStats.TotalAlloc","measures":{"value":34110232}}
{"ts":1670367817735078127,"type":"gauge","name":"runtime.MemStats.HeapObjects","measures":{"value":634501}}
{"ts":1670367817740926668,"type":"gauge","name":"runtime.MemStats.Lookups","measures":{"value":0}}
{"ts":1670367817764845002,"type":"gauge","name":"runtime.MemStats.Mallocs","measures":{"value":2754}}
{"ts":1670367817792525210,"type":"gauge","name":"runtime.MemStats.MCacheInuse","measures":{"value":6000}}
{"ts":1670367817797491960,"type":"gauge","name":"runtime.MemStats.MCacheSys","measures":{"value":15600}}
{"ts":1670367817817615335,"type":"gauge","name":"runtime.NumThread","measures":{"value":10}}
{"ts":1670367817819890627,"type":"gauge","name":"runtime.MemStats.NumGC","measures":{"value":0}}
{"ts":1670367817825306002,"type":"gauge","name":"runtime.NumCgoCall","measures":{"value":0}}
{"ts":1670367817834336460,"type":"gauge","name":"runtime.MemStats.LastGC","measures":{"value":1670367777870281500}}
{"ts":1670367817837816168,"type":"gauge","name":"runtime.MemStats.MSpanInuse","measures":{"value":495448}}
{"ts":1670367817839644543,"type":"gauge","name":"runtime.MemStats.MSpanSys","measures":{"value":505920}}
{"ts":1670367817841920044,"type":"gauge","name":"runtime.MemStats.PauseTotalNs","measures":{"value":1968875}}
{"ts":1670367817844534877,"type":"gauge","name":"runtime.NumGoroutine","measures":{"value":19}}
{"ts":1670367817847812502,"type":"gauge","name":"runtime.MemStats.Sys","measures":{"value":46101768}}
{"ts":1670367817849328919,"type":"timer","name":"runtime.ReadMemStats","measures":{"count":8,"m1":0.08839297084599056,"m15":0.007628484745355124,"m5":0.02202364580239524,"max":67176167,"mean":20643270.75,"meanrate":0.19997963781830333,"min":1292167,"p50":14637875,"p75":34603666.75,"p95":67176167,"p99":67176167,"p999":67176167,"p9999":67176167,"stddev":21166361.889385577,"variance":448014875632434.2}}
{"ts":1670367817852559835,"type":"gauge","name":"runtime.MemStats.DebugGC","measures":{"value":0}}
{"ts":1670367817855886377,"type":"gauge","name":"runtime.MemStats.EnableGC","measures":{"value":1}}
{"ts":1670367817857323835,"type":"gauge","name":"runtime.MemStats.Frees","measures":{"value":216}}
{"ts":1670367817862094710,"type":"gauge","name":"runtime.MemStats.HeapIdle","measures":{"value":6545408}}
{"ts":1670367817866851169,"type":"gauge","name":"runtime.MemStats.HeapInuse","measures":{"value":28680192}}
{"ts":1670367817868230335,"type":"gauge","name":"runtime.MemStats.BuckHashSys","measures":{"value":1496556}}
{"ts":1670367817869133127,"type":"gauge","name":"runtime.MemStats.HeapReleased","measures":{"value":4005888}}
{"ts":1670367817875182127,"type":"gauge","name":"runtime.MemStats.StackSys","measures":{"value":2523136}}
{"ts":1670367817887703544,"type":"gauge","name":"runtime.MemStats.Alloc","measures":{"value":27220056}}
{"ts":1670367817908520794,"type":"gauge","name":"runtime.MemStats.HeapSys","measures":{"value":35225600}}
{"ts":1670367817936905294,"type":"gauge","name":"runtime.MemStats.StackInuse","measures":{"value":2523136}}
{"ts":1670367822704571962,"type":"gauge","name":"runtime.NumCgoCall","measures":{"value":0}}
{"ts":1670367822713726087,"type":"gauge","name":"runtime.MemStats.NumGC","measures":{"value":0}}
{"ts":1670367822716211212,"type":"gauge","name":"runtime.MemStats.MSpanInuse","measures":{"value":617304}}
{"ts":1670367822718329004,"type":"gauge","name":"runtime.MemStats.MSpanSys","measures":{"value":620160}}
{"ts":1670367822721594129,"type":"gauge","name":"runtime.MemStats.PauseTotalNs","measures":{"value":1968875}}
{"ts":1670367822722825421,"type":"gauge","name":"runtime.NumGoroutine","measures":{"value":276}}
{"ts":1670367822728124754,"type":"gauge","name":"runtime.MemStats.LastGC","measures":{"value":1670367777870281500}}
{"ts":1670367822746984671,"type":"gauge","name":"runtime.MemStats.EnableGC","measures":{"value":1}}
{"ts":1670367822751315421,"type":"gauge","name":"runtime.MemStats.Frees","measures":{"value":4206}}
{"ts":1670367822753227504,"type":"gauge","name":"runtime.MemStats.HeapIdle","measures":{"value":1843200}}
{"ts":1670367822755728588,"type":"gauge","name":"runtime.MemStats.HeapInuse","measures":{"value":34463744}}
{"ts":1670367822757821796,"type":"gauge","name":"runtime.MemStats.Sys","measures":{"value":71595272}}
{"ts":1670367822759118213,"type":"timer","name":"runtime.ReadMemStats","measures":{"count":9,"m1":0.09731657619348157,"m15":0.008694252179394185,"m5":0.02496533619141051,"max":67176167,"mean":19089865.666666668,"meanrate":0.1999601117569466,"min":1292167,"p50":10661375,"p75":30547416.5,"p95":67176167,"p99":67176167,"p999":67176167,"p9999":67176167,"stddev":20433795.140159715,"variance":417539983830014.8}}
{"ts":1670367822761255671,"type":"gauge","name":"runtime.MemStats.DebugGC","measures":{"value":0}}
{"ts":1670367822764451088,"type":"gauge","name":"runtime.MemStats.HeapReleased","measures":{"value":1744896}}
{"ts":1670367822768021588,"type":"gauge","name":"runtime.MemStats.StackSys","measures":{"value":26607616}}
{"ts":1670367822779901546,"type":"gauge","name":"runtime.MemStats.BuckHashSys","measures":{"value":1499068}}
{"ts":1670367822781111629,"type":"gauge","name":"runtime.MemStats.HeapSys","measures":{"value":36306944}}
{"ts":1670367822781891838,"type":"gauge","name":"runtime.MemStats.StackInuse","measures":{"value":26607616}}
{"ts":1670367822811799713,"type":"gauge","name":"runtime.MemStats.Alloc","measures":{"value":32429616}}
{"ts":1670367822813822004,"type":"gauge","name":"runtime.MemStats.NextGC","measures":{"value":41176480}}
{"ts":1670367822815325713,"type":"gauge","name":"runtime.MemStats.HeapAlloc","measures":{"value":32429616}}
{"ts":1670367822820730546,"type":"gauge","name":"runtime.MemStats.Lookups","measures":{"value":0}}
{"ts":1670367822821824629,"type":"gauge","name":"runtime.MemStats.Mallocs","measures":{"value":63366}}
{"ts":1670367822824454254,"type":"gauge","name":"runtime.MemStats.MCacheInuse","measures":{"value":6000}}
{"ts":1670367822826524546,"type":"gauge","name":"runtime.MemStats.MCacheSys","measures":{"value":15600}}
{"ts":1670367822829909713,"type":"gauge","name":"runtime.MemStats.GCCPUFraction","measures":{"value":0.030585543989702105}}
{"ts":1670367822837073088,"type":"histogram","name":"runtime.MemStats.PauseNs","measures":{"count":3,"max":1798500,"mean":656291.6666666666,"min":26750,"p50":143625,"p75":1798500,"p95":1798500,"p99":1798500,"p999":1798500,"p9999":1798500,"stddev":809071.4220464238,"variance":654596565972.2223}}
{"ts":1670367822838157921,"type":"gauge","name":"runtime.MemStats.TotalAlloc","measures":{"value":39319792}}
{"ts":1670367822840022838,"type":"gauge","name":"runtime.MemStats.HeapObjects","measures":{"value":693661}}
{"ts":1670367822841144463,"type":"gauge","name":"runtime.NumThread","measures":{"value":12}}
{"ts":1670367827704734882,"type":"gauge","name":"runtime.MemStats.StackInuse","measures":{"value":31719424}}
{"ts":1670367827706674382,"type":"gauge","name":"runtime.MemStats.Alloc","measures":{"value":34087688}}
{"ts":1670367827708313215,"type":"gauge","name":"runtime.MemStats.HeapSys","measures":{"value":39583744}}
{"ts":1670367827709680548,"type":"gauge","name":"runtime.MemStats.HeapAlloc","measures":{"value":34087688}}
{"ts":1670367827711058007,"type":"gauge","name":"runtime.MemStats.NextGC","measures":{"value":41176480}}
{"ts":1670367827713671507,"type":"gauge","name":"runtime.MemStats.Mallocs","measures":{"value":23991}}
{"ts":1670367827714963965,"type":"gauge","name":"runtime.MemStats.MCacheInuse","measures":{"value":6000}}
{"ts":1670367827716444882,"type":"gauge","name":"runtime.MemStats.MCacheSys","measures":{"value":15600}}
{"ts":1670367827719476798,"type":"gauge","name":"runtime.MemStats.GCCPUFraction","measures":{"value":0.030585543989702105}}
{"ts":1670367827721548632,"type":"histogram","name":"runtime.MemStats.PauseNs","measures":{"count":3,"max":1798500,"mean":656291.6666666666,"min":26750,"p50":143625,"p75":1798500,"p95":1798500,"p99":1798500,"p999":1798500,"p9999":1798500,"stddev":809071.4220464238,"variance":654596565972.2223}}
{"ts":1670367827723954048,"type":"gauge","name":"runtime.MemStats.TotalAlloc","measures":{"value":40977864}}
{"ts":1670367827726505173,"type":"gauge","name":"runtime.MemStats.HeapObjects","measures":{"value":716631}}
{"ts":1670367827728506715,"type":"gauge","name":"runtime.MemStats.Lookups","measures":{"value":0}}
{"ts":1670367827729621923,"type":"gauge","name":"runtime.NumThread","measures":{"value":12}}
{"ts":1670367827730784048,"type":"gauge","name":"runtime.MemStats.NumGC","measures":{"value":0}}
{"ts":1670367827731613090,"type":"gauge","name":"runtime.NumCgoCall","measures":{"value":0}}
{"ts":1670367827732783257,"type":"gauge","name":"runtime.MemStats.MSpanSys","measures":{"value":636480}}
{"ts":1670367827734091548,"type":"gauge","name":"runtime.MemStats.PauseTotalNs","measures":{"value":1968875}}
{"ts":1670367827736038923,"type":"gauge","name":"runtime.NumGoroutine","measures":{"value":305}}
{"ts":1670367827737263465,"type":"gauge","name":"runtime.MemStats.LastGC","measures":{"value":1670367777870281500}}
{"ts":1670367827738236548,"type":"gauge","name":"runtime.MemStats.MSpanInuse","measures":{"value":626008}}
{"ts":1670367827739510423,"type":"gauge","name":"runtime.MemStats.Frees","measures":{"value":1021}}
{"ts":1670367827740578840,"type":"gauge","name":"runtime.MemStats.HeapIdle","measures":{"value":3620864}}
{"ts":1670367827741716965,"type":"gauge","name":"runtime.MemStats.HeapInuse","measures":{"value":35962880}}
{"ts":1670367827759110423,"type":"gauge","name":"runtime.MemStats.Sys","measures":{"value":82149656}}
{"ts":1670367827760215090,"type":"timer","name":"runtime.ReadMemStats","measures":{"count":10,"m1":0.10552668945179702,"m15":0.009754115099857238,"m5":0.02785840471498844,"max":67176167,"mean":17926800,"meanrate":0.19996349290505652,"min":1292167,"p50":9060292,"p75":26491166.25,"p95":67176167,"p99":67176167,"p999":67176167,"p9999":67176167,"stddev":19696712.44527427,"variance":387960481151822.4}}
{"ts":1670367827761407007,"type":"gauge","name":"runtime.MemStats.DebugGC","measures":{"value":0}}
{"ts":1670367827762996257,"type":"gauge","name":"runtime.MemStats.EnableGC","measures":{"value":1}}
{"ts":1670367827765499257,"type":"gauge","name":"runtime.MemStats.StackSys","measures":{"value":31719424}}
{"ts":1670367827766376507,"type":"gauge","name":"runtime.MemStats.BuckHashSys","measures":{"value":1500076}}
{"ts":1670367827767209840,"type":"gauge","name":"runtime.MemStats.HeapReleased","measures":{"value":3555328}}
{"ts":1670367832698631926,"type":"gauge","name":"runtime.MemStats.Lookups","measures":{"value":0}}
{"ts":1670367832700276592,"type":"gauge","name":"runtime.MemStats.Mallocs","measures":{"value":3060}}
{"ts":1670367832704980092,"type":"gauge","name":"runtime.MemStats.MCacheInuse","measures":{"value":6000}}
{"ts":1670367832707322967,"type":"gauge","name":"runtime.MemStats.MCacheSys","measures":{"value":15600}}
{"ts":1670367832708484009,"type":"gauge","name":"runtime.MemStats.GCCPUFraction","measures":{"value":0.030585543989702105}}
{"ts":1670367832710282009,"type":"histogram","name":"runtime.MemStats.PauseNs","measures":{"count":3,"max":1798500,"mean":656291.6666666666,"min":26750,"p50":143625,"p75":1798500,"p95":1798500,"p99":1798500,"p999":1798500,"p9999":1798500,"stddev":809071.4220464238,"variance":654596565972.2223}}
{"ts":1670367832711799426,"type":"gauge","name":"runtime.MemStats.TotalAlloc","measures":{"value":41262360}}
{"ts":1670367832712837801,"type":"gauge","name":"runtime.MemStats.HeapObjects","measures":{"value":719408}}
{"ts":1670367832713770134,"type":"gauge","name":"runtime.NumThread","measures":{"value":12}}
{"ts":1670367832714454259,"type":"gauge","name":"runtime.NumCgoCall","measures":{"value":0}}
{"ts":1670367832715411801,"type":"gauge","name":"runtime.MemStats.NumGC","measures":{"value":0}}
{"ts":1670367832717100092,"type":"gauge","name":"runtime.MemStats.MSpanInuse","measures":{"value":634712}}
{"ts":1670367832722695384,"type":"gauge","name":"runtime.MemStats.MSpanSys","measures":{"value":636480}}
{"ts":1670367832723319009,"type":"gauge","name":"runtime.MemStats.PauseTotalNs","measures":{"value":1968875}}
{"ts":1670367832724572926,"type":"gauge","name":"runtime.NumGoroutine","measures":{"value":156}}
{"ts":1670367832725510467,"type":"gauge","name":"runtime.MemStats.LastGC","measures":{"value":1670367777870281500}}
{"ts":1670367832726589759,"type":"gauge","name":"runtime.MemStats.EnableGC","measures":{"value":1}}
{"ts":1670367832727511509,"type":"gauge","name":"runtime.MemStats.Frees","measures":{"value":283}}
{"ts":1670367832728472342,"type":"gauge","name":"runtime.MemStats.HeapIdle","measures":{"value":2064384}}
{"ts":1670367832729524384,"type":"gauge","name":"runtime.MemStats.HeapInuse","measures":{"value":36175872}}
{"ts":1670367832730417592,"type":"gauge","name":"runtime.MemStats.Sys","measures":{"value":82149656}}
{"ts":1670367832731076384,"type":"timer","name":"runtime.ReadMemStats","measures":{"count":11,"m1":0.11308035829858432,"m15":0.01080810621864695,"m5":0.030703655021877187,"max":67176167,"mean":16445704.545454545,"meanrate":0.19998880432129665,"min":1292167,"p50":7459209,"p75":22434916,"p95":67176167,"p99":67176167,"p999":67176167,"p9999":67176167,"stddev":19355303.768125385,"variance":374627783956408.75}}
{"ts":1670367832732191842,"type":"gauge","name":"runtime.MemStats.DebugGC","measures":{"value":0}}
{"ts":1670367832733243051,"type":"gauge","name":"runtime.MemStats.HeapReleased","measures":{"value":1900544}}
{"ts":1670367832734611092,"type":"gauge","name":"runtime.MemStats.StackSys","measures":{"value":33062912}}
{"ts":1670367832735537217,"type":"gauge","name":"runtime.MemStats.BuckHashSys","measures":{"value":1500076}}
{"ts":1670367832736329259,"type":"gauge","name":"runtime.MemStats.HeapSys","measures":{"value":38240256}}
{"ts":1670367832737418384,"type":"gauge","name":"runtime.MemStats.StackInuse","measures":{"value":33062912}}
{"ts":1670367832738168801,"type":"gauge","name":"runtime.MemStats.Alloc","measures":{"value":34372184}}
{"ts":1670367832738816842,"type":"gauge","name":"runtime.MemStats.NextGC","measures":{"value":41176480}}
{"ts":1670367832739550467,"type":"gauge","name":"runtime.MemStats.HeapAlloc","measures":{"value":34372184}}
{"ts":1670367837697311011,"type":"gauge","name":"runtime.MemStats.NumGC","measures":{"value":0}}
{"ts":1670367837698650220,"type":"gauge","name":"runtime.NumCgoCall","measures":{"value":0}}
{"ts":1670367837700756928,"type":"gauge","name":"runtime.MemStats.LastGC","measures":{"value":1670367777870281500}}
{"ts":1670367837701687886,"type":"gauge","name":"runtime.MemStats.MSpanInuse","measures":{"value":643416}}
{"ts":1670367837702925720,"type":"gauge","name":"runtime.MemStats.MSpanSys","measures":{"value":652800}}
{"ts":1670367837704097095,"type":"gauge","name":"runtime.MemStats.PauseTotalNs","measures":{"value":1968875}}
{"ts":1670367837704887136,"type":"gauge","name":"runtime.NumGoroutine","measures":{"value":156}}
{"ts":1670367837705902970,"type":"gauge","name":"runtime.MemStats.DebugGC","measures":{"value":0}}
{"ts":1670367837706969220,"type":"gauge","name":"runtime.MemStats.EnableGC","measures":{"value":1}}
{"ts":1670367837707941095,"type":"gauge","name":"runtime.MemStats.Frees","measures":{"value":233}}
{"ts":1670367837724113470,"type":"gauge","name":"runtime.MemStats.HeapIdle","measures":{"value":1900544}}
{"ts":1670367837725902761,"type":"gauge","name":"runtime.MemStats.HeapInuse","measures":{"value":36339712}}
{"ts":1670367837726872470,"type":"gauge","name":"runtime.MemStats.Sys","measures":{"value":82149656}}
{"ts":1670367837729247761,"type":"timer","name":"runtime.ReadMemStats","measures":{"count":12,"m1":0.12003006913103051,"m15":0.01185625806643708,"m5":0.033501877477679465,"max":67176167,"mean":15156135.416666666,"meanrate":0.19999410105399296,"min":970875,"p50":7060917,"p75":21479780.75,"p95":67176167,"p99":67176167,"p999":67176167,"p9999":67176167,"stddev":19018456.19068991,"variance":361701675877191.44}}
{"ts":1670367837731506845,"type":"gauge","name":"runtime.MemStats.BuckHashSys","measures":{"value":1500076}}
{"ts":1670367837732720511,"type":"gauge","name":"runtime.MemStats.HeapReleased","measures":{"value":1785856}}
{"ts":1670367837733816303,"type":"gauge","name":"runtime.MemStats.StackSys","measures":{"value":33062912}}
{"ts":1670367837735094345,"type":"gauge","name":"runtime.MemStats.Alloc","measures":{"value":34634248}}
{"ts":1670367837736332761,"type":"gauge","name":"runtime.MemStats.HeapSys","measures":{"value":38240256}}
{"ts":1670367837737208970,"type":"gauge","name":"runtime.MemStats.StackInuse","measures":{"value":33062912}}
{"ts":1670367837738261636,"type":"gauge","name":"runtime.MemStats.HeapAlloc","measures":{"value":34634248}}
{"ts":1670367837742099511,"type":"gauge","name":"runtime.MemStats.NextGC","measures":{"value":41176480}}
{"ts":1670367837743008261,"type":"gauge","name":"runtime.MemStats.TotalAlloc","measures":{"value":41524424}}
{"ts":1670367837743789053,"type":"gauge","name":"runtime.MemStats.HeapObjects","measures":{"value":721840}}
{"ts":1670367837744506761,"type":"gauge","name":"runtime.MemStats.Lookups","measures":{"value":0}}
{"ts":1670367837745544470,"type":"gauge","name":"runtime.MemStats.Mallocs","measures":{"value":2665}}
{"ts":1670367837746681803,"type":"gauge","name":"runtime.MemStats.MCacheInuse","measures":{"value":6000}}
{"ts":1670367837747552761,"type":"gauge","name":"runtime.MemStats.MCacheSys","measures":{"value":15600}}
{"ts":1670367837748252136,"type":"gauge","name":"runtime.MemStats.GCCPUFraction","measures":{"value":0.030585543989702105}}
{"ts":1670367837748710803,"type":"histogram","name":"runtime.MemStats.PauseNs","measures":{"count":3,"max":1798500,"mean":656291.6666666666,"min":26750,"p50":143625,"p75":1798500,"p95":1798500,"p99":1798500,"p999":1798500,"p9999":1798500,"stddev":809071.4220464238,"variance":654596565972.2223}}
{"ts":1670367837749751678,"type":"gauge","name":"runtime.NumThread","measures":{"value":12}}
{"ts":1670367842696649139,"type":"gauge","name":"runtime.MemStats.PauseTotalNs","measures":{"value":1968875}}
{"ts":1670367842706615014,"type":"gauge","name":"runtime.NumGoroutine","measures":{"value":156}}
{"ts":1670367842707910972,"type":"gauge","name":"runtime.MemStats.LastGC","measures":{"value":1670367777870281500}}
{"ts":1670367842710329264,"type":"gauge","name":"runtime.MemStats.MSpanInuse","measures":{"value":643416}}
{"ts":1670367842712525264,"type":"gauge","name":"runtime.MemStats.MSpanSys","measures":{"value":652800}}
{"ts":1670367842714807139,"type":"gauge","name":"runtime.MemStats.HeapIdle","measures":{"value":1564672}}
{"ts":1670367842715789930,"type":"gauge","name":"runtime.MemStats.HeapInuse","measures":{"value":36544512}}
{"ts":1670367842716866889,"type":"gauge","name":"runtime.MemStats.Sys","measures":{"value":82149656}}
{"ts":1670367842717786555,"type":"timer","name":"runtime.ReadMemStats","measures":{"count":13,"m1":0.12642411176571153,"m15":0.012898602993676503,"m5":0.03625384938440363,"max":67176167,"mean":14003125,"meanrate":0.19999659009506132,"min":167000,"p50":6662625,"p75":20524645.5,"p95":67176167,"p99":67176167,"p999":67176167,"p9999":67176167,"stddev":18703787.48520701,"variance":349831666291786.44}}
{"ts":1670367842720486097,"type":"gauge","name":"runtime.MemStats.DebugGC","measures":{"value":0}}
{"ts":1670367842723113180,"type":"gauge","name":"runtime.MemStats.EnableGC","measures":{"value":1}}
{"ts":1670367842727134222,"type":"gauge","name":"runtime.MemStats.Frees","measures":{"value":233}}
{"ts":1670367842727857389,"type":"gauge","name":"runtime.MemStats.BuckHashSys","measures":{"value":1500308}}
{"ts":1670367842728911889,"type":"gauge","name":"runtime.MemStats.HeapReleased","measures":{"value":1515520}}
{"ts":1670367842729772889,"type":"gauge","name":"runtime.MemStats.StackSys","measures":{"value":33193984}}
{"ts":1670367842730834764,"type":"gauge","name":"runtime.MemStats.Alloc","measures":{"value":34898272}}
{"ts":1670367842731832847,"type":"gauge","name":"runtime.MemStats.HeapSys","measures":{"value":38109184}}
{"ts":1670367842732620014,"type":"gauge","name":"runtime.MemStats.StackInuse","measures":{"value":33193984}}
{"ts":1670367842733589472,"type":"gauge","name":"runtime.MemStats.HeapAlloc","measures":{"value":34898272}}
{"ts":1670367842734665014,"type":"gauge","name":"runtime.MemStats.NextGC","measures":{"value":41176480}}
{"ts":1670367842735759472,"type":"gauge","name":"runtime.MemStats.MCacheInuse","measures":{"value":6000}}
{"ts":1670367842739840055,"type":"gauge","name":"runtime.MemStats.MCacheSys","measures":{"value":15600}}
{"ts":1670367842740790347,"type":"gauge","name":"runtime.MemStats.GCCPUFraction","measures":{"value":0.030585543989702105}}
{"ts":1670367842741658764,"type":"histogram","name":"runtime.MemStats.PauseNs","measures":{"count":3,"max":1798500,"mean":656291.6666666666,"min":26750,"p50":143625,"p75":1798500,"p95":1798500,"p99":1798500,"p999":1798500,"p9999":1798500,"stddev":809071.4220464238,"variance":654596565972.2223}}
{"ts":1670367842742562889,"type":"gauge","name":"runtime.MemStats.TotalAlloc","measures":{"value":41788448}}
{"ts":1670367842743243889,"type":"gauge","name":"runtime.MemStats.HeapObjects","measures":{"value":724272}}
{"ts":1670367842743955014,"type":"gauge","name":"runtime.MemStats.Lookups","measures":{"value":0}}
{"ts":1670367842744734889,"type":"gauge","name":"runtime.MemStats.Mallocs","measures":{"value":2665}}
{"ts":1670367842745788514,"type":"gauge","name":"runtime.NumThread","measures":{"value":12}}
{"ts":1670367842746745972,"type":"gauge","name":"runtime.MemStats.NumGC","measures":{"value":0}}
{"ts":1670367842747520930,"type":"gauge","name":"runtime.NumCgoCall","measures":{"value":0}}
{"ts":1670367847676084710,"type":"gauge","name":"runtime.MemStats.PauseTotalNs","measures":{"value":1968875}}
{"ts":1670367847677238835,"type":"gauge","name":"runtime.NumGoroutine","measures":{"value":156}}
{"ts":1670367847677931252,"type":"gauge","name":"runtime.MemStats.LastGC","measures":{"value":1670367777870281500}}
{"ts":1670367847678650835,"type":"gauge","name":"runtime.MemStats.MSpanInuse","measures":{"value":643416}}
{"ts":1670367847679309502,"type":"gauge","name":"runtime.MemStats.MSpanSys","measures":{"value":652800}}
{"ts":1670367847696356960,"type":"gauge","name":"runtime.MemStats.HeapIdle","measures":{"value":1409024}}
{"ts":1670367847698418418,"type":"gauge","name":"runtime.MemStats.HeapInuse","measures":{"value":36700160}}
{"ts":1670367847699222002,"type":"gauge","name":"runtime.MemStats.Sys","measures":{"value":82149656}}
{"ts":1670367847700092002,"type":"timer","name":"runtime.ReadMemStats","measures":{"count":14,"m1":0.13230691497865155,"m15":0.013935173171587696,"m5":0.03896033519638589,"max":67176167,"mean":13037276.785714285,"meanrate":0.19999678246033506,"min":167000,"p50":5262333,"p75":19569510.25,"p95":67176167,"p99":67176167,"p999":67176167,"p9999":67176167,"stddev":18356767.312835697,"variance":336970906177593.1}}
{"ts":1670367847701136127,"type":"gauge","name":"runtime.MemStats.DebugGC","measures":{"value":0}}
{"ts":1670367847702134293,"type":"gauge","name":"runtime.MemStats.EnableGC","measures":{"value":1}}
{"ts":1670367847703059627,"type":"gauge","name":"runtime.MemStats.Frees","measures":{"value":234}}
{"ts":1670367847704316335,"type":"gauge","name":"runtime.MemStats.BuckHashSys","measures":{"value":1500308}}
{"ts":1670367847705237752,"type":"gauge","name":"runtime.MemStats.HeapReleased","measures":{"value":1392640}}
{"ts":1670367847706745752,"type":"gauge","name":"runtime.MemStats.StackSys","measures":{"value":33193984}}
{"ts":1670367847707737043,"type":"gauge","name":"runtime.MemStats.Alloc","measures":{"value":35163464}}
{"ts":1670367847708514002,"type":"gauge","name":"runtime.MemStats.HeapSys","measures":{"value":38109184}}
{"ts":1670367847709154543,"type":"gauge","name":"runtime.MemStats.StackInuse","measures":{"value":33193984}}
{"ts":1670367847709876793,"type":"gauge","name":"runtime.MemStats.HeapAlloc","measures":{"value":35163464}}
{"ts":1670367847710653752,"type":"gauge","name":"runtime.MemStats.NextGC","measures":{"value":41176480}}
{"ts":1670367847714875252,"type":"gauge","name":"runtime.MemStats.MCacheInuse","measures":{"value":6000}}
{"ts":1670367847715637627,"type":"gauge","name":"runtime.MemStats.MCacheSys","measures":{"value":15600}}
{"ts":1670367847716235127,"type":"gauge","name":"runtime.MemStats.GCCPUFraction","measures":{"value":0.030585543989702105}}
{"ts":1670367847717148793,"type":"histogram","name":"runtime.MemStats.PauseNs","measures":{"count":3,"max":1798500,"mean":656291.6666666666,"min":26750,"p50":143625,"p75":1798500,"p95":1798500,"p99":1798500,"p999":1798500,"p9999":1798500,"stddev":809071.4220464238,"variance":654596565972.2223}}
{"ts":1670367847718640835,"type":"gauge","name":"runtime.MemStats.TotalAlloc","measures":{"value":42053640}}
{"ts":1670367847719385752,"type":"gauge","name":"runtime.MemStats.HeapObjects","measures":{"value":726703}}
{"ts":1670367847720313418,"type":"gauge","name":"runtime.MemStats.Lookups","measures":{"value":0}}
{"ts":1670367847721238127,"type":"gauge","name":"runtime.MemStats.Mallocs","measures":{"value":2665}}
{"ts":1670367847722296918,"type":"gauge","name":"runtime.NumThread","measures":{"value":12}}
{"ts":1670367847723357418,"type":"gauge","name":"runtime.MemStats.NumGC","measures":{"value":0}}
{"ts":1670367847724287460,"type":"gauge","name":"runtime.NumCgoCall","measures":{"value":0}}
{"ts":1670367852680673504,"type":"histogram","name":"runtime.MemStats.PauseNs","measures":{"count":3,"max":1798500,"mean":656291.6666666666,"min":26750,"p50":143625,"p75":1798500,"p95":1798500,"p99":1798500,"p999":1798500,"p9999":1798500,"stddev":809071.4220464238,"variance":654596565972.2223}}
{"ts":1670367852688573962,"type":"gauge","name":"runtime.MemStats.TotalAlloc","measures":{"value":42982264}}
{"ts":1670367852694915671,"type":"gauge","name":"runtime.MemStats.HeapObjects","measures":{"value":737758}}
{"ts":1670367852698674879,"type":"gauge","name":"runtime.MemStats.Lookups","measures":{"value":0}}
{"ts":1670367852708357254,"type":"gauge","name":"runtime.MemStats.Mallocs","measures":{"value":11884}}
{"ts":1670367852716611379,"type":"gauge","name":"runtime.MemStats.MCacheInuse","measures":{"value":6000}}
{"ts":1670367852720334921,"type":"gauge","name":"runtime.MemStats.MCacheSys","measures":{"value":15600}}
{"ts":1670367852725246088,"type":"gauge","name":"runtime.MemStats.GCCPUFraction","measures":{"value":0.030585543989702105}}
{"ts":1670367852756222504,"type":"gauge","name":"runtime.NumThread","measures":{"value":12}}
{"ts":1670367852781538254,"type":"gauge","name":"runtime.MemStats.NumGC","measures":{"value":0}}
{"ts":1670367852784019504,"type":"gauge","name":"runtime.NumCgoCall","measures":{"value":0}}
{"ts":1670367852791288713,"type":"gauge","name":"runtime.MemStats.LastGC","measures":{"value":1670367777870281500}}
{"ts":1670367852801947338,"type":"gauge","name":"runtime.MemStats.MSpanInuse","measures":{"value":669528}}
{"ts":1670367852805935129,"type":"gauge","name":"runtime.MemStats.MSpanSys","measures":{"value":685440}}
{"ts":1670367852811643463,"type":"gauge","name":"runtime.MemStats.PauseTotalNs","measures":{"value":1968875}}
{"ts":1670367852822948046,"type":"gauge","name":"runtime.NumGoroutine","measures":{"value":212}}
{"ts":1670367852829010004,"type":"timer","name":"runtime.ReadMemStats","measures":{"count":15,"m1":0.13771935521708045,"m15":0.014966000593159667,"m5":0.04162208673264367,"max":67176167,"mean":12454650,"meanrate":0.19998483550189722,"min":167000,"p50":4297875,"p75":18614375,"p95":67176167,"p99":67176167,"p999":67176167,"p9999":67176167,"stddev":17867807.21574787,"variance":319258534699131.6}}
{"ts":1670367852834579338,"type":"gauge","name":"runtime.MemStats.DebugGC","measures":{"value":0}}
{"ts":1670367852842368671,"type":"gauge","name":"runtime.MemStats.EnableGC","measures":{"value":1}}
{"ts":1670367852845298504,"type":"gauge","name":"runtime.MemStats.Frees","measures":{"value":829}}
{"ts":1670367852851053213,"type":"gauge","name":"runtime.MemStats.HeapIdle","measures":{"value":1646592}}
{"ts":1670367852864073796,"type":"gauge","name":"runtime.MemStats.HeapInuse","measures":{"value":37806080}}
{"ts":1670367852869997838,"type":"gauge","name":"runtime.MemStats.Sys","measures":{"value":86343960}}
{"ts":1670367852873182379,"type":"gauge","name":"runtime.MemStats.BuckHashSys","measures":{"value":1501100}}
{"ts":1670367852878312504,"type":"gauge","name":"runtime.MemStats.HeapReleased","measures":{"value":1613824}}
{"ts":1670367852884668421,"type":"gauge","name":"runtime.MemStats.StackSys","measures":{"value":36044800}}
{"ts":1670367852895711963,"type":"gauge","name":"runtime.MemStats.Alloc","measures":{"value":36092088}}
{"ts":1670367852898645921,"type":"gauge","name":"runtime.MemStats.HeapSys","measures":{"value":39452672}}
{"ts":1670367852910261254,"type":"gauge","name":"runtime.MemStats.StackInuse","measures":{"value":36044800}}
{"ts":1670367852924831463,"type":"gauge","name":"runtime.MemStats.HeapAlloc","measures":{"value":36092088}}
{"ts":1670367853012345796,"type":"gauge","name":"runtime.MemStats.NextGC","measures":{"value":41176480}}
{"ts":1670367857679658507,"type":"gauge","name":"runtime.MemStats.StackInuse","measures":{"value":36175872}}
{"ts":1670367857700165507,"type":"gauge","name":"runtime.MemStats.Alloc","measures":{"value":36589656}}
{"ts":1670367857714066798,"type":"gauge","name":"runtime.MemStats.HeapSys","measures":{"value":39321600}}
{"ts":1670367857728288173,"type":"gauge","name":"runtime.MemStats.HeapAlloc","measures":{"value":36589656}}
{"ts":1670367857773459882,"type":"gauge","name":"runtime.MemStats.NextGC","measures":{"value":41176480}}
{"ts":1670367857851275048,"type":"gauge","name":"runtime.MemStats.Mallocs","measures":{"value":5850}}
{"ts":1670367857855311465,"type":"gauge","name":"runtime.MemStats.MCacheInuse","measures":{"value":6000}}
{"ts":1670367857859545132,"type":"gauge","name":"runtime.MemStats.MCacheSys","measures":{"value":15600}}
{"ts":1670367857872339340,"type":"gauge","name":"runtime.MemStats.GCCPUFraction","measures":{"value":0.030585543989702105}}
{"ts":1670367857880183423,"type":"histogram","name":"runtime.MemStats.PauseNs","measures":{"count":3,"max":1798500,"mean":656291.6666666666,"min":26750,"p50":143625,"p75":1798500,"p95":1798500,"p99":1798500,"p999":1798500,"p9999":1798500,"stddev":809071.4220464238,"variance":654596565972.2223}}
{"ts":1670367857885436257,"type":"gauge","name":"runtime.MemStats.TotalAlloc","measures":{"value":43479832}}
{"ts":1670367857896933965,"type":"gauge","name":"runtime.MemStats.HeapObjects","measures":{"value":743256}}
{"ts":1670367857902078090,"type":"gauge","name":"runtime.MemStats.Lookups","measures":{"value":0}}
{"ts":1670367857912452132,"type":"gauge","name":"runtime.NumThread","measures":{"value":12}}
{"ts":1670367857932426298,"type":"gauge","name":"runtime.MemStats.NumGC","measures":{"value":0}}
{"ts":1670367857939711632,"type":"gauge","name":"runtime.NumCgoCall","measures":{"value":0}}
{"ts":1670367857968081340,"type":"gauge","name":"runtime.MemStats.MSpanSys","measures":{"value":685440}}
{"ts":1670367857974148673,"type":"gauge","name":"runtime.MemStats.PauseTotalNs","measures":{"value":1968875}}
{"ts":1670367857986903965,"type":"gauge","name":"runtime.NumGoroutine","measures":{"value":181}}
{"ts":1670367857989547882,"type":"gauge","name":"runtime.MemStats.LastGC","measures":{"value":1670367777870281500}}
{"ts":1670367857994917965,"type":"gauge","name":"runtime.MemStats.MSpanInuse","measures":{"value":669528}}
{"ts":1670367858003161590,"type":"gauge","name":"runtime.MemStats.Frees","measures":{"value":352}}
{"ts":1670367858011594632,"type":"gauge","name":"runtime.MemStats.HeapIdle","measures":{"value":1040384}}
{"ts":1670367858019607590,"type":"gauge","name":"runtime.MemStats.HeapInuse","measures":{"value":38281216}}
{"ts":1670367858021410673,"type":"gauge","name":"runtime.MemStats.Sys","measures":{"value":86343960}}
{"ts":1670367858030305173,"type":"timer","name":"runtime.ReadMemStats","measures":{"count":16,"m1":0.14269904062796196,"m15":0.015991117074135412,"m5":0.04423984338571903,"max":67176167,"mean":11910169.3125,"meanrate":0.19998862711674914,"min":167000,"p50":4079958,"p75":16626125,"p95":67176167,"p99":67176167,"p999":67176167,"p9999":67176167,"stddev":17428475.681089927,"variance":303751764566343}}
{"ts":1670367858038095465,"type":"gauge","name":"runtime.MemStats.DebugGC","measures":{"value":0}}
{"ts":1670367858054714382,"type":"gauge","name":"runtime.MemStats.EnableGC","measures":{"value":1}}
{"ts":1670367858076577132,"type":"gauge","name":"runtime.MemStats.StackSys","measures":{"value":36175872}}
{"ts":1670367858081285007,"type":"gauge","name":"runtime.MemStats.BuckHashSys","measures":{"value":1501100}}
{"ts":1670367858089003965,"type":"gauge","name":"runtime.MemStats.HeapReleased","measures":{"value":1024000}}
{"ts":1670367862678942967,"type":"gauge","name":"runtime.MemStats.HeapSys","measures":{"value":42860544}}
{"ts":1670367862683431759,"type":"gauge","name":"runtime.MemStats.StackInuse","measures":{"value":36831232}}
{"ts":1670367862686632342,"type":"gauge","name":"runtime.MemStats.Alloc","measures":{"value":37671104}}
{"ts":1670367862692873134,"type":"gauge","name":"runtime.MemStats.NextGC","measures":{"value":41176480}}
{"ts":1670367862700538342,"type":"gauge","name":"runtime.MemStats.HeapAlloc","measures":{"value":37671104}}
{"ts":1670367862711585301,"type":"gauge","name":"runtime.MemStats.Lookups","measures":{"value":0}}
{"ts":1670367862719338717,"type":"gauge","name":"runtime.MemStats.Mallocs","measures":{"value":14992}}
{"ts":1670367862720399301,"type":"gauge","name":"runtime.MemStats.MCacheInuse","measures":{"value":6000}}
{"ts":1670367862728080384,"type":"gauge","name":"runtime.MemStats.MCacheSys","measures":{"value":15600}}
{"ts":1670367862733810301,"type":"gauge","name":"runtime.MemStats.GCCPUFraction","measures":{"value":0.030585543989702105}}
{"ts":1670367862741096301,"type":"histogram","name":"runtime.MemStats.PauseNs","measures":{"count":3,"max":1798500,"mean":656291.6666666666,"min":26750,"p50":143625,"p75":1798500,"p95":1798500,"p99":1798500,"p999":1798500,"p9999":1798500,"stddev":809071.4220464238,"variance":654596565972.2223}}
{"ts":1670367862748461634,"type":"gauge","name":"runtime.MemStats.TotalAlloc","measures":{"value":44561280}}
{"ts":1670367862753502634,"type":"gauge","name":"runtime.MemStats.HeapObjects","measures":{"value":757258}}
{"ts":1670367862761049801,"type":"gauge","name":"runtime.NumThread","measures":{"value":12}}
{"ts":1670367862789550134,"type":"gauge","name":"runtime.NumCgoCall","measures":{"value":0}}
{"ts":1670367862796367551,"type":"gauge","name":"runtime.MemStats.NumGC","measures":{"value":0}}
{"ts":1670367862803382384,"type":"gauge","name":"runtime.MemStats.MSpanInuse","measures":{"value":686936}}
{"ts":1670367862839861717,"type":"gauge","name":"runtime.MemStats.MSpanSys","measures":{"value":701760}}
{"ts":1670367862850279467,"type":"gauge","name":"runtime.MemStats.PauseTotalNs","measures":{"value":1968875}}
{"ts":1670367862867324759,"type":"gauge","name":"runtime.NumGoroutine","measures":{"value":219}}
{"ts":1670367862878284134,"type":"gauge","name":"runtime.MemStats.LastGC","measures":{"value":1670367777870281500}}
{"ts":1670367862893912467,"type":"gauge","name":"runtime.MemStats.EnableGC","measures":{"value":1}}
{"ts":1670367862902097801,"type":"gauge","name":"runtime.MemStats.Frees","measures":{"value":990}}
{"ts":1670367862905749301,"type":"gauge","name":"runtime.MemStats.HeapIdle","measures":{"value":3448832}}
{"ts":1670367862913257176,"type":"gauge","name":"runtime.MemStats.HeapInuse","measures":{"value":39411712}}
{"ts":1670367862926341551,"type":"gauge","name":"runtime.MemStats.Sys","measures":{"value":90538264}}
{"ts":1670367862932582217,"type":"timer","name":"runtime.ReadMemStats","measures":{"count":17,"m1":0.14728057237685463,"m15":0.017010554253993868,"m5":0.04681433232707026,"max":67176167,"mean":11375693.647058824,"meanrate":0.1999906718139191,"min":167000,"p50":3862041,"p75":14637875,"p95":67176167,"p99":67176167,"p999":67176167,"p9999":67176167,"stddev":17042729.872314468,"variance":290454641500679.9}}
{"ts":1670367862936754842,"type":"gauge","name":"runtime.MemStats.DebugGC","measures":{"value":0}}
{"ts":1670367862945008259,"type":"gauge","name":"runtime.MemStats.HeapReleased","measures":{"value":3448832}}
{"ts":1670367862953737676,"type":"gauge","name":"runtime.MemStats.StackSys","measures":{"value":36831232}}
{"ts":1670367862961533009,"type":"gauge","name":"runtime.MemStats.BuckHashSys","measures":{"value":1501684}}
{"ts":1670367867684548053,"type":"gauge","name":"runtime.MemStats.Alloc","measures":{"value":37951632}}
{"ts":1670367867752232470,"type":"gauge","name":"runtime.MemStats.HeapSys","measures":{"value":42860544}}
{"ts":1670367867768148928,"type":"gauge","name":"runtime.MemStats.StackInuse","measures":{"value":36831232}}
{"ts":1670367867786476553,"type":"gauge","name":"runtime.MemStats.HeapAlloc","measures":{"value":37951632}}
{"ts":1670367867815403595,"type":"gauge","name":"runtime.MemStats.NextGC","measures":{"value":41176480}}
{"ts":1670367867868861178,"type":"gauge","name":"runtime.MemStats.GCCPUFraction","measures":{"value":0.030585543989702105}}
{"ts":1670367867871363845,"type":"histogram","name":"runtime.MemStats.PauseNs","measures":{"count":3,"max":1798500,"mean":656291.6666666666,"min":26750,"p50":143625,"p75":1798500,"p95":1798500,"p99":1798500,"p999":1798500,"p9999":1798500,"stddev":809071.4220464238,"variance":654596565972.2223}}
{"ts":1670367867891330220,"type":"gauge","name":"runtime.MemStats.TotalAlloc","measures":{"value":44841808}}
{"ts":1670367867911239345,"type":"gauge","name":"runtime.MemStats.HeapObjects","measures":{"value":759854}}
{"ts":1670367867927887886,"type":"gauge","name":"runtime.MemStats.Lookups","measures":{"value":0}}
{"ts":1670367867936766886,"type":"gauge","name":"runtime.MemStats.Mallocs","measures":{"value":2835}}
{"ts":1670367867986658470,"type":"gauge","name":"runtime.MemStats.MCacheInuse","measures":{"value":6000}}
{"ts":1670367867993194136,"type":"gauge","name":"runtime.MemStats.MCacheSys","measures":{"value":15600}}
{"ts":1670367868008891928,"type":"gauge","name":"runtime.NumThread","measures":{"value":12}}
{"ts":1670367868045288678,"type":"gauge","name":"runtime.MemStats.NumGC","measures":{"value":0}}
{"ts":1670367868049528345,"type":"gauge","name":"runtime.NumCgoCall","measures":{"value":0}}
{"ts":1670367868070703011,"type":"gauge","name":"runtime.MemStats.LastGC","measures":{"value":1670367777870281500}}
{"ts":1670367868105207470,"type":"gauge","name":"runtime.MemStats.MSpanInuse","measures":{"value":695640}}
{"ts":1670367868193598887,"type":"gauge","name":"runtime.MemStats.MSpanSys","measures":{"value":701760}}
{"ts":1670367868246030762,"type":"gauge","name":"runtime.MemStats.PauseTotalNs","measures":{"value":1968875}}
{"ts":1670367868367535345,"type":"gauge","name":"runtime.NumGoroutine","measures":{"value":217}}
{"ts":1670367868430951553,"type":"gauge","name":"runtime.MemStats.Sys","measures":{"value":90538264}}
{"ts":1670367868661972178,"type":"timer","name":"runtime.ReadMemStats","measures":{"count":18,"m1":0.15149578507287023,"m15":0.018024343596926444,"m5":0.049346268709068636,"max":67176167,"mean":10922520.888888888,"meanrate":0.19997878502839161,"min":167000,"p50":3802500,"p75":12649625,"p95":67176167,"p99":67176167,"p999":67176167,"p9999":67176167,"stddev":16667617.911901051,"variance":277809486857124.78}}
{"ts":1670367869963051971,"type":"gauge","name":"runtime.MemStats.DebugGC","measures":{"value":0}}
{"ts":1670367870282260888,"type":"gauge","name":"runtime.MemStats.EnableGC","measures":{"value":1}}
{"ts":1670367870408652138,"type":"gauge","name":"runtime.MemStats.Frees","measures":{"value":239}}
{"ts":1670367870569035304,"type":"gauge","name":"runtime.MemStats.HeapIdle","measures":{"value":3350528}}
{"ts":1670367870702739221,"type":"gauge","name":"runtime.MemStats.HeapInuse","measures":{"value":39510016}}
{"ts":1670367870707623346,"type":"gauge","name":"runtime.MemStats.BuckHashSys","measures":{"value":1501684}}
{"ts":1670367870726087263,"type":"gauge","name":"runtime.MemStats.HeapReleased","measures":{"value":3350528}}
{"ts":1670367870749186471,"type":"gauge","name":"runtime.MemStats.StackSys","measures":{"value":36831232}}
{"ts":1670367872787558264,"type":"gauge","name":"runtime.MemStats.LastGC","measures":{"value":1670367777870281500}}
{"ts":1670367872843401180,"type":"gauge","name":"runtime.MemStats.MSpanInuse","measures":{"value":704344}}
{"ts":1670367872862893889,"type":"gauge","name":"runtime.MemStats.MSpanSys","measures":{"value":718080}}
{"ts":1670367872960352430,"type":"gauge","name":"runtime.MemStats.PauseTotalNs","measures":{"value":1968875}}
{"ts":1670367873042850750,"type":"gauge","name":"runtime.NumGoroutine","measures":{"value":154}}
{"ts":1670367873146151458,"type":"gauge","name":"runtime.MemStats.Sys","measures":{"value":90538264}}
{"ts":1670367873207608541,"type":"timer","name":"runtime.ReadMemStats","measures":{"count":19,"m1":0.155373967970314,"m15":0.01903251639280816,"m5":0.05183635586365643,"max":74790625,"mean":14284000.05263158,"meanrate":0.19976340932510406,"min":167000,"p50":3862041,"p75":18614375,"p95":74790625,"p99":74790625,"p999":74790625,"p9999":74790625,"stddev":21600455.873574723,"variance":466579693946248.7}}
{"ts":1670367873296005208,"type":"gauge","name":"runtime.MemStats.DebugGC","measures":{"value":0}}
{"ts":1670367873327539666,"type":"gauge","name":"runtime.MemStats.EnableGC","measures":{"value":1}}
{"ts":1670367873547410916,"type":"gauge","name":"runtime.MemStats.Frees","measures":{"value":268}}
{"ts":1670367873597752875,"type":"gauge","name":"runtime.MemStats.HeapIdle","measures":{"value":2564096}}
{"ts":1670367873601389208,"type":"gauge","name":"runtime.MemStats.HeapInuse","measures":{"value":39903232}}
{"ts":1670367873607863541,"type":"gauge","name":"runtime.MemStats.BuckHashSys","measures":{"value":1501908}}
{"ts":1670367873624155416,"type":"gauge","name":"runtime.MemStats.HeapReleased","measures":{"value":2433024}}
{"ts":1670367873665073916,"type":"gauge","name":"runtime.MemStats.StackSys","measures":{"value":37224448}}
{"ts":1670367873680100458,"type":"gauge","name":"runtime.MemStats.Alloc","measures":{"value":38245736}}
{"ts":1670367873694742833,"type":"gauge","name":"runtime.MemStats.HeapSys","measures":{"value":42467328}}
{"ts":1670367873750947458,"type":"gauge","name":"runtime.MemStats.StackInuse","measures":{"value":37224448}}
{"ts":1670367873833548500,"type":"gauge","name":"runtime.MemStats.HeapAlloc","measures":{"value":38245736}}
{"ts":1670367873850368458,"type":"gauge","name":"runtime.MemStats.NextGC","measures":{"value":41176480}}
{"ts":1670367873857409667,"type":"gauge","name":"runtime.MemStats.GCCPUFraction","measures":{"value":0.030585543989702105}}
{"ts":1670367873866154167,"type":"histogram","name":"runtime.MemStats.PauseNs","measures":{"count":3,"max":1798500,"mean":656291.6666666666,"min":26750,"p50":143625,"p75":1798500,"p95":1798500,"p99":1798500,"p999":1798500,"p9999":1798500,"stddev":809071.4220464238,"variance":654596565972.2223}}
{"ts":1670367873872307958,"type":"gauge","name":"runtime.MemStats.TotalAlloc","measures":{"value":45135912}}
{"ts":1670367873909054458,"type":"gauge","name":"runtime.MemStats.HeapObjects","measures":{"value":762910}}
{"ts":1670367873916175958,"type":"gauge","name":"runtime.MemStats.Lookups","measures":{"value":0}}
{"ts":1670367874054425125,"type":"gauge","name":"runtime.MemStats.Mallocs","measures":{"value":3324}}
{"ts":1670367874118653083,"type":"gauge","name":"runtime.MemStats.MCacheInuse","measures":{"value":6000}}
{"ts":1670367874320821083,"type":"gauge","name":"runtime.MemStats.MCacheSys","measures":{"value":15600}}
{"ts":1670367874346418958,"type":"gauge","name":"runtime.NumThread","measures":{"value":12}}
{"ts":1670367874362584000,"type":"gauge","name":"runtime.MemStats.NumGC","measures":{"value":0}}
{"ts":1670367874371642875,"type":"gauge","name":"runtime.NumCgoCall","measures":{"value":0}}
