{"ts":1676960325696538215,"msg":"","group_id":"cypress-provider","run_id":"cfq63qvrirfi7vj3e100","event":{"message_event":{"message":"registering default http handler at: http://[::]:6060/ (pprof: http://[::]:6060/debug/pprof/)"}}}
{"ts":1676960325699446840,"msg":"","group_id":"cypress-provider","run_id":"cfq63qvrirfi7vj3e100","event":{"start_event":{"runenv":{"plan":"dht","case":"find-providers","run":"cfq63qvrirfi7vj3e100","params":{"alpha":"10","auto_refresh":"true","beta":"3","bootstrapper":"true","bs_strategy":"3","bucket_size":"20","client_mode":"false","datastore":"0","expect_dht":"true","group_order":"1","latency":"100","peer_id_seed":"0","random_walk":"false","record_count":"20","record_seed":"0","search_records":"true","timeout_secs":"2000","undialable":"false"},"instances":40,"outputs_path":"/outputs","temp_path":"/temp","network":"16.137.0.0/16","group":"cypress-provider","group_instances":40}}}}
{"ts":1676960325713494465,"msg":"","group_id":"cypress-provider","run_id":"cfq63qvrirfi7vj3e100","event":{"message_event":{"message":"waiting for network to initialize"}}}
{"ts":1676960326677496091,"msg":"","group_id":"cypress-provider","run_id":"cfq63qvrirfi7vj3e100","event":{"message_event":{"message":"failed to send batch to InfluxDB; attempt 0; err: Post \"http://testground-influxdb:8086/write?consistency=&db=testground&precision=ns&rp=\": dial tcp 192.18.0.5:8086: connect: connection refused"}}}
{"ts":1676960327224507216,"msg":"","group_id":"cypress-provider","run_id":"cfq63qvrirfi7vj3e100","event":{"message_event":{"message":"failed to send batch to InfluxDB; attempt 1; err: Post \"http://testground-influxdb:8086/write?consistency=&db=testground&precision=ns&rp=\": dial tcp 192.18.0.5:8086: connect: connection refused"}}}
{"ts":1676960328262413091,"msg":"","group_id":"cypress-provider","run_id":"cfq63qvrirfi7vj3e100","event":{"message_event":{"message":"failed to send batch to InfluxDB; attempt 2; err: Post \"http://testground-influxdb:8086/write?consistency=&db=testground&precision=ns&rp=\": dial tcp 192.18.0.5:8086: connect: connection refused"}}}
{"ts":1676960328888096925,"msg":"","group_id":"cypress-provider","run_id":"cfq63qvrirfi7vj3e100","event":{"message_event":{"message":"network initialisation successful"}}}
{"ts":1676960328930499258,"msg":"","group_id":"cypress-provider","run_id":"cfq63qvrirfi7vj3e100","event":{"message_event":{"message":"network initialization complete"}}}
{"ts":1676960328946932717,"msg":"","group_id":"cypress-provider","run_id":"cfq63qvrirfi7vj3e100","event":{"message_event":{"message":"claimed sequence numbers; global=12, group(cypress-provider)=7"}}}
{"ts":1676960328996162675,"msg":"","group_id":"cypress-provider","run_id":"cfq63qvrirfi7vj3e100","event":{"message_event":{"message":"Finding providers"}}}
{"ts":1676960329211883675,"msg":"","group_id":"cypress-provider","run_id":"cfq63qvrirfi7vj3e100","event":{"message_event":{"message":"network initialisation successful"}}}
{"ts":1676960329253877717,"msg":"","group_id":"cypress-provider","run_id":"cfq63qvrirfi7vj3e100","event":{"message_event":{"message":"SetupNetwork, network setup completed"}}}
{"ts":1676960329550983384,"msg":"","group_id":"cypress-provider","run_id":"cfq63qvrirfi7vj3e100","event":{"message_event":{"message":"there are 1 groups map[cypress-provider:0x4000c74690]"}}}
{"ts":1676960329559730342,"msg":"","group_id":"cypress-provider","run_id":"cfq63qvrirfi7vj3e100","event":{"message_event":{"message":"setGroupInfo, sortedGroup:%!(EXTRA []string=[cypress-provider])"}}}
{"ts":1676960329568279259,"msg":"","group_id":"cypress-provider","run_id":"cfq63qvrirfi7vj3e100","event":{"message_event":{"message":"past group info"}}}
{"ts":1676960329594577842,"msg":"","group_id":"cypress-provider","run_id":"cfq63qvrirfi7vj3e100","event":{"message_event":{"message":"connmgr parameters: hi=12, lo=6"}}}
{"ts":1676960329621392342,"msg":"","group_id":"cypress-provider","run_id":"cfq63qvrirfi7vj3e100","event":{"message_event":{"message":"creating DHT"}}}
{"ts":1676960329647552925,"msg":"","group_id":"cypress-provider","run_id":"cfq63qvrirfi7vj3e100","event":{"message_event":{"message":"creating DHT successful"}}}
{"ts":1676960329687596967,"msg":"","group_id":"cypress-provider","run_id":"cfq63qvrirfi7vj3e100","event":{"message_event":{"message":"supporting protocol:%!(EXTRA string=/p2p/id/delta/1.0.0)"}}}
{"ts":1676960329698252175,"msg":"","group_id":"cypress-provider","run_id":"cfq63qvrirfi7vj3e100","event":{"message_event":{"message":"supporting protocol:%!(EXTRA string=/ipfs/id/1.0.0)"}}}
{"ts":1676960329712483092,"msg":"","group_id":"cypress-provider","run_id":"cfq63qvrirfi7vj3e100","event":{"message_event":{"message":"supporting protocol:%!(EXTRA string=/ipfs/id/push/1.0.0)"}}}
{"ts":1676960329719122050,"msg":"","group_id":"cypress-provider","run_id":"cfq63qvrirfi7vj3e100","event":{"message_event":{"message":"supporting protocol:%!(EXTRA string=/ipfs/ping/1.0.0)"}}}
{"ts":1676960329722554675,"msg":"","group_id":"cypress-provider","run_id":"cfq63qvrirfi7vj3e100","event":{"message_event":{"message":"supporting protocol:%!(EXTRA string=/libp2p/circuit/relay/0.1.0)"}}}
{"ts":1676960329766189175,"msg":"","group_id":"cypress-provider","run_id":"cfq63qvrirfi7vj3e100","event":{"message_event":{"message":"supporting protocol:%!(EXTRA string=/libp2p/circuit/relay/0.2.0/stop)"}}}
{"ts":1676960329800450759,"msg":"","group_id":"cypress-provider","run_id":"cfq63qvrirfi7vj3e100","event":{"message_event":{"message":"supporting protocol:%!(EXTRA string=/libp2p/autonat/1.0.0)"}}}
{"ts":1676960329811462134,"msg":"","group_id":"cypress-provider","run_id":"cfq63qvrirfi7vj3e100","event":{"message_event":{"message":"supporting protocol:%!(EXTRA string=/testground/kad/1.0.0)"}}}
{"ts":1676960330335368342,"msg":"","group_id":"cypress-provider","run_id":"cfq63qvrirfi7vj3e100","event":{"message_event":{"message":"failed to send batch to InfluxDB; attempt 3; err: Post \"http://testground-influxdb:8086/write?consistency=&db=testground&precision=ns&rp=\": dial tcp 192.18.0.5:8086: connect: connection refused"}}}
{"ts":1676960330475183926,"msg":"","group_id":"cypress-provider","run_id":"cfq63qvrirfi7vj3e100","event":{"message_event":{"message":"5 is waiting on 0 from state 0"}}}
{"ts":1676960330516862842,"msg":"requested a barrier with target zero; satisfying immediately","group_id":"cypress-provider","run_id":"cfq63qvrirfi7vj3e100","state":"boostrap-gradual1-0"}
{"ts":1676960330547845217,"msg":"","group_id":"cypress-provider","run_id":"cfq63qvrirfi7vj3e100","event":{"message_event":{"message":"5 is running"}}}
{"ts":1676960330556517342,"msg":"","group_id":"cypress-provider","run_id":"cfq63qvrirfi7vj3e100","event":{"message_event":{"message":"Dial to all other peers"}}}
{"ts":1676960330561470717,"msg":"","group_id":"cypress-provider","run_id":"cfq63qvrirfi7vj3e100","event":{"message_event":{"message":"dialling peer 12D3KooWCv935r3ropYhUe5yMCp9QiUoc9A6cZpYQ5x84DqEPbwb (attempt 1)"}}}
{"ts":1676960330617020301,"msg":"","group_id":"cypress-provider","run_id":"cfq63qvrirfi7vj3e100","event":{"message_event":{"message":"Connect, successfully dialed peer: %!(EXTRA peer.AddrInfo={12D3KooWCv935r3ropYhUe5yMCp9QiUoc9A6cZpYQ5x84DqEPbwb: [/ip4/16.137.0.30/tcp/35361]})"}}}
{"ts":1676960330622841967,"msg":"","group_id":"cypress-provider","run_id":"cfq63qvrirfi7vj3e100","event":{"message_event":{"message":"dialling peer 12D3KooWHHzSeKaY8xuZVzkLbKFfvNgPPeKhFBGrMbNzbm5akpqu (attempt 1)"}}}
{"ts":1676960330785066176,"msg":"","group_id":"cypress-provider","run_id":"cfq63qvrirfi7vj3e100","event":{"message_event":{"message":"Connect, successfully dialed peer: %!(EXTRA peer.AddrInfo={12D3KooWHHzSeKaY8xuZVzkLbKFfvNgPPeKhFBGrMbNzbm5akpqu: [/ip4/16.137.0.33/tcp/45403]})"}}}
{"ts":1676960330791102843,"msg":"","group_id":"cypress-provider","run_id":"cfq63qvrirfi7vj3e100","event":{"message_event":{"message":"dialling peer 12D3KooWE4qDcRrueTuRYWUdQZgcy7APZqBngVeXRt4Y6ytHizKV (attempt 1)"}}}
{"ts":1676960330822289468,"msg":"","group_id":"cypress-provider","run_id":"cfq63qvrirfi7vj3e100","event":{"message_event":{"message":"Connect, successfully dialed peer: %!(EXTRA peer.AddrInfo={12D3KooWE4qDcRrueTuRYWUdQZgcy7APZqBngVeXRt4Y6ytHizKV: [/ip4/16.137.0.9/tcp/42735]})"}}}
{"ts":1676960361940330343,"msg":"","group_id":"cypress-provider","run_id":"cfq63qvrirfi7vj3e100","event":{"message_event":{"message":"bootstrap: everyone table ready"}}}
{"ts":1676960362537364010,"msg":"","group_id":"cypress-provider","run_id":"cfq63qvrirfi7vj3e100","event":{"message_event":{"message":"5 is done - waiting for 39"}}}
{"ts":1676960362703679885,"msg":"","group_id":"cypress-provider","run_id":"cfq63qvrirfi7vj3e100","event":{"message_event":{"message":"5 passed the barrier"}}}
{"ts":1676960364725392178,"msg":"","group_id":"cypress-provider","run_id":"cfq63qvrirfi7vj3e100","event":{"message_event":{"message":"bootstrap: begin trim"}}}
{"ts":1676960365236769886,"msg":"","group_id":"cypress-provider","run_id":"cfq63qvrirfi7vj3e100","event":{"message_event":{"message":"name: signal bootstrapping0; uint: ns; time: %!d(float64=5.814792e+06)"}}}
{"ts":1676960365239849345,"msg":"","group_id":"cypress-provider","run_id":"cfq63qvrirfi7vj3e100","event":{"message_event":{"message":"signal bootstrapping0%!(EXTRA float64=8.890583e+06)"}}}
{"ts":1676960365247812761,"msg":"","group_id":"cypress-provider","run_id":"cfq63qvrirfi7vj3e100","event":{"message_event":{"message":"name: barrier bootstrapping0; uint: ns; time: %!d(float64=125)"}}}
{"ts":1676960365387688428,"msg":"","group_id":"cypress-provider","run_id":"cfq63qvrirfi7vj3e100","event":{"message_event":{"message":"barrierbootstrapping0%!(EXTRA float64=1.39877917e+08)"}}}
{"ts":1676960365395873761,"msg":"","group_id":"cypress-provider","run_id":"cfq63qvrirfi7vj3e100","event":{"message_event":{"message":"name: full bootstrapping0; uint: ns; time: %!d(float64=1.48037792e+08)"}}}
{"ts":1676960365398393886,"msg":"","group_id":"cypress-provider","run_id":"cfq63qvrirfi7vj3e100","event":{"message_event":{"message":"full bootstrapping0%!(EXTRA float64=3.4923418807e+10)"}}}
{"ts":1676960365917117845,"msg":"","group_id":"cypress-provider","run_id":"cfq63qvrirfi7vj3e100","event":{"message_event":{"message":"bootstrap: finished with 31 connections, 35 in the routing table"}}}
{"ts":1676960365930390928,"msg":"","group_id":"cypress-provider","run_id":"cfq63qvrirfi7vj3e100","event":{"message_event":{"message":"table health: {\"IdealDepth\":6,\"ActualDepth\":6,\"Bucket\":[{\"Depth\":1,\"MaxKnownContacts\":24,\"ActualKnownContacts\":20,\"ActualUnknownContacts\":0},{\"Depth\":2,\"MaxKnownContacts\":8,\"ActualKnownContacts\":8,\"ActualUnknownContacts\":0},{\"Depth\":3,\"MaxKnownContacts\":3,\"ActualKnownContacts\":3,\"ActualUnknownContacts\":0},{\"Depth\":4,\"MaxKnownContacts\":1,\"ActualKnownContacts\":1,\"ActualUnknownContacts\":0},{\"Depth\":5,\"MaxKnownContacts\":1,\"ActualKnownContacts\":1,\"ActualUnknownContacts\":0},{\"Depth\":6,\"MaxKnownContacts\":2,\"ActualKnownContacts\":2,\"ActualUnknownContacts\":0}]}"}}}
{"ts":1676960365953342262,"msg":"","group_id":"cypress-provider","run_id":"cfq63qvrirfi7vj3e100","event":{"message_event":{"message":"bootstrap: done"}}}
{"ts":1676960365964753178,"msg":"","group_id":"cypress-provider","run_id":"cfq63qvrirfi7vj3e100","event":{"message_event":{"message":"Bootstrap phase ended"}}}
{"ts":1676960365994163303,"msg":"","group_id":"cypress-provider","run_id":"cfq63qvrirfi7vj3e100","event":{"message_event":{"message":"SetupNetwork, network setup completed"}}}
{"ts":1676960366005207053,"msg":"","group_id":"cypress-provider","run_id":"cfq63qvrirfi7vj3e100","event":{"message_event":{"message":"getRecords, record count > 0"}}}
{"ts":1676960366014801553,"msg":"","group_id":"cypress-provider","run_id":"cfq63qvrirfi7vj3e100","event":{"message_event":{"message":"getRecords, searchRecords: %!(EXTRA []*test.ProviderRecordSubmission=[0x400033e000])"}}}
{"ts":1676960366025961762,"msg":"","group_id":"cypress-provider","run_id":"cfq63qvrirfi7vj3e100","event":{"message_event":{"message":"start provide loop"}}}
{"ts":1676960382094623547,"msg":"","group_id":"cypress-provider","run_id":"cfq63qvrirfi7vj3e100","event":{"message_event":{"message":"Provided CID: QmeSZuScRfVhZy4U2CzqmAd5P8uxzgeW2nfbk2k4UyutkT"}}}
{"ts":1676960382579651547,"msg":"","group_id":"cypress-provider","run_id":"cfq63qvrirfi7vj3e100","event":{"message_event":{"message":"Provided CID: QmNnfyApQUXaqj2dsRTthNUBBktYf6seo7BJk7W9Ym56ZH"}}}
{"ts":1676960382586755505,"msg":"","group_id":"cypress-provider","run_id":"cfq63qvrirfi7vj3e100","event":{"message_event":{"message":"Provided CID: QmY1eF8EB1WVFdF6xzh1C1YkadMojpT4FoEZkqzyprqDoV"}}}
{"ts":1676960382669963839,"msg":"","group_id":"cypress-provider","run_id":"cfq63qvrirfi7vj3e100","event":{"message_event":{"message":"Provided CID: QmTeC6qvToLwytK5uruQq4npHWezRWnRXjHm6Gn9h2tsFr"}}}
{"ts":1676960382716616339,"msg":"","group_id":"cypress-provider","run_id":"cfq63qvrirfi7vj3e100","event":{"message_event":{"message":"Provided CID: QmSpZzCdhhyWM7eTNe29nDrPR9xdZR8R4VpGSoTdFq5usz"}}}
{"ts":1676960382760836797,"msg":"","group_id":"cypress-provider","run_id":"cfq63qvrirfi7vj3e100","event":{"message_event":{"message":"Provided CID: QmS1rxhfhq3FsUuG2TLNSYW6gxrtR4hmfoiajCdWCo7hq5"}}}
{"ts":1676960382823016005,"msg":"","group_id":"cypress-provider","run_id":"cfq63qvrirfi7vj3e100","event":{"message_event":{"message":"Provided CID: Qmbtbn2iDC1YBbrN2WYgyscVXM5vws3ZoA4gT8YKzKMXgX"}}}
{"ts":1676960382849452255,"msg":"","group_id":"cypress-provider","run_id":"cfq63qvrirfi7vj3e100","event":{"message_event":{"message":"Provided CID: QmQHFH1e6p6NGjLiA3rVJHRYzS7qBhfbKGGajQZ26u1PuE"}}}
{"ts":1676960382850735755,"msg":"","group_id":"cypress-provider","run_id":"cfq63qvrirfi7vj3e100","event":{"message_event":{"message":"Provided CID: QmSSrDtDK5LvFTnBAgNmjb5tRWcYuExu1qYLrXNv2UdzXE"}}}
{"ts":1676960382916547547,"msg":"","group_id":"cypress-provider","run_id":"cfq63qvrirfi7vj3e100","event":{"message_event":{"message":"Provided CID: QmdKMXX7ZqzwxriTXcLtqQJQXThZrgCaiSUERdDZ9Ne95f"}}}
{"ts":1676960382922748589,"msg":"","group_id":"cypress-provider","run_id":"cfq63qvrirfi7vj3e100","event":{"message_event":{"message":"Provided CID: QmXyoMntxMK4Z9uuruxACuyTV7kwdSEyjtxNhWbznehRUr"}}}
{"ts":1676960382963445172,"msg":"","group_id":"cypress-provider","run_id":"cfq63qvrirfi7vj3e100","event":{"message_event":{"message":"Provided CID: Qmbwx2wndEZeCm1257gtYyAeXrGNDStgm7YsufAHbyUkDc"}}}
{"ts":1676960382989876422,"msg":"","group_id":"cypress-provider","run_id":"cfq63qvrirfi7vj3e100","event":{"message_event":{"message":"Provided CID: QmQNSGk6KsGpAPPAL4PweycsHN5Te4YBvwQY8G9bYWRKpe"}}}
{"ts":1676960383076525256,"msg":"","group_id":"cypress-provider","run_id":"cfq63qvrirfi7vj3e100","event":{"message_event":{"message":"Provided CID: QmYFqavMPJvzLNnh6wYdHLAR7iiix7mPrpbJaXRGMVBxzb"}}}
{"ts":1676960383310458547,"msg":"","group_id":"cypress-provider","run_id":"cfq63qvrirfi7vj3e100","event":{"message_event":{"message":"Provided CID: QmTzXCJwzJbtQxtpimCKwbyty4yPphQgGZQM2YRN45kMv2"}}}
{"ts":1676960383362759339,"msg":"","group_id":"cypress-provider","run_id":"cfq63qvrirfi7vj3e100","event":{"message_event":{"message":"Provided CID: QmeT46kQsiffrH7MdGfNpkgaKGfKUnZw6bEw5APTU27WPz"}}}
{"ts":1676960383608837381,"msg":"","group_id":"cypress-provider","run_id":"cfq63qvrirfi7vj3e100","event":{"message_event":{"message":"Provided CID: QmQw6U12opixMzbVDc384vgh7sia5gUKajDD24oRLaLEqQ"}}}
{"ts":1676960384010380298,"msg":"","group_id":"cypress-provider","run_id":"cfq63qvrirfi7vj3e100","event":{"message_event":{"message":"Provided CID: QmQZkMNdV3rH6umvxCwWEdoj4TjWyAxNuLxbXEigd8iKqU"}}}
{"ts":1676960384189383548,"msg":"","group_id":"cypress-provider","run_id":"cfq63qvrirfi7vj3e100","event":{"message_event":{"message":"Provided CID: QmYigrr9erPWMnVKfw74wV1KvjZ18mtzEzv7iFbWDh5VdP"}}}
{"ts":1676960384333991798,"msg":"","group_id":"cypress-provider","run_id":"cfq63qvrirfi7vj3e100","event":{"message_event":{"message":"Provided CID: QmNj8PTJnf4fUCBd6EEAXcvMgfVMnt4CXFkPu968Fwg6YT"}}}
{"ts":1676960384351416590,"msg":"","group_id":"cypress-provider","run_id":"cfq63qvrirfi7vj3e100","event":{"message_event":{"message":"name: signal provider-records1; uint: ns; time: %!d(float64=917333)"}}}
{"ts":1676960384367057756,"msg":"","group_id":"cypress-provider","run_id":"cfq63qvrirfi7vj3e100","event":{"message_event":{"message":"signal provider-records1%!(EXTRA float64=1.6550708e+07)"}}}
{"ts":1676960384399316090,"msg":"","group_id":"cypress-provider","run_id":"cfq63qvrirfi7vj3e100","event":{"message_event":{"message":"name: barrier provider-records1; uint: ns; time: %!d(float64=458)"}}}
{"ts":1676960386142854882,"msg":"","group_id":"cypress-provider","run_id":"cfq63qvrirfi7vj3e100","event":{"message_event":{"message":"barrierprovider-records1%!(EXTRA float64=1.743546959e+09)"}}}
{"ts":1676960386179379507,"msg":"","group_id":"cypress-provider","run_id":"cfq63qvrirfi7vj3e100","event":{"message_event":{"message":"name: full provider-records1; uint: ns; time: %!d(float64=1.780069584e+09)"}}}
{"ts":1676960386190730882,"msg":"","group_id":"cypress-provider","run_id":"cfq63qvrirfi7vj3e100","event":{"message_event":{"message":"full provider-records1%!(EXTRA float64=2.016509905e+10)"}}}
{"ts":1676960412838269672,"msg":"","group_id":"cypress-provider","run_id":"cfq63qvrirfi7vj3e100","event":{"message_event":{"message":"name: signal provider-records2; uint: ns; time: %!d(float64=2.271208e+06)"}}}
{"ts":1676960412852911214,"msg":"","group_id":"cypress-provider","run_id":"cfq63qvrirfi7vj3e100","event":{"message_event":{"message":"signal provider-records2%!(EXTRA float64=1.691275e+07)"}}}
{"ts":1676960412867140964,"msg":"","group_id":"cypress-provider","run_id":"cfq63qvrirfi7vj3e100","event":{"message_event":{"message":"name: barrier provider-records2; uint: ns; time: %!d(float64=375)"}}}
{"ts":1676960414424983048,"msg":"","group_id":"cypress-provider","run_id":"cfq63qvrirfi7vj3e100","event":{"message_event":{"message":"barrierprovider-records2%!(EXTRA float64=1.558042626e+09)"}}}
{"ts":1676960414451897923,"msg":"","group_id":"cypress-provider","run_id":"cfq63qvrirfi7vj3e100","event":{"message_event":{"message":"name: full provider-records2; uint: ns; time: %!d(float64=1.581161668e+09)"}}}
{"ts":1676960414459484798,"msg":"","group_id":"cypress-provider","run_id":"cfq63qvrirfi7vj3e100","event":{"message_event":{"message":"full provider-records2%!(EXTRA float64=2.7418707054e+10)"}}}
{"ts":1676960414694564673,"msg":"","group_id":"cypress-provider","run_id":"cfq63qvrirfi7vj3e100","event":{"success_event":{"group":"cypress-provider"}}}
