{"ts":1670451424288379838,"msg":"","group_id":"cypress-provider","run_id":"ce8h0pfrirfu2nojhmng","event":{"message_event":{"message":"registering default http handler at: http://[::]:6060/ (pprof: http://[::]:6060/debug/pprof/)"}}}
{"ts":1670451424304285130,"msg":"","group_id":"cypress-provider","run_id":"ce8h0pfrirfu2nojhmng","event":{"start_event":{"runenv":{"plan":"dht","case":"find-providers","run":"ce8h0pfrirfu2nojhmng","params":{"alpha":"6","auto_refresh":"true","beta":"3","bootstrapper":"true","bs_strategy":"3","bucket_size":"10","client_mode":"false","datastore":"0","expect_dht":"true","group_order":"1","latency":"100","peer_id_seed":"0","random_walk":"false","record_count":"1","record_seed":"0","search_records":"false","timeout_secs":"500","undialable":"false"},"instances":50,"outputs_path":"/outputs","temp_path":"/temp","network":"16.17.0.0/16","group":"cypress-provider","group_instances":50}}}}
{"ts":1670451424369149088,"msg":"","group_id":"cypress-provider","run_id":"ce8h0pfrirfu2nojhmng","event":{"message_event":{"message":"waiting for network to initialize"}}}
{"ts":1670451433089926259,"msg":"","group_id":"cypress-provider","run_id":"ce8h0pfrirfu2nojhmng","event":{"message_event":{"message":"network initialisation successful"}}}
{"ts":1670451433190391842,"msg":"","group_id":"cypress-provider","run_id":"ce8h0pfrirfu2nojhmng","event":{"message_event":{"message":"network initialization complete"}}}
{"ts":1670451433270806426,"msg":"","group_id":"cypress-provider","run_id":"ce8h0pfrirfu2nojhmng","event":{"message_event":{"message":"claimed sequence numbers; global=29, group(cypress-provider)=34"}}}
{"ts":1670451433275590717,"msg":"","group_id":"cypress-provider","run_id":"ce8h0pfrirfu2nojhmng","event":{"message_event":{"message":"Finding providers"}}}
{"ts":1670451433597628384,"msg":"","group_id":"cypress-provider","run_id":"ce8h0pfrirfu2nojhmng","event":{"message_event":{"message":"network initialisation successful"}}}
{"ts":1670451433681267301,"msg":"","group_id":"cypress-provider","run_id":"ce8h0pfrirfu2nojhmng","event":{"message_event":{"message":"SetupNetwork, network setup completed"}}}
{"ts":1670451442316411847,"msg":"","group_id":"cypress-provider","run_id":"ce8h0pfrirfu2nojhmng","event":{"message_event":{"message":"there are 1 groups map[cypress-provider:0x4001b0eb10]"}}}
{"ts":1670451442337550555,"msg":"","group_id":"cypress-provider","run_id":"ce8h0pfrirfu2nojhmng","event":{"message_event":{"message":"sortedGroup order []"}}}
{"ts":1670451442338846472,"msg":"","group_id":"cypress-provider","run_id":"ce8h0pfrirfu2nojhmng","event":{"message_event":{"message":"past group info"}}}
{"ts":1670451442344827722,"msg":"","group_id":"cypress-provider","run_id":"ce8h0pfrirfu2nojhmng","event":{"message_event":{"message":"connmgr parameters: hi=12, lo=6"}}}
{"ts":1670451442468160388,"msg":"","group_id":"cypress-provider","run_id":"ce8h0pfrirfu2nojhmng","event":{"message_event":{"message":"creating DHT"}}}
{"ts":1670451442522620555,"msg":"","group_id":"cypress-provider","run_id":"ce8h0pfrirfu2nojhmng","event":{"message_event":{"message":"creating DHT successful"}}}
{"ts":1670451444809512584,"msg":"","group_id":"cypress-provider","run_id":"ce8h0pfrirfu2nojhmng","event":{"message_event":{"message":"28 is waiting on 0 from state 0"}}}
{"ts":1670451444988002625,"msg":"requested a barrier with target zero; satisfying immediately","group_id":"cypress-provider","run_id":"ce8h0pfrirfu2nojhmng","state":"boostrap-gradual1-0"}
{"ts":1670451445171888209,"msg":"","group_id":"cypress-provider","run_id":"ce8h0pfrirfu2nojhmng","event":{"message_event":{"message":"28 is running"}}}
{"ts":1670451445238717250,"msg":"","group_id":"cypress-provider","run_id":"ce8h0pfrirfu2nojhmng","event":{"message_event":{"message":"Dial to all other peers"}}}
{"ts":1670451445316126042,"msg":"","group_id":"cypress-provider","run_id":"ce8h0pfrirfu2nojhmng","event":{"message_event":{"message":"dialling peer 12D3KooWFJGAAPuFWEeZUVvSEs7dEGnzgCyBpVuYAx8R9WmSNMe7 (attempt 1)"}}}
{"ts":1670451445910033876,"msg":"","group_id":"cypress-provider","run_id":"ce8h0pfrirfu2nojhmng","event":{"message_event":{"message":"Connect, successfully dialed peer: %!(EXTRA peer.AddrInfo={12D3KooWFJGAAPuFWEeZUVvSEs7dEGnzgCyBpVuYAx8R9WmSNMe7: [/ip4/16.17.0.28/tcp/39647]})"}}}
{"ts":1670451446204884168,"msg":"","group_id":"cypress-provider","run_id":"ce8h0pfrirfu2nojhmng","event":{"message_event":{"message":"dialling peer 12D3KooWL3XJ9EMCyZvmmGXL2LMiVBtrVa2BuESsJiXkSj7333Jw (attempt 1)"}}}
{"ts":1670451446812102751,"msg":"","group_id":"cypress-provider","run_id":"ce8h0pfrirfu2nojhmng","event":{"message_event":{"message":"Connect, successfully dialed peer: %!(EXTRA peer.AddrInfo={12D3KooWL3XJ9EMCyZvmmGXL2LMiVBtrVa2BuESsJiXkSj7333Jw: [/ip4/16.17.0.45/tcp/45065]})"}}}
{"ts":1670451446824801168,"msg":"","group_id":"cypress-provider","run_id":"ce8h0pfrirfu2nojhmng","event":{"message_event":{"message":"dialling peer 12D3KooWQ3XvwCaYCPy5oXzUiSVQWoBJTkSjkVnMDaDrvCDNpTtZ (attempt 1)"}}}
{"ts":1670451454051053421,"msg":"","group_id":"cypress-provider","run_id":"ce8h0pfrirfu2nojhmng","event":{"message_event":{"message":"failed to send batch to InfluxDB; attempt 0; err: Post \"http://testground-influxdb:8086/write?consistency=&db=testground&precision=ns&rp=\": context deadline exceeded (Client.Timeout exceeded while awaiting headers)"}}}
{"ts":1670451454243855130,"msg":"","group_id":"cypress-provider","run_id":"ce8h0pfrirfu2nojhmng","event":{"message_event":{"message":"Connect, successfully dialed peer: %!(EXTRA peer.AddrInfo={12D3KooWQ3XvwCaYCPy5oXzUiSVQWoBJTkSjkVnMDaDrvCDNpTtZ: [/ip4/16.17.0.41/tcp/33207]})"}}}
{"ts":1670451465488200718,"msg":"","group_id":"cypress-provider","run_id":"ce8h0pfrirfu2nojhmng","event":{"message_event":{"message":"failed to send batch to InfluxDB; attempt 0; err: Post \"http://testground-influxdb:8086/write?consistency=&db=testground&precision=ns&rp=\": context deadline exceeded (Client.Timeout exceeded while awaiting headers)"}}}
{"ts":1670451488890696799,"msg":"","group_id":"cypress-provider","run_id":"ce8h0pfrirfu2nojhmng","event":{"message_event":{"message":"bootstrap: everyone table ready"}}}
{"ts":1670451490440101424,"msg":"","group_id":"cypress-provider","run_id":"ce8h0pfrirfu2nojhmng","event":{"message_event":{"message":"28 is done - waiting for 49"}}}
{"ts":1670451492753044592,"msg":"","group_id":"cypress-provider","run_id":"ce8h0pfrirfu2nojhmng","event":{"message_event":{"message":"28 passed the barrier"}}}
{"ts":1670451494761687385,"msg":"","group_id":"cypress-provider","run_id":"ce8h0pfrirfu2nojhmng","event":{"message_event":{"message":"bootstrap: begin trim"}}}
{"ts":1670451505068910042,"msg":"","group_id":"cypress-provider","run_id":"ce8h0pfrirfu2nojhmng","event":{"message_event":{"message":"name: signal bootstrapping0; uint: ns; time: %!d(float64=1.10704166e+08)"}}}
{"ts":1670451505380845584,"msg":"","group_id":"cypress-provider","run_id":"ce8h0pfrirfu2nojhmng","event":{"message_event":{"message":"name: barrier bootstrapping0; uint: ns; time: %!d(float64=417)"}}}
