{"level":"info","ts":1674166080986814881,"msg":"br","Node":"12D3KooWSVahexScA4jt5HsavZut74osC2MWonEzXfNpPhhVj9eq","Peer":"12D3KooWPgam4TzSVCRa4AbhxQnM9abCYR4E9hV57SN7eAjEYn1j"}
{"level":"info","ts":1674166081008919422,"msg":"br","Node":"12D3KooWSVahexScA4jt5HsavZut74osC2MWonEzXfNpPhhVj9eq","Peer":"12D3KooWNentwzsa1BpUkXPJWYBg3riYQ64XM9JUCfoVt4KqwKdw"}
{"level":"info","ts":1674166081021652464,"msg":"br","Node":"12D3KooWSVahexScA4jt5HsavZut74osC2MWonEzXfNpPhhVj9eq","Peer":"12D3KooWK3agpH5Lx8HeCHbHfQq2APDdxHUo8Kft3fMqP2aTvoVH"}
{"level":"info","ts":1674166081050915756,"msg":"br","Node":"12D3KooWSVahexScA4jt5HsavZut74osC2MWonEzXfNpPhhVj9eq","Peer":"12D3KooWPZk9oAqaXNcWic2xpa2UKPwcuxt2hRk4sdrYL7YeapCL"}
{"level":"info","ts":1674166081079995922,"msg":"br","Node":"12D3KooWSVahexScA4jt5HsavZut74osC2MWonEzXfNpPhhVj9eq","Peer":"12D3KooWEuk3nU2BCEx3AMKnCFLEG7yXAt1q7gcstxCTJZMfTwkV"}
{"level":"info","ts":1674166081093461256,"msg":"br","Node":"12D3KooWSVahexScA4jt5HsavZut74osC2MWonEzXfNpPhhVj9eq","Peer":"12D3KooW9yvKfP5HgVaLnNaxWywo3pLAEypk7wjUcpgKwLznk5gQ"}
{"level":"info","ts":1674166081111430714,"msg":"br","Node":"12D3KooWSVahexScA4jt5HsavZut74osC2MWonEzXfNpPhhVj9eq","Peer":"12D3KooWHFfn6pWFnJpUJM6EQKry7WKB7y9E8yMzpE6dnvftD8Uc"}
{"level":"info","ts":1674166081120197714,"msg":"br","Node":"12D3KooWSVahexScA4jt5HsavZut74osC2MWonEzXfNpPhhVj9eq","Peer":"12D3KooWFJGAAPuFWEeZUVvSEs7dEGnzgCyBpVuYAx8R9WmSNMe7"}
{"level":"info","ts":1674166081166543131,"msg":"br","Node":"12D3KooWSVahexScA4jt5HsavZut74osC2MWonEzXfNpPhhVj9eq","Peer":"12D3KooWKCz8coBHWrFr7Z3ZZekUTsZdm9bUTuKQBbX6tTvKhqmy"}
{"level":"info","ts":1674166081190062172,"msg":"br","Node":"12D3KooWSVahexScA4jt5HsavZut74osC2MWonEzXfNpPhhVj9eq","Peer":"12D3KooWCUD1fJhtHsV93H6zZCwPZq5WBLsNTSWUW86EDykHrUgd"}
{"level":"info","ts":1674166081211994839,"msg":"br","Node":"12D3KooWSVahexScA4jt5HsavZut74osC2MWonEzXfNpPhhVj9eq","Peer":"12D3KooWRuYVGEsecrJJhZsSoKf1UNdBVYKFCmFLNj9ucZiSQCYj"}
{"level":"info","ts":1674166081234851214,"msg":"br","Node":"12D3KooWSVahexScA4jt5HsavZut74osC2MWonEzXfNpPhhVj9eq","Peer":"12D3KooWGCvi3KESxsfJqabtDpZTviCeycABxLRtCPR7aQAdAwir"}
{"level":"info","ts":1674166081255832464,"msg":"br","Node":"12D3KooWSVahexScA4jt5HsavZut74osC2MWonEzXfNpPhhVj9eq","Peer":"12D3KooWGFLL95aAHX7AJZzSn9vFY49znDxeaGPU14TKzrHP7ygU"}
{"level":"info","ts":1674166081267166047,"msg":"br","Node":"12D3KooWSVahexScA4jt5HsavZut74osC2MWonEzXfNpPhhVj9eq","Peer":"12D3KooWL3XJ9EMCyZvmmGXL2LMiVBtrVa2BuESsJiXkSj7333Jw"}
{"level":"info","ts":1674166081280212672,"msg":"br","Node":"12D3KooWSVahexScA4jt5HsavZut74osC2MWonEzXfNpPhhVj9eq","Peer":"12D3KooWEiCzB4bVxyxYwB7xpSvra1Yz1SB39kih4qHpFjDWoC9J"}
{"level":"info","ts":1674166081296211797,"msg":"br","Node":"12D3KooWSVahexScA4jt5HsavZut74osC2MWonEzXfNpPhhVj9eq","Peer":"12D3KooWPp1Xz8oHjyrMTi6fPeQAuEqpDGvv36EvHrjHqXUnEJvw"}
{"level":"info","ts":1674166081312567547,"msg":"br","Node":"12D3KooWSVahexScA4jt5HsavZut74osC2MWonEzXfNpPhhVj9eq","Peer":"12D3KooWEbZEADkMZvpYYcAkAk8Bmbe34HoH7uXwPEmzCCqVVppj"}
{"level":"info","ts":1674166081324159756,"msg":"br","Node":"12D3KooWSVahexScA4jt5HsavZut74osC2MWonEzXfNpPhhVj9eq","Peer":"12D3KooWKVutoujmd2QtYCFPk6WtyU9xvAgYxFXvqLVGcBHocnmG"}
{"level":"info","ts":1674166081331782214,"msg":"br","Node":"12D3KooWSVahexScA4jt5HsavZut74osC2MWonEzXfNpPhhVj9eq","Peer":"12D3KooWCR2EoapJjoQVR4E3NLjWn818gG3XizQ92Yx6C424HL2g"}
{"level":"info","ts":1674166081343403131,"msg":"br","Node":"12D3KooWSVahexScA4jt5HsavZut74osC2MWonEzXfNpPhhVj9eq","Peer":"12D3KooWFqdBYPrtwErMosomvD4uRtVhXQdqqZZHC3NCBZYVxr4t"}
{"level":"info","ts":1674166081351033339,"msg":"br","Node":"12D3KooWSVahexScA4jt5HsavZut74osC2MWonEzXfNpPhhVj9eq","Peer":"12D3KooWM4yJB31d4hF2F9Vdwuj9WFo1qonoySyw4bVAQ9a9d21o"}
{"level":"info","ts":1674166081386017797,"msg":"br","Node":"12D3KooWSVahexScA4jt5HsavZut74osC2MWonEzXfNpPhhVj9eq","Peer":"12D3KooWDf6Jpo3XnCHoQ7uXMpxS3RbZrysd9Z7iGWLqyQ8K87VZ"}
{"level":"info","ts":1674166081405110422,"msg":"br","Node":"12D3KooWSVahexScA4jt5HsavZut74osC2MWonEzXfNpPhhVj9eq","Peer":"12D3KooWFB7QisaHRFaMwskj6JE4vuoruNMSRNL4pfL2WEReWzMd"}
{"level":"info","ts":1674166081413949089,"msg":"br","Node":"12D3KooWSVahexScA4jt5HsavZut74osC2MWonEzXfNpPhhVj9eq","Peer":"12D3KooWNEWRB7PnuZs164xaA9QWM3iZHekHyEQo5qGP5KCHHuSN"}
{"level":"info","ts":1674166081431788131,"msg":"br","Node":"12D3KooWSVahexScA4jt5HsavZut74osC2MWonEzXfNpPhhVj9eq","Peer":"12D3KooWGBv5oKekns7NunQ9FMNXihJvwyuELAcq84Z9Hxgc2PZh"}
{"level":"info","ts":1674166081437805589,"msg":"br","Node":"12D3KooWSVahexScA4jt5HsavZut74osC2MWonEzXfNpPhhVj9eq","Peer":"12D3KooWGVijKpKXAveYbcCXhe8DhrykfXaehwPM6mcSgagqXkEg"}
{"level":"info","ts":1674166081449975006,"msg":"br","Node":"12D3KooWSVahexScA4jt5HsavZut74osC2MWonEzXfNpPhhVj9eq","Peer":"12D3KooWHHzSeKaY8xuZVzkLbKFfvNgPPeKhFBGrMbNzbm5akpqu"}
{"level":"info","ts":1674166081457513672,"msg":"br","Node":"12D3KooWSVahexScA4jt5HsavZut74osC2MWonEzXfNpPhhVj9eq","Peer":"12D3KooWBremnqYWBDK6ctvCuhCqJAps5ZAPADu53gXhQHexrvtP"}
{"level":"info","ts":1674166081466605047,"msg":"br","Node":"12D3KooWSVahexScA4jt5HsavZut74osC2MWonEzXfNpPhhVj9eq","Peer":"12D3KooWE2N9kXfsBWLWYdtaX9uY7HxJTfFmVFQFxvUXCQ6bT883"}
{"level":"info","ts":1674166082816983006,"msg":"ar","Node":"12D3KooWSVahexScA4jt5HsavZut74osC2MWonEzXfNpPhhVj9eq","Peer":"12D3KooWPgam4TzSVCRa4AbhxQnM9abCYR4E9hV57SN7eAjEYn1j"}
{"level":"info","ts":1674166082826186048,"msg":"ar","Node":"12D3KooWSVahexScA4jt5HsavZut74osC2MWonEzXfNpPhhVj9eq","Peer":"12D3KooWNentwzsa1BpUkXPJWYBg3riYQ64XM9JUCfoVt4KqwKdw"}
{"level":"info","ts":1674166082865937215,"msg":"ar","Node":"12D3KooWSVahexScA4jt5HsavZut74osC2MWonEzXfNpPhhVj9eq","Peer":"12D3KooWK3agpH5Lx8HeCHbHfQq2APDdxHUo8Kft3fMqP2aTvoVH"}
{"level":"info","ts":1674166082874015465,"msg":"ar","Node":"12D3KooWSVahexScA4jt5HsavZut74osC2MWonEzXfNpPhhVj9eq","Peer":"12D3KooWPZk9oAqaXNcWic2xpa2UKPwcuxt2hRk4sdrYL7YeapCL"}
{"level":"info","ts":1674166082888546840,"msg":"ar","Node":"12D3KooWSVahexScA4jt5HsavZut74osC2MWonEzXfNpPhhVj9eq","Peer":"12D3KooWEuk3nU2BCEx3AMKnCFLEG7yXAt1q7gcstxCTJZMfTwkV"}
{"level":"info","ts":1674166082927567423,"msg":"ar","Node":"12D3KooWSVahexScA4jt5HsavZut74osC2MWonEzXfNpPhhVj9eq","Peer":"12D3KooW9yvKfP5HgVaLnNaxWywo3pLAEypk7wjUcpgKwLznk5gQ"}
{"level":"info","ts":1674166082941171840,"msg":"ar","Node":"12D3KooWSVahexScA4jt5HsavZut74osC2MWonEzXfNpPhhVj9eq","Peer":"12D3KooWHFfn6pWFnJpUJM6EQKry7WKB7y9E8yMzpE6dnvftD8Uc"}
{"level":"info","ts":1674166082951895590,"msg":"ar","Node":"12D3KooWSVahexScA4jt5HsavZut74osC2MWonEzXfNpPhhVj9eq","Peer":"12D3KooWFJGAAPuFWEeZUVvSEs7dEGnzgCyBpVuYAx8R9WmSNMe7"}
{"level":"info","ts":1674166082968514132,"msg":"ar","Node":"12D3KooWSVahexScA4jt5HsavZut74osC2MWonEzXfNpPhhVj9eq","Peer":"12D3KooWKCz8coBHWrFr7Z3ZZekUTsZdm9bUTuKQBbX6tTvKhqmy"}
{"level":"info","ts":1674166082977568715,"msg":"ar","Node":"12D3KooWSVahexScA4jt5HsavZut74osC2MWonEzXfNpPhhVj9eq","Peer":"12D3KooWCUD1fJhtHsV93H6zZCwPZq5WBLsNTSWUW86EDykHrUgd"}
{"level":"info","ts":1674166082994072798,"msg":"ar","Node":"12D3KooWSVahexScA4jt5HsavZut74osC2MWonEzXfNpPhhVj9eq","Peer":"12D3KooWBHDsBRbrf52fh6czkYXYY3tTk4fSfen3ZWvYEzFeHM2g"}
{"level":"info","ts":1674166083008873298,"msg":"ar","Node":"12D3KooWSVahexScA4jt5HsavZut74osC2MWonEzXfNpPhhVj9eq","Peer":"12D3KooWPwVR5DRz8H7Qvmp1i7c3BmEJLsbXBvLBCDY5tikyx2yu"}
{"level":"info","ts":1674166083031881382,"msg":"ar","Node":"12D3KooWSVahexScA4jt5HsavZut74osC2MWonEzXfNpPhhVj9eq","Peer":"12D3KooWRuYVGEsecrJJhZsSoKf1UNdBVYKFCmFLNj9ucZiSQCYj"}
{"level":"info","ts":1674166083036439298,"msg":"ar","Node":"12D3KooWSVahexScA4jt5HsavZut74osC2MWonEzXfNpPhhVj9eq","Peer":"12D3KooWGCvi3KESxsfJqabtDpZTviCeycABxLRtCPR7aQAdAwir"}
{"level":"info","ts":1674166083058593257,"msg":"ar","Node":"12D3KooWSVahexScA4jt5HsavZut74osC2MWonEzXfNpPhhVj9eq","Peer":"12D3KooWGFLL95aAHX7AJZzSn9vFY49znDxeaGPU14TKzrHP7ygU"}
{"level":"info","ts":1674166083066889965,"msg":"ar","Node":"12D3KooWSVahexScA4jt5HsavZut74osC2MWonEzXfNpPhhVj9eq","Peer":"12D3KooWL3XJ9EMCyZvmmGXL2LMiVBtrVa2BuESsJiXkSj7333Jw"}
{"level":"info","ts":1674166083082628632,"msg":"ar","Node":"12D3KooWSVahexScA4jt5HsavZut74osC2MWonEzXfNpPhhVj9eq","Peer":"12D3KooWEiCzB4bVxyxYwB7xpSvra1Yz1SB39kih4qHpFjDWoC9J"}
{"level":"info","ts":1674166083090045632,"msg":"ar","Node":"12D3KooWSVahexScA4jt5HsavZut74osC2MWonEzXfNpPhhVj9eq","Peer":"12D3KooWPp1Xz8oHjyrMTi6fPeQAuEqpDGvv36EvHrjHqXUnEJvw"}
{"level":"info","ts":1674166083145763965,"msg":"ar","Node":"12D3KooWSVahexScA4jt5HsavZut74osC2MWonEzXfNpPhhVj9eq","Peer":"12D3KooWEbZEADkMZvpYYcAkAk8Bmbe34HoH7uXwPEmzCCqVVppj"}
{"level":"info","ts":1674166083148043923,"msg":"ar","Node":"12D3KooWSVahexScA4jt5HsavZut74osC2MWonEzXfNpPhhVj9eq","Peer":"12D3KooWKVutoujmd2QtYCFPk6WtyU9xvAgYxFXvqLVGcBHocnmG"}
{"level":"info","ts":1674166083153563923,"msg":"ar","Node":"12D3KooWSVahexScA4jt5HsavZut74osC2MWonEzXfNpPhhVj9eq","Peer":"12D3KooWM4yJB31d4hF2F9Vdwuj9WFo1qonoySyw4bVAQ9a9d21o"}
{"level":"info","ts":1674166083172800923,"msg":"ar","Node":"12D3KooWSVahexScA4jt5HsavZut74osC2MWonEzXfNpPhhVj9eq","Peer":"12D3KooWDf6Jpo3XnCHoQ7uXMpxS3RbZrysd9Z7iGWLqyQ8K87VZ"}
{"level":"info","ts":1674166083180108173,"msg":"ar","Node":"12D3KooWSVahexScA4jt5HsavZut74osC2MWonEzXfNpPhhVj9eq","Peer":"12D3KooWFB7QisaHRFaMwskj6JE4vuoruNMSRNL4pfL2WEReWzMd"}
{"level":"info","ts":1674166083203014090,"msg":"ar","Node":"12D3KooWSVahexScA4jt5HsavZut74osC2MWonEzXfNpPhhVj9eq","Peer":"12D3KooWNEWRB7PnuZs164xaA9QWM3iZHekHyEQo5qGP5KCHHuSN"}
{"level":"info","ts":1674166083214842423,"msg":"ar","Node":"12D3KooWSVahexScA4jt5HsavZut74osC2MWonEzXfNpPhhVj9eq","Peer":"12D3KooWGBv5oKekns7NunQ9FMNXihJvwyuELAcq84Z9Hxgc2PZh"}
{"level":"info","ts":1674166083241408423,"msg":"ar","Node":"12D3KooWSVahexScA4jt5HsavZut74osC2MWonEzXfNpPhhVj9eq","Peer":"12D3KooWGVijKpKXAveYbcCXhe8DhrykfXaehwPM6mcSgagqXkEg"}
{"level":"info","ts":1674166083250796965,"msg":"ar","Node":"12D3KooWSVahexScA4jt5HsavZut74osC2MWonEzXfNpPhhVj9eq","Peer":"12D3KooWHHzSeKaY8xuZVzkLbKFfvNgPPeKhFBGrMbNzbm5akpqu"}
{"level":"info","ts":1674166083255985132,"msg":"ar","Node":"12D3KooWSVahexScA4jt5HsavZut74osC2MWonEzXfNpPhhVj9eq","Peer":"12D3KooWBremnqYWBDK6ctvCuhCqJAps5ZAPADu53gXhQHexrvtP"}
{"level":"info","ts":1674166083275972798,"msg":"ar","Node":"12D3KooWSVahexScA4jt5HsavZut74osC2MWonEzXfNpPhhVj9eq","Peer":"12D3KooWE2N9kXfsBWLWYdtaX9uY7HxJTfFmVFQFxvUXCQ6bT883"}
{"level":"info","ts":1674166088095105509,"msg":"at","Node":"12D3KooWSVahexScA4jt5HsavZut74osC2MWonEzXfNpPhhVj9eq","Peer":"12D3KooWPgam4TzSVCRa4AbhxQnM9abCYR4E9hV57SN7eAjEYn1j"}
{"level":"info","ts":1674166088105056926,"msg":"at","Node":"12D3KooWSVahexScA4jt5HsavZut74osC2MWonEzXfNpPhhVj9eq","Peer":"12D3KooWNentwzsa1BpUkXPJWYBg3riYQ64XM9JUCfoVt4KqwKdw"}
{"level":"info","ts":1674166088126352342,"msg":"at","Node":"12D3KooWSVahexScA4jt5HsavZut74osC2MWonEzXfNpPhhVj9eq","Peer":"12D3KooWK3agpH5Lx8HeCHbHfQq2APDdxHUo8Kft3fMqP2aTvoVH"}
{"level":"info","ts":1674166088145582467,"msg":"at","Node":"12D3KooWSVahexScA4jt5HsavZut74osC2MWonEzXfNpPhhVj9eq","Peer":"12D3KooWPZk9oAqaXNcWic2xpa2UKPwcuxt2hRk4sdrYL7YeapCL"}
{"level":"info","ts":1674166088168174967,"msg":"at","Node":"12D3KooWSVahexScA4jt5HsavZut74osC2MWonEzXfNpPhhVj9eq","Peer":"12D3KooWEuk3nU2BCEx3AMKnCFLEG7yXAt1q7gcstxCTJZMfTwkV"}
{"level":"info","ts":1674166088189815342,"msg":"at","Node":"12D3KooWSVahexScA4jt5HsavZut74osC2MWonEzXfNpPhhVj9eq","Peer":"12D3KooW9yvKfP5HgVaLnNaxWywo3pLAEypk7wjUcpgKwLznk5gQ"}
{"level":"info","ts":1674166088204066009,"msg":"at","Node":"12D3KooWSVahexScA4jt5HsavZut74osC2MWonEzXfNpPhhVj9eq","Peer":"12D3KooWHFfn6pWFnJpUJM6EQKry7WKB7y9E8yMzpE6dnvftD8Uc"}
{"level":"info","ts":1674166088214577301,"msg":"at","Node":"12D3KooWSVahexScA4jt5HsavZut74osC2MWonEzXfNpPhhVj9eq","Peer":"12D3KooWFJGAAPuFWEeZUVvSEs7dEGnzgCyBpVuYAx8R9WmSNMe7"}
{"level":"info","ts":1674166088230702842,"msg":"at","Node":"12D3KooWSVahexScA4jt5HsavZut74osC2MWonEzXfNpPhhVj9eq","Peer":"12D3KooWKCz8coBHWrFr7Z3ZZekUTsZdm9bUTuKQBbX6tTvKhqmy"}
{"level":"info","ts":1674166088264023509,"msg":"at","Node":"12D3KooWSVahexScA4jt5HsavZut74osC2MWonEzXfNpPhhVj9eq","Peer":"12D3KooWCUD1fJhtHsV93H6zZCwPZq5WBLsNTSWUW86EDykHrUgd"}
{"level":"info","ts":1674166088274416467,"msg":"at","Node":"12D3KooWSVahexScA4jt5HsavZut74osC2MWonEzXfNpPhhVj9eq","Peer":"12D3KooWBHDsBRbrf52fh6czkYXYY3tTk4fSfen3ZWvYEzFeHM2g"}
{"level":"info","ts":1674166088328910259,"msg":"at","Node":"12D3KooWSVahexScA4jt5HsavZut74osC2MWonEzXfNpPhhVj9eq","Peer":"12D3KooWPwVR5DRz8H7Qvmp1i7c3BmEJLsbXBvLBCDY5tikyx2yu"}
{"level":"info","ts":1674166088362122717,"msg":"at","Node":"12D3KooWSVahexScA4jt5HsavZut74osC2MWonEzXfNpPhhVj9eq","Peer":"12D3KooWRuYVGEsecrJJhZsSoKf1UNdBVYKFCmFLNj9ucZiSQCYj"}
{"level":"info","ts":1674166088379868259,"msg":"at","Node":"12D3KooWSVahexScA4jt5HsavZut74osC2MWonEzXfNpPhhVj9eq","Peer":"12D3KooWGCvi3KESxsfJqabtDpZTviCeycABxLRtCPR7aQAdAwir"}
{"level":"info","ts":1674166088397611259,"msg":"at","Node":"12D3KooWSVahexScA4jt5HsavZut74osC2MWonEzXfNpPhhVj9eq","Peer":"12D3KooWGFLL95aAHX7AJZzSn9vFY49znDxeaGPU14TKzrHP7ygU"}
{"level":"info","ts":1674166088416101301,"msg":"at","Node":"12D3KooWSVahexScA4jt5HsavZut74osC2MWonEzXfNpPhhVj9eq","Peer":"12D3KooWL3XJ9EMCyZvmmGXL2LMiVBtrVa2BuESsJiXkSj7333Jw"}
{"level":"info","ts":1674166088435621051,"msg":"at","Node":"12D3KooWSVahexScA4jt5HsavZut74osC2MWonEzXfNpPhhVj9eq","Peer":"12D3KooWEiCzB4bVxyxYwB7xpSvra1Yz1SB39kih4qHpFjDWoC9J"}
{"level":"info","ts":1674166088442005634,"msg":"at","Node":"12D3KooWSVahexScA4jt5HsavZut74osC2MWonEzXfNpPhhVj9eq","Peer":"12D3KooWPp1Xz8oHjyrMTi6fPeQAuEqpDGvv36EvHrjHqXUnEJvw"}
{"level":"info","ts":1674166088474435301,"msg":"at","Node":"12D3KooWSVahexScA4jt5HsavZut74osC2MWonEzXfNpPhhVj9eq","Peer":"12D3KooWEbZEADkMZvpYYcAkAk8Bmbe34HoH7uXwPEmzCCqVVppj"}
{"level":"info","ts":1674166088488782009,"msg":"at","Node":"12D3KooWSVahexScA4jt5HsavZut74osC2MWonEzXfNpPhhVj9eq","Peer":"12D3KooWKVutoujmd2QtYCFPk6WtyU9xvAgYxFXvqLVGcBHocnmG"}
{"level":"info","ts":1674166088502671176,"msg":"at","Node":"12D3KooWSVahexScA4jt5HsavZut74osC2MWonEzXfNpPhhVj9eq","Peer":"12D3KooWM4yJB31d4hF2F9Vdwuj9WFo1qonoySyw4bVAQ9a9d21o"}
{"level":"info","ts":1674166088517183926,"msg":"at","Node":"12D3KooWSVahexScA4jt5HsavZut74osC2MWonEzXfNpPhhVj9eq","Peer":"12D3KooWDf6Jpo3XnCHoQ7uXMpxS3RbZrysd9Z7iGWLqyQ8K87VZ"}
{"level":"info","ts":1674166088568925009,"msg":"at","Node":"12D3KooWSVahexScA4jt5HsavZut74osC2MWonEzXfNpPhhVj9eq","Peer":"12D3KooWFB7QisaHRFaMwskj6JE4vuoruNMSRNL4pfL2WEReWzMd"}
{"level":"info","ts":1674166088612566634,"msg":"at","Node":"12D3KooWSVahexScA4jt5HsavZut74osC2MWonEzXfNpPhhVj9eq","Peer":"12D3KooWNEWRB7PnuZs164xaA9QWM3iZHekHyEQo5qGP5KCHHuSN"}
{"level":"info","ts":1674166088632903884,"msg":"at","Node":"12D3KooWSVahexScA4jt5HsavZut74osC2MWonEzXfNpPhhVj9eq","Peer":"12D3KooWGBv5oKekns7NunQ9FMNXihJvwyuELAcq84Z9Hxgc2PZh"}
{"level":"info","ts":1674166088659555843,"msg":"at","Node":"12D3KooWSVahexScA4jt5HsavZut74osC2MWonEzXfNpPhhVj9eq","Peer":"12D3KooWGVijKpKXAveYbcCXhe8DhrykfXaehwPM6mcSgagqXkEg"}
{"level":"info","ts":1674166088671646843,"msg":"at","Node":"12D3KooWSVahexScA4jt5HsavZut74osC2MWonEzXfNpPhhVj9eq","Peer":"12D3KooWHHzSeKaY8xuZVzkLbKFfvNgPPeKhFBGrMbNzbm5akpqu"}
{"level":"info","ts":1674166088687920884,"msg":"at","Node":"12D3KooWSVahexScA4jt5HsavZut74osC2MWonEzXfNpPhhVj9eq","Peer":"12D3KooWBremnqYWBDK6ctvCuhCqJAps5ZAPADu53gXhQHexrvtP"}
{"level":"info","ts":1674166088715666676,"msg":"at","Node":"12D3KooWSVahexScA4jt5HsavZut74osC2MWonEzXfNpPhhVj9eq","Peer":"12D3KooWE2N9kXfsBWLWYdtaX9uY7HxJTfFmVFQFxvUXCQ6bT883"}
{"level":"info","ts":1674166093663654303,"msg":"ab","Node":"12D3KooWSVahexScA4jt5HsavZut74osC2MWonEzXfNpPhhVj9eq","Peer":"12D3KooWPgam4TzSVCRa4AbhxQnM9abCYR4E9hV57SN7eAjEYn1j"}
{"level":"info","ts":1674166093682568845,"msg":"ab","Node":"12D3KooWSVahexScA4jt5HsavZut74osC2MWonEzXfNpPhhVj9eq","Peer":"12D3KooWNentwzsa1BpUkXPJWYBg3riYQ64XM9JUCfoVt4KqwKdw"}
{"level":"info","ts":1674166093697577970,"msg":"ab","Node":"12D3KooWSVahexScA4jt5HsavZut74osC2MWonEzXfNpPhhVj9eq","Peer":"12D3KooWK3agpH5Lx8HeCHbHfQq2APDdxHUo8Kft3fMqP2aTvoVH"}
{"level":"info","ts":1674166093708619470,"msg":"ab","Node":"12D3KooWSVahexScA4jt5HsavZut74osC2MWonEzXfNpPhhVj9eq","Peer":"12D3KooWPZk9oAqaXNcWic2xpa2UKPwcuxt2hRk4sdrYL7YeapCL"}
{"level":"info","ts":1674166093718623512,"msg":"ab","Node":"12D3KooWSVahexScA4jt5HsavZut74osC2MWonEzXfNpPhhVj9eq","Peer":"12D3KooWEuk3nU2BCEx3AMKnCFLEG7yXAt1q7gcstxCTJZMfTwkV"}
{"level":"info","ts":1674166093739535345,"msg":"ab","Node":"12D3KooWSVahexScA4jt5HsavZut74osC2MWonEzXfNpPhhVj9eq","Peer":"12D3KooW9yvKfP5HgVaLnNaxWywo3pLAEypk7wjUcpgKwLznk5gQ"}
{"level":"info","ts":1674166093811886262,"msg":"ab","Node":"12D3KooWSVahexScA4jt5HsavZut74osC2MWonEzXfNpPhhVj9eq","Peer":"12D3KooWHFfn6pWFnJpUJM6EQKry7WKB7y9E8yMzpE6dnvftD8Uc"}
{"level":"info","ts":1674166093827779803,"msg":"ab","Node":"12D3KooWSVahexScA4jt5HsavZut74osC2MWonEzXfNpPhhVj9eq","Peer":"12D3KooWFJGAAPuFWEeZUVvSEs7dEGnzgCyBpVuYAx8R9WmSNMe7"}
{"level":"info","ts":1674166093842093678,"msg":"ab","Node":"12D3KooWSVahexScA4jt5HsavZut74osC2MWonEzXfNpPhhVj9eq","Peer":"12D3KooWKCz8coBHWrFr7Z3ZZekUTsZdm9bUTuKQBbX6tTvKhqmy"}
{"level":"info","ts":1674166093857148303,"msg":"ab","Node":"12D3KooWSVahexScA4jt5HsavZut74osC2MWonEzXfNpPhhVj9eq","Peer":"12D3KooWCUD1fJhtHsV93H6zZCwPZq5WBLsNTSWUW86EDykHrUgd"}
{"level":"info","ts":1674166093872037220,"msg":"ab","Node":"12D3KooWSVahexScA4jt5HsavZut74osC2MWonEzXfNpPhhVj9eq","Peer":"12D3KooWBHDsBRbrf52fh6czkYXYY3tTk4fSfen3ZWvYEzFeHM2g"}
{"level":"info","ts":1674166093885061470,"msg":"ab","Node":"12D3KooWSVahexScA4jt5HsavZut74osC2MWonEzXfNpPhhVj9eq","Peer":"12D3KooWPwVR5DRz8H7Qvmp1i7c3BmEJLsbXBvLBCDY5tikyx2yu"}
{"level":"info","ts":1674166093891489303,"msg":"ab","Node":"12D3KooWSVahexScA4jt5HsavZut74osC2MWonEzXfNpPhhVj9eq","Peer":"12D3KooWRuYVGEsecrJJhZsSoKf1UNdBVYKFCmFLNj9ucZiSQCYj"}
{"level":"info","ts":1674166093899209303,"msg":"ab","Node":"12D3KooWSVahexScA4jt5HsavZut74osC2MWonEzXfNpPhhVj9eq","Peer":"12D3KooWGCvi3KESxsfJqabtDpZTviCeycABxLRtCPR7aQAdAwir"}
{"level":"info","ts":1674166093914465553,"msg":"ab","Node":"12D3KooWSVahexScA4jt5HsavZut74osC2MWonEzXfNpPhhVj9eq","Peer":"12D3KooWGFLL95aAHX7AJZzSn9vFY49znDxeaGPU14TKzrHP7ygU"}
{"level":"info","ts":1674166093936829345,"msg":"ab","Node":"12D3KooWSVahexScA4jt5HsavZut74osC2MWonEzXfNpPhhVj9eq","Peer":"12D3KooWL3XJ9EMCyZvmmGXL2LMiVBtrVa2BuESsJiXkSj7333Jw"}
{"level":"info","ts":1674166093979025428,"msg":"ab","Node":"12D3KooWSVahexScA4jt5HsavZut74osC2MWonEzXfNpPhhVj9eq","Peer":"12D3KooWEiCzB4bVxyxYwB7xpSvra1Yz1SB39kih4qHpFjDWoC9J"}
{"level":"info","ts":1674166093998009762,"msg":"ab","Node":"12D3KooWSVahexScA4jt5HsavZut74osC2MWonEzXfNpPhhVj9eq","Peer":"12D3KooWPp1Xz8oHjyrMTi6fPeQAuEqpDGvv36EvHrjHqXUnEJvw"}
{"level":"info","ts":1674166094012926678,"msg":"ab","Node":"12D3KooWSVahexScA4jt5HsavZut74osC2MWonEzXfNpPhhVj9eq","Peer":"12D3KooWEbZEADkMZvpYYcAkAk8Bmbe34HoH7uXwPEmzCCqVVppj"}
{"level":"info","ts":1674166094020870470,"msg":"ab","Node":"12D3KooWSVahexScA4jt5HsavZut74osC2MWonEzXfNpPhhVj9eq","Peer":"12D3KooWKVutoujmd2QtYCFPk6WtyU9xvAgYxFXvqLVGcBHocnmG"}
{"level":"info","ts":1674166094027113887,"msg":"ab","Node":"12D3KooWSVahexScA4jt5HsavZut74osC2MWonEzXfNpPhhVj9eq","Peer":"12D3KooWM4yJB31d4hF2F9Vdwuj9WFo1qonoySyw4bVAQ9a9d21o"}
{"level":"info","ts":1674166094046436553,"msg":"ab","Node":"12D3KooWSVahexScA4jt5HsavZut74osC2MWonEzXfNpPhhVj9eq","Peer":"12D3KooWDf6Jpo3XnCHoQ7uXMpxS3RbZrysd9Z7iGWLqyQ8K87VZ"}
{"level":"info","ts":1674166094053647262,"msg":"ab","Node":"12D3KooWSVahexScA4jt5HsavZut74osC2MWonEzXfNpPhhVj9eq","Peer":"12D3KooWFB7QisaHRFaMwskj6JE4vuoruNMSRNL4pfL2WEReWzMd"}
{"level":"info","ts":1674166094091393762,"msg":"ab","Node":"12D3KooWSVahexScA4jt5HsavZut74osC2MWonEzXfNpPhhVj9eq","Peer":"12D3KooWNEWRB7PnuZs164xaA9QWM3iZHekHyEQo5qGP5KCHHuSN"}
{"level":"info","ts":1674166094095721970,"msg":"ab","Node":"12D3KooWSVahexScA4jt5HsavZut74osC2MWonEzXfNpPhhVj9eq","Peer":"12D3KooWGBv5oKekns7NunQ9FMNXihJvwyuELAcq84Z9Hxgc2PZh"}
{"level":"info","ts":1674166094130886720,"msg":"ab","Node":"12D3KooWSVahexScA4jt5HsavZut74osC2MWonEzXfNpPhhVj9eq","Peer":"12D3KooWGVijKpKXAveYbcCXhe8DhrykfXaehwPM6mcSgagqXkEg"}
{"level":"info","ts":1674166094155904679,"msg":"ab","Node":"12D3KooWSVahexScA4jt5HsavZut74osC2MWonEzXfNpPhhVj9eq","Peer":"12D3KooWHHzSeKaY8xuZVzkLbKFfvNgPPeKhFBGrMbNzbm5akpqu"}
{"level":"info","ts":1674166094204995179,"msg":"ab","Node":"12D3KooWSVahexScA4jt5HsavZut74osC2MWonEzXfNpPhhVj9eq","Peer":"12D3KooWBremnqYWBDK6ctvCuhCqJAps5ZAPADu53gXhQHexrvtP"}
{"level":"info","ts":1674166094216890387,"msg":"ab","Node":"12D3KooWSVahexScA4jt5HsavZut74osC2MWonEzXfNpPhhVj9eq","Peer":"12D3KooWE2N9kXfsBWLWYdtaX9uY7HxJTfFmVFQFxvUXCQ6bT883"}
{"level":"info","ts":1674166187811509097,"msg":"after_provide","Node":"12D3KooWSVahexScA4jt5HsavZut74osC2MWonEzXfNpPhhVj9eq","Peer":"12D3KooWEuk3nU2BCEx3AMKnCFLEG7yXAt1q7gcstxCTJZMfTwkV"}
{"level":"info","ts":1674166187832342472,"msg":"after_provide","Node":"12D3KooWSVahexScA4jt5HsavZut74osC2MWonEzXfNpPhhVj9eq","Peer":"12D3KooWQfG74brcJhzpNwjPCZmcbBv8f6wxKgLSYmEDXXdPXQpH"}
{"level":"info","ts":1674166187848799888,"msg":"after_provide","Node":"12D3KooWSVahexScA4jt5HsavZut74osC2MWonEzXfNpPhhVj9eq","Peer":"12D3KooWRFC9qu1UyqfS5fdVjNJBEHDon7m1Ha9fVyNGxfXdD77B"}
{"level":"info","ts":1674166187890418889,"msg":"after_provide","Node":"12D3KooWSVahexScA4jt5HsavZut74osC2MWonEzXfNpPhhVj9eq","Peer":"12D3KooWKwfWu3TQuPNRUfEjEYSANNDYvq2D2GuYdysyHcGHB58t"}
{"level":"info","ts":1674166187919542847,"msg":"after_provide","Node":"12D3KooWSVahexScA4jt5HsavZut74osC2MWonEzXfNpPhhVj9eq","Peer":"12D3KooWSyUTnwQRmgAaT5hnnDiU9BENzaGGH4MNnT8iU138rjLw"}
{"level":"info","ts":1674166187923620180,"msg":"after_provide","Node":"12D3KooWSVahexScA4jt5HsavZut74osC2MWonEzXfNpPhhVj9eq","Peer":"12D3KooWGEcD5sW5osB6LajkHGqiGc3W8eKfYwnJVVqfujkpLWX2"}
{"level":"info","ts":1674166187932068555,"msg":"after_provide","Node":"12D3KooWSVahexScA4jt5HsavZut74osC2MWonEzXfNpPhhVj9eq","Peer":"12D3KooWB224kvi7vN34xJfsfW7bnv6eodxTkgo9VFA6UiaGMgRD"}
{"level":"info","ts":1674166187958740222,"msg":"after_provide","Node":"12D3KooWSVahexScA4jt5HsavZut74osC2MWonEzXfNpPhhVj9eq","Peer":"12D3KooWB1b3qZxWJanuhtseF3DmPggHCtG36KZ9ixkqHtdKH9fh"}
{"level":"info","ts":1674166187981470639,"msg":"after_provide","Node":"12D3KooWSVahexScA4jt5HsavZut74osC2MWonEzXfNpPhhVj9eq","Peer":"12D3KooWKRyzVWW6ChFjQjK4miCty85Niy49tpPV95XdKu1BcvMA"}
{"level":"info","ts":1674166187995079972,"msg":"after_provide","Node":"12D3KooWSVahexScA4jt5HsavZut74osC2MWonEzXfNpPhhVj9eq","Peer":"12D3KooWQ3XvwCaYCPy5oXzUiSVQWoBJTkSjkVnMDaDrvCDNpTtZ"}
{"level":"info","ts":1674166188010843222,"msg":"after_provide","Node":"12D3KooWSVahexScA4jt5HsavZut74osC2MWonEzXfNpPhhVj9eq","Peer":"12D3KooWFqdBYPrtwErMosomvD4uRtVhXQdqqZZHC3NCBZYVxr4t"}
{"level":"info","ts":1674166188079802264,"msg":"after_provide","Node":"12D3KooWSVahexScA4jt5HsavZut74osC2MWonEzXfNpPhhVj9eq","Peer":"12D3KooWEbZEADkMZvpYYcAkAk8Bmbe34HoH7uXwPEmzCCqVVppj"}
{"level":"info","ts":1674166188084788389,"msg":"after_provide","Node":"12D3KooWSVahexScA4jt5HsavZut74osC2MWonEzXfNpPhhVj9eq","Peer":"12D3KooWH7AZDg4C1XecakNbagg7LaR3AHqyxr3obNismNfpW1U2"}
{"level":"info","ts":1674166188110078055,"msg":"after_provide","Node":"12D3KooWSVahexScA4jt5HsavZut74osC2MWonEzXfNpPhhVj9eq","Peer":"12D3KooWCv935r3ropYhUe5yMCp9QiUoc9A6cZpYQ5x84DqEPbwb"}
{"level":"info","ts":1674166188143451389,"msg":"after_provide","Node":"12D3KooWSVahexScA4jt5HsavZut74osC2MWonEzXfNpPhhVj9eq","Peer":"12D3KooWL3XJ9EMCyZvmmGXL2LMiVBtrVa2BuESsJiXkSj7333Jw"}
{"level":"info","ts":1674166188169297305,"msg":"after_provide","Node":"12D3KooWSVahexScA4jt5HsavZut74osC2MWonEzXfNpPhhVj9eq","Peer":"12D3KooWEiCzB4bVxyxYwB7xpSvra1Yz1SB39kih4qHpFjDWoC9J"}
{"level":"info","ts":1674166188186471097,"msg":"after_provide","Node":"12D3KooWSVahexScA4jt5HsavZut74osC2MWonEzXfNpPhhVj9eq","Peer":"12D3KooWGBmjmt6Am4j4CWyLRd36hqj1dDKstAyLaeePmEUt7cUp"}
{"level":"info","ts":1674166188220607889,"msg":"after_provide","Node":"12D3KooWSVahexScA4jt5HsavZut74osC2MWonEzXfNpPhhVj9eq","Peer":"12D3KooWRuYVGEsecrJJhZsSoKf1UNdBVYKFCmFLNj9ucZiSQCYj"}
{"level":"info","ts":1674166188266480514,"msg":"after_provide","Node":"12D3KooWSVahexScA4jt5HsavZut74osC2MWonEzXfNpPhhVj9eq","Peer":"12D3KooWPp1Xz8oHjyrMTi6fPeQAuEqpDGvv36EvHrjHqXUnEJvw"}
{"level":"info","ts":1674166188299561139,"msg":"after_provide","Node":"12D3KooWSVahexScA4jt5HsavZut74osC2MWonEzXfNpPhhVj9eq","Peer":"12D3KooWGve8Xnd9qBGe7YSXskiD386LmWuWEhQjVhyLFQBiKou5"}
{"level":"info","ts":1674166188319869680,"msg":"after_provide","Node":"12D3KooWSVahexScA4jt5HsavZut74osC2MWonEzXfNpPhhVj9eq","Peer":"12D3KooWM4yJB31d4hF2F9Vdwuj9WFo1qonoySyw4bVAQ9a9d21o"}
{"level":"info","ts":1674166188326745597,"msg":"after_provide","Node":"12D3KooWSVahexScA4jt5HsavZut74osC2MWonEzXfNpPhhVj9eq","Peer":"12D3KooWDf6Jpo3XnCHoQ7uXMpxS3RbZrysd9Z7iGWLqyQ8K87VZ"}
{"level":"info","ts":1674166188368594889,"msg":"after_provide","Node":"12D3KooWSVahexScA4jt5HsavZut74osC2MWonEzXfNpPhhVj9eq","Peer":"12D3KooWFB7QisaHRFaMwskj6JE4vuoruNMSRNL4pfL2WEReWzMd"}
{"level":"info","ts":1674166188383087722,"msg":"after_provide","Node":"12D3KooWSVahexScA4jt5HsavZut74osC2MWonEzXfNpPhhVj9eq","Peer":"12D3KooWNEWRB7PnuZs164xaA9QWM3iZHekHyEQo5qGP5KCHHuSN"}
{"level":"info","ts":1674166188425941305,"msg":"after_provide","Node":"12D3KooWSVahexScA4jt5HsavZut74osC2MWonEzXfNpPhhVj9eq","Peer":"12D3KooWGBv5oKekns7NunQ9FMNXihJvwyuELAcq84Z9Hxgc2PZh"}
{"level":"info","ts":1674166188432364055,"msg":"after_provide","Node":"12D3KooWSVahexScA4jt5HsavZut74osC2MWonEzXfNpPhhVj9eq","Peer":"12D3KooWGVijKpKXAveYbcCXhe8DhrykfXaehwPM6mcSgagqXkEg"}
{"level":"info","ts":1674166188466854930,"msg":"after_provide","Node":"12D3KooWSVahexScA4jt5HsavZut74osC2MWonEzXfNpPhhVj9eq","Peer":"12D3KooWHHzSeKaY8xuZVzkLbKFfvNgPPeKhFBGrMbNzbm5akpqu"}
{"level":"info","ts":1674166188508663555,"msg":"after_provide","Node":"12D3KooWSVahexScA4jt5HsavZut74osC2MWonEzXfNpPhhVj9eq","Peer":"12D3KooWBremnqYWBDK6ctvCuhCqJAps5ZAPADu53gXhQHexrvtP"}
{"level":"info","ts":1674166188521871791,"msg":"after_provide","Node":"12D3KooWSVahexScA4jt5HsavZut74osC2MWonEzXfNpPhhVj9eq","Peer":"12D3KooWE2N9kXfsBWLWYdtaX9uY7HxJTfFmVFQFxvUXCQ6bT883"}
