{"ts":1675635237903919926,"type":"point","name":"bandwidth-total-in|cypress-provider|37|0","measures":{"value":142994}}
{"ts":1675635237906485926,"type":"point","name":"bandwidth-total-out|cypress-provider|37|0","measures":{"value":219195}}
{"ts":1675635237907759843,"type":"point","name":"bandwidth-rate-in|cypress-provider|37|0","measures":{"value":0.02279667007671295}}
{"ts":1675635237909013760,"type":"point","name":"bandwidth-rate-out|cypress-provider|37|0","measures":{"value":0.13316657321248562}}
{"ts":1675635255398881379,"type":"point","name":"signal bootstrapping0","measures":{"value":51038708}}
{"ts":1675635255488405879,"type":"point","name":"barrierbootstrapping0","measures":{"value":80735875}}
{"ts":1675635255527525212,"type":"point","name":"full bootstrapping0","measures":{"value":37153619559}}
{"ts":1675635258144888505,"type":"point","name":"bandwidth-total-in|cypress-provider|37|1","measures":{"value":182020}}
{"ts":1675635258486099672,"type":"point","name":"bandwidth-total-out|cypress-provider|37|1","measures":{"value":357793}}
{"ts":1675635258527087339,"type":"point","name":"bandwidth-rate-in|cypress-provider|37|1","measures":{"value":10139.62854163369}}
{"ts":1675635258709163755,"type":"point","name":"bandwidth-rate-out|cypress-provider|37|1","measures":{"value":51141.5744922402}}
{"ts":1675635277905826708,"type":"point","name":"bandwidth-total-in|cypress-provider|37|2","measures":{"value":602503}}
{"ts":1675635278005023292,"type":"point","name":"bandwidth-total-out|cypress-provider|37|2","measures":{"value":674428}}
{"ts":1675635278083134500,"type":"point","name":"bandwidth-rate-in|cypress-provider|37|2","measures":{"value":9359.417831794506}}
{"ts":1675635278139626000,"type":"point","name":"bandwidth-rate-out|cypress-provider|37|2","measures":{"value":16590.921374859692}}
{"ts":1675635295131800758,"type":"point","name":"time-to-provide-19","measures":{"value":37634654143}}
{"ts":1675635296200970801,"type":"point","name":"time-to-provide-9","measures":{"value":38701937519}}
{"ts":1675635296352118967,"type":"point","name":"time-to-provide-1","measures":{"value":38848848185}}
{"ts":1675635296415290884,"type":"point","name":"time-to-provide-0","measures":{"value":38912388102}}
{"ts":1675635296453354759,"type":"point","name":"time-to-provide-2","measures":{"value":38950069019}}
{"ts":1675635296475888009,"type":"point","name":"time-to-provide-3","measures":{"value":38972572102}}
{"ts":1675635296492923967,"type":"point","name":"time-to-provide-4","measures":{"value":38989557018}}
{"ts":1675635296588383509,"type":"point","name":"time-to-provide-7","measures":{"value":39082400143}}
{"ts":1675635296849448467,"type":"point","name":"time-to-provide-8","measures":{"value":39343432893}}
{"ts":1675635296867701134,"type":"point","name":"time-to-provide-5","measures":{"value":39360059268}}
{"ts":1675635297278363843,"type":"point","name":"time-to-provide-12","measures":{"value":39770968477}}
{"ts":1675635297906100343,"type":"point","name":"bandwidth-total-in|cypress-provider|37|3","measures":{"value":815420}}
{"ts":1675635298049846801,"type":"point","name":"bandwidth-total-out|cypress-provider|37|3","measures":{"value":1028420}}
{"ts":1675635298088752760,"type":"point","name":"bandwidth-rate-in|cypress-provider|37|3","measures":{"value":8074.627917711717}}
{"ts":1675635298129023051,"type":"point","name":"bandwidth-rate-out|cypress-provider|37|3","measures":{"value":7429.640436060663}}
{"ts":1675635298011217510,"type":"point","name":"time-to-provide-6","measures":{"value":40505538144}}
{"ts":1675635298557375802,"type":"point","name":"time-to-provide-10","measures":{"value":41049850852}}
{"ts":1675635298651175010,"type":"point","name":"time-to-provide-16","measures":{"value":41143372728}}
{"ts":1675635298714295885,"type":"point","name":"time-to-provide-13","measures":{"value":41206831561}}
{"ts":1675635298848450385,"type":"point","name":"time-to-provide-17","measures":{"value":41328132186}}
{"ts":1675635298930339427,"type":"point","name":"time-to-provide-11","measures":{"value":41423992311}}
{"ts":1675635298941247260,"type":"point","name":"time-to-provide-18","measures":{"value":41420157769}}
{"ts":1675635299469929052,"type":"point","name":"time-to-provide-15","measures":{"value":41949816936}}
{"ts":1675635299568164260,"type":"point","name":"time-to-provide-14","measures":{"value":42062072686}}
{"ts":1675635299699919844,"type":"point","name":"signal provider-records1","measures":{"value":110936250}}
{"ts":1675635303960097221,"type":"point","name":"barrierprovider-records1","measures":{"value":4187194669}}
{"ts":1675635304014941221,"type":"point","name":"full provider-records1","measures":{"value":46674744730}}
{"ts":1675635306731585583,"type":"point","name":"time-to-find-first|cypress-provider|19","measures":{"value":1466458}}
{"ts":1675635306743448541,"type":"point","name":"time-to-find-first|cypress-provider|0","measures":{"value":13253167}}
{"ts":1675635306744257541,"type":"point","name":"time-to-find-first|cypress-provider|14","measures":{"value":13959416}}
{"ts":1675635306775460666,"type":"point","name":"time-to-find-first|cypress-provider|15","measures":{"value":45121375}}
{"ts":1675635306866061833,"type":"point","name":"time-to-find-first|cypress-provider|16","measures":{"value":135603208}}
{"ts":1675635306867730458,"type":"point","name":"time-to-find-first|cypress-provider|17","measures":{"value":137199791}}
{"ts":1675635306868777875,"type":"point","name":"time-to-find-first|cypress-provider|18","measures":{"value":138149500}}
{"ts":1675635307030756750,"type":"point","name":"time-to-find-first|cypress-provider|13","measures":{"value":289653625}}
{"ts":1675635307031295166,"type":"point","name":"time-to-find-first|cypress-provider|1","measures":{"value":290090750}}
{"ts":1675635307103840833,"type":"point","name":"time-to-find-first|cypress-provider|3","measures":{"value":362416042}}
{"ts":1675635307111631416,"type":"point","name":"time-to-find-first|cypress-provider|2","measures":{"value":370351458}}
{"ts":1675635307117839583,"type":"point","name":"time-to-find-first|cypress-provider|4","measures":{"value":376330458}}
{"ts":1675635307365174833,"type":"point","name":"time-to-find-first|cypress-provider|6","measures":{"value":623440542}}
{"ts":1675635307387502167,"type":"point","name":"time-to-find-first|cypress-provider|5","measures":{"value":645874209}}
{"ts":1675635307466209250,"type":"point","name":"time-to-find-first|cypress-provider|7","measures":{"value":724377000}}
{"ts":1675635307468376500,"type":"point","name":"time-to-find-first|cypress-provider|8","measures":{"value":725954167}}
{"ts":1675635307471139750,"type":"point","name":"time-to-find-first|cypress-provider|9","measures":{"value":728609709}}
{"ts":1675635307765630292,"type":"point","name":"time-to-find-first|cypress-provider|10","measures":{"value":1023004000}}
{"ts":1675635307771258083,"type":"point","name":"time-to-find-first|cypress-provider|11","measures":{"value":1028540875}}
{"ts":1675635307862646792,"type":"point","name":"time-to-find-first|cypress-provider|12","measures":{"value":1119844959}}
{"ts":1675635317905805588,"type":"point","name":"bandwidth-total-in|cypress-provider|37|4","measures":{"value":1072965}}
{"ts":1675635317973322422,"type":"point","name":"bandwidth-total-out|cypress-provider|37|4","measures":{"value":1219404}}
{"ts":1675635318034599255,"type":"point","name":"bandwidth-rate-in|cypress-provider|37|4","measures":{"value":23831.112903744608}}
{"ts":1675635318131250797,"type":"point","name":"bandwidth-rate-out|cypress-provider|37|4","measures":{"value":7796.909321765247}}
{"ts":1675635337928969458,"type":"point","name":"bandwidth-total-in|cypress-provider|37|5","measures":{"value":1188074}}
{"ts":1675635338049622125,"type":"point","name":"bandwidth-total-out|cypress-provider|37|5","measures":{"value":1341713}}
{"ts":1675635338181827250,"type":"point","name":"bandwidth-rate-in|cypress-provider|37|5","measures":{"value":6481.4419437951}}
{"ts":1675635338212097584,"type":"point","name":"bandwidth-rate-out|cypress-provider|37|5","measures":{"value":17859.78228018449}}
{"ts":1675635357925745051,"type":"point","name":"bandwidth-total-in|cypress-provider|37|6","measures":{"value":1315195}}
{"ts":1675635357977983510,"type":"point","name":"bandwidth-total-out|cypress-provider|37|6","measures":{"value":1588648}}
{"ts":1675635357987968843,"type":"point","name":"bandwidth-rate-in|cypress-provider|37|6","measures":{"value":7582.593853885945}}
{"ts":1675635358042024343,"type":"point","name":"bandwidth-rate-out|cypress-provider|37|6","measures":{"value":5646.716150193293}}
{"ts":1675635373645944086,"type":"point","name":"num-hops|cypress-provider|19","measures":{"value":2}}
{"ts":1675635373667413753,"type":"point","name":"time-to-find-last|done|cypress-provider|19","measures":{"value":1466458}}
{"ts":1675635373693794253,"type":"point","name":"time-to-find|done|cypress-provider|19","measures":{"value":66959941323}}
{"ts":1675635373718052461,"type":"point","name":"peers-found|done|cypress-provider|19","measures":{"value":1}}
{"ts":1675635373786518920,"type":"point","name":"peers-missing|done|cypress-provider|19","measures":{"value":39}}
{"ts":1675635374124272670,"type":"point","name":"num-hops|cypress-provider|0","measures":{"value":2}}
{"ts":1675635374146931378,"type":"point","name":"time-to-find-last|done|cypress-provider|0","measures":{"value":109329917}}
{"ts":1675635374190556753,"type":"point","name":"time-to-find|done|cypress-provider|0","measures":{"value":67456612865}}
{"ts":1675635374211131378,"type":"point","name":"peers-found|done|cypress-provider|0","measures":{"value":40}}
{"ts":1675635374230002003,"type":"point","name":"peers-missing|done|cypress-provider|0","measures":{"value":0}}
{"ts":1675635374244004628,"type":"point","name":"num-hops|cypress-provider|4","measures":{"value":1}}
{"ts":1675635374275436836,"type":"point","name":"time-to-find-last|done|cypress-provider|4","measures":{"value":376330458}}
{"ts":1675635374298574503,"type":"point","name":"time-to-find|done|cypress-provider|4","measures":{"value":67553317865}}
{"ts":1675635374310842003,"type":"point","name":"peers-found|done|cypress-provider|4","measures":{"value":1}}
{"ts":1675635374317181170,"type":"point","name":"peers-missing|done|cypress-provider|4","measures":{"value":39}}
{"ts":1675635374514578837,"type":"point","name":"num-hops|cypress-provider|9","measures":{"value":2}}
{"ts":1675635374543047962,"type":"point","name":"time-to-find-last|done|cypress-provider|9","measures":{"value":728609709}}
{"ts":1675635374588175212,"type":"point","name":"time-to-find|done|cypress-provider|9","measures":{"value":67841896907}}
{"ts":1675635374598520462,"type":"point","name":"peers-found|done|cypress-provider|9","measures":{"value":1}}
{"ts":1675635374617400712,"type":"point","name":"peers-missing|done|cypress-provider|9","measures":{"value":39}}
{"ts":1675635374538482420,"type":"point","name":"num-hops|cypress-provider|1","measures":{"value":2}}
{"ts":1675635374684423212,"type":"point","name":"time-to-find-last|done|cypress-provider|1","measures":{"value":492019583}}
{"ts":1675635374752427253,"type":"point","name":"time-to-find|done|cypress-provider|1","measures":{"value":68007475407}}
{"ts":1675635374810975712,"type":"point","name":"peers-found|done|cypress-provider|1","measures":{"value":40}}
{"ts":1675635374839753878,"type":"point","name":"peers-missing|done|cypress-provider|1","measures":{"value":0}}
{"ts":1675635374592350587,"type":"point","name":"num-hops|cypress-provider|5","measures":{"value":1}}
{"ts":1675635374893690045,"type":"point","name":"time-to-find-last|done|cypress-provider|5","measures":{"value":645874209}}
{"ts":1675635374918119837,"type":"point","name":"time-to-find|done|cypress-provider|5","measures":{"value":68172744324}}
{"ts":1675635374961765087,"type":"point","name":"peers-found|done|cypress-provider|5","measures":{"value":1}}
{"ts":1675635375022168045,"type":"point","name":"peers-missing|done|cypress-provider|5","measures":{"value":39}}
{"ts":1675635375340917420,"type":"point","name":"num-hops|cypress-provider|14","measures":{"value":1}}
{"ts":1675635375361162379,"type":"point","name":"time-to-find-last|done|cypress-provider|14","measures":{"value":13959416}}
{"ts":1675635375387813962,"type":"point","name":"time-to-find|done|cypress-provider|14","measures":{"value":68653773699}}
{"ts":1675635375411197920,"type":"point","name":"peers-found|done|cypress-provider|14","measures":{"value":1}}
{"ts":1675635375483539254,"type":"point","name":"peers-missing|done|cypress-provider|14","measures":{"value":39}}
{"ts":1675635375402929629,"type":"point","name":"num-hops|cypress-provider|8","measures":{"value":3}}
{"ts":1675635375511882754,"type":"point","name":"time-to-find-last|done|cypress-provider|8","measures":{"value":1927741667}}
{"ts":1675635375537903129,"type":"point","name":"time-to-find|done|cypress-provider|8","measures":{"value":68791733449}}
{"ts":1675635375573375629,"type":"point","name":"peers-found|done|cypress-provider|8","measures":{"value":40}}
{"ts":1675635375610592295,"type":"point","name":"peers-missing|done|cypress-provider|8","measures":{"value":0}}
{"ts":1675635375514032212,"type":"point","name":"num-hops|cypress-provider|17","measures":{"value":2}}
{"ts":1675635375677052587,"type":"point","name":"time-to-find-last|done|cypress-provider|17","measures":{"value":137199791}}
{"ts":1675635375697331295,"type":"point","name":"time-to-find|done|cypress-provider|17","measures":{"value":68963052865}}
{"ts":1675635375771226212,"type":"point","name":"peers-found|done|cypress-provider|17","measures":{"value":1}}
{"ts":1675635375783139129,"type":"point","name":"peers-missing|done|cypress-provider|17","measures":{"value":39}}
{"ts":1675635375611515087,"type":"point","name":"num-hops|cypress-provider|15","measures":{"value":2}}
{"ts":1675635375813576837,"type":"point","name":"time-to-find-last|done|cypress-provider|15","measures":{"value":45121375}}
{"ts":1675635375840256504,"type":"point","name":"time-to-find|done|cypress-provider|15","measures":{"value":69106168283}}
{"ts":1675635375868465171,"type":"point","name":"peers-found|done|cypress-provider|15","measures":{"value":1}}
{"ts":1675635375879058171,"type":"point","name":"peers-missing|done|cypress-provider|15","measures":{"value":39}}
{"ts":1675635375645532212,"type":"point","name":"num-hops|cypress-provider|16","measures":{"value":2}}
{"ts":1675635375925126171,"type":"point","name":"time-to-find-last|done|cypress-provider|16","measures":{"value":205811625}}
{"ts":1675635375984274254,"type":"point","name":"time-to-find|done|cypress-provider|16","measures":{"value":69250068366}}
{"ts":1675635376009509171,"type":"point","name":"peers-found|done|cypress-provider|16","measures":{"value":40}}
{"ts":1675635376043417087,"type":"point","name":"peers-missing|done|cypress-provider|16","measures":{"value":0}}
{"ts":1675635375839954046,"type":"point","name":"num-hops|cypress-provider|3","measures":{"value":2}}
{"ts":1675635376074563212,"type":"point","name":"time-to-find-last|done|cypress-provider|3","measures":{"value":618257792}}
{"ts":1675635376098244337,"type":"point","name":"time-to-find|done|cypress-provider|3","measures":{"value":69353072491}}
{"ts":1675635376129067379,"type":"point","name":"peers-found|done|cypress-provider|3","measures":{"value":40}}
{"ts":1675635376145096671,"type":"point","name":"peers-missing|done|cypress-provider|3","measures":{"value":0}}
{"ts":1675635375773093337,"type":"point","name":"num-hops|cypress-provider|2","measures":{"value":3}}
{"ts":1675635376177142462,"type":"point","name":"time-to-find-last|done|cypress-provider|2","measures":{"value":370351458}}
{"ts":1675635376250270129,"type":"point","name":"time-to-find|done|cypress-provider|2","measures":{"value":69505239782}}
{"ts":1675635376277983212,"type":"point","name":"peers-found|done|cypress-provider|2","measures":{"value":1}}
{"ts":1675635376317245504,"type":"point","name":"peers-missing|done|cypress-provider|2","measures":{"value":39}}
{"ts":1675635376035356962,"type":"point","name":"num-hops|cypress-provider|6","measures":{"value":2}}
{"ts":1675635376371312212,"type":"point","name":"time-to-find-last|done|cypress-provider|6","measures":{"value":1220470167}}
{"ts":1675635376415943796,"type":"point","name":"time-to-find|done|cypress-provider|6","measures":{"value":69670470658}}
{"ts":1675635376495304296,"type":"point","name":"peers-found|done|cypress-provider|6","measures":{"value":40}}
{"ts":1675635376522947004,"type":"point","name":"peers-missing|done|cypress-provider|6","measures":{"value":0}}
{"ts":1675635375797274587,"type":"point","name":"num-hops|cypress-provider|13","measures":{"value":2}}
{"ts":1675635376595152046,"type":"point","name":"time-to-find-last|done|cypress-provider|13","measures":{"value":416730125}}
{"ts":1675635376612168588,"type":"point","name":"time-to-find|done|cypress-provider|13","measures":{"value":69867320325}}
{"ts":1675635376620573213,"type":"point","name":"peers-found|done|cypress-provider|13","measures":{"value":40}}
{"ts":1675635376554024463,"type":"point","name":"num-hops|cypress-provider|12","measures":{"value":2}}
{"ts":1675635375568257379,"type":"point","name":"num-hops|cypress-provider|18","measures":{"value":2}}
{"ts":1675635376737948921,"type":"point","name":"time-to-find-last|done|cypress-provider|18","measures":{"value":360504250}}
{"ts":1675635376760971379,"type":"point","name":"time-to-find|done|cypress-provider|18","measures":{"value":70026593908}}
{"ts":1675635376637159129,"type":"point","name":"peers-missing|done|cypress-provider|13","measures":{"value":0}}
{"ts":1675635376677277046,"type":"point","name":"time-to-find-last|done|cypress-provider|12","measures":{"value":3792596377}}
{"ts":1675635376856133004,"type":"point","name":"time-to-find|done|cypress-provider|12","measures":{"value":70109583866}}
{"ts":1675635376866579463,"type":"point","name":"peers-found|done|cypress-provider|12","measures":{"value":40}}
{"ts":1675635376880573963,"type":"point","name":"peers-missing|done|cypress-provider|12","measures":{"value":0}}
{"ts":1675635376785951504,"type":"point","name":"peers-found|done|cypress-provider|18","measures":{"value":40}}
{"ts":1675635376989437879,"type":"point","name":"peers-missing|done|cypress-provider|18","measures":{"value":0}}
{"ts":1675635376868269004,"type":"point","name":"num-hops|cypress-provider|7","measures":{"value":3}}
{"ts":1675635377075075629,"type":"point","name":"time-to-find-last|done|cypress-provider|7","measures":{"value":1925498709}}
{"ts":1675635377095064588,"type":"point","name":"time-to-find|done|cypress-provider|7","measures":{"value":70349484450}}
{"ts":1675635377123387129,"type":"point","name":"peers-found|done|cypress-provider|7","measures":{"value":40}}
{"ts":1675635377205080463,"type":"point","name":"num-hops|cypress-provider|10","measures":{"value":1}}
{"ts":1675635377237316838,"type":"point","name":"time-to-find-last|done|cypress-provider|10","measures":{"value":5442816836}}
{"ts":1675635377269543546,"type":"point","name":"time-to-find|done|cypress-provider|10","measures":{"value":70523170366}}
{"ts":1675635377297861338,"type":"point","name":"peers-found|done|cypress-provider|10","measures":{"value":40}}
{"ts":1675635377328814880,"type":"point","name":"peers-missing|done|cypress-provider|10","measures":{"value":0}}
{"ts":1675635377203511046,"type":"point","name":"peers-missing|done|cypress-provider|7","measures":{"value":0}}
{"ts":1675635377233563046,"type":"point","name":"num-hops|cypress-provider|11","measures":{"value":1}}
{"ts":1675635377415125713,"type":"point","name":"time-to-find-last|done|cypress-provider|11","measures":{"value":3159564251}}
{"ts":1675635377443081713,"type":"point","name":"time-to-find|done|cypress-provider|11","measures":{"value":70696617533}}
{"ts":1675635377467347546,"type":"point","name":"peers-found|done|cypress-provider|11","measures":{"value":40}}
{"ts":1675635377513893796,"type":"point","name":"peers-missing|done|cypress-provider|11","measures":{"value":0}}
{"ts":1675635377672852255,"type":"point","name":"signal provider-records2","measures":{"value":133309625}}
{"ts":1675635377907917047,"type":"point","name":"bandwidth-total-in|cypress-provider|37|7","measures":{"value":1434621}}
{"ts":1675635377926889630,"type":"point","name":"bandwidth-total-out|cypress-provider|37|7","measures":{"value":1866611}}
{"ts":1675635377954172588,"type":"point","name":"bandwidth-rate-in|cypress-provider|37|7","measures":{"value":6.636763848247249}}
{"ts":1675635378021563297,"type":"point","name":"bandwidth-rate-out|cypress-provider|37|7","measures":{"value":234.6358431009047}}
{"ts":1675635383818284758,"type":"point","name":"barrierprovider-records2","measures":{"value":6122262545}}
{"ts":1675635383926091674,"type":"point","name":"full provider-records2","measures":{"value":77193005828}}
