{"ts":1674173978067484506,"type":"point","name":"bandwidth-total-in|cypress-provider|30|0","measures":{"value":6162}}
{"ts":1674173978070551839,"type":"point","name":"bandwidth-total-out|cypress-provider|30|0","measures":{"value":5523}}
{"ts":1674173978072684214,"type":"point","name":"bandwidth-rate-in|cypress-provider|30|0","measures":{"value":5156.77923466932}}
{"ts":1674173978088575797,"type":"point","name":"bandwidth-rate-out|cypress-provider|30|0","measures":{"value":5530.782491567831}}
{"ts":1674173983067474425,"type":"point","name":"bandwidth-total-in|cypress-provider|30|1","measures":{"value":58552}}
{"ts":1674173983074940258,"type":"point","name":"bandwidth-total-out|cypress-provider|30|1","measures":{"value":61332}}
{"ts":1674173983077405175,"type":"point","name":"bandwidth-rate-in|cypress-provider|30|1","measures":{"value":5665.594788444161}}
{"ts":1674173983083009716,"type":"point","name":"bandwidth-rate-out|cypress-provider|30|1","measures":{"value":8825.182743358497}}
{"ts":1674173988068082844,"type":"point","name":"bandwidth-total-in|cypress-provider|30|2","measures":{"value":58552}}
{"ts":1674173988070646052,"type":"point","name":"bandwidth-total-out|cypress-provider|30|2","measures":{"value":61332}}
{"ts":1674173988072390469,"type":"point","name":"bandwidth-rate-in|cypress-provider|30|2","measures":{"value":38.1744774028316}}
{"ts":1674173988074169969,"type":"point","name":"bandwidth-rate-out|cypress-provider|30|2","measures":{"value":59.46361358199324}}
{"ts":1674173993067361971,"type":"point","name":"bandwidth-total-in|cypress-provider|30|3","measures":{"value":58552}}
{"ts":1674173993069526805,"type":"point","name":"bandwidth-total-out|cypress-provider|30|3","measures":{"value":61332}}
{"ts":1674173993070717555,"type":"point","name":"bandwidth-rate-in|cypress-provider|30|3","measures":{"value":0.25721760545806516}}
{"ts":1674173993072288471,"type":"point","name":"bandwidth-rate-out|cypress-provider|30|3","measures":{"value":0.40066267668956923}}
{"ts":1674173998068587709,"type":"point","name":"bandwidth-total-in|cypress-provider|30|4","measures":{"value":58552}}
{"ts":1674173998071852876,"type":"point","name":"bandwidth-total-out|cypress-provider|30|4","measures":{"value":61332}}
{"ts":1674173998074837918,"type":"point","name":"bandwidth-rate-in|cypress-provider|30|4","measures":{"value":0.0017331185928081197}}
{"ts":1674173998077217209,"type":"point","name":"bandwidth-rate-out|cypress-provider|30|4","measures":{"value":0.002699643880046034}}
{"ts":1674174003068381170,"type":"point","name":"bandwidth-total-in|cypress-provider|30|5","measures":{"value":58552}}
{"ts":1674174003070014420,"type":"point","name":"bandwidth-total-out|cypress-provider|30|5","measures":{"value":61332}}
{"ts":1674174003072088837,"type":"point","name":"bandwidth-rate-in|cypress-provider|30|5","measures":{"value":0.000011677661221470698}}
{"ts":1674174003072919795,"type":"point","name":"bandwidth-rate-out|cypress-provider|30|5","measures":{"value":0.000018190057380155627}}
{"ts":1674174008067469214,"type":"point","name":"bandwidth-total-in|cypress-provider|30|6","measures":{"value":64731}}
{"ts":1674174008096114256,"type":"point","name":"bandwidth-total-out|cypress-provider|30|6","measures":{"value":67515}}
{"ts":1674174008109727797,"type":"point","name":"bandwidth-rate-in|cypress-provider|30|6","measures":{"value":3909.042998863506}}
{"ts":1674174008131239839,"type":"point","name":"bandwidth-rate-out|cypress-provider|30|6","measures":{"value":3911.573533297278}}
{"ts":1674174011764811466,"type":"point","name":"signal bootstrapping0","measures":{"value":27226750}}
{"ts":1674174011958116258,"type":"point","name":"barrierbootstrapping0","measures":{"value":180186334}}
{"ts":1674174012011662716,"type":"point","name":"full bootstrapping0","measures":{"value":36909804809}}
{"ts":1674174013068066508,"type":"point","name":"bandwidth-total-in|cypress-provider|30|7","measures":{"value":65451}}
{"ts":1674174013071888550,"type":"point","name":"bandwidth-total-out|cypress-provider|30|7","measures":{"value":75183}}
{"ts":1674174013079003133,"type":"point","name":"bandwidth-rate-in|cypress-provider|30|7","measures":{"value":38.954711742631254}}
{"ts":1674174013106214591,"type":"point","name":"bandwidth-rate-out|cypress-provider|30|7","measures":{"value":162.52012342860473}}
{"ts":1674174018107837677,"type":"point","name":"bandwidth-total-in|cypress-provider|30|8","measures":{"value":147798}}
{"ts":1674174018125583427,"type":"point","name":"bandwidth-total-out|cypress-provider|30|8","measures":{"value":187453}}
{"ts":1674174018142618677,"type":"point","name":"bandwidth-rate-in|cypress-provider|30|8","measures":{"value":31010.602994215882}}
{"ts":1674174018172240219,"type":"point","name":"bandwidth-rate-out|cypress-provider|30|8","measures":{"value":36878.512746759756}}
{"ts":1674174022783251054,"type":"point","name":"time-to-provide-12","measures":{"value":8328671004}}
{"ts":1674174023103815763,"type":"point","name":"bandwidth-total-in|cypress-provider|30|9","measures":{"value":206194}}
{"ts":1674174023153891596,"type":"point","name":"bandwidth-total-out|cypress-provider|30|9","measures":{"value":230991}}
{"ts":1674174023239869388,"type":"point","name":"bandwidth-rate-in|cypress-provider|30|9","measures":{"value":7153.007406455138}}
{"ts":1674174023308518555,"type":"point","name":"bandwidth-rate-out|cypress-provider|30|9","measures":{"value":6896.299188027373}}
{"ts":1674174025605519333,"type":"point","name":"time-to-provide-4","measures":{"value":11631060754}}
{"ts":1674174025705941791,"type":"point","name":"time-to-provide-5","measures":{"value":11728815254}}
{"ts":1674174026675270167,"type":"point","name":"time-to-provide-0","measures":{"value":12993930880}}
{"ts":1674174027689798834,"type":"point","name":"time-to-provide-3","measures":{"value":13715854880}}
{"ts":1674174028071568418,"type":"point","name":"bandwidth-total-in|cypress-provider|30|10","measures":{"value":221759}}
{"ts":1674174028097303084,"type":"point","name":"bandwidth-total-out|cypress-provider|30|10","measures":{"value":252680}}
{"ts":1674174028119009751,"type":"point","name":"bandwidth-rate-in|cypress-provider|30|10","measures":{"value":3432.047800305496}}
{"ts":1674174028178959543,"type":"point","name":"bandwidth-rate-out|cypress-provider|30|10","measures":{"value":4127.829733599462}}
{"ts":1674174028676204835,"type":"point","name":"time-to-provide-11","measures":{"value":14359648173}}
{"ts":1674174029553373335,"type":"point","name":"time-to-provide-10","measures":{"value":15313249007}}
{"ts":1674174030081153877,"type":"point","name":"time-to-provide-8","measures":{"value":15896137340}}
{"ts":1674174030145907169,"type":"point","name":"time-to-provide-13","measures":{"value":15688339257}}
{"ts":1674174031077281169,"type":"point","name":"time-to-provide-16","measures":{"value":16355817881}}
{"ts":1674174031426312753,"type":"point","name":"time-to-provide-19","measures":{"value":17825326300}}
{"ts":1674174032046172253,"type":"point","name":"time-to-provide-14","measures":{"value":17860629591}}
{"ts":1674174032716562962,"type":"point","name":"time-to-provide-1","measures":{"value":19034464050}}
{"ts":1674174033071176087,"type":"point","name":"bandwidth-total-in|cypress-provider|30|11","measures":{"value":242316}}
{"ts":1674174033107217878,"type":"point","name":"bandwidth-total-out|cypress-provider|30|11","measures":{"value":273451}}
{"ts":1674174033201217670,"type":"point","name":"bandwidth-rate-in|cypress-provider|30|11","measures":{"value":4352.1545413204785}}
{"ts":1674174033323921628,"type":"point","name":"bandwidth-rate-out|cypress-provider|30|11","measures":{"value":3473.643649299761}}
{"ts":1674174034102911462,"type":"point","name":"time-to-provide-15","measures":{"value":19380947217}}
{"ts":1674174035788939755,"type":"point","name":"time-to-provide-17","measures":{"value":21066863175}}
{"ts":1674174036751010213,"type":"point","name":"time-to-provide-9","measures":{"value":23149855635}}
{"ts":1674174038070171214,"type":"point","name":"bandwidth-total-in|cypress-provider|30|12","measures":{"value":254870}}
{"ts":1674174038130261464,"type":"point","name":"bandwidth-total-out|cypress-provider|30|12","measures":{"value":285190}}
{"ts":1674174038235395047,"type":"point","name":"bandwidth-rate-in|cypress-provider|30|12","measures":{"value":2470.095154917682}}
{"ts":1674174038292294339,"type":"point","name":"bandwidth-rate-out|cypress-provider|30|12","measures":{"value":1748.7847265657624}}
{"ts":1674174038288707256,"type":"point","name":"time-to-provide-18","measures":{"value":23566574510}}
{"ts":1674174040243935132,"type":"point","name":"time-to-provide-6","measures":{"value":26059821012}}
{"ts":1674174040876853632,"type":"point","name":"time-to-provide-2","measures":{"value":26903332136}}
{"ts":1674174042201925383,"type":"point","name":"time-to-provide-7","measures":{"value":28017532429}}
{"ts":1674174042319738716,"type":"point","name":"signal provider-records1","measures":{"value":85698583}}
{"ts":1674174043070293841,"type":"point","name":"bandwidth-total-in|cypress-provider|30|13","measures":{"value":258851}}
{"ts":1674174043078922466,"type":"point","name":"bandwidth-total-out|cypress-provider|30|13","measures":{"value":290046}}
{"ts":1674174043095924966,"type":"point","name":"bandwidth-rate-in|cypress-provider|30|13","measures":{"value":762.5481628503602}}
{"ts":1674174043112490050,"type":"point","name":"bandwidth-rate-out|cypress-provider|30|13","measures":{"value":976.1835873636822}}
{"ts":1674174045914958426,"type":"point","name":"barrierprovider-records1","measures":{"value":3562638627}}
{"ts":1674174046039507593,"type":"point","name":"full provider-records1","measures":{"value":32558959140}}
{"ts":1674174047278394260,"type":"point","name":"time-to-find-first|cypress-provider|1","measures":{"value":3584792}}
{"ts":1674174047296861593,"type":"point","name":"time-to-find-first|cypress-provider|2","measures":{"value":16043625}}
{"ts":1674174047349893052,"type":"point","name":"time-to-find-first|cypress-provider|4","measures":{"value":809375}}
{"ts":1674174047362844510,"type":"point","name":"time-to-find-first|cypress-provider|3","measures":{"value":58894250}}
{"ts":1674174047388341593,"type":"point","name":"time-to-find-first|cypress-provider|0","measures":{"value":25418291}}
{"ts":1674174049138881261,"type":"point","name":"bandwidth-total-in|cypress-provider|30|14","measures":{"value":263187}}
{"ts":1674174049144195428,"type":"point","name":"bandwidth-total-out|cypress-provider|30|14","measures":{"value":299583}}
{"ts":1674174049871755636,"type":"point","name":"bandwidth-rate-in|cypress-provider|30|14","measures":{"value":1598.2738833007577}}
{"ts":1674174050410979012,"type":"point","name":"bandwidth-rate-out|cypress-provider|30|14","measures":{"value":2315.3665895188424}}
{"ts":1674174047770043219,"type":"point","name":"time-to-find-first|cypress-provider|6","measures":{"value":334346625}}
{"ts":1674174050410842595,"type":"point","name":"time-to-find-first|cypress-provider|7","measures":{"value":2673969168}}
{"ts":1674174048347480927,"type":"point","name":"time-to-find-first|cypress-provider|19","measures":{"value":430833376}}
{"ts":1674174053284496055,"type":"point","name":"bandwidth-total-in|cypress-provider|30|15","measures":{"value":263488}}
{"ts":1674174053495324180,"type":"point","name":"bandwidth-total-out|cypress-provider|30|15","measures":{"value":299583}}
{"ts":1674174053320551305,"type":"point","name":"time-to-find-first|cypress-provider|5","measures":{"value":4914123628}}
{"ts":1674174053613237888,"type":"point","name":"time-to-find-first|cypress-provider|11","measures":{"value":4439815502}}
{"ts":1674174053559470055,"type":"point","name":"time-to-find-first|cypress-provider|13","measures":{"value":1256199708}}
{"ts":1674174053650992305,"type":"point","name":"time-to-find-first|cypress-provider|17","measures":{"value":4797503752}}
{"ts":1674174053660013971,"type":"point","name":"time-to-find-first|cypress-provider|12","measures":{"value":3823689835}}
{"ts":1674174053660442930,"type":"point","name":"time-to-find-first|cypress-provider|9","measures":{"value":3342555585}}
{"ts":1674174053706091222,"type":"point","name":"time-to-find-first|cypress-provider|14","measures":{"value":2532867627}}
{"ts":1674174053717445722,"type":"point","name":"time-to-find-first|cypress-provider|18","measures":{"value":2657087377}}
{"ts":1674174053737566263,"type":"point","name":"bandwidth-rate-in|cypress-provider|30|15","measures":{"value":106.10522784505004}}
{"ts":1674174055865445292,"type":"point","name":"bandwidth-rate-out|cypress-provider|30|15","measures":{"value":115.27531468904259}}
{"ts":1674174056030776458,"type":"point","name":"time-to-find-first|cypress-provider|8","measures":{"value":96500}}
{"ts":1674174056172735958,"type":"point","name":"time-to-find-first|cypress-provider|15","measures":{"value":1495667}}
{"ts":1674174056189340250,"type":"point","name":"time-to-find-first|cypress-provider|10","measures":{"value":141957375}}
{"ts":1674174056200280875,"type":"point","name":"time-to-find-first|cypress-provider|16","measures":{"value":2810250}}
{"ts":1674174058082987501,"type":"point","name":"bandwidth-total-in|cypress-provider|30|16","measures":{"value":290173}}
{"ts":1674174059976432127,"type":"point","name":"bandwidth-total-out|cypress-provider|30|16","measures":{"value":389320}}
{"ts":1674174060819234127,"type":"point","name":"bandwidth-rate-in|cypress-provider|30|16","measures":{"value":8982.35838977004}}
{"ts":1674174060860642836,"type":"point","name":"bandwidth-rate-out|cypress-provider|30|16","measures":{"value":21385.25154905108}}
{"ts":1674174063084839670,"type":"point","name":"bandwidth-total-in|cypress-provider|30|17","measures":{"value":390317}}
{"ts":1674174063150460878,"type":"point","name":"bandwidth-total-out|cypress-provider|30|17","measures":{"value":598534}}
{"ts":1674174063173658087,"type":"point","name":"bandwidth-rate-in|cypress-provider|30|17","measures":{"value":37228.717884292564}}
{"ts":1674174063234212503,"type":"point","name":"bandwidth-rate-out|cypress-provider|30|17","measures":{"value":114222.58886365601}}
{"ts":1674174068130719464,"type":"point","name":"bandwidth-total-in|cypress-provider|30|18","measures":{"value":576117}}
{"ts":1674174068237858131,"type":"point","name":"bandwidth-total-out|cypress-provider|30|18","measures":{"value":743123}}
{"ts":1674174068254922672,"type":"point","name":"bandwidth-rate-in|cypress-provider|30|18","measures":{"value":16953.83363627691}}
{"ts":1674174068265690172,"type":"point","name":"bandwidth-rate-out|cypress-provider|30|18","measures":{"value":20999.453282552426}}
{"ts":1674174073066362133,"type":"point","name":"bandwidth-total-in|cypress-provider|30|19","measures":{"value":767316}}
{"ts":1674174073142619175,"type":"point","name":"bandwidth-total-out|cypress-provider|30|19","measures":{"value":1050810}}
{"ts":1674174073171742966,"type":"point","name":"bandwidth-rate-in|cypress-provider|30|19","measures":{"value":42497.44615069985}}
{"ts":1674174073684727383,"type":"point","name":"bandwidth-rate-out|cypress-provider|30|19","measures":{"value":51830.85403611803}}
{"ts":1674174078545192886,"type":"point","name":"bandwidth-total-in|cypress-provider|30|20","measures":{"value":802490}}
{"ts":1674174079207648928,"type":"point","name":"bandwidth-total-out|cypress-provider|30|20","measures":{"value":1070566}}
{"ts":1674174079248872219,"type":"point","name":"bandwidth-rate-in|cypress-provider|30|20","measures":{"value":1210.3149896766417}}
{"ts":1674174079514267470,"type":"point","name":"bandwidth-rate-out|cypress-provider|30|20","measures":{"value":1179.824648797361}}
{"ts":1674174094427807879,"type":"point","name":"bandwidth-total-in|cypress-provider|30|21","measures":{"value":810070}}
{"ts":1674174097621199172,"type":"point","name":"bandwidth-total-out|cypress-provider|30|21","measures":{"value":1091801}}
{"ts":1674174098103217964,"type":"point","name":"bandwidth-rate-in|cypress-provider|30|21","measures":{"value":195.16798397405245}}
{"ts":1674174098597043756,"type":"point","name":"bandwidth-rate-out|cypress-provider|30|21","measures":{"value":2544.249444865876}}
{"ts":1674174099872655007,"type":"point","name":"bandwidth-total-in|cypress-provider|30|22","measures":{"value":810113}}
{"ts":1674174099964275673,"type":"point","name":"bandwidth-total-out|cypress-provider|30|22","measures":{"value":1091801}}
{"ts":1674174100047524632,"type":"point","name":"bandwidth-rate-in|cypress-provider|30|22","measures":{"value":29.534478703797333}}
{"ts":1674174100081760423,"type":"point","name":"bandwidth-rate-out|cypress-provider|30|22","measures":{"value":344.3267192455179}}
{"ts":1674174101284296841,"type":"point","name":"num-hops|cypress-provider|4","measures":{"value":3}}
{"ts":1674174101631652591,"type":"point","name":"time-to-find-last|done|cypress-provider|4","measures":{"value":299165333}}
{"ts":1674174101649309257,"type":"point","name":"time-to-find|done|cypress-provider|4","measures":{"value":54299443691}}
{"ts":1674174102356726258,"type":"point","name":"peers-found|done|cypress-provider|4","measures":{"value":50}}
{"ts":1674174102425064716,"type":"point","name":"peers-missing|done|cypress-provider|4","measures":{"value":0}}
{"ts":1674174103160292091,"type":"point","name":"bandwidth-total-in|cypress-provider|30|23","measures":{"value":810242}}
{"ts":1674174103553171258,"type":"point","name":"bandwidth-total-out|cypress-provider|30|23","measures":{"value":1098172}}
{"ts":1674174103701343633,"type":"point","name":"bandwidth-rate-in|cypress-provider|30|23","measures":{"value":10.889255810456074}}
{"ts":1674174104392659050,"type":"point","name":"bandwidth-rate-out|cypress-provider|30|23","measures":{"value":386.9886886688196}}
{"ts":1674174106374161051,"type":"point","name":"num-hops|cypress-provider|18","measures":{"value":3}}
{"ts":1674174106556609968,"type":"point","name":"time-to-find-last|done|cypress-provider|18","measures":{"value":10309121838}}
{"ts":1674174106591768176,"type":"point","name":"time-to-find|done|cypress-provider|18","measures":{"value":55530632234}}
{"ts":1674174106654879593,"type":"point","name":"peers-found|done|cypress-provider|18","measures":{"value":50}}
{"ts":1674174106954940802,"type":"point","name":"peers-missing|done|cypress-provider|18","measures":{"value":0}}
{"ts":1674174107227143343,"type":"point","name":"num-hops|cypress-provider|11","measures":{"value":3}}
{"ts":1674174107294237343,"type":"point","name":"time-to-find-last|done|cypress-provider|11","measures":{"value":7027000461}}
{"ts":1674174107327548885,"type":"point","name":"time-to-find|done|cypress-provider|11","measures":{"value":58153347985}}
{"ts":1674174107335774468,"type":"point","name":"peers-found|done|cypress-provider|11","measures":{"value":50}}
{"ts":1674174107340872052,"type":"point","name":"peers-missing|done|cypress-provider|11","measures":{"value":0}}
{"ts":1674174108203719802,"type":"point","name":"bandwidth-total-in|cypress-provider|30|24","measures":{"value":859536}}
{"ts":1674174108279610802,"type":"point","name":"bandwidth-total-out|cypress-provider|30|24","measures":{"value":1145561}}
{"ts":1674174108305747052,"type":"point","name":"bandwidth-rate-in|cypress-provider|30|24","measures":{"value":25050.870776526564}}
{"ts":1674174108336891594,"type":"point","name":"bandwidth-rate-out|cypress-provider|30|24","measures":{"value":12637.696466566133}}
{"ts":1674174110084771178,"type":"point","name":"num-hops|cypress-provider|3","measures":{"value":3}}
{"ts":1674174110118789720,"type":"point","name":"time-to-find-last|done|cypress-provider|3","measures":{"value":11520574797}}
{"ts":1674174110162888011,"type":"point","name":"time-to-find|done|cypress-provider|3","measures":{"value":62858157695}}
{"ts":1674174110230014011,"type":"point","name":"peers-found|done|cypress-provider|3","measures":{"value":50}}
{"ts":1674174110261656428,"type":"point","name":"peers-missing|done|cypress-provider|3","measures":{"value":0}}
{"ts":1674174110921223012,"type":"point","name":"num-hops|cypress-provider|1","measures":{"value":3}}
{"ts":1674174111224116304,"type":"point","name":"time-to-find-last|done|cypress-provider|1","measures":{"value":21249167}}
{"ts":1674174111282731262,"type":"point","name":"time-to-find|done|cypress-provider|1","measures":{"value":64011024405}}
{"ts":1674174111347911012,"type":"point","name":"peers-found|done|cypress-provider|1","measures":{"value":50}}
{"ts":1674174111420883262,"type":"point","name":"peers-missing|done|cypress-provider|1","measures":{"value":0}}
{"ts":1674174111965308221,"type":"point","name":"num-hops|cypress-provider|8","measures":{"value":2}}
{"ts":1674174111978158387,"type":"point","name":"time-to-find-last|done|cypress-provider|8","measures":{"value":139453792}}
{"ts":1674174112028323887,"type":"point","name":"time-to-find|done|cypress-provider|8","measures":{"value":55985775609}}
{"ts":1674174112052780262,"type":"point","name":"peers-found|done|cypress-provider|8","measures":{"value":50}}
{"ts":1674174112103865929,"type":"point","name":"peers-missing|done|cypress-provider|8","measures":{"value":0}}
{"ts":1674174112329880846,"type":"point","name":"num-hops|cypress-provider|14","measures":{"value":2}}
{"ts":1674174112387286346,"type":"point","name":"time-to-find-last|done|cypress-provider|14","measures":{"value":5368253711}}
{"ts":1674174112408229554,"type":"point","name":"time-to-find|done|cypress-provider|14","measures":{"value":61234229445}}
{"ts":1674174112424005721,"type":"point","name":"peers-found|done|cypress-provider|14","measures":{"value":50}}
{"ts":1674174112445091846,"type":"point","name":"peers-missing|done|cypress-provider|14","measures":{"value":0}}
{"ts":1674174112944132263,"type":"point","name":"num-hops|cypress-provider|16","measures":{"value":4}}
{"ts":1674174112976798304,"type":"point","name":"time-to-find-last|done|cypress-provider|16","measures":{"value":6102460961}}
{"ts":1674174113012809054,"type":"point","name":"time-to-find|done|cypress-provider|16","measures":{"value":56803473817}}
{"ts":1674174113035057805,"type":"point","name":"peers-found|done|cypress-provider|16","measures":{"value":50}}
{"ts":1674174113048546430,"type":"point","name":"peers-missing|done|cypress-provider|16","measures":{"value":0}}
{"ts":1674174113088806138,"type":"point","name":"bandwidth-total-in|cypress-provider|30|25","measures":{"value":928485}}
{"ts":1674174113135496596,"type":"point","name":"bandwidth-total-out|cypress-provider|30|25","measures":{"value":1156850}}
{"ts":1674174113159526888,"type":"point","name":"bandwidth-rate-in|cypress-provider|30|25","measures":{"value":19586.387837610106}}
{"ts":1674174113198829805,"type":"point","name":"bandwidth-rate-out|cypress-provider|30|25","measures":{"value":3280.536473928843}}
{"ts":1674174113540475805,"type":"point","name":"num-hops|cypress-provider|12","measures":{"value":2}}
{"ts":1674174113551201971,"type":"point","name":"time-to-find-last|done|cypress-provider|12","measures":{"value":5650159003}}
{"ts":1674174113653240096,"type":"point","name":"time-to-find|done|cypress-provider|12","measures":{"value":63816257779}}
{"ts":1674174113667111180,"type":"point","name":"peers-found|done|cypress-provider|12","measures":{"value":50}}
{"ts":1674174113681998971,"type":"point","name":"peers-missing|done|cypress-provider|12","measures":{"value":0}}
{"ts":1674174113669844471,"type":"point","name":"num-hops|cypress-provider|10","measures":{"value":3}}
{"ts":1674174113691894138,"type":"point","name":"time-to-find-last|done|cypress-provider|10","measures":{"value":5416795961}}
{"ts":1674174113696257846,"type":"point","name":"time-to-find|done|cypress-provider|10","measures":{"value":57637006860}}
{"ts":1674174113699610638,"type":"point","name":"peers-found|done|cypress-provider|10","measures":{"value":50}}
{"ts":1674174113711939971,"type":"point","name":"peers-missing|done|cypress-provider|10","measures":{"value":0}}
{"ts":1674174114556404180,"type":"point","name":"num-hops|cypress-provider|2","measures":{"value":3}}
{"ts":1674174114595773097,"type":"point","name":"time-to-find-last|done|cypress-provider|2","measures":{"value":6074071128}}
{"ts":1674174114649157555,"type":"point","name":"time-to-find|done|cypress-provider|2","measures":{"value":67367563573}}
{"ts":1674174114675950014,"type":"point","name":"peers-found|done|cypress-provider|2","measures":{"value":50}}
{"ts":1674174114680984722,"type":"point","name":"peers-missing|done|cypress-provider|2","measures":{"value":0}}
{"ts":1674174114869148222,"type":"point","name":"num-hops|cypress-provider|15","measures":{"value":3}}
{"ts":1674174114943305180,"type":"point","name":"time-to-find-last|done|cypress-provider|15","measures":{"value":2877163877}}
{"ts":1674174114956277847,"type":"point","name":"time-to-find|done|cypress-provider|15","measures":{"value":58773170527}}
{"ts":1674174115024018305,"type":"point","name":"peers-found|done|cypress-provider|15","measures":{"value":50}}
{"ts":1674174115066343222,"type":"point","name":"peers-missing|done|cypress-provider|15","measures":{"value":0}}
{"ts":1674174115008092764,"type":"point","name":"num-hops|cypress-provider|0","measures":{"value":3}}
{"ts":1674174115246690375,"type":"point","name":"time-to-find-last|done|cypress-provider|0","measures":{"value":12654500422}}
{"ts":1674174115334889875,"type":"point","name":"time-to-find|done|cypress-provider|0","measures":{"value":67968397864}}
{"ts":1674174115162949166,"type":"point","name":"num-hops|cypress-provider|5","measures":{"value":3}}
{"ts":1674174115428815791,"type":"point","name":"time-to-find-last|done|cypress-provider|5","measures":{"value":6641830087}}
{"ts":1674174115471342916,"type":"point","name":"time-to-find|done|cypress-provider|5","measures":{"value":68077815698}}
{"ts":1674174115498031791,"type":"point","name":"peers-found|done|cypress-provider|5","measures":{"value":50}}
{"ts":1674174115539274666,"type":"point","name":"peers-missing|done|cypress-provider|5","measures":{"value":0}}
{"ts":1674174115396993916,"type":"point","name":"peers-found|done|cypress-provider|0","measures":{"value":50}}
{"ts":1674174115573102916,"type":"point","name":"peers-missing|done|cypress-provider|0","measures":{"value":0}}
{"ts":1674174115573320000,"type":"point","name":"num-hops|cypress-provider|13","measures":{"value":4}}
{"ts":1674174115618061875,"type":"point","name":"time-to-find-last|done|cypress-provider|13","measures":{"value":4861377835}}
{"ts":1674174115656091333,"type":"point","name":"time-to-find|done|cypress-provider|13","measures":{"value":63349392570}}
{"ts":1674174115700489375,"type":"point","name":"peers-found|done|cypress-provider|13","measures":{"value":50}}
{"ts":1674174115727884458,"type":"point","name":"peers-missing|done|cypress-provider|13","measures":{"value":0}}
{"ts":1674174116133822792,"type":"point","name":"num-hops|cypress-provider|19","measures":{"value":4}}
{"ts":1674174116199852833,"type":"point","name":"time-to-find-last|done|cypress-provider|19","measures":{"value":15627855299}}
{"ts":1674174116231112208,"type":"point","name":"time-to-find|done|cypress-provider|19","measures":{"value":68921262573}}
{"ts":1674174116278933458,"type":"point","name":"peers-found|done|cypress-provider|19","measures":{"value":50}}
{"ts":1674174116288913833,"type":"point","name":"peers-missing|done|cypress-provider|19","measures":{"value":0}}
{"ts":1674174116299070042,"type":"point","name":"num-hops|cypress-provider|9","measures":{"value":3}}
{"ts":1674174116312924500,"type":"point","name":"time-to-find-last|done|cypress-provider|9","measures":{"value":12258217339}}
{"ts":1674174116317760208,"type":"point","name":"time-to-find|done|cypress-provider|9","measures":{"value":65996526155}}
{"ts":1674174116351291042,"type":"point","name":"peers-found|done|cypress-provider|9","measures":{"value":50}}
{"ts":1674174116372420333,"type":"point","name":"peers-missing|done|cypress-provider|9","measures":{"value":0}}
{"ts":1674174117174040750,"type":"point","name":"num-hops|cypress-provider|6","measures":{"value":2}}
{"ts":1674174117194997501,"type":"point","name":"time-to-find-last|done|cypress-provider|6","measures":{"value":15055710882}}
{"ts":1674174117219004001,"type":"point","name":"time-to-find|done|cypress-provider|6","measures":{"value":69811926532}}
{"ts":1674174117230648042,"type":"point","name":"peers-found|done|cypress-provider|6","measures":{"value":50}}
{"ts":1674174117289984959,"type":"point","name":"peers-missing|done|cypress-provider|6","measures":{"value":0}}
{"ts":1674174118073771709,"type":"point","name":"bandwidth-total-in|cypress-provider|30|26","measures":{"value":976754}}
{"ts":1674174118089784626,"type":"point","name":"bandwidth-total-out|cypress-provider|30|26","measures":{"value":1196525}}
{"ts":1674174118114573459,"type":"point","name":"bandwidth-rate-in|cypress-provider|30|26","measures":{"value":5248.524466875751}}
{"ts":1674174118123512834,"type":"point","name":"bandwidth-rate-out|cypress-provider|30|26","measures":{"value":9476.146198016402}}
{"ts":1674174118141605959,"type":"point","name":"num-hops|cypress-provider|17","measures":{"value":3}}
{"ts":1674174118190085084,"type":"point","name":"time-to-find-last|done|cypress-provider|17","measures":{"value":15857222549}}
{"ts":1674174118198774418,"type":"point","name":"time-to-find|done|cypress-provider|17","measures":{"value":69341720073}}
{"ts":1674174118210437959,"type":"point","name":"peers-found|done|cypress-provider|17","measures":{"value":50}}
{"ts":1674174118239801918,"type":"point","name":"peers-missing|done|cypress-provider|17","measures":{"value":0}}
{"ts":1674174120280900085,"type":"point","name":"num-hops|cypress-provider|7","measures":{"value":3}}
{"ts":1674174120293672294,"type":"point","name":"time-to-find-last|done|cypress-provider|7","measures":{"value":14837261590}}
{"ts":1674174120298863794,"type":"point","name":"time-to-find|done|cypress-provider|7","measures":{"value":72558428658}}
{"ts":1674174120348746960,"type":"point","name":"peers-found|done|cypress-provider|7","measures":{"value":50}}
{"ts":1674174120351908877,"type":"point","name":"peers-missing|done|cypress-provider|7","measures":{"value":0}}
{"ts":1674174120390553960,"type":"point","name":"signal provider-records2","measures":{"value":26267583}}
{"ts":1674174122778568836,"type":"point","name":"barrierprovider-records2","measures":{"value":2371654917}}
{"ts":1674174122826398212,"type":"point","name":"full provider-records2","measures":{"value":75554764827}}
{"ts":1674174123075058962,"type":"point","name":"bandwidth-total-in|cypress-provider|30|27","measures":{"value":983784}}
{"ts":1674174123084586045,"type":"point","name":"bandwidth-total-out|cypress-provider|30|27","measures":{"value":1199723}}
{"ts":1674174123086628795,"type":"point","name":"bandwidth-rate-in|cypress-provider|30|27","measures":{"value":584.5055698301139}}
{"ts":1674174123093876128,"type":"point","name":"bandwidth-rate-out|cypress-provider|30|27","measures":{"value":107.22609893848697}}
{"ts":1674174128106730214,"type":"point","name":"bandwidth-total-in|cypress-provider|30|28","measures":{"value":983784}}
{"ts":1674174128160824006,"type":"point","name":"bandwidth-total-out|cypress-provider|30|28","measures":{"value":1199723}}
{"ts":1674174128164555714,"type":"point","name":"bandwidth-rate-in|cypress-provider|30|28","measures":{"value":3.938367550185558}}
{"ts":1674174128167849256,"type":"point","name":"bandwidth-rate-out|cypress-provider|30|28","measures":{"value":0.7224837715662197}}
{"ts":1674174133072757800,"type":"point","name":"bandwidth-total-in|cypress-provider|30|29","measures":{"value":983784}}
{"ts":1674174133141867258,"type":"point","name":"bandwidth-total-out|cypress-provider|30|29","measures":{"value":1199723}}
{"ts":1674174133187579466,"type":"point","name":"bandwidth-rate-in|cypress-provider|30|29","measures":{"value":0.026536511816068364}}
{"ts":1674174133193113425,"type":"point","name":"bandwidth-rate-out|cypress-provider|30|29","measures":{"value":0.004868057360512561}}
{"ts":1674174138080649427,"type":"point","name":"bandwidth-total-in|cypress-provider|30|30","measures":{"value":983784}}
{"ts":1674174138336695302,"type":"point","name":"bandwidth-total-out|cypress-provider|30|30","measures":{"value":1199723}}
{"ts":1674174138342211177,"type":"point","name":"bandwidth-rate-in|cypress-provider|30|30","measures":{"value":0.00017880161015727388}}
{"ts":1674174138347855094,"type":"point","name":"bandwidth-rate-out|cypress-provider|30|30","measures":{"value":0.000032800712483641534}}
{"ts":1674174143074318013,"type":"point","name":"bandwidth-total-in|cypress-provider|30|31","measures":{"value":983784}}
{"ts":1674174143080486721,"type":"point","name":"bandwidth-total-out|cypress-provider|30|31","measures":{"value":1199723}}
{"ts":1674174143090247846,"type":"point","name":"bandwidth-rate-in|cypress-provider|30|31","measures":{"value":0.000001204755772590853}}
{"ts":1674174143093849221,"type":"point","name":"bandwidth-rate-out|cypress-provider|30|31","measures":{"value":2.2100946224701773e-7}}
{"ts":1674174148114419126,"type":"point","name":"bandwidth-total-in|cypress-provider|30|32","measures":{"value":983784}}
{"ts":1674174148134422043,"type":"point","name":"bandwidth-total-out|cypress-provider|30|32","measures":{"value":1199723}}
{"ts":1674174148138074001,"type":"point","name":"bandwidth-rate-in|cypress-provider|30|32","measures":{"value":8.117580542559434e-9}}
{"ts":1674174148142428793,"type":"point","name":"bandwidth-rate-out|cypress-provider|30|32","measures":{"value":1.4891500429167858e-9}}
{"ts":1674174153078801087,"type":"point","name":"bandwidth-total-in|cypress-provider|30|33","measures":{"value":983784}}
{"ts":1674174153113300837,"type":"point","name":"bandwidth-total-out|cypress-provider|30|33","measures":{"value":1199723}}
{"ts":1674174153117886795,"type":"point","name":"bandwidth-rate-in|cypress-provider|30|33","measures":{"value":5.469582745657292e-11}}
{"ts":1674174153121200712,"type":"point","name":"bandwidth-rate-out|cypress-provider|30|33","measures":{"value":1.0033814062859154e-11}}
{"ts":1674174158141121797,"type":"point","name":"bandwidth-total-in|cypress-provider|30|34","measures":{"value":983784}}
{"ts":1674174158164680172,"type":"point","name":"bandwidth-total-out|cypress-provider|30|34","measures":{"value":1199723}}
{"ts":1674174158227752089,"type":"point","name":"bandwidth-rate-in|cypress-provider|30|34","measures":{"value":3.6853758647351206e-13}}
{"ts":1674174158261264131,"type":"point","name":"bandwidth-rate-out|cypress-provider|30|34","measures":{"value":0}}
