{"ts":1674070404223050549,"type":"point","name":"bandwidth-total-in|cypress-provider|28|0","measures":{"value":299}}
{"ts":1674070404225416049,"type":"point","name":"bandwidth-total-out|cypress-provider|28|0","measures":{"value":291}}
{"ts":1674070404228241591,"type":"point","name":"bandwidth-rate-in|cypress-provider|28|0","measures":{"value":0}}
{"ts":1674070404231052549,"type":"point","name":"bandwidth-rate-out|cypress-provider|28|0","measures":{"value":0}}
{"ts":1674070409313346802,"type":"point","name":"bandwidth-total-in|cypress-provider|28|1","measures":{"value":19615}}
{"ts":1674070409464384010,"type":"point","name":"bandwidth-total-out|cypress-provider|28|1","measures":{"value":16349}}
{"ts":1674070409468748010,"type":"point","name":"bandwidth-rate-in|cypress-provider|28|1","measures":{"value":4953.279724599964}}
{"ts":1674070409471373593,"type":"point","name":"bandwidth-rate-out|cypress-provider|28|1","measures":{"value":4562.85628192684}}
{"ts":1674070414222932721,"type":"point","name":"bandwidth-total-in|cypress-provider|28|2","measures":{"value":28442}}
{"ts":1674070414230054554,"type":"point","name":"bandwidth-total-out|cypress-provider|28|2","measures":{"value":29871}}
{"ts":1674070414233317387,"type":"point","name":"bandwidth-rate-in|cypress-provider|28|2","measures":{"value":3779.9241747332353}}
{"ts":1674070414238103346,"type":"point","name":"bandwidth-rate-out|cypress-provider|28|2","measures":{"value":2316.274342345999}}
{"ts":1674070419228135459,"type":"point","name":"bandwidth-total-in|cypress-provider|28|3","measures":{"value":87543}}
{"ts":1674070419230623750,"type":"point","name":"bandwidth-total-out|cypress-provider|28|3","measures":{"value":52331}}
{"ts":1674070419233319292,"type":"point","name":"bandwidth-rate-in|cypress-provider|28|3","measures":{"value":2698.7984530131257}}
{"ts":1674070419238411459,"type":"point","name":"bandwidth-rate-out|cypress-provider|28|3","measures":{"value":911.6592290006324}}
{"ts":1674070424228156669,"type":"point","name":"bandwidth-total-in|cypress-provider|28|4","measures":{"value":87543}}
{"ts":1674070424231305419,"type":"point","name":"bandwidth-total-out|cypress-provider|28|4","measures":{"value":52331}}
{"ts":1674070424235154544,"type":"point","name":"bandwidth-rate-in|cypress-provider|28|4","measures":{"value":18.184360937616294}}
{"ts":1674070424238214378,"type":"point","name":"bandwidth-rate-out|cypress-provider|28|4","measures":{"value":6.142711566233383}}
{"ts":1674070429228591422,"type":"point","name":"bandwidth-total-in|cypress-provider|28|5","measures":{"value":87543}}
{"ts":1674070429233533797,"type":"point","name":"bandwidth-total-out|cypress-provider|28|5","measures":{"value":52331}}
{"ts":1674070429237477713,"type":"point","name":"bandwidth-rate-in|cypress-provider|28|5","measures":{"value":0.12252526020989872}}
{"ts":1674070429251370797,"type":"point","name":"bandwidth-rate-out|cypress-provider|28|5","measures":{"value":0.041389264963949825}}
{"ts":1674070434226552258,"type":"point","name":"bandwidth-total-in|cypress-provider|28|6","measures":{"value":87637}}
{"ts":1674070434236705966,"type":"point","name":"bandwidth-total-out|cypress-provider|28|6","measures":{"value":53283}}
{"ts":1674070434258682383,"type":"point","name":"bandwidth-rate-in|cypress-provider|28|6","measures":{"value":59.27927787729242}}
{"ts":1674070434292768383,"type":"point","name":"bandwidth-rate-out|cypress-provider|28|6","measures":{"value":600.3522639613449}}
{"ts":1674070439227448843,"type":"point","name":"bandwidth-total-in|cypress-provider|28|7","measures":{"value":95018}}
{"ts":1674070439239081177,"type":"point","name":"bandwidth-total-out|cypress-provider|28|7","measures":{"value":65014}}
{"ts":1674070439243540760,"type":"point","name":"bandwidth-rate-in|cypress-provider|28|7","measures":{"value":481.23470070154804}}
{"ts":1674070439246602177,"type":"point","name":"bandwidth-rate-out|cypress-provider|28|7","measures":{"value":1965.7007098008607}}
{"ts":1674070441843051594,"type":"point","name":"signal bootstrapping0","measures":{"value":36719125}}
{"ts":1674070442027776428,"type":"point","name":"barrierbootstrapping0","measures":{"value":167169209}}
{"ts":1674070442138213720,"type":"point","name":"full bootstrapping0","measures":{"value":40516922477}}
{"ts":1674070444227020804,"type":"point","name":"bandwidth-total-in|cypress-provider|28|8","measures":{"value":95061}}
{"ts":1674070444235767304,"type":"point","name":"bandwidth-total-out|cypress-provider|28|8","measures":{"value":65542}}
{"ts":1674070444240650679,"type":"point","name":"bandwidth-rate-in|cypress-provider|28|8","measures":{"value":30.329065164147014}}
{"ts":1674070444245488096,"type":"point","name":"bandwidth-rate-out|cypress-provider|28|8","measures":{"value":345.8421942577073}}
{"ts":1674070449283148000,"type":"point","name":"bandwidth-total-in|cypress-provider|28|9","measures":{"value":112649}}
{"ts":1674070449913727334,"type":"point","name":"bandwidth-total-out|cypress-provider|28|9","measures":{"value":81651}}
{"ts":1674070450059203334,"type":"point","name":"bandwidth-rate-in|cypress-provider|28|9","measures":{"value":9486.428459175682}}
{"ts":1674070450684051793,"type":"point","name":"bandwidth-rate-out|cypress-provider|28|9","measures":{"value":4181.3024300306515}}
{"ts":1674070454238715294,"type":"point","name":"bandwidth-total-in|cypress-provider|28|10","measures":{"value":147586}}
{"ts":1674070454251054836,"type":"point","name":"bandwidth-total-out|cypress-provider|28|10","measures":{"value":99419}}
{"ts":1674070454272769044,"type":"point","name":"bandwidth-rate-in|cypress-provider|28|10","measures":{"value":6330.451389172636}}
{"ts":1674070454294939544,"type":"point","name":"bandwidth-rate-out|cypress-provider|28|10","measures":{"value":3810.004968261476}}
{"ts":1674070459529658755,"type":"point","name":"bandwidth-total-in|cypress-provider|28|11","measures":{"value":202838}}
{"ts":1674070460245940131,"type":"point","name":"bandwidth-total-out|cypress-provider|28|11","measures":{"value":121415}}
{"ts":1674070460650791006,"type":"point","name":"bandwidth-rate-in|cypress-provider|28|11","measures":{"value":5360.309022252896}}
{"ts":1674070460717622131,"type":"point","name":"bandwidth-rate-out|cypress-provider|28|11","measures":{"value":2659.749510991683}}
{"ts":1674070464293683758,"type":"point","name":"bandwidth-total-in|cypress-provider|28|12","measures":{"value":228778}}
{"ts":1674070464379148799,"type":"point","name":"bandwidth-total-out|cypress-provider|28|12","measures":{"value":130342}}
{"ts":1674070464527189633,"type":"point","name":"bandwidth-rate-in|cypress-provider|28|12","measures":{"value":6216.353784153239}}
{"ts":1674070464563053133,"type":"point","name":"bandwidth-rate-out|cypress-provider|28|12","measures":{"value":2838.816250936111}}
{"ts":1674070466029197925,"type":"point","name":"time-to-provide-7","measures":{"value":18941540217}}
{"ts":1674070466738755217,"type":"point","name":"time-to-provide-9","measures":{"value":19650840342}}
{"ts":1674070470808885136,"type":"point","name":"time-to-provide-18","measures":{"value":23721111343}}
{"ts":1674070471063909969,"type":"point","name":"bandwidth-total-in|cypress-provider|28|13","measures":{"value":237634}}
{"ts":1674070476265221638,"type":"point","name":"bandwidth-total-out|cypress-provider|28|13","measures":{"value":143503}}
{"ts":1674070477167952305,"type":"point","name":"bandwidth-rate-in|cypress-provider|28|13","measures":{"value":1872.6777955134453}}
{"ts":1674070477174473639,"type":"point","name":"bandwidth-rate-out|cypress-provider|28|13","measures":{"value":3661.168106300126}}
{"ts":1674070477554231416,"type":"point","name":"bandwidth-total-in|cypress-provider|28|14","measures":{"value":241399}}
{"ts":1674070474072067596,"type":"point","name":"time-to-provide-19","measures":{"value":26988290846}}
{"ts":1674070476576805513,"type":"point","name":"time-to-provide-17","measures":{"value":29489087221}}
{"ts":1674070476642139555,"type":"point","name":"time-to-provide-6","measures":{"value":29555104972}}
{"ts":1674070476696572013,"type":"point","name":"time-to-provide-2","measures":{"value":29610866097}}
{"ts":1674070477586599875,"type":"point","name":"bandwidth-total-out|cypress-provider|28|14","measures":{"value":150873}}
{"ts":1674070477780461083,"type":"point","name":"bandwidth-rate-in|cypress-provider|28|14","measures":{"value":61.83152657023692}}
{"ts":1674070477796426500,"type":"point","name":"bandwidth-rate-out|cypress-provider|28|14","measures":{"value":971.3581828262033}}
{"ts":1674070479366681459,"type":"point","name":"bandwidth-total-in|cypress-provider|28|15","measures":{"value":242498}}
{"ts":1674070479382253459,"type":"point","name":"bandwidth-total-out|cypress-provider|28|15","measures":{"value":150959}}
{"ts":1674070479388546500,"type":"point","name":"bandwidth-rate-in|cypress-provider|28|15","measures":{"value":680.7342343387746}}
{"ts":1674070479409764917,"type":"point","name":"bandwidth-rate-out|cypress-provider|28|15","measures":{"value":408.83218779858805}}
{"ts":1674070485328595212,"type":"point","name":"bandwidth-total-in|cypress-provider|28|16","measures":{"value":248009}}
{"ts":1674070485364204962,"type":"point","name":"bandwidth-total-out|cypress-provider|28|16","measures":{"value":153746}}
{"ts":1674070485420646420,"type":"point","name":"bandwidth-rate-in|cypress-provider|28|16","measures":{"value":748.1028262586327}}
{"ts":1674070485458579170,"type":"point","name":"bandwidth-rate-out|cypress-provider|28|16","measures":{"value":301.0570455403526}}
{"ts":1674070489308424922,"type":"point","name":"bandwidth-total-in|cypress-provider|28|17","measures":{"value":250080}}
{"ts":1674070489734886005,"type":"point","name":"bandwidth-total-out|cypress-provider|28|17","measures":{"value":156164}}
{"ts":1674070489830246505,"type":"point","name":"bandwidth-rate-in|cypress-provider|28|17","measures":{"value":738.2079078035309}}
{"ts":1674070489899035297,"type":"point","name":"bandwidth-rate-out|cypress-provider|28|17","measures":{"value":411.97597319249024}}
{"ts":1674070490211347881,"type":"point","name":"time-to-provide-14","measures":{"value":43124223686}}
{"ts":1674070494248448633,"type":"point","name":"bandwidth-total-in|cypress-provider|28|18","measures":{"value":258675}}
{"ts":1674070494349260299,"type":"point","name":"bandwidth-total-out|cypress-provider|28|18","measures":{"value":162641}}
{"ts":1674070494959522466,"type":"point","name":"bandwidth-rate-in|cypress-provider|28|18","measures":{"value":1771.5819331848265}}
{"ts":1674070496202297258,"type":"point","name":"bandwidth-rate-out|cypress-provider|28|18","measures":{"value":1156.4962568567237}}
{"ts":1674070499337589802,"type":"point","name":"bandwidth-total-in|cypress-provider|28|19","measures":{"value":259561}}
{"ts":1674070499712615760,"type":"point","name":"bandwidth-total-out|cypress-provider|28|19","measures":{"value":164327}}
{"ts":1674070499874281927,"type":"point","name":"bandwidth-rate-in|cypress-provider|28|19","measures":{"value":25.097061364361792}}
{"ts":1674070500004860885,"type":"point","name":"bandwidth-rate-out|cypress-provider|28|19","measures":{"value":56.34542127967831}}
{"ts":1674070504351602221,"type":"point","name":"bandwidth-total-in|cypress-provider|28|20","measures":{"value":260318}}
{"ts":1674070504529834929,"type":"point","name":"bandwidth-total-out|cypress-provider|28|20","measures":{"value":164914}}
{"ts":1674070504554357429,"type":"point","name":"bandwidth-rate-in|cypress-provider|28|20","measures":{"value":100.32249426422267}}
{"ts":1674070504671830429,"type":"point","name":"bandwidth-rate-out|cypress-provider|28|20","measures":{"value":73.70230667456626}}
{"ts":1674070509303178459,"type":"point","name":"bandwidth-total-in|cypress-provider|28|21","measures":{"value":260318}}
{"ts":1674070509542781751,"type":"point","name":"bandwidth-total-out|cypress-provider|28|21","measures":{"value":164914}}
{"ts":1674070509749389834,"type":"point","name":"bandwidth-rate-in|cypress-provider|28|21","measures":{"value":0.6759676491683883}}
{"ts":1674070509824179251,"type":"point","name":"bandwidth-rate-out|cypress-provider|28|21","measures":{"value":0.49660223608357057}}
{"ts":1674070514307189169,"type":"point","name":"bandwidth-total-in|cypress-provider|28|22","measures":{"value":260318}}
{"ts":1674070514946802378,"type":"point","name":"bandwidth-total-out|cypress-provider|28|22","measures":{"value":165086}}
{"ts":1674070515171526420,"type":"point","name":"bandwidth-rate-in|cypress-provider|28|22","measures":{"value":0.004554634193193}}
{"ts":1674070515307267878,"type":"point","name":"bandwidth-rate-out|cypress-provider|28|22","measures":{"value":55.05312497859194}}
{"ts":1674070515980272212,"type":"point","name":"time-to-provide-15","measures":{"value":68893811406}}
{"ts":1674070519229241172,"type":"point","name":"bandwidth-total-in|cypress-provider|28|23","measures":{"value":261460}}
{"ts":1674070519310276005,"type":"point","name":"bandwidth-total-out|cypress-provider|28|23","measures":{"value":166659}}
{"ts":1674070519313083130,"type":"point","name":"bandwidth-rate-in|cypress-provider|28|23","measures":{"value":207.79090337298473}}
{"ts":1674070519325662172,"type":"point","name":"bandwidth-rate-out|cypress-provider|28|23","measures":{"value":597.7532378344446}}
{"ts":1674070524370844341,"type":"point","name":"bandwidth-total-in|cypress-provider|28|24","measures":{"value":262074}}
{"ts":1674070524446355549,"type":"point","name":"bandwidth-total-out|cypress-provider|28|24","measures":{"value":167618}}
{"ts":1674070524454244758,"type":"point","name":"bandwidth-rate-in|cypress-provider|28|24","measures":{"value":17.304903198344633}}
{"ts":1674070524484786508,"type":"point","name":"bandwidth-rate-out|cypress-provider|28|24","measures":{"value":87.80227592691487}}
{"ts":1674070529380626343,"type":"point","name":"bandwidth-total-in|cypress-provider|28|25","measures":{"value":262074}}
{"ts":1674070529448314468,"type":"point","name":"bandwidth-total-out|cypress-provider|28|25","measures":{"value":167618}}
{"ts":1674070529553533010,"type":"point","name":"bandwidth-rate-in|cypress-provider|28|25","measures":{"value":0.11659952057475075}}
{"ts":1674070529562759510,"type":"point","name":"bandwidth-rate-out|cypress-provider|28|25","measures":{"value":0.5916070815946304}}
{"ts":1674070534365783471,"type":"point","name":"bandwidth-total-in|cypress-provider|28|26","measures":{"value":262074}}
{"ts":1674070535367580388,"type":"point","name":"bandwidth-total-out|cypress-provider|28|26","measures":{"value":167618}}
{"ts":1674070535750329721,"type":"point","name":"bandwidth-rate-in|cypress-provider|28|26","measures":{"value":0.0007856413897514461}}
{"ts":1674070535961425180,"type":"point","name":"bandwidth-rate-out|cypress-provider|28|26","measures":{"value":0.003986217160068251}}
{"ts":1674070534628830054,"type":"point","name":"time-to-provide-12","measures":{"value":87543517873}}
{"ts":1674070540903930418,"type":"point","name":"bandwidth-total-in|cypress-provider|28|27","measures":{"value":262074}}
{"ts":1674070540927973834,"type":"point","name":"bandwidth-total-out|cypress-provider|28|27","measures":{"value":168076}}
{"ts":1674070540979406001,"type":"point","name":"bandwidth-rate-in|cypress-provider|28|27","measures":{"value":0.000005293610044433093}}
{"ts":1674070540985368543,"type":"point","name":"bandwidth-rate-out|cypress-provider|28|27","measures":{"value":16.437503092638142}}
{"ts":1674070551019769048,"type":"point","name":"bandwidth-total-in|cypress-provider|28|28","measures":{"value":262074}}
{"ts":1674070551061422423,"type":"point","name":"bandwidth-total-out|cypress-provider|28|28","measures":{"value":168076}}
{"ts":1674070551068472839,"type":"point","name":"bandwidth-rate-in|cypress-provider|28|28","measures":{"value":2.6355332519500175e-7}}
{"ts":1674070551074995423,"type":"point","name":"bandwidth-rate-out|cypress-provider|28|28","measures":{"value":0.8183750902701503}}
{"ts":1674070554812592133,"type":"point","name":"bandwidth-total-in|cypress-provider|28|29","measures":{"value":262074}}
{"ts":1674070554825699424,"type":"point","name":"bandwidth-total-out|cypress-provider|28|29","measures":{"value":168305}}
{"ts":1674070554828841924,"type":"point","name":"bandwidth-rate-in|cypress-provider|28|29","measures":{"value":3.5668063913216656e-8}}
{"ts":1674070554850376841,"type":"point","name":"bandwidth-rate-out|cypress-provider|28|29","measures":{"value":6.492598148171131}}
{"ts":1674070557331515884,"type":"point","name":"bandwidth-total-in|cypress-provider|28|30","measures":{"value":262074}}
{"ts":1674070557455602384,"type":"point","name":"bandwidth-total-out|cypress-provider|28|30","measures":{"value":168305}}
{"ts":1674070557593615592,"type":"point","name":"bandwidth-rate-in|cypress-provider|28|30","measures":{"value":1.3121547420061432e-8}}
{"ts":1674070557816839634,"type":"point","name":"bandwidth-rate-out|cypress-provider|28|30","measures":{"value":2.3884933784999367}}
{"ts":1674070557947544343,"type":"point","name":"time-to-provide-0","measures":{"value":110851080509}}
{"ts":1674070559284097052,"type":"point","name":"bandwidth-total-in|cypress-provider|28|31","measures":{"value":262074}}
{"ts":1674070559840090927,"type":"point","name":"bandwidth-total-out|cypress-provider|28|31","measures":{"value":168305}}
{"ts":1674070559889119219,"type":"point","name":"bandwidth-rate-in|cypress-provider|28|31","measures":{"value":1.7758083365966588e-9}}
{"ts":1674070559998322094,"type":"point","name":"bandwidth-rate-out|cypress-provider|28|31","measures":{"value":0.32324742788806293}}
{"ts":1674070562510453845,"type":"point","name":"time-to-provide-3","measures":{"value":115413737510}}
{"ts":1674070563454860137,"type":"point","name":"time-to-provide-5","measures":{"value":116356326262}}
{"ts":1674070564235899429,"type":"point","name":"bandwidth-total-in|cypress-provider|28|32","measures":{"value":263418}}
{"ts":1674070564247307637,"type":"point","name":"bandwidth-total-out|cypress-provider|28|32","measures":{"value":170667}}
{"ts":1674070564252665846,"type":"point","name":"bandwidth-rate-in|cypress-provider|28|32","measures":{"value":693.7629376528703}}
{"ts":1674070564258108554,"type":"point","name":"bandwidth-rate-out|cypress-provider|28|32","measures":{"value":1229.0405924852148}}
{"ts":1674070567687566375,"type":"point","name":"time-to-provide-16","measures":{"value":120600968012}}
{"ts":1674070569225633750,"type":"point","name":"bandwidth-total-in|cypress-provider|28|33","measures":{"value":265892}}
{"ts":1674070569506197875,"type":"point","name":"bandwidth-total-out|cypress-provider|28|33","measures":{"value":177322}}
{"ts":1674070569556676125,"type":"point","name":"bandwidth-rate-in|cypress-provider|28|33","measures":{"value":1069.7574141472262}}
{"ts":1674070569619294001,"type":"point","name":"bandwidth-rate-out|cypress-provider|28|33","measures":{"value":2309.768369802866}}
{"ts":1674070569780716126,"type":"point","name":"time-to-provide-8","measures":{"value":122692069180}}
{"ts":1674070570450697084,"type":"point","name":"time-to-provide-1","measures":{"value":123364271888}}
{"ts":1674070572336829377,"type":"point","name":"time-to-provide-4","measures":{"value":125250811931}}
{"ts":1674070574226212753,"type":"point","name":"bandwidth-total-in|cypress-provider|28|34","measures":{"value":266864}}
{"ts":1674070574256199128,"type":"point","name":"bandwidth-total-out|cypress-provider|28|34","measures":{"value":180126}}
{"ts":1674070574259296544,"type":"point","name":"bandwidth-rate-in|cypress-provider|28|34","measures":{"value":435.32435456023677}}
{"ts":1674070574288617211,"type":"point","name":"bandwidth-rate-out|cypress-provider|28|34","measures":{"value":1021.631906276321}}
{"ts":1674070579388724839,"type":"point","name":"bandwidth-total-in|cypress-provider|28|35","measures":{"value":269140}}
{"ts":1674070579457489089,"type":"point","name":"bandwidth-total-out|cypress-provider|28|35","measures":{"value":181998}}
{"ts":1674070579600789005,"type":"point","name":"bandwidth-rate-in|cypress-provider|28|35","measures":{"value":308.35120646313567}}
{"ts":1674070579607392255,"type":"point","name":"bandwidth-rate-out|cypress-provider|28|35","measures":{"value":78.61389502911182}}
{"ts":1674070585069770050,"type":"point","name":"bandwidth-total-in|cypress-provider|28|36","measures":{"value":270328}}
{"ts":1674070585537105300,"type":"point","name":"bandwidth-total-out|cypress-provider|28|36","measures":{"value":182526}}
{"ts":1674070585779270175,"type":"point","name":"bandwidth-rate-in|cypress-provider|28|36","measures":{"value":9.292259923775255}}
{"ts":1674070586108516008,"type":"point","name":"bandwidth-rate-out|cypress-provider|28|36","measures":{"value":3.427728035766659}}
{"ts":1674070589314727427,"type":"point","name":"bandwidth-total-in|cypress-provider|28|37","measures":{"value":270328}}
{"ts":1674070589354776427,"type":"point","name":"bandwidth-total-out|cypress-provider|28|37","measures":{"value":182526}}
{"ts":1674070589410438593,"type":"point","name":"bandwidth-rate-in|cypress-provider|28|37","measures":{"value":0.17019367722412418}}
{"ts":1674070589516312677,"type":"point","name":"bandwidth-rate-out|cypress-provider|28|37","measures":{"value":0.06278102891189224}}
{"ts":1674070592143456011,"type":"point","name":"time-to-provide-11","measures":{"value":145058024941}}
{"ts":1674070592267571428,"type":"point","name":"time-to-provide-13","measures":{"value":145181629691}}
{"ts":1674070592279345178,"type":"point","name":"time-to-provide-10","measures":{"value":145193964149}}
{"ts":1674070592507967178,"type":"point","name":"signal provider-records1","measures":{"value":214316792}}
{"ts":1674070594226674596,"type":"point","name":"bandwidth-total-in|cypress-provider|28|38","measures":{"value":270371}}
{"ts":1674070594234637721,"type":"point","name":"bandwidth-total-out|cypress-provider|28|38","measures":{"value":183256}}
{"ts":1674070594236854971,"type":"point","name":"bandwidth-rate-in|cypress-provider|28|38","measures":{"value":10.469846445888038}}
{"ts":1674070594243772096,"type":"point","name":"bandwidth-rate-out|cypress-provider|28|38","measures":{"value":177.72485961141427}}
{"ts":1674070599247616792,"type":"point","name":"bandwidth-total-in|cypress-provider|28|39","measures":{"value":271516}}
{"ts":1674070599889604501,"type":"point","name":"bandwidth-total-out|cypress-provider|28|39","measures":{"value":183256}}
{"ts":1674070599985964126,"type":"point","name":"bandwidth-rate-in|cypress-provider|28|39","measures":{"value":358.60529942096343}}
{"ts":1674070600008628376,"type":"point","name":"bandwidth-rate-out|cypress-provider|28|39","measures":{"value":1.1975006844816152}}
{"ts":1674070604232534211,"type":"point","name":"bandwidth-total-in|cypress-provider|28|40","measures":{"value":271974}}
{"ts":1674070604246305878,"type":"point","name":"bandwidth-total-out|cypress-provider|28|40","measures":{"value":183256}}
{"ts":1674070604254333586,"type":"point","name":"bandwidth-rate-in|cypress-provider|28|40","measures":{"value":17.244478515197002}}
{"ts":1674070604272758211,"type":"point","name":"bandwidth-rate-out|cypress-provider|28|40","measures":{"value":0.008068696143405692}}
{"ts":1674070606701641337,"type":"point","name":"barrierprovider-records1","measures":{"value":14190416631}}
{"ts":1674070607409743296,"type":"point","name":"full provider-records1","measures":{"value":160384525531}}
{"ts":1674070609245579505,"type":"point","name":"bandwidth-total-in|cypress-provider|28|41","measures":{"value":271974}}
{"ts":1674070609300869838,"type":"point","name":"bandwidth-total-out|cypress-provider|28|41","measures":{"value":183256}}
{"ts":1674070609346606255,"type":"point","name":"bandwidth-rate-in|cypress-provider|28|41","measures":{"value":0.1161923822622655}}
{"ts":1674070609350002797,"type":"point","name":"bandwidth-rate-out|cypress-provider|28|41","measures":{"value":0.00005436644696599288}}
{"ts":1674070609991632464,"type":"point","name":"time-to-find-first|cypress-provider|1","measures":{"value":610958167}}
{"ts":1674070610093816755,"type":"point","name":"time-to-find-first|cypress-provider|2","measures":{"value":581072416}}
{"ts":1674070612037865590,"type":"point","name":"time-to-find-first|cypress-provider|0","measures":{"value":2372666668}}
{"ts":1674070612203274923,"type":"point","name":"time-to-find-first|cypress-provider|3","measures":{"value":2637073918}}
{"ts":1674070613388510840,"type":"point","name":"time-to-find-first|cypress-provider|4","measures":{"value":2152304376}}
{"ts":1674070613519948049,"type":"point","name":"time-to-find-first|cypress-provider|19","measures":{"value":1555238376}}
{"ts":1674070613755531799,"type":"point","name":"time-to-find-first|cypress-provider|11","measures":{"value":1220961792}}
{"ts":1674070613779327507,"type":"point","name":"time-to-find-first|cypress-provider|16","measures":{"value":1259784751}}
{"ts":1674070613867070341,"type":"point","name":"time-to-find-first|cypress-provider|10","measures":{"value":1332926334}}
{"ts":1674070613941678382,"type":"point","name":"time-to-find-first|cypress-provider|6","measures":{"value":1903154584}}
{"ts":1674070614014082216,"type":"point","name":"time-to-find-first|cypress-provider|9","measures":{"value":1494260584}}
{"ts":1674070613941726632,"type":"point","name":"time-to-find-first|cypress-provider|5","measures":{"value":1739789917}}
{"ts":1674070614125638674,"type":"point","name":"time-to-find-first|cypress-provider|15","measures":{"value":1576521459}}
{"ts":1674070614226216841,"type":"point","name":"bandwidth-total-in|cypress-provider|28|42","measures":{"value":278381}}
{"ts":1674070614332031299,"type":"point","name":"bandwidth-total-out|cypress-provider|28|42","measures":{"value":187321}}
{"ts":1674070614476027383,"type":"point","name":"bandwidth-rate-in|cypress-provider|28|42","measures":{"value":3107.799255753385}}
{"ts":1674070614956672674,"type":"point","name":"bandwidth-rate-out|cypress-provider|28|42","measures":{"value":1730.299006878089}}
{"ts":1674070614145861591,"type":"point","name":"time-to-find-first|cypress-provider|8","measures":{"value":1740649542}}
{"ts":1674070614145843174,"type":"point","name":"time-to-find-first|cypress-provider|14","measures":{"value":1414752375}}
{"ts":1674070614457623591,"type":"point","name":"time-to-find-first|cypress-provider|17","measures":{"value":1904053460}}
{"ts":1674070614468673924,"type":"point","name":"time-to-find-first|cypress-provider|18","measures":{"value":1914598251}}
{"ts":1674070614473822633,"type":"point","name":"time-to-find-first|cypress-provider|12","measures":{"value":1938660251}}
{"ts":1674070614152530091,"type":"point","name":"time-to-find-first|cypress-provider|13","measures":{"value":1615393625}}
{"ts":1674070614176306257,"type":"point","name":"time-to-find-first|cypress-provider|7","measures":{"value":1940535293}}
{"ts":1674070620382287594,"type":"point","name":"bandwidth-total-in|cypress-provider|28|43","measures":{"value":295843}}
{"ts":1674070620970850636,"type":"point","name":"bandwidth-total-out|cypress-provider|28|43","measures":{"value":213528}}
{"ts":1674070621020944969,"type":"point","name":"bandwidth-rate-in|cypress-provider|28|43","measures":{"value":2252.726886160991}}
{"ts":1674070621032719094,"type":"point","name":"bandwidth-rate-out|cypress-provider|28|43","measures":{"value":1726.8190670993852}}
{"ts":1674070625588823930,"type":"point","name":"bandwidth-total-in|cypress-provider|28|44","measures":{"value":322522}}
{"ts":1674070625711609763,"type":"point","name":"bandwidth-total-out|cypress-provider|28|44","measures":{"value":225716}}
{"ts":1674070625738275555,"type":"point","name":"bandwidth-rate-in|cypress-provider|28|44","measures":{"value":5082.50273528232}}
{"ts":1674070625758971971,"type":"point","name":"bandwidth-rate-out|cypress-provider|28|44","measures":{"value":3308.4375350995147}}
{"ts":1674070629800720167,"type":"point","name":"bandwidth-total-in|cypress-provider|28|45","measures":{"value":356349}}
{"ts":1674070629825477001,"type":"point","name":"bandwidth-total-out|cypress-provider|28|45","measures":{"value":270143}}
{"ts":1674070629963543417,"type":"point","name":"bandwidth-rate-in|cypress-provider|28|45","measures":{"value":12308.45020252173}}
{"ts":1674070629969561792,"type":"point","name":"bandwidth-rate-out|cypress-provider|28|45","measures":{"value":11939.03184300297}}
{"ts":1674070634844722670,"type":"point","name":"bandwidth-total-in|cypress-provider|28|46","measures":{"value":387246}}
{"ts":1674070636492414087,"type":"point","name":"bandwidth-total-out|cypress-provider|28|46","measures":{"value":276157}}
{"ts":1674070638027375879,"type":"point","name":"bandwidth-rate-in|cypress-provider|28|46","measures":{"value":5410.916904758938}}
{"ts":1674070640061309964,"type":"point","name":"bandwidth-rate-out|cypress-provider|28|46","measures":{"value":914.3750499938143}}
{"ts":1674070640327667006,"type":"point","name":"bandwidth-total-in|cypress-provider|28|47","measures":{"value":398675}}
{"ts":1674070641808700131,"type":"point","name":"bandwidth-total-out|cypress-provider|28|47","measures":{"value":280972}}
{"ts":1674070643617309965,"type":"point","name":"bandwidth-rate-in|cypress-provider|28|47","measures":{"value":1800.1757716574268}}
{"ts":1674070643623542007,"type":"point","name":"bandwidth-rate-out|cypress-provider|28|47","measures":{"value":86.0421247985649}}
{"ts":1674070644412581508,"type":"point","name":"bandwidth-total-in|cypress-provider|28|48","measures":{"value":412999}}
{"ts":1674070644435991591,"type":"point","name":"bandwidth-total-out|cypress-provider|28|48","measures":{"value":284468}}
{"ts":1674070646869873425,"type":"point","name":"bandwidth-rate-in|cypress-provider|28|48","measures":{"value":5836.704564837436}}
{"ts":1674070649134420218,"type":"point","name":"bandwidth-rate-out|cypress-provider|28|48","measures":{"value":525.7879281220202}}
{"ts":1674070649322590927,"type":"point","name":"bandwidth-total-in|cypress-provider|28|49","measures":{"value":438763}}
{"ts":1674070649952532677,"type":"point","name":"bandwidth-total-out|cypress-provider|28|49","measures":{"value":297738}}
{"ts":1674070650710996136,"type":"point","name":"bandwidth-rate-in|cypress-provider|28|49","measures":{"value":2546.578676532754}}
{"ts":1674070651254532261,"type":"point","name":"bandwidth-rate-out|cypress-provider|28|49","measures":{"value":1460.835679517372}}
{"ts":1674070654505870596,"type":"point","name":"bandwidth-total-in|cypress-provider|28|50","measures":{"value":452853}}
{"ts":1674070655681214513,"type":"point","name":"bandwidth-total-out|cypress-provider|28|50","measures":{"value":299640}}
{"ts":1674070655695406805,"type":"point","name":"bandwidth-rate-in|cypress-provider|28|50","measures":{"value":1595.8812207574344}}
{"ts":1674070655709410471,"type":"point","name":"bandwidth-rate-out|cypress-provider|28|50","measures":{"value":75.5968898895074}}
{"ts":1674070659261005250,"type":"point","name":"bandwidth-total-in|cypress-provider|28|51","measures":{"value":464711}}
{"ts":1674070660584631959,"type":"point","name":"bandwidth-total-out|cypress-provider|28|51","measures":{"value":300027}}
{"ts":1674070660613766501,"type":"point","name":"bandwidth-rate-in|cypress-provider|28|51","measures":{"value":3075.2540530307215}}
{"ts":1674070660630604626,"type":"point","name":"bandwidth-rate-out|cypress-provider|28|51","measures":{"value":58.803924691727694}}
{"ts":1674070665157869503,"type":"point","name":"bandwidth-total-in|cypress-provider|28|52","measures":{"value":473800}}
{"ts":1674070665929666378,"type":"point","name":"bandwidth-total-out|cypress-provider|28|52","measures":{"value":304111}}
{"ts":1674070667177858712,"type":"point","name":"bandwidth-rate-in|cypress-provider|28|52","measures":{"value":941.911186738989}}
{"ts":1674070667471984254,"type":"point","name":"bandwidth-rate-out|cypress-provider|28|52","measures":{"value":447.4505347033428}}
{"ts":1674070671458498673,"type":"point","name":"bandwidth-total-in|cypress-provider|28|53","measures":{"value":488363}}
{"ts":1674070673112218465,"type":"point","name":"bandwidth-total-out|cypress-provider|28|53","measures":{"value":306176}}
{"ts":1674070673134880632,"type":"point","name":"bandwidth-rate-in|cypress-provider|28|53","measures":{"value":2035.6348367546968}}
{"ts":1674070674234422049,"type":"point","name":"bandwidth-rate-out|cypress-provider|28|53","measures":{"value":33.90630677010032}}
{"ts":1674070675131485425,"type":"point","name":"bandwidth-total-in|cypress-provider|28|54","measures":{"value":490981}}
{"ts":1674070675240714466,"type":"point","name":"bandwidth-total-out|cypress-provider|28|54","measures":{"value":306477}}
{"ts":1674070676884719842,"type":"point","name":"bandwidth-rate-in|cypress-provider|28|54","measures":{"value":1658.6507700851414}}
{"ts":1674070679001014676,"type":"point","name":"bandwidth-rate-out|cypress-provider|28|54","measures":{"value":68.9010659212345}}
{"ts":1674070685338545013,"type":"point","name":"bandwidth-total-in|cypress-provider|28|55","measures":{"value":493989}}
{"ts":1674070689101827167,"type":"point","name":"bandwidth-total-out|cypress-provider|28|55","measures":{"value":306649}}
{"ts":1674070689121684709,"type":"point","name":"bandwidth-rate-in|cypress-provider|28|55","measures":{"value":282.0684143249566}}
{"ts":1674070693285082211,"type":"point","name":"bandwidth-rate-out|cypress-provider|28|55","measures":{"value":10.940602658706851}}
{"ts":1674070697610055713,"type":"point","name":"bandwidth-total-in|cypress-provider|28|56","measures":{"value":494138}}
{"ts":1674070697820733088,"type":"point","name":"bandwidth-total-out|cypress-provider|28|56","measures":{"value":307165}}
{"ts":1674070697890092171,"type":"point","name":"bandwidth-rate-in|cypress-provider|28|56","measures":{"value":4.150880321199665}}
{"ts":1674070697903234046,"type":"point","name":"bandwidth-rate-out|cypress-provider|28|56","measures":{"value":129.99616578843987}}
{"ts":1674070703946182674,"type":"point","name":"bandwidth-total-in|cypress-provider|28|57","measures":{"value":494138}}
{"ts":1674070705383788175,"type":"point","name":"bandwidth-total-out|cypress-provider|28|57","measures":{"value":307466}}
{"ts":1674070705424538550,"type":"point","name":"bandwidth-rate-in|cypress-provider|28|57","measures":{"value":4.150880321199665}}
{"ts":1674070705489281175,"type":"point","name":"bandwidth-rate-out|cypress-provider|28|57","measures":{"value":26.6821256195376}}
{"ts":1674070705493183008,"type":"point","name":"bandwidth-total-in|cypress-provider|28|58","measures":{"value":498502}}
{"ts":1674070705507765466,"type":"point","name":"bandwidth-total-out|cypress-provider|28|58","measures":{"value":307509}}
{"ts":1674070705518762883,"type":"point","name":"bandwidth-rate-in|cypress-provider|28|58","measures":{"value":63.356218804674015}}
{"ts":1674070705527818966,"type":"point","name":"bandwidth-rate-out|cypress-provider|28|58","measures":{"value":37.7233412418732}}
{"ts":1674070710719887302,"type":"point","name":"bandwidth-total-in|cypress-provider|28|59","measures":{"value":504735}}
{"ts":1674070714169705054,"type":"point","name":"bandwidth-total-out|cypress-provider|28|59","measures":{"value":307509}}
{"ts":1674070726116736879,"type":"point","name":"bandwidth-rate-in|cypress-provider|28|59","measures":{"value":549.3311269976151}}
{"ts":1674070726184192379,"type":"point","name":"bandwidth-rate-out|cypress-provider|28|59","measures":{"value":0.6909270958626428}}
{"ts":1674070730153987380,"type":"point","name":"bandwidth-total-in|cypress-provider|28|60","measures":{"value":512712}}
{"ts":1674070733590688924,"type":"point","name":"bandwidth-total-out|cypress-provider|28|60","measures":{"value":308640}}
{"ts":1674070736453121675,"type":"point","name":"bandwidth-rate-in|cypress-provider|28|60","measures":{"value":160.0280507192368}}
{"ts":1674070736510686675,"type":"point","name":"bandwidth-rate-out|cypress-provider|28|60","measures":{"value":10.756034482806616}}
{"ts":1674070738203066093,"type":"point","name":"bandwidth-total-in|cypress-provider|28|61","measures":{"value":512990}}
{"ts":1674070738212708343,"type":"point","name":"bandwidth-total-out|cypress-provider|28|61","measures":{"value":309452}}
{"ts":1674070738219653634,"type":"point","name":"bandwidth-rate-in|cypress-provider|28|61","measures":{"value":95.50498749270469}}
{"ts":1674070738277355134,"type":"point","name":"bandwidth-rate-out|cypress-provider|28|61","measures":{"value":297.76104137265156}}
{"ts":1674070743358749762,"type":"point","name":"bandwidth-total-in|cypress-provider|28|62","measures":{"value":514704}}
{"ts":1674070743561235262,"type":"point","name":"bandwidth-total-out|cypress-provider|28|62","measures":{"value":312992}}
{"ts":1674070745531507138,"type":"point","name":"bandwidth-rate-in|cypress-provider|28|62","measures":{"value":335.8833586428528}}
{"ts":1674070747290586555,"type":"point","name":"bandwidth-rate-out|cypress-provider|28|62","measures":{"value":708.680187736623}}
{"ts":1674070747338244097,"type":"point","name":"bandwidth-total-in|cypress-provider|28|63","measures":{"value":514747}}
{"ts":1674070747347039097,"type":"point","name":"bandwidth-total-out|cypress-provider|28|63","measures":{"value":313865}}
{"ts":1674070747356410930,"type":"point","name":"bandwidth-rate-in|cypress-provider|28|63","measures":{"value":8.811743721337702}}
{"ts":1674070747363183097,"type":"point","name":"bandwidth-rate-out|cypress-provider|28|63","measures":{"value":87.4518109559944}}
{"ts":1674070749228487709,"type":"point","name":"num-hops|cypress-provider|15","measures":{"value":1}}
{"ts":1674070749238991792,"type":"point","name":"time-to-find-last|done|cypress-provider|15","measures":{"value":12919716839}}
{"ts":1674070749271012334,"type":"point","name":"time-to-find|done|cypress-provider|15","measures":{"value":136716908271}}
{"ts":1674070750335747792,"type":"point","name":"peers-found|done|cypress-provider|15","measures":{"value":47}}
{"ts":1674070751401057501,"type":"point","name":"peers-missing|done|cypress-provider|15","measures":{"value":3}}
{"ts":1674070751081906001,"type":"point","name":"num-hops|cypress-provider|14","measures":{"value":1}}
{"ts":1674070752618110835,"type":"point","name":"time-to-find-last|done|cypress-provider|14","measures":{"value":51100839857}}
{"ts":1674070752763199002,"type":"point","name":"time-to-find|done|cypress-provider|14","measures":{"value":140027121147}}
{"ts":1674070750092324792,"type":"point","name":"bandwidth-total-in|cypress-provider|28|64","measures":{"value":522703}}
{"ts":1674070753052252877,"type":"point","name":"bandwidth-total-out|cypress-provider|28|64","measures":{"value":319368}}
{"ts":1674070753066478085,"type":"point","name":"bandwidth-rate-in|cypress-provider|28|64","measures":{"value":1616.2183363023914}}
{"ts":1674070753077004544,"type":"point","name":"bandwidth-rate-out|cypress-provider|28|64","measures":{"value":2044.219422348775}}
{"ts":1674070753027742835,"type":"point","name":"peers-found|done|cypress-provider|14","measures":{"value":49}}
{"ts":1674070753139839960,"type":"point","name":"peers-missing|done|cypress-provider|14","measures":{"value":1}}
{"ts":1674070756384720504,"type":"point","name":"bandwidth-total-in|cypress-provider|28|65","measures":{"value":525979}}
{"ts":1674070757408936337,"type":"point","name":"bandwidth-total-out|cypress-provider|28|65","measures":{"value":321736}}
{"ts":1674070757459041796,"type":"point","name":"bandwidth-rate-in|cypress-provider|28|65","measures":{"value":98.14750276206938}}
{"ts":1674070758211418254,"type":"point","name":"bandwidth-rate-out|cypress-provider|28|65","measures":{"value":148.73374637521155}}
{"ts":1674070759235568338,"type":"point","name":"bandwidth-total-in|cypress-provider|28|66","measures":{"value":526366}}
{"ts":1674070759248190088,"type":"point","name":"bandwidth-total-out|cypress-provider|28|66","measures":{"value":326784}}
{"ts":1674070759257254297,"type":"point","name":"bandwidth-rate-in|cypress-provider|28|66","measures":{"value":166.35481451055375}}
{"ts":1674070759261461005,"type":"point","name":"bandwidth-rate-out|cypress-provider|28|66","measures":{"value":1952.1286090013039}}
{"ts":1674070764375515257,"type":"point","name":"bandwidth-total-in|cypress-provider|28|67","measures":{"value":534569}}
{"ts":1674070765078560133,"type":"point","name":"bandwidth-total-out|cypress-provider|28|67","measures":{"value":338949}}
{"ts":1674070765410290675,"type":"point","name":"bandwidth-rate-in|cypress-provider|28|67","measures":{"value":1914.0381527928175}}
{"ts":1674070765748952591,"type":"point","name":"bandwidth-rate-out|cypress-provider|28|67","measures":{"value":1786.8392733212227}}
{"ts":1674070764844067424,"type":"point","name":"num-hops|cypress-provider|17","measures":{"value":2}}
{"ts":1674070767707683592,"type":"point","name":"time-to-find-last|done|cypress-provider|17","measures":{"value":37564017393}}
{"ts":1674070767774055884,"type":"point","name":"time-to-find|done|cypress-provider|17","measures":{"value":155215781738}}
{"ts":1674070767820318217,"type":"point","name":"peers-found|done|cypress-provider|17","measures":{"value":50}}
{"ts":1674070767842965592,"type":"point","name":"peers-missing|done|cypress-provider|17","measures":{"value":0}}
{"ts":1674070770089172010,"type":"point","name":"bandwidth-total-in|cypress-provider|28|68","measures":{"value":577911}}
{"ts":1674070770147141677,"type":"point","name":"bandwidth-total-out|cypress-provider|28|68","measures":{"value":349224}}
{"ts":1674070770156581802,"type":"point","name":"bandwidth-rate-in|cypress-provider|28|68","measures":{"value":3653.562968059593}}
{"ts":1674070770183104469,"type":"point","name":"bandwidth-rate-out|cypress-provider|28|68","measures":{"value":1000.620450812824}}
{"ts":1674070772129282344,"type":"point","name":"num-hops|cypress-provider|9","measures":{"value":2}}
