{"ts":1670283793212790053,"type":"gauge","name":"runtime.MemStats.Frees","measures":{"value":268322}}
{"ts":1670283793246721678,"type":"gauge","name":"runtime.MemStats.HeapAlloc","measures":{"value":25821392}}
{"ts":1670283793336375636,"type":"gauge","name":"runtime.MemStats.Lookups","measures":{"value":0}}
{"ts":1670283793389126428,"type":"gauge","name":"runtime.NumCgoCall","measures":{"value":1}}
{"ts":1670283793404876386,"type":"gauge","name":"runtime.NumThread","measures":{"value":10}}
{"ts":1670283793429201428,"type":"gauge","name":"runtime.MemStats.GCCPUFraction","measures":{"value":0.026313466571506315}}
{"ts":1670283793454997678,"type":"gauge","name":"runtime.MemStats.StackInuse","measures":{"value":950272}}
{"ts":1670283793460324886,"type":"gauge","name":"runtime.MemStats.TotalAlloc","measures":{"value":32822392}}
{"ts":1670283793465253053,"type":"timer","name":"runtime.ReadMemStats","measures":{"count":1,"m1":0,"m15":0,"m5":0,"max":262250,"mean":262250,"meanrate":0.19808185934009165,"min":262250,"p50":262250,"p75":262250,"p95":262250,"p99":262250,"p999":262250,"p9999":262250,"stddev":0,"variance":0}}
{"ts":1670283793472267553,"type":"gauge","name":"runtime.MemStats.DebugGC","measures":{"value":0}}
{"ts":1670283793490515553,"type":"gauge","name":"runtime.NumGoroutine","measures":{"value":17}}
{"ts":1670283793514800845,"type":"gauge","name":"runtime.MemStats.MSpanSys","measures":{"value":505920}}
{"ts":1670283793529802428,"type":"gauge","name":"runtime.MemStats.BuckHashSys","measures":{"value":1495364}}
{"ts":1670283793543710720,"type":"gauge","name":"runtime.MemStats.HeapObjects","measures":{"value":614456}}
{"ts":1670283793602750303,"type":"gauge","name":"runtime.MemStats.LastGC","measures":{"value":1670283789326738400}}
{"ts":1670283793635498970,"type":"histogram","name":"runtime.MemStats.PauseNs","measures":{"count":3,"max":82501,"mean":56222.666666666664,"min":22250,"p50":63917,"p75":82501,"p95":82501,"p99":82501,"p999":82501,"p9999":82501,"stddev":25191.90113685128,"variance":634631882.8888888}}
{"ts":1670283793647159345,"type":"gauge","name":"runtime.MemStats.EnableGC","measures":{"value":1}}
{"ts":1670283793654001428,"type":"gauge","name":"runtime.MemStats.HeapReleased","measures":{"value":1220608}}
{"ts":1670283793692701845,"type":"gauge","name":"runtime.MemStats.MCacheSys","measures":{"value":15600}}
{"ts":1670283793705092178,"type":"gauge","name":"runtime.MemStats.NextGC","measures":{"value":40160528}}
{"ts":1670283793774515637,"type":"gauge","name":"runtime.MemStats.NumGC","measures":{"value":3}}
{"ts":1670283793791097262,"type":"gauge","name":"runtime.MemStats.MCacheInuse","measures":{"value":6000}}
{"ts":1670283793798240387,"type":"gauge","name":"runtime.MemStats.PauseTotalNs","measures":{"value":168668}}
{"ts":1670283793807380428,"type":"gauge","name":"runtime.MemStats.MSpanInuse","measures":{"value":490144}}
{"ts":1670283793808815387,"type":"gauge","name":"runtime.MemStats.StackSys","measures":{"value":950272}}
{"ts":1670283793811303428,"type":"gauge","name":"runtime.MemStats.Sys","measures":{"value":41448712}}
{"ts":1670283793815078970,"type":"gauge","name":"runtime.MemStats.Alloc","measures":{"value":25821392}}
{"ts":1670283793821142220,"type":"gauge","name":"runtime.MemStats.HeapIdle","measures":{"value":5414912}}
{"ts":1670283793823573803,"type":"gauge","name":"runtime.MemStats.HeapInuse","measures":{"value":27189248}}
{"ts":1670283793828735720,"type":"gauge","name":"runtime.MemStats.HeapSys","measures":{"value":32604160}}
{"ts":1670283793897574803,"type":"gauge","name":"runtime.MemStats.Mallocs","measures":{"value":882778}}
{"ts":1670283798166598722,"type":"gauge","name":"runtime.MemStats.MSpanInuse","measures":{"value":490144}}
{"ts":1670283800848636250,"type":"gauge","name":"runtime.MemStats.StackSys","measures":{"value":950272}}
{"ts":1670283800916283166,"type":"gauge","name":"runtime.MemStats.Sys","measures":{"value":41448712}}
{"ts":1670283801119947291,"type":"gauge","name":"runtime.MemStats.Alloc","measures":{"value":25968472}}
{"ts":1670283801825119250,"type":"gauge","name":"runtime.MemStats.HeapIdle","measures":{"value":5111808}}
{"ts":1670283801918375958,"type":"gauge","name":"runtime.MemStats.HeapInuse","measures":{"value":27492352}}
{"ts":1670283801939220958,"type":"gauge","name":"runtime.MemStats.HeapSys","measures":{"value":32604160}}
{"ts":1670283801949007083,"type":"gauge","name":"runtime.MemStats.Mallocs","measures":{"value":2381}}
{"ts":1670283802575893709,"type":"gauge","name":"runtime.MemStats.Frees","measures":{"value":216}}
{"ts":1670283804256255460,"type":"gauge","name":"runtime.MemStats.HeapAlloc","measures":{"value":25968472}}
{"ts":1670283804394348668,"type":"gauge","name":"runtime.MemStats.Lookups","measures":{"value":0}}
{"ts":1670283804419014043,"type":"gauge","name":"runtime.NumCgoCall","measures":{"value":0}}
{"ts":1670283804426270460,"type":"gauge","name":"runtime.NumThread","measures":{"value":10}}
{"ts":1670283804438561210,"type":"gauge","name":"runtime.MemStats.GCCPUFraction","measures":{"value":0.026313466571506315}}
{"ts":1670283804458966001,"type":"gauge","name":"runtime.MemStats.StackInuse","measures":{"value":950272}}
{"ts":1670283804472734751,"type":"gauge","name":"runtime.MemStats.TotalAlloc","measures":{"value":32969472}}
{"ts":1670283804510985293,"type":"timer","name":"runtime.ReadMemStats","measures":{"count":2,"m1":0.030703655021877167,"m15":0.002209922141215539,"m5":0.0065567799035988195,"max":2491208,"mean":1376729,"meanrate":0.13353964386596684,"min":262250,"p50":1376729,"p75":2491208,"p95":2491208,"p99":2491208,"p999":2491208,"p9999":2491208,"stddev":1114479,"variance":1242063441441}}
{"ts":1670283804545336460,"type":"gauge","name":"runtime.MemStats.DebugGC","measures":{"value":0}}
{"ts":1670283804553016043,"type":"gauge","name":"runtime.NumGoroutine","measures":{"value":17}}
{"ts":1670283804575551835,"type":"gauge","name":"runtime.MemStats.MSpanSys","measures":{"value":505920}}
{"ts":1670283804577925710,"type":"gauge","name":"runtime.MemStats.BuckHashSys","measures":{"value":1495364}}
{"ts":1670283804586287835,"type":"gauge","name":"runtime.MemStats.HeapObjects","measures":{"value":616621}}
{"ts":1670283804591529293,"type":"gauge","name":"runtime.MemStats.LastGC","measures":{"value":1670283789326738400}}
{"ts":1670283804594615168,"type":"histogram","name":"runtime.MemStats.PauseNs","measures":{"count":3,"max":82501,"mean":56222.666666666664,"min":22250,"p50":63917,"p75":82501,"p95":82501,"p99":82501,"p999":82501,"p9999":82501,"stddev":25191.90113685128,"variance":634631882.8888888}}
{"ts":1670283804702133543,"type":"gauge","name":"runtime.MemStats.EnableGC","measures":{"value":1}}
{"ts":1670283804714245418,"type":"gauge","name":"runtime.MemStats.HeapReleased","measures":{"value":917504}}
{"ts":1670283804721128668,"type":"gauge","name":"runtime.MemStats.MCacheSys","measures":{"value":15600}}
{"ts":1670283804723887418,"type":"gauge","name":"runtime.MemStats.NextGC","measures":{"value":40160528}}
{"ts":1670283804736838085,"type":"gauge","name":"runtime.MemStats.NumGC","measures":{"value":0}}
{"ts":1670283804753207627,"type":"gauge","name":"runtime.MemStats.MCacheInuse","measures":{"value":6000}}
{"ts":1670283804758955752,"type":"gauge","name":"runtime.MemStats.PauseTotalNs","measures":{"value":168668}}
{"ts":1670283804767051710,"type":"gauge","name":"runtime.MemStats.MCacheInuse","measures":{"value":6000}}
{"ts":1670283804768941418,"type":"gauge","name":"runtime.MemStats.PauseTotalNs","measures":{"value":168668}}
{"ts":1670283804789214252,"type":"gauge","name":"runtime.MemStats.StackSys","measures":{"value":950272}}
{"ts":1670283804795070585,"type":"gauge","name":"runtime.MemStats.Sys","measures":{"value":41448712}}
{"ts":1670283804829155585,"type":"gauge","name":"runtime.MemStats.Alloc","measures":{"value":26058016}}
{"ts":1670283804858943002,"type":"gauge","name":"runtime.MemStats.HeapIdle","measures":{"value":5054464}}
{"ts":1670283804877574668,"type":"gauge","name":"runtime.MemStats.HeapInuse","measures":{"value":27549696}}
{"ts":1670283804886441002,"type":"gauge","name":"runtime.MemStats.HeapSys","measures":{"value":32604160}}
{"ts":1670283804891510168,"type":"gauge","name":"runtime.MemStats.Mallocs","measures":{"value":1907}}
{"ts":1670283804900533502,"type":"gauge","name":"runtime.MemStats.MSpanInuse","measures":{"value":490144}}
{"ts":1670283804904896752,"type":"gauge","name":"runtime.MemStats.Frees","measures":{"value":144}}
{"ts":1670283804909614877,"type":"gauge","name":"runtime.MemStats.HeapAlloc","measures":{"value":26058016}}
{"ts":1670283804922652543,"type":"gauge","name":"runtime.MemStats.Lookups","measures":{"value":0}}
{"ts":1670283804925343793,"type":"gauge","name":"runtime.NumCgoCall","measures":{"value":0}}
{"ts":1670283804932164627,"type":"gauge","name":"runtime.NumThread","measures":{"value":10}}
{"ts":1670283804939078502,"type":"gauge","name":"runtime.MemStats.GCCPUFraction","measures":{"value":0.026313466571506315}}
{"ts":1670283804944936793,"type":"gauge","name":"runtime.MemStats.StackInuse","measures":{"value":950272}}
{"ts":1670283804947934127,"type":"gauge","name":"runtime.MemStats.TotalAlloc","measures":{"value":33059016}}
{"ts":1670283804949037627,"type":"timer","name":"runtime.ReadMemStats","measures":{"count":3,"m1":0.030703655021877167,"m15":0.002209922141215539,"m5":0.0065567799035988195,"max":2603416,"mean":1785624.6666666667,"meanrate":0.18153166334169954,"min":262250,"p50":2491208,"p75":2603416,"p95":2603416,"p99":2603416,"p999":2603416,"p9999":2603416,"stddev":1078162.1523368158,"variance":1162433626731.5554}}
{"ts":1670283804969146585,"type":"gauge","name":"runtime.MemStats.DebugGC","measures":{"value":0}}
{"ts":1670283804974121418,"type":"gauge","name":"runtime.NumGoroutine","measures":{"value":18}}
{"ts":1670283804991403627,"type":"gauge","name":"runtime.MemStats.MSpanSys","measures":{"value":505920}}
{"ts":1670283804995436627,"type":"gauge","name":"runtime.MemStats.BuckHashSys","measures":{"value":1495364}}
{"ts":1670283805000153460,"type":"gauge","name":"runtime.MemStats.HeapObjects","measures":{"value":618384}}
{"ts":1670283805003457085,"type":"gauge","name":"runtime.MemStats.LastGC","measures":{"value":1670283789326738400}}
{"ts":1670283805009497377,"type":"gauge","name":"runtime.MemStats.EnableGC","measures":{"value":1}}
{"ts":1670283805010547210,"type":"gauge","name":"runtime.MemStats.HeapReleased","measures":{"value":868352}}
{"ts":1670283805011418293,"type":"gauge","name":"runtime.MemStats.MCacheSys","measures":{"value":15600}}
{"ts":1670283805019429377,"type":"gauge","name":"runtime.MemStats.NextGC","measures":{"value":40160528}}
{"ts":1670283805022099168,"type":"gauge","name":"runtime.MemStats.NumGC","measures":{"value":0}}
{"ts":1670283805023226502,"type":"histogram","name":"runtime.MemStats.PauseNs","measures":{"count":3,"max":82501,"mean":56222.666666666664,"min":22250,"p50":63917,"p75":82501,"p95":82501,"p99":82501,"p999":82501,"p9999":82501,"stddev":25191.90113685128,"variance":634631882.8888888}}
{"ts":1670283808341206378,"type":"gauge","name":"runtime.MemStats.HeapObjects","measures":{"value":620690}}
{"ts":1670283808408916837,"type":"gauge","name":"runtime.MemStats.LastGC","measures":{"value":1670283789326738400}}
{"ts":1670283808413682962,"type":"gauge","name":"runtime.MemStats.BuckHashSys","measures":{"value":1495844}}
{"ts":1670283808417614503,"type":"gauge","name":"runtime.MemStats.HeapReleased","measures":{"value":696320}}
{"ts":1670283808421012128,"type":"gauge","name":"runtime.MemStats.MCacheSys","measures":{"value":15600}}
{"ts":1670283808431262920,"type":"gauge","name":"runtime.MemStats.NextGC","measures":{"value":40160528}}
{"ts":1670283808434048545,"type":"gauge","name":"runtime.MemStats.NumGC","measures":{"value":0}}
{"ts":1670283808440110212,"type":"histogram","name":"runtime.MemStats.PauseNs","measures":{"count":3,"max":82501,"mean":56222.666666666664,"min":22250,"p50":63917,"p75":82501,"p95":82501,"p99":82501,"p999":82501,"p9999":82501,"stddev":25191.90113685128,"variance":634631882.8888888}}
{"ts":1670283808444091545,"type":"gauge","name":"runtime.MemStats.EnableGC","measures":{"value":1}}
{"ts":1670283808445283128,"type":"gauge","name":"runtime.MemStats.PauseTotalNs","measures":{"value":168668}}
{"ts":1670283808446899420,"type":"gauge","name":"runtime.MemStats.MCacheInuse","measures":{"value":6000}}
{"ts":1670283808455160295,"type":"gauge","name":"runtime.MemStats.HeapIdle","measures":{"value":4751360}}
{"ts":1670283808456441337,"type":"gauge","name":"runtime.MemStats.HeapInuse","measures":{"value":27721728}}
{"ts":1670283808458581837,"type":"gauge","name":"runtime.MemStats.HeapSys","measures":{"value":32473088}}
{"ts":1670283808460004920,"type":"gauge","name":"runtime.MemStats.Mallocs","measures":{"value":2574}}
{"ts":1670283808461440753,"type":"gauge","name":"runtime.MemStats.MSpanInuse","measures":{"value":490144}}
{"ts":1670283808463083045,"type":"gauge","name":"runtime.MemStats.StackSys","measures":{"value":1081344}}
{"ts":1670283808464313712,"type":"gauge","name":"runtime.MemStats.Sys","measures":{"value":41448712}}
{"ts":1670283808470132337,"type":"gauge","name":"runtime.MemStats.Alloc","measures":{"value":26299216}}
{"ts":1670283808472315295,"type":"gauge","name":"runtime.MemStats.HeapAlloc","measures":{"value":26299216}}
{"ts":1670283808473147212,"type":"gauge","name":"runtime.MemStats.Lookups","measures":{"value":0}}
{"ts":1670283808474615253,"type":"gauge","name":"runtime.NumCgoCall","measures":{"value":0}}
{"ts":1670283808475852378,"type":"gauge","name":"runtime.NumThread","measures":{"value":10}}
{"ts":1670283808477324003,"type":"gauge","name":"runtime.MemStats.Frees","measures":{"value":268}}
{"ts":1670283808478475462,"type":"gauge","name":"runtime.MemStats.StackInuse","measures":{"value":1081344}}
{"ts":1670283808480582587,"type":"gauge","name":"runtime.MemStats.TotalAlloc","measures":{"value":33300216}}
{"ts":1670283808481675837,"type":"timer","name":"runtime.ReadMemStats","measures":{"count":4,"m1":0.044239843385719006,"m15":0.003305709235676515,"m5":0.009754115099857198,"max":93785000,"mean":24785468.5,"meanrate":0.19900485993917708,"min":262250,"p50":2547312,"p75":70989604,"p95":93785000,"p99":93785000,"p999":93785000,"p9999":93785000,"stddev":39847839.01660431,"variance":1587850274293212.8}}
{"ts":1670283808484921462,"type":"gauge","name":"runtime.MemStats.GCCPUFraction","measures":{"value":0.026313466571506315}}
{"ts":1670283808502572212,"type":"gauge","name":"runtime.NumGoroutine","measures":{"value":18}}
{"ts":1670283808507699337,"type":"gauge","name":"runtime.MemStats.DebugGC","measures":{"value":0}}
{"ts":1670283808510609087,"type":"gauge","name":"runtime.MemStats.MSpanSys","measures":{"value":505920}}
{"ts":1670283813274286672,"type":"gauge","name":"runtime.MemStats.DebugGC","measures":{"value":0}}
{"ts":1670283813365829006,"type":"gauge","name":"runtime.NumGoroutine","measures":{"value":21}}
{"ts":1670283813415317506,"type":"gauge","name":"runtime.MemStats.MSpanSys","measures":{"value":505920}}
{"ts":1670283813518975089,"type":"gauge","name":"runtime.MemStats.BuckHashSys","measures":{"value":1496092}}
{"ts":1670283813540631089,"type":"gauge","name":"runtime.MemStats.HeapObjects","measures":{"value":623353}}
{"ts":1670283813657913214,"type":"gauge","name":"runtime.MemStats.LastGC","measures":{"value":1670283789326738400}}
{"ts":1670283813728117089,"type":"gauge","name":"runtime.MemStats.EnableGC","measures":{"value":1}}
{"ts":1670283813802960214,"type":"gauge","name":"runtime.MemStats.HeapReleased","measures":{"value":483328}}
{"ts":1670283813815493506,"type":"gauge","name":"runtime.MemStats.MCacheSys","measures":{"value":15600}}
{"ts":1670283813828134006,"type":"gauge","name":"runtime.MemStats.NextGC","measures":{"value":40160528}}
{"ts":1670283813863682089,"type":"gauge","name":"runtime.MemStats.NumGC","measures":{"value":0}}
{"ts":1670283813887954923,"type":"histogram","name":"runtime.MemStats.PauseNs","measures":{"count":3,"max":82501,"mean":56222.666666666664,"min":22250,"p50":63917,"p75":82501,"p95":82501,"p99":82501,"p999":82501,"p9999":82501,"stddev":25191.90113685128,"variance":634631882.8888888}}
{"ts":1670283813899219881,"type":"gauge","name":"runtime.MemStats.MCacheInuse","measures":{"value":6000}}
{"ts":1670283813903829131,"type":"gauge","name":"runtime.MemStats.PauseTotalNs","measures":{"value":168668}}
{"ts":1670283813921318173,"type":"gauge","name":"runtime.MemStats.StackSys","measures":{"value":1703936}}
{"ts":1670283813928728631,"type":"gauge","name":"runtime.MemStats.Sys","measures":{"value":41448712}}
{"ts":1670283813939665881,"type":"gauge","name":"runtime.MemStats.Alloc","measures":{"value":26530400}}
{"ts":1670283813942724714,"type":"gauge","name":"runtime.MemStats.HeapIdle","measures":{"value":3915776}}
{"ts":1670283813947432173,"type":"gauge","name":"runtime.MemStats.HeapInuse","measures":{"value":27934720}}
{"ts":1670283813954502381,"type":"gauge","name":"runtime.MemStats.HeapSys","measures":{"value":31850496}}
{"ts":1670283813959369839,"type":"gauge","name":"runtime.MemStats.Mallocs","measures":{"value":2883}}
{"ts":1670283814028175298,"type":"gauge","name":"runtime.MemStats.MSpanInuse","measures":{"value":490144}}
{"ts":1670283814030922673,"type":"gauge","name":"runtime.MemStats.Frees","measures":{"value":220}}
{"ts":1670283814069789173,"type":"gauge","name":"runtime.MemStats.HeapAlloc","measures":{"value":26530400}}
{"ts":1670283814071292214,"type":"gauge","name":"runtime.MemStats.Lookups","measures":{"value":0}}
{"ts":1670283814077178798,"type":"gauge","name":"runtime.NumCgoCall","measures":{"value":0}}
{"ts":1670283814080975798,"type":"gauge","name":"runtime.NumThread","measures":{"value":10}}
{"ts":1670283814089271464,"type":"gauge","name":"runtime.MemStats.GCCPUFraction","measures":{"value":0.026313466571506315}}
{"ts":1670283814099878881,"type":"gauge","name":"runtime.MemStats.StackInuse","measures":{"value":1703936}}
{"ts":1670283814103233714,"type":"gauge","name":"runtime.MemStats.TotalAlloc","measures":{"value":33531400}}
{"ts":1670283814110594756,"type":"timer","name":"runtime.ReadMemStats","measures":{"count":5,"m1":0.056693737885242124,"m15":0.004395425503079905,"m5":0.012898602993676452,"max":93785000,"mean":25484774.8,"meanrate":0.199733428352416,"min":262250,"p50":2603416,"p75":61033500,"p95":93785000,"p99":93785000,"p999":93785000,"p9999":93785000,"stddev":35668422.12152717,"variance":1272236336639449}}
{"ts":1670283818444241383,"type":"gauge","name":"runtime.MemStats.HeapInuse","measures":{"value":30425088}}
{"ts":1670283818456216925,"type":"gauge","name":"runtime.MemStats.HeapSys","measures":{"value":35880960}}
{"ts":1670283818675230966,"type":"gauge","name":"runtime.MemStats.Mallocs","measures":{"value":20361}}
{"ts":1670283818794092133,"type":"gauge","name":"runtime.MemStats.MSpanInuse","measures":{"value":516256}}
{"ts":1670283818891820758,"type":"gauge","name":"runtime.MemStats.StackSys","measures":{"value":6062080}}
{"ts":1670283818922080633,"type":"gauge","name":"runtime.MemStats.Sys","measures":{"value":50099464}}
{"ts":1670283818926623800,"type":"gauge","name":"runtime.MemStats.Alloc","measures":{"value":28439440}}
{"ts":1670283818936937092,"type":"gauge","name":"runtime.MemStats.HeapIdle","measures":{"value":5455872}}
{"ts":1670283818946344425,"type":"gauge","name":"runtime.MemStats.Lookups","measures":{"value":0}}
{"ts":1670283818947595550,"type":"gauge","name":"runtime.NumCgoCall","measures":{"value":0}}
{"ts":1670283818952204925,"type":"gauge","name":"runtime.NumThread","measures":{"value":10}}
{"ts":1670283819000205467,"type":"gauge","name":"runtime.MemStats.Frees","measures":{"value":1627}}
{"ts":1670283819019006342,"type":"gauge","name":"runtime.MemStats.HeapAlloc","measures":{"value":28439440}}
{"ts":1670283819024278300,"type":"gauge","name":"runtime.MemStats.TotalAlloc","measures":{"value":35440440}}
{"ts":1670283819025261883,"type":"timer","name":"runtime.ReadMemStats","measures":{"count":6,"m1":0.06815187395991122,"m15":0.0054791045767303434,"m5":0.015991117074135346,"max":133893875,"mean":43552958.166666664,"meanrate":0.1986538009046362,"min":262250,"p50":15442708,"p75":103812218.75,"p95":133893875,"p99":133893875,"p999":133893875,"p9999":133893875,"stddev":51889239.71361491,"variance":2692493198056991}}
{"ts":1670283819026167758,"type":"gauge","name":"runtime.MemStats.GCCPUFraction","measures":{"value":0.026313466571506315}}
{"ts":1670283819033043425,"type":"gauge","name":"runtime.MemStats.StackInuse","measures":{"value":6062080}}
{"ts":1670283819038365217,"type":"gauge","name":"runtime.MemStats.DebugGC","measures":{"value":0}}
{"ts":1670283819046356092,"type":"gauge","name":"runtime.NumGoroutine","measures":{"value":76}}
{"ts":1670283819052564925,"type":"gauge","name":"runtime.MemStats.MSpanSys","measures":{"value":522240}}
{"ts":1670283819058464092,"type":"gauge","name":"runtime.MemStats.LastGC","measures":{"value":1670283789326738400}}
{"ts":1670283819059911008,"type":"gauge","name":"runtime.MemStats.BuckHashSys","measures":{"value":1496908}}
{"ts":1670283819084539800,"type":"gauge","name":"runtime.MemStats.HeapObjects","measures":{"value":642087}}
{"ts":1670283819193357175,"type":"gauge","name":"runtime.MemStats.MCacheSys","measures":{"value":15600}}
{"ts":1670283819196244133,"type":"gauge","name":"runtime.MemStats.NextGC","measures":{"value":40160528}}
{"ts":1670283819430524342,"type":"gauge","name":"runtime.MemStats.NumGC","measures":{"value":0}}
{"ts":1670283819588723550,"type":"histogram","name":"runtime.MemStats.PauseNs","measures":{"count":3,"max":82501,"mean":56222.666666666664,"min":22250,"p50":63917,"p75":82501,"p95":82501,"p99":82501,"p999":82501,"p9999":82501,"stddev":25191.90113685128,"variance":634631882.8888888}}
{"ts":1670283819595207759,"type":"gauge","name":"runtime.MemStats.EnableGC","measures":{"value":1}}
{"ts":1670283819763623050,"type":"gauge","name":"runtime.MemStats.HeapReleased","measures":{"value":4849664}}
{"ts":1670283819779158425,"type":"gauge","name":"runtime.MemStats.MCacheInuse","measures":{"value":6000}}
{"ts":1670283819788353634,"type":"gauge","name":"runtime.MemStats.PauseTotalNs","measures":{"value":168668}}
{"ts":1670283823248924010,"type":"gauge","name":"runtime.MemStats.HeapIdle","measures":{"value":2859008}}
{"ts":1670283823256265052,"type":"gauge","name":"runtime.MemStats.HeapInuse","measures":{"value":34922496}}
{"ts":1670283823257095469,"type":"gauge","name":"runtime.MemStats.HeapSys","measures":{"value":37781504}}
{"ts":1670283823257672427,"type":"gauge","name":"runtime.MemStats.Mallocs","measures":{"value":58311}}
{"ts":1670283823259144802,"type":"gauge","name":"runtime.MemStats.MSpanInuse","measures":{"value":612000}}
{"ts":1670283823265029427,"type":"gauge","name":"runtime.MemStats.StackSys","measures":{"value":29327360}}
{"ts":1670283823281858177,"type":"gauge","name":"runtime.MemStats.Sys","measures":{"value":75592968}}
{"ts":1670283823289027719,"type":"gauge","name":"runtime.MemStats.Alloc","measures":{"value":32952672}}
{"ts":1670283823296545802,"type":"gauge","name":"runtime.MemStats.HeapAlloc","measures":{"value":32952672}}
{"ts":1670283823300291052,"type":"gauge","name":"runtime.MemStats.Lookups","measures":{"value":0}}
{"ts":1670283823304143094,"type":"gauge","name":"runtime.NumCgoCall","measures":{"value":0}}
{"ts":1670283823304897677,"type":"gauge","name":"runtime.NumThread","measures":{"value":12}}
{"ts":1670283823320235427,"type":"gauge","name":"runtime.MemStats.Frees","measures":{"value":3597}}
{"ts":1670283823323922385,"type":"gauge","name":"runtime.MemStats.StackInuse","measures":{"value":29327360}}
{"ts":1670283823325045885,"type":"gauge","name":"runtime.MemStats.TotalAlloc","measures":{"value":39953672}}
{"ts":1670283823326231177,"type":"timer","name":"runtime.ReadMemStats","measures":{"count":7,"m1":0.07869386805747328,"m15":0.0065567799035988455,"m5":0.019032516392808084,"max":133893875,"mean":38206113,"meanrate":0.199954191831488,"min":262250,"p50":6125042,"p75":93785000,"p95":133893875,"p99":133893875,"p999":133893875,"p9999":133893875,"stddev":49793411.532431856,"variance":2479383832038118}}
{"ts":1670283823332876552,"type":"gauge","name":"runtime.MemStats.GCCPUFraction","measures":{"value":0.026313466571506315}}
{"ts":1670283823333636927,"type":"gauge","name":"runtime.NumGoroutine","measures":{"value":345}}
{"ts":1670283823334453219,"type":"gauge","name":"runtime.MemStats.DebugGC","measures":{"value":0}}
{"ts":1670283823335000010,"type":"gauge","name":"runtime.MemStats.MSpanSys","measures":{"value":620160}}
{"ts":1670283823347240677,"type":"gauge","name":"runtime.MemStats.HeapObjects","measures":{"value":696801}}
{"ts":1670283823369125219,"type":"gauge","name":"runtime.MemStats.LastGC","measures":{"value":1670283789326738400}}
{"ts":1670283823372796427,"type":"gauge","name":"runtime.MemStats.BuckHashSys","measures":{"value":1498748}}
{"ts":1670283823374314427,"type":"gauge","name":"runtime.MemStats.HeapReleased","measures":{"value":2793472}}
{"ts":1670283823375047010,"type":"gauge","name":"runtime.MemStats.MCacheSys","measures":{"value":15600}}
{"ts":1670283823375881677,"type":"gauge","name":"runtime.MemStats.NextGC","measures":{"value":40160528}}
{"ts":1670283823378640719,"type":"gauge","name":"runtime.MemStats.NumGC","measures":{"value":0}}
{"ts":1670283823384088177,"type":"histogram","name":"runtime.MemStats.PauseNs","measures":{"count":3,"max":82501,"mean":56222.666666666664,"min":22250,"p50":63917,"p75":82501,"p95":82501,"p99":82501,"p999":82501,"p9999":82501,"stddev":25191.90113685128,"variance":634631882.8888888}}
{"ts":1670283823387687469,"type":"gauge","name":"runtime.MemStats.EnableGC","measures":{"value":1}}
{"ts":1670283823388804802,"type":"gauge","name":"runtime.MemStats.PauseTotalNs","measures":{"value":168668}}
{"ts":1670283823393422927,"type":"gauge","name":"runtime.MemStats.MCacheInuse","measures":{"value":6000}}
{"ts":1670283828249490679,"type":"gauge","name":"runtime.MemStats.HeapObjects","measures":{"value":724092}}
{"ts":1670283828254167388,"type":"gauge","name":"runtime.MemStats.LastGC","measures":{"value":1670283789326738400}}
{"ts":1670283828255720804,"type":"gauge","name":"runtime.MemStats.BuckHashSys","measures":{"value":1499196}}
{"ts":1670283828256981679,"type":"gauge","name":"runtime.MemStats.HeapReleased","measures":{"value":3522560}}
{"ts":1670283828258332804,"type":"gauge","name":"runtime.MemStats.MCacheSys","measures":{"value":15600}}
{"ts":1670283828259483804,"type":"gauge","name":"runtime.MemStats.NextGC","measures":{"value":40160528}}
{"ts":1670283828261968179,"type":"gauge","name":"runtime.MemStats.NumGC","measures":{"value":0}}
{"ts":1670283828263342638,"type":"histogram","name":"runtime.MemStats.PauseNs","measures":{"count":3,"max":82501,"mean":56222.666666666664,"min":22250,"p50":63917,"p75":82501,"p95":82501,"p99":82501,"p999":82501,"p9999":82501,"stddev":25191.90113685128,"variance":634631882.8888888}}
{"ts":1670283828266441596,"type":"gauge","name":"runtime.MemStats.EnableGC","measures":{"value":1}}
{"ts":1670283828267307221,"type":"gauge","name":"runtime.MemStats.PauseTotalNs","measures":{"value":168668}}
{"ts":1670283828268266179,"type":"gauge","name":"runtime.MemStats.MCacheInuse","measures":{"value":6000}}
{"ts":1670283828270715263,"type":"gauge","name":"runtime.MemStats.HeapIdle","measures":{"value":3620864}}
{"ts":1670283828271858638,"type":"gauge","name":"runtime.MemStats.HeapInuse","measures":{"value":36683776}}
{"ts":1670283828272860763,"type":"gauge","name":"runtime.MemStats.HeapSys","measures":{"value":40304640}}
{"ts":1670283828274376596,"type":"gauge","name":"runtime.MemStats.Mallocs","measures":{"value":28366}}
{"ts":1670283828275679804,"type":"gauge","name":"runtime.MemStats.MSpanInuse","measures":{"value":646816}}
{"ts":1670283828276986763,"type":"gauge","name":"runtime.MemStats.StackSys","measures":{"value":39387136}}
{"ts":1670283828278477263,"type":"gauge","name":"runtime.MemStats.Sys","measures":{"value":90603800}}
{"ts":1670283828280453638,"type":"gauge","name":"runtime.MemStats.Alloc","measures":{"value":34877752}}
{"ts":1670283828281541471,"type":"gauge","name":"runtime.MemStats.HeapAlloc","measures":{"value":34877752}}
{"ts":1670283828283065013,"type":"gauge","name":"runtime.MemStats.Lookups","measures":{"value":0}}
{"ts":1670283828283958471,"type":"gauge","name":"runtime.NumCgoCall","measures":{"value":0}}
{"ts":1670283828284841179,"type":"gauge","name":"runtime.NumThread","measures":{"value":12}}
{"ts":1670283828286032096,"type":"gauge","name":"runtime.MemStats.Frees","measures":{"value":1075}}
{"ts":1670283828288356679,"type":"gauge","name":"runtime.MemStats.StackInuse","measures":{"value":39387136}}
{"ts":1670283828291345471,"type":"gauge","name":"runtime.MemStats.TotalAlloc","measures":{"value":41878752}}
{"ts":1670283828293099429,"type":"timer","name":"runtime.ReadMemStats","measures":{"count":8,"m1":0.08839297084599056,"m15":0.007628484745355124,"m5":0.02202364580239524,"max":133893875,"mean":34409374.875,"meanrate":0.19995712410368338,"min":262250,"p50":6978625,"p75":77409250,"p95":133893875,"p99":133893875,"p999":133893875,"p9999":133893875,"stddev":47648372.435605325,"variance":2270367395762153}}
{"ts":1670283828295838054,"type":"gauge","name":"runtime.MemStats.GCCPUFraction","measures":{"value":0.026313466571506315}}
{"ts":1670283828296696554,"type":"gauge","name":"runtime.NumGoroutine","measures":{"value":189}}
{"ts":1670283828298226596,"type":"gauge","name":"runtime.MemStats.DebugGC","measures":{"value":0}}
{"ts":1670283828312533888,"type":"gauge","name":"runtime.MemStats.MSpanSys","measures":{"value":652800}}
{"ts":1670283833162929001,"type":"gauge","name":"runtime.MemStats.Lookups","measures":{"value":0}}
{"ts":1670283833165357292,"type":"gauge","name":"runtime.NumCgoCall","measures":{"value":0}}
{"ts":1670283833167178417,"type":"gauge","name":"runtime.NumThread","measures":{"value":12}}
{"ts":1670283833168672709,"type":"gauge","name":"runtime.MemStats.Frees","measures":{"value":234}}
{"ts":1670283833170007209,"type":"gauge","name":"runtime.MemStats.HeapAlloc","measures":{"value":35141904}}
{"ts":1670283833171144959,"type":"gauge","name":"runtime.MemStats.TotalAlloc","measures":{"value":42142904}}
{"ts":1670283833172668751,"type":"timer","name":"runtime.ReadMemStats","measures":{"count":9,"m1":0.09731657619348157,"m15":0.008694252179394185,"m5":0.02496533619141051,"max":133893875,"mean":30766212.777777776,"meanrate":0.1999893356620042,"min":262250,"p50":6125042,"p75":61033500,"p95":133893875,"p99":133893875,"p999":133893875,"p9999":133893875,"stddev":46089970.62617499,"variance":2124285392321673.2}}
{"ts":1670283833174592417,"type":"gauge","name":"runtime.MemStats.GCCPUFraction","measures":{"value":0.026313466571506315}}
{"ts":1670283833190139417,"type":"gauge","name":"runtime.MemStats.StackInuse","measures":{"value":39387136}}
{"ts":1670283833191578417,"type":"gauge","name":"runtime.MemStats.DebugGC","measures":{"value":0}}
{"ts":1670283833194021334,"type":"gauge","name":"runtime.NumGoroutine","measures":{"value":189}}
{"ts":1670283833195825084,"type":"gauge","name":"runtime.MemStats.MSpanSys","measures":{"value":652800}}
{"ts":1670283833197686209,"type":"gauge","name":"runtime.MemStats.LastGC","measures":{"value":1670283789326738400}}
{"ts":1670283833199085959,"type":"gauge","name":"runtime.MemStats.BuckHashSys","measures":{"value":1499436}}
{"ts":1670283833201185042,"type":"gauge","name":"runtime.MemStats.HeapObjects","measures":{"value":726517}}
{"ts":1670283833202670251,"type":"gauge","name":"runtime.MemStats.MCacheSys","measures":{"value":15600}}
{"ts":1670283833204703834,"type":"gauge","name":"runtime.MemStats.NextGC","measures":{"value":40160528}}
{"ts":1670283833205810626,"type":"gauge","name":"runtime.MemStats.NumGC","measures":{"value":0}}
{"ts":1670283833207165334,"type":"histogram","name":"runtime.MemStats.PauseNs","measures":{"count":3,"max":82501,"mean":56222.666666666664,"min":22250,"p50":63917,"p75":82501,"p95":82501,"p99":82501,"p999":82501,"p9999":82501,"stddev":25191.90113685128,"variance":634631882.8888888}}
{"ts":1670283833212046542,"type":"gauge","name":"runtime.MemStats.EnableGC","measures":{"value":1}}
{"ts":1670283833213527084,"type":"gauge","name":"runtime.MemStats.HeapReleased","measures":{"value":3375104}}
{"ts":1670283833215412917,"type":"gauge","name":"runtime.MemStats.MCacheInuse","measures":{"value":6000}}
{"ts":1670283833216867709,"type":"gauge","name":"runtime.MemStats.PauseTotalNs","measures":{"value":168668}}
{"ts":1670283833217927209,"type":"gauge","name":"runtime.MemStats.HeapInuse","measures":{"value":36847616}}
{"ts":1670283833219331459,"type":"gauge","name":"runtime.MemStats.HeapSys","measures":{"value":40304640}}
{"ts":1670283833222094376,"type":"gauge","name":"runtime.MemStats.Mallocs","measures":{"value":2659}}
{"ts":1670283833227833584,"type":"gauge","name":"runtime.MemStats.MSpanInuse","measures":{"value":646816}}
{"ts":1670283833233200667,"type":"gauge","name":"runtime.MemStats.StackSys","measures":{"value":39387136}}
{"ts":1670283833234828751,"type":"gauge","name":"runtime.MemStats.Sys","measures":{"value":90603800}}
{"ts":1670283833235817417,"type":"gauge","name":"runtime.MemStats.Alloc","measures":{"value":35141904}}
{"ts":1670283833237493251,"type":"gauge","name":"runtime.MemStats.HeapIdle","measures":{"value":3457024}}
{"ts":1670283838161717753,"type":"gauge","name":"runtime.MemStats.DebugGC","measures":{"value":0}}
{"ts":1670283838163172461,"type":"gauge","name":"runtime.NumGoroutine","measures":{"value":189}}
{"ts":1670283838164083670,"type":"gauge","name":"runtime.MemStats.MSpanSys","measures":{"value":669120}}
{"ts":1670283838165478378,"type":"gauge","name":"runtime.MemStats.BuckHashSys","measures":{"value":1499668}}
{"ts":1670283838166542836,"type":"gauge","name":"runtime.MemStats.HeapObjects","measures":{"value":728953}}
{"ts":1670283838167753211,"type":"gauge","name":"runtime.MemStats.LastGC","measures":{"value":1670283789326738400}}
{"ts":1670283838169111961,"type":"gauge","name":"runtime.MemStats.NumGC","measures":{"value":0}}
{"ts":1670283838170610920,"type":"histogram","name":"runtime.MemStats.PauseNs","measures":{"count":3,"max":82501,"mean":56222.666666666664,"min":22250,"p50":63917,"p75":82501,"p95":82501,"p99":82501,"p999":82501,"p9999":82501,"stddev":25191.90113685128,"variance":634631882.8888888}}
{"ts":1670283838172140753,"type":"gauge","name":"runtime.MemStats.EnableGC","measures":{"value":1}}
{"ts":1670283838173465378,"type":"gauge","name":"runtime.MemStats.HeapReleased","measures":{"value":3162112}}
{"ts":1670283838174991378,"type":"gauge","name":"runtime.MemStats.MCacheSys","measures":{"value":15600}}
{"ts":1670283838176108170,"type":"gauge","name":"runtime.MemStats.NextGC","measures":{"value":40160528}}
{"ts":1670283838177601086,"type":"gauge","name":"runtime.MemStats.MCacheInuse","measures":{"value":6000}}
{"ts":1670283838178980420,"type":"gauge","name":"runtime.MemStats.PauseTotalNs","measures":{"value":168668}}
{"ts":1670283838180200920,"type":"gauge","name":"runtime.MemStats.Mallocs","measures":{"value":2668}}
{"ts":1670283838181181420,"type":"gauge","name":"runtime.MemStats.MSpanInuse","measures":{"value":655520}}
{"ts":1670283838182446670,"type":"gauge","name":"runtime.MemStats.StackSys","measures":{"value":39518208}}
{"ts":1670283838183216461,"type":"gauge","name":"runtime.MemStats.Sys","measures":{"value":90603800}}
{"ts":1670283838184601545,"type":"gauge","name":"runtime.MemStats.Alloc","measures":{"value":35406872}}
{"ts":1670283838186022711,"type":"gauge","name":"runtime.MemStats.HeapIdle","measures":{"value":3162112}}
{"ts":1670283838187348586,"type":"gauge","name":"runtime.MemStats.HeapInuse","measures":{"value":37011456}}
{"ts":1670283838201911462,"type":"gauge","name":"runtime.MemStats.HeapSys","measures":{"value":40173568}}
{"ts":1670283838203560462,"type":"gauge","name":"runtime.NumThread","measures":{"value":12}}
{"ts":1670283838205605003,"type":"gauge","name":"runtime.MemStats.Frees","measures":{"value":232}}
{"ts":1670283838207126003,"type":"gauge","name":"runtime.MemStats.HeapAlloc","measures":{"value":35406872}}
{"ts":1670283838208915712,"type":"gauge","name":"runtime.MemStats.Lookups","measures":{"value":0}}
{"ts":1670283838210187878,"type":"gauge","name":"runtime.NumCgoCall","measures":{"value":0}}
{"ts":1670283838211425753,"type":"gauge","name":"runtime.MemStats.GCCPUFraction","measures":{"value":0.026313466571506315}}
{"ts":1670283838213244503,"type":"gauge","name":"runtime.MemStats.StackInuse","measures":{"value":39518208}}
{"ts":1670283838214987337,"type":"gauge","name":"runtime.MemStats.TotalAlloc","measures":{"value":42407872}}
{"ts":1670283838215738003,"type":"timer","name":"runtime.ReadMemStats","measures":{"count":10,"m1":0.10552668945179702,"m15":0.009754115099857238,"m5":0.02785840471498844,"max":133893875,"mean":27742083.2,"meanrate":0.199995108863619,"min":262250,"p50":4364229,"p75":44657750,"p95":133893875,"p99":133893875,"p999":133893875,"p9999":133893875,"stddev":44656075.62715536,"variance":1994165090418219.5}}
{"ts":1670283843161664839,"type":"gauge","name":"runtime.NumThread","measures":{"value":12}}
{"ts":1670283843162781547,"type":"gauge","name":"runtime.MemStats.Frees","measures":{"value":233}}
{"ts":1670283843163616589,"type":"gauge","name":"runtime.MemStats.HeapAlloc","measures":{"value":35670776}}
{"ts":1670283843164265214,"type":"gauge","name":"runtime.MemStats.Lookups","measures":{"value":0}}
{"ts":1670283843165089756,"type":"gauge","name":"runtime.NumCgoCall","measures":{"value":0}}
{"ts":1670283843165896297,"type":"gauge","name":"runtime.MemStats.GCCPUFraction","measures":{"value":0.026313466571506315}}
{"ts":1670283843167219797,"type":"gauge","name":"runtime.MemStats.StackInuse","measures":{"value":39518208}}
{"ts":1670283843168271172,"type":"gauge","name":"runtime.MemStats.TotalAlloc","measures":{"value":42671776}}
{"ts":1670283843169348297,"type":"timer","name":"runtime.ReadMemStats","measures":{"count":11,"m1":0.11308035829858432,"m15":0.01080810621864695,"m5":0.030703655021877187,"max":133893875,"mean":25240666.545454547,"meanrate":0.19999574378512422,"min":226500,"p50":2603416,"p75":28282000,"p95":133893875,"p99":133893875,"p999":133893875,"p9999":133893875,"stddev":43306445.33694757,"variance":1875448207722028}}
{"ts":1670283843171214172,"type":"gauge","name":"runtime.MemStats.DebugGC","measures":{"value":0}}
{"ts":1670283843172591547,"type":"gauge","name":"runtime.NumGoroutine","measures":{"value":189}}
{"ts":1670283843173678464,"type":"gauge","name":"runtime.MemStats.MSpanSys","measures":{"value":669120}}
{"ts":1670283843174551297,"type":"gauge","name":"runtime.MemStats.BuckHashSys","measures":{"value":1499668}}
{"ts":1670283843175212131,"type":"gauge","name":"runtime.MemStats.HeapObjects","measures":{"value":731392}}
{"ts":1670283843175820547,"type":"gauge","name":"runtime.MemStats.LastGC","measures":{"value":1670283789326738400}}
{"ts":1670283843176438547,"type":"gauge","name":"runtime.MemStats.NumGC","measures":{"value":0}}
{"ts":1670283843177230922,"type":"histogram","name":"runtime.MemStats.PauseNs","measures":{"count":3,"max":82501,"mean":56222.666666666664,"min":22250,"p50":63917,"p75":82501,"p95":82501,"p99":82501,"p999":82501,"p9999":82501,"stddev":25191.90113685128,"variance":634631882.8888888}}
{"ts":1670283843178184881,"type":"gauge","name":"runtime.MemStats.EnableGC","measures":{"value":1}}
{"ts":1670283843179035672,"type":"gauge","name":"runtime.MemStats.HeapReleased","measures":{"value":2916352}}
{"ts":1670283843179700172,"type":"gauge","name":"runtime.MemStats.MCacheSys","measures":{"value":15600}}
{"ts":1670283843180330589,"type":"gauge","name":"runtime.MemStats.NextGC","measures":{"value":40160528}}
{"ts":1670283843180940756,"type":"gauge","name":"runtime.MemStats.MCacheInuse","measures":{"value":6000}}
{"ts":1670283843181587589,"type":"gauge","name":"runtime.MemStats.PauseTotalNs","measures":{"value":168668}}
{"ts":1670283843183476547,"type":"gauge","name":"runtime.MemStats.Mallocs","measures":{"value":2672}}
{"ts":1670283843184102422,"type":"gauge","name":"runtime.MemStats.MSpanInuse","measures":{"value":655520}}
{"ts":1670283843184924964,"type":"gauge","name":"runtime.MemStats.StackSys","measures":{"value":39518208}}
{"ts":1670283843186528631,"type":"gauge","name":"runtime.MemStats.Sys","measures":{"value":90603800}}
{"ts":1670283843187694964,"type":"gauge","name":"runtime.MemStats.Alloc","measures":{"value":35670776}}
{"ts":1670283843188775256,"type":"gauge","name":"runtime.MemStats.HeapIdle","measures":{"value":2916352}}
{"ts":1670283843189640131,"type":"gauge","name":"runtime.MemStats.HeapInuse","measures":{"value":37257216}}
{"ts":1670283843191124047,"type":"gauge","name":"runtime.MemStats.HeapSys","measures":{"value":40173568}}
{"ts":1670283848161345675,"type":"gauge","name":"runtime.MemStats.GCCPUFraction","measures":{"value":0.026313466571506315}}
{"ts":1670283848164512050,"type":"gauge","name":"runtime.MemStats.StackInuse","measures":{"value":39649280}}
{"ts":1670283848171858258,"type":"gauge","name":"runtime.MemStats.TotalAlloc","measures":{"value":42938536}}
{"ts":1670283848174219841,"type":"timer","name":"runtime.ReadMemStats","measures":{"count":12,"m1":0.12003006913103051,"m15":0.01185625806643708,"m5":0.033501877477679465,"max":133893875,"mean":23161170,"meanrate":0.19999719202942404,"min":226500,"p50":2547312,"p75":23169552,"p95":133893875,"p99":133893875,"p999":133893875,"p9999":133893875,"stddev":42032466.28246619,"variance":1766728221786656.8}}
{"ts":1670283848176522258,"type":"gauge","name":"runtime.MemStats.DebugGC","measures":{"value":0}}
{"ts":1670283848177538091,"type":"gauge","name":"runtime.NumGoroutine","measures":{"value":189}}
{"ts":1670283848178699925,"type":"gauge","name":"runtime.MemStats.MSpanSys","measures":{"value":669120}}
{"ts":1670283848179795050,"type":"gauge","name":"runtime.MemStats.BuckHashSys","measures":{"value":1500196}}
{"ts":1670283848180726341,"type":"gauge","name":"runtime.MemStats.HeapObjects","measures":{"value":733831}}
{"ts":1670283848181737133,"type":"gauge","name":"runtime.MemStats.LastGC","measures":{"value":1670283789326738400}}
{"ts":1670283848182669550,"type":"gauge","name":"runtime.MemStats.EnableGC","measures":{"value":1}}
{"ts":1670283848183946050,"type":"gauge","name":"runtime.MemStats.HeapReleased","measures":{"value":2654208}}
{"ts":1670283848184967258,"type":"gauge","name":"runtime.MemStats.MCacheSys","measures":{"value":15600}}
{"ts":1670283848186167175,"type":"gauge","name":"runtime.MemStats.NextGC","measures":{"value":40160528}}
{"ts":1670283848202235591,"type":"gauge","name":"runtime.MemStats.NumGC","measures":{"value":0}}
{"ts":1670283848204830383,"type":"histogram","name":"runtime.MemStats.PauseNs","measures":{"count":3,"max":82501,"mean":56222.666666666664,"min":22250,"p50":63917,"p75":82501,"p95":82501,"p99":82501,"p999":82501,"p9999":82501,"stddev":25191.90113685128,"variance":634631882.8888888}}
{"ts":1670283848206542216,"type":"gauge","name":"runtime.MemStats.MCacheInuse","measures":{"value":6000}}
{"ts":1670283848208526425,"type":"gauge","name":"runtime.MemStats.PauseTotalNs","measures":{"value":168668}}
{"ts":1670283848213089133,"type":"gauge","name":"runtime.MemStats.Sys","measures":{"value":90603800}}
{"ts":1670283848214711508,"type":"gauge","name":"runtime.MemStats.Alloc","measures":{"value":35937536}}
{"ts":1670283848216293300,"type":"gauge","name":"runtime.MemStats.HeapIdle","measures":{"value":2654208}}
{"ts":1670283848219652300,"type":"gauge","name":"runtime.MemStats.HeapInuse","measures":{"value":37388288}}
{"ts":1670283848220897550,"type":"gauge","name":"runtime.MemStats.HeapSys","measures":{"value":40042496}}
{"ts":1670283848222558341,"type":"gauge","name":"runtime.MemStats.Mallocs","measures":{"value":2673}}
{"ts":1670283848223860550,"type":"gauge","name":"runtime.MemStats.MSpanInuse","measures":{"value":655520}}
{"ts":1670283848225810383,"type":"gauge","name":"runtime.MemStats.StackSys","measures":{"value":39649280}}
{"ts":1670283848229991300,"type":"gauge","name":"runtime.MemStats.Frees","measures":{"value":234}}
{"ts":1670283848236620591,"type":"gauge","name":"runtime.MemStats.HeapAlloc","measures":{"value":35937536}}
{"ts":1670283848238560133,"type":"gauge","name":"runtime.MemStats.Lookups","measures":{"value":0}}
{"ts":1670283848239925758,"type":"gauge","name":"runtime.NumCgoCall","measures":{"value":0}}
{"ts":1670283848242509466,"type":"gauge","name":"runtime.NumThread","measures":{"value":12}}
{"ts":1670283853170318594,"type":"gauge","name":"runtime.MemStats.MCacheInuse","measures":{"value":6000}}
{"ts":1670283853254082802,"type":"gauge","name":"runtime.MemStats.PauseTotalNs","measures":{"value":168668}}
{"ts":1670283853255594427,"type":"gauge","name":"runtime.MemStats.HeapSys","measures":{"value":43319296}}
{"ts":1670283853256947844,"type":"gauge","name":"runtime.MemStats.Mallocs","measures":{"value":11631}}
{"ts":1670283853286119885,"type":"gauge","name":"runtime.MemStats.MSpanInuse","measures":{"value":690336}}
{"ts":1670283853290741260,"type":"gauge","name":"runtime.MemStats.StackSys","measures":{"value":40566784}}
{"ts":1670283853292111094,"type":"gauge","name":"runtime.MemStats.Sys","measures":{"value":94798104}}
{"ts":1670283853296780760,"type":"gauge","name":"runtime.MemStats.Alloc","measures":{"value":36827032}}
{"ts":1670283853301513260,"type":"gauge","name":"runtime.MemStats.HeapIdle","measures":{"value":4734976}}
{"ts":1670283853303905177,"type":"gauge","name":"runtime.MemStats.HeapInuse","measures":{"value":38584320}}
{"ts":1670283853305051844,"type":"gauge","name":"runtime.NumCgoCall","measures":{"value":0}}
{"ts":1670283853308758010,"type":"gauge","name":"runtime.NumThread","measures":{"value":12}}
{"ts":1670283853311248469,"type":"gauge","name":"runtime.MemStats.Frees","measures":{"value":730}}
{"ts":1670283853314727427,"type":"gauge","name":"runtime.MemStats.HeapAlloc","measures":{"value":36827032}}
{"ts":1670283853319295802,"type":"gauge","name":"runtime.MemStats.Lookups","measures":{"value":0}}
{"ts":1670283853321343885,"type":"timer","name":"runtime.ReadMemStats","measures":{"count":13,"m1":0.12642411176571153,"m15":0.012898602993676503,"m5":0.03625384938440363,"max":133893875,"mean":21397769.076923076,"meanrate":0.1999698788048076,"min":226500,"p50":2491208,"p75":18057104,"p95":133893875,"p99":133893875,"p999":133893875,"p9999":133893875,"stddev":40842882.42357649,"variance":1668141044666093.5}}
{"ts":1670283853324831177,"type":"gauge","name":"runtime.MemStats.GCCPUFraction","measures":{"value":0.026313466571506315}}
{"ts":1670283853330771427,"type":"gauge","name":"runtime.MemStats.StackInuse","measures":{"value":40566784}}
{"ts":1670283853333761885,"type":"gauge","name":"runtime.MemStats.TotalAlloc","measures":{"value":43828032}}
{"ts":1670283853337608135,"type":"gauge","name":"runtime.MemStats.DebugGC","measures":{"value":0}}
{"ts":1670283853338468177,"type":"gauge","name":"runtime.NumGoroutine","measures":{"value":226}}
{"ts":1670283853357959969,"type":"gauge","name":"runtime.MemStats.MSpanSys","measures":{"value":701760}}
{"ts":1670283853360070552,"type":"gauge","name":"runtime.MemStats.BuckHashSys","measures":{"value":1500196}}
{"ts":1670283853362583802,"type":"gauge","name":"runtime.MemStats.HeapObjects","measures":{"value":744732}}
{"ts":1670283853372768510,"type":"gauge","name":"runtime.MemStats.LastGC","measures":{"value":1670283789326738400}}
{"ts":1670283853397207719,"type":"gauge","name":"runtime.MemStats.NextGC","measures":{"value":40160528}}
{"ts":1670283853410355552,"type":"gauge","name":"runtime.MemStats.NumGC","measures":{"value":0}}
{"ts":1670283853417309302,"type":"histogram","name":"runtime.MemStats.PauseNs","measures":{"count":3,"max":82501,"mean":56222.666666666664,"min":22250,"p50":63917,"p75":82501,"p95":82501,"p99":82501,"p999":82501,"p9999":82501,"stddev":25191.90113685128,"variance":634631882.8888888}}
{"ts":1670283853418897302,"type":"gauge","name":"runtime.MemStats.EnableGC","measures":{"value":1}}
{"ts":1670283853424105469,"type":"gauge","name":"runtime.MemStats.HeapReleased","measures":{"value":4734976}}
{"ts":1670283853431633844,"type":"gauge","name":"runtime.MemStats.MCacheSys","measures":{"value":15600}}
{"ts":1670283858495761096,"type":"gauge","name":"runtime.MemStats.MCacheInuse","measures":{"value":6000}}
{"ts":1670283858524001138,"type":"gauge","name":"runtime.MemStats.PauseTotalNs","measures":{"value":168668}}
{"ts":1670283858531629138,"type":"gauge","name":"runtime.MemStats.MSpanInuse","measures":{"value":742560}}
{"ts":1670283858554232930,"type":"gauge","name":"runtime.MemStats.StackSys","measures":{"value":54001664}}
{"ts":1670283858563174221,"type":"gauge","name":"runtime.MemStats.Sys","measures":{"value":107643160}}
{"ts":1670283858566866055,"type":"gauge","name":"runtime.MemStats.Alloc","measures":{"value":38562104}}
{"ts":1670283858573301055,"type":"gauge","name":"runtime.MemStats.HeapIdle","measures":{"value":2088960}}
{"ts":1670283858602930555,"type":"gauge","name":"runtime.MemStats.HeapInuse","measures":{"value":40345600}}
{"ts":1670283858610106055,"type":"gauge","name":"runtime.MemStats.HeapSys","measures":{"value":42434560}}
{"ts":1670283858622805805,"type":"gauge","name":"runtime.MemStats.Mallocs","measures":{"value":21347}}
{"ts":1670283858643091513,"type":"gauge","name":"runtime.MemStats.Frees","measures":{"value":1626}}
{"ts":1670283858659928430,"type":"gauge","name":"runtime.MemStats.HeapAlloc","measures":{"value":38562104}}
{"ts":1670283858679296388,"type":"gauge","name":"runtime.MemStats.Lookups","measures":{"value":0}}
{"ts":1670283858681156971,"type":"gauge","name":"runtime.NumCgoCall","measures":{"value":0}}
{"ts":1670283858683283471,"type":"gauge","name":"runtime.NumThread","measures":{"value":12}}
{"ts":1670283858684778430,"type":"gauge","name":"runtime.MemStats.GCCPUFraction","measures":{"value":0.026313466571506315}}
{"ts":1670283858691541846,"type":"gauge","name":"runtime.MemStats.StackInuse","measures":{"value":54001664}}
{"ts":1670283858693703096,"type":"gauge","name":"runtime.MemStats.TotalAlloc","measures":{"value":45563104}}
{"ts":1670283858695231513,"type":"timer","name":"runtime.ReadMemStats","measures":{"count":14,"m1":0.13230691497865155,"m15":0.013935173171587696,"m5":0.03896033519638589,"max":133893875,"mean":21532431.42857143,"meanrate":0.19904669361090319,"min":226500,"p50":2547312,"p75":24532781.5,"p95":133893875,"p99":133893875,"p999":133893875,"p9999":133893875,"stddev":39360181.07479434,"variance":1549223854240598.5}}
{"ts":1670283858699566263,"type":"gauge","name":"runtime.MemStats.DebugGC","measures":{"value":0}}
{"ts":1670283858706453721,"type":"gauge","name":"runtime.NumGoroutine","measures":{"value":343}}
{"ts":1670283858716780888,"type":"gauge","name":"runtime.MemStats.MSpanSys","measures":{"value":750720}}
{"ts":1670283858723108305,"type":"gauge","name":"runtime.MemStats.BuckHashSys","measures":{"value":1500652}}
{"ts":1670283858731162471,"type":"gauge","name":"runtime.MemStats.HeapObjects","measures":{"value":764453}}
{"ts":1670283858761643430,"type":"gauge","name":"runtime.MemStats.LastGC","measures":{"value":1670283789326738400}}
{"ts":1670283858766902221,"type":"histogram","name":"runtime.MemStats.PauseNs","measures":{"count":3,"max":82501,"mean":56222.666666666664,"min":22250,"p50":63917,"p75":82501,"p95":82501,"p99":82501,"p999":82501,"p9999":82501,"stddev":25191.90113685128,"variance":634631882.8888888}}
{"ts":1670283858771591721,"type":"gauge","name":"runtime.MemStats.EnableGC","measures":{"value":1}}
{"ts":1670283858807139513,"type":"gauge","name":"runtime.MemStats.HeapReleased","measures":{"value":2088960}}
{"ts":1670283858821727180,"type":"gauge","name":"runtime.MemStats.MCacheSys","measures":{"value":15600}}
{"ts":1670283858830104971,"type":"gauge","name":"runtime.MemStats.NextGC","measures":{"value":40160528}}
{"ts":1670283858834078721,"type":"gauge","name":"runtime.MemStats.NumGC","measures":{"value":0}}
