{"ts":1676485902622712339,"type":"point","name":"bandwidth-total-in|cypress-provider|26|0","measures":{"value":47746}}
{"ts":1676485902625669548,"type":"point","name":"bandwidth-total-out|cypress-provider|26|0","measures":{"value":200527}}
{"ts":1676485902628551298,"type":"point","name":"bandwidth-rate-in|cypress-provider|26|0","measures":{"value":0.3326315798782821}}
{"ts":1676485902631621048,"type":"point","name":"bandwidth-rate-out|cypress-provider|26|0","measures":{"value":7.737614075863989}}
{"ts":1676485920985589000,"type":"point","name":"signal bootstrapping0","measures":{"value":43483542}}
{"ts":1676485921178592709,"type":"point","name":"barrierbootstrapping0","measures":{"value":180837541}}
{"ts":1676485921236468334,"type":"point","name":"full bootstrapping0","measures":{"value":37229876807}}
{"ts":1676485922709698751,"type":"point","name":"bandwidth-total-in|cypress-provider|26|1","measures":{"value":188097}}
{"ts":1676485922816798585,"type":"point","name":"bandwidth-total-out|cypress-provider|26|1","measures":{"value":248357}}
{"ts":1676485922859582126,"type":"point","name":"bandwidth-rate-in|cypress-provider|26|1","measures":{"value":16458.663442591343}}
{"ts":1676485922886395793,"type":"point","name":"bandwidth-rate-out|cypress-provider|26|1","measures":{"value":2400.689534459296}}
{"ts":1676485942632680177,"type":"point","name":"bandwidth-total-in|cypress-provider|26|2","measures":{"value":625608}}
{"ts":1676485942642452719,"type":"point","name":"bandwidth-total-out|cypress-provider|26|2","measures":{"value":703751}}
{"ts":1676485942680084302,"type":"point","name":"bandwidth-rate-in|cypress-provider|26|2","measures":{"value":12819.491818947236}}
{"ts":1676485942699185302,"type":"point","name":"bandwidth-rate-out|cypress-provider|26|2","measures":{"value":19864.16197350886}}
{"ts":1676485962622323923,"type":"point","name":"bandwidth-total-in|cypress-provider|26|3","measures":{"value":735779}}
{"ts":1676485962660868631,"type":"point","name":"bandwidth-total-out|cypress-provider|26|3","measures":{"value":926671}}
{"ts":1676485962678584798,"type":"point","name":"bandwidth-rate-in|cypress-provider|26|3","measures":{"value":318.20190294360077}}
{"ts":1676485963363092340,"type":"point","name":"bandwidth-rate-out|cypress-provider|26|3","measures":{"value":3361.939942995311}}
{"ts":1676485964379893798,"type":"point","name":"time-to-provide-19","measures":{"value":42245000810}}
{"ts":1676485966811664216,"type":"point","name":"time-to-provide-10","measures":{"value":44259674562}}
{"ts":1676485966861848758,"type":"point","name":"time-to-provide-13","measures":{"value":43997179562}}
{"ts":1676485967315699425,"type":"point","name":"time-to-provide-0","measures":{"value":45118011478}}
{"ts":1676485968680563550,"type":"point","name":"time-to-provide-3","measures":{"value":45635778687}}
{"ts":1676485968894039134,"type":"point","name":"time-to-provide-4","measures":{"value":46443329480}}
{"ts":1676485968915615176,"type":"point","name":"time-to-provide-9","measures":{"value":46777501729}}
{"ts":1676485968915817759,"type":"point","name":"time-to-provide-11","measures":{"value":46362978563}}
{"ts":1676485968969793634,"type":"point","name":"time-to-provide-1","measures":{"value":46771812438}}
{"ts":1676485968982869176,"type":"point","name":"time-to-provide-16","measures":{"value":46117229313}}
{"ts":1676485968999829717,"type":"point","name":"time-to-provide-8","measures":{"value":45955676813}}
{"ts":1676485969014127884,"type":"point","name":"time-to-provide-17","measures":{"value":45969493271}}
{"ts":1676485969093496759,"type":"point","name":"time-to-provide-5","measures":{"value":46642147521}}
{"ts":1676485969213774592,"type":"point","name":"time-to-provide-18","measures":{"value":46169045604}}
{"ts":1676485969241697176,"type":"point","name":"time-to-provide-2","measures":{"value":47042620688}}
{"ts":1676485969350146676,"type":"point","name":"time-to-provide-7","measures":{"value":46898405772}}
{"ts":1676485969380005842,"type":"point","name":"time-to-provide-14","measures":{"value":46883378480}}
{"ts":1676485969478635384,"type":"point","name":"time-to-provide-15","measures":{"value":46608594229}}
{"ts":1676485969519598384,"type":"point","name":"time-to-provide-6","measures":{"value":47257659439}}
{"ts":1676485969523467843,"type":"point","name":"time-to-provide-12","measures":{"value":46660403729}}
{"ts":1676485970180126134,"type":"point","name":"signal provider-records1","measures":{"value":621150500}}
{"ts":1676485976547000138,"type":"point","name":"barrierprovider-records1","measures":{"value":6285518961}}
{"ts":1676485976679982179,"type":"point","name":"full provider-records1","measures":{"value":54620224441}}
{"ts":1676485978880413514,"type":"point","name":"time-to-find-first|cypress-provider|11","measures":{"value":25319875}}
{"ts":1676485979777302458,"type":"point","name":"time-to-find-first|cypress-provider|10","measures":{"value":916636917}}
{"ts":1676485980103168625,"type":"point","name":"time-to-find-first|cypress-provider|8","measures":{"value":1242163500}}
{"ts":1676485980126449750,"type":"point","name":"time-to-find-first|cypress-provider|9","measures":{"value":1265997000}}
{"ts":1676485980133014167,"type":"point","name":"time-to-find-first|cypress-provider|6","measures":{"value":1271778042}}
{"ts":1676485980169002958,"type":"point","name":"time-to-find-first|cypress-provider|12","measures":{"value":1306292000}}
{"ts":1676485981204285209,"type":"point","name":"time-to-find-first|cypress-provider|13","measures":{"value":2341225542}}
{"ts":1676485981204411125,"type":"point","name":"time-to-find-first|cypress-provider|14","measures":{"value":2341238375}}
{"ts":1676485981260399750,"type":"point","name":"time-to-find-first|cypress-provider|15","measures":{"value":2322233167}}
{"ts":1676485981272682959,"type":"point","name":"time-to-find-first|cypress-provider|2","measures":{"value":2410498250}}
{"ts":1676485981273096875,"type":"point","name":"time-to-find-first|cypress-provider|3","measures":{"value":2410696626}}
{"ts":1676485981273211125,"type":"point","name":"time-to-find-first|cypress-provider|0","measures":{"value":2410673083}}
{"ts":1676485981273226625,"type":"point","name":"time-to-find-first|cypress-provider|5","measures":{"value":2412123625}}
{"ts":1676485982228683584,"type":"point","name":"time-to-find-first|cypress-provider|4","measures":{"value":3354518542}}
{"ts":1676485981281683875,"type":"point","name":"time-to-find-first|cypress-provider|17","measures":{"value":2418020376}}
{"ts":1676485981499049042,"type":"point","name":"time-to-find-first|cypress-provider|7","measures":{"value":2637044293}}
{"ts":1676485981534057292,"type":"point","name":"time-to-find-first|cypress-provider|1","measures":{"value":2667908876}}
{"ts":1676485981792517542,"type":"point","name":"time-to-find-first|cypress-provider|16","measures":{"value":2920992792}}
{"ts":1676485981834422501,"type":"point","name":"time-to-find-first|cypress-provider|19","measures":{"value":2962152875}}
{"ts":1676485981280214042,"type":"point","name":"time-to-find-first|cypress-provider|18","measures":{"value":2414536959}}
{"ts":1676485982671236334,"type":"point","name":"bandwidth-total-in|cypress-provider|26|4","measures":{"value":915035}}
{"ts":1676485983704223627,"type":"point","name":"bandwidth-total-out|cypress-provider|26|4","measures":{"value":1031473}}
{"ts":1676485983892609460,"type":"point","name":"bandwidth-rate-in|cypress-provider|26|4","measures":{"value":75541.92123290361}}
{"ts":1676485983909233710,"type":"point","name":"bandwidth-rate-out|cypress-provider|26|4","measures":{"value":44376.69061433618}}
{"ts":1676486002871692677,"type":"point","name":"bandwidth-total-in|cypress-provider|26|5","measures":{"value":1549627}}
{"ts":1676486002928343969,"type":"point","name":"bandwidth-total-out|cypress-provider|26|5","measures":{"value":1490498}}
{"ts":1676486003067685386,"type":"point","name":"bandwidth-rate-in|cypress-provider|26|5","measures":{"value":8784.159599136463}}
{"ts":1676486003147556136,"type":"point","name":"bandwidth-rate-out|cypress-provider|26|5","measures":{"value":8627.970163899543}}
{"ts":1676486022646108922,"type":"point","name":"bandwidth-total-in|cypress-provider|26|6","measures":{"value":1823454}}
{"ts":1676486023297038131,"type":"point","name":"bandwidth-total-out|cypress-provider|26|6","measures":{"value":1598898}}
{"ts":1676486023367799215,"type":"point","name":"bandwidth-rate-in|cypress-provider|26|6","measures":{"value":28613.399018904314}}
{"ts":1676486023402384840,"type":"point","name":"bandwidth-rate-out|cypress-provider|26|6","measures":{"value":9190.313280457842}}
{"ts":1676486041115694584,"type":"point","name":"num-hops|cypress-provider|8","measures":{"value":2}}
{"ts":1676486041174021584,"type":"point","name":"time-to-find-last|done|cypress-provider|8","measures":{"value":1253087167}}
{"ts":1676486041190980292,"type":"point","name":"time-to-find|done|cypress-provider|8","measures":{"value":62315539986}}
{"ts":1676486041209698167,"type":"point","name":"peers-found|done|cypress-provider|8","measures":{"value":40}}
{"ts":1676486041262066209,"type":"point","name":"peers-missing|done|cypress-provider|8","measures":{"value":0}}
{"ts":1676486042327900376,"type":"point","name":"num-hops|cypress-provider|3","measures":{"value":2}}
{"ts":1676486042339106251,"type":"point","name":"time-to-find-last|done|cypress-provider|3","measures":{"value":2929191334}}
{"ts":1676486042352954084,"type":"point","name":"time-to-find|done|cypress-provider|3","measures":{"value":63476107987}}
{"ts":1676486042438895001,"type":"point","name":"peers-found|done|cypress-provider|3","measures":{"value":40}}
{"ts":1676486042615498501,"type":"point","name":"peers-missing|done|cypress-provider|3","measures":{"value":0}}
{"ts":1676486042689356043,"type":"point","name":"bandwidth-total-in|cypress-provider|26|7","measures":{"value":2275063}}
{"ts":1676486042976713751,"type":"point","name":"bandwidth-total-out|cypress-provider|26|7","measures":{"value":2183649}}
{"ts":1676486043006918585,"type":"point","name":"bandwidth-rate-in|cypress-provider|26|7","measures":{"value":5971.0466686544}}
{"ts":1676486043026849835,"type":"point","name":"bandwidth-rate-out|cypress-provider|26|7","measures":{"value":63843.8379510021}}
{"ts":1676486043543527335,"type":"point","name":"num-hops|cypress-provider|0","measures":{"value":2}}
{"ts":1676486043569886543,"type":"point","name":"time-to-find-last|done|cypress-provider|0","measures":{"value":3172733834}}
{"ts":1676486043691851252,"type":"point","name":"time-to-find|done|cypress-provider|0","measures":{"value":64814865779}}
{"ts":1676486043735174252,"type":"point","name":"peers-found|done|cypress-provider|0","measures":{"value":40}}
{"ts":1676486043813749585,"type":"point","name":"peers-missing|done|cypress-provider|0","measures":{"value":0}}
{"ts":1676486044614856877,"type":"point","name":"num-hops|cypress-provider|13","measures":{"value":2}}
{"ts":1676486044691650460,"type":"point","name":"time-to-find-last|done|cypress-provider|13","measures":{"value":2967191375}}
{"ts":1676486044715183960,"type":"point","name":"time-to-find|done|cypress-provider|13","measures":{"value":65837680113}}
{"ts":1676486044739803377,"type":"point","name":"peers-found|done|cypress-provider|13","measures":{"value":40}}
{"ts":1676486044790102377,"type":"point","name":"peers-missing|done|cypress-provider|13","measures":{"value":0}}
{"ts":1676486045287999877,"type":"point","name":"num-hops|cypress-provider|6","measures":{"value":2}}
{"ts":1676486045331103961,"type":"point","name":"time-to-find-last|done|cypress-provider|6","measures":{"value":4514401918}}
{"ts":1676486045345410377,"type":"point","name":"time-to-find|done|cypress-provider|6","measures":{"value":66469728489}}
{"ts":1676486045329206002,"type":"point","name":"num-hops|cypress-provider|10","measures":{"value":2}}
{"ts":1676486045403142752,"type":"point","name":"time-to-find-last|done|cypress-provider|10","measures":{"value":1001798458}}
{"ts":1676486045550595127,"type":"point","name":"time-to-find|done|cypress-provider|10","measures":{"value":66675486197}}
{"ts":1676486045577592544,"type":"point","name":"peers-found|done|cypress-provider|10","measures":{"value":40}}
{"ts":1676486045647711627,"type":"point","name":"peers-missing|done|cypress-provider|10","measures":{"value":0}}
{"ts":1676486045364772877,"type":"point","name":"peers-found|done|cypress-provider|6","measures":{"value":40}}
{"ts":1676486045915757044,"type":"point","name":"peers-missing|done|cypress-provider|6","measures":{"value":0}}
{"ts":1676486047402368753,"type":"point","name":"num-hops|cypress-provider|1","measures":{"value":2}}
{"ts":1676486047506051462,"type":"point","name":"time-to-find-last|done|cypress-provider|1","measures":{"value":5806388294}}
{"ts":1676486047578069337,"type":"point","name":"time-to-find|done|cypress-provider|1","measures":{"value":68697474156}}
{"ts":1676486047657870628,"type":"point","name":"peers-found|done|cypress-provider|1","measures":{"value":40}}
{"ts":1676486047672540670,"type":"point","name":"peers-missing|done|cypress-provider|1","measures":{"value":0}}
{"ts":1676486047994463795,"type":"point","name":"num-hops|cypress-provider|11","measures":{"value":3}}
{"ts":1676486048458516879,"type":"point","name":"time-to-find-last|done|cypress-provider|11","measures":{"value":35807000}}
{"ts":1676486048491784545,"type":"point","name":"time-to-find|done|cypress-provider|11","measures":{"value":69619644657}}
{"ts":1676486048605895254,"type":"point","name":"peers-found|done|cypress-provider|11","measures":{"value":40}}
{"ts":1676486048668936754,"type":"point","name":"peers-missing|done|cypress-provider|11","measures":{"value":0}}
{"ts":1676486049046000796,"type":"point","name":"num-hops|cypress-provider|7","measures":{"value":3}}
{"ts":1676486049154175421,"type":"point","name":"time-to-find-last|done|cypress-provider|7","measures":{"value":4259439752}}
{"ts":1676486049777629963,"type":"point","name":"time-to-find|done|cypress-provider|7","measures":{"value":70901181157}}
{"ts":1676486049898683629,"type":"point","name":"peers-found|done|cypress-provider|7","measures":{"value":40}}
{"ts":1676486050188900421,"type":"point","name":"peers-missing|done|cypress-provider|7","measures":{"value":0}}
{"ts":1676486049841984296,"type":"point","name":"num-hops|cypress-provider|5","measures":{"value":1}}
{"ts":1676486050279962421,"type":"point","name":"time-to-find-last|done|cypress-provider|5","measures":{"value":3253980751}}
{"ts":1676486050342891130,"type":"point","name":"time-to-find|done|cypress-provider|5","measures":{"value":71467340366}}
{"ts":1676486050390912338,"type":"point","name":"peers-found|done|cypress-provider|5","measures":{"value":40}}
{"ts":1676486050466914630,"type":"point","name":"peers-missing|done|cypress-provider|5","measures":{"value":0}}
{"ts":1676486050205050380,"type":"point","name":"num-hops|cypress-provider|12","measures":{"value":2}}
{"ts":1676486050561522505,"type":"point","name":"time-to-find-last|done|cypress-provider|12","measures":{"value":2628054084}}
{"ts":1676486050611110422,"type":"point","name":"time-to-find|done|cypress-provider|12","measures":{"value":71733961283}}
{"ts":1676486050636736005,"type":"point","name":"peers-found|done|cypress-provider|12","measures":{"value":40}}
{"ts":1676486051052420088,"type":"point","name":"peers-missing|done|cypress-provider|12","measures":{"value":0}}
{"ts":1676486050628980297,"type":"point","name":"num-hops|cypress-provider|17","measures":{"value":2}}
{"ts":1676486051173870547,"type":"point","name":"time-to-find-last|done|cypress-provider|17","measures":{"value":3589844001}}
{"ts":1676486051206956422,"type":"point","name":"time-to-find|done|cypress-provider|17","measures":{"value":72328847033}}
{"ts":1676486051190833172,"type":"point","name":"num-hops|cypress-provider|18","measures":{"value":3}}
{"ts":1676486051274980755,"type":"point","name":"time-to-find-last|done|cypress-provider|18","measures":{"value":5678933627}}
{"ts":1676486051333985130,"type":"point","name":"time-to-find|done|cypress-provider|18","measures":{"value":72453864908}}
{"ts":1676486051382704755,"type":"point","name":"peers-found|done|cypress-provider|18","measures":{"value":40}}
{"ts":1676486051423981464,"type":"point","name":"peers-missing|done|cypress-provider|18","measures":{"value":0}}
{"ts":1676486051229077380,"type":"point","name":"peers-found|done|cypress-provider|17","measures":{"value":40}}
{"ts":1676486051497171214,"type":"point","name":"peers-missing|done|cypress-provider|17","measures":{"value":0}}
{"ts":1676486051424929964,"type":"point","name":"num-hops|cypress-provider|19","measures":{"value":2}}
{"ts":1676486051564808130,"type":"point","name":"time-to-find-last|done|cypress-provider|19","measures":{"value":5071483126}}
{"ts":1676486051624940714,"type":"point","name":"time-to-find|done|cypress-provider|19","measures":{"value":72738225908}}
{"ts":1676486051710435297,"type":"point","name":"peers-found|done|cypress-provider|19","measures":{"value":40}}
{"ts":1676486051734961089,"type":"point","name":"peers-missing|done|cypress-provider|19","measures":{"value":0}}
{"ts":1676486051803104047,"type":"point","name":"num-hops|cypress-provider|4","measures":{"value":1}}
{"ts":1676486051887764880,"type":"point","name":"time-to-find-last|done|cypress-provider|4","measures":{"value":5239551918}}
{"ts":1676486051950133297,"type":"point","name":"time-to-find|done|cypress-provider|4","measures":{"value":73061525574}}
{"ts":1676486051968531380,"type":"point","name":"peers-found|done|cypress-provider|4","measures":{"value":40}}
{"ts":1676486052012942547,"type":"point","name":"peers-missing|done|cypress-provider|4","measures":{"value":0}}
{"ts":1676486052318063964,"type":"point","name":"num-hops|cypress-provider|16","measures":{"value":2}}
{"ts":1676486052398587256,"type":"point","name":"time-to-find-last|done|cypress-provider|16","measures":{"value":3940968085}}
{"ts":1676486052450534756,"type":"point","name":"time-to-find|done|cypress-provider|16","measures":{"value":73564565617}}
{"ts":1676486052498452547,"type":"point","name":"peers-found|done|cypress-provider|16","measures":{"value":40}}
{"ts":1676486052517138756,"type":"point","name":"peers-missing|done|cypress-provider|16","measures":{"value":0}}
{"ts":1676486052667838422,"type":"point","name":"num-hops|cypress-provider|9","measures":{"value":3}}
{"ts":1676486052697087631,"type":"point","name":"time-to-find-last|done|cypress-provider|9","measures":{"value":2376842292}}
{"ts":1676486052714539673,"type":"point","name":"time-to-find|done|cypress-provider|9","measures":{"value":73839641034}}
{"ts":1676486052732866923,"type":"point","name":"peers-found|done|cypress-provider|9","measures":{"value":40}}
{"ts":1676486052765812339,"type":"point","name":"peers-missing|done|cypress-provider|9","measures":{"value":0}}
{"ts":1676486053151848006,"type":"point","name":"num-hops|cypress-provider|2","measures":{"value":2}}
{"ts":1676486053290866339,"type":"point","name":"time-to-find-last|done|cypress-provider|2","measures":{"value":5568388919}}
{"ts":1676486053314918089,"type":"point","name":"time-to-find|done|cypress-provider|2","measures":{"value":74438294784}}
{"ts":1676486053331615548,"type":"point","name":"peers-found|done|cypress-provider|2","measures":{"value":40}}
{"ts":1676486053620008048,"type":"point","name":"peers-missing|done|cypress-provider|2","measures":{"value":0}}
{"ts":1676486055212950965,"type":"point","name":"num-hops|cypress-provider|15","measures":{"value":2}}
{"ts":1676486055381433299,"type":"point","name":"time-to-find-last|done|cypress-provider|15","measures":{"value":2672934917}}
{"ts":1676486055426407590,"type":"point","name":"time-to-find|done|cypress-provider|15","measures":{"value":76548649535}}
{"ts":1676486055450955007,"type":"point","name":"peers-found|done|cypress-provider|15","measures":{"value":40}}
{"ts":1676486055483740632,"type":"point","name":"peers-missing|done|cypress-provider|15","measures":{"value":0}}
{"ts":1676486056102108382,"type":"point","name":"num-hops|cypress-provider|14","measures":{"value":2}}
{"ts":1676486056124384841,"type":"point","name":"time-to-find-last|done|cypress-provider|14","measures":{"value":3015578542}}
{"ts":1676486056159071591,"type":"point","name":"time-to-find|done|cypress-provider|14","measures":{"value":77281451368}}
{"ts":1676486056194057924,"type":"point","name":"peers-found|done|cypress-provider|14","measures":{"value":40}}
{"ts":1676486056243690508,"type":"point","name":"peers-missing|done|cypress-provider|14","measures":{"value":0}}
{"ts":1676486056431791341,"type":"point","name":"signal provider-records2","measures":{"value":164388875}}
{"ts":1676486062644114469,"type":"point","name":"bandwidth-total-in|cypress-provider|26|8","measures":{"value":2282156}}
{"ts":1676486062689755636,"type":"point","name":"bandwidth-total-out|cypress-provider|26|8","measures":{"value":2704269}}
{"ts":1676486062730089594,"type":"point","name":"bandwidth-rate-in|cypress-provider|26|8","measures":{"value":50.79116467209294}}
{"ts":1676486062780678427,"type":"point","name":"bandwidth-rate-out|cypress-provider|26|8","measures":{"value":3845.5371780703863}}
{"ts":1676486070695496000,"type":"point","name":"barrierprovider-records2","measures":{"value":14206539798}}
{"ts":1676486070850840667,"type":"point","name":"full provider-records2","measures":{"value":92000794000}}
{"ts":1676486082971603423,"type":"point","name":"bandwidth-total-in|cypress-provider|26|9","measures":{"value":2282238}}
{"ts":1676486083182494923,"type":"point","name":"bandwidth-total-out|cypress-provider|26|9","measures":{"value":2709501}}
{"ts":1676486083196855214,"type":"point","name":"bandwidth-rate-in|cypress-provider|26|9","measures":{"value":0.000001326505131421703}}
{"ts":1676486083204188673,"type":"point","name":"bandwidth-rate-out|cypress-provider|26|9","measures":{"value":0.00007466305583351227}}
