{"ts":1674178047911386750,"type":"point","name":"bandwidth-total-in|cypress-provider|2|0","measures":{"value":13046}}
{"ts":1674178047964928916,"type":"point","name":"bandwidth-total-out|cypress-provider|2|0","measures":{"value":20744}}
{"ts":1674178047984876291,"type":"point","name":"bandwidth-rate-in|cypress-provider|2|0","measures":{"value":5628.169655345087}}
{"ts":1674178048001070875,"type":"point","name":"bandwidth-rate-out|cypress-provider|2|0","measures":{"value":11107.209080678633}}
{"ts":1674178052907620877,"type":"point","name":"bandwidth-total-in|cypress-provider|2|1","measures":{"value":54986}}
{"ts":1674178052918062377,"type":"point","name":"bandwidth-total-out|cypress-provider|2|1","measures":{"value":50785}}
{"ts":1674178052921457127,"type":"point","name":"bandwidth-rate-in|cypress-provider|2|1","measures":{"value":1788.50239171609}}
{"ts":1674178052923940794,"type":"point","name":"bandwidth-rate-out|cypress-provider|2|1","measures":{"value":852.1749075512109}}
{"ts":1674178057905918796,"type":"point","name":"bandwidth-total-in|cypress-provider|2|2","measures":{"value":54986}}
{"ts":1674178057907087254,"type":"point","name":"bandwidth-total-out|cypress-provider|2|2","measures":{"value":50785}}
{"ts":1674178057910764338,"type":"point","name":"bandwidth-rate-in|cypress-provider|2|2","measures":{"value":12.05083432312061}}
{"ts":1674178057912660796,"type":"point","name":"bandwidth-rate-out|cypress-provider|2|2","measures":{"value":5.7419093610306176}}
{"ts":1674178062905973507,"type":"point","name":"bandwidth-total-in|cypress-provider|2|3","measures":{"value":54986}}
{"ts":1674178062908728923,"type":"point","name":"bandwidth-total-out|cypress-provider|2|3","measures":{"value":50785}}
{"ts":1674178062910736840,"type":"point","name":"bandwidth-rate-in|cypress-provider|2|3","measures":{"value":0.08119788296394666}}
{"ts":1674178062912547340,"type":"point","name":"bandwidth-rate-out|cypress-provider|2|3","measures":{"value":0.038688680948177005}}
{"ts":1674178067906128301,"type":"point","name":"bandwidth-total-in|cypress-provider|2|4","measures":{"value":54986}}
{"ts":1674178067908300426,"type":"point","name":"bandwidth-total-out|cypress-provider|2|4","measures":{"value":50785}}
{"ts":1674178067910554176,"type":"point","name":"bandwidth-rate-in|cypress-provider|2|4","measures":{"value":0.0005471070318490175}}
{"ts":1674178067913441384,"type":"point","name":"bandwidth-rate-out|cypress-provider|2|4","measures":{"value":0.00026068228169334436}}
{"ts":1674178072905903803,"type":"point","name":"bandwidth-total-in|cypress-provider|2|5","measures":{"value":54986}}
{"ts":1674178072910959512,"type":"point","name":"bandwidth-total-out|cypress-provider|2|5","measures":{"value":50785}}
{"ts":1674178072915273470,"type":"point","name":"bandwidth-rate-in|cypress-provider|2|5","measures":{"value":0.000003686378183425645}}
{"ts":1674178072920456637,"type":"point","name":"bandwidth-rate-out|cypress-provider|2|5","measures":{"value":0.0000017564633976504221}}
{"ts":1674178077903431958,"type":"point","name":"bandwidth-total-in|cypress-provider|2|6","measures":{"value":60891}}
{"ts":1674178077924325750,"type":"point","name":"bandwidth-total-out|cypress-provider|2|6","measures":{"value":61016}}
{"ts":1674178077930223083,"type":"point","name":"bandwidth-rate-in|cypress-provider|2|6","measures":{"value":790.4247313697433}}
{"ts":1674178077947210583,"type":"point","name":"bandwidth-rate-out|cypress-provider|2|6","measures":{"value":4005.7191829813287}}
{"ts":1674178081320681126,"type":"point","name":"signal bootstrapping0","measures":{"value":42350375}}
{"ts":1674178081566857585,"type":"point","name":"barrierbootstrapping0","measures":{"value":232666833}}
{"ts":1674178081616458085,"type":"point","name":"full bootstrapping0","measures":{"value":37519013684}}
{"ts":1674178083025827377,"type":"point","name":"bandwidth-total-in|cypress-provider|2|7","measures":{"value":60891}}
{"ts":1674178083287812419,"type":"point","name":"bandwidth-total-out|cypress-provider|2|7","measures":{"value":61016}}
{"ts":1674178083726054586,"type":"point","name":"bandwidth-rate-in|cypress-provider|2|7","measures":{"value":5.3258399467357}}
{"ts":1674178083770368711,"type":"point","name":"bandwidth-rate-out|cypress-provider|2|7","measures":{"value":26.990323548148137}}
{"ts":1674178088166026630,"type":"point","name":"bandwidth-total-in|cypress-provider|2|8","measures":{"value":138345}}
{"ts":1674178088355273546,"type":"point","name":"bandwidth-total-out|cypress-provider|2|8","measures":{"value":143258}}
{"ts":1674178088456215921,"type":"point","name":"bandwidth-rate-in|cypress-provider|2|8","measures":{"value":44983.12778319444}}
{"ts":1674178088728370005,"type":"point","name":"bandwidth-rate-out|cypress-provider|2|8","measures":{"value":12796.600994654216}}
{"ts":1674178092905781382,"type":"point","name":"bandwidth-total-in|cypress-provider|2|9","measures":{"value":274046}}
{"ts":1674178092935286257,"type":"point","name":"bandwidth-total-out|cypress-provider|2|9","measures":{"value":439633}}
{"ts":1674178093054450674,"type":"point","name":"bandwidth-rate-in|cypress-provider|2|9","measures":{"value":14615.078752110603}}
{"ts":1674178093082457465,"type":"point","name":"bandwidth-rate-out|cypress-provider|2|9","measures":{"value":28297.324224165954}}
{"ts":1674178096343234508,"type":"point","name":"time-to-provide-34","measures":{"value":13563286006}}
{"ts":1674178096389429092,"type":"point","name":"time-to-provide-31","measures":{"value":13609632590}}
{"ts":1674178096851294342,"type":"point","name":"time-to-provide-19","measures":{"value":14072339340}}
{"ts":1674178097833885967,"type":"point","name":"time-to-provide-6","measures":{"value":15055753132}}
{"ts":1674178097919417384,"type":"point","name":"bandwidth-total-in|cypress-provider|2|10","measures":{"value":316421}}
{"ts":1674178097935208176,"type":"point","name":"bandwidth-total-out|cypress-provider|2|10","measures":{"value":477257}}
{"ts":1674178097959428551,"type":"point","name":"bandwidth-rate-in|cypress-provider|2|10","measures":{"value":7407.999597714925}}
{"ts":1674178097929344759,"type":"point","name":"time-to-provide-13","measures":{"value":15150672007}}
{"ts":1674178098023254218,"type":"point","name":"bandwidth-rate-out|cypress-provider|2|10","measures":{"value":6203.78415027147}}
{"ts":1674178098127186426,"type":"point","name":"time-to-provide-16","measures":{"value":15348357924}}
{"ts":1674178098316679676,"type":"point","name":"time-to-provide-18","measures":{"value":15537759590}}
{"ts":1674178098602719259,"type":"point","name":"time-to-provide-25","measures":{"value":15823520966}}
{"ts":1674178098821083593,"type":"point","name":"time-to-provide-30","measures":{"value":16041615091}}
{"ts":1674178098988131093,"type":"point","name":"time-to-provide-8","measures":{"value":16209821507}}
{"ts":1674178099581074802,"type":"point","name":"time-to-provide-23","measures":{"value":16801951342}}
{"ts":1674178099788022427,"type":"point","name":"time-to-provide-14","measures":{"value":17009304424}}
{"ts":1674178100160207219,"type":"point","name":"time-to-provide-32","measures":{"value":17380341134}}
{"ts":1674178100720459927,"type":"point","name":"time-to-provide-2","measures":{"value":17982785258}}
{"ts":1674178100737906052,"type":"point","name":"time-to-provide-22","measures":{"value":17958858342}}
{"ts":1674178100875908719,"type":"point","name":"time-to-provide-27","measures":{"value":18096575009}}
{"ts":1674178101575960011,"type":"point","name":"time-to-provide-21","measures":{"value":18796932259}}
{"ts":1674178102322781428,"type":"point","name":"time-to-provide-1","measures":{"value":19574982843}}
{"ts":1674178102925226803,"type":"point","name":"bandwidth-total-in|cypress-provider|2|11","measures":{"value":334057}}
{"ts":1674178103013440928,"type":"point","name":"bandwidth-total-out|cypress-provider|2|11","measures":{"value":497368}}
{"ts":1674178103031074970,"type":"point","name":"bandwidth-rate-in|cypress-provider|2|11","measures":{"value":4298.525304402329}}
{"ts":1674178103101889178,"type":"point","name":"bandwidth-rate-out|cypress-provider|2|11","measures":{"value":2943.9928565739697}}
{"ts":1674178104602721262,"type":"point","name":"time-to-provide-9","measures":{"value":21824344261}}
{"ts":1674178104693712971,"type":"point","name":"time-to-provide-11","measures":{"value":21915114093}}
{"ts":1674178104728282262,"type":"point","name":"time-to-provide-29","measures":{"value":21948854677}}
{"ts":1674178104982095513,"type":"point","name":"time-to-provide-5","measures":{"value":22220188635}}
{"ts":1674178105729552138,"type":"point","name":"time-to-provide-35","measures":{"value":22949440845}}
{"ts":1674178105885049138,"type":"point","name":"time-to-provide-12","measures":{"value":23106430844}}
{"ts":1674178107932230083,"type":"point","name":"bandwidth-total-in|cypress-provider|2|12","measures":{"value":352388}}
{"ts":1674178108133491500,"type":"point","name":"bandwidth-total-out|cypress-provider|2|12","measures":{"value":510638}}
{"ts":1674178108231507708,"type":"point","name":"bandwidth-rate-in|cypress-provider|2|12","measures":{"value":4463.561839595026}}
{"ts":1674178108294839458,"type":"point","name":"bandwidth-rate-out|cypress-provider|2|12","measures":{"value":1812.5357764649928}}
{"ts":1674178110974688209,"type":"point","name":"time-to-provide-0","measures":{"value":28201221679}}
{"ts":1674178112937140877,"type":"point","name":"bandwidth-total-in|cypress-provider|2|13","measures":{"value":373324}}
{"ts":1674178112988149669,"type":"point","name":"bandwidth-total-out|cypress-provider|2|13","measures":{"value":517132}}
{"ts":1674178113018872377,"type":"point","name":"bandwidth-rate-in|cypress-provider|2|13","measures":{"value":3891.7861167613514}}
{"ts":1674178113063783127,"type":"point","name":"bandwidth-rate-out|cypress-provider|2|13","measures":{"value":1163.7630078611214}}
{"ts":1674178117913752504,"type":"point","name":"bandwidth-total-in|cypress-provider|2|14","measures":{"value":377550}}
{"ts":1674178117973248796,"type":"point","name":"bandwidth-total-out|cypress-provider|2|14","measures":{"value":518794}}
{"ts":1674178118442870380,"type":"point","name":"bandwidth-rate-in|cypress-provider|2|14","measures":{"value":676.6579403994024}}
{"ts":1674178118511204838,"type":"point","name":"bandwidth-rate-out|cypress-provider|2|14","measures":{"value":173.63913850670508}}
{"ts":1674178124144040007,"type":"point","name":"bandwidth-total-in|cypress-provider|2|15","measures":{"value":378283}}
{"ts":1674178124904582674,"type":"point","name":"bandwidth-total-out|cypress-provider|2|15","measures":{"value":519404}}
{"ts":1674178125207880633,"type":"point","name":"bandwidth-rate-in|cypress-provider|2|15","measures":{"value":199.12168010917765}}
{"ts":1674178126120601008,"type":"point","name":"bandwidth-rate-out|cypress-provider|2|15","measures":{"value":85.75259622306818}}
{"ts":1674178129696714760,"type":"point","name":"bandwidth-total-in|cypress-provider|2|16","measures":{"value":378696}}
{"ts":1674178129906376927,"type":"point","name":"bandwidth-total-out|cypress-provider|2|16","measures":{"value":519930}}
{"ts":1674178130721216927,"type":"point","name":"bandwidth-rate-in|cypress-provider|2|16","measures":{"value":8.599279453832104}}
{"ts":1674178130733881260,"type":"point","name":"bandwidth-rate-out|cypress-provider|2|16","measures":{"value":16.132194135956738}}
{"ts":1674178133461276678,"type":"point","name":"bandwidth-total-in|cypress-provider|2|17","measures":{"value":382407}}
{"ts":1674178137331875222,"type":"point","name":"bandwidth-total-out|cypress-provider|2|17","measures":{"value":520456}}
{"ts":1674178138925272583,"type":"point","name":"bandwidth-rate-in|cypress-provider|2|17","measures":{"value":1946.999287061052}}
{"ts":1674178138981323000,"type":"point","name":"bandwidth-rate-out|cypress-provider|2|17","measures":{"value":89.21153466411393}}
{"ts":1674178139003091917,"type":"point","name":"bandwidth-total-in|cypress-provider|2|18","measures":{"value":382407}}
{"ts":1674178139047935917,"type":"point","name":"bandwidth-total-out|cypress-provider|2|18","measures":{"value":520456}}
{"ts":1674178139460008542,"type":"point","name":"bandwidth-rate-in|cypress-provider|2|18","measures":{"value":35.66053585843313}}
{"ts":1674178139537662750,"type":"point","name":"bandwidth-rate-out|cypress-provider|2|18","measures":{"value":1.6339662536177026}}
{"ts":1674178143073605210,"type":"point","name":"bandwidth-total-in|cypress-provider|2|19","measures":{"value":383151}}
{"ts":1674178143289635252,"type":"point","name":"bandwidth-total-out|cypress-provider|2|19","measures":{"value":520497}}
{"ts":1674178143619967919,"type":"point","name":"bandwidth-rate-in|cypress-provider|2|19","measures":{"value":23.660984853235313}}
{"ts":1674178144147240211,"type":"point","name":"bandwidth-rate-out|cypress-provider|2|19","measures":{"value":1.2978322616517437}}
{"ts":1674178148096603254,"type":"point","name":"bandwidth-total-in|cypress-provider|2|20","measures":{"value":384682}}
{"ts":1674178148152279171,"type":"point","name":"bandwidth-total-out|cypress-provider|2|20","measures":{"value":521563}}
{"ts":1674178148166151213,"type":"point","name":"bandwidth-rate-in|cypress-provider|2|20","measures":{"value":451.3877959016468}}
{"ts":1674178148227798254,"type":"point","name":"bandwidth-rate-out|cypress-provider|2|20","measures":{"value":225.42495165101352}}
{"ts":1674178153142992423,"type":"point","name":"bandwidth-total-in|cypress-provider|2|21","measures":{"value":392617}}
{"ts":1674178153275320965,"type":"point","name":"bandwidth-total-out|cypress-provider|2|21","measures":{"value":537366}}
{"ts":1674178153615924215,"type":"point","name":"bandwidth-rate-in|cypress-provider|2|21","measures":{"value":1457.1524392364354}}
{"ts":1674178153682659465,"type":"point","name":"bandwidth-rate-out|cypress-provider|2|21","measures":{"value":2520.0250351695395}}
{"ts":1674178153616024382,"type":"point","name":"time-to-provide-38","measures":{"value":70813552991}}
{"ts":1674178156648598550,"type":"point","name":"time-to-provide-37","measures":{"value":73846175659}}
{"ts":1674178156729189509,"type":"point","name":"time-to-provide-39","measures":{"value":73926100535}}
{"ts":1674178156808941259,"type":"point","name":"time-to-provide-33","measures":{"value":74006843951}}
{"ts":1674178156903029092,"type":"point","name":"time-to-provide-4","measures":{"value":74128517993}}
{"ts":1674178157547115009,"type":"point","name":"time-to-provide-10","measures":{"value":74746464785}}
{"ts":1674178158135797134,"type":"point","name":"bandwidth-total-in|cypress-provider|2|22","measures":{"value":402027}}
{"ts":1674178158571319009,"type":"point","name":"bandwidth-total-out|cypress-provider|2|22","measures":{"value":545757}}
{"ts":1674178158603229009,"type":"point","name":"bandwidth-rate-in|cypress-provider|2|22","measures":{"value":1411.8590687890935}}
{"ts":1674178158615472968,"type":"point","name":"bandwidth-rate-out|cypress-provider|2|22","measures":{"value":1678.0301837513496}}
{"ts":1674178158602757551,"type":"point","name":"time-to-provide-36","measures":{"value":75800416618}}
{"ts":1674178158569992509,"type":"point","name":"time-to-provide-20","measures":{"value":75768817869}}
{"ts":1674178158476172509,"type":"point","name":"time-to-provide-26","measures":{"value":75674737118}}
{"ts":1674178158646910301,"type":"point","name":"time-to-provide-28","measures":{"value":75845331452}}
{"ts":1674178158896388260,"type":"point","name":"time-to-provide-3","measures":{"value":76135988577}}
{"ts":1674178158906250135,"type":"point","name":"time-to-provide-17","measures":{"value":76105168535}}
{"ts":1674178158928134635,"type":"point","name":"time-to-provide-7","measures":{"value":76127674327}}
{"ts":1674178158949251676,"type":"point","name":"time-to-provide-24","measures":{"value":76147880661}}
{"ts":1674178158867654593,"type":"point","name":"time-to-provide-15","measures":{"value":76066651869}}
{"ts":1674178160004875510,"type":"point","name":"signal provider-records1","measures":{"value":598545251}}
{"ts":1674178162967253345,"type":"point","name":"bandwidth-total-in|cypress-provider|2|23","measures":{"value":404341}}
{"ts":1674178163023980095,"type":"point","name":"bandwidth-total-out|cypress-provider|2|23","measures":{"value":546809}}
{"ts":1674178163049672595,"type":"point","name":"bandwidth-rate-in|cypress-provider|2|23","measures":{"value":394.4925848619402}}
{"ts":1674178163213216887,"type":"point","name":"bandwidth-rate-out|cypress-provider|2|23","measures":{"value":149.2755294392916}}
{"ts":1674178167998715541,"type":"point","name":"bandwidth-total-in|cypress-provider|2|24","measures":{"value":406242}}
{"ts":1674178168060937833,"type":"point","name":"bandwidth-total-out|cypress-provider|2|24","measures":{"value":547335}}
{"ts":1674178168089952041,"type":"point","name":"bandwidth-rate-in|cypress-provider|2|24","measures":{"value":392.0542869727174}}
{"ts":1674178168124834375,"type":"point","name":"bandwidth-rate-out|cypress-provider|2|24","measures":{"value":331.7611205331596}}
{"ts":1674178172903715169,"type":"point","name":"bandwidth-total-in|cypress-provider|2|25","measures":{"value":408876}}
{"ts":1674178172973445377,"type":"point","name":"bandwidth-total-out|cypress-provider|2|25","measures":{"value":548913}}
{"ts":1674178173048263210,"type":"point","name":"bandwidth-rate-in|cypress-provider|2|25","measures":{"value":275.80150746673274}}
{"ts":1674178173127466919,"type":"point","name":"bandwidth-rate-out|cypress-provider|2|25","measures":{"value":157.42282809104375}}
{"ts":1674178177904283504,"type":"point","name":"bandwidth-total-in|cypress-provider|2|26","measures":{"value":409475}}
{"ts":1674178177991376754,"type":"point","name":"bandwidth-total-out|cypress-provider|2|26","measures":{"value":549439}}
{"ts":1674178178026496921,"type":"point","name":"bandwidth-rate-in|cypress-provider|2|26","measures":{"value":83.42335412579283}}
{"ts":1674178178089328629,"type":"point","name":"bandwidth-rate-out|cypress-provider|2|26","measures":{"value":7.0204775133568935}}
{"ts":1674178182951954340,"type":"point","name":"bandwidth-total-in|cypress-provider|2|27","measures":{"value":409661}}
{"ts":1674178183031788340,"type":"point","name":"bandwidth-total-out|cypress-provider|2|27","measures":{"value":549439}}
{"ts":1674178183128153507,"type":"point","name":"bandwidth-rate-in|cypress-provider|2|27","measures":{"value":6.4273072787337115}}
{"ts":1674178183152405007,"type":"point","name":"bandwidth-rate-out|cypress-provider|2|27","measures":{"value":0.047303605393270096}}
{"ts":1674178187946474551,"type":"point","name":"bandwidth-total-in|cypress-provider|2|28","measures":{"value":409661}}
{"ts":1674178188004275051,"type":"point","name":"bandwidth-total-out|cypress-provider|2|28","measures":{"value":549439}}
{"ts":1674178188073288593,"type":"point","name":"bandwidth-rate-in|cypress-provider|2|28","measures":{"value":0.04330685579094399}}
{"ts":1674178188114824926,"type":"point","name":"bandwidth-rate-out|cypress-provider|2|28","measures":{"value":0.00031872918600550746}}
{"ts":1674178190475158177,"type":"point","name":"barrierprovider-records1","measures":{"value":30417549181}}
{"ts":1674178190740261760,"type":"point","name":"full provider-records1","measures":{"value":108136968383}}
{"ts":1674178192944355095,"type":"point","name":"bandwidth-total-in|cypress-provider|2|29","measures":{"value":409661}}
{"ts":1674178193042832345,"type":"point","name":"bandwidth-total-out|cypress-provider|2|29","measures":{"value":549439}}
{"ts":1674178193072618678,"type":"point","name":"bandwidth-rate-in|cypress-provider|2|29","measures":{"value":0.00029179929901641826}}
{"ts":1674178193081622678,"type":"point","name":"bandwidth-rate-out|cypress-provider|2|29","measures":{"value":0.0000021475803623667633}}
{"ts":1674178193860552762,"type":"point","name":"time-to-find-first|cypress-provider|5","measures":{"value":1113213209}}
{"ts":1674178193936519054,"type":"point","name":"time-to-find-first|cypress-provider|7","measures":{"value":976750375}}
{"ts":1674178194176540220,"type":"point","name":"time-to-find-first|cypress-provider|4","measures":{"value":1325564584}}
{"ts":1674178194221432720,"type":"point","name":"time-to-find-first|cypress-provider|0","measures":{"value":1065166292}}
{"ts":1674178195821575055,"type":"point","name":"time-to-find-first|cypress-provider|9","measures":{"value":2225927918}}
{"ts":1674178195821802971,"type":"point","name":"time-to-find-first|cypress-provider|10","measures":{"value":2225402084}}
{"ts":1674178195849519305,"type":"point","name":"time-to-find-first|cypress-provider|8","measures":{"value":2253997835}}
{"ts":1674178196107061346,"type":"point","name":"time-to-find-first|cypress-provider|11","measures":{"value":2510424626}}
{"ts":1674178196115307305,"type":"point","name":"time-to-find-first|cypress-provider|1","measures":{"value":2958459293}}
{"ts":1674178196142885055,"type":"point","name":"time-to-find-first|cypress-provider|2","measures":{"value":2691344585}}
{"ts":1674178196283769930,"type":"point","name":"time-to-find-first|cypress-provider|13","measures":{"value":2687040668}}
{"ts":1674178196286479763,"type":"point","name":"time-to-find-first|cypress-provider|3","measures":{"value":3358574585}}
{"ts":1674178196297622846,"type":"point","name":"time-to-find-first|cypress-provider|12","measures":{"value":2700958835}}
{"ts":1674178196299848180,"type":"point","name":"time-to-find-first|cypress-provider|14","measures":{"value":2702900377}}
{"ts":1674178196367174180,"type":"point","name":"time-to-find-first|cypress-provider|6","measures":{"value":2768040751}}
{"ts":1674178196370114305,"type":"point","name":"time-to-find-first|cypress-provider|39","measures":{"value":2769090252}}
{"ts":1674178196388212305,"type":"point","name":"time-to-find-first|cypress-provider|16","measures":{"value":2786692752}}
{"ts":1674178196392743430,"type":"point","name":"time-to-find-first|cypress-provider|15","measures":{"value":2739127126}}
{"ts":1674178196395493346,"type":"point","name":"time-to-find-first|cypress-provider|18","measures":{"value":2495854542}}
{"ts":1674178196398716721,"type":"point","name":"time-to-find-first|cypress-provider|19","measures":{"value":2498962626}}
{"ts":1674178196482351597,"type":"point","name":"time-to-find-first|cypress-provider|21","measures":{"value":2581448501}}
{"ts":1674178196484364055,"type":"point","name":"time-to-find-first|cypress-provider|22","measures":{"value":2583396084}}
{"ts":1674178196647944722,"type":"point","name":"time-to-find-first|cypress-provider|20","measures":{"value":2747590585}}
{"ts":1674178196698895472,"type":"point","name":"time-to-find-first|cypress-provider|23","measures":{"value":2797451251}}
{"ts":1674178196699770847,"type":"point","name":"time-to-find-first|cypress-provider|24","measures":{"value":2798241126}}
{"ts":1674178196877138347,"type":"point","name":"time-to-find-first|cypress-provider|25","measures":{"value":2975493001}}
{"ts":1674178196933392388,"type":"point","name":"time-to-find-first|cypress-provider|26","measures":{"value":3031691960}}
{"ts":1674178197614381472,"type":"point","name":"time-to-find-first|cypress-provider|27","measures":{"value":3464041168}}
{"ts":1674178197618656847,"type":"point","name":"time-to-find-first|cypress-provider|29","measures":{"value":3459468168}}
{"ts":1674178198083912125,"type":"point","name":"bandwidth-total-in|cypress-provider|2|30","measures":{"value":442990}}
{"ts":1674178200263290709,"type":"point","name":"bandwidth-total-out|cypress-provider|2|30","measures":{"value":563020}}
{"ts":1674178200363752542,"type":"point","name":"bandwidth-rate-in|cypress-provider|2|30","measures":{"value":13697.89988763521}}
{"ts":1674178200671355751,"type":"point","name":"bandwidth-rate-out|cypress-provider|2|30","measures":{"value":4579.737941233998}}
{"ts":1674178198818013875,"type":"point","name":"time-to-find-first|cypress-provider|35","measures":{"value":4422363376}}
{"ts":1674178199157368208,"type":"point","name":"time-to-find-first|cypress-provider|32","measures":{"value":4762304126}}
{"ts":1674178199157814667,"type":"point","name":"time-to-find-first|cypress-provider|33","measures":{"value":4762597459}}
{"ts":1674178200269864334,"type":"point","name":"time-to-find-first|cypress-provider|36","measures":{"value":5874131585}}
{"ts":1674178200269992084,"type":"point","name":"time-to-find-first|cypress-provider|37","measures":{"value":5874206335}}
{"ts":1674178200270037042,"type":"point","name":"time-to-find-first|cypress-provider|38","measures":{"value":5874179085}}
{"ts":1674178200363862917,"type":"point","name":"time-to-find-first|cypress-provider|17","measures":{"value":6280823919}}
{"ts":1674178200364979417,"type":"point","name":"time-to-find-first|cypress-provider|30","measures":{"value":5966285835}}
{"ts":1674178197618965639,"type":"point","name":"time-to-find-first|cypress-provider|28","measures":{"value":3466552210}}
{"ts":1674178198086026000,"type":"point","name":"time-to-find-first|cypress-provider|31","measures":{"value":3691053626}}
{"ts":1674178198817866292,"type":"point","name":"time-to-find-first|cypress-provider|34","measures":{"value":4422557710}}
{"ts":1674178206327723045,"type":"point","name":"bandwidth-total-in|cypress-provider|2|31","measures":{"value":530317}}
{"ts":1674178207230372379,"type":"point","name":"bandwidth-total-out|cypress-provider|2|31","measures":{"value":656108}}
{"ts":1674178208621003755,"type":"point","name":"bandwidth-rate-in|cypress-provider|2|31","measures":{"value":21249.973668568196}}
{"ts":1674178210419661089,"type":"point","name":"bandwidth-rate-out|cypress-provider|2|31","measures":{"value":16041.728798341932}}
{"ts":1674178211347907214,"type":"point","name":"bandwidth-total-in|cypress-provider|2|32","measures":{"value":593789}}
{"ts":1674178212418266131,"type":"point","name":"bandwidth-total-out|cypress-provider|2|32","measures":{"value":660544}}
{"ts":1674178212572676798,"type":"point","name":"bandwidth-rate-in|cypress-provider|2|32","measures":{"value":6870.612276817916}}
{"ts":1674178222088934303,"type":"point","name":"bandwidth-rate-out|cypress-provider|2|32","measures":{"value":233.36497105327476}}
{"ts":1674178249483137426,"type":"point","name":"bandwidth-total-in|cypress-provider|2|33","measures":{"value":666588}}
{"ts":1674178250179369052,"type":"point","name":"bandwidth-total-out|cypress-provider|2|33","measures":{"value":662837}}
{"ts":1674178250213217177,"type":"point","name":"bandwidth-rate-in|cypress-provider|2|33","measures":{"value":700.1705819363441}}
{"ts":1674178250241090385,"type":"point","name":"bandwidth-rate-out|cypress-provider|2|33","measures":{"value":25.43770426758479}}
{"ts":1674178250253329719,"type":"point","name":"bandwidth-total-in|cypress-provider|2|34","measures":{"value":666588}}
{"ts":1674178250270250927,"type":"point","name":"bandwidth-total-out|cypress-provider|2|34","measures":{"value":662837}}
{"ts":1674178251541118177,"type":"point","name":"bandwidth-rate-in|cypress-provider|2|34","measures":{"value":700.1705819363441}}
{"ts":1674178251544398177,"type":"point","name":"bandwidth-rate-out|cypress-provider|2|34","measures":{"value":25.43770426758479}}
{"ts":1674178253200622637,"type":"point","name":"bandwidth-total-in|cypress-provider|2|35","measures":{"value":675817}}
{"ts":1674178254051436804,"type":"point","name":"bandwidth-total-out|cypress-provider|2|35","measures":{"value":668525}}
{"ts":1674178254178308345,"type":"point","name":"bandwidth-rate-in|cypress-provider|2|35","measures":{"value":3808.8071072915404}}
{"ts":1674178254187577429,"type":"point","name":"bandwidth-rate-out|cypress-provider|2|35","measures":{"value":943.095012379656}}
{"ts":1674178257918286125,"type":"point","name":"bandwidth-total-in|cypress-provider|2|36","measures":{"value":690553}}
{"ts":1674178258438908375,"type":"point","name":"bandwidth-total-out|cypress-provider|2|36","measures":{"value":685437}}
{"ts":1674178258529367250,"type":"point","name":"bandwidth-rate-in|cypress-provider|2|36","measures":{"value":3049.8287493193798}}
{"ts":1674178258588323625,"type":"point","name":"bandwidth-rate-out|cypress-provider|2|36","measures":{"value":3416.6656568797457}}
{"ts":1674178263238089669,"type":"point","name":"bandwidth-total-in|cypress-provider|2|37","measures":{"value":709430}}
{"ts":1674178263244634460,"type":"point","name":"bandwidth-total-out|cypress-provider|2|37","measures":{"value":710137}}
{"ts":1674178263248634210,"type":"point","name":"bandwidth-rate-in|cypress-provider|2|37","measures":{"value":1622.7164450303217}}
{"ts":1674178263258070919,"type":"point","name":"bandwidth-rate-out|cypress-provider|2|37","measures":{"value":8564.60213316368}}
{"ts":1674178267937040421,"type":"point","name":"bandwidth-total-in|cypress-provider|2|38","measures":{"value":715367}}
{"ts":1674178267959651713,"type":"point","name":"bandwidth-total-out|cypress-provider|2|38","measures":{"value":710303}}
{"ts":1674178267997905754,"type":"point","name":"bandwidth-rate-in|cypress-provider|2|38","measures":{"value":842.0617008727035}}
{"ts":1674178268040934338,"type":"point","name":"bandwidth-rate-out|cypress-provider|2|38","measures":{"value":1176.4967381441143}}
{"ts":1674178273729272299,"type":"point","name":"bandwidth-total-in|cypress-provider|2|39","measures":{"value":728365}}
{"ts":1674178273745771257,"type":"point","name":"bandwidth-total-out|cypress-provider|2|39","measures":{"value":797643}}
{"ts":1674178273755958340,"type":"point","name":"bandwidth-rate-in|cypress-provider|2|39","measures":{"value":1081.3633373303971}}
{"ts":1674178273758065715,"type":"point","name":"bandwidth-rate-out|cypress-provider|2|39","measures":{"value":31410.656681333436}}
{"ts":1674178278170699093,"type":"point","name":"bandwidth-total-in|cypress-provider|2|40","measures":{"value":746442}}
{"ts":1674178278949919926,"type":"point","name":"bandwidth-total-out|cypress-provider|2|40","measures":{"value":1014653}}
{"ts":1674178278985935718,"type":"point","name":"bandwidth-rate-in|cypress-provider|2|40","measures":{"value":1791.4972242650297}}
{"ts":1674178279006602135,"type":"point","name":"bandwidth-rate-out|cypress-provider|2|40","measures":{"value":47183.03870223813}}
{"ts":1674178283243412470,"type":"point","name":"bandwidth-total-in|cypress-provider|2|41","measures":{"value":781954}}
{"ts":1674178283327699262,"type":"point","name":"bandwidth-total-out|cypress-provider|2|41","measures":{"value":1161947}}
{"ts":1674178283377387303,"type":"point","name":"bandwidth-rate-in|cypress-provider|2|41","measures":{"value":25262.942085127783}}
{"ts":1674178283414652303,"type":"point","name":"bandwidth-rate-out|cypress-provider|2|41","measures":{"value":47341.40690982124}}
{"ts":1674178288110276916,"type":"point","name":"bandwidth-total-in|cypress-provider|2|42","measures":{"value":881058}}
{"ts":1674178288710442125,"type":"point","name":"bandwidth-total-out|cypress-provider|2|42","measures":{"value":1225497}}
{"ts":1674178288773939625,"type":"point","name":"bandwidth-rate-in|cypress-provider|2|42","measures":{"value":17138.415759307525}}
{"ts":1674178288791751875,"type":"point","name":"bandwidth-rate-out|cypress-provider|2|42","measures":{"value":13493.249341178473}}
{"ts":1674178292124281793,"type":"point","name":"num-hops|cypress-provider|1","measures":{"value":2}}
{"ts":1674178293596784127,"type":"point","name":"time-to-find-last|done|cypress-provider|1","measures":{"value":5372432001}}
{"ts":1674178294393411711,"type":"point","name":"time-to-find|done|cypress-provider|1","measures":{"value":101234696878}}
{"ts":1674178294755159294,"type":"point","name":"peers-found|done|cypress-provider|1","measures":{"value":50}}
{"ts":1674178295433770211,"type":"point","name":"peers-missing|done|cypress-provider|1","measures":{"value":0}}
{"ts":1674178293589965461,"type":"point","name":"bandwidth-total-in|cypress-provider|2|43","measures":{"value":955543}}
{"ts":1674178296588753837,"type":"point","name":"bandwidth-total-out|cypress-provider|2|43","measures":{"value":1320660}}
{"ts":1674178296591414420,"type":"point","name":"bandwidth-rate-in|cypress-provider|2|43","measures":{"value":3169.148102898074}}
{"ts":1674178298036717129,"type":"point","name":"bandwidth-rate-out|cypress-provider|2|43","measures":{"value":18607.512615819003}}
{"ts":1674178298250714713,"type":"point","name":"bandwidth-total-in|cypress-provider|2|44","measures":{"value":968205}}
{"ts":1674178299852906089,"type":"point","name":"bandwidth-total-out|cypress-provider|2|44","measures":{"value":1343314}}
{"ts":1674178299856774214,"type":"point","name":"bandwidth-rate-in|cypress-provider|2|44","measures":{"value":3330.671654897448}}
{"ts":1674178299870698089,"type":"point","name":"bandwidth-rate-out|cypress-provider|2|44","measures":{"value":5001.567294352799}}
{"ts":1674178303342044632,"type":"point","name":"bandwidth-total-in|cypress-provider|2|45","measures":{"value":977116}}
{"ts":1674178304019717132,"type":"point","name":"bandwidth-total-out|cypress-provider|2|45","measures":{"value":1401736}}
{"ts":1674178304147746341,"type":"point","name":"bandwidth-rate-in|cypress-provider|2|45","measures":{"value":1326.5977856926065}}
{"ts":1674178304659357383,"type":"point","name":"bandwidth-rate-out|cypress-provider|2|45","measures":{"value":7471.76927556625}}
{"ts":1674178307190511425,"type":"point","name":"num-hops|cypress-provider|29","measures":{"value":2}}
{"ts":1674178307196824467,"type":"point","name":"time-to-find-last|done|cypress-provider|29","measures":{"value":67527099779}}
{"ts":1674178307215781842,"type":"point","name":"time-to-find|done|cypress-provider|29","measures":{"value":113054713384}}
{"ts":1674178307231230842,"type":"point","name":"peers-found|done|cypress-provider|29","measures":{"value":50}}
{"ts":1674178307239310134,"type":"point","name":"peers-missing|done|cypress-provider|29","measures":{"value":0}}
{"ts":1674178307907473592,"type":"point","name":"bandwidth-total-in|cypress-provider|2|46","measures":{"value":1009757}}
{"ts":1674178307925219926,"type":"point","name":"bandwidth-total-out|cypress-provider|2|46","measures":{"value":1414064}}
{"ts":1674178308000317884,"type":"point","name":"bandwidth-rate-in|cypress-provider|2|46","measures":{"value":6242.557224583919}}
{"ts":1674178308035361467,"type":"point","name":"bandwidth-rate-out|cypress-provider|2|46","measures":{"value":6191.375530203212}}
{"ts":1674178312970093470,"type":"point","name":"bandwidth-total-in|cypress-provider|2|47","measures":{"value":1017087}}
{"ts":1674178313356434095,"type":"point","name":"bandwidth-total-out|cypress-provider|2|47","measures":{"value":1430912}}
{"ts":1674178313398080220,"type":"point","name":"bandwidth-rate-in|cypress-provider|2|47","measures":{"value":1969.1038777773847}}
{"ts":1674178313409479220,"type":"point","name":"bandwidth-rate-out|cypress-provider|2|47","measures":{"value":2214.2919651111088}}
{"ts":1674178317905998514,"type":"point","name":"bandwidth-total-in|cypress-provider|2|48","measures":{"value":1021809}}
{"ts":1674178317915635722,"type":"point","name":"bandwidth-total-out|cypress-provider|2|48","measures":{"value":1432429}}
{"ts":1674178317963270583,"type":"point","name":"bandwidth-rate-in|cypress-provider|2|48","measures":{"value":278.8398893285013}}
{"ts":1674178317984882791,"type":"point","name":"bandwidth-rate-out|cypress-provider|2|48","measures":{"value":421.1729091370732}}
{"ts":1674178322962285544,"type":"point","name":"bandwidth-total-in|cypress-provider|2|49","measures":{"value":1027029}}
{"ts":1674178323238447210,"type":"point","name":"bandwidth-total-out|cypress-provider|2|49","measures":{"value":1439283}}
{"ts":1674178323339312294,"type":"point","name":"bandwidth-rate-in|cypress-provider|2|49","measures":{"value":125.82979712880861}}
{"ts":1674178323343837752,"type":"point","name":"bandwidth-rate-out|cypress-provider|2|49","measures":{"value":1882.5532730760892}}
{"ts":1674178324902870878,"type":"point","name":"num-hops|cypress-provider|9","measures":{"value":2}}
{"ts":1674178325027766586,"type":"point","name":"time-to-find-last|done|cypress-provider|9","measures":{"value":9215439045}}
{"ts":1674178325340907711,"type":"point","name":"time-to-find|done|cypress-provider|9","measures":{"value":131730313935}}
{"ts":1674178325527854670,"type":"point","name":"peers-found|done|cypress-provider|9","measures":{"value":50}}
{"ts":1674178325690349295,"type":"point","name":"peers-missing|done|cypress-provider|9","measures":{"value":0}}
{"ts":1674178325580089003,"type":"point","name":"num-hops|cypress-provider|5","measures":{"value":3}}
{"ts":1674178326241681962,"type":"point","name":"time-to-find-last|done|cypress-provider|5","measures":{"value":4645910044}}
{"ts":1674178326336899504,"type":"point","name":"time-to-find|done|cypress-provider|5","measures":{"value":133574609102}}
{"ts":1674178326531229212,"type":"point","name":"peers-found|done|cypress-provider|5","measures":{"value":50}}
{"ts":1674178326672897795,"type":"point","name":"peers-missing|done|cypress-provider|5","measures":{"value":0}}
{"ts":1674178327051897212,"type":"point","name":"num-hops|cypress-provider|8","measures":{"value":2}}
{"ts":1674178327097550212,"type":"point","name":"time-to-find-last|done|cypress-provider|8","measures":{"value":5349041918}}
{"ts":1674178327174153129,"type":"point","name":"time-to-find|done|cypress-provider|8","measures":{"value":133563679811}}
{"ts":1674178327181633587,"type":"point","name":"peers-found|done|cypress-provider|8","measures":{"value":50}}
{"ts":1674178327196317087,"type":"point","name":"peers-missing|done|cypress-provider|8","measures":{"value":0}}
{"ts":1674178328125740963,"type":"point","name":"bandwidth-total-in|cypress-provider|2|50","measures":{"value":1066543}}
{"ts":1674178328735528255,"type":"point","name":"bandwidth-total-out|cypress-provider|2|50","measures":{"value":1482962}}
{"ts":1674178328769721088,"type":"point","name":"bandwidth-rate-in|cypress-provider|2|50","measures":{"value":10843.727007803334}}
{"ts":1674178328786281046,"type":"point","name":"bandwidth-rate-out|cypress-provider|2|50","measures":{"value":9143.548694928888}}
{"ts":1674178332935313673,"type":"point","name":"bandwidth-total-in|cypress-provider|2|51","measures":{"value":1087656}}
{"ts":1674178333010437173,"type":"point","name":"bandwidth-total-out|cypress-provider|2|51","measures":{"value":1489372}}
{"ts":1674178334612168132,"type":"point","name":"bandwidth-rate-in|cypress-provider|2|51","measures":{"value":1596.0941473517773}}
{"ts":1674178334774376549,"type":"point","name":"bandwidth-rate-out|cypress-provider|2|51","measures":{"value":1159.1961782155797}}
{"ts":1674178338240062343,"type":"point","name":"bandwidth-total-in|cypress-provider|2|52","measures":{"value":1089026}}
{"ts":1674178341904270053,"type":"point","name":"bandwidth-total-out|cypress-provider|2|52","measures":{"value":1489372}}
{"ts":1674178342451143220,"type":"point","name":"bandwidth-rate-in|cypress-provider|2|52","measures":{"value":209.83861032755289}}
{"ts":1674178342676517595,"type":"point","name":"bandwidth-rate-out|cypress-provider|2|52","measures":{"value":7.81060241035901}}
{"ts":1674178343075858886,"type":"point","name":"bandwidth-total-in|cypress-provider|2|53","measures":{"value":1089231}}
{"ts":1674178343455788512,"type":"point","name":"bandwidth-total-out|cypress-provider|2|53","measures":{"value":1489413}}
{"ts":1674178345025553346,"type":"point","name":"bandwidth-rate-in|cypress-provider|2|53","measures":{"value":116.78459294454913}}
{"ts":1674178345542847096,"type":"point","name":"bandwidth-rate-out|cypress-provider|2|53","measures":{"value":1.675550862742394}}
{"ts":1674178348631376416,"type":"point","name":"bandwidth-total-in|cypress-provider|2|54","measures":{"value":1094624}}
{"ts":1674178349161357750,"type":"point","name":"bandwidth-total-out|cypress-provider|2|54","measures":{"value":1496488}}
{"ts":1674178349295564333,"type":"point","name":"bandwidth-rate-in|cypress-provider|2|54","measures":{"value":1101.5791253348093}}
{"ts":1674178349543396834,"type":"point","name":"bandwidth-rate-out|cypress-provider|2|54","measures":{"value":452.2495560830243}}
{"ts":1674178349744394042,"type":"point","name":"num-hops|cypress-provider|33","measures":{"value":1}}
{"ts":1674178349873410375,"type":"point","name":"time-to-find-last|done|cypress-provider|33","measures":{"value":88520769664}}
{"ts":1674178349994142250,"type":"point","name":"time-to-find|done|cypress-provider|33","measures":{"value":155587678695}}
{"ts":1674178350092216542,"type":"point","name":"peers-found|done|cypress-provider|33","measures":{"value":50}}
{"ts":1674178350842999626,"type":"point","name":"peers-missing|done|cypress-provider|33","measures":{"value":0}}
{"ts":1674178352915121460,"type":"point","name":"bandwidth-total-in|cypress-provider|2|55","measures":{"value":1102445}}
{"ts":1674178352995582294,"type":"point","name":"bandwidth-total-out|cypress-provider|2|55","measures":{"value":1506427}}
{"ts":1674178353240581877,"type":"point","name":"bandwidth-rate-in|cypress-provider|2|55","measures":{"value":1397.4966545441182}}
{"ts":1674178353286329544,"type":"point","name":"bandwidth-rate-out|cypress-provider|2|55","measures":{"value":2555.5774963827657}}
{"ts":1674178353637531252,"type":"point","name":"num-hops|cypress-provider|21","measures":{"value":2}}
{"ts":1674178353651111836,"type":"point","name":"time-to-find-last|done|cypress-provider|21","measures":{"value":10316694546}}
{"ts":1674178353658547877,"type":"point","name":"time-to-find|done|cypress-provider|21","measures":{"value":159747960114}}
{"ts":1674178353876977544,"type":"point","name":"peers-found|done|cypress-provider|21","measures":{"value":50}}
{"ts":1674178354000657919,"type":"point","name":"peers-missing|done|cypress-provider|21","measures":{"value":0}}
{"ts":1674178354004129252,"type":"point","name":"num-hops|cypress-provider|14","measures":{"value":3}}
{"ts":1674178354629491419,"type":"point","name":"time-to-find-last|done|cypress-provider|14","measures":{"value":89939256249}}
{"ts":1674178355647007295,"type":"point","name":"time-to-find|done|cypress-provider|14","measures":{"value":162040387074}}
{"ts":1674178356271930295,"type":"point","name":"peers-found|done|cypress-provider|14","measures":{"value":50}}
{"ts":1674178356607339004,"type":"point","name":"peers-missing|done|cypress-provider|14","measures":{"value":0}}
{"ts":1674178355719493795,"type":"point","name":"num-hops|cypress-provider|11","measures":{"value":1}}
{"ts":1674178359151598671,"type":"point","name":"time-to-find-last|done|cypress-provider|11","measures":{"value":48075085938}}
{"ts":1674178359568523463,"type":"point","name":"time-to-find|done|cypress-provider|11","measures":{"value":165962292367}}
{"ts":1674178359777225963,"type":"point","name":"peers-found|done|cypress-provider|11","measures":{"value":50}}
{"ts":1674178359985203505,"type":"point","name":"peers-missing|done|cypress-provider|11","measures":{"value":0}}
{"ts":1674178358889930880,"type":"point","name":"bandwidth-total-in|cypress-provider|2|56","measures":{"value":1108310}}
{"ts":1674178360235578880,"type":"point","name":"bandwidth-total-out|cypress-provider|2|56","measures":{"value":1510055}}
{"ts":1674178360313416130,"type":"point","name":"bandwidth-rate-in|cypress-provider|2|56","measures":{"value":2072.609769516444}}
{"ts":1674178360469071005,"type":"point","name":"bandwidth-rate-out|cypress-provider|2|56","measures":{"value":385.6201572508202}}
{"ts":1674178363052151132,"type":"point","name":"bandwidth-total-in|cypress-provider|2|57","measures":{"value":1118885}}
{"ts":1674178363594113174,"type":"point","name":"bandwidth-total-out|cypress-provider|2|57","measures":{"value":1557944}}
{"ts":1674178363632557174,"type":"point","name":"bandwidth-rate-in|cypress-provider|2|57","measures":{"value":3221.760784165292}}
{"ts":1674178363681189049,"type":"point","name":"bandwidth-rate-out|cypress-provider|2|57","measures":{"value":21493.883937200088}}
{"ts":1674178368294055634,"type":"point","name":"bandwidth-total-in|cypress-provider|2|58","measures":{"value":1124779}}
{"ts":1674178368415198593,"type":"point","name":"bandwidth-total-out|cypress-provider|2|58","measures":{"value":1614309}}
{"ts":1674178368437533843,"type":"point","name":"bandwidth-rate-in|cypress-provider|2|58","measures":{"value":5380.04500370003}}
{"ts":1674178368450563676,"type":"point","name":"bandwidth-rate-out|cypress-provider|2|58","measures":{"value":15292.304028097135}}
{"ts":1674178369958625135,"type":"point","name":"num-hops|cypress-provider|38","measures":{"value":2}}
{"ts":1674178370214034302,"type":"point","name":"time-to-find-last|done|cypress-provider|38","measures":{"value":9374753212}}
{"ts":1674178370967987302,"type":"point","name":"time-to-find|done|cypress-provider|38","measures":{"value":176560880039}}
{"ts":1674178371079124552,"type":"point","name":"peers-found|done|cypress-provider|38","measures":{"value":50}}
{"ts":1674178371134593594,"type":"point","name":"peers-missing|done|cypress-provider|38","measures":{"value":0}}
{"ts":1674178373438260637,"type":"point","name":"bandwidth-total-in|cypress-provider|2|59","measures":{"value":1140144}}
{"ts":1674178374109058012,"type":"point","name":"bandwidth-total-out|cypress-provider|2|59","measures":{"value":1717803}}
{"ts":1674178375229519804,"type":"point","name":"bandwidth-rate-in|cypress-provider|2|59","measures":{"value":9791.46855056824}}
{"ts":1674178375378903888,"type":"point","name":"bandwidth-rate-out|cypress-provider|2|59","measures":{"value":12873.451748284811}}
{"ts":1674178373857078470,"type":"point","name":"num-hops|cypress-provider|4","measures":{"value":3}}
{"ts":1674178376325358846,"type":"point","name":"time-to-find-last|done|cypress-provider|4","measures":{"value":89882628582}}
{"ts":1674178376401028138,"type":"point","name":"time-to-find|done|cypress-provider|4","measures":{"value":183540388334}}
{"ts":1674178377064527097,"type":"point","name":"peers-found|done|cypress-provider|4","measures":{"value":50}}
{"ts":1674178377851613680,"type":"point","name":"peers-missing|done|cypress-provider|4","measures":{"value":0}}
{"ts":1674178377243401472,"type":"point","name":"num-hops|cypress-provider|16","measures":{"value":2}}
{"ts":1674178378036956000,"type":"point","name":"time-to-find-last|done|cypress-provider|16","measures":{"value":178642813624}}
{"ts":1674178378063222958,"type":"point","name":"time-to-find|done|cypress-provider|16","measures":{"value":184455590209}}
{"ts":1674178378109217208,"type":"point","name":"peers-found|done|cypress-provider|16","measures":{"value":50}}
{"ts":1674178378231627750,"type":"point","name":"peers-missing|done|cypress-provider|16","measures":{"value":0}}
{"ts":1674178377545577972,"type":"point","name":"num-hops|cypress-provider|22","measures":{"value":4}}
{"ts":1674178378389268458,"type":"point","name":"time-to-find-last|done|cypress-provider|22","measures":{"value":41890703226}}
{"ts":1674178378434155041,"type":"point","name":"time-to-find|done|cypress-provider|22","measures":{"value":184526833041}}
{"ts":1674178378495544000,"type":"point","name":"peers-found|done|cypress-provider|22","measures":{"value":50}}
{"ts":1674178378518741375,"type":"point","name":"peers-missing|done|cypress-provider|22","measures":{"value":0}}
{"ts":1674178377930645764,"type":"point","name":"bandwidth-total-in|cypress-provider|2|60","measures":{"value":1182471}}
{"ts":1674178378710176083,"type":"point","name":"bandwidth-total-out|cypress-provider|2|60","measures":{"value":1825486}}
{"ts":1674178378803796833,"type":"point","name":"bandwidth-rate-in|cypress-provider|2|60","measures":{"value":3820.9670698626137}}
{"ts":1674178378895015875,"type":"point","name":"bandwidth-rate-out|cypress-provider|2|60","measures":{"value":25043.87910419972}}
{"ts":1674178376228957888,"type":"point","name":"num-hops|cypress-provider|32","measures":{"value":2}}
{"ts":1674178379094461750,"type":"point","name":"time-to-find-last|done|cypress-provider|32","measures":{"value":61982144944}}
{"ts":1674178379132915708,"type":"point","name":"time-to-find|done|cypress-provider|32","measures":{"value":184729932000}}
{"ts":1674178379279757917,"type":"point","name":"peers-found|done|cypress-provider|32","measures":{"value":50}}
{"ts":1674178379359969833,"type":"point","name":"peers-missing|done|cypress-provider|32","measures":{"value":0}}
{"ts":1674178379738792250,"type":"point","name":"num-hops|cypress-provider|26","measures":{"value":2}}
{"ts":1674178379817884084,"type":"point","name":"time-to-find-last|done|cypress-provider|26","measures":{"value":62813030653}}
{"ts":1674178379898671292,"type":"point","name":"time-to-find|done|cypress-provider|26","measures":{"value":185990613876}}
{"ts":1674178379921497625,"type":"point","name":"peers-found|done|cypress-provider|26","measures":{"value":50}}
{"ts":1674178380109274209,"type":"point","name":"peers-missing|done|cypress-provider|26","measures":{"value":0}}
{"ts":1674178379864870292,"type":"point","name":"num-hops|cypress-provider|10","measures":{"value":2}}
{"ts":1674178380461404126,"type":"point","name":"time-to-find-last|done|cypress-provider|10","measures":{"value":9914268295}}
{"ts":1674178380580122167,"type":"point","name":"time-to-find|done|cypress-provider|10","measures":{"value":186977371209}}
{"ts":1674178380669793917,"type":"point","name":"peers-found|done|cypress-provider|10","measures":{"value":50}}
{"ts":1674178380701044834,"type":"point","name":"peers-missing|done|cypress-provider|10","measures":{"value":0}}
{"ts":1674178380573305167,"type":"point","name":"num-hops|cypress-provider|2","measures":{"value":3}}
{"ts":1674178380900828751,"type":"point","name":"time-to-find-last|done|cypress-provider|2","measures":{"value":62313360403}}
{"ts":1674178379918801125,"type":"point","name":"num-hops|cypress-provider|30","measures":{"value":3}}
{"ts":1674178380999233084,"type":"point","name":"time-to-find-last|done|cypress-provider|30","measures":{"value":96071709959}}
{"ts":1674178381024174751,"type":"point","name":"time-to-find|done|cypress-provider|30","measures":{"value":186617563293}}
{"ts":1674178381065172001,"type":"point","name":"peers-found|done|cypress-provider|30","measures":{"value":50}}
{"ts":1674178379754545417,"type":"point","name":"num-hops|cypress-provider|7","measures":{"value":2}}
{"ts":1674178381185769126,"type":"point","name":"time-to-find-last|done|cypress-provider|7","measures":{"value":90917968541}}
{"ts":1674178381237254584,"type":"point","name":"time-to-find|done|cypress-provider|7","measures":{"value":188271127877}}
{"ts":1674178381315718543,"type":"point","name":"peers-found|done|cypress-provider|7","measures":{"value":50}}
{"ts":1674178381338909668,"type":"point","name":"peers-missing|done|cypress-provider|7","measures":{"value":0}}
{"ts":1674178380964756918,"type":"point","name":"time-to-find|done|cypress-provider|2","measures":{"value":187506859210}}
{"ts":1674178381524312793,"type":"point","name":"peers-found|done|cypress-provider|2","measures":{"value":50}}
{"ts":1674178381802830835,"type":"point","name":"peers-missing|done|cypress-provider|2","measures":{"value":0}}
{"ts":1674178380525190459,"type":"point","name":"num-hops|cypress-provider|12","measures":{"value":2}}
{"ts":1674178382185860668,"type":"point","name":"time-to-find-last|done|cypress-provider|12","measures":{"value":99361222461}}
{"ts":1674178382300247127,"type":"point","name":"time-to-find|done|cypress-provider|12","measures":{"value":188697226794}}
{"ts":1674178382410202127,"type":"point","name":"peers-found|done|cypress-provider|12","measures":{"value":50}}
{"ts":1674178382480885293,"type":"point","name":"peers-missing|done|cypress-provider|12","measures":{"value":0}}
{"ts":1674178381202799376,"type":"point","name":"peers-missing|done|cypress-provider|30","measures":{"value":0}}
{"ts":1674178379870264834,"type":"point","name":"num-hops|cypress-provider|18","measures":{"value":3}}
{"ts":1674178382613456543,"type":"point","name":"time-to-find-last|done|cypress-provider|18","measures":{"value":62448662069}}
{"ts":1674178382650188543,"type":"point","name":"time-to-find|done|cypress-provider|18","measures":{"value":188744193168}}
{"ts":1674178382731546877,"type":"point","name":"peers-found|done|cypress-provider|18","measures":{"value":50}}
{"ts":1674178382761377668,"type":"point","name":"peers-missing|done|cypress-provider|18","measures":{"value":0}}
{"ts":1674178380886236751,"type":"point","name":"num-hops|cypress-provider|34","measures":{"value":3}}
{"ts":1674178383072776169,"type":"point","name":"time-to-find-last|done|cypress-provider|34","measures":{"value":184307507000}}
{"ts":1674178383350850960,"type":"point","name":"time-to-find|done|cypress-provider|34","measures":{"value":188947644877}}
{"ts":1674178383367828585,"type":"point","name":"peers-found|done|cypress-provider|34","measures":{"value":50}}
{"ts":1674178383390976877,"type":"point","name":"peers-missing|done|cypress-provider|34","measures":{"value":0}}
{"ts":1674178383067786169,"type":"point","name":"bandwidth-total-in|cypress-provider|2|61","measures":{"value":1268079}}
{"ts":1674178383453614210,"type":"point","name":"bandwidth-total-out|cypress-provider|2|61","measures":{"value":1976922}}
{"ts":1674178383633898127,"type":"point","name":"bandwidth-rate-in|cypress-provider|2|61","measures":{"value":5199.811038354951}}
{"ts":1674178383839700544,"type":"point","name":"bandwidth-rate-out|cypress-provider|2|61","measures":{"value":18031.70440504513}}
{"ts":1674178384350838753,"type":"point","name":"num-hops|cypress-provider|20","measures":{"value":3}}
{"ts":1674178384424810294,"type":"point","name":"time-to-find-last|done|cypress-provider|20","measures":{"value":8899252962}}
{"ts":1674178384461042336,"type":"point","name":"time-to-find|done|cypress-provider|20","measures":{"value":190554331128}}
{"ts":1674178384503089628,"type":"point","name":"peers-found|done|cypress-provider|20","measures":{"value":50}}
{"ts":1674178384523079211,"type":"point","name":"peers-missing|done|cypress-provider|20","measures":{"value":0}}
{"ts":1674178385727268503,"type":"point","name":"num-hops|cypress-provider|0","measures":{"value":2}}
{"ts":1674178386228460128,"type":"point","name":"time-to-find-last|done|cypress-provider|0","measures":{"value":180543538290}}
{"ts":1674178386334020795,"type":"point","name":"time-to-find|done|cypress-provider|0","measures":{"value":193171392712}}
{"ts":1674178386481151504,"type":"point","name":"peers-found|done|cypress-provider|0","measures":{"value":50}}
{"ts":1674178386721100670,"type":"point","name":"peers-missing|done|cypress-provider|0","measures":{"value":0}}
{"ts":1674178386760232087,"type":"point","name":"num-hops|cypress-provider|25","measures":{"value":3}}
{"ts":1674178386975330504,"type":"point","name":"time-to-find-last|done|cypress-provider|25","measures":{"value":91198767499}}
{"ts":1674178387057201670,"type":"point","name":"time-to-find|done|cypress-provider|25","measures":{"value":193149200254}}
{"ts":1674178387127572462,"type":"point","name":"peers-found|done|cypress-provider|25","measures":{"value":50}}
{"ts":1674178387205691879,"type":"point","name":"peers-missing|done|cypress-provider|25","measures":{"value":0}}
{"ts":1674178387142279671,"type":"point","name":"num-hops|cypress-provider|13","measures":{"value":2}}
{"ts":1674178387253049629,"type":"point","name":"time-to-find-last|done|cypress-provider|13","measures":{"value":93219396792}}
{"ts":1674178387269134879,"type":"point","name":"time-to-find|done|cypress-provider|13","measures":{"value":193666047255}}
{"ts":1674178387274815671,"type":"point","name":"peers-found|done|cypress-provider|13","measures":{"value":50}}
{"ts":1674178387293308004,"type":"point","name":"peers-missing|done|cypress-provider|13","measures":{"value":0}}
{"ts":1674178387229706421,"type":"point","name":"num-hops|cypress-provider|15","measures":{"value":2}}
{"ts":1674178387426226046,"type":"point","name":"time-to-find-last|done|cypress-provider|15","measures":{"value":47994158271}}
{"ts":1674178387542605879,"type":"point","name":"time-to-find|done|cypress-provider|15","measures":{"value":193882633838}}
{"ts":1674178387745694004,"type":"point","name":"peers-found|done|cypress-provider|15","measures":{"value":50}}
{"ts":1674178387759515587,"type":"point","name":"peers-missing|done|cypress-provider|15","measures":{"value":0}}
{"ts":1674178387979513296,"type":"point","name":"bandwidth-total-in|cypress-provider|2|62","measures":{"value":1276203}}
{"ts":1674178388167414213,"type":"point","name":"bandwidth-total-out|cypress-provider|2|62","measures":{"value":1997851}}
{"ts":1674178388345747921,"type":"point","name":"bandwidth-rate-in|cypress-provider|2|62","measures":{"value":1302.0283787506905}}
{"ts":1674178388809707505,"type":"point","name":"bandwidth-rate-out|cypress-provider|2|62","measures":{"value":5118.019334708855}}
{"ts":1674178392998078548,"type":"point","name":"bandwidth-total-in|cypress-provider|2|63","measures":{"value":1281747}}
{"ts":1674178393023203632,"type":"point","name":"bandwidth-total-out|cypress-provider|2|63","measures":{"value":2021047}}
{"ts":1674178393087668798,"type":"point","name":"bandwidth-rate-in|cypress-provider|2|63","measures":{"value":309.55962628247266}}
{"ts":1674178393202853340,"type":"point","name":"bandwidth-rate-out|cypress-provider|2|63","measures":{"value":2551.0947347874576}}
{"ts":1674178393065964132,"type":"point","name":"num-hops|cypress-provider|35","measures":{"value":4}}
{"ts":1674178393364967257,"type":"point","name":"time-to-find-last|done|cypress-provider|35","measures":{"value":63231459361}}
{"ts":1674178393494560382,"type":"point","name":"time-to-find|done|cypress-provider|35","measures":{"value":199090988632}}
{"ts":1674178393577082007,"type":"point","name":"peers-found|done|cypress-provider|35","measures":{"value":50}}
{"ts":1674178393621524590,"type":"point","name":"peers-missing|done|cypress-provider|35","measures":{"value":0}}
{"ts":1674178394434137882,"type":"point","name":"num-hops|cypress-provider|6","measures":{"value":6}}
{"ts":1674178394491200799,"type":"point","name":"time-to-find-last|done|cypress-provider|6","measures":{"value":110175542258}}
{"ts":1674178394543953216,"type":"point","name":"time-to-find|done|cypress-provider|6","measures":{"value":200938462716}}
{"ts":1674178394553086924,"type":"point","name":"peers-found|done|cypress-provider|6","measures":{"value":50}}
{"ts":1674178394562783716,"type":"point","name":"peers-missing|done|cypress-provider|6","measures":{"value":0}}
{"ts":1674178394642242341,"type":"point","name":"num-hops|cypress-provider|19","measures":{"value":4}}
{"ts":1674178394686743007,"type":"point","name":"time-to-find-last|done|cypress-provider|19","measures":{"value":67749457571}}
{"ts":1674178394911090508,"type":"point","name":"time-to-find|done|cypress-provider|19","measures":{"value":201004978883}}
{"ts":1674178394939096716,"type":"point","name":"peers-found|done|cypress-provider|19","measures":{"value":50}}
{"ts":1674178394974717424,"type":"point","name":"peers-missing|done|cypress-provider|19","measures":{"value":0}}
{"ts":1674178394659089257,"type":"point","name":"num-hops|cypress-provider|23","measures":{"value":4}}
{"ts":1674178395013749299,"type":"point","name":"time-to-find-last|done|cypress-provider|23","measures":{"value":88009320914}}
{"ts":1674178395032896549,"type":"point","name":"time-to-find|done|cypress-provider|23","measures":{"value":201125094758}}
{"ts":1674178395113610133,"type":"point","name":"peers-found|done|cypress-provider|23","measures":{"value":50}}
{"ts":1674178395177953133,"type":"point","name":"peers-missing|done|cypress-provider|23","measures":{"value":0}}
{"ts":1674178395052789174,"type":"point","name":"num-hops|cypress-provider|27","measures":{"value":2}}
{"ts":1674178395267591966,"type":"point","name":"time-to-find-last|done|cypress-provider|27","measures":{"value":110126924258}}
{"ts":1674178395424506549,"type":"point","name":"time-to-find|done|cypress-provider|27","measures":{"value":201267808258}}
{"ts":1674178395532562341,"type":"point","name":"peers-found|done|cypress-provider|27","measures":{"value":50}}
{"ts":1674178395550034675,"type":"point","name":"peers-missing|done|cypress-provider|27","measures":{"value":0}}
{"ts":1674178396247462383,"type":"point","name":"num-hops|cypress-provider|31","measures":{"value":5}}
{"ts":1674178396338474467,"type":"point","name":"time-to-find-last|done|cypress-provider|31","measures":{"value":96550265293}}
{"ts":1674178396416810092,"type":"point","name":"time-to-find|done|cypress-provider|31","measures":{"value":202013918133}}
{"ts":1674178396430131300,"type":"point","name":"peers-found|done|cypress-provider|31","measures":{"value":50}}
{"ts":1674178396443316342,"type":"point","name":"peers-missing|done|cypress-provider|31","measures":{"value":0}}
{"ts":1674178397910196467,"type":"point","name":"bandwidth-total-in|cypress-provider|2|64","measures":{"value":1297974}}
{"ts":1674178397936177217,"type":"point","name":"bandwidth-total-out|cypress-provider|2|64","measures":{"value":2030239}}
{"ts":1674178397957079259,"type":"point","name":"bandwidth-rate-in|cypress-provider|2|64","measures":{"value":2189.226026658632}}
{"ts":1674178397966134509,"type":"point","name":"bandwidth-rate-out|cypress-provider|2|64","measures":{"value":1741.0835485982814}}
{"ts":1674178398813913468,"type":"point","name":"num-hops|cypress-provider|39","measures":{"value":4}}
{"ts":1674178398875849926,"type":"point","name":"time-to-find-last|done|cypress-provider|39","measures":{"value":60170459319}}
{"ts":1674178398941852843,"type":"point","name":"time-to-find|done|cypress-provider|39","measures":{"value":205334609302}}
{"ts":1674178398969107301,"type":"point","name":"peers-found|done|cypress-provider|39","measures":{"value":50}}
{"ts":1674178399002172676,"type":"point","name":"peers-missing|done|cypress-provider|39","measures":{"value":0}}
{"ts":1674178400308907968,"type":"point","name":"num-hops|cypress-provider|28","measures":{"value":3}}
{"ts":1674178400338784677,"type":"point","name":"time-to-find-last|done|cypress-provider|28","measures":{"value":63066324778}}
{"ts":1674178400360469177,"type":"point","name":"time-to-find|done|cypress-provider|28","measures":{"value":206201697677}}
{"ts":1674178400406082594,"type":"point","name":"peers-found|done|cypress-provider|28","measures":{"value":50}}
{"ts":1674178400416218635,"type":"point","name":"peers-missing|done|cypress-provider|28","measures":{"value":0}}
{"ts":1674178401710504386,"type":"point","name":"num-hops|cypress-provider|24","measures":{"value":2}}
{"ts":1674178401735798511,"type":"point","name":"time-to-find-last|done|cypress-provider|24","measures":{"value":80586334036}}
{"ts":1674178401744632302,"type":"point","name":"time-to-find|done|cypress-provider|24","measures":{"value":207836746428}}
{"ts":1674178401766617844,"type":"point","name":"peers-found|done|cypress-provider|24","measures":{"value":50}}
{"ts":1674178401805767803,"type":"point","name":"peers-missing|done|cypress-provider|24","measures":{"value":0}}
{"ts":1674178401766935219,"type":"point","name":"num-hops|cypress-provider|37","measures":{"value":3}}
{"ts":1674178401886825553,"type":"point","name":"time-to-find-last|done|cypress-provider|37","measures":{"value":91005917083}}
{"ts":1674178401912711261,"type":"point","name":"time-to-find|done|cypress-provider|37","measures":{"value":207509003053}}
{"ts":1674178401931980469,"type":"point","name":"peers-found|done|cypress-provider|37","measures":{"value":50}}
{"ts":1674178401959881303,"type":"point","name":"peers-missing|done|cypress-provider|37","measures":{"value":0}}
{"ts":1674178401990007178,"type":"point","name":"num-hops|cypress-provider|36","measures":{"value":5}}
{"ts":1674178402081266553,"type":"point","name":"time-to-find-last|done|cypress-provider|36","measures":{"value":94373625542}}
{"ts":1674178402112552386,"type":"point","name":"time-to-find|done|cypress-provider|36","measures":{"value":207708907845}}
{"ts":1674178402131910844,"type":"point","name":"peers-found|done|cypress-provider|36","measures":{"value":50}}
{"ts":1674178402167743886,"type":"point","name":"peers-missing|done|cypress-provider|36","measures":{"value":0}}
{"ts":1674178402958260803,"type":"point","name":"bandwidth-total-in|cypress-provider|2|65","measures":{"value":1300762}}
{"ts":1674178403101714886,"type":"point","name":"bandwidth-total-out|cypress-provider|2|65","measures":{"value":2044937}}
{"ts":1674178403184840470,"type":"point","name":"bandwidth-rate-in|cypress-provider|2|65","measures":{"value":518.0721115381992}}
{"ts":1674178403273143678,"type":"point","name":"bandwidth-rate-out|cypress-provider|2|65","measures":{"value":468.23867155078875}}
{"ts":1674178407964245972,"type":"point","name":"bandwidth-total-in|cypress-provider|2|66","measures":{"value":1302115}}
{"ts":1674178408212470541,"type":"point","name":"bandwidth-total-out|cypress-provider|2|66","measures":{"value":2050606}}
{"ts":1674178408468472708,"type":"point","name":"bandwidth-rate-in|cypress-provider|2|66","measures":{"value":547.578162799132}}
{"ts":1674178408588659916,"type":"point","name":"bandwidth-rate-out|cypress-provider|2|66","measures":{"value":327.24053111986643}}
{"ts":1674178411016433209,"type":"point","name":"num-hops|cypress-provider|3","measures":{"value":2}}
{"ts":1674178411097556668,"type":"point","name":"time-to-find-last|done|cypress-provider|3","measures":{"value":60099745736}}
{"ts":1674178411106688751,"type":"point","name":"time-to-find|done|cypress-provider|3","measures":{"value":218173816558}}
{"ts":1674178411207847959,"type":"point","name":"peers-found|done|cypress-provider|3","measures":{"value":50}}
{"ts":1674178411235892043,"type":"point","name":"peers-missing|done|cypress-provider|3","measures":{"value":0}}
{"ts":1674178411279256001,"type":"point","name":"num-hops|cypress-provider|17","measures":{"value":1}}
{"ts":1674178411322680209,"type":"point","name":"time-to-find-last|done|cypress-provider|17","measures":{"value":183836643626}}
{"ts":1674178411424572084,"type":"point","name":"time-to-find|done|cypress-provider|17","measures":{"value":217335002766}}
{"ts":1674178411435641126,"type":"point","name":"peers-found|done|cypress-provider|17","measures":{"value":50}}
{"ts":1674178411482574834,"type":"point","name":"peers-missing|done|cypress-provider|17","measures":{"value":0}}
{"ts":1674178411628502376,"type":"point","name":"signal provider-records2","measures":{"value":139434083}}
{"ts":1674178412908131293,"type":"point","name":"bandwidth-total-in|cypress-provider|2|67","measures":{"value":1305314}}
{"ts":1674178412978196460,"type":"point","name":"bandwidth-total-out|cypress-provider|2|67","measures":{"value":2050940}}
{"ts":1674178413001392460,"type":"point","name":"bandwidth-rate-in|cypress-provider|2|67","measures":{"value":89.71663303557999}}
{"ts":1674178413090481794,"type":"point","name":"bandwidth-rate-out|cypress-provider|2|67","measures":{"value":11.633932250403982}}
{"ts":1674178417919923129,"type":"point","name":"bandwidth-total-in|cypress-provider|2|68","measures":{"value":1305314}}
{"ts":1674178417931906796,"type":"point","name":"bandwidth-total-out|cypress-provider|2|68","measures":{"value":2050940}}
{"ts":1674178417942786421,"type":"point","name":"bandwidth-rate-in|cypress-provider|2|68","measures":{"value":0.6045059183301384}}
{"ts":1674178417975937463,"type":"point","name":"bandwidth-rate-out|cypress-provider|2|68","measures":{"value":0.07838881889417315}}
{"ts":1674178420753105589,"type":"point","name":"barrierprovider-records2","measures":{"value":9084760755}}
{"ts":1674178421248899256,"type":"point","name":"full provider-records2","measures":{"value":228499035354}}
{"ts":1674178423012629173,"type":"point","name":"bandwidth-total-in|cypress-provider|2|69","measures":{"value":1305314}}
{"ts":1674178423017514215,"type":"point","name":"bandwidth-total-out|cypress-provider|2|69","measures":{"value":2050940}}
{"ts":1674178423076833465,"type":"point","name":"bandwidth-rate-in|cypress-provider|2|69","measures":{"value":0.011071912106237453}}
{"ts":1674178423209861757,"type":"point","name":"bandwidth-rate-out|cypress-provider|2|69","measures":{"value":0.0014357412997800586}}
{"ts":1674178428136634926,"type":"point","name":"bandwidth-total-in|cypress-provider|2|70","measures":{"value":1305314}}
{"ts":1674178428180758342,"type":"point","name":"bandwidth-total-out|cypress-provider|2|70","measures":{"value":2050940}}
{"ts":1674178428226298342,"type":"point","name":"bandwidth-rate-in|cypress-provider|2|70","measures":{"value":0.000027444526233194695}}
{"ts":1674178428236103217,"type":"point","name":"bandwidth-rate-out|cypress-provider|2|70","measures":{"value":0.0000035588468719596074}}
{"ts":1674178432958718803,"type":"point","name":"bandwidth-total-in|cypress-provider|2|71","measures":{"value":1305314}}
{"ts":1674178433131614720,"type":"point","name":"bandwidth-total-out|cypress-provider|2|71","measures":{"value":2050940}}
{"ts":1674178433190783386,"type":"point","name":"bandwidth-rate-in|cypress-provider|2|71","measures":{"value":1.849197631742766e-7}}
{"ts":1674178433203458845,"type":"point","name":"bandwidth-rate-out|cypress-provider|2|71","measures":{"value":2.397932160112494e-8}}
{"ts":1674178437913353472,"type":"point","name":"bandwidth-total-in|cypress-provider|2|72","measures":{"value":1305314}}
{"ts":1674178437916483514,"type":"point","name":"bandwidth-total-out|cypress-provider|2|72","measures":{"value":2050940}}
{"ts":1674178437919734889,"type":"point","name":"bandwidth-rate-in|cypress-provider|2|72","measures":{"value":1.2459795633517127e-9}}
{"ts":1674178437976773930,"type":"point","name":"bandwidth-rate-out|cypress-provider|2|72","measures":{"value":1.6157139802240513e-10}}
{"ts":1674178443340724960,"type":"point","name":"bandwidth-total-in|cypress-provider|2|73","measures":{"value":1305314}}
{"ts":1674178443434984794,"type":"point","name":"bandwidth-total-out|cypress-provider|2|73","measures":{"value":2050940}}
{"ts":1674178443445197669,"type":"point","name":"bandwidth-rate-in|cypress-provider|2|73","measures":{"value":8.395344259807493e-12}}
{"ts":1674178443455243877,"type":"point","name":"bandwidth-rate-out|cypress-provider|2|73","measures":{"value":1.0886595164431084e-12}}
{"ts":1674178447949884879,"type":"point","name":"bandwidth-total-in|cypress-provider|2|74","measures":{"value":1305314}}
{"ts":1674178447959842629,"type":"point","name":"bandwidth-total-out|cypress-provider|2|74","measures":{"value":2050940}}
{"ts":1674178447966864338,"type":"point","name":"bandwidth-rate-in|cypress-provider|2|74","measures":{"value":0}}
{"ts":1674178447986640504,"type":"point","name":"bandwidth-rate-out|cypress-provider|2|74","measures":{"value":0}}
{"ts":1674178453566291007,"type":"point","name":"bandwidth-total-in|cypress-provider|2|75","measures":{"value":1305314}}
{"ts":1674178453587535215,"type":"point","name":"bandwidth-total-out|cypress-provider|2|75","measures":{"value":2050940}}
{"ts":1674178453630798049,"type":"point","name":"bandwidth-rate-in|cypress-provider|2|75","measures":{"value":0}}
{"ts":1674178453754015882,"type":"point","name":"bandwidth-rate-out|cypress-provider|2|75","measures":{"value":0}}
{"ts":1674178459128092843,"type":"point","name":"bandwidth-total-in|cypress-provider|2|76","measures":{"value":1305314}}
{"ts":1674178459210936968,"type":"point","name":"bandwidth-total-out|cypress-provider|2|76","measures":{"value":2050940}}
{"ts":1674178459627701510,"type":"point","name":"bandwidth-rate-in|cypress-provider|2|76","measures":{"value":0}}
{"ts":1674178459673782510,"type":"point","name":"bandwidth-rate-out|cypress-provider|2|76","measures":{"value":0}}
{"ts":1674178462911160970,"type":"point","name":"bandwidth-total-in|cypress-provider|2|77","measures":{"value":1305314}}
{"ts":1674178462914255928,"type":"point","name":"bandwidth-total-out|cypress-provider|2|77","measures":{"value":2050940}}
{"ts":1674178462917762386,"type":"point","name":"bandwidth-rate-in|cypress-provider|2|77","measures":{"value":0}}
{"ts":1674178462921870511,"type":"point","name":"bandwidth-rate-out|cypress-provider|2|77","measures":{"value":0}}
{"ts":1674178467921143930,"type":"point","name":"bandwidth-total-in|cypress-provider|2|78","measures":{"value":1305314}}
{"ts":1674178467939890014,"type":"point","name":"bandwidth-total-out|cypress-provider|2|78","measures":{"value":2050940}}
{"ts":1674178467951227430,"type":"point","name":"bandwidth-rate-in|cypress-provider|2|78","measures":{"value":0}}
{"ts":1674178468018522972,"type":"point","name":"bandwidth-rate-out|cypress-provider|2|78","measures":{"value":0}}
{"ts":1674178472976307502,"type":"point","name":"bandwidth-total-in|cypress-provider|2|79","measures":{"value":1305314}}
{"ts":1674178472996617044,"type":"point","name":"bandwidth-total-out|cypress-provider|2|79","measures":{"value":2050940}}
{"ts":1674178473003081044,"type":"point","name":"bandwidth-rate-in|cypress-provider|2|79","measures":{"value":0}}
{"ts":1674178473006169127,"type":"point","name":"bandwidth-rate-out|cypress-provider|2|79","measures":{"value":0}}
{"ts":1674178477959593838,"type":"point","name":"bandwidth-total-in|cypress-provider|2|80","measures":{"value":1305314}}
{"ts":1674178478013120379,"type":"point","name":"bandwidth-total-out|cypress-provider|2|80","measures":{"value":2050940}}
{"ts":1674178478082388671,"type":"point","name":"bandwidth-rate-in|cypress-provider|2|80","measures":{"value":0}}
{"ts":1674178478154973754,"type":"point","name":"bandwidth-rate-out|cypress-provider|2|80","measures":{"value":0}}
{"ts":1674178483090012215,"type":"point","name":"bandwidth-total-in|cypress-provider|2|81","measures":{"value":1305314}}
{"ts":1674178483156325715,"type":"point","name":"bandwidth-total-out|cypress-provider|2|81","measures":{"value":2050940}}
{"ts":1674178483161916923,"type":"point","name":"bandwidth-rate-in|cypress-provider|2|81","measures":{"value":0}}
{"ts":1674178483165353090,"type":"point","name":"bandwidth-rate-out|cypress-provider|2|81","measures":{"value":0}}
{"ts":1674178488039196426,"type":"point","name":"bandwidth-total-in|cypress-provider|2|82","measures":{"value":1305314}}
{"ts":1674178488287468926,"type":"point","name":"bandwidth-total-out|cypress-provider|2|82","measures":{"value":2050940}}
{"ts":1674178488290334259,"type":"point","name":"bandwidth-rate-in|cypress-provider|2|82","measures":{"value":0}}
{"ts":1674178488294685759,"type":"point","name":"bandwidth-rate-out|cypress-provider|2|82","measures":{"value":0}}
{"ts":1674178493325384803,"type":"point","name":"bandwidth-total-in|cypress-provider|2|83","measures":{"value":1305314}}
{"ts":1674178493333325803,"type":"point","name":"bandwidth-total-out|cypress-provider|2|83","measures":{"value":2050940}}
{"ts":1674178493337642595,"type":"point","name":"bandwidth-rate-in|cypress-provider|2|83","measures":{"value":0}}
{"ts":1674178493341316178,"type":"point","name":"bandwidth-rate-out|cypress-provider|2|83","measures":{"value":0}}
{"ts":1674178497967149347,"type":"point","name":"bandwidth-total-in|cypress-provider|2|84","measures":{"value":1305314}}
{"ts":1674178497985914180,"type":"point","name":"bandwidth-total-out|cypress-provider|2|84","measures":{"value":2050940}}
{"ts":1674178498002503097,"type":"point","name":"bandwidth-rate-in|cypress-provider|2|84","measures":{"value":0}}
{"ts":1674178498007988389,"type":"point","name":"bandwidth-rate-out|cypress-provider|2|84","measures":{"value":0}}
