{"ts":1675447032209226295,"type":"point","name":"bandwidth-total-in|cypress-provider|14|0","measures":{"value":199781}}
{"ts":1675447032210685962,"type":"point","name":"bandwidth-total-out|cypress-provider|14|0","measures":{"value":203461}}
{"ts":1675447032212239962,"type":"point","name":"bandwidth-rate-in|cypress-provider|14|0","measures":{"value":0.5494857181437628}}
{"ts":1675447032213628587,"type":"point","name":"bandwidth-rate-out|cypress-provider|14|0","measures":{"value":0.4077262130501795}}
{"ts":1675447050016051720,"type":"point","name":"signal bootstrapping0","measures":{"value":39814458}}
{"ts":1675447050158532137,"type":"point","name":"barrierbootstrapping0","measures":{"value":134387167}}
{"ts":1675447050207268596,"type":"point","name":"full bootstrapping0","measures":{"value":36908023601}}
{"ts":1675447052253877347,"type":"point","name":"bandwidth-total-in|cypress-provider|14|1","measures":{"value":221554}}
{"ts":1675447052261260388,"type":"point","name":"bandwidth-total-out|cypress-provider|14|1","measures":{"value":237010}}
{"ts":1675447052480971055,"type":"point","name":"bandwidth-rate-in|cypress-provider|14|1","measures":{"value":88.48745555426012}}
{"ts":1675447052505922138,"type":"point","name":"bandwidth-rate-out|cypress-provider|14|1","measures":{"value":1430.0851417127951}}
{"ts":1675447072211498925,"type":"point","name":"bandwidth-total-in|cypress-provider|14|2","measures":{"value":742978}}
{"ts":1675447072257145675,"type":"point","name":"bandwidth-total-out|cypress-provider|14|2","measures":{"value":538777}}
{"ts":1675447072292707758,"type":"point","name":"bandwidth-rate-in|cypress-provider|14|2","measures":{"value":13570.57492492019}}
{"ts":1675447072311776300,"type":"point","name":"bandwidth-rate-out|cypress-provider|14|2","measures":{"value":20475.4862491115}}
{"ts":1675447084872398583,"type":"point","name":"time-to-provide-19","measures":{"value":32711036806}}
{"ts":1675447085461535125,"type":"point","name":"time-to-provide-14","measures":{"value":33295582348}}
{"ts":1675447085492404500,"type":"point","name":"time-to-provide-1","measures":{"value":33327833973}}
{"ts":1675447085663220125,"type":"point","name":"time-to-provide-11","measures":{"value":33496684098}}
{"ts":1675447085769057001,"type":"point","name":"time-to-provide-2","measures":{"value":33603880223}}
{"ts":1675447085905363209,"type":"point","name":"time-to-provide-9","measures":{"value":33743302474}}
{"ts":1675447085980307209,"type":"point","name":"time-to-provide-18","measures":{"value":33812643098}}
{"ts":1675447086432583751,"type":"point","name":"time-to-provide-5","measures":{"value":34267120807}}
{"ts":1675447086681408043,"type":"point","name":"time-to-provide-0","measures":{"value":34517782974}}
{"ts":1675447086718285001,"type":"point","name":"time-to-provide-12","measures":{"value":34551201849}}
{"ts":1675447086780867334,"type":"point","name":"time-to-provide-3","measures":{"value":34615558473}}
{"ts":1675447086808501626,"type":"point","name":"time-to-provide-7","measures":{"value":34642880391}}
{"ts":1675447086815097126,"type":"point","name":"time-to-provide-10","measures":{"value":34649012307}}
{"ts":1675447087104507835,"type":"point","name":"time-to-provide-4","measures":{"value":34939142891}}
{"ts":1675447087229331835,"type":"point","name":"time-to-provide-13","measures":{"value":35062074808}}
{"ts":1675447087271090293,"type":"point","name":"time-to-provide-15","measures":{"value":35103613057}}
{"ts":1675447087291454085,"type":"point","name":"time-to-provide-16","measures":{"value":35124062807}}
{"ts":1675447087316098835,"type":"point","name":"time-to-provide-17","measures":{"value":35148470765}}
{"ts":1675447087342698918,"type":"point","name":"time-to-provide-6","measures":{"value":35177146641}}
{"ts":1675447087428199126,"type":"point","name":"time-to-provide-8","measures":{"value":35262534599}}
{"ts":1675447087549331210,"type":"point","name":"signal provider-records1","measures":{"value":75293417}}
{"ts":1675447088625945252,"type":"point","name":"barrierprovider-records1","measures":{"value":1006300751}}
{"ts":1675447088735581919,"type":"point","name":"full provider-records1","measures":{"value":36682999850}}
{"ts":1675447090425516878,"type":"point","name":"time-to-find-first|cypress-provider|1","measures":{"value":2383875}}
{"ts":1675447090427372544,"type":"point","name":"time-to-find-first|cypress-provider|19","measures":{"value":13761958}}
{"ts":1675447090787271920,"type":"point","name":"time-to-find-first|cypress-provider|5","measures":{"value":360569251}}
{"ts":1675447090874076961,"type":"point","name":"time-to-find-first|cypress-provider|9","measures":{"value":225469792}}
{"ts":1675447090874434753,"type":"point","name":"time-to-find-first|cypress-provider|15","measures":{"value":450053417}}
{"ts":1675447090977491586,"type":"point","name":"time-to-find-first|cypress-provider|12","measures":{"value":13791250}}
{"ts":1675447091222688961,"type":"point","name":"time-to-find-first|cypress-provider|17","measures":{"value":798085709}}
{"ts":1675447090985018836,"type":"point","name":"time-to-find-first|cypress-provider|11","measures":{"value":110500209}}
{"ts":1675447091051104211,"type":"point","name":"time-to-find-first|cypress-provider|13","measures":{"value":72942208}}
{"ts":1675447091051289211,"type":"point","name":"time-to-find-first|cypress-provider|14","measures":{"value":626980584}}
{"ts":1675447091067467753,"type":"point","name":"time-to-find-first|cypress-provider|16","measures":{"value":643017751}}
{"ts":1675447091074059420,"type":"point","name":"time-to-find-first|cypress-provider|3","measures":{"value":647553126}}
{"ts":1675447091081321670,"type":"point","name":"time-to-find-first|cypress-provider|6","measures":{"value":653763667}}
{"ts":1675447091081341045,"type":"point","name":"time-to-find-first|cypress-provider|4","measures":{"value":654740500}}
{"ts":1675447091223244420,"type":"point","name":"time-to-find-first|cypress-provider|8","measures":{"value":725857500}}
{"ts":1675447091314432837,"type":"point","name":"time-to-find-first|cypress-provider|7","measures":{"value":888121084}}
{"ts":1675447091314456503,"type":"point","name":"time-to-find-first|cypress-provider|2","measures":{"value":888055418}}
{"ts":1675447091016626086,"type":"point","name":"time-to-find-first|cypress-provider|0","measures":{"value":601921875}}
{"ts":1675447091317565753,"type":"point","name":"time-to-find-first|cypress-provider|18","measures":{"value":892416125}}
{"ts":1675447092269608754,"type":"point","name":"bandwidth-total-in|cypress-provider|14|3","measures":{"value":917845}}
{"ts":1675447094035270046,"type":"point","name":"bandwidth-total-out|cypress-provider|14|3","measures":{"value":790827}}
{"ts":1675447094055169004,"type":"point","name":"bandwidth-rate-in|cypress-provider|14|3","measures":{"value":54565.700442803696}}
{"ts":1675447094095216171,"type":"point","name":"bandwidth-rate-out|cypress-provider|14|3","measures":{"value":59888.00114536916}}
{"ts":1675447092393876004,"type":"point","name":"time-to-find-first|cypress-provider|10","measures":{"value":656382083}}
{"ts":1675447112227684180,"type":"point","name":"bandwidth-total-in|cypress-provider|14|4","measures":{"value":1829417}}
{"ts":1675447112301246097,"type":"point","name":"bandwidth-total-out|cypress-provider|14|4","measures":{"value":1098308}}
{"ts":1675447112372081597,"type":"point","name":"bandwidth-rate-in|cypress-provider|14|4","measures":{"value":21152.594783138626}}
{"ts":1675447112383945680,"type":"point","name":"bandwidth-rate-out|cypress-provider|14|4","measures":{"value":7129.809991063911}}
{"ts":1675447132223757383,"type":"point","name":"bandwidth-total-in|cypress-provider|14|5","measures":{"value":2354891}}
{"ts":1675447132288807592,"type":"point","name":"bandwidth-total-out|cypress-provider|14|5","measures":{"value":1623290}}
{"ts":1675447132306008008,"type":"point","name":"bandwidth-rate-in|cypress-provider|14|5","measures":{"value":9381.186815267154}}
{"ts":1675447132327606300,"type":"point","name":"bandwidth-rate-out|cypress-provider|14|5","measures":{"value":4314.223184391805}}
{"ts":1675447134597392010,"type":"point","name":"num-hops|cypress-provider|17","measures":{"value":2}}
{"ts":1675447134700607051,"type":"point","name":"time-to-find-last|done|cypress-provider|17","measures":{"value":890582543}}
{"ts":1675447134716358260,"type":"point","name":"time-to-find|done|cypress-provider|17","measures":{"value":44284259896}}
{"ts":1675447134759144801,"type":"point","name":"peers-found|done|cypress-provider|17","measures":{"value":40}}
{"ts":1675447134772140385,"type":"point","name":"peers-missing|done|cypress-provider|17","measures":{"value":0}}
{"ts":1675447134773887801,"type":"point","name":"num-hops|cypress-provider|18","measures":{"value":2}}
{"ts":1675447134899981343,"type":"point","name":"time-to-find-last|done|cypress-provider|18","measures":{"value":3569157418}}
{"ts":1675447134940928343,"type":"point","name":"time-to-find|done|cypress-provider|18","measures":{"value":44508271229}}
{"ts":1675447134998144176,"type":"point","name":"peers-found|done|cypress-provider|18","measures":{"value":40}}
{"ts":1675447135036517968,"type":"point","name":"peers-missing|done|cypress-provider|18","measures":{"value":0}}
{"ts":1675447135292805052,"type":"point","name":"num-hops|cypress-provider|11","measures":{"value":1}}
{"ts":1675447135312015385,"type":"point","name":"time-to-find-last|done|cypress-provider|11","measures":{"value":1133966668}}
{"ts":1675447135342392552,"type":"point","name":"time-to-find|done|cypress-provider|11","measures":{"value":44460371105}}
{"ts":1675447135359549760,"type":"point","name":"peers-found|done|cypress-provider|11","measures":{"value":40}}
{"ts":1675447135414892052,"type":"point","name":"peers-missing|done|cypress-provider|11","measures":{"value":0}}
{"ts":1675447135537752343,"type":"point","name":"num-hops|cypress-provider|8","measures":{"value":2}}
{"ts":1675447135603169135,"type":"point","name":"time-to-find-last|done|cypress-provider|8","measures":{"value":3279154710}}
{"ts":1675447135631321802,"type":"point","name":"time-to-find|done|cypress-provider|8","measures":{"value":45126426604}}
{"ts":1675447135671125468,"type":"point","name":"peers-found|done|cypress-provider|8","measures":{"value":40}}
{"ts":1675447135708941927,"type":"point","name":"peers-missing|done|cypress-provider|8","measures":{"value":0}}
{"ts":1675447136403609010,"type":"point","name":"num-hops|cypress-provider|5","measures":{"value":1}}
{"ts":1675447136424959802,"type":"point","name":"time-to-find-last|done|cypress-provider|5","measures":{"value":598585792}}
{"ts":1675447136445014344,"type":"point","name":"time-to-find|done|cypress-provider|5","measures":{"value":46010803939}}
{"ts":1675447136474576260,"type":"point","name":"peers-found|done|cypress-provider|5","measures":{"value":40}}
{"ts":1675447136503688427,"type":"point","name":"peers-missing|done|cypress-provider|5","measures":{"value":0}}
{"ts":1675447136459048635,"type":"point","name":"num-hops|cypress-provider|15","measures":{"value":1}}
{"ts":1675447136552026719,"type":"point","name":"time-to-find-last|done|cypress-provider|15","measures":{"value":643224125}}
{"ts":1675447136554155427,"type":"point","name":"num-hops|cypress-provider|14","measures":{"value":1}}
{"ts":1675447136579128135,"type":"point","name":"time-to-find|done|cypress-provider|15","measures":{"value":46147242688}}
{"ts":1675447136619441302,"type":"point","name":"peers-found|done|cypress-provider|15","measures":{"value":40}}
{"ts":1675447136633697177,"type":"point","name":"peers-missing|done|cypress-provider|15","measures":{"value":0}}
{"ts":1675447136629795219,"type":"point","name":"num-hops|cypress-provider|4","measures":{"value":2}}
{"ts":1675447136700590719,"type":"point","name":"time-to-find-last|done|cypress-provider|4","measures":{"value":3189781710}}
{"ts":1675447136709686011,"type":"point","name":"time-to-find|done|cypress-provider|4","measures":{"value":46275574397}}
{"ts":1675447136757874094,"type":"point","name":"peers-found|done|cypress-provider|4","measures":{"value":40}}
{"ts":1675447136781521761,"type":"point","name":"peers-missing|done|cypress-provider|4","measures":{"value":0}}
{"ts":1675447136596053135,"type":"point","name":"time-to-find-last|done|cypress-provider|14","measures":{"value":1865967293}}
{"ts":1675447136839018344,"type":"point","name":"time-to-find|done|cypress-provider|14","measures":{"value":46407200480}}
{"ts":1675447136867361594,"type":"point","name":"peers-found|done|cypress-provider|14","measures":{"value":40}}
{"ts":1675447136875184969,"type":"point","name":"peers-missing|done|cypress-provider|14","measures":{"value":0}}
{"ts":1675447136924347219,"type":"point","name":"num-hops|cypress-provider|0","measures":{"value":2}}
{"ts":1675447136951618761,"type":"point","name":"time-to-find-last|done|cypress-provider|0","measures":{"value":3558570585}}
{"ts":1675447136963021094,"type":"point","name":"time-to-find|done|cypress-provider|0","measures":{"value":46540809063}}
{"ts":1675447136981006344,"type":"point","name":"peers-found|done|cypress-provider|0","measures":{"value":40}}
{"ts":1675447137013785427,"type":"point","name":"peers-missing|done|cypress-provider|0","measures":{"value":0}}
{"ts":1675447137007822177,"type":"point","name":"num-hops|cypress-provider|13","measures":{"value":2}}
{"ts":1675447137087610261,"type":"point","name":"time-to-find-last|done|cypress-provider|13","measures":{"value":922949292}}
{"ts":1675447136956141136,"type":"point","name":"num-hops|cypress-provider|10","measures":{"value":2}}
{"ts":1675447137126080594,"type":"point","name":"time-to-find-last|done|cypress-provider|10","measures":{"value":2413879793}}
{"ts":1675447137160665469,"type":"point","name":"time-to-find|done|cypress-provider|10","measures":{"value":45415664771}}
{"ts":1675447137207123219,"type":"point","name":"peers-found|done|cypress-provider|10","measures":{"value":40}}
{"ts":1675447137236195177,"type":"point","name":"peers-missing|done|cypress-provider|10","measures":{"value":0}}
{"ts":1675447137112449219,"type":"point","name":"num-hops|cypress-provider|1","measures":{"value":1}}
{"ts":1675447137295017677,"type":"point","name":"time-to-find-last|done|cypress-provider|1","measures":{"value":431063583}}
{"ts":1675447137320764719,"type":"point","name":"time-to-find|done|cypress-provider|1","measures":{"value":46890149480}}
{"ts":1675447137336759927,"type":"point","name":"peers-found|done|cypress-provider|1","measures":{"value":40}}
{"ts":1675447137359128511,"type":"point","name":"peers-missing|done|cypress-provider|1","measures":{"value":0}}
{"ts":1675447137321720011,"type":"point","name":"num-hops|cypress-provider|19","measures":{"value":2}}
{"ts":1675447137125480344,"type":"point","name":"num-hops|cypress-provider|12","measures":{"value":3}}
{"ts":1675447137449545719,"type":"point","name":"time-to-find-last|done|cypress-provider|12","measures":{"value":342990417}}
{"ts":1675447137475156053,"type":"point","name":"time-to-find|done|cypress-provider|12","measures":{"value":46503948397}}
{"ts":1675447137411367178,"type":"point","name":"time-to-find-last|done|cypress-provider|19","measures":{"value":439897667}}
{"ts":1675447137511613719,"type":"point","name":"time-to-find|done|cypress-provider|19","measures":{"value":47090499064}}
{"ts":1675447137559375636,"type":"point","name":"peers-found|done|cypress-provider|19","measures":{"value":40}}
{"ts":1675447137563768969,"type":"point","name":"peers-missing|done|cypress-provider|19","measures":{"value":0}}
{"ts":1675447137503092261,"type":"point","name":"peers-found|done|cypress-provider|12","measures":{"value":40}}
{"ts":1675447137628930553,"type":"point","name":"peers-missing|done|cypress-provider|12","measures":{"value":0}}
{"ts":1675447137107205302,"type":"point","name":"time-to-find|done|cypress-provider|13","measures":{"value":46121548980}}
{"ts":1675447137650506511,"type":"point","name":"peers-found|done|cypress-provider|13","measures":{"value":40}}
{"ts":1675447137671216553,"type":"point","name":"peers-missing|done|cypress-provider|13","measures":{"value":0}}
{"ts":1675447137194939302,"type":"point","name":"num-hops|cypress-provider|16","measures":{"value":1}}
{"ts":1675447137727455553,"type":"point","name":"time-to-find-last|done|cypress-provider|16","measures":{"value":2111942876}}
{"ts":1675447137748528261,"type":"point","name":"time-to-find|done|cypress-provider|16","measures":{"value":47316570981}}
{"ts":1675447137788747844,"type":"point","name":"peers-found|done|cypress-provider|16","measures":{"value":40}}
{"ts":1675447137811116136,"type":"point","name":"peers-missing|done|cypress-provider|16","measures":{"value":0}}
{"ts":1675447137449899428,"type":"point","name":"num-hops|cypress-provider|6","measures":{"value":1}}
{"ts":1675447137848592386,"type":"point","name":"time-to-find-last|done|cypress-provider|6","measures":{"value":2865019085}}
{"ts":1675447137874841761,"type":"point","name":"time-to-find|done|cypress-provider|6","measures":{"value":47439777856}}
{"ts":1675447137893011178,"type":"point","name":"peers-found|done|cypress-provider|6","measures":{"value":40}}
{"ts":1675447137918578344,"type":"point","name":"peers-missing|done|cypress-provider|6","measures":{"value":0}}
{"ts":1675447138778099762,"type":"point","name":"num-hops|cypress-provider|2","measures":{"value":2}}
{"ts":1675447138798896928,"type":"point","name":"time-to-find-last|done|cypress-provider|2","measures":{"value":3519063794}}
{"ts":1675447138835135345,"type":"point","name":"time-to-find|done|cypress-provider|2","measures":{"value":48401223273}}
{"ts":1675447138860848470,"type":"point","name":"peers-found|done|cypress-provider|2","measures":{"value":40}}
{"ts":1675447138800045137,"type":"point","name":"num-hops|cypress-provider|9","measures":{"value":1}}
{"ts":1675447138911731845,"type":"point","name":"time-to-find-last|done|cypress-provider|9","measures":{"value":2154763585}}
{"ts":1675447138922389637,"type":"point","name":"time-to-find|done|cypress-provider|9","measures":{"value":48266276106}}
{"ts":1675447138933061137,"type":"point","name":"peers-found|done|cypress-provider|9","measures":{"value":40}}
{"ts":1675447138951803512,"type":"point","name":"peers-missing|done|cypress-provider|9","measures":{"value":0}}
{"ts":1675447138863057928,"type":"point","name":"num-hops|cypress-provider|7","measures":{"value":2}}
{"ts":1675447138998623262,"type":"point","name":"time-to-find-last|done|cypress-provider|7","measures":{"value":3504696835}}
{"ts":1675447139012622637,"type":"point","name":"time-to-find|done|cypress-provider|7","measures":{"value":48578804815}}
{"ts":1675447139034938012,"type":"point","name":"peers-found|done|cypress-provider|7","measures":{"value":40}}
{"ts":1675447139065745512,"type":"point","name":"peers-missing|done|cypress-provider|7","measures":{"value":0}}
{"ts":1675447138885829303,"type":"point","name":"peers-missing|done|cypress-provider|2","measures":{"value":0}}
{"ts":1675447140688776429,"type":"point","name":"num-hops|cypress-provider|3","measures":{"value":3}}
{"ts":1675447140724114429,"type":"point","name":"time-to-find-last|done|cypress-provider|3","measures":{"value":2694893460}}
{"ts":1675447140744962304,"type":"point","name":"time-to-find|done|cypress-provider|3","measures":{"value":50310953732}}
{"ts":1675447140785948512,"type":"point","name":"peers-found|done|cypress-provider|3","measures":{"value":40}}
{"ts":1675447140823966096,"type":"point","name":"peers-missing|done|cypress-provider|3","measures":{"value":0}}
{"ts":1675447140970597763,"type":"point","name":"signal provider-records2","measures":{"value":115418376}}
{"ts":1675447141241116263,"type":"point","name":"barrierprovider-records2","measures":{"value":201705708}}
{"ts":1675447141445015638,"type":"point","name":"full provider-records2","measures":{"value":51024110274}}
