{"ts":1675378172037784382,"type":"point","name":"bandwidth-total-in|cypress-provider|13|0","measures":{"value":174775}}
{"ts":1675378172038804091,"type":"point","name":"bandwidth-total-out|cypress-provider|13|0","measures":{"value":194873}}
{"ts":1675378172040525632,"type":"point","name":"bandwidth-rate-in|cypress-provider|13|0","measures":{"value":0.14616711251128195}}
{"ts":1675378172041825549,"type":"point","name":"bandwidth-rate-out|cypress-provider|13|0","measures":{"value":0.16340752694336846}}
{"ts":1675378190513950752,"type":"point","name":"signal bootstrapping0","measures":{"value":63310125}}
{"ts":1675378190870600127,"type":"point","name":"barrierbootstrapping0","measures":{"value":319547917}}
{"ts":1675378190956076002,"type":"point","name":"full bootstrapping0","measures":{"value":38045559642}}
{"ts":1675378192036433378,"type":"point","name":"bandwidth-total-in|cypress-provider|13|1","measures":{"value":200847}}
{"ts":1675378192048123836,"type":"point","name":"bandwidth-total-out|cypress-provider|13|1","measures":{"value":236185}}
{"ts":1675378192076839044,"type":"point","name":"bandwidth-rate-in|cypress-provider|13|1","measures":{"value":106.48664197701925}}
{"ts":1675378192108565211,"type":"point","name":"bandwidth-rate-out|cypress-provider|13|1","measures":{"value":73.96884666550045}}
{"ts":1675378212037537054,"type":"point","name":"bandwidth-total-in|cypress-provider|13|2","measures":{"value":601314}}
{"ts":1675378212078476387,"type":"point","name":"bandwidth-total-out|cypress-provider|13|2","measures":{"value":608772}}
{"ts":1675378212110280346,"type":"point","name":"bandwidth-rate-in|cypress-provider|13|2","measures":{"value":12470.085351643214}}
{"ts":1675378212130122387,"type":"point","name":"bandwidth-rate-out|cypress-provider|13|2","measures":{"value":12999.211489831627}}
{"ts":1675378228243910172,"type":"point","name":"time-to-provide-8","measures":{"value":35578811225}}
{"ts":1675378229621459840,"type":"point","name":"time-to-provide-3","measures":{"value":36684489309}}
{"ts":1675378229795084715,"type":"point","name":"time-to-provide-0","measures":{"value":37433163851}}
{"ts":1675378230267322465,"type":"point","name":"time-to-provide-12","measures":{"value":36097186142}}
{"ts":1675378230358848673,"type":"point","name":"time-to-provide-1","measures":{"value":37996828059}}
{"ts":1675378230528152465,"type":"point","name":"time-to-provide-7","measures":{"value":37864499517}}
{"ts":1675378230573694340,"type":"point","name":"time-to-provide-4","measures":{"value":38204549893}}
{"ts":1675378230671428298,"type":"point","name":"time-to-provide-19","measures":{"value":38318591768}}
{"ts":1675378230794929923,"type":"point","name":"time-to-provide-5","measures":{"value":38425234393}}
{"ts":1675378231101872007,"type":"point","name":"time-to-provide-6","measures":{"value":38711839101}}
{"ts":1675378231139849840,"type":"point","name":"time-to-provide-9","measures":{"value":38783987101}}
{"ts":1675378231317818882,"type":"point","name":"time-to-provide-2","measures":{"value":38955670226}}
{"ts":1675378231790429507,"type":"point","name":"time-to-provide-17","measures":{"value":37100742517}}
{"ts":1675378231829367466,"type":"point","name":"time-to-provide-10","measures":{"value":38679204227}}
{"ts":1675378232052808424,"type":"point","name":"bandwidth-total-in|cypress-provider|13|3","measures":{"value":830683}}
{"ts":1675378232105669924,"type":"point","name":"bandwidth-total-out|cypress-provider|13|3","measures":{"value":944883}}
{"ts":1675378232234907007,"type":"point","name":"bandwidth-rate-in|cypress-provider|13|3","measures":{"value":5655.641493524769}}
{"ts":1675378232257771007,"type":"point","name":"bandwidth-rate-out|cypress-provider|13|3","measures":{"value":11037.569585954014}}
{"ts":1675378232253941799,"type":"point","name":"time-to-provide-18","measures":{"value":37406054809}}
{"ts":1675378232342821591,"type":"point","name":"time-to-provide-14","measures":{"value":39203726144}}
{"ts":1675378232608990383,"type":"point","name":"time-to-provide-15","measures":{"value":37920153226}}
{"ts":1675378233686463466,"type":"point","name":"time-to-provide-16","measures":{"value":39529608560}}
{"ts":1675378233710647758,"type":"point","name":"time-to-provide-13","measures":{"value":39554038644}}
{"ts":1675378235367876717,"type":"point","name":"time-to-provide-11","measures":{"value":41830954061}}
{"ts":1675378235490997426,"type":"point","name":"signal provider-records1","measures":{"value":83938208}}
{"ts":1675378240549654428,"type":"point","name":"barrierprovider-records1","measures":{"value":5021364002}}
{"ts":1675378240783713553,"type":"point","name":"full provider-records1","measures":{"value":48476045023}}
{"ts":1675378243716050971,"type":"point","name":"time-to-find-first|cypress-provider|3","measures":{"value":504460250}}
{"ts":1675378243760278805,"type":"point","name":"time-to-find-first|cypress-provider|19","measures":{"value":585334958}}
{"ts":1675378243763149596,"type":"point","name":"time-to-find-first|cypress-provider|2","measures":{"value":559347917}}
{"ts":1675378244194148138,"type":"point","name":"time-to-find-first|cypress-provider|13","measures":{"value":981323208}}
{"ts":1675378244196790430,"type":"point","name":"time-to-find-first|cypress-provider|12","measures":{"value":985014208}}
{"ts":1675378244257353555,"type":"point","name":"time-to-find-first|cypress-provider|0","measures":{"value":1044261625}}
{"ts":1675378244307142388,"type":"point","name":"time-to-find-first|cypress-provider|15","measures":{"value":1095457000}}
{"ts":1675378244428868972,"type":"point","name":"time-to-find-first|cypress-provider|1","measures":{"value":1213717042}}
{"ts":1675378244607982138,"type":"point","name":"time-to-find-first|cypress-provider|4","measures":{"value":1391285250}}
{"ts":1675378244618975638,"type":"point","name":"time-to-find-first|cypress-provider|8","measures":{"value":1401022584}}
{"ts":1675378244730040347,"type":"point","name":"time-to-find-first|cypress-provider|14","measures":{"value":1473193709}}
{"ts":1675378244622293055,"type":"point","name":"time-to-find-first|cypress-provider|16","measures":{"value":1391150959}}
{"ts":1675378244622361013,"type":"point","name":"time-to-find-first|cypress-provider|17","measures":{"value":1407734834}}
{"ts":1675378244626958097,"type":"point","name":"time-to-find-first|cypress-provider|5","measures":{"value":1352170667}}
{"ts":1675378244627010638,"type":"point","name":"time-to-find-first|cypress-provider|11","measures":{"value":1344995792}}
{"ts":1675378244696728430,"type":"point","name":"time-to-find-first|cypress-provider|6","measures":{"value":1466881543}}
{"ts":1675378244728382847,"type":"point","name":"time-to-find-first|cypress-provider|7","measures":{"value":1498426584}}
{"ts":1675378244729086638,"type":"point","name":"time-to-find-first|cypress-provider|9","measures":{"value":1498732709}}
{"ts":1675378244736449638,"type":"point","name":"time-to-find-first|cypress-provider|18","measures":{"value":1374712043}}
{"ts":1675378244622124805,"type":"point","name":"time-to-find-first|cypress-provider|10","measures":{"value":1391666959}}
{"ts":1675378252453727003,"type":"point","name":"bandwidth-total-in|cypress-provider|13|4","measures":{"value":1051666}}
{"ts":1675378252634819128,"type":"point","name":"bandwidth-total-out|cypress-provider|13|4","measures":{"value":1166802}}
{"ts":1675378252765657045,"type":"point","name":"bandwidth-rate-in|cypress-provider|13|4","measures":{"value":20498.209783035996}}
{"ts":1675378252777581045,"type":"point","name":"bandwidth-rate-out|cypress-provider|13|4","measures":{"value":15961.171832345131}}
{"ts":1675378272132460512,"type":"point","name":"bandwidth-total-in|cypress-provider|13|5","measures":{"value":1299144}}
{"ts":1675378272161422054,"type":"point","name":"bandwidth-total-out|cypress-provider|13|5","measures":{"value":1352092}}
{"ts":1675378272170636262,"type":"point","name":"bandwidth-rate-in|cypress-provider|13|5","measures":{"value":15990.753875892242}}
{"ts":1675378272187317345,"type":"point","name":"bandwidth-rate-out|cypress-provider|13|5","measures":{"value":6161.588655188998}}
{"ts":1675378292077583007,"type":"point","name":"bandwidth-total-in|cypress-provider|13|6","measures":{"value":1765984}}
{"ts":1675378292495376466,"type":"point","name":"bandwidth-total-out|cypress-provider|13|6","measures":{"value":1674093}}
{"ts":1675378292511306091,"type":"point","name":"bandwidth-rate-in|cypress-provider|13|6","measures":{"value":28678.52664123764}}
{"ts":1675378292625811008,"type":"point","name":"bandwidth-rate-out|cypress-provider|13|6","measures":{"value":17526.004519411697}}
{"ts":1675378312202058669,"type":"point","name":"bandwidth-total-in|cypress-provider|13|7","measures":{"value":1852499}}
{"ts":1675378312684840086,"type":"point","name":"bandwidth-total-out|cypress-provider|13|7","measures":{"value":1726822}}
{"ts":1675378312848316086,"type":"point","name":"bandwidth-rate-in|cypress-provider|13|7","measures":{"value":1130.6052302993696}}
{"ts":1675378313181823545,"type":"point","name":"bandwidth-rate-out|cypress-provider|13|7","measures":{"value":346.35742513747095}}
{"ts":1675378332078361929,"type":"point","name":"bandwidth-total-in|cypress-provider|13|8","measures":{"value":1879756}}
{"ts":1675378332154171012,"type":"point","name":"bandwidth-total-out|cypress-provider|13|8","measures":{"value":1778787}}
{"ts":1675378332677209387,"type":"point","name":"bandwidth-rate-in|cypress-provider|13|8","measures":{"value":1938.2875101670036}}
{"ts":1675378332869930471,"type":"point","name":"bandwidth-rate-out|cypress-provider|13|8","measures":{"value":3943.36432208011}}
{"ts":1675378352144560966,"type":"point","name":"bandwidth-total-in|cypress-provider|13|9","measures":{"value":1981253}}
{"ts":1675378352468497424,"type":"point","name":"bandwidth-total-out|cypress-provider|13|9","measures":{"value":1991089}}
{"ts":1675378352963884383,"type":"point","name":"bandwidth-rate-in|cypress-provider|13|9","measures":{"value":10718.880182835195}}
{"ts":1675378354006376175,"type":"point","name":"bandwidth-rate-out|cypress-provider|13|9","measures":{"value":8279.200618020684}}
{"ts":1675378360544287970,"type":"point","name":"num-hops|cypress-provider|11","measures":{"value":1}}
{"ts":1675378360567476136,"type":"point","name":"time-to-find-last|done|cypress-provider|11","measures":{"value":1981134751}}
{"ts":1675378360726559970,"type":"point","name":"time-to-find|done|cypress-provider|11","measures":{"value":117439832304}}
{"ts":1675378360756524220,"type":"point","name":"peers-found|done|cypress-provider|11","measures":{"value":40}}
{"ts":1675378360937609512,"type":"point","name":"peers-missing|done|cypress-provider|11","measures":{"value":0}}
{"ts":1675378362005145512,"type":"point","name":"num-hops|cypress-provider|3","measures":{"value":2}}
{"ts":1675378362195746470,"type":"point","name":"time-to-find-last|done|cypress-provider|3","measures":{"value":969216875}}
{"ts":1675378362795480554,"type":"point","name":"time-to-find|done|cypress-provider|3","measures":{"value":119579287555}}
{"ts":1675378362839253762,"type":"point","name":"peers-found|done|cypress-provider|3","measures":{"value":40}}
{"ts":1675378362875396512,"type":"point","name":"peers-missing|done|cypress-provider|3","measures":{"value":0}}
{"ts":1675378366055091041,"type":"point","name":"num-hops|cypress-provider|4","measures":{"value":2}}
{"ts":1675378366128754833,"type":"point","name":"time-to-find-last|done|cypress-provider|4","measures":{"value":1449825584}}
{"ts":1675378366168928041,"type":"point","name":"time-to-find|done|cypress-provider|4","measures":{"value":122915240556}}
{"ts":1675378366284950625,"type":"point","name":"peers-found|done|cypress-provider|4","measures":{"value":40}}
{"ts":1675378366464555166,"type":"point","name":"peers-missing|done|cypress-provider|4","measures":{"value":0}}
{"ts":1675378372096856961,"type":"point","name":"bandwidth-total-in|cypress-provider|13|10","measures":{"value":2177388}}
{"ts":1675378372138134086,"type":"point","name":"bandwidth-total-out|cypress-provider|13|10","measures":{"value":2220895}}
{"ts":1675378372192415086,"type":"point","name":"bandwidth-rate-in|cypress-provider|13|10","measures":{"value":5680.118077577252}}
{"ts":1675378372215034253,"type":"point","name":"bandwidth-rate-out|cypress-provider|13|10","measures":{"value":6900.412515172311}}
{"ts":1675378381011371173,"type":"point","name":"num-hops|cypress-provider|15","measures":{"value":2}}
{"ts":1675378381054808382,"type":"point","name":"time-to-find-last|done|cypress-provider|15","measures":{"value":1460091042}}
{"ts":1675378381068133715,"type":"point","name":"time-to-find|done|cypress-provider|15","measures":{"value":137819457980}}
{"ts":1675378381090947340,"type":"point","name":"peers-found|done|cypress-provider|15","measures":{"value":40}}
{"ts":1675378381107143507,"type":"point","name":"peers-missing|done|cypress-provider|15","measures":{"value":0}}
{"ts":1675378386312729801,"type":"point","name":"num-hops|cypress-provider|6","measures":{"value":3}}
{"ts":1675378386372859676,"type":"point","name":"time-to-find-last|done|cypress-provider|6","measures":{"value":5364809711}}
{"ts":1675378386398719384,"type":"point","name":"time-to-find|done|cypress-provider|6","measures":{"value":143131882942}}
{"ts":1675378386414262759,"type":"point","name":"peers-found|done|cypress-provider|6","measures":{"value":40}}
{"ts":1675378386429908301,"type":"point","name":"peers-missing|done|cypress-provider|6","measures":{"value":0}}
{"ts":1675378389277632177,"type":"point","name":"num-hops|cypress-provider|18","measures":{"value":3}}
{"ts":1675378389301767469,"type":"point","name":"time-to-find-last|done|cypress-provider|18","measures":{"value":2318654835}}
{"ts":1675378389375103052,"type":"point","name":"time-to-find|done|cypress-provider|18","measures":{"value":145976376901}}
{"ts":1675378389435604052,"type":"point","name":"peers-found|done|cypress-provider|18","measures":{"value":40}}
{"ts":1675378389563916177,"type":"point","name":"peers-missing|done|cypress-provider|18","measures":{"value":0}}
{"ts":1675378389370964302,"type":"point","name":"num-hops|cypress-provider|17","measures":{"value":2}}
{"ts":1675378389756908386,"type":"point","name":"time-to-find-last|done|cypress-provider|17","measures":{"value":1858985167}}
{"ts":1675378389858947303,"type":"point","name":"time-to-find|done|cypress-provider|17","measures":{"value":146607329984}}
{"ts":1675378389884441886,"type":"point","name":"peers-found|done|cypress-provider|17","measures":{"value":40}}
{"ts":1675378389901978053,"type":"point","name":"peers-missing|done|cypress-provider|17","measures":{"value":0}}
{"ts":1675378389903968344,"type":"point","name":"num-hops|cypress-provider|13","measures":{"value":2}}
{"ts":1675378390134944303,"type":"point","name":"time-to-find-last|done|cypress-provider|13","measures":{"value":1044675292}}
{"ts":1675378390159478511,"type":"point","name":"time-to-find|done|cypress-provider|13","measures":{"value":146909673234}}
{"ts":1675378390183753553,"type":"point","name":"peers-found|done|cypress-provider|13","measures":{"value":40}}
{"ts":1675378390234789303,"type":"point","name":"peers-missing|done|cypress-provider|13","measures":{"value":0}}
{"ts":1675378390775881428,"type":"point","name":"num-hops|cypress-provider|9","measures":{"value":3}}
{"ts":1675378391173429095,"type":"point","name":"time-to-find-last|done|cypress-provider|9","measures":{"value":4987565502}}
{"ts":1675378391539825220,"type":"point","name":"time-to-find|done|cypress-provider|9","measures":{"value":148272480777}}
{"ts":1675378391616387970,"type":"point","name":"peers-found|done|cypress-provider|9","measures":{"value":40}}
{"ts":1675378391762863929,"type":"point","name":"peers-missing|done|cypress-provider|9","measures":{"value":0}}
{"ts":1675378391683471928,"type":"point","name":"num-hops|cypress-provider|12","measures":{"value":2}}
{"ts":1675378392405783470,"type":"point","name":"time-to-find-last|done|cypress-provider|12","measures":{"value":1197239459}}
{"ts":1675378392563971596,"type":"point","name":"time-to-find|done|cypress-provider|12","measures":{"value":149315205694}}
{"ts":1675378392684559096,"type":"point","name":"peers-found|done|cypress-provider|12","measures":{"value":40}}
{"ts":1675378392788029262,"type":"point","name":"peers-missing|done|cypress-provider|12","measures":{"value":0}}
{"ts":1675378391628628678,"type":"point","name":"num-hops|cypress-provider|0","measures":{"value":2}}
{"ts":1675378393015256304,"type":"point","name":"time-to-find-last|done|cypress-provider|0","measures":{"value":1647028167}}
{"ts":1675378393137785638,"type":"point","name":"time-to-find|done|cypress-provider|0","measures":{"value":149887703653}}
{"ts":1675378393160042679,"type":"point","name":"peers-found|done|cypress-provider|0","measures":{"value":40}}
{"ts":1675378393182623888,"type":"point","name":"peers-missing|done|cypress-provider|0","measures":{"value":0}}
{"ts":1675378391798788429,"type":"point","name":"num-hops|cypress-provider|7","measures":{"value":2}}
{"ts":1675378393222625513,"type":"point","name":"time-to-find-last|done|cypress-provider|7","measures":{"value":10653215755}}
{"ts":1675378393236990804,"type":"point","name":"time-to-find|done|cypress-provider|7","measures":{"value":149970046319}}
{"ts":1675378393256436596,"type":"point","name":"peers-found|done|cypress-provider|7","measures":{"value":40}}
{"ts":1675378393276831971,"type":"point","name":"peers-missing|done|cypress-provider|7","measures":{"value":0}}
{"ts":1675378392135120095,"type":"point","name":"bandwidth-total-in|cypress-provider|13|11","measures":{"value":2230624}}
{"ts":1675378393310014596,"type":"point","name":"bandwidth-total-out|cypress-provider|13|11","measures":{"value":2383598}}
{"ts":1675378393428554846,"type":"point","name":"bandwidth-rate-in|cypress-provider|13|11","measures":{"value":9495.47329086286}}
{"ts":1675378393503657513,"type":"point","name":"bandwidth-rate-out|cypress-provider|13|11","measures":{"value":9336.6216911074}}
{"ts":1675378393310597929,"type":"point","name":"num-hops|cypress-provider|14","measures":{"value":3}}
{"ts":1675378392132876054,"type":"point","name":"num-hops|cypress-provider|8","measures":{"value":4}}
{"ts":1675378393594973846,"type":"point","name":"time-to-find-last|done|cypress-provider|8","measures":{"value":17576878467}}
{"ts":1675378393564151054,"type":"point","name":"time-to-find-last|done|cypress-provider|14","measures":{"value":1560052418}}
{"ts":1675378393648323179,"type":"point","name":"time-to-find|done|cypress-provider|14","measures":{"value":150354485778}}
{"ts":1675378393633540679,"type":"point","name":"num-hops|cypress-provider|19","measures":{"value":3}}
{"ts":1675378393665454804,"type":"point","name":"time-to-find-last|done|cypress-provider|19","measures":{"value":711896333}}
{"ts":1675378393725374138,"type":"point","name":"time-to-find|done|cypress-provider|19","measures":{"value":150513438403}}
{"ts":1675378393747553971,"type":"point","name":"peers-found|done|cypress-provider|19","measures":{"value":40}}
{"ts":1675378393766782554,"type":"point","name":"peers-missing|done|cypress-provider|19","measures":{"value":0}}
{"ts":1675378393667104388,"type":"point","name":"peers-found|done|cypress-provider|14","measures":{"value":40}}
{"ts":1675378393809923638,"type":"point","name":"peers-missing|done|cypress-provider|14","measures":{"value":0}}
{"ts":1675378393629660304,"type":"point","name":"time-to-find|done|cypress-provider|8","measures":{"value":150374717986}}
{"ts":1675378393944838096,"type":"point","name":"peers-found|done|cypress-provider|8","measures":{"value":40}}
{"ts":1675378393961452346,"type":"point","name":"peers-missing|done|cypress-provider|8","measures":{"value":0}}
{"ts":1675378395714476264,"type":"point","name":"num-hops|cypress-provider|2","measures":{"value":3}}
{"ts":1675378395812831389,"type":"point","name":"time-to-find-last|done|cypress-provider|2","measures":{"value":1894131585}}
{"ts":1675378395831531722,"type":"point","name":"time-to-find|done|cypress-provider|2","measures":{"value":152590753988}}
{"ts":1675378395850452347,"type":"point","name":"peers-found|done|cypress-provider|2","measures":{"value":40}}
{"ts":1675378395860137264,"type":"point","name":"peers-missing|done|cypress-provider|2","measures":{"value":0}}
{"ts":1675378399402817376,"type":"point","name":"num-hops|cypress-provider|5","measures":{"value":4}}
{"ts":1675378399427330543,"type":"point","name":"time-to-find-last|done|cypress-provider|5","measures":{"value":1905214834}}
{"ts":1675378399457033585,"type":"point","name":"time-to-find|done|cypress-provider|5","measures":{"value":156178045280}}
{"ts":1675378399481027460,"type":"point","name":"peers-found|done|cypress-provider|5","measures":{"value":40}}
{"ts":1675378399533865418,"type":"point","name":"peers-missing|done|cypress-provider|5","measures":{"value":0}}
{"ts":1675378403718041128,"type":"point","name":"num-hops|cypress-provider|16","measures":{"value":1}}
{"ts":1675378403797201212,"type":"point","name":"time-to-find-last|done|cypress-provider|16","measures":{"value":1641028584}}
{"ts":1675378403865586878,"type":"point","name":"time-to-find|done|cypress-provider|16","measures":{"value":160630243907}}
{"ts":1675378403885186462,"type":"point","name":"peers-found|done|cypress-provider|16","measures":{"value":40}}
{"ts":1675378403843220712,"type":"point","name":"num-hops|cypress-provider|1","measures":{"value":2}}
{"ts":1675378403896894337,"type":"point","name":"peers-missing|done|cypress-provider|16","measures":{"value":0}}
{"ts":1675378403918052295,"type":"point","name":"time-to-find-last|done|cypress-provider|1","measures":{"value":1384461084}}
{"ts":1675378403993616420,"type":"point","name":"time-to-find|done|cypress-provider|1","measures":{"value":160774263115}}
{"ts":1675378404026363128,"type":"point","name":"peers-found|done|cypress-provider|1","measures":{"value":40}}
{"ts":1675378404088001837,"type":"point","name":"num-hops|cypress-provider|10","measures":{"value":3}}
{"ts":1675378404107316295,"type":"point","name":"peers-missing|done|cypress-provider|1","measures":{"value":0}}
{"ts":1675378404192578253,"type":"point","name":"time-to-find-last|done|cypress-provider|10","measures":{"value":2451487918}}
{"ts":1675378404376026212,"type":"point","name":"time-to-find|done|cypress-provider|10","measures":{"value":161141365157}}
{"ts":1675378404389960962,"type":"point","name":"peers-found|done|cypress-provider|10","measures":{"value":40}}
{"ts":1675378404413008045,"type":"point","name":"peers-missing|done|cypress-provider|10","measures":{"value":0}}
{"ts":1675378404602000295,"type":"point","name":"signal provider-records2","measures":{"value":162222833}}
{"ts":1675378412042974674,"type":"point","name":"bandwidth-total-in|cypress-provider|13|12","measures":{"value":2343327}}
{"ts":1675378412075681299,"type":"point","name":"bandwidth-total-out|cypress-provider|13|12","measures":{"value":2608943}}
{"ts":1675378412083152299,"type":"point","name":"bandwidth-rate-in|cypress-provider|13|12","measures":{"value":162.3608970643146}}
{"ts":1675378412143009174,"type":"point","name":"bandwidth-rate-out|cypress-provider|13|12","measures":{"value":9320.080362560626}}
{"ts":1675378425201293513,"type":"point","name":"barrierprovider-records2","measures":{"value":20577477843}}
{"ts":1675378425609755722,"type":"point","name":"full provider-records2","measures":{"value":182433646376}}
{"ts":1675378432057220127,"type":"point","name":"bandwidth-total-in|cypress-provider|13|13","measures":{"value":2344574}}
{"ts":1675378432118121836,"type":"point","name":"bandwidth-total-out|cypress-provider|13|13","measures":{"value":2662999}}
{"ts":1675378432143266044,"type":"point","name":"bandwidth-rate-in|cypress-provider|13|13","measures":{"value":0.005530895882484915}}
{"ts":1675378432156666419,"type":"point","name":"bandwidth-rate-out|cypress-provider|13|13","measures":{"value":0.27920333799333824}}
{"ts":1675378452078917054,"type":"point","name":"bandwidth-total-in|cypress-provider|13|14","measures":{"value":2344574}}
{"ts":1675378452135808470,"type":"point","name":"bandwidth-total-out|cypress-provider|13|14","measures":{"value":2662999}}
{"ts":1675378452145060512,"type":"point","name":"bandwidth-rate-in|cypress-provider|13|14","measures":{"value":1.1400026083514296e-11}}
{"ts":1675378452149263220,"type":"point","name":"bandwidth-rate-out|cypress-provider|13|14","measures":{"value":5.754809715019064e-10}}
