{"ts":1676960790518470708,"type":"point","name":"bandwidth-total-in|cypress-provider|9|0","measures":{"value":182760}}
{"ts":1676960790521458583,"type":"point","name":"bandwidth-total-out|cypress-provider|9|0","measures":{"value":195036}}
{"ts":1676960790523605500,"type":"point","name":"bandwidth-rate-in|cypress-provider|9|0","measures":{"value":0.007247801392755597}}
{"ts":1676960790525866375,"type":"point","name":"bandwidth-rate-out|cypress-provider|9|0","measures":{"value":0.007099259784076228}}
{"ts":1676960805594257882,"type":"point","name":"signal bootstrapping0","measures":{"value":13263750}}
{"ts":1676960805650258673,"type":"point","name":"barrierbootstrapping0","measures":{"value":45343333}}
{"ts":1676960805690503298,"type":"point","name":"full bootstrapping0","measures":{"value":34625422557}}
{"ts":1676960810517940509,"type":"point","name":"bandwidth-total-in|cypress-provider|9|1","measures":{"value":497765}}
{"ts":1676960810528098217,"type":"point","name":"bandwidth-total-out|cypress-provider|9|1","measures":{"value":410828}}
{"ts":1676960810541066509,"type":"point","name":"bandwidth-rate-in|cypress-provider|9|1","measures":{"value":26017.731847436044}}
{"ts":1676960810549597092,"type":"point","name":"bandwidth-rate-out|cypress-provider|9|1","measures":{"value":12484.121408173227}}
{"ts":1676960822075147292,"type":"point","name":"time-to-provide-12","measures":{"value":15570704132}}
{"ts":1676960822144006125,"type":"point","name":"time-to-provide-0","measures":{"value":15639901799}}
{"ts":1676960822903225792,"type":"point","name":"time-to-provide-11","measures":{"value":16398798216}}
{"ts":1676960822984052042,"type":"point","name":"time-to-provide-3","measures":{"value":16479750966}}
{"ts":1676960823766560418,"type":"point","name":"time-to-provide-19","measures":{"value":17268920841}}
{"ts":1676960823926214001,"type":"point","name":"time-to-provide-8","measures":{"value":17421455425}}
{"ts":1676960823996366460,"type":"point","name":"time-to-provide-1","measures":{"value":17492123342}}
{"ts":1676960824030965376,"type":"point","name":"time-to-provide-18","measures":{"value":17526328050}}
{"ts":1676960824030990043,"type":"point","name":"time-to-provide-6","measures":{"value":17526323384}}
{"ts":1676960824073513168,"type":"point","name":"time-to-provide-5","measures":{"value":17568810009}}
{"ts":1676960824165134918,"type":"point","name":"time-to-provide-4","measures":{"value":17660350966}}
{"ts":1676960824264294001,"type":"point","name":"time-to-provide-2","measures":{"value":17760022383}}
{"ts":1676960824280469418,"type":"point","name":"time-to-provide-9","measures":{"value":17777026966}}
{"ts":1676960824443545668,"type":"point","name":"time-to-provide-7","measures":{"value":17938821841}}
{"ts":1676960824531374668,"type":"point","name":"time-to-provide-15","measures":{"value":18026814967}}
{"ts":1676960824595538751,"type":"point","name":"time-to-provide-14","measures":{"value":18091022467}}
{"ts":1676960824764139043,"type":"point","name":"time-to-provide-13","measures":{"value":18259669300}}
{"ts":1676960824780070168,"type":"point","name":"time-to-provide-16","measures":{"value":18275484884}}
{"ts":1676960824791256877,"type":"point","name":"time-to-provide-10","measures":{"value":18286884175}}
{"ts":1676960824851671293,"type":"point","name":"time-to-provide-17","measures":{"value":18347073509}}
{"ts":1676960824925741168,"type":"point","name":"signal provider-records1","measures":{"value":41669375}}
{"ts":1676960826783526961,"type":"point","name":"barrierprovider-records1","measures":{"value":1831262251}}
{"ts":1676960826837497544,"type":"point","name":"full provider-records1","measures":{"value":20369415259}}
{"ts":1676960827793705753,"type":"point","name":"time-to-find-first|cypress-provider|5","measures":{"value":1077042}}
{"ts":1676960827921012295,"type":"point","name":"time-to-find-first|cypress-provider|2","measures":{"value":114816958}}
{"ts":1676960827921032920,"type":"point","name":"time-to-find-first|cypress-provider|7","measures":{"value":111641875}}
{"ts":1676960827947951628,"type":"point","name":"time-to-find-first|cypress-provider|6","measures":{"value":147977500}}
{"ts":1676960827969210378,"type":"point","name":"time-to-find-first|cypress-provider|4","measures":{"value":166696625}}
{"ts":1676960828058674836,"type":"point","name":"time-to-find-first|cypress-provider|0","measures":{"value":228126000}}
{"ts":1676960828397588378,"type":"point","name":"time-to-find-first|cypress-provider|19","measures":{"value":553083}}
{"ts":1676960828463678462,"type":"point","name":"time-to-find-first|cypress-provider|13","measures":{"value":19000}}
{"ts":1676960828464648087,"type":"point","name":"time-to-find-first|cypress-provider|9","measures":{"value":253208}}
{"ts":1676960828464687378,"type":"point","name":"time-to-find-first|cypress-provider|10","measures":{"value":15875}}
{"ts":1676960828464755378,"type":"point","name":"time-to-find-first|cypress-provider|11","measures":{"value":20916}}
{"ts":1676960828465208462,"type":"point","name":"time-to-find-first|cypress-provider|12","measures":{"value":412250}}
{"ts":1676960828469659045,"type":"point","name":"time-to-find-first|cypress-provider|16","measures":{"value":17250}}
{"ts":1676960828789341587,"type":"point","name":"time-to-find-first|cypress-provider|8","measures":{"value":2129417}}
{"ts":1676960828789679295,"type":"point","name":"time-to-find-first|cypress-provider|3","measures":{"value":283167}}
{"ts":1676960828800435795,"type":"point","name":"time-to-find-first|cypress-provider|1","measures":{"value":403708166}}
{"ts":1676960828839574003,"type":"point","name":"time-to-find-first|cypress-provider|18","measures":{"value":802958}}
{"ts":1676960828841201378,"type":"point","name":"time-to-find-first|cypress-provider|14","measures":{"value":372408041}}
{"ts":1676960828841626837,"type":"point","name":"time-to-find-first|cypress-provider|15","measures":{"value":372200542}}
{"ts":1676960829197051379,"type":"point","name":"time-to-find-first|cypress-provider|17","measures":{"value":727356709}}
{"ts":1676960830602563713,"type":"point","name":"bandwidth-total-in|cypress-provider|9|2","measures":{"value":1217679}}
{"ts":1676960831572230546,"type":"point","name":"bandwidth-total-out|cypress-provider|9|2","measures":{"value":1523393}}
{"ts":1676960831774720630,"type":"point","name":"bandwidth-rate-in|cypress-provider|9|2","measures":{"value":80708.03782660024}}
{"ts":1676960831784512172,"type":"point","name":"bandwidth-rate-out|cypress-provider|9|2","measures":{"value":74478.47007141462}}
{"ts":1676960850520838125,"type":"point","name":"bandwidth-total-in|cypress-provider|9|3","measures":{"value":2765279}}
{"ts":1676960850530027750,"type":"point","name":"bandwidth-total-out|cypress-provider|9|3","measures":{"value":3604886}}
{"ts":1676960850571063666,"type":"point","name":"bandwidth-rate-in|cypress-provider|9|3","measures":{"value":59756.99822443016}}
{"ts":1676960850582710416,"type":"point","name":"bandwidth-rate-out|cypress-provider|9|3","measures":{"value":134789.90754332696}}
{"ts":1676960854623895626,"type":"point","name":"num-hops|cypress-provider|0","measures":{"value":2}}
{"ts":1676960854632520376,"type":"point","name":"time-to-find-last|done|cypress-provider|0","measures":{"value":546530792}}
{"ts":1676960854652513626,"type":"point","name":"time-to-find|done|cypress-provider|0","measures":{"value":26821449095}}
{"ts":1676960854661771543,"type":"point","name":"peers-found|done|cypress-provider|0","measures":{"value":40}}
{"ts":1676960854674955960,"type":"point","name":"peers-missing|done|cypress-provider|0","measures":{"value":0}}
{"ts":1676960854691981793,"type":"point","name":"num-hops|cypress-provider|4","measures":{"value":2}}
{"ts":1676960854719672585,"type":"point","name":"time-to-find-last|done|cypress-provider|4","measures":{"value":638314501}}
{"ts":1676960854730230210,"type":"point","name":"time-to-find|done|cypress-provider|4","measures":{"value":26927200221}}
{"ts":1676960854744594127,"type":"point","name":"peers-found|done|cypress-provider|4","measures":{"value":40}}
{"ts":1676960854758052752,"type":"point","name":"peers-missing|done|cypress-provider|4","measures":{"value":0}}
{"ts":1676960854940004627,"type":"point","name":"num-hops|cypress-provider|3","measures":{"value":3}}
{"ts":1676960854947020502,"type":"point","name":"time-to-find-last|done|cypress-provider|3","measures":{"value":2705017877}}
{"ts":1676960854961196002,"type":"point","name":"time-to-find|done|cypress-provider|3","measures":{"value":26171281637}}
{"ts":1676960854969851502,"type":"point","name":"peers-found|done|cypress-provider|3","measures":{"value":40}}
{"ts":1676960854979844710,"type":"point","name":"peers-missing|done|cypress-provider|3","measures":{"value":0}}
{"ts":1676960855558591044,"type":"point","name":"num-hops|cypress-provider|12","measures":{"value":2}}
{"ts":1676960855573954335,"type":"point","name":"time-to-find-last|done|cypress-provider|12","measures":{"value":1862562293}}
{"ts":1676960855580487669,"type":"point","name":"time-to-find|done|cypress-provider|12","measures":{"value":27115173220}}
{"ts":1676960855605497585,"type":"point","name":"peers-found|done|cypress-provider|12","measures":{"value":40}}
{"ts":1676960855623710794,"type":"point","name":"peers-missing|done|cypress-provider|12","measures":{"value":0}}
{"ts":1676960855895114044,"type":"point","name":"num-hops|cypress-provider|6","measures":{"value":1}}
{"ts":1676960855907863544,"type":"point","name":"time-to-find-last|done|cypress-provider|6","measures":{"value":456449376}}
{"ts":1676960855917193710,"type":"point","name":"time-to-find|done|cypress-provider|6","measures":{"value":28116706388}}
{"ts":1676960855927600169,"type":"point","name":"peers-found|done|cypress-provider|6","measures":{"value":40}}
{"ts":1676960855946841002,"type":"point","name":"peers-missing|done|cypress-provider|6","measures":{"value":0}}
{"ts":1676960855922745585,"type":"point","name":"num-hops|cypress-provider|5","measures":{"value":1}}
{"ts":1676960855968044335,"type":"point","name":"time-to-find-last|done|cypress-provider|5","measures":{"value":646602167}}
{"ts":1676960855975844044,"type":"point","name":"time-to-find|done|cypress-provider|5","measures":{"value":28182756513}}
{"ts":1676960855996982044,"type":"point","name":"peers-found|done|cypress-provider|5","measures":{"value":40}}
{"ts":1676960856011858752,"type":"point","name":"peers-missing|done|cypress-provider|5","measures":{"value":0}}
{"ts":1676960856018888794,"type":"point","name":"num-hops|cypress-provider|7","measures":{"value":2}}
{"ts":1676960856038782710,"type":"point","name":"time-to-find-last|done|cypress-provider|7","measures":{"value":447028001}}
{"ts":1676960856032736002,"type":"point","name":"num-hops|cypress-provider|19","measures":{"value":2}}
{"ts":1676960856075325377,"type":"point","name":"time-to-find-last|done|cypress-provider|19","measures":{"value":416502291}}
{"ts":1676960856085074836,"type":"point","name":"time-to-find|done|cypress-provider|19","measures":{"value":27687523929}}
{"ts":1676960856091715336,"type":"point","name":"peers-found|done|cypress-provider|19","measures":{"value":40}}
{"ts":1676960856106151169,"type":"point","name":"peers-missing|done|cypress-provider|19","measures":{"value":0}}
{"ts":1676960856085644711,"type":"point","name":"num-hops|cypress-provider|14","measures":{"value":2}}
{"ts":1676960856146971669,"type":"point","name":"time-to-find-last|done|cypress-provider|14","measures":{"value":3474937043}}
{"ts":1676960856170155752,"type":"point","name":"time-to-find|done|cypress-provider|14","measures":{"value":27700847720}}
{"ts":1676960856191570419,"type":"point","name":"peers-found|done|cypress-provider|14","measures":{"value":40}}
{"ts":1676960856197660919,"type":"point","name":"peers-missing|done|cypress-provider|14","measures":{"value":0}}
{"ts":1676960856123551169,"type":"point","name":"num-hops|cypress-provider|15","measures":{"value":2}}
{"ts":1676960856211150961,"type":"point","name":"time-to-find-last|done|cypress-provider|15","measures":{"value":3501376835}}
{"ts":1676960856228896711,"type":"point","name":"time-to-find|done|cypress-provider|15","measures":{"value":27758952263}}
{"ts":1676960856238698211,"type":"point","name":"peers-found|done|cypress-provider|15","measures":{"value":40}}
{"ts":1676960856266157419,"type":"point","name":"peers-missing|done|cypress-provider|15","measures":{"value":0}}
{"ts":1676960856198098544,"type":"point","name":"num-hops|cypress-provider|16","measures":{"value":1}}
{"ts":1676960856294468877,"type":"point","name":"time-to-find-last|done|cypress-provider|16","measures":{"value":2133564251}}
{"ts":1676960856297774544,"type":"point","name":"time-to-find|done|cypress-provider|16","measures":{"value":27827615970}}
{"ts":1676960856308104419,"type":"point","name":"peers-found|done|cypress-provider|16","measures":{"value":40}}
{"ts":1676960856317112794,"type":"point","name":"peers-missing|done|cypress-provider|16","measures":{"value":0}}
{"ts":1676960856092288544,"type":"point","name":"num-hops|cypress-provider|17","measures":{"value":2}}
{"ts":1676960856348097961,"type":"point","name":"time-to-find-last|done|cypress-provider|17","measures":{"value":3501112002}}
{"ts":1676960856357991419,"type":"point","name":"time-to-find|done|cypress-provider|17","measures":{"value":27887781304}}
{"ts":1676960856365059627,"type":"point","name":"peers-found|done|cypress-provider|17","measures":{"value":40}}
{"ts":1676960856372664044,"type":"point","name":"peers-missing|done|cypress-provider|17","measures":{"value":0}}
{"ts":1676960856206820961,"type":"point","name":"num-hops|cypress-provider|11","measures":{"value":2}}
{"ts":1676960856389910711,"type":"point","name":"time-to-find-last|done|cypress-provider|11","measures":{"value":1947617084}}
{"ts":1676960856399789294,"type":"point","name":"time-to-find|done|cypress-provider|11","measures":{"value":27934536595}}
{"ts":1676960856410828419,"type":"point","name":"peers-found|done|cypress-provider|11","measures":{"value":40}}
{"ts":1676960856425003711,"type":"point","name":"peers-missing|done|cypress-provider|11","measures":{"value":0}}
{"ts":1676960856052957377,"type":"point","name":"time-to-find|done|cypress-provider|7","measures":{"value":28243046971}}
{"ts":1676960856468037544,"type":"point","name":"peers-found|done|cypress-provider|7","measures":{"value":40}}
{"ts":1676960856484808211,"type":"point","name":"peers-missing|done|cypress-provider|7","measures":{"value":0}}
{"ts":1676960856039321294,"type":"point","name":"num-hops|cypress-provider|1","measures":{"value":2}}
{"ts":1676960856508314752,"type":"point","name":"time-to-find-last|done|cypress-provider|1","measures":{"value":2795063876}}
{"ts":1676960856512641836,"type":"point","name":"time-to-find|done|cypress-provider|1","measures":{"value":28115402929}}
{"ts":1676960856521299919,"type":"point","name":"peers-found|done|cypress-provider|1","measures":{"value":40}}
{"ts":1676960856533737336,"type":"point","name":"peers-missing|done|cypress-provider|1","measures":{"value":0}}
{"ts":1676960856470727627,"type":"point","name":"num-hops|cypress-provider|9","measures":{"value":2}}
{"ts":1676960856547847627,"type":"point","name":"time-to-find-last|done|cypress-provider|9","measures":{"value":1481018584}}
{"ts":1676960856560174461,"type":"point","name":"time-to-find|done|cypress-provider|9","measures":{"value":28095261220}}
{"ts":1676960856566629169,"type":"point","name":"peers-found|done|cypress-provider|9","measures":{"value":40}}
{"ts":1676960856575070919,"type":"point","name":"peers-missing|done|cypress-provider|9","measures":{"value":0}}
{"ts":1676960856290105711,"type":"point","name":"num-hops|cypress-provider|18","measures":{"value":2}}
{"ts":1676960856586079336,"type":"point","name":"time-to-find-last|done|cypress-provider|18","measures":{"value":2564438210}}
{"ts":1676960856594636044,"type":"point","name":"time-to-find|done|cypress-provider|18","measures":{"value":27755348054}}
{"ts":1676960856608535211,"type":"point","name":"peers-found|done|cypress-provider|18","measures":{"value":40}}
{"ts":1676960856612509211,"type":"point","name":"peers-missing|done|cypress-provider|18","measures":{"value":0}}
{"ts":1676960856202963461,"type":"point","name":"num-hops|cypress-provider|10","measures":{"value":2}}
{"ts":1676960856633906794,"type":"point","name":"time-to-find-last|done|cypress-provider|10","measures":{"value":1613902376}}
{"ts":1676960856660502377,"type":"point","name":"time-to-find|done|cypress-provider|10","measures":{"value":28195312221}}
{"ts":1676960856667752919,"type":"point","name":"peers-found|done|cypress-provider|10","measures":{"value":40}}
{"ts":1676960856679683502,"type":"point","name":"peers-missing|done|cypress-provider|10","measures":{"value":0}}
{"ts":1676960856211216044,"type":"point","name":"num-hops|cypress-provider|8","measures":{"value":2}}
{"ts":1676960856106965919,"type":"point","name":"num-hops|cypress-provider|13","measures":{"value":3}}
{"ts":1676960856707906461,"type":"point","name":"time-to-find-last|done|cypress-provider|13","measures":{"value":733864375}}
{"ts":1676960856718685419,"type":"point","name":"time-to-find|done|cypress-provider|13","measures":{"value":28254508554}}
{"ts":1676960856732181836,"type":"point","name":"peers-found|done|cypress-provider|13","measures":{"value":40}}
{"ts":1676960856752860711,"type":"point","name":"peers-missing|done|cypress-provider|13","measures":{"value":0}}
{"ts":1676960856312758336,"type":"point","name":"num-hops|cypress-provider|2","measures":{"value":2}}
{"ts":1676960856773201752,"type":"point","name":"time-to-find-last|done|cypress-provider|2","measures":{"value":280551666}}
{"ts":1676960856783670461,"type":"point","name":"time-to-find|done|cypress-provider|2","measures":{"value":28976959679}}
{"ts":1676960856794564461,"type":"point","name":"peers-found|done|cypress-provider|2","measures":{"value":40}}
{"ts":1676960856801048753,"type":"point","name":"peers-missing|done|cypress-provider|2","measures":{"value":0}}
{"ts":1676960856700564169,"type":"point","name":"time-to-find-last|done|cypress-provider|8","measures":{"value":1757442001}}
{"ts":1676960856823828669,"type":"point","name":"time-to-find|done|cypress-provider|8","measures":{"value":28036104388}}
{"ts":1676960856836260086,"type":"point","name":"peers-found|done|cypress-provider|8","measures":{"value":40}}
{"ts":1676960856847993669,"type":"point","name":"peers-missing|done|cypress-provider|8","measures":{"value":0}}
{"ts":1676960856886046461,"type":"point","name":"signal provider-records2","measures":{"value":26549958}}
{"ts":1676960858277641378,"type":"point","name":"barrierprovider-records2","measures":{"value":1378718292}}
{"ts":1676960858375199212,"type":"point","name":"full provider-records2","measures":{"value":30583142680}}
