{"ts":1676964655794330303,"type":"gauge","name":"runtime.MemStats.MSpanInuse","measures":{"value":653344}}
{"ts":1676964655800931886,"type":"gauge","name":"runtime.MemStats.NumGC","measures":{"value":4}}
{"ts":1676964655803636178,"type":"histogram","name":"runtime.MemStats.PauseNs","measures":{"count":4,"max":15657375,"mean":4048281.5,"min":23542,"p50":256104.5,"p75":11858708.5,"p95":15657375,"p99":15657375,"p999":15657375,"p9999":15657375,"stddev":6704777.467822869,"variance":44954040893025.25}}
{"ts":1676964655806633719,"type":"gauge","name":"runtime.NumThread","measures":{"value":13}}
{"ts":1676964655809073011,"type":"gauge","name":"runtime.MemStats.Alloc","measures":{"value":29080864}}
{"ts":1676964655812239094,"type":"gauge","name":"runtime.MemStats.DebugGC","measures":{"value":0}}
{"ts":1676964655815421053,"type":"gauge","name":"runtime.MemStats.HeapObjects","measures":{"value":576434}}
{"ts":1676964655818388636,"type":"gauge","name":"runtime.MemStats.Lookups","measures":{"value":0}}
{"ts":1676964655820237303,"type":"gauge","name":"runtime.MemStats.StackSys","measures":{"value":17072128}}
{"ts":1676964655827759261,"type":"gauge","name":"runtime.MemStats.EnableGC","measures":{"value":1}}
{"ts":1676964655831138844,"type":"gauge","name":"runtime.MemStats.HeapAlloc","measures":{"value":29080864}}
{"ts":1676964655833623011,"type":"gauge","name":"runtime.MemStats.MCacheInuse","measures":{"value":9600}}
{"ts":1676964655836811719,"type":"gauge","name":"runtime.MemStats.GCCPUFraction","measures":{"value":0.040594607583482864}}
{"ts":1676964655837824094,"type":"gauge","name":"runtime.MemStats.Frees","measures":{"value":473089}}
{"ts":1676964655840571594,"type":"gauge","name":"runtime.MemStats.NextGC","measures":{"value":55759760}}
{"ts":1676964655842475511,"type":"gauge","name":"runtime.MemStats.LastGC","measures":{"value":1676964655429222100}}
{"ts":1676964655844831553,"type":"gauge","name":"runtime.MemStats.TotalAlloc","measures":{"value":44991520}}
{"ts":1676964655846634011,"type":"gauge","name":"runtime.NumGoroutine","measures":{"value":311}}
{"ts":1676964655849248219,"type":"timer","name":"runtime.ReadMemStats","measures":{"count":1,"m1":0,"m15":0,"m5":0,"max":139666,"mean":139666,"meanrate":0.1998747467310632,"min":139666,"p50":139666,"p75":139666,"p95":139666,"p99":139666,"p999":139666,"p9999":139666,"stddev":0,"variance":0}}
{"ts":1676964655852336594,"type":"gauge","name":"runtime.MemStats.HeapInuse","measures":{"value":34562048}}
{"ts":1676964655854614553,"type":"gauge","name":"runtime.MemStats.MCacheSys","measures":{"value":15600}}
{"ts":1676964655855833094,"type":"gauge","name":"runtime.MemStats.PauseTotalNs","measures":{"value":16193126}}
{"ts":1676964655857319094,"type":"gauge","name":"runtime.NumCgoCall","measures":{"value":1}}
{"ts":1676964655859528178,"type":"gauge","name":"runtime.MemStats.BuckHashSys","measures":{"value":1503678}}
{"ts":1676964655861956594,"type":"gauge","name":"runtime.MemStats.HeapReleased","measures":{"value":1277952}}
{"ts":1676964655865010844,"type":"gauge","name":"runtime.MemStats.MSpanSys","measures":{"value":718080}}
{"ts":1676964655868762803,"type":"gauge","name":"runtime.MemStats.StackInuse","measures":{"value":17072128}}
{"ts":1676964655871791386,"type":"gauge","name":"runtime.MemStats.Sys","measures":{"value":95322392}}
{"ts":1676964655874250053,"type":"gauge","name":"runtime.MemStats.HeapIdle","measures":{"value":32251904}}
{"ts":1676964655879463803,"type":"gauge","name":"runtime.MemStats.HeapSys","measures":{"value":66813952}}
{"ts":1676964655883429969,"type":"gauge","name":"runtime.MemStats.Mallocs","measures":{"value":1049523}}
{"ts":1676964660794144430,"type":"gauge","name":"runtime.MemStats.Frees","measures":{"value":250}}
{"ts":1676964660795670847,"type":"gauge","name":"runtime.MemStats.NextGC","measures":{"value":55759760}}
{"ts":1676964660797263888,"type":"gauge","name":"runtime.NumGoroutine","measures":{"value":312}}
{"ts":1676964660799041972,"type":"timer","name":"runtime.ReadMemStats","measures":{"count":2,"m1":0.015991117074135343,"m15":0.0011080303990206543,"m5":0.0033057092356765017,"max":283792,"mean":211729,"meanrate":0.19994118554079074,"min":139666,"p50":211729,"p75":283792,"p95":283792,"p99":283792,"p999":283792,"p9999":283792,"stddev":72063,"variance":5193075969}}
{"ts":1676964660803733388,"type":"gauge","name":"runtime.MemStats.LastGC","measures":{"value":1676964655429222100}}
{"ts":1676964660806035180,"type":"gauge","name":"runtime.MemStats.TotalAlloc","measures":{"value":45269072}}
{"ts":1676964660807358930,"type":"gauge","name":"runtime.MemStats.PauseTotalNs","measures":{"value":16193126}}
{"ts":1676964660808736388,"type":"gauge","name":"runtime.MemStats.HeapInuse","measures":{"value":34709504}}
{"ts":1676964660810087888,"type":"gauge","name":"runtime.MemStats.MCacheSys","measures":{"value":15600}}
{"ts":1676964660811466430,"type":"gauge","name":"runtime.MemStats.MSpanSys","measures":{"value":718080}}
{"ts":1676964660812430388,"type":"gauge","name":"runtime.MemStats.StackInuse","measures":{"value":17006592}}
{"ts":1676964660813513597,"type":"gauge","name":"runtime.MemStats.Sys","measures":{"value":95584536}}
{"ts":1676964660815013430,"type":"gauge","name":"runtime.NumCgoCall","measures":{"value":0}}
{"ts":1676964660815980680,"type":"gauge","name":"runtime.MemStats.BuckHashSys","measures":{"value":1503678}}
{"ts":1676964660817330305,"type":"gauge","name":"runtime.MemStats.HeapReleased","measures":{"value":1097728}}
{"ts":1676964660818535555,"type":"gauge","name":"runtime.MemStats.Mallocs","measures":{"value":2960}}
{"ts":1676964660820643138,"type":"gauge","name":"runtime.MemStats.HeapIdle","measures":{"value":32169984}}
{"ts":1676964660823544180,"type":"gauge","name":"runtime.MemStats.HeapSys","measures":{"value":66879488}}
{"ts":1676964660825729430,"type":"histogram","name":"runtime.MemStats.PauseNs","measures":{"count":4,"max":15657375,"mean":4048281.5,"min":23542,"p50":256104.5,"p75":11858708.5,"p95":15657375,"p99":15657375,"p999":15657375,"p9999":15657375,"stddev":6704777.467822869,"variance":44954040893025.25}}
{"ts":1676964660827063555,"type":"gauge","name":"runtime.NumThread","measures":{"value":13}}
{"ts":1676964660828645888,"type":"gauge","name":"runtime.MemStats.MSpanInuse","measures":{"value":653344}}
{"ts":1676964660830492263,"type":"gauge","name":"runtime.MemStats.NumGC","measures":{"value":0}}
{"ts":1676964660831764472,"type":"gauge","name":"runtime.MemStats.HeapObjects","measures":{"value":579144}}
{"ts":1676964660832979472,"type":"gauge","name":"runtime.MemStats.Lookups","measures":{"value":0}}
{"ts":1676964660834791472,"type":"gauge","name":"runtime.MemStats.StackSys","measures":{"value":17006592}}
{"ts":1676964660836195930,"type":"gauge","name":"runtime.MemStats.Alloc","measures":{"value":29358416}}
{"ts":1676964660837612097,"type":"gauge","name":"runtime.MemStats.DebugGC","measures":{"value":0}}
{"ts":1676964660839014972,"type":"gauge","name":"runtime.MemStats.MCacheInuse","measures":{"value":9600}}
{"ts":1676964660842438972,"type":"gauge","name":"runtime.MemStats.GCCPUFraction","measures":{"value":0.040594607583482864}}
{"ts":1676964660846410930,"type":"gauge","name":"runtime.MemStats.EnableGC","measures":{"value":1}}
{"ts":1676964660848725763,"type":"gauge","name":"runtime.MemStats.HeapAlloc","measures":{"value":29358416}}
{"ts":1676964665794629585,"type":"gauge","name":"runtime.NumCgoCall","measures":{"value":0}}
{"ts":1676964665796378251,"type":"gauge","name":"runtime.MemStats.BuckHashSys","measures":{"value":1503678}}
{"ts":1676964665797626460,"type":"gauge","name":"runtime.MemStats.HeapReleased","measures":{"value":942080}}
{"ts":1676964665799085543,"type":"gauge","name":"runtime.MemStats.MSpanSys","measures":{"value":718080}}
{"ts":1676964665800986543,"type":"gauge","name":"runtime.MemStats.StackInuse","measures":{"value":13631488}}
{"ts":1676964665802104543,"type":"gauge","name":"runtime.MemStats.Sys","measures":{"value":95584536}}
{"ts":1676964665803626543,"type":"gauge","name":"runtime.MemStats.HeapIdle","measures":{"value":35381248}}
{"ts":1676964665804838460,"type":"gauge","name":"runtime.MemStats.HeapSys","measures":{"value":70254592}}
{"ts":1676964665806889585,"type":"gauge","name":"runtime.MemStats.Mallocs","measures":{"value":2904}}
{"ts":1676964665811417751,"type":"gauge","name":"runtime.MemStats.MSpanInuse","measures":{"value":653344}}
{"ts":1676964665812821918,"type":"gauge","name":"runtime.MemStats.NumGC","measures":{"value":0}}
{"ts":1676964665814175251,"type":"histogram","name":"runtime.MemStats.PauseNs","measures":{"count":4,"max":15657375,"mean":4048281.5,"min":23542,"p50":256104.5,"p75":11858708.5,"p95":15657375,"p99":15657375,"p999":15657375,"p9999":15657375,"stddev":6704777.467822869,"variance":44954040893025.25}}
{"ts":1676964665816020085,"type":"gauge","name":"runtime.NumThread","measures":{"value":13}}
{"ts":1676964665817846668,"type":"gauge","name":"runtime.MemStats.Alloc","measures":{"value":29633896}}
{"ts":1676964665819865710,"type":"gauge","name":"runtime.MemStats.DebugGC","measures":{"value":0}}
{"ts":1676964665822874376,"type":"gauge","name":"runtime.MemStats.HeapObjects","measures":{"value":581788}}
{"ts":1676964665827906668,"type":"gauge","name":"runtime.MemStats.Lookups","measures":{"value":0}}
{"ts":1676964665829754835,"type":"gauge","name":"runtime.MemStats.StackSys","measures":{"value":13631488}}
{"ts":1676964665831145335,"type":"gauge","name":"runtime.MemStats.EnableGC","measures":{"value":1}}
{"ts":1676964665832840460,"type":"gauge","name":"runtime.MemStats.HeapAlloc","measures":{"value":29633896}}
{"ts":1676964665834234460,"type":"gauge","name":"runtime.MemStats.MCacheInuse","measures":{"value":9600}}
{"ts":1676964665837285626,"type":"gauge","name":"runtime.MemStats.GCCPUFraction","measures":{"value":0.040594607583482864}}
{"ts":1676964665839055626,"type":"gauge","name":"runtime.MemStats.Frees","measures":{"value":260}}
{"ts":1676964665840844668,"type":"gauge","name":"runtime.MemStats.NextGC","measures":{"value":55759760}}
{"ts":1676964665842348418,"type":"gauge","name":"runtime.MemStats.LastGC","measures":{"value":1676964655429222100}}
{"ts":1676964665844760710,"type":"gauge","name":"runtime.MemStats.TotalAlloc","measures":{"value":45544552}}
{"ts":1676964665846591002,"type":"gauge","name":"runtime.NumGoroutine","measures":{"value":223}}
{"ts":1676964665848929960,"type":"timer","name":"runtime.ReadMemStats","measures":{"count":3,"m1":0.030703655021877167,"m15":0.002209922141215539,"m5":0.0065567799035988195,"max":531125,"mean":318194.3333333333,"meanrate":0.1999467851895153,"min":139666,"p50":283792,"p75":531125,"p95":531125,"p99":531125,"p999":531125,"p9999":531125,"stddev":161653.28654115126,"variance":26131785049.555557}}
{"ts":1676964665851288960,"type":"gauge","name":"runtime.MemStats.HeapInuse","measures":{"value":34873344}}
{"ts":1676964665854275585,"type":"gauge","name":"runtime.MemStats.MCacheSys","measures":{"value":15600}}
{"ts":1676964665857156710,"type":"gauge","name":"runtime.MemStats.PauseTotalNs","measures":{"value":16193126}}
{"ts":1676964670793889587,"type":"timer","name":"runtime.ReadMemStats","measures":{"count":4,"m1":0.044239843385719006,"m15":0.003305709235676515,"m5":0.009754115099857198,"max":531125,"mean":349479,"meanrate":0.19996737148396884,"min":139666,"p50":363562.5,"p75":509177,"p95":531125,"p99":531125,"p999":531125,"p9999":531125,"stddev":150116.72089577495,"variance":22535029892.5}}
{"ts":1676964670795573837,"type":"gauge","name":"runtime.MemStats.LastGC","measures":{"value":1676964655429222100}}
{"ts":1676964670796857296,"type":"gauge","name":"runtime.MemStats.TotalAlloc","measures":{"value":45811096}}
{"ts":1676964670798054546,"type":"gauge","name":"runtime.NumGoroutine","measures":{"value":223}}
{"ts":1676964670798986129,"type":"gauge","name":"runtime.MemStats.HeapInuse","measures":{"value":34889728}}
{"ts":1676964670800350129,"type":"gauge","name":"runtime.MemStats.MCacheSys","measures":{"value":15600}}
{"ts":1676964670802241421,"type":"gauge","name":"runtime.MemStats.PauseTotalNs","measures":{"value":16193126}}
{"ts":1676964670803787921,"type":"gauge","name":"runtime.MemStats.StackInuse","measures":{"value":13631488}}
{"ts":1676964670805410296,"type":"gauge","name":"runtime.MemStats.Sys","measures":{"value":95584536}}
{"ts":1676964670808946171,"type":"gauge","name":"runtime.NumCgoCall","measures":{"value":0}}
{"ts":1676964670810231046,"type":"gauge","name":"runtime.MemStats.BuckHashSys","measures":{"value":1503678}}
{"ts":1676964670812118837,"type":"gauge","name":"runtime.MemStats.HeapReleased","measures":{"value":942080}}
{"ts":1676964670813753129,"type":"gauge","name":"runtime.MemStats.MSpanSys","measures":{"value":718080}}
{"ts":1676964670815428671,"type":"gauge","name":"runtime.MemStats.HeapIdle","measures":{"value":35364864}}
{"ts":1676964670816881629,"type":"gauge","name":"runtime.MemStats.HeapSys","measures":{"value":70254592}}
{"ts":1676964670818032421,"type":"gauge","name":"runtime.MemStats.Mallocs","measures":{"value":2680}}
{"ts":1676964670820105212,"type":"gauge","name":"runtime.NumThread","measures":{"value":13}}
{"ts":1676964670821510421,"type":"gauge","name":"runtime.MemStats.MSpanInuse","measures":{"value":653344}}
{"ts":1676964670823498629,"type":"gauge","name":"runtime.MemStats.NumGC","measures":{"value":0}}
{"ts":1676964670824860879,"type":"histogram","name":"runtime.MemStats.PauseNs","measures":{"count":4,"max":15657375,"mean":4048281.5,"min":23542,"p50":256104.5,"p75":11858708.5,"p95":15657375,"p99":15657375,"p999":15657375,"p9999":15657375,"stddev":6704777.467822869,"variance":44954040893025.25}}
{"ts":1676964670826043337,"type":"gauge","name":"runtime.MemStats.Lookups","measures":{"value":0}}
{"ts":1676964670827082004,"type":"gauge","name":"runtime.MemStats.StackSys","measures":{"value":13631488}}
{"ts":1676964670829793546,"type":"gauge","name":"runtime.MemStats.Alloc","measures":{"value":29900440}}
{"ts":1676964670831767712,"type":"gauge","name":"runtime.MemStats.DebugGC","measures":{"value":0}}
{"ts":1676964670833385462,"type":"gauge","name":"runtime.MemStats.HeapObjects","measures":{"value":584235}}
{"ts":1676964670834826712,"type":"gauge","name":"runtime.MemStats.GCCPUFraction","measures":{"value":0.040594607583482864}}
{"ts":1676964670835977504,"type":"gauge","name":"runtime.MemStats.EnableGC","measures":{"value":1}}
{"ts":1676964670837121462,"type":"gauge","name":"runtime.MemStats.HeapAlloc","measures":{"value":29900440}}
{"ts":1676964670839024546,"type":"gauge","name":"runtime.MemStats.MCacheInuse","measures":{"value":9600}}
{"ts":1676964670841446296,"type":"gauge","name":"runtime.MemStats.Frees","measures":{"value":233}}
{"ts":1676964670844404629,"type":"gauge","name":"runtime.MemStats.NextGC","measures":{"value":55759760}}
{"ts":1676964675793703131,"type":"gauge","name":"runtime.MemStats.BuckHashSys","measures":{"value":1503910}}
{"ts":1676964675795171590,"type":"gauge","name":"runtime.MemStats.HeapReleased","measures":{"value":786432}}
{"ts":1676964675796406215,"type":"gauge","name":"runtime.MemStats.MSpanSys","measures":{"value":718080}}
{"ts":1676964675797761090,"type":"gauge","name":"runtime.MemStats.StackInuse","measures":{"value":13631488}}
{"ts":1676964675799632090,"type":"gauge","name":"runtime.MemStats.Sys","measures":{"value":95584536}}
{"ts":1676964675800679590,"type":"gauge","name":"runtime.NumCgoCall","measures":{"value":0}}
{"ts":1676964675801948881,"type":"gauge","name":"runtime.MemStats.HeapIdle","measures":{"value":35119104}}
{"ts":1676964675804005590,"type":"gauge","name":"runtime.MemStats.HeapSys","measures":{"value":70254592}}
{"ts":1676964675806639798,"type":"gauge","name":"runtime.MemStats.Mallocs","measures":{"value":2715}}
{"ts":1676964675810986340,"type":"gauge","name":"runtime.MemStats.MSpanInuse","measures":{"value":653344}}
{"ts":1676964675813959340,"type":"gauge","name":"runtime.MemStats.NumGC","measures":{"value":0}}
{"ts":1676964675815268506,"type":"histogram","name":"runtime.MemStats.PauseNs","measures":{"count":4,"max":15657375,"mean":4048281.5,"min":23542,"p50":256104.5,"p75":11858708.5,"p95":15657375,"p99":15657375,"p999":15657375,"p9999":15657375,"stddev":6704777.467822869,"variance":44954040893025.25}}
{"ts":1676964675816915923,"type":"gauge","name":"runtime.NumThread","measures":{"value":13}}
{"ts":1676964675818787715,"type":"gauge","name":"runtime.MemStats.Alloc","measures":{"value":30172424}}
{"ts":1676964675821885715,"type":"gauge","name":"runtime.MemStats.DebugGC","measures":{"value":0}}
{"ts":1676964675823027965,"type":"gauge","name":"runtime.MemStats.HeapObjects","measures":{"value":586710}}
{"ts":1676964675823913631,"type":"gauge","name":"runtime.MemStats.Lookups","measures":{"value":0}}
{"ts":1676964675825208923,"type":"gauge","name":"runtime.MemStats.StackSys","measures":{"value":13631488}}
{"ts":1676964675826891173,"type":"gauge","name":"runtime.MemStats.EnableGC","measures":{"value":1}}
{"ts":1676964675828374090,"type":"gauge","name":"runtime.MemStats.HeapAlloc","measures":{"value":30172424}}
{"ts":1676964675830036715,"type":"gauge","name":"runtime.MemStats.MCacheInuse","measures":{"value":9600}}
{"ts":1676964675832860840,"type":"gauge","name":"runtime.MemStats.GCCPUFraction","measures":{"value":0.040594607583482864}}
{"ts":1676964675834474923,"type":"gauge","name":"runtime.MemStats.Frees","measures":{"value":240}}
{"ts":1676964675836254423,"type":"gauge","name":"runtime.MemStats.NextGC","measures":{"value":55759760}}
{"ts":1676964675839235340,"type":"gauge","name":"runtime.MemStats.LastGC","measures":{"value":1676964655429222100}}
{"ts":1676964675845529756,"type":"gauge","name":"runtime.MemStats.TotalAlloc","measures":{"value":46083080}}
{"ts":1676964675849017256,"type":"gauge","name":"runtime.NumGoroutine","measures":{"value":223}}
{"ts":1676964675851120965,"type":"timer","name":"runtime.ReadMemStats","measures":{"count":5,"m1":0.056693737885242124,"m15":0.004395425503079905,"m5":0.012898602993676452,"max":531125,"mean":302733.2,"meanrate":0.19997538860497657,"min":115750,"p50":283792,"p75":487229,"p95":531125,"p99":531125,"p999":531125,"p9999":531125,"stddev":163611.43965065523,"variance":26768703184.56}}
{"ts":1676964675854167006,"type":"gauge","name":"runtime.MemStats.HeapInuse","measures":{"value":35135488}}
{"ts":1676964675855330965,"type":"gauge","name":"runtime.MemStats.MCacheSys","measures":{"value":15600}}
{"ts":1676964675857632006,"type":"gauge","name":"runtime.MemStats.PauseTotalNs","measures":{"value":16193126}}
{"ts":1676964680793130634,"type":"gauge","name":"runtime.MemStats.HeapIdle","measures":{"value":35028992}}
{"ts":1676964680793946967,"type":"gauge","name":"runtime.MemStats.HeapSys","measures":{"value":70254592}}
{"ts":1676964680794884800,"type":"gauge","name":"runtime.MemStats.Mallocs","measures":{"value":2666}}
{"ts":1676964680795696259,"type":"gauge","name":"runtime.NumThread","measures":{"value":13}}
{"ts":1676964680796491425,"type":"gauge","name":"runtime.MemStats.MSpanInuse","measures":{"value":653344}}
{"ts":1676964680797518509,"type":"gauge","name":"runtime.MemStats.NumGC","measures":{"value":0}}
{"ts":1676964680798551925,"type":"histogram","name":"runtime.MemStats.PauseNs","measures":{"count":4,"max":15657375,"mean":4048281.5,"min":23542,"p50":256104.5,"p75":11858708.5,"p95":15657375,"p99":15657375,"p999":15657375,"p9999":15657375,"stddev":6704777.467822869,"variance":44954040893025.25}}
{"ts":1676964680799828092,"type":"gauge","name":"runtime.MemStats.Lookups","measures":{"value":0}}
{"ts":1676964680800816759,"type":"gauge","name":"runtime.MemStats.StackSys","measures":{"value":13631488}}
{"ts":1676964680801789300,"type":"gauge","name":"runtime.MemStats.Alloc","measures":{"value":30437624}}
{"ts":1676964680803030634,"type":"gauge","name":"runtime.MemStats.DebugGC","measures":{"value":0}}
{"ts":1676964680805100592,"type":"gauge","name":"runtime.MemStats.HeapObjects","measures":{"value":589143}}
{"ts":1676964680807567467,"type":"gauge","name":"runtime.MemStats.GCCPUFraction","measures":{"value":0.040594607583482864}}
{"ts":1676964680808717009,"type":"gauge","name":"runtime.MemStats.EnableGC","measures":{"value":1}}
{"ts":1676964680810149759,"type":"gauge","name":"runtime.MemStats.HeapAlloc","measures":{"value":30437624}}
{"ts":1676964680812390925,"type":"gauge","name":"runtime.MemStats.MCacheInuse","measures":{"value":9600}}
{"ts":1676964680813618050,"type":"gauge","name":"runtime.MemStats.Frees","measures":{"value":233}}
{"ts":1676964680815587342,"type":"gauge","name":"runtime.MemStats.NextGC","measures":{"value":55759760}}
{"ts":1676964680817261342,"type":"timer","name":"runtime.ReadMemStats","measures":{"count":6,"m1":0.06815187395991122,"m15":0.0054791045767303434,"m5":0.015991117074135346,"max":531125,"mean":271965.1666666667,"meanrate":0.19998331824485419,"min":115750,"p50":211729,"p75":465281,"p95":531125,"p99":531125,"p999":531125,"p9999":531125,"stddev":164440.2992876307,"variance":27040612029.805557}}
{"ts":1676964680820104259,"type":"gauge","name":"runtime.MemStats.LastGC","measures":{"value":1676964655429222100}}
{"ts":1676964680821950675,"type":"gauge","name":"runtime.MemStats.TotalAlloc","measures":{"value":46348280}}
{"ts":1676964680823851259,"type":"gauge","name":"runtime.NumGoroutine","measures":{"value":223}}
{"ts":1676964680824998550,"type":"gauge","name":"runtime.MemStats.HeapInuse","measures":{"value":35225600}}
{"ts":1676964680826692550,"type":"gauge","name":"runtime.MemStats.MCacheSys","measures":{"value":15600}}
{"ts":1676964680828056717,"type":"gauge","name":"runtime.MemStats.PauseTotalNs","measures":{"value":16193126}}
{"ts":1676964680829176509,"type":"gauge","name":"runtime.MemStats.StackInuse","measures":{"value":13631488}}
{"ts":1676964680831025842,"type":"gauge","name":"runtime.MemStats.Sys","measures":{"value":95584536}}
{"ts":1676964680834520717,"type":"gauge","name":"runtime.NumCgoCall","measures":{"value":0}}
{"ts":1676964680836488050,"type":"gauge","name":"runtime.MemStats.BuckHashSys","measures":{"value":1503910}}
{"ts":1676964680839502842,"type":"gauge","name":"runtime.MemStats.HeapReleased","measures":{"value":778240}}
{"ts":1676964680842249175,"type":"gauge","name":"runtime.MemStats.MSpanSys","measures":{"value":718080}}
{"ts":1676964685794076136,"type":"gauge","name":"runtime.MemStats.Alloc","measures":{"value":32718976}}
{"ts":1676964685797628511,"type":"gauge","name":"runtime.MemStats.DebugGC","measures":{"value":0}}
{"ts":1676964685800273469,"type":"gauge","name":"runtime.MemStats.HeapObjects","measures":{"value":618492}}
{"ts":1676964685805855178,"type":"gauge","name":"runtime.MemStats.Lookups","measures":{"value":0}}
{"ts":1676964685810377011,"type":"gauge","name":"runtime.MemStats.StackSys","measures":{"value":11730944}}
{"ts":1676964685814881219,"type":"gauge","name":"runtime.MemStats.EnableGC","measures":{"value":1}}
{"ts":1676964685817045011,"type":"gauge","name":"runtime.MemStats.HeapAlloc","measures":{"value":32718976}}
{"ts":1676964685822932094,"type":"gauge","name":"runtime.MemStats.MCacheInuse","measures":{"value":9600}}
{"ts":1676964685834622344,"type":"gauge","name":"runtime.MemStats.GCCPUFraction","measures":{"value":0.040594607583482864}}
{"ts":1676964685839819678,"type":"gauge","name":"runtime.MemStats.Frees","measures":{"value":1298}}
{"ts":1676964685842747303,"type":"gauge","name":"runtime.MemStats.NextGC","measures":{"value":55759760}}
{"ts":1676964685847750219,"type":"gauge","name":"runtime.MemStats.LastGC","measures":{"value":1676964655429222100}}
{"ts":1676964685850624803,"type":"gauge","name":"runtime.MemStats.TotalAlloc","measures":{"value":48629632}}
{"ts":1676964685854725219,"type":"gauge","name":"runtime.NumGoroutine","measures":{"value":306}}
{"ts":1676964685857479511,"type":"timer","name":"runtime.ReadMemStats","measures":{"count":7,"m1":0.07869386805747328,"m15":0.0065567799035988455,"m5":0.019032516392808084,"max":531125,"mean":288553.5714285714,"meanrate":0.19998038326141376,"min":115750,"p50":283792,"p75":443333,"p95":531125,"p99":531125,"p999":531125,"p9999":531125,"stddev":157571.3123934295,"variance":24828718489.387756}}
{"ts":1676964685859821344,"type":"gauge","name":"runtime.MemStats.HeapInuse","measures":{"value":36888576}}
{"ts":1676964685861791219,"type":"gauge","name":"runtime.MemStats.MCacheSys","measures":{"value":15600}}
{"ts":1676964685864167053,"type":"gauge","name":"runtime.MemStats.PauseTotalNs","measures":{"value":16193126}}
{"ts":1676964685866024719,"type":"gauge","name":"runtime.MemStats.BuckHashSys","measures":{"value":1504814}}
{"ts":1676964685870870469,"type":"gauge","name":"runtime.MemStats.HeapReleased","measures":{"value":163840}}
{"ts":1676964685874857553,"type":"gauge","name":"runtime.MemStats.MSpanSys","measures":{"value":718080}}
{"ts":1676964685878787969,"type":"gauge","name":"runtime.MemStats.StackInuse","measures":{"value":11730944}}
{"ts":1676964685881602511,"type":"gauge","name":"runtime.MemStats.Sys","measures":{"value":95584536}}
{"ts":1676964685884802553,"type":"gauge","name":"runtime.NumCgoCall","measures":{"value":0}}
{"ts":1676964685886842553,"type":"gauge","name":"runtime.MemStats.HeapIdle","measures":{"value":35266560}}
{"ts":1676964685888605344,"type":"gauge","name":"runtime.MemStats.HeapSys","measures":{"value":72155136}}
{"ts":1676964685890688844,"type":"gauge","name":"runtime.MemStats.Mallocs","measures":{"value":30647}}
{"ts":1676964685892307386,"type":"gauge","name":"runtime.MemStats.MSpanInuse","measures":{"value":679456}}
{"ts":1676964685896721094,"type":"gauge","name":"runtime.MemStats.NumGC","measures":{"value":0}}
{"ts":1676964685902253469,"type":"histogram","name":"runtime.MemStats.PauseNs","measures":{"count":4,"max":15657375,"mean":4048281.5,"min":23542,"p50":256104.5,"p75":11858708.5,"p95":15657375,"p99":15657375,"p999":15657375,"p9999":15657375,"stddev":6704777.467822869,"variance":44954040893025.25}}
{"ts":1676964685905777053,"type":"gauge","name":"runtime.NumThread","measures":{"value":13}}
{"ts":1676964690795292513,"type":"gauge","name":"runtime.MemStats.LastGC","measures":{"value":1676964655429222100}}
{"ts":1676964690804831263,"type":"gauge","name":"runtime.MemStats.TotalAlloc","measures":{"value":60287712}}
{"ts":1676964690816417263,"type":"gauge","name":"runtime.NumGoroutine","measures":{"value":572}}
{"ts":1676964690838018097,"type":"timer","name":"runtime.ReadMemStats","measures":{"count":8,"m1":0.08839297084599056,"m15":0.007628484745355124,"m5":0.02202364580239524,"max":1140708,"mean":395072.875,"meanrate":0.1999768161377689,"min":115750,"p50":335938,"p75":509177,"p95":1140708,"p99":1140708,"p999":1140708,"p9999":1140708,"stddev":318040.34793027345,"variance":101149662911.60938}}
{"ts":1676964690843618597,"type":"gauge","name":"runtime.MemStats.HeapInuse","measures":{"value":48726016}}
{"ts":1676964690852675763,"type":"gauge","name":"runtime.MemStats.MCacheSys","measures":{"value":15600}}
{"ts":1676964690872550888,"type":"gauge","name":"runtime.MemStats.PauseTotalNs","measures":{"value":16193126}}
{"ts":1676964690888609388,"type":"gauge","name":"runtime.MemStats.Sys","measures":{"value":95650072}}
{"ts":1676964690897222055,"type":"gauge","name":"runtime.NumCgoCall","measures":{"value":0}}
{"ts":1676964690909807263,"type":"gauge","name":"runtime.MemStats.BuckHashSys","measures":{"value":1507798}}
{"ts":1676964690923916722,"type":"gauge","name":"runtime.MemStats.HeapReleased","measures":{"value":0}}
{"ts":1676964690928777555,"type":"gauge","name":"runtime.MemStats.MSpanSys","measures":{"value":864960}}
{"ts":1676964690941963055,"type":"gauge","name":"runtime.MemStats.StackInuse","measures":{"value":12222464}}
{"ts":1676964690955994305,"type":"gauge","name":"runtime.MemStats.HeapIdle","measures":{"value":22937600}}
{"ts":1676964690959885722,"type":"gauge","name":"runtime.MemStats.HeapSys","measures":{"value":71663616}}
{"ts":1676964690968067180,"type":"gauge","name":"runtime.MemStats.Mallocs","measures":{"value":164027}}
{"ts":1676964690976520680,"type":"gauge","name":"runtime.MemStats.MSpanInuse","measures":{"value":853536}}
{"ts":1676964690984565055,"type":"gauge","name":"runtime.MemStats.NumGC","measures":{"value":0}}
{"ts":1676964690996061847,"type":"histogram","name":"runtime.MemStats.PauseNs","measures":{"count":4,"max":15657375,"mean":4048281.5,"min":23542,"p50":256104.5,"p75":11858708.5,"p95":15657375,"p99":15657375,"p999":15657375,"p9999":15657375,"stddev":6704777.467822869,"variance":44954040893025.25}}
{"ts":1676964691011237764,"type":"gauge","name":"runtime.NumThread","measures":{"value":17}}
{"ts":1676964691022245597,"type":"gauge","name":"runtime.MemStats.StackSys","measures":{"value":12222464}}
{"ts":1676964691046167805,"type":"gauge","name":"runtime.MemStats.Alloc","measures":{"value":44377056}}
{"ts":1676964691050734764,"type":"gauge","name":"runtime.MemStats.DebugGC","measures":{"value":0}}
{"ts":1676964691063676222,"type":"gauge","name":"runtime.MemStats.HeapObjects","measures":{"value":777959}}
{"ts":1676964691070638597,"type":"gauge","name":"runtime.MemStats.Lookups","measures":{"value":0}}
{"ts":1676964691074124972,"type":"gauge","name":"runtime.MemStats.EnableGC","measures":{"value":1}}
{"ts":1676964691078050805,"type":"gauge","name":"runtime.MemStats.HeapAlloc","measures":{"value":44377056}}
{"ts":1676964691087939055,"type":"gauge","name":"runtime.MemStats.MCacheInuse","measures":{"value":9600}}
{"ts":1676964691099816680,"type":"gauge","name":"runtime.MemStats.GCCPUFraction","measures":{"value":0.040594607583482864}}
{"ts":1676964691107747972,"type":"gauge","name":"runtime.MemStats.Frees","measures":{"value":4560}}
{"ts":1676964691112266639,"type":"gauge","name":"runtime.MemStats.NextGC","measures":{"value":55759760}}
{"ts":1676964695795585085,"type":"gauge","name":"runtime.MemStats.HeapSys","measures":{"value":75366400}}
{"ts":1676964695810397376,"type":"gauge","name":"runtime.MemStats.Mallocs","measures":{"value":126210}}
{"ts":1676964695819886376,"type":"gauge","name":"runtime.MemStats.HeapIdle","measures":{"value":34799616}}
{"ts":1676964695851184293,"type":"gauge","name":"runtime.MemStats.NumGC","measures":{"value":1}}
{"ts":1676964695857520418,"type":"histogram","name":"runtime.MemStats.PauseNs","measures":{"count":5,"max":15657375,"mean":3542191.8,"min":23542,"p50":462709,"p75":8587604,"p95":15657375,"p99":15657375,"p999":15657375,"p9999":15657375,"stddev":6081754.6688603405,"variance":36987739852204.555}}
{"ts":1676964695882911502,"type":"gauge","name":"runtime.NumThread","measures":{"value":17}}
{"ts":1676964695890463127,"type":"gauge","name":"runtime.MemStats.MSpanInuse","measures":{"value":741880}}
{"ts":1676964695912301460,"type":"gauge","name":"runtime.MemStats.DebugGC","measures":{"value":0}}
{"ts":1676964695927358627,"type":"gauge","name":"runtime.MemStats.HeapObjects","measures":{"value":559708}}
{"ts":1676964695934521252,"type":"gauge","name":"runtime.MemStats.Lookups","measures":{"value":0}}
{"ts":1676964695941530085,"type":"gauge","name":"runtime.MemStats.StackSys","measures":{"value":8519680}}
{"ts":1676964695956458710,"type":"gauge","name":"runtime.MemStats.Alloc","measures":{"value":27323728}}
{"ts":1676964695963870085,"type":"gauge","name":"runtime.MemStats.HeapAlloc","measures":{"value":27323728}}
{"ts":1676964695979704585,"type":"gauge","name":"runtime.MemStats.MCacheInuse","measures":{"value":9600}}
{"ts":1676964695986653793,"type":"gauge","name":"runtime.MemStats.GCCPUFraction","measures":{"value":0.004797467905739771}}
{"ts":1676964696005623168,"type":"gauge","name":"runtime.MemStats.EnableGC","measures":{"value":1}}
{"ts":1676964696018407252,"type":"gauge","name":"runtime.MemStats.NextGC","measures":{"value":57964528}}
{"ts":1676964696027787960,"type":"gauge","name":"runtime.MemStats.Frees","measures":{"value":344461}}
{"ts":1676964696032366043,"type":"gauge","name":"runtime.MemStats.TotalAlloc","measures":{"value":67933680}}
{"ts":1676964696045923710,"type":"gauge","name":"runtime.NumGoroutine","measures":{"value":568}}
{"ts":1676964696052272752,"type":"timer","name":"runtime.ReadMemStats","measures":{"count":9,"m1":0.09731657619348157,"m15":0.008694252179394185,"m5":0.02496533619141051,"max":1140708,"mean":413481.44444444444,"meanrate":0.19997727619548317,"min":115750,"p50":388084,"p75":545937.5,"p95":1140708,"p99":1140708,"p999":1140708,"p9999":1140708,"stddev":304338.3231026181,"variance":92621814908.91357}}
{"ts":1676964696068053293,"type":"gauge","name":"runtime.MemStats.LastGC","measures":{"value":1676964695738417200}}
{"ts":1676964696105664502,"type":"gauge","name":"runtime.MemStats.MCacheSys","measures":{"value":15600}}
{"ts":1676964696110450877,"type":"gauge","name":"runtime.MemStats.PauseTotalNs","measures":{"value":17710959}}
{"ts":1676964696118702793,"type":"gauge","name":"runtime.MemStats.HeapInuse","measures":{"value":40566784}}
{"ts":1676964696154925002,"type":"gauge","name":"runtime.MemStats.HeapReleased","measures":{"value":65536}}
{"ts":1676964696177669210,"type":"gauge","name":"runtime.MemStats.MSpanSys","measures":{"value":979200}}
{"ts":1676964696189286710,"type":"gauge","name":"runtime.MemStats.StackInuse","measures":{"value":8519680}}
{"ts":1676964696215213252,"type":"gauge","name":"runtime.MemStats.Sys","measures":{"value":96043288}}
{"ts":1676964696233023627,"type":"gauge","name":"runtime.NumCgoCall","measures":{"value":0}}
{"ts":1676964696241215418,"type":"gauge","name":"runtime.MemStats.BuckHashSys","measures":{"value":1510534}}
{"ts":1676964700795262254,"type":"gauge","name":"runtime.NumGoroutine","measures":{"value":598}}
{"ts":1676964700808902546,"type":"timer","name":"runtime.ReadMemStats","measures":{"count":10,"m1":0.10552668945179702,"m15":0.009754115099857238,"m5":0.02785840471498844,"max":2520417,"mean":624175,"meanrate":0.1999805916276074,"min":115750,"p50":415708.5,"p75":705739.5,"p95":2520417,"p99":2520417,"p999":2520417,"p9999":2520417,"stddev":694899.7068583351,"variance":482885602591.8}}
{"ts":1676964700837615921,"type":"gauge","name":"runtime.MemStats.LastGC","measures":{"value":1676964695738417200}}
{"ts":1676964700874299671,"type":"gauge","name":"runtime.MemStats.TotalAlloc","measures":{"value":76219024}}
{"ts":1676964700907658087,"type":"gauge","name":"runtime.MemStats.PauseTotalNs","measures":{"value":17710959}}
{"ts":1676964700932824712,"type":"gauge","name":"runtime.MemStats.HeapInuse","measures":{"value":44204032}}
{"ts":1676964700948821421,"type":"gauge","name":"runtime.MemStats.MCacheSys","measures":{"value":15600}}
{"ts":1676964700970519879,"type":"gauge","name":"runtime.MemStats.MSpanSys","measures":{"value":979200}}
{"ts":1676964700999757004,"type":"gauge","name":"runtime.MemStats.StackInuse","measures":{"value":8519680}}
{"ts":1676964701029957962,"type":"gauge","name":"runtime.MemStats.Sys","measures":{"value":96305432}}
{"ts":1676964701049985421,"type":"gauge","name":"runtime.NumCgoCall","measures":{"value":0}}
{"ts":1676964701055334587,"type":"gauge","name":"runtime.MemStats.BuckHashSys","measures":{"value":1513158}}
{"ts":1676964701071029379,"type":"gauge","name":"runtime.MemStats.HeapReleased","measures":{"value":12099584}}
{"ts":1676964701080717754,"type":"gauge","name":"runtime.MemStats.Mallocs","measures":{"value":138807}}
{"ts":1676964701088001296,"type":"gauge","name":"runtime.MemStats.HeapIdle","measures":{"value":31162368}}
{"ts":1676964701111019671,"type":"gauge","name":"runtime.MemStats.HeapSys","measures":{"value":75366400}}
{"ts":1676964701141691962,"type":"histogram","name":"runtime.MemStats.PauseNs","measures":{"count":5,"max":15657375,"mean":3542191.8,"min":23542,"p50":462709,"p75":8587604,"p95":15657375,"p99":15657375,"p999":15657375,"p9999":15657375,"stddev":6081754.6688603405,"variance":36987739852204.555}}
{"ts":1676964701149506421,"type":"gauge","name":"runtime.NumThread","measures":{"value":17}}
{"ts":1676964701168248212,"type":"gauge","name":"runtime.MemStats.MSpanInuse","measures":{"value":794104}}
{"ts":1676964701178334129,"type":"gauge","name":"runtime.MemStats.NumGC","measures":{"value":0}}
{"ts":1676964701205890712,"type":"gauge","name":"runtime.MemStats.HeapObjects","measures":{"value":691472}}
{"ts":1676964701221881796,"type":"gauge","name":"runtime.MemStats.Lookups","measures":{"value":0}}
{"ts":1676964701233356254,"type":"gauge","name":"runtime.MemStats.StackSys","measures":{"value":8519680}}
{"ts":1676964701246798004,"type":"gauge","name":"runtime.MemStats.Alloc","measures":{"value":35609072}}
{"ts":1676964701257511254,"type":"gauge","name":"runtime.MemStats.DebugGC","measures":{"value":0}}
{"ts":1676964701263635796,"type":"gauge","name":"runtime.MemStats.MCacheInuse","measures":{"value":9600}}
{"ts":1676964701272315546,"type":"gauge","name":"runtime.MemStats.GCCPUFraction","measures":{"value":0.004797467905739771}}
{"ts":1676964701287376796,"type":"gauge","name":"runtime.MemStats.EnableGC","measures":{"value":1}}
{"ts":1676964701297676129,"type":"gauge","name":"runtime.MemStats.HeapAlloc","measures":{"value":35609072}}
{"ts":1676964701314665546,"type":"gauge","name":"runtime.MemStats.Frees","measures":{"value":7043}}
{"ts":1676964701320763296,"type":"gauge","name":"runtime.MemStats.NextGC","measures":{"value":57964528}}
{"ts":1676964705840848631,"type":"gauge","name":"runtime.NumCgoCall","measures":{"value":0}}
{"ts":1676964705844972381,"type":"gauge","name":"runtime.MemStats.BuckHashSys","measures":{"value":1514718}}
{"ts":1676964705855354923,"type":"gauge","name":"runtime.MemStats.HeapReleased","measures":{"value":12099584}}
{"ts":1676964705866784131,"type":"gauge","name":"runtime.MemStats.MSpanSys","measures":{"value":979200}}
{"ts":1676964705872552798,"type":"gauge","name":"runtime.MemStats.StackInuse","measures":{"value":8552448}}
{"ts":1676964705877367465,"type":"gauge","name":"runtime.MemStats.Sys","measures":{"value":96305432}}
{"ts":1676964705880722798,"type":"gauge","name":"runtime.MemStats.HeapIdle","measures":{"value":27574272}}
{"ts":1676964705885997673,"type":"gauge","name":"runtime.MemStats.HeapSys","measures":{"value":75333632}}
{"ts":1676964705891917465,"type":"gauge","name":"runtime.MemStats.Mallocs","measures":{"value":102524}}
{"ts":1676964705896268715,"type":"gauge","name":"runtime.MemStats.MSpanInuse","measures":{"value":837624}}
{"ts":1676964705901983173,"type":"gauge","name":"runtime.MemStats.NumGC","measures":{"value":0}}
{"ts":1676964705917921631,"type":"histogram","name":"runtime.MemStats.PauseNs","measures":{"count":5,"max":15657375,"mean":3542191.8,"min":23542,"p50":462709,"p75":8587604,"p95":15657375,"p99":15657375,"p999":15657375,"p9999":15657375,"stddev":6081754.6688603405,"variance":36987739852204.555}}
{"ts":1676964705933888423,"type":"gauge","name":"runtime.NumThread","measures":{"value":17}}
{"ts":1676964705939383506,"type":"gauge","name":"runtime.MemStats.Alloc","measures":{"value":41601560}}
{"ts":1676964705945937673,"type":"gauge","name":"runtime.MemStats.DebugGC","measures":{"value":0}}
{"ts":1676964705950570881,"type":"gauge","name":"runtime.MemStats.HeapObjects","measures":{"value":787470}}
{"ts":1676964705960512548,"type":"gauge","name":"runtime.MemStats.Lookups","measures":{"value":0}}
{"ts":1676964705986540715,"type":"gauge","name":"runtime.MemStats.StackSys","measures":{"value":8552448}}
{"ts":1676964706004843881,"type":"gauge","name":"runtime.MemStats.EnableGC","measures":{"value":1}}
{"ts":1676964706011202923,"type":"gauge","name":"runtime.MemStats.HeapAlloc","measures":{"value":41601560}}
{"ts":1676964706033256631,"type":"gauge","name":"runtime.MemStats.MCacheInuse","measures":{"value":9600}}
{"ts":1676964706042907090,"type":"gauge","name":"runtime.MemStats.GCCPUFraction","measures":{"value":0.004797467905739771}}
{"ts":1676964706048395006,"type":"gauge","name":"runtime.MemStats.Frees","measures":{"value":6526}}
{"ts":1676964706054376423,"type":"gauge","name":"runtime.MemStats.NextGC","measures":{"value":57964528}}
{"ts":1676964706061618048,"type":"gauge","name":"runtime.MemStats.LastGC","measures":{"value":1676964695738417200}}
{"ts":1676964706070499548,"type":"gauge","name":"runtime.MemStats.TotalAlloc","measures":{"value":82211512}}
{"ts":1676964706093656173,"type":"gauge","name":"runtime.NumGoroutine","measures":{"value":409}}
{"ts":1676964706110273423,"type":"timer","name":"runtime.ReadMemStats","measures":{"count":11,"m1":0.11308035829858432,"m15":0.01080810621864695,"m5":0.030703655021877187,"max":42954708,"mean":4472405.2727272725,"meanrate":0.19981672346911916,"min":115750,"p50":443333,"p75":1140708,"p95":42954708,"p99":42954708,"p999":42954708,"p9999":42954708,"stddev":12187196.118500484,"variance":148527749230793.28}}
{"ts":1676964706118740381,"type":"gauge","name":"runtime.MemStats.HeapInuse","measures":{"value":47759360}}
{"ts":1676964706123675340,"type":"gauge","name":"runtime.MemStats.MCacheSys","measures":{"value":15600}}
{"ts":1676964706136776673,"type":"gauge","name":"runtime.MemStats.PauseTotalNs","measures":{"value":17710959}}
{"ts":1676964710924035384,"type":"gauge","name":"runtime.MemStats.HeapInuse","measures":{"value":58998784}}
{"ts":1676964711145914425,"type":"gauge","name":"runtime.MemStats.MCacheSys","measures":{"value":15600}}
{"ts":1676964711246512884,"type":"gauge","name":"runtime.MemStats.PauseTotalNs","measures":{"value":17710959}}
{"ts":1676964711331812217,"type":"gauge","name":"runtime.MemStats.BuckHashSys","measures":{"value":1518670}}
{"ts":1676964711359557176,"type":"gauge","name":"runtime.MemStats.HeapReleased","measures":{"value":12099584}}
{"ts":1676964711365577426,"type":"gauge","name":"runtime.MemStats.MSpanSys","measures":{"value":979200}}
{"ts":1676964711725615092,"type":"gauge","name":"runtime.MemStats.StackInuse","measures":{"value":9207808}}
{"ts":1676964711843011592,"type":"gauge","name":"runtime.MemStats.Sys","measures":{"value":96370968}}
{"ts":1676964711953472343,"type":"gauge","name":"runtime.NumCgoCall","measures":{"value":0}}
{"ts":1676964712021790509,"type":"gauge","name":"runtime.MemStats.HeapIdle","measures":{"value":15646720}}
{"ts":1676964712036681051,"type":"gauge","name":"runtime.MemStats.HeapSys","measures":{"value":74645504}}
{"ts":1676964712055762718,"type":"gauge","name":"runtime.MemStats.Mallocs","measures":{"value":135319}}
{"ts":1676964712059042843,"type":"gauge","name":"runtime.MemStats.MSpanInuse","measures":{"value":968184}}
{"ts":1676964712072433259,"type":"gauge","name":"runtime.MemStats.NumGC","measures":{"value":0}}
{"ts":1676964712141372134,"type":"histogram","name":"runtime.MemStats.PauseNs","measures":{"count":5,"max":15657375,"mean":3542191.8,"min":23542,"p50":462709,"p75":8587604,"p95":15657375,"p99":15657375,"p999":15657375,"p9999":15657375,"stddev":6081754.6688603405,"variance":36987739852204.555}}
{"ts":1676964712531912259,"type":"gauge","name":"runtime.NumThread","measures":{"value":17}}
{"ts":1676964712740647385,"type":"gauge","name":"runtime.MemStats.Alloc","measures":{"value":53757376}}
{"ts":1676964712878216510,"type":"gauge","name":"runtime.MemStats.DebugGC","measures":{"value":0}}
{"ts":1676964712895980343,"type":"gauge","name":"runtime.MemStats.HeapObjects","measures":{"value":917962}}
{"ts":1676964712912322051,"type":"gauge","name":"runtime.MemStats.Lookups","measures":{"value":0}}
{"ts":1676964712916404218,"type":"gauge","name":"runtime.MemStats.StackSys","measures":{"value":9207808}}
{"ts":1676964712940600926,"type":"gauge","name":"runtime.MemStats.EnableGC","measures":{"value":1}}
{"ts":1676964712969511635,"type":"gauge","name":"runtime.MemStats.HeapAlloc","measures":{"value":53757376}}
{"ts":1676964713195555093,"type":"gauge","name":"runtime.MemStats.MCacheInuse","measures":{"value":9600}}
{"ts":1676964713239920885,"type":"gauge","name":"runtime.MemStats.GCCPUFraction","measures":{"value":0.004797467905739771}}
{"ts":1676964713259621426,"type":"gauge","name":"runtime.MemStats.Frees","measures":{"value":4827}}
{"ts":1676964713269480051,"type":"gauge","name":"runtime.MemStats.NextGC","measures":{"value":57964528}}
{"ts":1676964713273731301,"type":"gauge","name":"runtime.MemStats.LastGC","measures":{"value":1676964695738417200}}
{"ts":1676964713296285385,"type":"gauge","name":"runtime.MemStats.TotalAlloc","measures":{"value":94367328}}
{"ts":1676964713309699593,"type":"gauge","name":"runtime.NumGoroutine","measures":{"value":653}}
{"ts":1676964713326356177,"type":"timer","name":"runtime.ReadMemStats","measures":{"count":12,"m1":0.13602118620516582,"m15":0.012964288465457734,"m5":0.03680758671335597,"max":78482875,"mean":10639944.416666666,"meanrate":0.19896252488261357,"min":115750,"p50":487229,"p75":2175489.75,"p95":78482875,"p99":78482875,"p999":78482875,"p9999":78482875,"stddev":23549402.684721436,"variance":554574366807165.2}}
{"ts":1676964715854728428,"type":"gauge","name":"runtime.MemStats.HeapIdle","measures":{"value":13836288}}
{"ts":1676964715890024178,"type":"gauge","name":"runtime.MemStats.HeapSys","measures":{"value":76283904}}
{"ts":1676964715899644178,"type":"gauge","name":"runtime.MemStats.Mallocs","measures":{"value":270095}}
{"ts":1676964716015873261,"type":"gauge","name":"runtime.MemStats.MSpanInuse","measures":{"value":1034824}}
{"ts":1676964716046302761,"type":"gauge","name":"runtime.MemStats.NumGC","measures":{"value":1}}
{"ts":1676964716180424970,"type":"histogram","name":"runtime.MemStats.PauseNs","measures":{"count":6,"max":236177584,"mean":42314757.166666664,"min":23542,"p50":990271,"p75":70787427.25,"p95":236177584,"p99":236177584,"p999":236177584,"p9999":236177584,"stddev":86875671.1749941,"variance":7547382242105701}}
{"ts":1676964716316428053,"type":"gauge","name":"runtime.NumThread","measures":{"value":17}}
{"ts":1676964716326173761,"type":"gauge","name":"runtime.MemStats.Alloc","measures":{"value":55565352}}
{"ts":1676964716349215011,"type":"gauge","name":"runtime.MemStats.DebugGC","measures":{"value":0}}
{"ts":1676964716390905720,"type":"gauge","name":"runtime.MemStats.HeapObjects","measures":{"value":805537}}
{"ts":1676964716508575678,"type":"gauge","name":"runtime.MemStats.Lookups","measures":{"value":0}}
{"ts":1676964716526649386,"type":"gauge","name":"runtime.MemStats.StackSys","measures":{"value":7536640}}
{"ts":1676964716532576053,"type":"gauge","name":"runtime.MemStats.EnableGC","measures":{"value":1}}
{"ts":1676964716539062928,"type":"gauge","name":"runtime.MemStats.HeapAlloc","measures":{"value":55565352}}
{"ts":1676964716595993886,"type":"gauge","name":"runtime.MemStats.MCacheInuse","measures":{"value":9600}}
{"ts":1676964716623369511,"type":"gauge","name":"runtime.MemStats.GCCPUFraction","measures":{"value":0.015490032008355437}}
{"ts":1676964716641900970,"type":"gauge","name":"runtime.MemStats.Frees","measures":{"value":382520}}
{"ts":1676964716652036011,"type":"gauge","name":"runtime.MemStats.NextGC","measures":{"value":63501328}}
{"ts":1676964716662681970,"type":"gauge","name":"runtime.MemStats.LastGC","measures":{"value":1676964712158484700}}
{"ts":1676964716681302845,"type":"gauge","name":"runtime.MemStats.TotalAlloc","measures":{"value":123040488}}
{"ts":1676964716731988678,"type":"gauge","name":"runtime.NumGoroutine","measures":{"value":746}}
{"ts":1676964716762155553,"type":"timer","name":"runtime.ReadMemStats","measures":{"count":13,"m1":0.12514553263931796,"m15":0.012892464336850734,"m5":0.036199210816649445,"max":78482875,"mean":14375621.76923077,"meanrate":0.19980225177684902,"min":115750,"p50":531125,"p75":22737562.5,"p95":78482875,"p99":78482875,"p999":78482875,"p9999":78482875,"stddev":26064884.874466933,"variance":679378223519215.1}}
{"ts":1676964716776463220,"type":"gauge","name":"runtime.MemStats.HeapInuse","measures":{"value":62447616}}
{"ts":1676964716810799470,"type":"gauge","name":"runtime.MemStats.MCacheSys","measures":{"value":15600}}
{"ts":1676964716843585387,"type":"gauge","name":"runtime.MemStats.PauseTotalNs","measures":{"value":253888543}}
{"ts":1676964716871657303,"type":"gauge","name":"runtime.NumCgoCall","measures":{"value":0}}
{"ts":1676964716922998970,"type":"gauge","name":"runtime.MemStats.BuckHashSys","measures":{"value":1523614}}
{"ts":1676964716958298553,"type":"gauge","name":"runtime.MemStats.HeapReleased","measures":{"value":9478144}}
{"ts":1676964717014538512,"type":"gauge","name":"runtime.MemStats.MSpanSys","measures":{"value":1044480}}
{"ts":1676964717050410095,"type":"gauge","name":"runtime.MemStats.StackInuse","measures":{"value":7536640}}
{"ts":1676964717083329678,"type":"gauge","name":"runtime.MemStats.Sys","measures":{"value":96370968}}
{"ts":1676964720795822222,"type":"gauge","name":"runtime.MemStats.HeapIdle","measures":{"value":24657920}}
{"ts":1676964720862140513,"type":"gauge","name":"runtime.MemStats.HeapSys","measures":{"value":77299712}}
{"ts":1676964720894293972,"type":"gauge","name":"runtime.MemStats.Mallocs","measures":{"value":141517}}
{"ts":1676964720907390888,"type":"gauge","name":"runtime.MemStats.MSpanInuse","measures":{"value":903448}}
{"ts":1676964720928446805,"type":"gauge","name":"runtime.MemStats.NumGC","measures":{"value":1}}
{"ts":1676964720948715680,"type":"histogram","name":"runtime.MemStats.PauseNs","measures":{"count":7,"max":236177584,"mean":44090458.571428575,"min":23542,"p50":1517833,"p75":54744667,"p95":236177584,"p99":236177584,"p999":236177584,"p9999":236177584,"stddev":80548764.5580054,"variance":6488103471820985}}
{"ts":1676964720979264638,"type":"gauge","name":"runtime.NumThread","measures":{"value":17}}
{"ts":1676964720999897680,"type":"gauge","name":"runtime.MemStats.Alloc","measures":{"value":42660168}}
{"ts":1676964721008606722,"type":"gauge","name":"runtime.MemStats.DebugGC","measures":{"value":0}}
{"ts":1676964721032654555,"type":"gauge","name":"runtime.MemStats.HeapObjects","measures":{"value":697613}}
{"ts":1676964721049640222,"type":"gauge","name":"runtime.MemStats.Lookups","measures":{"value":0}}
{"ts":1676964721070039097,"type":"gauge","name":"runtime.MemStats.StackSys","measures":{"value":6586368}}
{"ts":1676964721078978639,"type":"gauge","name":"runtime.MemStats.EnableGC","measures":{"value":1}}
{"ts":1676964721097268930,"type":"gauge","name":"runtime.MemStats.HeapAlloc","measures":{"value":42660168}}
{"ts":1676964721113489389,"type":"gauge","name":"runtime.MemStats.MCacheInuse","measures":{"value":9600}}
{"ts":1676964721140803014,"type":"gauge","name":"runtime.MemStats.GCCPUFraction","measures":{"value":0.019924293496580283}}
{"ts":1676964721163873722,"type":"gauge","name":"runtime.MemStats.Frees","measures":{"value":249441}}
{"ts":1676964721184618472,"type":"gauge","name":"runtime.MemStats.NextGC","measures":{"value":70927520}}
{"ts":1676964721192992264,"type":"gauge","name":"runtime.MemStats.LastGC","measures":{"value":1676964716672021800}}
{"ts":1676964721200664305,"type":"gauge","name":"runtime.MemStats.TotalAlloc","measures":{"value":137693288}}
{"ts":1676964721222730055,"type":"gauge","name":"runtime.NumGoroutine","measures":{"value":695}}
{"ts":1676964721229801139,"type":"timer","name":"runtime.ReadMemStats","measures":{"count":14,"m1":0.1311305653947515,"m15":0.013929068523853786,"m5":0.03890659972472195,"max":78482875,"mean":13496672.642857144,"meanrate":0.19998478463762434,"min":115750,"p50":545937.5,"p75":12628989.75,"p95":78482875,"p99":78482875,"p999":78482875,"p9999":78482875,"stddev":25315891.805767883,"variance":640894377921345.4}}
{"ts":1676964721263510889,"type":"gauge","name":"runtime.MemStats.HeapInuse","measures":{"value":52641792}}
{"ts":1676964721290761597,"type":"gauge","name":"runtime.MemStats.MCacheSys","measures":{"value":15600}}
{"ts":1676964721329623805,"type":"gauge","name":"runtime.MemStats.PauseTotalNs","measures":{"value":308633210}}
{"ts":1676964721355163264,"type":"gauge","name":"runtime.MemStats.BuckHashSys","measures":{"value":1525718}}
{"ts":1676964721380468430,"type":"gauge","name":"runtime.MemStats.HeapReleased","measures":{"value":6332416}}
{"ts":1676964721387675389,"type":"gauge","name":"runtime.MemStats.MSpanSys","measures":{"value":1093440}}
{"ts":1676964721415762805,"type":"gauge","name":"runtime.MemStats.StackInuse","measures":{"value":6586368}}
{"ts":1676964721436530222,"type":"gauge","name":"runtime.MemStats.Sys","measures":{"value":96370968}}
{"ts":1676964721454431847,"type":"gauge","name":"runtime.NumCgoCall","measures":{"value":0}}
{"ts":1676964725800456460,"type":"gauge","name":"runtime.MemStats.LastGC","measures":{"value":1676964716672021800}}
{"ts":1676964725820534210,"type":"gauge","name":"runtime.MemStats.TotalAlloc","measures":{"value":154888440}}
{"ts":1676964725830444293,"type":"gauge","name":"runtime.NumGoroutine","measures":{"value":676}}
{"ts":1676964725841908793,"type":"timer","name":"runtime.ReadMemStats","measures":{"count":15,"m1":0.1366370613527617,"m15":0.014959929766102081,"m5":0.041569239430204546,"max":78482875,"mean":12677875,"meanrate":0.19997292524437485,"min":115750,"p50":560750,"p75":2520417,"p95":78482875,"p99":78482875,"p999":78482875,"p9999":78482875,"stddev":24648612.540652264,"variance":607554100179200.1}}
{"ts":1676964725856735043,"type":"gauge","name":"runtime.MemStats.HeapInuse","measures":{"value":65576960}}
{"ts":1676964725874469752,"type":"gauge","name":"runtime.MemStats.MCacheSys","measures":{"value":15600}}
{"ts":1676964725892424418,"type":"gauge","name":"runtime.MemStats.PauseTotalNs","measures":{"value":308633210}}
{"ts":1676964725921215043,"type":"gauge","name":"runtime.MemStats.Sys","measures":{"value":96370968}}
{"ts":1676964725929229877,"type":"gauge","name":"runtime.NumCgoCall","measures":{"value":0}}
{"ts":1676964725949804127,"type":"gauge","name":"runtime.MemStats.BuckHashSys","measures":{"value":1529054}}
{"ts":1676964725952370377,"type":"gauge","name":"runtime.MemStats.HeapReleased","measures":{"value":6332416}}
{"ts":1676964725969664127,"type":"gauge","name":"runtime.MemStats.MSpanSys","measures":{"value":1093440}}
{"ts":1676964725981890585,"type":"gauge","name":"runtime.MemStats.StackInuse","measures":{"value":6750208}}
{"ts":1676964726003016127,"type":"gauge","name":"runtime.MemStats.HeapIdle","measures":{"value":11558912}}
{"ts":1676964726019276585,"type":"gauge","name":"runtime.MemStats.HeapSys","measures":{"value":77135872}}
{"ts":1676964726029732002,"type":"gauge","name":"runtime.MemStats.Mallocs","measures":{"value":189877}}
{"ts":1676964726054642252,"type":"gauge","name":"runtime.MemStats.MSpanInuse","measures":{"value":1060120}}
{"ts":1676964726071343085,"type":"gauge","name":"runtime.MemStats.NumGC","measures":{"value":0}}
{"ts":1676964726078159210,"type":"histogram","name":"runtime.MemStats.PauseNs","measures":{"count":7,"max":236177584,"mean":44090458.571428575,"min":23542,"p50":1517833,"p75":54744667,"p95":236177584,"p99":236177584,"p999":236177584,"p9999":236177584,"stddev":80548764.5580054,"variance":6488103471820985}}
{"ts":1676964726097935252,"type":"gauge","name":"runtime.NumThread","measures":{"value":17}}
{"ts":1676964726107903793,"type":"gauge","name":"runtime.MemStats.StackSys","measures":{"value":6750208}}
{"ts":1676964726133746793,"type":"gauge","name":"runtime.MemStats.Alloc","measures":{"value":59855320}}
{"ts":1676964726155841085,"type":"gauge","name":"runtime.MemStats.DebugGC","measures":{"value":0}}
{"ts":1676964726160434002,"type":"gauge","name":"runtime.MemStats.HeapObjects","measures":{"value":880043}}
{"ts":1676964726169533918,"type":"gauge","name":"runtime.MemStats.Lookups","measures":{"value":0}}
{"ts":1676964726190274335,"type":"gauge","name":"runtime.MemStats.EnableGC","measures":{"value":1}}
{"ts":1676964726203562210,"type":"gauge","name":"runtime.MemStats.HeapAlloc","measures":{"value":59855320}}
{"ts":1676964726210428585,"type":"gauge","name":"runtime.MemStats.MCacheInuse","measures":{"value":9600}}
{"ts":1676964726240736460,"type":"gauge","name":"runtime.MemStats.GCCPUFraction","measures":{"value":0.019924293496580283}}
{"ts":1676964726252297752,"type":"gauge","name":"runtime.MemStats.Frees","measures":{"value":7447}}
{"ts":1676964726266574710,"type":"gauge","name":"runtime.MemStats.NextGC","measures":{"value":70927520}}
{"ts":1676964730801096754,"type":"gauge","name":"runtime.MemStats.EnableGC","measures":{"value":1}}
{"ts":1676964730833843712,"type":"gauge","name":"runtime.MemStats.HeapAlloc","measures":{"value":40232712}}
{"ts":1676964730894619129,"type":"gauge","name":"runtime.MemStats.MCacheInuse","measures":{"value":9600}}
{"ts":1676964730936905337,"type":"gauge","name":"runtime.MemStats.GCCPUFraction","measures":{"value":0.01802648940672055}}
{"ts":1676964730961314587,"type":"gauge","name":"runtime.MemStats.Frees","measures":{"value":366895}}
{"ts":1676964730971750254,"type":"gauge","name":"runtime.MemStats.NextGC","measures":{"value":60116416}}
{"ts":1676964731003221421,"type":"gauge","name":"runtime.MemStats.LastGC","measures":{"value":1676964726936860400}}
{"ts":1676964731027356337,"type":"gauge","name":"runtime.MemStats.TotalAlloc","measures":{"value":170832208}}
{"ts":1676964731046251379,"type":"gauge","name":"runtime.NumGoroutine","measures":{"value":702}}
{"ts":1676964731098742504,"type":"timer","name":"runtime.ReadMemStats","measures":{"count":16,"m1":0.14170328220310793,"m15":0.01598507988038246,"m5":0.04418786957235867,"max":78482875,"mean":12160533.875,"meanrate":0.19997298168543975,"min":115750,"p50":850729,"p75":3930417,"p95":78482875,"p99":78482875,"p999":78482875,"p9999":78482875,"stddev":23949876.75359195,"variance":573596596512244.1}}
{"ts":1676964731157664712,"type":"gauge","name":"runtime.MemStats.HeapInuse","measures":{"value":50937856}}
{"ts":1676964731189617212,"type":"gauge","name":"runtime.MemStats.MCacheSys","measures":{"value":15600}}
{"ts":1676964731198587754,"type":"gauge","name":"runtime.MemStats.PauseTotalNs","measures":{"value":309803001}}
{"ts":1676964731224631046,"type":"gauge","name":"runtime.MemStats.BuckHashSys","measures":{"value":1530238}}
{"ts":1676964731247816879,"type":"gauge","name":"runtime.MemStats.HeapReleased","measures":{"value":12558336}}
{"ts":1676964731275343712,"type":"gauge","name":"runtime.MemStats.MSpanSys","measures":{"value":1126080}}
{"ts":1676964731297749171,"type":"gauge","name":"runtime.MemStats.StackInuse","measures":{"value":6389760}}
{"ts":1676964731337804629,"type":"gauge","name":"runtime.MemStats.Sys","measures":{"value":96370968}}
{"ts":1676964731383770504,"type":"gauge","name":"runtime.NumCgoCall","measures":{"value":0}}
{"ts":1676964731406327212,"type":"gauge","name":"runtime.MemStats.HeapIdle","measures":{"value":26558464}}
{"ts":1676964731424457921,"type":"gauge","name":"runtime.MemStats.HeapSys","measures":{"value":77496320}}
{"ts":1676964731442684296,"type":"gauge","name":"runtime.MemStats.Mallocs","measures":{"value":168995}}
{"ts":1676964731485808296,"type":"gauge","name":"runtime.MemStats.MSpanInuse","measures":{"value":847280}}
{"ts":1676964731494943129,"type":"gauge","name":"runtime.MemStats.NumGC","measures":{"value":1}}
{"ts":1676964731505050546,"type":"histogram","name":"runtime.MemStats.PauseNs","measures":{"count":8,"max":236177584,"mean":38725375.125,"min":23542,"p50":1343812,"p75":44972844,"p95":236177584,"p99":236177584,"p999":236177584,"p9999":236177584,"stddev":76671894.33262591,"variance":5878579380553354}}
{"ts":1676964731518217171,"type":"gauge","name":"runtime.NumThread","measures":{"value":17}}
{"ts":1676964731522321588,"type":"gauge","name":"runtime.MemStats.Alloc","measures":{"value":40232712}}
{"ts":1676964731547383004,"type":"gauge","name":"runtime.MemStats.DebugGC","measures":{"value":0}}
{"ts":1676964731551706713,"type":"gauge","name":"runtime.MemStats.HeapObjects","measures":{"value":682143}}
{"ts":1676964731579366713,"type":"gauge","name":"runtime.MemStats.Lookups","measures":{"value":0}}
{"ts":1676964731597582004,"type":"gauge","name":"runtime.MemStats.StackSys","measures":{"value":6389760}}
{"ts":1676964735795448465,"type":"gauge","name":"runtime.MemStats.MSpanInuse","measures":{"value":925616}}
{"ts":1676964735806698923,"type":"gauge","name":"runtime.MemStats.NumGC","measures":{"value":0}}
{"ts":1676964735850401298,"type":"histogram","name":"runtime.MemStats.PauseNs","measures":{"count":8,"max":236177584,"mean":38725375.125,"min":23542,"p50":1343812,"p75":44972844,"p95":236177584,"p99":236177584,"p999":236177584,"p9999":236177584,"stddev":76671894.33262591,"variance":5878579380553354}}
{"ts":1676964735867759340,"type":"gauge","name":"runtime.NumThread","measures":{"value":17}}
{"ts":1676964735886816548,"type":"gauge","name":"runtime.MemStats.Alloc","measures":{"value":47266336}}
{"ts":1676964735896524756,"type":"gauge","name":"runtime.MemStats.DebugGC","measures":{"value":0}}
{"ts":1676964735901778506,"type":"gauge","name":"runtime.MemStats.HeapObjects","measures":{"value":762991}}
{"ts":1676964735909718631,"type":"gauge","name":"runtime.MemStats.Lookups","measures":{"value":0}}
{"ts":1676964735936463881,"type":"gauge","name":"runtime.MemStats.StackSys","measures":{"value":5931008}}
{"ts":1676964735950471090,"type":"gauge","name":"runtime.MemStats.EnableGC","measures":{"value":1}}
{"ts":1676964735962923506,"type":"gauge","name":"runtime.MemStats.HeapAlloc","measures":{"value":47266336}}
{"ts":1676964735978439048,"type":"gauge","name":"runtime.MemStats.MCacheInuse","measures":{"value":9600}}
{"ts":1676964735993318423,"type":"gauge","name":"runtime.MemStats.GCCPUFraction","measures":{"value":0.01802648940672055}}
{"ts":1676964736020725090,"type":"gauge","name":"runtime.MemStats.Frees","measures":{"value":4622}}
{"ts":1676964736039308173,"type":"gauge","name":"runtime.MemStats.NextGC","measures":{"value":60116416}}
{"ts":1676964736069619256,"type":"gauge","name":"runtime.MemStats.LastGC","measures":{"value":1676964726936860400}}
{"ts":1676964736078951798,"type":"gauge","name":"runtime.MemStats.TotalAlloc","measures":{"value":177865832}}
{"ts":1676964736086549590,"type":"gauge","name":"runtime.NumGoroutine","measures":{"value":436}}
{"ts":1676964736091473215,"type":"timer","name":"runtime.ReadMemStats","measures":{"count":17,"m1":0.14636443039974759,"m15":0.01700455050721193,"m5":0.0467632175652841,"max":78482875,"mean":11618926.470588235,"meanrate":0.1999878960337508,"min":115750,"p50":1140708,"p75":3676812.5,"p95":78482875,"p99":78482875,"p999":78482875,"p9999":78482875,"stddev":23335574.506213393,"variance":544549037535036.4}}
{"ts":1676964736125297423,"type":"gauge","name":"runtime.MemStats.HeapInuse","measures":{"value":55566336}}
{"ts":1676964736146713840,"type":"gauge","name":"runtime.MemStats.MCacheSys","measures":{"value":15600}}
{"ts":1676964736156933423,"type":"gauge","name":"runtime.MemStats.PauseTotalNs","measures":{"value":309803001}}
{"ts":1676964736189256965,"type":"gauge","name":"runtime.NumCgoCall","measures":{"value":0}}
{"ts":1676964736199740548,"type":"gauge","name":"runtime.MemStats.BuckHashSys","measures":{"value":1530502}}
{"ts":1676964736210165090,"type":"gauge","name":"runtime.MemStats.HeapReleased","measures":{"value":12558336}}
{"ts":1676964736228309215,"type":"gauge","name":"runtime.MemStats.MSpanSys","measures":{"value":1126080}}
{"ts":1676964736239813173,"type":"gauge","name":"runtime.MemStats.StackInuse","measures":{"value":5931008}}
{"ts":1676964736251354048,"type":"gauge","name":"runtime.MemStats.Sys","measures":{"value":96370968}}
{"ts":1676964736267439506,"type":"gauge","name":"runtime.MemStats.HeapIdle","measures":{"value":22388736}}
{"ts":1676964736294064506,"type":"gauge","name":"runtime.MemStats.HeapSys","measures":{"value":77955072}}
{"ts":1676964736314109340,"type":"gauge","name":"runtime.MemStats.Mallocs","measures":{"value":85470}}
{"ts":1676964740798319550,"type":"gauge","name":"runtime.MemStats.LastGC","measures":{"value":1676964726936860400}}
{"ts":1676964740811659467,"type":"gauge","name":"runtime.MemStats.TotalAlloc","measures":{"value":180834192}}
{"ts":1676964740822654300,"type":"gauge","name":"runtime.NumGoroutine","measures":{"value":264}}
{"ts":1676964740832352759,"type":"timer","name":"runtime.ReadMemStats","measures":{"count":18,"m1":0.15065289376382543,"m15":0.01801837311181422,"m5":0.04929599879998305,"max":78482875,"mean":11273500,"meanrate":0.19998216835220228,"min":115750,"p50":1177708,"p75":4650625.25,"p95":78482875,"p99":78482875,"p999":78482875,"p9999":78482875,"stddev":22722780.283659086,"variance":516324743819446.1}}
{"ts":1676964740846854675,"type":"gauge","name":"runtime.MemStats.HeapInuse","measures":{"value":57360384}}
{"ts":1676964740851952967,"type":"gauge","name":"runtime.MemStats.MCacheSys","measures":{"value":15600}}
{"ts":1676964740862254800,"type":"gauge","name":"runtime.MemStats.PauseTotalNs","measures":{"value":309803001}}
{"ts":1676964740871188675,"type":"gauge","name":"runtime.MemStats.Sys","measures":{"value":96370968}}
{"ts":1676964740893440592,"type":"gauge","name":"runtime.NumCgoCall","measures":{"value":0}}
{"ts":1676964740898773550,"type":"gauge","name":"runtime.MemStats.BuckHashSys","measures":{"value":1530502}}
{"ts":1676964740921147925,"type":"gauge","name":"runtime.MemStats.HeapReleased","measures":{"value":12558336}}
{"ts":1676964740926723717,"type":"gauge","name":"runtime.MemStats.MSpanSys","measures":{"value":1126080}}
{"ts":1676964740931350425,"type":"gauge","name":"runtime.MemStats.StackInuse","measures":{"value":6160384}}
{"ts":1676964740949607842,"type":"gauge","name":"runtime.MemStats.HeapIdle","measures":{"value":20365312}}
{"ts":1676964740958794009,"type":"gauge","name":"runtime.MemStats.HeapSys","measures":{"value":77725696}}
{"ts":1676964740967142092,"type":"gauge","name":"runtime.MemStats.Mallocs","measures":{"value":60530}}
{"ts":1676964740986820092,"type":"gauge","name":"runtime.MemStats.MSpanInuse","measures":{"value":943024}}
{"ts":1676964741020190884,"type":"gauge","name":"runtime.MemStats.NumGC","measures":{"value":0}}
{"ts":1676964741024127467,"type":"histogram","name":"runtime.MemStats.PauseNs","measures":{"count":8,"max":236177584,"mean":38725375.125,"min":23542,"p50":1343812,"p75":44972844,"p95":236177584,"p99":236177584,"p999":236177584,"p9999":236177584,"stddev":76671894.33262591,"variance":5878579380553354}}
{"ts":1676964741045842217,"type":"gauge","name":"runtime.NumThread","measures":{"value":17}}
{"ts":1676964741068607884,"type":"gauge","name":"runtime.MemStats.StackSys","measures":{"value":6160384}}
{"ts":1676964741075260092,"type":"gauge","name":"runtime.MemStats.Alloc","measures":{"value":50234696}}
{"ts":1676964741081141717,"type":"gauge","name":"runtime.MemStats.DebugGC","measures":{"value":0}}
{"ts":1676964741089825925,"type":"gauge","name":"runtime.MemStats.HeapObjects","measures":{"value":819362}}
{"ts":1676964741099170717,"type":"gauge","name":"runtime.MemStats.Lookups","measures":{"value":0}}
{"ts":1676964741105663592,"type":"gauge","name":"runtime.MemStats.EnableGC","measures":{"value":1}}
{"ts":1676964741127566009,"type":"gauge","name":"runtime.MemStats.HeapAlloc","measures":{"value":50234696}}
{"ts":1676964741146435425,"type":"gauge","name":"runtime.MemStats.MCacheInuse","measures":{"value":9600}}
{"ts":1676964741152751592,"type":"gauge","name":"runtime.MemStats.GCCPUFraction","measures":{"value":0.01802648940672055}}
{"ts":1676964741179802592,"type":"gauge","name":"runtime.MemStats.Frees","measures":{"value":4159}}
{"ts":1676964741195865759,"type":"gauge","name":"runtime.MemStats.NextGC","measures":{"value":60116416}}
