{"ts":1675725720917332002,"type":"point","name":"bandwidth-total-in|cypress-provider|20|0","measures":{"value":86363}}
{"ts":1675725720934518336,"type":"point","name":"bandwidth-total-out|cypress-provider|20|0","measures":{"value":201799}}
{"ts":1675725720944756086,"type":"point","name":"bandwidth-rate-in|cypress-provider|20|0","measures":{"value":0.22599142560780786}}
{"ts":1675725720953094461,"type":"point","name":"bandwidth-rate-out|cypress-provider|20|0","measures":{"value":1.864108320223463}}
{"ts":1675725740405395678,"type":"point","name":"signal bootstrapping0","measures":{"value":28326667}}
{"ts":1675725740676036012,"type":"point","name":"barrierbootstrapping0","measures":{"value":247074708}}
{"ts":1675725740726730387,"type":"point","name":"full bootstrapping0","measures":{"value":39457197519}}
{"ts":1675725740907514679,"type":"point","name":"bandwidth-total-in|cypress-provider|20|1","measures":{"value":110197}}
{"ts":1675725740927714554,"type":"point","name":"bandwidth-total-out|cypress-provider|20|1","measures":{"value":237041}}
{"ts":1675725740939254095,"type":"point","name":"bandwidth-rate-in|cypress-provider|20|1","measures":{"value":44.91079811996049}}
{"ts":1675725740949318720,"type":"point","name":"bandwidth-rate-out|cypress-provider|20|1","measures":{"value":215.20817258136796}}
{"ts":1675725760914932632,"type":"point","name":"bandwidth-total-in|cypress-provider|20|2","measures":{"value":470289}}
{"ts":1675725760966331382,"type":"point","name":"bandwidth-total-out|cypress-provider|20|2","measures":{"value":680530}}
{"ts":1675725761012824924,"type":"point","name":"bandwidth-rate-in|cypress-provider|20|2","measures":{"value":5821.070799121797}}
{"ts":1675725761057648049,"type":"point","name":"bandwidth-rate-out|cypress-provider|20|2","measures":{"value":3325.8535948608073}}
{"ts":1675725780918288294,"type":"point","name":"bandwidth-total-in|cypress-provider|20|3","measures":{"value":660100}}
{"ts":1675725780990181252,"type":"point","name":"bandwidth-total-out|cypress-provider|20|3","measures":{"value":854825}}
{"ts":1675725781057185086,"type":"point","name":"bandwidth-rate-in|cypress-provider|20|3","measures":{"value":11621.607173878305}}
{"ts":1675725781094455336,"type":"point","name":"bandwidth-rate-out|cypress-provider|20|3","measures":{"value":15178.599348121521}}
{"ts":1675725789269388381,"type":"point","name":"time-to-provide-1","measures":{"value":46909201187}}
{"ts":1675725789742384007,"type":"point","name":"time-to-provide-8","measures":{"value":47379317230}}
{"ts":1675725790449993507,"type":"point","name":"time-to-provide-15","measures":{"value":48087621438}}
{"ts":1675725790481290340,"type":"point","name":"time-to-provide-16","measures":{"value":48119177563}}
{"ts":1675725790625332299,"type":"point","name":"time-to-provide-13","measures":{"value":48263175980}}
{"ts":1675725791370968966,"type":"point","name":"time-to-provide-7","measures":{"value":49009563605}}
{"ts":1675725791413955632,"type":"point","name":"time-to-provide-19","measures":{"value":49056044605}}
{"ts":1675725791675658716,"type":"point","name":"time-to-provide-14","measures":{"value":49313344772}}
{"ts":1675725792113736799,"type":"point","name":"time-to-provide-18","measures":{"value":49751545689}}
{"ts":1675725792201988174,"type":"point","name":"time-to-provide-6","measures":{"value":49840659731}}
{"ts":1675725792448152841,"type":"point","name":"time-to-provide-10","measures":{"value":50086236647}}
{"ts":1675725792543871800,"type":"point","name":"time-to-provide-4","measures":{"value":50182690356}}
{"ts":1675725792745129175,"type":"point","name":"time-to-provide-5","measures":{"value":50383899398}}
{"ts":1675725793460325342,"type":"point","name":"time-to-provide-9","measures":{"value":51098473106}}
{"ts":1675725793833648675,"type":"point","name":"time-to-provide-2","measures":{"value":51472609856}}
{"ts":1675725794046253717,"type":"point","name":"time-to-provide-3","measures":{"value":51685161481}}
{"ts":1675725794349204842,"type":"point","name":"time-to-provide-11","measures":{"value":51987239648}}
{"ts":1675725794406610217,"type":"point","name":"time-to-provide-17","measures":{"value":52044552231}}
{"ts":1675725794872439717,"type":"point","name":"time-to-provide-12","measures":{"value":52510000857}}
{"ts":1675725795966175051,"type":"point","name":"time-to-provide-0","measures":{"value":53606886274}}
{"ts":1675725796097420010,"type":"point","name":"signal provider-records1","measures":{"value":103114459}}
{"ts":1675725800821451845,"type":"point","name":"barrierprovider-records1","measures":{"value":4689636460}}
{"ts":1675725800913904220,"type":"point","name":"bandwidth-total-in|cypress-provider|20|4","measures":{"value":765135}}
{"ts":1675725800991426845,"type":"point","name":"bandwidth-total-out|cypress-provider|20|4","measures":{"value":945443}}
{"ts":1675725801030286429,"type":"point","name":"bandwidth-rate-in|cypress-provider|20|4","measures":{"value":111.65881387872801}}
{"ts":1675725801049136220,"type":"point","name":"bandwidth-rate-out|cypress-provider|20|4","measures":{"value":47.00626242008782}}
{"ts":1675725800980020720,"type":"point","name":"full provider-records1","measures":{"value":58894000735}}
{"ts":1675725803770107013,"type":"point","name":"time-to-find-first|cypress-provider|19","measures":{"value":192083833}}
{"ts":1675725803771989013,"type":"point","name":"time-to-find-first|cypress-provider|11","measures":{"value":190894167}}
{"ts":1675725803817125555,"type":"point","name":"time-to-find-first|cypress-provider|0","measures":{"value":234987750}}
{"ts":1675725804207257972,"type":"point","name":"time-to-find-first|cypress-provider|3","measures":{"value":623811209}}
{"ts":1675725804211781888,"type":"point","name":"time-to-find-first|cypress-provider|17","measures":{"value":625845208}}
{"ts":1675725804062966138,"type":"point","name":"time-to-find-first|cypress-provider|1","measures":{"value":479776917}}
{"ts":1675725804234868138,"type":"point","name":"time-to-find-first|cypress-provider|2","measures":{"value":619156834}}
{"ts":1675725804616999097,"type":"point","name":"time-to-find-first|cypress-provider|12","measures":{"value":1030891834}}
{"ts":1675725805348963250,"type":"point","name":"time-to-find-first|cypress-provider|13","measures":{"value":1737555542}}
{"ts":1675725805402170458,"type":"point","name":"time-to-find-first|cypress-provider|14","measures":{"value":1789932459}}
{"ts":1675725806099248125,"type":"point","name":"time-to-find-first|cypress-provider|7","measures":{"value":2475876001}}
{"ts":1675725806212420625,"type":"point","name":"time-to-find-first|cypress-provider|18","measures":{"value":2592044251}}
{"ts":1675725806407259917,"type":"point","name":"time-to-find-first|cypress-provider|9","measures":{"value":2789433126}}
{"ts":1675725806504016708,"type":"point","name":"time-to-find-first|cypress-provider|6","measures":{"value":2885407667}}
{"ts":1675725806547082834,"type":"point","name":"time-to-find-first|cypress-provider|15","measures":{"value":2934566793}}
{"ts":1675725807120560959,"type":"point","name":"time-to-find-first|cypress-provider|16","measures":{"value":3489672043}}
{"ts":1675725806990639542,"type":"point","name":"time-to-find-first|cypress-provider|4","measures":{"value":3349997209}}
{"ts":1675725807132068625,"type":"point","name":"time-to-find-first|cypress-provider|5","measures":{"value":3514124834}}
{"ts":1675725807341414042,"type":"point","name":"time-to-find-first|cypress-provider|10","measures":{"value":3726228335}}
{"ts":1675725807131313834,"type":"point","name":"time-to-find-first|cypress-provider|8","measures":{"value":3515938085}}
{"ts":1675725820977908382,"type":"point","name":"bandwidth-total-in|cypress-provider|20|5","measures":{"value":922320}}
{"ts":1675725821227276841,"type":"point","name":"bandwidth-total-out|cypress-provider|20|5","measures":{"value":1143857}}
{"ts":1675725821246146299,"type":"point","name":"bandwidth-rate-in|cypress-provider|20|5","measures":{"value":8899.021304687267}}
{"ts":1675725821265245799,"type":"point","name":"bandwidth-rate-out|cypress-provider|20|5","measures":{"value":12095.390358503717}}
{"ts":1675725841049747252,"type":"point","name":"bandwidth-total-in|cypress-provider|20|6","measures":{"value":1019355}}
{"ts":1675725841191430252,"type":"point","name":"bandwidth-total-out|cypress-provider|20|6","measures":{"value":1290562}}
{"ts":1675725841211140711,"type":"point","name":"bandwidth-rate-in|cypress-provider|20|6","measures":{"value":1424.1695251845852}}
{"ts":1675725841233649377,"type":"point","name":"bandwidth-rate-out|cypress-provider|20|6","measures":{"value":1259.6743566153514}}
{"ts":1675725860909881803,"type":"point","name":"bandwidth-total-in|cypress-provider|20|7","measures":{"value":1073374}}
{"ts":1675725861130971720,"type":"point","name":"bandwidth-total-out|cypress-provider|20|7","measures":{"value":1355654}}
{"ts":1675725861171895637,"type":"point","name":"bandwidth-rate-in|cypress-provider|20|7","measures":{"value":4841.620162048944}}
{"ts":1675725861379568054,"type":"point","name":"bandwidth-rate-out|cypress-provider|20|7","measures":{"value":5266.765328454689}}
{"ts":1675725880977603465,"type":"point","name":"bandwidth-total-in|cypress-provider|20|8","measures":{"value":1192659}}
{"ts":1675725881175240632,"type":"point","name":"bandwidth-total-out|cypress-provider|20|8","measures":{"value":1417329}}
{"ts":1675725881242013591,"type":"point","name":"bandwidth-rate-in|cypress-provider|20|8","measures":{"value":4320.292492384806}}
{"ts":1675725881338483716,"type":"point","name":"bandwidth-rate-out|cypress-provider|20|8","measures":{"value":7962.841961277245}}
{"ts":1675725901509537586,"type":"point","name":"bandwidth-total-in|cypress-provider|20|9","measures":{"value":1314394}}
{"ts":1675725901597660378,"type":"point","name":"bandwidth-total-out|cypress-provider|20|9","measures":{"value":1479357}}
{"ts":1675725901647507503,"type":"point","name":"bandwidth-rate-in|cypress-provider|20|9","measures":{"value":5850.860470796196}}
{"ts":1675725901704219044,"type":"point","name":"bandwidth-rate-out|cypress-provider|20|9","measures":{"value":695.8645075080278}}
{"ts":1675725917118843968,"type":"point","name":"num-hops|cypress-provider|8","measures":{"value":3}}
{"ts":1675725917140439260,"type":"point","name":"time-to-find-last|done|cypress-provider|8","measures":{"value":4424117502}}
{"ts":1675725917196881177,"type":"point","name":"time-to-find|done|cypress-provider|8","measures":{"value":113607801053}}
{"ts":1675725917240592802,"type":"point","name":"peers-found|done|cypress-provider|8","measures":{"value":40}}
{"ts":1675725917279052968,"type":"point","name":"peers-missing|done|cypress-provider|8","measures":{"value":0}}
{"ts":1675725917419124260,"type":"point","name":"num-hops|cypress-provider|14","measures":{"value":2}}
{"ts":1675725917455527802,"type":"point","name":"time-to-find-last|done|cypress-provider|14","measures":{"value":2277984293}}
{"ts":1675725917486754343,"type":"point","name":"time-to-find|done|cypress-provider|14","measures":{"value":113900812928}}
{"ts":1675725917553933052,"type":"point","name":"peers-found|done|cypress-provider|14","measures":{"value":40}}
{"ts":1675725917582844094,"type":"point","name":"peers-missing|done|cypress-provider|14","measures":{"value":0}}
{"ts":1675725918058116094,"type":"point","name":"num-hops|cypress-provider|13","measures":{"value":2}}
{"ts":1675725918109891469,"type":"point","name":"time-to-find-last|done|cypress-provider|13","measures":{"value":2461996334}}
{"ts":1675725918145022844,"type":"point","name":"time-to-find|done|cypress-provider|13","measures":{"value":114559911261}}
{"ts":1675725918166581094,"type":"point","name":"peers-found|done|cypress-provider|13","measures":{"value":40}}
{"ts":1675725918195682760,"type":"point","name":"peers-missing|done|cypress-provider|13","measures":{"value":0}}
{"ts":1675725920256796386,"type":"point","name":"num-hops|cypress-provider|9","measures":{"value":2}}
{"ts":1675725920284656095,"type":"point","name":"time-to-find-last|done|cypress-provider|9","measures":{"value":2789433126}}
{"ts":1675725920441856970,"type":"point","name":"time-to-find|done|cypress-provider|9","measures":{"value":116850327263}}
{"ts":1675725920496811970,"type":"point","name":"peers-found|done|cypress-provider|9","measures":{"value":1}}
{"ts":1675725920606208137,"type":"point","name":"peers-missing|done|cypress-provider|9","measures":{"value":39}}
{"ts":1675725920931088220,"type":"point","name":"num-hops|cypress-provider|7","measures":{"value":2}}
{"ts":1675725920962225303,"type":"point","name":"bandwidth-total-in|cypress-provider|20|10","measures":{"value":1365093}}
{"ts":1675725921039752095,"type":"point","name":"bandwidth-total-out|cypress-provider|20|10","measures":{"value":1515286}}
{"ts":1675725921116046012,"type":"point","name":"bandwidth-rate-in|cypress-provider|20|10","measures":{"value":970.4666827581677}}
{"ts":1675725921159185429,"type":"point","name":"bandwidth-rate-out|cypress-provider|20|10","measures":{"value":1355.2642755279346}}
{"ts":1675725921048163678,"type":"point","name":"num-hops|cypress-provider|15","measures":{"value":1}}
{"ts":1675725921215487220,"type":"point","name":"time-to-find-last|done|cypress-provider|15","measures":{"value":2934566793}}
{"ts":1675725921246919595,"type":"point","name":"time-to-find|done|cypress-provider|15","measures":{"value":117660703054}}
{"ts":1675725920972034512,"type":"point","name":"time-to-find-last|done|cypress-provider|7","measures":{"value":2475876001}}
{"ts":1675725921379884804,"type":"point","name":"time-to-find|done|cypress-provider|7","measures":{"value":117782819346}}
{"ts":1675725921432142012,"type":"point","name":"peers-found|done|cypress-provider|7","measures":{"value":1}}
{"ts":1675725921464112970,"type":"point","name":"peers-missing|done|cypress-provider|7","measures":{"value":39}}
{"ts":1675725921349356220,"type":"point","name":"peers-found|done|cypress-provider|15","measures":{"value":1}}
{"ts":1675725921520559720,"type":"point","name":"peers-missing|done|cypress-provider|15","measures":{"value":39}}
{"ts":1675725921216279679,"type":"point","name":"num-hops|cypress-provider|16","measures":{"value":3}}
{"ts":1675725921858561471,"type":"point","name":"time-to-find-last|done|cypress-provider|16","measures":{"value":3849435876}}
{"ts":1675725921928675637,"type":"point","name":"time-to-find|done|cypress-provider|16","measures":{"value":118324083680}}
{"ts":1675725921967974887,"type":"point","name":"peers-found|done|cypress-provider|16","measures":{"value":40}}
{"ts":1675725921977012471,"type":"point","name":"peers-missing|done|cypress-provider|16","measures":{"value":0}}
{"ts":1675725920985682220,"type":"point","name":"num-hops|cypress-provider|18","measures":{"value":3}}
{"ts":1675725922063622096,"type":"point","name":"time-to-find-last|done|cypress-provider|18","measures":{"value":2592044251}}
{"ts":1675725922124679762,"type":"point","name":"time-to-find|done|cypress-provider|18","measures":{"value":118530603722}}
{"ts":1675725922241200012,"type":"point","name":"peers-found|done|cypress-provider|18","measures":{"value":1}}
{"ts":1675725922338791554,"type":"point","name":"peers-missing|done|cypress-provider|18","measures":{"value":39}}
{"ts":1675725921595994304,"type":"point","name":"num-hops|cypress-provider|19","measures":{"value":2}}
{"ts":1675725922470108596,"type":"point","name":"time-to-find-last|done|cypress-provider|19","measures":{"value":192083833}}
{"ts":1675725922504152179,"type":"point","name":"time-to-find|done|cypress-provider|19","measures":{"value":118927404972}}
{"ts":1675725922543713513,"type":"point","name":"peers-found|done|cypress-provider|19","measures":{"value":1}}
{"ts":1675725922577706221,"type":"point","name":"peers-missing|done|cypress-provider|19","measures":{"value":39}}
{"ts":1675725922046715512,"type":"point","name":"num-hops|cypress-provider|17","measures":{"value":2}}
{"ts":1675725922621218679,"type":"point","name":"time-to-find-last|done|cypress-provider|17","measures":{"value":625845208}}
{"ts":1675725922639879596,"type":"point","name":"time-to-find|done|cypress-provider|17","measures":{"value":119055080972}}
{"ts":1675725922750250346,"type":"point","name":"peers-found|done|cypress-provider|17","measures":{"value":1}}
{"ts":1675725922788636763,"type":"point","name":"peers-missing|done|cypress-provider|17","measures":{"value":39}}
{"ts":1675725921119635262,"type":"point","name":"num-hops|cypress-provider|6","measures":{"value":2}}
{"ts":1675725922594046221,"type":"point","name":"num-hops|cypress-provider|11","measures":{"value":1}}
{"ts":1675725923058066346,"type":"point","name":"time-to-find-last|done|cypress-provider|11","measures":{"value":190894167}}
{"ts":1675725923168255388,"type":"point","name":"time-to-find|done|cypress-provider|11","measures":{"value":119588269514}}
{"ts":1675725923223477346,"type":"point","name":"peers-found|done|cypress-provider|11","measures":{"value":1}}
{"ts":1675725923308656638,"type":"point","name":"peers-missing|done|cypress-provider|11","measures":{"value":39}}
{"ts":1675725923016060388,"type":"point","name":"time-to-find-last|done|cypress-provider|6","measures":{"value":2885407667}}
{"ts":1675725923362836680,"type":"point","name":"time-to-find|done|cypress-provider|6","measures":{"value":119770523389}}
{"ts":1675725923404206096,"type":"point","name":"peers-found|done|cypress-provider|6","measures":{"value":1}}
{"ts":1675725923427812346,"type":"point","name":"peers-missing|done|cypress-provider|6","measures":{"value":39}}
{"ts":1675725923640285388,"type":"point","name":"num-hops|cypress-provider|2","measures":{"value":3}}
{"ts":1675725923672231138,"type":"point","name":"time-to-find-last|done|cypress-provider|2","measures":{"value":619156834}}
{"ts":1675725923742112555,"type":"point","name":"time-to-find|done|cypress-provider|2","measures":{"value":120160026264}}
{"ts":1675725923764914221,"type":"point","name":"peers-found|done|cypress-provider|2","measures":{"value":1}}
{"ts":1675725923867202472,"type":"point","name":"peers-missing|done|cypress-provider|2","measures":{"value":39}}
{"ts":1675725924058310888,"type":"point","name":"num-hops|cypress-provider|4","measures":{"value":4}}
{"ts":1675725924118322972,"type":"point","name":"time-to-find-last|done|cypress-provider|4","measures":{"value":3900593751}}
{"ts":1675725924190574722,"type":"point","name":"time-to-find|done|cypress-provider|4","measures":{"value":120576229514}}
{"ts":1675725924218800972,"type":"point","name":"peers-found|done|cypress-provider|4","measures":{"value":40}}
{"ts":1675725924231160597,"type":"point","name":"peers-missing|done|cypress-provider|4","measures":{"value":0}}
{"ts":1675725924290608722,"type":"point","name":"num-hops|cypress-provider|5","measures":{"value":3}}
{"ts":1675725924302044680,"type":"point","name":"time-to-find-last|done|cypress-provider|5","measures":{"value":4293535585}}
{"ts":1675725924322011680,"type":"point","name":"time-to-find|done|cypress-provider|5","measures":{"value":120730364264}}
{"ts":1675725924356802472,"type":"point","name":"peers-found|done|cypress-provider|5","measures":{"value":40}}
{"ts":1675725924381637847,"type":"point","name":"peers-missing|done|cypress-provider|5","measures":{"value":0}}
{"ts":1675725925415534250,"type":"point","name":"num-hops|cypress-provider|12","measures":{"value":1}}
{"ts":1675725925434043875,"type":"point","name":"time-to-find-last|done|cypress-provider|12","measures":{"value":1690658084}}
{"ts":1675725925480057291,"type":"point","name":"time-to-find|done|cypress-provider|12","measures":{"value":121878285889}}
{"ts":1675725925563577708,"type":"point","name":"peers-found|done|cypress-provider|12","measures":{"value":40}}
{"ts":1675725925572635958,"type":"point","name":"peers-missing|done|cypress-provider|12","measures":{"value":0}}
{"ts":1675725925969962292,"type":"point","name":"num-hops|cypress-provider|10","measures":{"value":4}}
{"ts":1675725925987366750,"type":"point","name":"time-to-find-last|done|cypress-provider|10","measures":{"value":4380926419}}
{"ts":1675725926028423292,"type":"point","name":"time-to-find|done|cypress-provider|10","measures":{"value":122422733431}}
{"ts":1675725926047113583,"type":"point","name":"peers-found|done|cypress-provider|10","measures":{"value":40}}
{"ts":1675725926126911958,"type":"point","name":"peers-missing|done|cypress-provider|10","measures":{"value":0}}
{"ts":1675725927481884792,"type":"point","name":"num-hops|cypress-provider|1","measures":{"value":1}}
{"ts":1675725927569667626,"type":"point","name":"time-to-find-last|done|cypress-provider|1","measures":{"value":1692339292}}
{"ts":1675725927592921834,"type":"point","name":"time-to-find|done|cypress-provider|1","measures":{"value":123994120223}}
{"ts":1675725927697814459,"type":"point","name":"peers-found|done|cypress-provider|1","measures":{"value":40}}
{"ts":1675725927720649417,"type":"point","name":"peers-missing|done|cypress-provider|1","measures":{"value":0}}
{"ts":1675725929907077668,"type":"point","name":"num-hops|cypress-provider|3","measures":{"value":2}}
{"ts":1675725929933590960,"type":"point","name":"time-to-find-last|done|cypress-provider|3","measures":{"value":1229956793}}
{"ts":1675725929971614335,"type":"point","name":"time-to-find|done|cypress-provider|3","measures":{"value":126372532683}}
{"ts":1675725929987561293,"type":"point","name":"peers-found|done|cypress-provider|3","measures":{"value":40}}
{"ts":1675725930019988710,"type":"point","name":"peers-missing|done|cypress-provider|3","measures":{"value":0}}
{"ts":1675725930726866794,"type":"point","name":"num-hops|cypress-provider|0","measures":{"value":2}}
{"ts":1675725930773321960,"type":"point","name":"time-to-find-last|done|cypress-provider|0","measures":{"value":653869583}}
{"ts":1675725930826487377,"type":"point","name":"time-to-find|done|cypress-provider|0","measures":{"value":127228687808}}
{"ts":1675725930864730044,"type":"point","name":"peers-found|done|cypress-provider|0","measures":{"value":40}}
{"ts":1675725930886357502,"type":"point","name":"peers-missing|done|cypress-provider|0","measures":{"value":0}}
{"ts":1675725931212930169,"type":"point","name":"signal provider-records2","measures":{"value":300457708}}
{"ts":1675725940190905173,"type":"point","name":"barrierprovider-records2","measures":{"value":8947240046}}
{"ts":1675725940290637132,"type":"point","name":"full provider-records2","measures":{"value":136698786563}}
{"ts":1675725941271997257,"type":"point","name":"bandwidth-total-in|cypress-provider|20|11","measures":{"value":1368292}}
{"ts":1675725941336312466,"type":"point","name":"bandwidth-total-out|cypress-provider|20|11","measures":{"value":1526745}}
{"ts":1675725941352430216,"type":"point","name":"bandwidth-rate-in|cypress-provider|20|11","measures":{"value":0.003949919803414255}}
{"ts":1675725941425371424,"type":"point","name":"bandwidth-rate-out|cypress-provider|20|11","measures":{"value":0.2355217625272111}}
{"ts":1675725960947961919,"type":"point","name":"bandwidth-total-in|cypress-provider|20|12","measures":{"value":1368292}}
{"ts":1675725960972162336,"type":"point","name":"bandwidth-total-out|cypress-provider|20|12","measures":{"value":1526745}}
{"ts":1675725960986454086,"type":"point","name":"bandwidth-rate-in|cypress-provider|20|12","measures":{"value":8.141391511149095e-12}}
{"ts":1675725961002262169,"type":"point","name":"bandwidth-rate-out|cypress-provider|20|12","measures":{"value":4.854465339960754e-10}}
