{"ts":1674149308002420426,"type":"point","name":"bandwidth-total-in|cypress-provider|45|0","measures":{"value":16345}}
{"ts":1674149308228160260,"type":"point","name":"bandwidth-total-out|cypress-provider|45|0","measures":{"value":14081}}
{"ts":1674149308261755926,"type":"point","name":"bandwidth-rate-in|cypress-provider|45|0","measures":{"value":7202.04507778567}}
{"ts":1674149308345299801,"type":"point","name":"bandwidth-rate-out|cypress-provider|45|0","measures":{"value":5836.520961918674}}
{"ts":1674149312116847803,"type":"point","name":"bandwidth-total-in|cypress-provider|45|1","measures":{"value":35601}}
{"ts":1674149312121045761,"type":"point","name":"bandwidth-total-out|cypress-provider|45|1","measures":{"value":50916}}
{"ts":1674149312126289178,"type":"point","name":"bandwidth-rate-in|cypress-provider|45|1","measures":{"value":2598.2530123238544}}
{"ts":1674149312130026720,"type":"point","name":"bandwidth-rate-out|cypress-provider|45|1","measures":{"value":5023.153802642472}}
{"ts":1674149317116912833,"type":"point","name":"bandwidth-total-in|cypress-provider|45|2","measures":{"value":35601}}
{"ts":1674149317120414833,"type":"point","name":"bandwidth-total-out|cypress-provider|45|2","measures":{"value":50916}}
{"ts":1674149317122302625,"type":"point","name":"bandwidth-rate-in|cypress-provider|45|2","measures":{"value":17.506891087252292}}
{"ts":1674149317124339000,"type":"point","name":"bandwidth-rate-out|cypress-provider|45|2","measures":{"value":33.84574409045961}}
{"ts":1674149322116989585,"type":"point","name":"bandwidth-total-in|cypress-provider|45|3","measures":{"value":35601}}
{"ts":1674149322121179252,"type":"point","name":"bandwidth-total-out|cypress-provider|45|3","measures":{"value":50916}}
{"ts":1674149322125999794,"type":"point","name":"bandwidth-rate-in|cypress-provider|45|3","measures":{"value":0.1179605042646677}}
{"ts":1674149322134922460,"type":"point","name":"bandwidth-rate-out|cypress-provider|45|3","measures":{"value":0.22805082982612707}}
{"ts":1674149327116716879,"type":"point","name":"bandwidth-total-in|cypress-provider|45|4","measures":{"value":35601}}
{"ts":1674149327119335546,"type":"point","name":"bandwidth-total-out|cypress-provider|45|4","measures":{"value":50916}}
{"ts":1674149327121444171,"type":"point","name":"bandwidth-rate-in|cypress-provider|45|4","measures":{"value":0.0007948116257207262}}
{"ts":1674149327124143754,"type":"point","name":"bandwidth-rate-out|cypress-provider|45|4","measures":{"value":0.0015365944044659038}}
{"ts":1674149332117646632,"type":"point","name":"bandwidth-total-in|cypress-provider|45|5","measures":{"value":35601}}
{"ts":1674149332120027798,"type":"point","name":"bandwidth-total-out|cypress-provider|45|5","measures":{"value":50916}}
{"ts":1674149332120968173,"type":"point","name":"bandwidth-rate-in|cypress-provider|45|5","measures":{"value":0.00000535539860836321}}
{"ts":1674149332122826423,"type":"point","name":"bandwidth-rate-out|cypress-provider|45|5","measures":{"value":0.000010353491656382558}}
{"ts":1674149337120450759,"type":"point","name":"bandwidth-total-in|cypress-provider|45|6","measures":{"value":41608}}
{"ts":1674149337154174884,"type":"point","name":"bandwidth-total-out|cypress-provider|45|6","measures":{"value":61409}}
{"ts":1674149337169099176,"type":"point","name":"bandwidth-rate-in|cypress-provider|45|6","measures":{"value":3159.0875541688492}}
{"ts":1674149337187998926,"type":"point","name":"bandwidth-rate-out|cypress-provider|45|6","measures":{"value":3523.87326934386}}
{"ts":1674149342059215511,"type":"point","name":"signal bootstrapping0","measures":{"value":40873167}}
{"ts":1674149342118135928,"type":"point","name":"bandwidth-total-in|cypress-provider|45|7","measures":{"value":41608}}
{"ts":1674149342136215553,"type":"point","name":"bandwidth-total-out|cypress-provider|45|7","measures":{"value":61409}}
{"ts":1674149342180761428,"type":"point","name":"bandwidth-rate-in|cypress-provider|45|7","measures":{"value":21.285764505460246}}
{"ts":1674149342201392053,"type":"point","name":"bandwidth-rate-out|cypress-provider|45|7","measures":{"value":23.743671320332957}}
{"ts":1674149342311315262,"type":"point","name":"barrierbootstrapping0","measures":{"value":237173042}}
{"ts":1674149342343920303,"type":"point","name":"full bootstrapping0","measures":{"value":39563210351}}
{"ts":1674149347514415625,"type":"point","name":"bandwidth-total-in|cypress-provider|45|8","measures":{"value":47033}}
{"ts":1674149347826417125,"type":"point","name":"bandwidth-total-out|cypress-provider|45|8","measures":{"value":67352}}
{"ts":1674149348823316459,"type":"point","name":"bandwidth-rate-in|cypress-provider|45|8","measures":{"value":1049.4004519603304}}
{"ts":1674149348836649750,"type":"point","name":"bandwidth-rate-out|cypress-provider|45|8","measures":{"value":1316.341068661836}}
{"ts":1674149352233722710,"type":"point","name":"bandwidth-total-in|cypress-provider|45|9","measures":{"value":76913}}
{"ts":1674149352469874252,"type":"point","name":"bandwidth-total-out|cypress-provider|45|9","measures":{"value":101584}}
{"ts":1674149352790737211,"type":"point","name":"bandwidth-rate-in|cypress-provider|45|9","measures":{"value":6285.147972586554}}
{"ts":1674149352904649586,"type":"point","name":"bandwidth-rate-out|cypress-provider|45|9","measures":{"value":5031.768124173609}}
{"ts":1674149357119556254,"type":"point","name":"bandwidth-total-in|cypress-provider|45|10","measures":{"value":152492}}
{"ts":1674149357557880046,"type":"point","name":"bandwidth-total-out|cypress-provider|45|10","measures":{"value":173727}}
{"ts":1674149357594699046,"type":"point","name":"bandwidth-rate-in|cypress-provider|45|10","measures":{"value":17554.189108986517}}
{"ts":1674149357653196421,"type":"point","name":"bandwidth-rate-out|cypress-provider|45|10","measures":{"value":15817.327754504502}}
{"ts":1674149362424814382,"type":"point","name":"bandwidth-total-in|cypress-provider|45|11","measures":{"value":176537}}
{"ts":1674149362435515757,"type":"point","name":"bandwidth-total-out|cypress-provider|45|11","measures":{"value":197585}}
{"ts":1674149362444576882,"type":"point","name":"bandwidth-rate-in|cypress-provider|45|11","measures":{"value":3797.1081635131263}}
{"ts":1674149362510673257,"type":"point","name":"bandwidth-rate-out|cypress-provider|45|11","measures":{"value":2120.8445582468426}}
{"ts":1674149366708874884,"type":"point","name":"time-to-provide-10","measures":{"value":23278327386}}
{"ts":1674149367409899093,"type":"point","name":"bandwidth-total-in|cypress-provider|45|12","measures":{"value":187492}}
{"ts":1674149370240762469,"type":"point","name":"bandwidth-total-out|cypress-provider|45|12","measures":{"value":211475}}
{"ts":1674149373863741971,"type":"point","name":"bandwidth-rate-in|cypress-provider|45|12","measures":{"value":3357.629822028117}}
{"ts":1674149375990970805,"type":"point","name":"bandwidth-rate-out|cypress-provider|45|12","measures":{"value":4021.604043663847}}
{"ts":1674149368506125801,"type":"point","name":"time-to-provide-11","measures":{"value":25075461136}}
{"ts":1674149377564739333,"type":"point","name":"bandwidth-total-in|cypress-provider|45|13","measures":{"value":189193}}
{"ts":1674149377984282125,"type":"point","name":"bandwidth-total-out|cypress-provider|45|13","measures":{"value":215414}}
{"ts":1674149379338667334,"type":"point","name":"bandwidth-rate-in|cypress-provider|45|13","measures":{"value":221.16375009678086}}
{"ts":1674149380733532251,"type":"point","name":"bandwidth-rate-out|cypress-provider|45|13","measures":{"value":110.89765825124206}}
{"ts":1674149383192517544,"type":"point","name":"bandwidth-total-in|cypress-provider|45|14","measures":{"value":191475}}
{"ts":1674149384456252503,"type":"point","name":"bandwidth-total-out|cypress-provider|45|14","measures":{"value":216600}}
{"ts":1674149385301983503,"type":"point","name":"bandwidth-rate-in|cypress-provider|45|14","measures":{"value":179.00169776427805}}
{"ts":1674149385542782254,"type":"point","name":"bandwidth-rate-out|cypress-provider|45|14","measures":{"value":18.385997551227717}}
{"ts":1674149398788237635,"type":"point","name":"bandwidth-total-in|cypress-provider|45|15","measures":{"value":191754}}
{"ts":1674149400409245469,"type":"point","name":"bandwidth-total-out|cypress-provider|45|15","measures":{"value":216600}}
{"ts":1674149401832193470,"type":"point","name":"bandwidth-rate-in|cypress-provider|45|15","measures":{"value":15.458009813093128}}
{"ts":1674149402425431220,"type":"point","name":"bandwidth-rate-out|cypress-provider|45|15","measures":{"value":0.12388387702548757}}
{"ts":1674149403234184637,"type":"point","name":"bandwidth-total-in|cypress-provider|45|16","measures":{"value":191754}}
{"ts":1674149403281477387,"type":"point","name":"bandwidth-total-out|cypress-provider|45|16","measures":{"value":217065}}
{"ts":1674149403497321470,"type":"point","name":"bandwidth-rate-in|cypress-provider|45|16","measures":{"value":0.10415525083196456}}
{"ts":1674149405185589305,"type":"point","name":"bandwidth-rate-out|cypress-provider|45|16","measures":{"value":20.77896150769024}}
{"ts":1674149407447527958,"type":"point","name":"bandwidth-total-in|cypress-provider|45|17","measures":{"value":191940}}
{"ts":1674149407480035625,"type":"point","name":"bandwidth-total-out|cypress-provider|45|17","measures":{"value":217065}}
{"ts":1674149407504940166,"type":"point","name":"bandwidth-rate-in|cypress-provider|45|17","measures":{"value":42.02621135134496}}
{"ts":1674149408213522125,"type":"point","name":"bandwidth-rate-out|cypress-provider|45|17","measures":{"value":0.380579955457762}}
{"ts":1674149413153967252,"type":"point","name":"bandwidth-total-in|cypress-provider|45|18","measures":{"value":191940}}
{"ts":1674149413194734002,"type":"point","name":"bandwidth-total-out|cypress-provider|45|18","measures":{"value":217437}}
{"ts":1674149413217349877,"type":"point","name":"bandwidth-rate-in|cypress-provider|45|18","measures":{"value":5.687629216596019}}
{"ts":1674149413277426211,"type":"point","name":"bandwidth-rate-out|cypress-provider|45|18","measures":{"value":98.0311569608578}}
{"ts":1674149417339787129,"type":"point","name":"bandwidth-total-in|cypress-provider|45|19","measures":{"value":191940}}
{"ts":1674149417549042129,"type":"point","name":"bandwidth-total-out|cypress-provider|45|19","measures":{"value":217437}}
{"ts":1674149417589922463,"type":"point","name":"bandwidth-rate-in|cypress-provider|45|19","measures":{"value":2.092361857791712}}
{"ts":1674149417613676588,"type":"point","name":"bandwidth-rate-out|cypress-provider|45|19","measures":{"value":36.06364724015032}}
{"ts":1674149422162816798,"type":"point","name":"bandwidth-total-in|cypress-provider|45|20","measures":{"value":191940}}
{"ts":1674149422577451382,"type":"point","name":"bandwidth-total-out|cypress-provider|45|20","measures":{"value":217437}}
{"ts":1674149422587896799,"type":"point","name":"bandwidth-rate-in|cypress-provider|45|20","measures":{"value":0.7697369109728558}}
{"ts":1674149422599798174,"type":"point","name":"bandwidth-rate-out|cypress-provider|45|20","measures":{"value":13.267074393310526}}
{"ts":1674149426392307217,"type":"point","name":"time-to-provide-8","measures":{"value":82920834372}}
{"ts":1674149426891468759,"type":"point","name":"time-to-provide-19","measures":{"value":83457787872}}
{"ts":1674149426857031592,"type":"point","name":"time-to-provide-14","measures":{"value":83422588205}}
{"ts":1674149426946708467,"type":"point","name":"time-to-provide-7","measures":{"value":83475377664}}
{"ts":1674149427056669301,"type":"point","name":"time-to-provide-6","measures":{"value":83619678747}}
{"ts":1674149427093354509,"type":"point","name":"time-to-provide-17","measures":{"value":83658859580}}
{"ts":1674149427108593301,"type":"point","name":"time-to-provide-18","measures":{"value":83672679747}}
{"ts":1674149427118164676,"type":"point","name":"time-to-provide-16","measures":{"value":83683633664}}
{"ts":1674149427152465092,"type":"point","name":"time-to-provide-13","measures":{"value":83680538205}}
{"ts":1674149427164315342,"type":"point","name":"bandwidth-total-in|cypress-provider|45|21","measures":{"value":200560}}
{"ts":1674149427324509842,"type":"point","name":"bandwidth-total-out|cypress-provider|45|21","measures":{"value":232696}}
{"ts":1674149427384761676,"type":"point","name":"bandwidth-rate-in|cypress-provider|45|21","measures":{"value":4338.525005702921}}
{"ts":1674149427389234217,"type":"point","name":"bandwidth-rate-out|cypress-provider|45|21","measures":{"value":8942.742479373024}}
{"ts":1674149427339878842,"type":"point","name":"time-to-provide-5","measures":{"value":83878211830}}
{"ts":1674149427218947884,"type":"point","name":"time-to-provide-3","measures":{"value":83747533830}}
{"ts":1674149427271981717,"type":"point","name":"time-to-provide-12","measures":{"value":83835965956}}
{"ts":1674149427413872009,"type":"point","name":"time-to-provide-0","measures":{"value":83979244830}}
{"ts":1674149427420935926,"type":"point","name":"time-to-provide-15","measures":{"value":83986575913}}
{"ts":1674149427428783301,"type":"point","name":"time-to-provide-1","measures":{"value":83993784830}}
{"ts":1674149427440414509,"type":"point","name":"time-to-provide-4","measures":{"value":83968394164}}
{"ts":1674149427462049468,"type":"point","name":"time-to-provide-2","measures":{"value":84024792456}}
{"ts":1674149427969520509,"type":"point","name":"time-to-provide-9","measures":{"value":84535536956}}
{"ts":1674149428044830968,"type":"point","name":"signal provider-records1","measures":{"value":62297000}}
{"ts":1674149428365073926,"type":"point","name":"barrierprovider-records1","measures":{"value":311017709}}
{"ts":1674149428525276426,"type":"point","name":"full provider-records1","measures":{"value":85170277206}}
{"ts":1674149432448614053,"type":"point","name":"bandwidth-total-in|cypress-provider|45|22","measures":{"value":200689}}
{"ts":1674149432600545845,"type":"point","name":"bandwidth-total-out|cypress-provider|45|22","measures":{"value":234828}}
{"ts":1674149432620129345,"type":"point","name":"bandwidth-rate-in|cypress-provider|45|22","measures":{"value":83.4657155436139}}
{"ts":1674149432846415428,"type":"point","name":"bandwidth-rate-out|cypress-provider|45|22","measures":{"value":84.5930708823881}}
{"ts":1674149437137872222,"type":"point","name":"bandwidth-total-in|cypress-provider|45|23","measures":{"value":200894}}
{"ts":1674149437333331458,"type":"point","name":"bandwidth-total-out|cypress-provider|45|23","measures":{"value":240550}}
{"ts":1674149437341039791,"type":"point","name":"bandwidth-rate-in|cypress-provider|45|23","measures":{"value":84.8612669040498}}
{"ts":1674149437365599791,"type":"point","name":"bandwidth-rate-out|cypress-provider|45|23","measures":{"value":3881.725009945201}}
{"ts":1674149440472994376,"type":"point","name":"time-to-find-first|cypress-provider|19","measures":{"value":726469875}}
{"ts":1674149440765054043,"type":"point","name":"time-to-find-first|cypress-provider|3","measures":{"value":422042}}
{"ts":1674149440766258043,"type":"point","name":"time-to-find-first|cypress-provider|4","measures":{"value":151284583}}
{"ts":1674149440766282168,"type":"point","name":"time-to-find-first|cypress-provider|1","measures":{"value":153744542}}
{"ts":1674149440804649793,"type":"point","name":"time-to-find-first|cypress-provider|18","measures":{"value":628444125}}
{"ts":1674149441162297626,"type":"point","name":"time-to-find-first|cypress-provider|7","measures":{"value":300165958}}
{"ts":1674149440805557251,"type":"point","name":"time-to-find-first|cypress-provider|15","measures":{"value":288354959}}
{"ts":1674149440805880585,"type":"point","name":"time-to-find-first|cypress-provider|17","measures":{"value":1053682084}}
{"ts":1674149440805898876,"type":"point","name":"time-to-find-first|cypress-provider|2","measures":{"value":486496209}}
{"ts":1674149440806336543,"type":"point","name":"time-to-find-first|cypress-provider|16","measures":{"value":1057125959}}
{"ts":1674149440911444376,"type":"point","name":"time-to-find-first|cypress-provider|8","measures":{"value":60792}}
{"ts":1674149440912970710,"type":"point","name":"time-to-find-first|cypress-provider|10","measures":{"value":271958}}
{"ts":1674149441089134251,"type":"point","name":"time-to-find-first|cypress-provider|5","measures":{"value":283569584}}
{"ts":1674149440805105835,"type":"point","name":"time-to-find-first|cypress-provider|0","measures":{"value":483024167}}
{"ts":1674149441186176043,"type":"point","name":"time-to-find-first|cypress-provider|9","measures":{"value":274618084}}
{"ts":1674149441186534251,"type":"point","name":"time-to-find-first|cypress-provider|11","measures":{"value":273492416}}
{"ts":1674149441070700251,"type":"point","name":"time-to-find-first|cypress-provider|6","measures":{"value":210198833}}
{"ts":1674149440983980210,"type":"point","name":"time-to-find-first|cypress-provider|12","measures":{"value":557417}}
{"ts":1674149441611653752,"type":"point","name":"time-to-find-first|cypress-provider|13","measures":{"value":627112875}}
{"ts":1674149441650063793,"type":"point","name":"time-to-find-first|cypress-provider|14","measures":{"value":581517417}}
{"ts":1674149442501589002,"type":"point","name":"bandwidth-total-in|cypress-provider|45|24","measures":{"value":215997}}
{"ts":1674149442586415335,"type":"point","name":"bandwidth-total-out|cypress-provider|45|24","measures":{"value":300797}}
{"ts":1674149443164313586,"type":"point","name":"bandwidth-rate-in|cypress-provider|45|24","measures":{"value":8740.669298971505}}
{"ts":1674149443184912627,"type":"point","name":"bandwidth-rate-out|cypress-provider|45|24","measures":{"value":18853.45638090358}}
{"ts":1674149447160575379,"type":"point","name":"bandwidth-total-in|cypress-provider|45|25","measures":{"value":276268}}
{"ts":1674149447183122379,"type":"point","name":"bandwidth-total-out|cypress-provider|45|25","measures":{"value":356632}}
{"ts":1674149447214881296,"type":"point","name":"bandwidth-rate-in|cypress-provider|45|25","measures":{"value":16018.133215621514}}
{"ts":1674149447221533129,"type":"point","name":"bandwidth-rate-out|cypress-provider|45|25","measures":{"value":10173.200773589655}}
{"ts":1674149452612338632,"type":"point","name":"bandwidth-total-in|cypress-provider|45|26","measures":{"value":352324}}
{"ts":1674149452633205715,"type":"point","name":"bandwidth-total-out|cypress-provider|45|26","measures":{"value":396454}}
{"ts":1674149452872060424,"type":"point","name":"bandwidth-rate-in|cypress-provider|45|26","measures":{"value":9432.291122328948}}
{"ts":1674149452976995257,"type":"point","name":"bandwidth-rate-out|cypress-provider|45|26","measures":{"value":4443.285954396053}}
{"ts":1674149457169287009,"type":"point","name":"bandwidth-total-in|cypress-provider|45|27","measures":{"value":375115}}
{"ts":1674149457323249384,"type":"point","name":"bandwidth-total-out|cypress-provider|45|27","measures":{"value":415729}}
{"ts":1674149457326388801,"type":"point","name":"bandwidth-rate-in|cypress-provider|45|27","measures":{"value":4595.393784172277}}
{"ts":1674149457328595592,"type":"point","name":"bandwidth-rate-out|cypress-provider|45|27","measures":{"value":722.5650527101002}}
{"ts":1674149462608786137,"type":"point","name":"bandwidth-total-in|cypress-provider|45|28","measures":{"value":377989}}
{"ts":1674149464248901596,"type":"point","name":"bandwidth-total-out|cypress-provider|45|28","measures":{"value":422544}}
{"ts":1674149464780623096,"type":"point","name":"bandwidth-rate-in|cypress-provider|45|28","measures":{"value":920.9448031399193}}
{"ts":1674149465534353971,"type":"point","name":"bandwidth-rate-out|cypress-provider|45|28","measures":{"value":1746.8789256238842}}
{"ts":1674149467934063750,"type":"point","name":"bandwidth-total-in|cypress-provider|45|29","measures":{"value":378030}}
{"ts":1674149467958080708,"type":"point","name":"bandwidth-total-out|cypress-provider|45|29","measures":{"value":422964}}
{"ts":1674149470936382251,"type":"point","name":"bandwidth-rate-in|cypress-provider|45|29","measures":{"value":5.716095830009973}}
{"ts":1674149471119158501,"type":"point","name":"bandwidth-rate-out|cypress-provider|45|29","measures":{"value":36.94486159267268}}
{"ts":1674149472191519210,"type":"point","name":"bandwidth-total-in|cypress-provider|45|30","measures":{"value":378214}}
{"ts":1674149472213605002,"type":"point","name":"bandwidth-total-out|cypress-provider|45|30","measures":{"value":428581}}
{"ts":1674149472243222752,"type":"point","name":"bandwidth-rate-in|cypress-provider|45|30","measures":{"value":111.21263611779901}}
{"ts":1674149472245664127,"type":"point","name":"bandwidth-rate-out|cypress-provider|45|30","measures":{"value":3406.464903851901}}
{"ts":1674149478306384005,"type":"point","name":"bandwidth-total-in|cypress-provider|45|31","measures":{"value":393809}}
{"ts":1674149478410218463,"type":"point","name":"bandwidth-total-out|cypress-provider|45|31","measures":{"value":445241}}
{"ts":1674149478441206130,"type":"point","name":"bandwidth-rate-in|cypress-provider|45|31","measures":{"value":8272.983917212672}}
{"ts":1674149478455464047,"type":"point","name":"bandwidth-rate-out|cypress-provider|45|31","measures":{"value":8099.159272508785}}
{"ts":1674149482450352465,"type":"point","name":"bandwidth-total-in|cypress-provider|45|32","measures":{"value":439558}}
{"ts":1674149482595530840,"type":"point","name":"bandwidth-total-out|cypress-provider|45|32","measures":{"value":478191}}
{"ts":1674149482927386382,"type":"point","name":"bandwidth-rate-in|cypress-provider|45|32","measures":{"value":9267.675041444212}}
{"ts":1674149482942565924,"type":"point","name":"bandwidth-rate-out|cypress-provider|45|32","measures":{"value":12815.994053524273}}
{"ts":1674149488947535177,"type":"point","name":"bandwidth-total-in|cypress-provider|45|33","measures":{"value":450404}}
{"ts":1674149489031577802,"type":"point","name":"bandwidth-total-out|cypress-provider|45|33","measures":{"value":489445}}
{"ts":1674149489071675010,"type":"point","name":"bandwidth-rate-in|cypress-provider|45|33","measures":{"value":330.9227476069865}}
{"ts":1674149489085211343,"type":"point","name":"bandwidth-rate-out|cypress-provider|45|33","measures":{"value":307.1844936459118}}
{"ts":1674149492717356762,"type":"point","name":"bandwidth-total-in|cypress-provider|45|34","measures":{"value":462165}}
{"ts":1674149493242230470,"type":"point","name":"bandwidth-total-out|cypress-provider|45|34","measures":{"value":494825}}
{"ts":1674149493243805095,"type":"point","name":"bandwidth-rate-in|cypress-provider|45|34","measures":{"value":919.9423773349038}}
{"ts":1674149493748872137,"type":"point","name":"bandwidth-rate-out|cypress-provider|45|34","measures":{"value":690.5062950493384}}
{"ts":1674149497123305264,"type":"point","name":"bandwidth-total-in|cypress-provider|45|35","measures":{"value":468917}}
{"ts":1674149497273501347,"type":"point","name":"bandwidth-total-out|cypress-provider|45|35","measures":{"value":500310}}
{"ts":1674149497734961166,"type":"point","name":"bandwidth-rate-in|cypress-provider|45|35","measures":{"value":445.9922706390661}}
{"ts":1674149497826835250,"type":"point","name":"bandwidth-rate-out|cypress-provider|45|35","measures":{"value":977.0543329191524}}
{"ts":1674149503457551586,"type":"point","name":"bandwidth-total-in|cypress-provider|45|36","measures":{"value":469602}}
{"ts":1674149503924010336,"type":"point","name":"bandwidth-total-out|cypress-provider|45|36","measures":{"value":503920}}
{"ts":1674149503963045628,"type":"point","name":"bandwidth-rate-in|cypress-provider|45|36","measures":{"value":91.24197374633289}}
{"ts":1674149503976110961,"type":"point","name":"bandwidth-rate-out|cypress-provider|45|36","measures":{"value":1850.5854121677444}}
{"ts":1674149509079162922,"type":"point","name":"bandwidth-total-in|cypress-provider|45|37","measures":{"value":469643}}
{"ts":1674149513011437007,"type":"point","name":"bandwidth-total-out|cypress-provider|45|37","measures":{"value":503920}}
{"ts":1674149514320115758,"type":"point","name":"bandwidth-rate-in|cypress-provider|45|37","measures":{"value":41.71426952855388}}
{"ts":1674149516838697300,"type":"point","name":"bandwidth-rate-out|cypress-provider|45|37","measures":{"value":250.44950090926534}}
{"ts":1674149521718411344,"type":"point","name":"bandwidth-total-in|cypress-provider|45|38","measures":{"value":469684}}
{"ts":1674149521866046761,"type":"point","name":"bandwidth-total-out|cypress-provider|45|38","measures":{"value":506552}}
{"ts":1674149526909521639,"type":"point","name":"bandwidth-rate-in|cypress-provider|45|38","measures":{"value":0.15827507852258724}}
{"ts":1674149530488137084,"type":"point","name":"bandwidth-rate-out|cypress-provider|45|38","measures":{"value":2.9206584685190227}}
{"ts":1674149530513092959,"type":"point","name":"bandwidth-total-in|cypress-provider|45|39","measures":{"value":469684}}
{"ts":1674149530553088126,"type":"point","name":"bandwidth-total-out|cypress-provider|45|39","measures":{"value":506552}}
{"ts":1674149530586000293,"type":"point","name":"bandwidth-rate-in|cypress-provider|45|39","measures":{"value":0.00014432818970147227}}
{"ts":1674149531744224043,"type":"point","name":"bandwidth-rate-out|cypress-provider|45|39","measures":{"value":0.0026632957849865705}}
{"ts":1674149534417250378,"type":"point","name":"bandwidth-total-in|cypress-provider|45|40","measures":{"value":469684}}
{"ts":1674149534496985211,"type":"point","name":"bandwidth-total-out|cypress-provider|45|40","measures":{"value":506552}}
{"ts":1674149534563606545,"type":"point","name":"bandwidth-rate-in|cypress-provider|45|40","measures":{"value":0.000019532696432276318}}
{"ts":1674149534590506378,"type":"point","name":"bandwidth-rate-out|cypress-provider|45|40","measures":{"value":0.0003604378894040343}}
{"ts":1674149537140948254,"type":"point","name":"bandwidth-total-in|cypress-provider|45|41","measures":{"value":469684}}
{"ts":1674149537191763712,"type":"point","name":"bandwidth-total-out|cypress-provider|45|41","measures":{"value":506552}}
{"ts":1674149537241595046,"type":"point","name":"bandwidth-rate-in|cypress-provider|45|41","measures":{"value":0.000019532696432276318}}
{"ts":1674149537266932713,"type":"point","name":"bandwidth-rate-out|cypress-provider|45|41","measures":{"value":0.0003604378894040343}}
{"ts":1674149542982725674,"type":"point","name":"bandwidth-total-in|cypress-provider|45|42","measures":{"value":469684}}
{"ts":1674149545896878050,"type":"point","name":"bandwidth-total-out|cypress-provider|45|42","measures":{"value":506552}}
{"ts":1674149552109246720,"type":"point","name":"bandwidth-rate-in|cypress-provider|45|42","measures":{"value":0.000019532696432276318}}
{"ts":1674149552520959345,"type":"point","name":"bandwidth-rate-out|cypress-provider|45|42","measures":{"value":0.0003604378894040343}}
{"ts":1674149557398401597,"type":"point","name":"bandwidth-total-in|cypress-provider|45|43","measures":{"value":470287}}
{"ts":1674149557427438889,"type":"point","name":"bandwidth-total-out|cypress-provider|45|43","measures":{"value":506593}}
{"ts":1674149557439222805,"type":"point","name":"bandwidth-rate-in|cypress-provider|45|43","measures":{"value":1.6699369824398664}}
{"ts":1674149557450832139,"type":"point","name":"bandwidth-rate-out|cypress-provider|45|43","measures":{"value":0.01536748579051846}}
{"ts":1674149560967812001,"type":"point","name":"bandwidth-total-in|cypress-provider|45|44","measures":{"value":470287}}
{"ts":1674149561691177127,"type":"point","name":"bandwidth-total-out|cypress-provider|45|44","measures":{"value":507853}}
{"ts":1674149563122139252,"type":"point","name":"bandwidth-rate-in|cypress-provider|45|44","measures":{"value":0.030585962737311026}}
{"ts":1674149564254045086,"type":"point","name":"bandwidth-rate-out|cypress-provider|45|44","measures":{"value":701.4868327296846}}
{"ts":1674149564268937294,"type":"point","name":"bandwidth-total-in|cypress-provider|45|45","measures":{"value":470492}}
{"ts":1674149568164099255,"type":"point","name":"bandwidth-total-out|cypress-provider|45|45","measures":{"value":507853}}
{"ts":1674149568192763963,"type":"point","name":"bandwidth-rate-in|cypress-provider|45|45","measures":{"value":30.764701880382994}}
{"ts":1674149569185631088,"type":"point","name":"bandwidth-rate-out|cypress-provider|45|45","measures":{"value":34.92497290026915}}
{"ts":1674149569274264547,"type":"point","name":"bandwidth-total-in|cypress-provider|45|46","measures":{"value":471097}}
{"ts":1674149569909911172,"type":"point","name":"bandwidth-total-out|cypress-provider|45|46","measures":{"value":509029}}
{"ts":1674149570680158756,"type":"point","name":"bandwidth-rate-in|cypress-provider|45|46","measures":{"value":14.170464911357609}}
{"ts":1674149571964216715,"type":"point","name":"bandwidth-rate-out|cypress-provider|45|46","measures":{"value":40.45481699577675}}
{"ts":1674149582105194178,"type":"point","name":"bandwidth-total-in|cypress-provider|45|47","measures":{"value":471097}}
{"ts":1674149583859957470,"type":"point","name":"bandwidth-total-out|cypress-provider|45|47","measures":{"value":509029}}
{"ts":1674149585991111388,"type":"point","name":"bandwidth-rate-in|cypress-provider|45|47","measures":{"value":0.09547984152512794}}
{"ts":1674149588205471791,"type":"point","name":"bandwidth-rate-out|cypress-provider|45|47","measures":{"value":0.10027746568492082}}
{"ts":1674149588669506833,"type":"point","name":"bandwidth-total-in|cypress-provider|45|48","measures":{"value":471097}}
{"ts":1674149589837412959,"type":"point","name":"bandwidth-total-out|cypress-provider|45|48","measures":{"value":509029}}
{"ts":1674149589859712209,"type":"point","name":"bandwidth-rate-in|cypress-provider|45|48","measures":{"value":0.0000870663455607674}}
{"ts":1674149591038553335,"type":"point","name":"bandwidth-rate-out|cypress-provider|45|48","measures":{"value":0.0002485629863370836}}
{"ts":1674149592616778460,"type":"point","name":"bandwidth-total-in|cypress-provider|45|49","measures":{"value":471138}}
{"ts":1674149592631418169,"type":"point","name":"bandwidth-total-out|cypress-provider|45|49","measures":{"value":509029}}
{"ts":1674149592642435002,"type":"point","name":"bandwidth-rate-in|cypress-provider|45|49","measures":{"value":1.4026961915602678}}
{"ts":1674149593581917919,"type":"point","name":"bandwidth-rate-out|cypress-provider|45|49","measures":{"value":0.000012375222394484812}}
{"ts":1674149598141405963,"type":"point","name":"bandwidth-total-in|cypress-provider|45|50","measures":{"value":471343}}
{"ts":1674149598385555838,"type":"point","name":"bandwidth-total-out|cypress-provider|45|50","measures":{"value":514013}}
{"ts":1674149598466798838,"type":"point","name":"bandwidth-rate-in|cypress-provider|45|50","measures":{"value":72.00914578550005}}
{"ts":1674149598540435921,"type":"point","name":"bandwidth-rate-out|cypress-provider|45|50","measures":{"value":1050.3700121724942}}
{"ts":1674149603027688465,"type":"point","name":"bandwidth-total-in|cypress-provider|45|51","measures":{"value":471384}}
{"ts":1674149603356768632,"type":"point","name":"bandwidth-total-out|cypress-provider|45|51","measures":{"value":514575}}
{"ts":1674149603504699340,"type":"point","name":"bandwidth-rate-in|cypress-provider|45|51","measures":{"value":2.682749168283341}}
{"ts":1674149603524558757,"type":"point","name":"bandwidth-rate-out|cypress-provider|45|51","measures":{"value":37.93299978038789}}
{"ts":1674149607133221426,"type":"point","name":"bandwidth-total-in|cypress-provider|45|52","measures":{"value":471384}}
{"ts":1674149607357034301,"type":"point","name":"bandwidth-total-out|cypress-provider|45|52","measures":{"value":514575}}
{"ts":1674149607362658551,"type":"point","name":"bandwidth-rate-in|cypress-provider|45|52","measures":{"value":0.04913626499532965}}
{"ts":1674149607404853926,"type":"point","name":"bandwidth-rate-out|cypress-provider|45|52","measures":{"value":0.6947671259440176}}
{"ts":1674149612376568053,"type":"point","name":"bandwidth-total-in|cypress-provider|45|53","measures":{"value":477510}}
{"ts":1674149613535717470,"type":"point","name":"bandwidth-total-out|cypress-provider|45|53","measures":{"value":515969}}
{"ts":1674149613560115512,"type":"point","name":"bandwidth-rate-in|cypress-provider|45|53","measures":{"value":786.0922594091318}}
{"ts":1674149613563150054,"type":"point","name":"bandwidth-rate-out|cypress-provider|45|53","measures":{"value":304.9897368557207}}
{"ts":1674149617251002014,"type":"point","name":"bandwidth-total-in|cypress-provider|45|54","measures":{"value":480680}}
{"ts":1674149617276489514,"type":"point","name":"bandwidth-total-out|cypress-provider|45|54","measures":{"value":521545}}
{"ts":1674149617297616014,"type":"point","name":"bandwidth-rate-in|cypress-provider|45|54","measures":{"value":136.33739654980857}}
{"ts":1674149617395462847,"type":"point","name":"bandwidth-rate-out|cypress-provider|45|54","measures":{"value":829.4790021783747}}
{"ts":1674149622734496835,"type":"point","name":"bandwidth-total-in|cypress-provider|45|55","measures":{"value":487433}}
{"ts":1674149623027912377,"type":"point","name":"bandwidth-total-out|cypress-provider|45|55","measures":{"value":522357}}
{"ts":1674149623227093877,"type":"point","name":"bandwidth-rate-in|cypress-provider|45|55","measures":{"value":3532.747999994072}}
{"ts":1674149623231279211,"type":"point","name":"bandwidth-rate-out|cypress-provider|45|55","measures":{"value":644.9508495641495}}
{"ts":1674149627243584379,"type":"point","name":"bandwidth-total-in|cypress-provider|45|56","measures":{"value":504213}}
{"ts":1674149627496788879,"type":"point","name":"bandwidth-total-out|cypress-provider|45|56","measures":{"value":525362}}
{"ts":1674149627525977754,"type":"point","name":"bandwidth-rate-in|cypress-provider|45|56","measures":{"value":2088.758855675602}}
{"ts":1674149627535634588,"type":"point","name":"bandwidth-rate-out|cypress-provider|45|56","measures":{"value":282.0332488191655}}
{"ts":1674149628758781047,"type":"point","name":"num-hops|cypress-provider|6","measures":{"value":3}}
{"ts":1674149628779534963,"type":"point","name":"time-to-find-last|done|cypress-provider|6","measures":{"value":12979004047}}
{"ts":1674149628785574672,"type":"point","name":"time-to-find|done|cypress-provider|6","measures":{"value":187927804462}}
{"ts":1674149628806707797,"type":"point","name":"peers-found|done|cypress-provider|6","measures":{"value":50}}
{"ts":1674149628810339880,"type":"point","name":"peers-missing|done|cypress-provider|6","measures":{"value":0}}
{"ts":1674149629204351755,"type":"point","name":"num-hops|cypress-provider|10","measures":{"value":6}}
{"ts":1674149629607422547,"type":"point","name":"time-to-find-last|done|cypress-provider|10","measures":{"value":7659852295}}
{"ts":1674149629777944339,"type":"point","name":"time-to-find|done|cypress-provider|10","measures":{"value":188867975796}}
{"ts":1674149630099160755,"type":"point","name":"peers-found|done|cypress-provider|10","measures":{"value":50}}
{"ts":1674149630127622631,"type":"point","name":"peers-missing|done|cypress-provider|10","measures":{"value":0}}
{"ts":1674149629779632797,"type":"point","name":"num-hops|cypress-provider|1","measures":{"value":1}}
{"ts":1674149630151286506,"type":"point","name":"time-to-find-last|done|cypress-provider|1","measures":{"value":36200744266}}
{"ts":1674149630174938339,"type":"point","name":"time-to-find|done|cypress-provider|1","measures":{"value":189565128963}}
{"ts":1674149630253569839,"type":"point","name":"peers-found|done|cypress-provider|1","measures":{"value":44}}
{"ts":1674149630412583131,"type":"point","name":"peers-missing|done|cypress-provider|1","measures":{"value":6}}
{"ts":1674149630616753881,"type":"point","name":"num-hops|cypress-provider|12","measures":{"value":2}}
{"ts":1674149630626909506,"type":"point","name":"time-to-find-last|done|cypress-provider|12","measures":{"value":36253722891}}
{"ts":1674149630674506381,"type":"point","name":"num-hops|cypress-provider|16","measures":{"value":6}}
{"ts":1674149632375854757,"type":"point","name":"time-to-find-last|done|cypress-provider|16","measures":{"value":8703959088}}
{"ts":1674149630826901298,"type":"point","name":"time-to-find|done|cypress-provider|12","measures":{"value":189846211838}}
{"ts":1674149633920556299,"type":"point","name":"peers-found|done|cypress-provider|12","measures":{"value":50}}
{"ts":1674149634219967257,"type":"point","name":"peers-missing|done|cypress-provider|12","measures":{"value":0}}
{"ts":1674149630826807173,"type":"point","name":"num-hops|cypress-provider|8","measures":{"value":2}}
{"ts":1674149634257960007,"type":"point","name":"time-to-find-last|done|cypress-provider|8","measures":{"value":37237173725}}
{"ts":1674149634468663383,"type":"point","name":"time-to-find|done|cypress-provider|8","measures":{"value":193560011465}}
{"ts":1674149634617649924,"type":"point","name":"peers-found|done|cypress-provider|8","measures":{"value":49}}
{"ts":1674149634731848133,"type":"point","name":"peers-missing|done|cypress-provider|8","measures":{"value":1}}
{"ts":1674149633504652507,"type":"point","name":"bandwidth-total-in|cypress-provider|45|57","measures":{"value":545625}}
{"ts":1674149635113427883,"type":"point","name":"bandwidth-total-out|cypress-provider|45|57","measures":{"value":548979}}
{"ts":1674149635147670258,"type":"point","name":"bandwidth-rate-in|cypress-provider|45|57","measures":{"value":4365.647551845931}}
{"ts":1674149635238500258,"type":"point","name":"bandwidth-rate-out|cypress-provider|45|57","measures":{"value":1091.152036611871}}
{"ts":1674149634708146716,"type":"point","name":"num-hops|cypress-provider|11","measures":{"value":1}}
{"ts":1674149635284153133,"type":"point","name":"time-to-find-last|done|cypress-provider|11","measures":{"value":1595664834}}
{"ts":1674149635292163675,"type":"point","name":"time-to-find|done|cypress-provider|11","measures":{"value":194381853215}}
{"ts":1674149635308476216,"type":"point","name":"peers-found|done|cypress-provider|11","measures":{"value":50}}
{"ts":1674149635321431091,"type":"point","name":"peers-missing|done|cypress-provider|11","measures":{"value":0}}
{"ts":1674149635111200591,"type":"point","name":"num-hops|cypress-provider|15","measures":{"value":1}}
{"ts":1674149635345895466,"type":"point","name":"time-to-find-last|done|cypress-provider|15","measures":{"value":35029745891}}
{"ts":1674149635368498050,"type":"point","name":"time-to-find|done|cypress-provider|15","measures":{"value":194854025382}}
{"ts":1674149635378291800,"type":"point","name":"peers-found|done|cypress-provider|15","measures":{"value":50}}
{"ts":1674149635392379925,"type":"point","name":"peers-missing|done|cypress-provider|15","measures":{"value":0}}
{"ts":1674149634709457883,"type":"point","name":"num-hops|cypress-provider|13","measures":{"value":5}}
{"ts":1674149635420319425,"type":"point","name":"time-to-find-last|done|cypress-provider|13","measures":{"value":7025729462}}
{"ts":1674149635444155258,"type":"point","name":"time-to-find|done|cypress-provider|13","measures":{"value":194462346840}}
{"ts":1674149635450714050,"type":"point","name":"peers-found|done|cypress-provider|13","measures":{"value":50}}
{"ts":1674149635460577258,"type":"point","name":"peers-missing|done|cypress-provider|13","measures":{"value":0}}
{"ts":1674149633834503341,"type":"point","name":"time-to-find|done|cypress-provider|16","measures":{"value":194088024424}}
{"ts":1674149635543395133,"type":"point","name":"peers-found|done|cypress-provider|16","measures":{"value":50}}
{"ts":1674149635558835091,"type":"point","name":"peers-missing|done|cypress-provider|16","measures":{"value":0}}
{"ts":1674149634275211299,"type":"point","name":"num-hops|cypress-provider|0","measures":{"value":2}}
{"ts":1674149635641742925,"type":"point","name":"time-to-find-last|done|cypress-provider|0","measures":{"value":37992529059}}
{"ts":1674149635655715216,"type":"point","name":"time-to-find|done|cypress-provider|0","measures":{"value":195336365757}}
{"ts":1674149635665444633,"type":"point","name":"peers-found|done|cypress-provider|0","measures":{"value":50}}
{"ts":1674149635670480175,"type":"point","name":"peers-missing|done|cypress-provider|0","measures":{"value":0}}
{"ts":1674149635474272800,"type":"point","name":"num-hops|cypress-provider|17","measures":{"value":2}}
{"ts":1674149635743935342,"type":"point","name":"time-to-find-last|done|cypress-provider|17","measures":{"value":5870429878}}
{"ts":1674149635761704675,"type":"point","name":"time-to-find|done|cypress-provider|17","measures":{"value":196012237049}}
{"ts":1674149635826494675,"type":"point","name":"peers-found|done|cypress-provider|17","measures":{"value":50}}
{"ts":1674149635833059925,"type":"point","name":"peers-missing|done|cypress-provider|17","measures":{"value":0}}
{"ts":1674149634347260966,"type":"point","name":"num-hops|cypress-provider|18","measures":{"value":2}}
{"ts":1674149636042443675,"type":"point","name":"time-to-find-last|done|cypress-provider|18","measures":{"value":2715185001}}
{"ts":1674149636133632592,"type":"point","name":"time-to-find|done|cypress-provider|18","measures":{"value":195960158507}}
{"ts":1674149636165474800,"type":"point","name":"peers-found|done|cypress-provider|18","measures":{"value":50}}
{"ts":1674149636172852633,"type":"point","name":"peers-missing|done|cypress-provider|18","measures":{"value":0}}
{"ts":1674149634719890383,"type":"point","name":"num-hops|cypress-provider|14","measures":{"value":2}}
{"ts":1674149636199466300,"type":"point","name":"time-to-find-last|done|cypress-provider|14","measures":{"value":34665421641}}
{"ts":1674149636208470883,"type":"point","name":"time-to-find|done|cypress-provider|14","measures":{"value":195142655507}}
{"ts":1674149636243744675,"type":"point","name":"peers-found|done|cypress-provider|14","measures":{"value":48}}
{"ts":1674149636259437300,"type":"point","name":"peers-missing|done|cypress-provider|14","measures":{"value":2}}
{"ts":1674149635110861841,"type":"point","name":"num-hops|cypress-provider|5","measures":{"value":2}}
{"ts":1674149636317804550,"type":"point","name":"time-to-find-last|done|cypress-provider|5","measures":{"value":37622124101}}
{"ts":1674149636339178550,"type":"point","name":"time-to-find|done|cypress-provider|5","measures":{"value":195536351882}}
{"ts":1674149636352184258,"type":"point","name":"peers-found|done|cypress-provider|5","measures":{"value":50}}
{"ts":1674149636385358925,"type":"point","name":"peers-missing|done|cypress-provider|5","measures":{"value":0}}
{"ts":1674149634885155466,"type":"point","name":"num-hops|cypress-provider|9","measures":{"value":4}}
{"ts":1674149636443693800,"type":"point","name":"time-to-find-last|done|cypress-provider|9","measures":{"value":9699439713}}
{"ts":1674149636469326342,"type":"point","name":"time-to-find|done|cypress-provider|9","measures":{"value":195560500508}}
{"ts":1674149636486292092,"type":"point","name":"peers-found|done|cypress-provider|9","measures":{"value":50}}
{"ts":1674149636496402092,"type":"point","name":"peers-missing|done|cypress-provider|9","measures":{"value":0}}
{"ts":1674149635623475591,"type":"point","name":"num-hops|cypress-provider|3","measures":{"value":2}}
{"ts":1674149636594316925,"type":"point","name":"time-to-find-last|done|cypress-provider|3","measures":{"value":49880429148}}
{"ts":1674149636627350634,"type":"point","name":"time-to-find|done|cypress-provider|3","measures":{"value":195865445966}}
{"ts":1674149636675679884,"type":"point","name":"peers-found|done|cypress-provider|3","measures":{"value":50}}
{"ts":1674149636720572925,"type":"point","name":"peers-missing|done|cypress-provider|3","measures":{"value":0}}
{"ts":1674149635659410425,"type":"point","name":"num-hops|cypress-provider|4","measures":{"value":1}}
{"ts":1674149635471596008,"type":"point","name":"num-hops|cypress-provider|7","measures":{"value":3}}
{"ts":1674149636761862842,"type":"point","name":"time-to-find-last|done|cypress-provider|7","measures":{"value":9525031629}}
{"ts":1674149636846464592,"type":"point","name":"time-to-find|done|cypress-provider|7","measures":{"value":195987058757}}
{"ts":1674149636953778050,"type":"point","name":"peers-found|done|cypress-provider|7","measures":{"value":50}}
{"ts":1674149636997687884,"type":"point","name":"peers-missing|done|cypress-provider|7","measures":{"value":0}}
{"ts":1674149635770361675,"type":"point","name":"num-hops|cypress-provider|2","measures":{"value":2}}
{"ts":1674149637451199759,"type":"point","name":"time-to-find-last|done|cypress-provider|2","measures":{"value":6192644337}}
{"ts":1674149634593144049,"type":"point","name":"num-hops|cypress-provider|19","measures":{"value":1}}
{"ts":1674149637121779801,"type":"point","name":"bandwidth-total-in|cypress-provider|45|58","measures":{"value":581362}}
{"ts":1674149639433375218,"type":"point","name":"bandwidth-total-out|cypress-provider|45|58","measures":{"value":561533}}
{"ts":1674149639762900927,"type":"point","name":"bandwidth-rate-in|cypress-provider|45|58","measures":{"value":3936.396770127494}}
{"ts":1674149640729070261,"type":"point","name":"bandwidth-rate-out|cypress-provider|45|58","measures":{"value":2183.642225958011}}
{"ts":1674149636754851634,"type":"point","name":"time-to-find-last|done|cypress-provider|4","measures":{"value":194027971756}}
{"ts":1674149641104538427,"type":"point","name":"time-to-find|done|cypress-provider|4","measures":{"value":200492288301}}
{"ts":1674149641111635969,"type":"point","name":"peers-found|done|cypress-provider|4","measures":{"value":50}}
{"ts":1674149641126572094,"type":"point","name":"peers-missing|done|cypress-provider|4","measures":{"value":0}}
{"ts":1674149639347719218,"type":"point","name":"time-to-find|done|cypress-provider|2","measures":{"value":199031045343}}
{"ts":1674149641155433052,"type":"point","name":"peers-found|done|cypress-provider|2","measures":{"value":50}}
{"ts":1674149641195121594,"type":"point","name":"peers-missing|done|cypress-provider|2","measures":{"value":0}}
{"ts":1674149639324820302,"type":"point","name":"time-to-find-last|done|cypress-provider|19","measures":{"value":8596077462}}
{"ts":1674149641209936677,"type":"point","name":"time-to-find|done|cypress-provider|19","measures":{"value":201466145426}}
{"ts":1674149641220249011,"type":"point","name":"peers-found|done|cypress-provider|19","measures":{"value":50}}
{"ts":1674149641242698261,"type":"point","name":"peers-missing|done|cypress-provider|19","measures":{"value":0}}
{"ts":1674149641645716678,"type":"point","name":"signal provider-records2","measures":{"value":384547292}}
{"ts":1674149642380107511,"type":"point","name":"bandwidth-total-in|cypress-provider|45|59","measures":{"value":581362}}
{"ts":1674149642420302220,"type":"point","name":"bandwidth-total-out|cypress-provider|45|59","measures":{"value":561533}}
{"ts":1674149642530746386,"type":"point","name":"bandwidth-rate-in|cypress-provider|45|59","measures":{"value":26.523232804490277}}
{"ts":1674149642555616261,"type":"point","name":"bandwidth-rate-out|cypress-provider|45|59","measures":{"value":14.713265583470092}}
{"ts":1674149647140310014,"type":"point","name":"bandwidth-total-in|cypress-provider|45|60","measures":{"value":581362}}
{"ts":1674149647151386805,"type":"point","name":"bandwidth-total-out|cypress-provider|45|60","measures":{"value":561533}}
{"ts":1674149647191925430,"type":"point","name":"bandwidth-rate-in|cypress-provider|45|60","measures":{"value":0.17871213688106052}}
{"ts":1674149647195394555,"type":"point","name":"bandwidth-rate-out|cypress-provider|45|60","measures":{"value":0.09913720368488979}}
{"ts":1674149651488202751,"type":"point","name":"barrierprovider-records2","measures":{"value":9814474879}}
{"ts":1674149651665527543,"type":"point","name":"full provider-records2","measures":{"value":212069717973}}
{"ts":1674149652327691877,"type":"point","name":"bandwidth-total-in|cypress-provider|45|61","measures":{"value":581362}}
{"ts":1674149652826461335,"type":"point","name":"bandwidth-total-out|cypress-provider|45|61","measures":{"value":561533}}
{"ts":1674149652854741460,"type":"point","name":"bandwidth-rate-in|cypress-provider|45|61","measures":{"value":0.0012041529063978934}}
{"ts":1674149652868035752,"type":"point","name":"bandwidth-rate-out|cypress-provider|45|61","measures":{"value":0.000667981224066328}}
{"ts":1674149657234831379,"type":"point","name":"bandwidth-total-in|cypress-provider|45|62","measures":{"value":581362}}
{"ts":1674149657256430712,"type":"point","name":"bandwidth-total-out|cypress-provider|45|62","measures":{"value":561533}}
{"ts":1674149657274002087,"type":"point","name":"bandwidth-rate-in|cypress-provider|45|62","measures":{"value":0.00000811351846210373}}
{"ts":1674149657292165087,"type":"point","name":"bandwidth-rate-out|cypress-provider|45|62","measures":{"value":0.000004500822084143152}}
{"ts":1674149662862413798,"type":"point","name":"bandwidth-total-in|cypress-provider|45|63","measures":{"value":581362}}
{"ts":1674149662970314549,"type":"point","name":"bandwidth-total-out|cypress-provider|45|63","measures":{"value":561533}}
{"ts":1674149662980294257,"type":"point","name":"bandwidth-rate-in|cypress-provider|45|63","measures":{"value":5.466845737375637e-8}}
{"ts":1674149663019852132,"type":"point","name":"bandwidth-rate-out|cypress-provider|45|63","measures":{"value":3.0326300655269955e-8}}
{"ts":1674149667197503467,"type":"point","name":"bandwidth-total-in|cypress-provider|45|64","measures":{"value":581362}}
{"ts":1674149667284557217,"type":"point","name":"bandwidth-total-out|cypress-provider|45|64","measures":{"value":561533}}
{"ts":1674149667296226676,"type":"point","name":"bandwidth-rate-in|cypress-provider|45|64","measures":{"value":3.683531683061336e-10}}
{"ts":1674149667299526259,"type":"point","name":"bandwidth-rate-out|cypress-provider|45|64","measures":{"value":2.0433700649353988e-10}}
{"ts":1674149672200458220,"type":"point","name":"bandwidth-total-in|cypress-provider|45|65","measures":{"value":581362}}
{"ts":1674149672215220928,"type":"point","name":"bandwidth-total-out|cypress-provider|45|65","measures":{"value":561533}}
{"ts":1674149672221869428,"type":"point","name":"bandwidth-rate-in|cypress-provider|45|65","measures":{"value":2.4819441249919376e-12}}
{"ts":1674149672228505428,"type":"point","name":"bandwidth-rate-out|cypress-provider|45|65","measures":{"value":1.3768119197052548e-12}}
{"ts":1674149677316942764,"type":"point","name":"bandwidth-total-in|cypress-provider|45|66","measures":{"value":581362}}
{"ts":1674149677326791680,"type":"point","name":"bandwidth-total-out|cypress-provider|45|66","measures":{"value":561533}}
{"ts":1674149677329270264,"type":"point","name":"bandwidth-rate-in|cypress-provider|45|66","measures":{"value":0}}
{"ts":1674149677364315472,"type":"point","name":"bandwidth-rate-out|cypress-provider|45|66","measures":{"value":0}}
{"ts":1674149682139197335,"type":"point","name":"bandwidth-total-in|cypress-provider|45|67","measures":{"value":581362}}
{"ts":1674149682152930960,"type":"point","name":"bandwidth-total-out|cypress-provider|45|67","measures":{"value":561533}}
{"ts":1674149682159437543,"type":"point","name":"bandwidth-rate-in|cypress-provider|45|67","measures":{"value":0}}
{"ts":1674149682162691918,"type":"point","name":"bandwidth-rate-out|cypress-provider|45|67","measures":{"value":0}}
{"ts":1674149687144016046,"type":"point","name":"bandwidth-total-in|cypress-provider|45|68","measures":{"value":581362}}
{"ts":1674149687150356837,"type":"point","name":"bandwidth-total-out|cypress-provider|45|68","measures":{"value":561533}}
{"ts":1674149687151989421,"type":"point","name":"bandwidth-rate-in|cypress-provider|45|68","measures":{"value":0}}
{"ts":1674149687154949004,"type":"point","name":"bandwidth-rate-out|cypress-provider|45|68","measures":{"value":0}}
{"ts":1674149692145027673,"type":"point","name":"bandwidth-total-in|cypress-provider|45|69","measures":{"value":581362}}
{"ts":1674149692173016340,"type":"point","name":"bandwidth-total-out|cypress-provider|45|69","measures":{"value":561533}}
{"ts":1674149692176922215,"type":"point","name":"bandwidth-rate-in|cypress-provider|45|69","measures":{"value":0}}
{"ts":1674149692193038631,"type":"point","name":"bandwidth-rate-out|cypress-provider|45|69","measures":{"value":0}}
{"ts":1674149697229477301,"type":"point","name":"bandwidth-total-in|cypress-provider|45|70","measures":{"value":581362}}
{"ts":1674149697281853926,"type":"point","name":"bandwidth-total-out|cypress-provider|45|70","measures":{"value":561533}}
{"ts":1674149697287126134,"type":"point","name":"bandwidth-rate-in|cypress-provider|45|70","measures":{"value":0}}
{"ts":1674149697307493717,"type":"point","name":"bandwidth-rate-out|cypress-provider|45|70","measures":{"value":0}}
{"ts":1674149702142440636,"type":"point","name":"bandwidth-total-in|cypress-provider|45|71","measures":{"value":581362}}
{"ts":1674149702149029470,"type":"point","name":"bandwidth-total-out|cypress-provider|45|71","measures":{"value":561533}}
{"ts":1674149702151851511,"type":"point","name":"bandwidth-rate-in|cypress-provider|45|71","measures":{"value":0}}
{"ts":1674149702168289970,"type":"point","name":"bandwidth-rate-out|cypress-provider|45|71","measures":{"value":0}}
{"ts":1674149707139964514,"type":"point","name":"bandwidth-total-in|cypress-provider|45|72","measures":{"value":581362}}
{"ts":1674149707153486889,"type":"point","name":"bandwidth-total-out|cypress-provider|45|72","measures":{"value":561533}}
{"ts":1674149707169903347,"type":"point","name":"bandwidth-rate-in|cypress-provider|45|72","measures":{"value":0}}
{"ts":1674149707176971805,"type":"point","name":"bandwidth-rate-out|cypress-provider|45|72","measures":{"value":0}}
{"ts":1674149712327863627,"type":"point","name":"bandwidth-total-in|cypress-provider|45|73","measures":{"value":581362}}
{"ts":1674149712446302377,"type":"point","name":"bandwidth-total-out|cypress-provider|45|73","measures":{"value":561533}}
{"ts":1674149712476305835,"type":"point","name":"bandwidth-rate-in|cypress-provider|45|73","measures":{"value":0}}
{"ts":1674149712524484169,"type":"point","name":"bandwidth-rate-out|cypress-provider|45|73","measures":{"value":0}}
{"ts":1674149717264244587,"type":"point","name":"bandwidth-total-in|cypress-provider|45|74","measures":{"value":581362}}
{"ts":1674149717461786296,"type":"point","name":"bandwidth-total-out|cypress-provider|45|74","measures":{"value":561533}}
{"ts":1674149717557485421,"type":"point","name":"bandwidth-rate-in|cypress-provider|45|74","measures":{"value":0}}
{"ts":1674149717586385963,"type":"point","name":"bandwidth-rate-out|cypress-provider|45|74","measures":{"value":0}}
{"ts":1674149722611902340,"type":"point","name":"bandwidth-total-in|cypress-provider|45|75","measures":{"value":581362}}
{"ts":1674149722631608007,"type":"point","name":"bandwidth-total-out|cypress-provider|45|75","measures":{"value":561533}}
{"ts":1674149722637273798,"type":"point","name":"bandwidth-rate-in|cypress-provider|45|75","measures":{"value":0}}
{"ts":1674149722645462840,"type":"point","name":"bandwidth-rate-out|cypress-provider|45|75","measures":{"value":0}}
{"ts":1674149727199634634,"type":"point","name":"bandwidth-total-in|cypress-provider|45|76","measures":{"value":581362}}
{"ts":1674149727204397801,"type":"point","name":"bandwidth-total-out|cypress-provider|45|76","measures":{"value":561533}}
{"ts":1674149727206001717,"type":"point","name":"bandwidth-rate-in|cypress-provider|45|76","measures":{"value":0}}
{"ts":1674149727207893634,"type":"point","name":"bandwidth-rate-out|cypress-provider|45|76","measures":{"value":0}}
{"ts":1674149732318749345,"type":"point","name":"bandwidth-total-in|cypress-provider|45|77","measures":{"value":581362}}
{"ts":1674149732377317095,"type":"point","name":"bandwidth-total-out|cypress-provider|45|77","measures":{"value":561533}}
{"ts":1674149732391205553,"type":"point","name":"bandwidth-rate-in|cypress-provider|45|77","measures":{"value":0}}
{"ts":1674149732408200053,"type":"point","name":"bandwidth-rate-out|cypress-provider|45|77","measures":{"value":0}}
{"ts":1674149737202737389,"type":"point","name":"bandwidth-total-in|cypress-provider|45|78","measures":{"value":581362}}
{"ts":1674149737270761389,"type":"point","name":"bandwidth-total-out|cypress-provider|45|78","measures":{"value":561533}}
{"ts":1674149737276715347,"type":"point","name":"bandwidth-rate-in|cypress-provider|45|78","measures":{"value":0}}
{"ts":1674149737306576722,"type":"point","name":"bandwidth-rate-out|cypress-provider|45|78","measures":{"value":0}}
