{"ts":1675454244767610842,"msg":"","group_id":"cypress-provider","run_id":"cfemd7vrirfshqqrkuag","event":{"message_event":{"message":"registering default http handler at: http://[::]:6060/ (pprof: http://[::]:6060/debug/pprof/)"}}}
{"ts":1675454244787599383,"msg":"","group_id":"cypress-provider","run_id":"cfemd7vrirfshqqrkuag","event":{"start_event":{"runenv":{"plan":"dht","case":"find-providers","run":"cfemd7vrirfshqqrkuag","params":{"alpha":"10","auto_refresh":"true","beta":"3","bootstrapper":"true","bs_strategy":"3","bucket_size":"20","client_mode":"false","datastore":"0","expect_dht":"true","group_order":"1","latency":"1000","peer_id_seed":"0","random_walk":"false","record_count":"20","record_seed":"0","search_records":"true","timeout_secs":"2000","undialable":"false"},"instances":40,"outputs_path":"/outputs","temp_path":"/temp","network":"16.116.0.0/16","group":"cypress-provider","group_instances":40}}}}
{"ts":1675454244833619675,"msg":"","group_id":"cypress-provider","run_id":"cfemd7vrirfshqqrkuag","event":{"message_event":{"message":"waiting for network to initialize"}}}
{"ts":1675454260773585377,"msg":"","group_id":"cypress-provider","run_id":"cfemd7vrirfshqqrkuag","event":{"message_event":{"message":"network initialisation successful"}}}
{"ts":1675454260809413418,"msg":"","group_id":"cypress-provider","run_id":"cfemd7vrirfshqqrkuag","event":{"message_event":{"message":"network initialization complete"}}}
{"ts":1675454261041510044,"msg":"","group_id":"cypress-provider","run_id":"cfemd7vrirfshqqrkuag","event":{"message_event":{"message":"claimed sequence numbers; global=24, group(cypress-provider)=30"}}}
{"ts":1675454261143809919,"msg":"","group_id":"cypress-provider","run_id":"cfemd7vrirfshqqrkuag","event":{"message_event":{"message":"Finding providers"}}}
{"ts":1675454261790220627,"msg":"","group_id":"cypress-provider","run_id":"cfemd7vrirfshqqrkuag","event":{"message_event":{"message":"network initialisation successful"}}}
{"ts":1675454261954635711,"msg":"","group_id":"cypress-provider","run_id":"cfemd7vrirfshqqrkuag","event":{"message_event":{"message":"SetupNetwork, network setup completed"}}}
{"ts":1675454263326089420,"msg":"","group_id":"cypress-provider","run_id":"cfemd7vrirfshqqrkuag","event":{"message_event":{"message":"there are 1 groups map[cypress-provider:0x4002079cb0]"}}}
{"ts":1675454263363121503,"msg":"","group_id":"cypress-provider","run_id":"cfemd7vrirfshqqrkuag","event":{"message_event":{"message":"setGroupInfo, sortedGroup:%!(EXTRA []string=[cypress-provider])"}}}
{"ts":1675454263368379795,"msg":"","group_id":"cypress-provider","run_id":"cfemd7vrirfshqqrkuag","event":{"message_event":{"message":"past group info"}}}
{"ts":1675454263379492253,"msg":"","group_id":"cypress-provider","run_id":"cfemd7vrirfshqqrkuag","event":{"message_event":{"message":"connmgr parameters: hi=12, lo=6"}}}
{"ts":1675454263420142711,"msg":"","group_id":"cypress-provider","run_id":"cfemd7vrirfshqqrkuag","event":{"message_event":{"message":"creating DHT"}}}
{"ts":1675454263452394211,"msg":"","group_id":"cypress-provider","run_id":"cfemd7vrirfshqqrkuag","event":{"message_event":{"message":"creating DHT successful"}}}
{"ts":1675454263468025961,"msg":"","group_id":"cypress-provider","run_id":"cfemd7vrirfshqqrkuag","event":{"message_event":{"message":"supporting protocol:%!(EXTRA string=/p2p/id/delta/1.0.0)"}}}
{"ts":1675454263484215503,"msg":"","group_id":"cypress-provider","run_id":"cfemd7vrirfshqqrkuag","event":{"message_event":{"message":"supporting protocol:%!(EXTRA string=/ipfs/id/1.0.0)"}}}
{"ts":1675454263493382336,"msg":"","group_id":"cypress-provider","run_id":"cfemd7vrirfshqqrkuag","event":{"message_event":{"message":"supporting protocol:%!(EXTRA string=/ipfs/id/push/1.0.0)"}}}
{"ts":1675454263526673795,"msg":"","group_id":"cypress-provider","run_id":"cfemd7vrirfshqqrkuag","event":{"message_event":{"message":"supporting protocol:%!(EXTRA string=/ipfs/ping/1.0.0)"}}}
{"ts":1675454263536680336,"msg":"","group_id":"cypress-provider","run_id":"cfemd7vrirfshqqrkuag","event":{"message_event":{"message":"supporting protocol:%!(EXTRA string=/libp2p/circuit/relay/0.1.0)"}}}
{"ts":1675454263563378878,"msg":"","group_id":"cypress-provider","run_id":"cfemd7vrirfshqqrkuag","event":{"message_event":{"message":"supporting protocol:%!(EXTRA string=/libp2p/circuit/relay/0.2.0/stop)"}}}
{"ts":1675454263593303170,"msg":"","group_id":"cypress-provider","run_id":"cfemd7vrirfshqqrkuag","event":{"message_event":{"message":"supporting protocol:%!(EXTRA string=/libp2p/autonat/1.0.0)"}}}
{"ts":1675454263607166670,"msg":"","group_id":"cypress-provider","run_id":"cfemd7vrirfshqqrkuag","event":{"message_event":{"message":"supporting protocol:%!(EXTRA string=/testground/kad/1.0.0)"}}}
{"ts":1675454263920599503,"msg":"","group_id":"cypress-provider","run_id":"cfemd7vrirfshqqrkuag","event":{"message_event":{"message":"8 is waiting on 0 from state 0"}}}
{"ts":1675454263949165462,"msg":"requested a barrier with target zero; satisfying immediately","group_id":"cypress-provider","run_id":"cfemd7vrirfshqqrkuag","state":"boostrap-gradual1-0"}
{"ts":1675454263968064462,"msg":"","group_id":"cypress-provider","run_id":"cfemd7vrirfshqqrkuag","event":{"message_event":{"message":"8 is running"}}}
{"ts":1675454264006079837,"msg":"","group_id":"cypress-provider","run_id":"cfemd7vrirfshqqrkuag","event":{"message_event":{"message":"Dial to all other peers"}}}
{"ts":1675454264067431795,"msg":"","group_id":"cypress-provider","run_id":"cfemd7vrirfshqqrkuag","event":{"message_event":{"message":"dialling peer 12D3KooWB224kvi7vN34xJfsfW7bnv6eodxTkgo9VFA6UiaGMgRD (attempt 1)"}}}
{"ts":1675454264310226170,"msg":"","group_id":"cypress-provider","run_id":"cfemd7vrirfshqqrkuag","event":{"message_event":{"message":"Connect, successfully dialed peer: %!(EXTRA peer.AddrInfo={12D3KooWB224kvi7vN34xJfsfW7bnv6eodxTkgo9VFA6UiaGMgRD: [/ip4/16.116.0.9/tcp/35173]})"}}}
{"ts":1675454264313094670,"msg":"","group_id":"cypress-provider","run_id":"cfemd7vrirfshqqrkuag","event":{"message_event":{"message":"dialling peer 12D3KooWGVijKpKXAveYbcCXhe8DhrykfXaehwPM6mcSgagqXkEg (attempt 1)"}}}
{"ts":1675454264424411587,"msg":"","group_id":"cypress-provider","run_id":"cfemd7vrirfshqqrkuag","event":{"message_event":{"message":"Connect, successfully dialed peer: %!(EXTRA peer.AddrInfo={12D3KooWGVijKpKXAveYbcCXhe8DhrykfXaehwPM6mcSgagqXkEg: [/ip4/16.116.0.41/tcp/34927]})"}}}
{"ts":1675454264447555587,"msg":"","group_id":"cypress-provider","run_id":"cfemd7vrirfshqqrkuag","event":{"message_event":{"message":"dialling peer 12D3KooWCUD1fJhtHsV93H6zZCwPZq5WBLsNTSWUW86EDykHrUgd (attempt 1)"}}}
{"ts":1675454265109154462,"msg":"","group_id":"cypress-provider","run_id":"cfemd7vrirfshqqrkuag","event":{"message_event":{"message":"Connect, successfully dialed peer: %!(EXTRA peer.AddrInfo={12D3KooWCUD1fJhtHsV93H6zZCwPZq5WBLsNTSWUW86EDykHrUgd: [/ip4/16.116.0.22/tcp/43049]})"}}}
{"ts":1675454297651879963,"msg":"","group_id":"cypress-provider","run_id":"cfemd7vrirfshqqrkuag","event":{"message_event":{"message":"bootstrap: everyone table ready"}}}
{"ts":1675454298262423714,"msg":"","group_id":"cypress-provider","run_id":"cfemd7vrirfshqqrkuag","event":{"message_event":{"message":"8 is done - waiting for 39"}}}
{"ts":1675454298309054172,"msg":"","group_id":"cypress-provider","run_id":"cfemd7vrirfshqqrkuag","event":{"message_event":{"message":"8 passed the barrier"}}}
{"ts":1675454300327990548,"msg":"","group_id":"cypress-provider","run_id":"cfemd7vrirfshqqrkuag","event":{"message_event":{"message":"bootstrap: begin trim"}}}
{"ts":1675454301202497007,"msg":"","group_id":"cypress-provider","run_id":"cfemd7vrirfshqqrkuag","event":{"message_event":{"message":"name: signal bootstrapping0; uint: ns; time: %!d(float64=1.708125e+06)"}}}
{"ts":1675454301213697632,"msg":"","group_id":"cypress-provider","run_id":"cfemd7vrirfshqqrkuag","event":{"message_event":{"message":"signal bootstrapping0%!(EXTRA float64=1.2898042e+07)"}}}
{"ts":1675454301238527215,"msg":"","group_id":"cypress-provider","run_id":"cfemd7vrirfshqqrkuag","event":{"message_event":{"message":"name: barrier bootstrapping0; uint: ns; time: %!d(float64=542)"}}}
{"ts":1675454301299568465,"msg":"","group_id":"cypress-provider","run_id":"cfemd7vrirfshqqrkuag","event":{"message_event":{"message":"barrierbootstrapping0%!(EXTRA float64=6.1040042e+07)"}}}
{"ts":1675454301342392673,"msg":"","group_id":"cypress-provider","run_id":"cfemd7vrirfshqqrkuag","event":{"message_event":{"message":"name: full bootstrapping0; uint: ns; time: %!d(float64=1.03863959e+08)"}}}
{"ts":1675454301370079798,"msg":"","group_id":"cypress-provider","run_id":"cfemd7vrirfshqqrkuag","event":{"message_event":{"message":"full bootstrapping0%!(EXTRA float64=3.7449030101e+10)"}}}
{"ts":1675454302368068924,"msg":"","group_id":"cypress-provider","run_id":"cfemd7vrirfshqqrkuag","event":{"message_event":{"message":"bootstrap: finished with 32 connections, 35 in the routing table"}}}
{"ts":1675454302395492132,"msg":"","group_id":"cypress-provider","run_id":"cfemd7vrirfshqqrkuag","event":{"message_event":{"message":"table health: {\"IdealDepth\":4,\"ActualDepth\":5,\"Bucket\":[{\"Depth\":1,\"MaxKnownContacts\":24,\"ActualKnownContacts\":20,\"ActualUnknownContacts\":0},{\"Depth\":2,\"MaxKnownContacts\":8,\"ActualKnownContacts\":8,\"ActualUnknownContacts\":0},{\"Depth\":3,\"MaxKnownContacts\":4,\"ActualKnownContacts\":4,\"ActualUnknownContacts\":0},{\"Depth\":4,\"MaxKnownContacts\":2,\"ActualKnownContacts\":2,\"ActualUnknownContacts\":0},{\"Depth\":5,\"MaxKnownContacts\":1,\"ActualKnownContacts\":1,\"ActualUnknownContacts\":0}]}"}}}
{"ts":1675454302438803924,"msg":"","group_id":"cypress-provider","run_id":"cfemd7vrirfshqqrkuag","event":{"message_event":{"message":"bootstrap: done"}}}
{"ts":1675454302450838591,"msg":"","group_id":"cypress-provider","run_id":"cfemd7vrirfshqqrkuag","event":{"message_event":{"message":"Bootstrap phase ended"}}}
{"ts":1675454302645901966,"msg":"","group_id":"cypress-provider","run_id":"cfemd7vrirfshqqrkuag","event":{"message_event":{"message":"SetupNetwork, network setup completed"}}}
{"ts":1675454302666661466,"msg":"","group_id":"cypress-provider","run_id":"cfemd7vrirfshqqrkuag","event":{"message_event":{"message":"getRecords, record count > 0"}}}
{"ts":1675454302793968716,"msg":"","group_id":"cypress-provider","run_id":"cfemd7vrirfshqqrkuag","event":{"message_event":{"message":"getRecords, searchRecords: %!(EXTRA []*test.ProviderRecordSubmission=[0x4000668120])"}}}
{"ts":1675454302846965466,"msg":"","group_id":"cypress-provider","run_id":"cfemd7vrirfshqqrkuag","event":{"message_event":{"message":"start provide loop"}}}
{"ts":1675454346905067333,"msg":"","group_id":"cypress-provider","run_id":"cfemd7vrirfshqqrkuag","event":{"message_event":{"message":"Provided CID: QmeSZuScRfVhZy4U2CzqmAd5P8uxzgeW2nfbk2k4UyutkT"}}}
{"ts":1675454350529087168,"msg":"","group_id":"cypress-provider","run_id":"cfemd7vrirfshqqrkuag","event":{"message_event":{"message":"Provided CID: Qmbwx2wndEZeCm1257gtYyAeXrGNDStgm7YsufAHbyUkDc"}}}
{"ts":1675454351717005794,"msg":"","group_id":"cypress-provider","run_id":"cfemd7vrirfshqqrkuag","event":{"message_event":{"message":"Provided CID: QmQHFH1e6p6NGjLiA3rVJHRYzS7qBhfbKGGajQZ26u1PuE"}}}
{"ts":1675454352332330127,"msg":"","group_id":"cypress-provider","run_id":"cfemd7vrirfshqqrkuag","event":{"message_event":{"message":"Provided CID: QmdKMXX7ZqzwxriTXcLtqQJQXThZrgCaiSUERdDZ9Ne95f"}}}
{"ts":1675454353394673336,"msg":"","group_id":"cypress-provider","run_id":"cfemd7vrirfshqqrkuag","event":{"message_event":{"message":"Provided CID: QmNnfyApQUXaqj2dsRTthNUBBktYf6seo7BJk7W9Ym56ZH"}}}
{"ts":1675454354598931087,"msg":"","group_id":"cypress-provider","run_id":"cfemd7vrirfshqqrkuag","event":{"message_event":{"message":"Provided CID: QmeT46kQsiffrH7MdGfNpkgaKGfKUnZw6bEw5APTU27WPz"}}}
{"ts":1675454354602085754,"msg":"","group_id":"cypress-provider","run_id":"cfemd7vrirfshqqrkuag","event":{"message_event":{"message":"Provided CID: QmQNSGk6KsGpAPPAL4PweycsHN5Te4YBvwQY8G9bYWRKpe"}}}
{"ts":1675454354602685545,"msg":"","group_id":"cypress-provider","run_id":"cfemd7vrirfshqqrkuag","event":{"message_event":{"message":"Provided CID: QmTeC6qvToLwytK5uruQq4npHWezRWnRXjHm6Gn9h2tsFr"}}}
{"ts":1675454354602784504,"msg":"","group_id":"cypress-provider","run_id":"cfemd7vrirfshqqrkuag","event":{"message_event":{"message":"Provided CID: QmY1eF8EB1WVFdF6xzh1C1YkadMojpT4FoEZkqzyprqDoV"}}}
{"ts":1675454354714146712,"msg":"","group_id":"cypress-provider","run_id":"cfemd7vrirfshqqrkuag","event":{"message_event":{"message":"Provided CID: QmQZkMNdV3rH6umvxCwWEdoj4TjWyAxNuLxbXEigd8iKqU"}}}
{"ts":1675454354898526170,"msg":"","group_id":"cypress-provider","run_id":"cfemd7vrirfshqqrkuag","event":{"message_event":{"message":"Provided CID: QmNj8PTJnf4fUCBd6EEAXcvMgfVMnt4CXFkPu968Fwg6YT"}}}
{"ts":1675454355259559837,"msg":"","group_id":"cypress-provider","run_id":"cfemd7vrirfshqqrkuag","event":{"message_event":{"message":"Provided CID: QmTzXCJwzJbtQxtpimCKwbyty4yPphQgGZQM2YRN45kMv2"}}}
{"ts":1675454355266018045,"msg":"","group_id":"cypress-provider","run_id":"cfemd7vrirfshqqrkuag","event":{"message_event":{"message":"Provided CID: QmYFqavMPJvzLNnh6wYdHLAR7iiix7mPrpbJaXRGMVBxzb"}}}
{"ts":1675454355274968087,"msg":"","group_id":"cypress-provider","run_id":"cfemd7vrirfshqqrkuag","event":{"message_event":{"message":"Provided CID: QmS1rxhfhq3FsUuG2TLNSYW6gxrtR4hmfoiajCdWCo7hq5"}}}
{"ts":1675454355585690129,"msg":"","group_id":"cypress-provider","run_id":"cfemd7vrirfshqqrkuag","event":{"message_event":{"message":"Provided CID: QmXyoMntxMK4Z9uuruxACuyTV7kwdSEyjtxNhWbznehRUr"}}}
{"ts":1675454355761164879,"msg":"","group_id":"cypress-provider","run_id":"cfemd7vrirfshqqrkuag","event":{"message_event":{"message":"Provided CID: Qmbtbn2iDC1YBbrN2WYgyscVXM5vws3ZoA4gT8YKzKMXgX"}}}
{"ts":1675454355937528712,"msg":"","group_id":"cypress-provider","run_id":"cfemd7vrirfshqqrkuag","event":{"message_event":{"message":"Provided CID: QmSpZzCdhhyWM7eTNe29nDrPR9xdZR8R4VpGSoTdFq5usz"}}}
{"ts":1675454356020952838,"msg":"","group_id":"cypress-provider","run_id":"cfemd7vrirfshqqrkuag","event":{"message_event":{"message":"Provided CID: QmYigrr9erPWMnVKfw74wV1KvjZ18mtzEzv7iFbWDh5VdP"}}}
{"ts":1675454356775906755,"msg":"","group_id":"cypress-provider","run_id":"cfemd7vrirfshqqrkuag","event":{"message_event":{"message":"Provided CID: QmSSrDtDK5LvFTnBAgNmjb5tRWcYuExu1qYLrXNv2UdzXE"}}}
{"ts":1675454356777059046,"msg":"","group_id":"cypress-provider","run_id":"cfemd7vrirfshqqrkuag","event":{"message_event":{"message":"Provided CID: QmQw6U12opixMzbVDc384vgh7sia5gUKajDD24oRLaLEqQ"}}}
{"ts":1675454357417988297,"msg":"","group_id":"cypress-provider","run_id":"cfemd7vrirfshqqrkuag","event":{"message_event":{"message":"name: signal provider-records1; uint: ns; time: %!d(float64=2.81291792e+08)"}}}
{"ts":1675454357447036338,"msg":"","group_id":"cypress-provider","run_id":"cfemd7vrirfshqqrkuag","event":{"message_event":{"message":"signal provider-records1%!(EXTRA float64=3.03769001e+08)"}}}
{"ts":1675454357525674088,"msg":"","group_id":"cypress-provider","run_id":"cfemd7vrirfshqqrkuag","event":{"message_event":{"message":"name: barrier provider-records1; uint: ns; time: %!d(float64=458)"}}}
{"ts":1675454361445891340,"msg":"","group_id":"cypress-provider","run_id":"cfemd7vrirfshqqrkuag","event":{"message_event":{"message":"barrierprovider-records1%!(EXTRA float64=3.920225085e+09)"}}}
{"ts":1675454361560883798,"msg":"","group_id":"cypress-provider","run_id":"cfemd7vrirfshqqrkuag","event":{"message_event":{"message":"name: full provider-records1; uint: ns; time: %!d(float64=4.035216626e+09)"}}}
{"ts":1675454361590673507,"msg":"","group_id":"cypress-provider","run_id":"cfemd7vrirfshqqrkuag","event":{"message_event":{"message":"full provider-records1%!(EXTRA float64=5.8736683236e+10)"}}}
{"ts":1675454379089939459,"msg":"","group_id":"cypress-provider","run_id":"cfemd7vrirfshqqrkuag","event":{"message_event":{"message":"failed to send batch to InfluxDB; attempt 0; err: Post \"http://testground-influxdb:8086/write?consistency=&db=testground&precision=ns&rp=\": context deadline exceeded (Client.Timeout exceeded while awaiting headers)"}}}
{"ts":1675454387062800713,"msg":"","group_id":"cypress-provider","run_id":"cfemd7vrirfshqqrkuag","event":{"message_event":{"message":"failed to send batch to InfluxDB; attempt 1; err: Post \"http://testground-influxdb:8086/write?consistency=&db=testground&precision=ns&rp=\": context deadline exceeded (Client.Timeout exceeded while awaiting headers)"}}}
{"ts":1675454394052058716,"msg":"","group_id":"cypress-provider","run_id":"cfemd7vrirfshqqrkuag","event":{"message_event":{"message":"failed to send batch to InfluxDB; attempt 2; err: Post \"http://testground-influxdb:8086/write?consistency=&db=testground&precision=ns&rp=\": context deadline exceeded (Client.Timeout exceeded while awaiting headers)"}}}
{"ts":1675454403504133846,"msg":"","group_id":"cypress-provider","run_id":"cfemd7vrirfshqqrkuag","event":{"message_event":{"message":"failed to send batch to InfluxDB; attempt 3; err: Post \"http://testground-influxdb:8086/write?consistency=&db=testground&precision=ns&rp=\": context deadline exceeded (Client.Timeout exceeded while awaiting headers)"}}}
{"ts":1675454420924285340,"msg":"","group_id":"cypress-provider","run_id":"cfemd7vrirfshqqrkuag","event":{"message_event":{"message":"failed to send batch to InfluxDB; attempt 4; err: Post \"http://testground-influxdb:8086/write?consistency=&db=testground&precision=ns&rp=\": context deadline exceeded (Client.Timeout exceeded while awaiting headers)"}}}
{"ts":1675454422389319674,"msg":"","group_id":"cypress-provider","run_id":"cfemd7vrirfshqqrkuag","event":{"message_event":{"message":"influxdb: failed to upload 57 points; err: All attempts fail:\n#1: Post \"http://testground-influxdb:8086/write?consistency=&db=testground&precision=ns&rp=\": context deadline exceeded (Client.Timeout exceeded while awaiting headers)\n#2: Post \"http://testground-influxdb:8086/write?consistency=&db=testground&precision=ns&rp=\": context deadline exceeded (Client.Timeout exceeded while awaiting headers)\n#3: Post \"http://testground-influxdb:8086/write?consistency=&db=testground&precision=ns&rp=\": context deadline exceeded (Client.Timeout exceeded while awaiting headers)\n#4: Post \"http://testground-influxdb:8086/write?consistency=&db=testground&precision=ns&rp=\": context deadline exceeded (Client.Timeout exceeded while awaiting headers)\n#5: Post \"http://testground-influxdb:8086/write?consistency=&db=testground&precision=ns&rp=\": context deadline exceeded (Client.Timeout exceeded while awaiting headers)"}}}
{"ts":1675454429084691719,"msg":"","group_id":"cypress-provider","run_id":"cfemd7vrirfshqqrkuag","event":{"message_event":{"message":"failed to send batch to InfluxDB; attempt 0; err: Post \"http://testground-influxdb:8086/write?consistency=&db=testground&precision=ns&rp=\": context deadline exceeded (Client.Timeout exceeded while awaiting headers)"}}}
{"ts":1675454435068758263,"msg":"","group_id":"cypress-provider","run_id":"cfemd7vrirfshqqrkuag","event":{"message_event":{"message":"failed to send batch to InfluxDB; attempt 1; err: Post \"http://testground-influxdb:8086/write?consistency=&db=testground&precision=ns&rp=\": context deadline exceeded (Client.Timeout exceeded while awaiting headers)"}}}
{"ts":1675454442346426127,"msg":"","group_id":"cypress-provider","run_id":"cfemd7vrirfshqqrkuag","event":{"message_event":{"message":"failed to send batch to InfluxDB; attempt 2; err: Post \"http://testground-influxdb:8086/write?consistency=&db=testground&precision=ns&rp=\": context deadline exceeded (Client.Timeout exceeded while awaiting headers)"}}}
{"ts":1675454451144076423,"msg":"","group_id":"cypress-provider","run_id":"cfemd7vrirfshqqrkuag","event":{"message_event":{"message":"failed to send batch to InfluxDB; attempt 3; err: Post \"http://testground-influxdb:8086/write?consistency=&db=testground&precision=ns&rp=\": context deadline exceeded (Client.Timeout exceeded while awaiting headers)"}}}
{"ts":1675454461409990678,"msg":"","group_id":"cypress-provider","run_id":"cfemd7vrirfshqqrkuag","event":{"message_event":{"message":"failed to send batch to InfluxDB; attempt 4; err: Post \"http://testground-influxdb:8086/write?consistency=&db=testground&precision=ns&rp=\": context deadline exceeded (Client.Timeout exceeded while awaiting headers)"}}}
{"ts":1675454461553695387,"msg":"","group_id":"cypress-provider","run_id":"cfemd7vrirfshqqrkuag","event":{"message_event":{"message":"influxdb: failed to upload 128 points; err: All attempts fail:\n#1: Post \"http://testground-influxdb:8086/write?consistency=&db=testground&precision=ns&rp=\": context deadline exceeded (Client.Timeout exceeded while awaiting headers)\n#2: Post \"http://testground-influxdb:8086/write?consistency=&db=testground&precision=ns&rp=\": context deadline exceeded (Client.Timeout exceeded while awaiting headers)\n#3: Post \"http://testground-influxdb:8086/write?consistency=&db=testground&precision=ns&rp=\": context deadline exceeded (Client.Timeout exceeded while awaiting headers)\n#4: Post \"http://testground-influxdb:8086/write?consistency=&db=testground&precision=ns&rp=\": context deadline exceeded (Client.Timeout exceeded while awaiting headers)\n#5: Post \"http://testground-influxdb:8086/write?consistency=&db=testground&precision=ns&rp=\": context deadline exceeded (Client.Timeout exceeded while awaiting headers)"}}}
{"ts":1675454468914809417,"msg":"","group_id":"cypress-provider","run_id":"cfemd7vrirfshqqrkuag","event":{"message_event":{"message":"failed to send batch to InfluxDB; attempt 0; err: Post \"http://testground-influxdb:8086/write?consistency=&db=testground&precision=ns&rp=\": context deadline exceeded (Client.Timeout exceeded while awaiting headers)"}}}
{"ts":1675454475705162546,"msg":"","group_id":"cypress-provider","run_id":"cfemd7vrirfshqqrkuag","event":{"message_event":{"message":"failed to send batch to InfluxDB; attempt 1; err: Post \"http://testground-influxdb:8086/write?consistency=&db=testground&precision=ns&rp=\": context deadline exceeded (Client.Timeout exceeded while awaiting headers)"}}}
{"ts":1675454481197827965,"msg":"","group_id":"cypress-provider","run_id":"cfemd7vrirfshqqrkuag","event":{"message_event":{"message":"name: signal provider-records2; uint: ns; time: %!d(float64=8.4275208e+07)"}}}
{"ts":1675454481281883132,"msg":"","group_id":"cypress-provider","run_id":"cfemd7vrirfshqqrkuag","event":{"message_event":{"message":"signal provider-records2%!(EXTRA float64=1.68171875e+08)"}}}
{"ts":1675454481364610298,"msg":"","group_id":"cypress-provider","run_id":"cfemd7vrirfshqqrkuag","event":{"message_event":{"message":"name: barrier provider-records2; uint: ns; time: %!d(float64=458)"}}}
{"ts":1675454482692454049,"msg":"","group_id":"cypress-provider","run_id":"cfemd7vrirfshqqrkuag","event":{"message_event":{"message":"failed to send batch to InfluxDB; attempt 2; err: Post \"http://testground-influxdb:8086/write?consistency=&db=testground&precision=ns&rp=\": context deadline exceeded (Client.Timeout exceeded while awaiting headers)"}}}
{"ts":1675454494207403346,"msg":"","group_id":"cypress-provider","run_id":"cfemd7vrirfshqqrkuag","event":{"message_event":{"message":"failed to send batch to InfluxDB; attempt 0; err: Post \"http://testground-influxdb:8086/write?consistency=&db=testground&precision=ns&rp=\": context deadline exceeded (Client.Timeout exceeded while awaiting headers)"}}}
{"ts":1675454514634486050,"msg":"","group_id":"cypress-provider","run_id":"cfemd7vrirfshqqrkuag","event":{"message_event":{"message":"barrierprovider-records2%!(EXTRA float64=3.2968878265e+10)"}}}
{"ts":1675454516240901842,"msg":"","group_id":"cypress-provider","run_id":"cfemd7vrirfshqqrkuag","event":{"message_event":{"message":"name: full provider-records2; uint: ns; time: %!d(float64=3.4881433391e+10)"}}}
{"ts":1675454516424043592,"msg":"","group_id":"cypress-provider","run_id":"cfemd7vrirfshqqrkuag","event":{"message_event":{"message":"full provider-records2%!(EXTRA float64=1.51898807987e+11)"}}}
{"ts":1675454517558190093,"msg":"","group_id":"cypress-provider","run_id":"cfemd7vrirfshqqrkuag","event":{"success_event":{"group":"cypress-provider"}}}
{"ts":1675454522301144887,"msg":"","group_id":"cypress-provider","run_id":"cfemd7vrirfshqqrkuag","event":{"message_event":{"message":"failed to send batch to InfluxDB; attempt 0; err: Post \"http://testground-influxdb:8086/write?consistency=&db=testground&precision=ns&rp=\": context deadline exceeded (Client.Timeout exceeded while awaiting headers)"}}}
{"ts":1675454528155705334,"msg":"","group_id":"cypress-provider","run_id":"cfemd7vrirfshqqrkuag","event":{"message_event":{"message":"failed to send batch to InfluxDB; attempt 1; err: Post \"http://testground-influxdb:8086/write?consistency=&db=testground&precision=ns&rp=\": context deadline exceeded (Client.Timeout exceeded while awaiting headers)"}}}
{"ts":1675454534399499462,"msg":"","group_id":"cypress-provider","run_id":"cfemd7vrirfshqqrkuag","event":{"message_event":{"message":"failed to send batch to InfluxDB; attempt 2; err: Post \"http://testground-influxdb:8086/write?consistency=&db=testground&precision=ns&rp=\": context deadline exceeded (Client.Timeout exceeded while awaiting headers)"}}}
{"ts":1675454541579475048,"msg":"","group_id":"cypress-provider","run_id":"cfemd7vrirfshqqrkuag","event":{"message_event":{"message":"failed to send batch to InfluxDB; attempt 3; err: Post \"http://testground-influxdb:8086/write?consistency=&db=testground&precision=ns&rp=\": context deadline exceeded (Client.Timeout exceeded while awaiting headers)"}}}
{"ts":1675454550841726594,"msg":"","group_id":"cypress-provider","run_id":"cfemd7vrirfshqqrkuag","event":{"message_event":{"message":"failed to send batch to InfluxDB; attempt 4; err: Post \"http://testground-influxdb:8086/write?consistency=&db=testground&precision=ns&rp=\": context deadline exceeded (Client.Timeout exceeded while awaiting headers)"}}}
{"ts":1675454550866339136,"msg":"","group_id":"cypress-provider","run_id":"cfemd7vrirfshqqrkuag","event":{"message_event":{"message":"influxdb: failed to upload 128 points; err: All attempts fail:\n#1: Post \"http://testground-influxdb:8086/write?consistency=&db=testground&precision=ns&rp=\": context deadline exceeded (Client.Timeout exceeded while awaiting headers)\n#2: Post \"http://testground-influxdb:8086/write?consistency=&db=testground&precision=ns&rp=\": context deadline exceeded (Client.Timeout exceeded while awaiting headers)\n#3: Post \"http://testground-influxdb:8086/write?consistency=&db=testground&precision=ns&rp=\": context deadline exceeded (Client.Timeout exceeded while awaiting headers)\n#4: Post \"http://testground-influxdb:8086/write?consistency=&db=testground&precision=ns&rp=\": context deadline exceeded (Client.Timeout exceeded while awaiting headers)\n#5: Post \"http://testground-influxdb:8086/write?consistency=&db=testground&precision=ns&rp=\": context deadline exceeded (Client.Timeout exceeded while awaiting headers)"}}}
{"ts":1675454556686427333,"msg":"","group_id":"cypress-provider","run_id":"cfemd7vrirfshqqrkuag","event":{"message_event":{"message":"failed to send batch to InfluxDB; attempt 0; err: Post \"http://testground-influxdb:8086/write?consistency=&db=testground&precision=ns&rp=\": context deadline exceeded (Client.Timeout exceeded while awaiting headers)"}}}
{"ts":1675454562537625252,"msg":"","group_id":"cypress-provider","run_id":"cfemd7vrirfshqqrkuag","event":{"message_event":{"message":"failed to send batch to InfluxDB; attempt 1; err: Post \"http://testground-influxdb:8086/write?consistency=&db=testground&precision=ns&rp=\": context deadline exceeded (Client.Timeout exceeded while awaiting headers)"}}}
{"ts":1675454569411678256,"msg":"","group_id":"cypress-provider","run_id":"cfemd7vrirfshqqrkuag","event":{"message_event":{"message":"failed to send batch to InfluxDB; attempt 2; err: Post \"http://testground-influxdb:8086/write?consistency=&db=testground&precision=ns&rp=\": context deadline exceeded (Client.Timeout exceeded while awaiting headers)"}}}
{"ts":1675454576586934342,"msg":"","group_id":"cypress-provider","run_id":"cfemd7vrirfshqqrkuag","event":{"message_event":{"message":"failed to send batch to InfluxDB; attempt 3; err: Post \"http://testground-influxdb:8086/write?consistency=&db=testground&precision=ns&rp=\": context deadline exceeded (Client.Timeout exceeded while awaiting headers)"}}}
{"ts":1675454585846146888,"msg":"","group_id":"cypress-provider","run_id":"cfemd7vrirfshqqrkuag","event":{"message_event":{"message":"failed to send batch to InfluxDB; attempt 4; err: Post \"http://testground-influxdb:8086/write?consistency=&db=testground&precision=ns&rp=\": context deadline exceeded (Client.Timeout exceeded while awaiting headers)"}}}
{"ts":1675454585970665514,"msg":"","group_id":"cypress-provider","run_id":"cfemd7vrirfshqqrkuag","event":{"message_event":{"message":"influxdb: failed to upload 585 points; err: All attempts fail:\n#1: Post \"http://testground-influxdb:8086/write?consistency=&db=testground&precision=ns&rp=\": context deadline exceeded (Client.Timeout exceeded while awaiting headers)\n#2: Post \"http://testground-influxdb:8086/write?consistency=&db=testground&precision=ns&rp=\": context deadline exceeded (Client.Timeout exceeded while awaiting headers)\n#3: Post \"http://testground-influxdb:8086/write?consistency=&db=testground&precision=ns&rp=\": context deadline exceeded (Client.Timeout exceeded while awaiting headers)\n#4: Post \"http://testground-influxdb:8086/write?consistency=&db=testground&precision=ns&rp=\": context deadline exceeded (Client.Timeout exceeded while awaiting headers)\n#5: Post \"http://testground-influxdb:8086/write?consistency=&db=testground&precision=ns&rp=\": context deadline exceeded (Client.Timeout exceeded while awaiting headers)"}}}
