{"ts":1674074074085125178,"msg":"","group_id":"cypress-provider","run_id":"cf45etvrirfg9183js80","event":{"message_event":{"message":"registering default http handler at: http://[::]:6060/ (pprof: http://[::]:6060/debug/pprof/)"}}}
{"ts":1674074074096294970,"msg":"","group_id":"cypress-provider","run_id":"cf45etvrirfg9183js80","event":{"start_event":{"runenv":{"plan":"dht","case":"find-providers","run":"cf45etvrirfg9183js80","params":{"alpha":"6","auto_refresh":"true","beta":"3","bootstrapper":"true","bs_strategy":"3","bucket_size":"10","client_mode":"false","datastore":"0","expect_dht":"true","group_order":"1","latency":"100","peer_id_seed":"0","random_walk":"false","record_count":"20","record_seed":"0","search_records":"true","timeout_secs":"2000","undialable":"false"},"instances":50,"outputs_path":"/outputs","temp_path":"/temp","network":"16.59.0.0/16","group":"cypress-provider","group_instances":50}}}}
{"ts":1674074074176854970,"msg":"","group_id":"cypress-provider","run_id":"cf45etvrirfg9183js80","event":{"message_event":{"message":"waiting for network to initialize"}}}
{"ts":1674074091986681381,"msg":"","group_id":"cypress-provider","run_id":"cf45etvrirfg9183js80","event":{"message_event":{"message":"network initialisation successful"}}}
{"ts":1674074092242534547,"msg":"","group_id":"cypress-provider","run_id":"cf45etvrirfg9183js80","event":{"message_event":{"message":"network initialization complete"}}}
{"ts":1674074092290234672,"msg":"","group_id":"cypress-provider","run_id":"cf45etvrirfg9183js80","event":{"message_event":{"message":"claimed sequence numbers; global=23, group(cypress-provider)=21"}}}
{"ts":1674074092300172839,"msg":"","group_id":"cypress-provider","run_id":"cf45etvrirfg9183js80","event":{"message_event":{"message":"Finding providers"}}}
{"ts":1674074092574004714,"msg":"","group_id":"cypress-provider","run_id":"cf45etvrirfg9183js80","event":{"message_event":{"message":"network initialisation successful"}}}
{"ts":1674074093367074673,"msg":"","group_id":"cypress-provider","run_id":"cf45etvrirfg9183js80","event":{"message_event":{"message":"SetupNetwork, network setup completed"}}}
{"ts":1674074094846797882,"msg":"","group_id":"cypress-provider","run_id":"cf45etvrirfg9183js80","event":{"message_event":{"message":"there are 1 groups map[cypress-provider:0x40019e0750]"}}}
{"ts":1674074094871227424,"msg":"","group_id":"cypress-provider","run_id":"cf45etvrirfg9183js80","event":{"message_event":{"message":"setGroupInfo, sortedGroup:%!(EXTRA []string=[cypress-provider])"}}}
{"ts":1674074094875324174,"msg":"","group_id":"cypress-provider","run_id":"cf45etvrirfg9183js80","event":{"message_event":{"message":"past group info"}}}
{"ts":1674074094887354382,"msg":"","group_id":"cypress-provider","run_id":"cf45etvrirfg9183js80","event":{"message_event":{"message":"connmgr parameters: hi=12, lo=6"}}}
{"ts":1674074094916261382,"msg":"","group_id":"cypress-provider","run_id":"cf45etvrirfg9183js80","event":{"message_event":{"message":"creating DHT"}}}
{"ts":1674074094924751257,"msg":"","group_id":"cypress-provider","run_id":"cf45etvrirfg9183js80","event":{"message_event":{"message":"creating DHT successful"}}}
{"ts":1674074094928191215,"msg":"","group_id":"cypress-provider","run_id":"cf45etvrirfg9183js80","event":{"message_event":{"message":"supporting protocol:%!(EXTRA string=/p2p/id/delta/1.0.0)"}}}
{"ts":1674074094933371799,"msg":"","group_id":"cypress-provider","run_id":"cf45etvrirfg9183js80","event":{"message_event":{"message":"supporting protocol:%!(EXTRA string=/ipfs/id/1.0.0)"}}}
{"ts":1674074094937153757,"msg":"","group_id":"cypress-provider","run_id":"cf45etvrirfg9183js80","event":{"message_event":{"message":"supporting protocol:%!(EXTRA string=/ipfs/id/push/1.0.0)"}}}
{"ts":1674074094941279132,"msg":"","group_id":"cypress-provider","run_id":"cf45etvrirfg9183js80","event":{"message_event":{"message":"supporting protocol:%!(EXTRA string=/ipfs/ping/1.0.0)"}}}
{"ts":1674074094948870799,"msg":"","group_id":"cypress-provider","run_id":"cf45etvrirfg9183js80","event":{"message_event":{"message":"supporting protocol:%!(EXTRA string=/libp2p/circuit/relay/0.1.0)"}}}
{"ts":1674074094958178715,"msg":"","group_id":"cypress-provider","run_id":"cf45etvrirfg9183js80","event":{"message_event":{"message":"supporting protocol:%!(EXTRA string=/libp2p/circuit/relay/0.2.0/stop)"}}}
{"ts":1674074094968519215,"msg":"","group_id":"cypress-provider","run_id":"cf45etvrirfg9183js80","event":{"message_event":{"message":"supporting protocol:%!(EXTRA string=/libp2p/autonat/1.0.0)"}}}
{"ts":1674074094974376507,"msg":"","group_id":"cypress-provider","run_id":"cf45etvrirfg9183js80","event":{"message_event":{"message":"supporting protocol:%!(EXTRA string=/testground/kad/1.0.0)"}}}
{"ts":1674074096513254299,"msg":"","group_id":"cypress-provider","run_id":"cf45etvrirfg9183js80","event":{"message_event":{"message":"6 is waiting on 0 from state 0"}}}
{"ts":1674074096560425049,"msg":"requested a barrier with target zero; satisfying immediately","group_id":"cypress-provider","run_id":"cf45etvrirfg9183js80","state":"boostrap-gradual1-0"}
{"ts":1674074096642510133,"msg":"","group_id":"cypress-provider","run_id":"cf45etvrirfg9183js80","event":{"message_event":{"message":"6 is running"}}}
{"ts":1674074096712216133,"msg":"","group_id":"cypress-provider","run_id":"cf45etvrirfg9183js80","event":{"message_event":{"message":"Dial to all other peers"}}}
{"ts":1674074096788847008,"msg":"","group_id":"cypress-provider","run_id":"cf45etvrirfg9183js80","event":{"message_event":{"message":"dialling peer 12D3KooWBHDsBRbrf52fh6czkYXYY3tTk4fSfen3ZWvYEzFeHM2g (attempt 1)"}}}
{"ts":1674074097671418883,"msg":"","group_id":"cypress-provider","run_id":"cf45etvrirfg9183js80","event":{"message_event":{"message":"Connect, successfully dialed peer: %!(EXTRA peer.AddrInfo={12D3KooWBHDsBRbrf52fh6czkYXYY3tTk4fSfen3ZWvYEzFeHM2g: [/ip4/16.59.0.47/tcp/39095]})"}}}
{"ts":1674074097694077300,"msg":"","group_id":"cypress-provider","run_id":"cf45etvrirfg9183js80","event":{"message_event":{"message":"dialling peer 12D3KooWSVahexScA4jt5HsavZut74osC2MWonEzXfNpPhhVj9eq (attempt 1)"}}}
{"ts":1674074098740856925,"msg":"","group_id":"cypress-provider","run_id":"cf45etvrirfg9183js80","event":{"message_event":{"message":"Connect, successfully dialed peer: %!(EXTRA peer.AddrInfo={12D3KooWSVahexScA4jt5HsavZut74osC2MWonEzXfNpPhhVj9eq: [/ip4/16.59.0.43/tcp/41009]})"}}}
{"ts":1674074098796572675,"msg":"","group_id":"cypress-provider","run_id":"cf45etvrirfg9183js80","event":{"message_event":{"message":"dialling peer 12D3KooWPZk9oAqaXNcWic2xpa2UKPwcuxt2hRk4sdrYL7YeapCL (attempt 1)"}}}
{"ts":1674074098890466884,"msg":"","group_id":"cypress-provider","run_id":"cf45etvrirfg9183js80","event":{"message_event":{"message":"Connect, successfully dialed peer: %!(EXTRA peer.AddrInfo={12D3KooWPZk9oAqaXNcWic2xpa2UKPwcuxt2hRk4sdrYL7YeapCL: [/ip4/16.59.0.16/tcp/35695]})"}}}
{"ts":1674074129899899718,"msg":"","group_id":"cypress-provider","run_id":"cf45etvrirfg9183js80","event":{"message_event":{"message":"bootstrap: everyone table ready"}}}
{"ts":1674074130540129801,"msg":"","group_id":"cypress-provider","run_id":"cf45etvrirfg9183js80","event":{"message_event":{"message":"6 is done - waiting for 49"}}}
{"ts":1674074132229120427,"msg":"","group_id":"cypress-provider","run_id":"cf45etvrirfg9183js80","event":{"message_event":{"message":"6 passed the barrier"}}}
{"ts":1674074134252674303,"msg":"","group_id":"cypress-provider","run_id":"cf45etvrirfg9183js80","event":{"message_event":{"message":"bootstrap: begin trim"}}}
{"ts":1674074134969946887,"msg":"","group_id":"cypress-provider","run_id":"cf45etvrirfg9183js80","event":{"message_event":{"message":"name: signal bootstrapping0; uint: ns; time: %!d(float64=1.7942e+07)"}}}
{"ts":1674074134983151428,"msg":"","group_id":"cypress-provider","run_id":"cf45etvrirfg9183js80","event":{"message_event":{"message":"signal bootstrapping0%!(EXTRA float64=3.1143e+07)"}}}
{"ts":1674074135020228262,"msg":"","group_id":"cypress-provider","run_id":"cf45etvrirfg9183js80","event":{"message_event":{"message":"name: barrier bootstrapping0; uint: ns; time: %!d(float64=541)"}}}
{"ts":1674074135077825345,"msg":"","group_id":"cypress-provider","run_id":"cf45etvrirfg9183js80","event":{"message_event":{"message":"barrierbootstrapping0%!(EXTRA float64=5.7595208e+07)"}}}
{"ts":1674074135137968928,"msg":"","group_id":"cypress-provider","run_id":"cf45etvrirfg9183js80","event":{"message_event":{"message":"name: full bootstrapping0; uint: ns; time: %!d(float64=1.17739125e+08)"}}}
{"ts":1674074135191695054,"msg":"","group_id":"cypress-provider","run_id":"cf45etvrirfg9183js80","event":{"message_event":{"message":"full bootstrapping0%!(EXTRA float64=3.8679673393e+10)"}}}
{"ts":1674074136113338554,"msg":"","group_id":"cypress-provider","run_id":"cf45etvrirfg9183js80","event":{"message_event":{"message":"bootstrap: finished with 21 connections, 29 in the routing table"}}}
{"ts":1674074136178729054,"msg":"","group_id":"cypress-provider","run_id":"cf45etvrirfg9183js80","event":{"message_event":{"message":"table health: {\"IdealDepth\":4,\"ActualDepth\":7,\"Bucket\":[{\"Depth\":1,\"MaxKnownContacts\":23,\"ActualKnownContacts\":10,\"ActualUnknownContacts\":0},{\"Depth\":2,\"MaxKnownContacts\":17,\"ActualKnownContacts\":10,\"ActualUnknownContacts\":0},{\"Depth\":3,\"MaxKnownContacts\":6,\"ActualKnownContacts\":6,\"ActualUnknownContacts\":0},{\"Depth\":4,\"MaxKnownContacts\":0,\"ActualKnownContacts\":0,\"ActualUnknownContacts\":0},{\"Depth\":4,\"MaxKnownContacts\":2,\"ActualKnownContacts\":2,\"ActualUnknownContacts\":0},{\"Depth\":5,\"MaxKnownContacts\":0,\"ActualKnownContacts\":0,\"ActualUnknownContacts\":0},{\"Depth\":7,\"MaxKnownContacts\":1,\"ActualKnownContacts\":1,\"ActualUnknownContacts\":0}]}"}}}
{"ts":1674074136210078262,"msg":"","group_id":"cypress-provider","run_id":"cf45etvrirfg9183js80","event":{"message_event":{"message":"bootstrap: done"}}}
{"ts":1674074136216936429,"msg":"","group_id":"cypress-provider","run_id":"cf45etvrirfg9183js80","event":{"message_event":{"message":"Bootstrap phase ended"}}}
{"ts":1674074137557145638,"msg":"","group_id":"cypress-provider","run_id":"cf45etvrirfg9183js80","event":{"message_event":{"message":"SetupNetwork, network setup completed"}}}
{"ts":1674074137561149055,"msg":"","group_id":"cypress-provider","run_id":"cf45etvrirfg9183js80","event":{"message_event":{"message":"getRecords, record count > 0"}}}
{"ts":1674074137572711055,"msg":"","group_id":"cypress-provider","run_id":"cf45etvrirfg9183js80","event":{"message_event":{"message":"getRecords, searchRecords: %!(EXTRA []*test.ProviderRecordSubmission=[0x4002135290])"}}}
{"ts":1674074137642593680,"msg":"","group_id":"cypress-provider","run_id":"cf45etvrirfg9183js80","event":{"message_event":{"message":"start provide loop"}}}
{"ts":1674074151083319588,"msg":"","group_id":"cypress-provider","run_id":"cf45etvrirfg9183js80","event":{"message_event":{"message":"Provided CID: QmYigrr9erPWMnVKfw74wV1KvjZ18mtzEzv7iFbWDh5VdP"}}}
{"ts":1674074151769033505,"msg":"","group_id":"cypress-provider","run_id":"cf45etvrirfg9183js80","event":{"message_event":{"message":"Provided CID: QmSSrDtDK5LvFTnBAgNmjb5tRWcYuExu1qYLrXNv2UdzXE"}}}
{"ts":1674074153331038881,"msg":"","group_id":"cypress-provider","run_id":"cf45etvrirfg9183js80","event":{"message_event":{"message":"Provided CID: QmeT46kQsiffrH7MdGfNpkgaKGfKUnZw6bEw5APTU27WPz"}}}
{"ts":1674074153614243673,"msg":"","group_id":"cypress-provider","run_id":"cf45etvrirfg9183js80","event":{"message_event":{"message":"Provided CID: QmQZkMNdV3rH6umvxCwWEdoj4TjWyAxNuLxbXEigd8iKqU"}}}
{"ts":1674074153668478798,"msg":"","group_id":"cypress-provider","run_id":"cf45etvrirfg9183js80","event":{"message_event":{"message":"Provided CID: QmQNSGk6KsGpAPPAL4PweycsHN5Te4YBvwQY8G9bYWRKpe"}}}
{"ts":1674074153951986881,"msg":"","group_id":"cypress-provider","run_id":"cf45etvrirfg9183js80","event":{"message_event":{"message":"Provided CID: QmNnfyApQUXaqj2dsRTthNUBBktYf6seo7BJk7W9Ym56ZH"}}}
{"ts":1674074157660349258,"msg":"","group_id":"cypress-provider","run_id":"cf45etvrirfg9183js80","event":{"message_event":{"message":"failed to send batch to InfluxDB; attempt 0; err: Post \"http://testground-influxdb:8086/write?consistency=&db=testground&precision=ns&rp=\": context deadline exceeded (Client.Timeout exceeded while awaiting headers)"}}}
{"ts":1674074162435500469,"msg":"","group_id":"cypress-provider","run_id":"cf45etvrirfg9183js80","event":{"message_event":{"message":"Provided CID: QmNj8PTJnf4fUCBd6EEAXcvMgfVMnt4CXFkPu968Fwg6YT"}}}
{"ts":1674074162562036427,"msg":"","group_id":"cypress-provider","run_id":"cf45etvrirfg9183js80","event":{"message_event":{"message":"Provided CID: QmS1rxhfhq3FsUuG2TLNSYW6gxrtR4hmfoiajCdWCo7hq5"}}}
{"ts":1674074163073587053,"msg":"","group_id":"cypress-provider","run_id":"cf45etvrirfg9183js80","event":{"message_event":{"message":"Provided CID: QmdKMXX7ZqzwxriTXcLtqQJQXThZrgCaiSUERdDZ9Ne95f"}}}
{"ts":1674074163074379261,"msg":"","group_id":"cypress-provider","run_id":"cf45etvrirfg9183js80","event":{"message_event":{"message":"Provided CID: QmXyoMntxMK4Z9uuruxACuyTV7kwdSEyjtxNhWbznehRUr"}}}
{"ts":1674074163653583178,"msg":"","group_id":"cypress-provider","run_id":"cf45etvrirfg9183js80","event":{"message_event":{"message":"failed to send batch to InfluxDB; attempt 1; err: Post \"http://testground-influxdb:8086/write?consistency=&db=testground&precision=ns&rp=\": context deadline exceeded (Client.Timeout exceeded while awaiting headers)"}}}
{"ts":1674074163888463761,"msg":"","group_id":"cypress-provider","run_id":"cf45etvrirfg9183js80","event":{"message_event":{"message":"Provided CID: QmTeC6qvToLwytK5uruQq4npHWezRWnRXjHm6Gn9h2tsFr"}}}
{"ts":1674074166980198888,"msg":"","group_id":"cypress-provider","run_id":"cf45etvrirfg9183js80","event":{"message_event":{"message":"Provided CID: QmY1eF8EB1WVFdF6xzh1C1YkadMojpT4FoEZkqzyprqDoV"}}}
{"ts":1674074167864222763,"msg":"","group_id":"cypress-provider","run_id":"cf45etvrirfg9183js80","event":{"message_event":{"message":"Provided CID: QmQHFH1e6p6NGjLiA3rVJHRYzS7qBhfbKGGajQZ26u1PuE"}}}
{"ts":1674074167864952513,"msg":"","group_id":"cypress-provider","run_id":"cf45etvrirfg9183js80","event":{"message_event":{"message":"Provided CID: QmQw6U12opixMzbVDc384vgh7sia5gUKajDD24oRLaLEqQ"}}}
{"ts":1674074167865140388,"msg":"","group_id":"cypress-provider","run_id":"cf45etvrirfg9183js80","event":{"message_event":{"message":"Provided CID: QmSpZzCdhhyWM7eTNe29nDrPR9xdZR8R4VpGSoTdFq5usz"}}}
{"ts":1674074167865262846,"msg":"","group_id":"cypress-provider","run_id":"cf45etvrirfg9183js80","event":{"message_event":{"message":"Provided CID: Qmbwx2wndEZeCm1257gtYyAeXrGNDStgm7YsufAHbyUkDc"}}}
{"ts":1674074167865543888,"msg":"","group_id":"cypress-provider","run_id":"cf45etvrirfg9183js80","event":{"message_event":{"message":"Provided CID: QmeSZuScRfVhZy4U2CzqmAd5P8uxzgeW2nfbk2k4UyutkT"}}}
{"ts":1674074168078926305,"msg":"","group_id":"cypress-provider","run_id":"cf45etvrirfg9183js80","event":{"message_event":{"message":"Provided CID: Qmbtbn2iDC1YBbrN2WYgyscVXM5vws3ZoA4gT8YKzKMXgX"}}}
{"ts":1674074168258540930,"msg":"","group_id":"cypress-provider","run_id":"cf45etvrirfg9183js80","event":{"message_event":{"message":"Provided CID: QmYFqavMPJvzLNnh6wYdHLAR7iiix7mPrpbJaXRGMVBxzb"}}}
{"ts":1674074169307218472,"msg":"","group_id":"cypress-provider","run_id":"cf45etvrirfg9183js80","event":{"message_event":{"message":"Provided CID: QmTzXCJwzJbtQxtpimCKwbyty4yPphQgGZQM2YRN45kMv2"}}}
{"ts":1674074169496629791,"msg":"","group_id":"cypress-provider","run_id":"cf45etvrirfg9183js80","event":{"message_event":{"message":"name: signal provider-records1; uint: ns; time: %!d(float64=1.3795583e+07)"}}}
{"ts":1674074169534405083,"msg":"","group_id":"cypress-provider","run_id":"cf45etvrirfg9183js80","event":{"message_event":{"message":"signal provider-records1%!(EXTRA float64=5.1567417e+07)"}}}
{"ts":1674074169793193833,"msg":"","group_id":"cypress-provider","run_id":"cf45etvrirfg9183js80","event":{"message_event":{"message":"name: barrier provider-records1; uint: ns; time: %!d(float64=375)"}}}
{"ts":1674074170216479833,"msg":"","group_id":"cypress-provider","run_id":"cf45etvrirfg9183js80","event":{"message_event":{"message":"failed to send batch to InfluxDB; attempt 2; err: Post \"http://testground-influxdb:8086/write?consistency=&db=testground&precision=ns&rp=\": context deadline exceeded (Client.Timeout exceeded while awaiting headers)"}}}
{"ts":1674074178052103629,"msg":"","group_id":"cypress-provider","run_id":"cf45etvrirfg9183js80","event":{"message_event":{"message":"failed to send batch to InfluxDB; attempt 3; err: Post \"http://testground-influxdb:8086/write?consistency=&db=testground&precision=ns&rp=\": context deadline exceeded (Client.Timeout exceeded while awaiting headers)"}}}
{"ts":1674074184060143423,"msg":"","group_id":"cypress-provider","run_id":"cf45etvrirfg9183js80","event":{"message_event":{"message":"barrierprovider-records1%!(EXTRA float64=1.4266978799e+10)"}}}
{"ts":1674074184135450757,"msg":"","group_id":"cypress-provider","run_id":"cf45etvrirfg9183js80","event":{"message_event":{"message":"name: full provider-records1; uint: ns; time: %!d(float64=1.4342286007e+10)"}}}
{"ts":1674074184165821340,"msg":"","group_id":"cypress-provider","run_id":"cf45etvrirfg9183js80","event":{"message_event":{"message":"full provider-records1%!(EXTRA float64=4.652353277e+10)"}}}
{"ts":1674074190461792843,"msg":"","group_id":"cypress-provider","run_id":"cf45etvrirfg9183js80","event":{"message_event":{"message":"failed to send batch to InfluxDB; attempt 0; err: Post \"http://testground-influxdb:8086/write?consistency=&db=testground&precision=ns&rp=\": context deadline exceeded (Client.Timeout exceeded while awaiting headers)"}}}
{"ts":1674074200799157042,"msg":"","group_id":"cypress-provider","run_id":"cf45etvrirfg9183js80","event":{"message_event":{"message":"failed to send batch to InfluxDB; attempt 1; err: Post \"http://testground-influxdb:8086/write?consistency=&db=testground&precision=ns&rp=\": context deadline exceeded (Client.Timeout exceeded while awaiting headers)"}}}
{"ts":1674074209107704046,"msg":"","group_id":"cypress-provider","run_id":"cf45etvrirfg9183js80","event":{"message_event":{"message":"failed to send batch to InfluxDB; attempt 2; err: Post \"http://testground-influxdb:8086/write?consistency=&db=testground&precision=ns&rp=\": context deadline exceeded (Client.Timeout exceeded while awaiting headers)"}}}
{"ts":1674074232291841292,"msg":"","group_id":"cypress-provider","run_id":"cf45etvrirfg9183js80","event":{"message_event":{"message":"failed to send batch to InfluxDB; attempt 3; err: Post \"http://testground-influxdb:8086/write?consistency=&db=testground&precision=ns&rp=\": context deadline exceeded (Client.Timeout exceeded while awaiting headers)"}}}
{"ts":1674074242968070339,"msg":"","group_id":"cypress-provider","run_id":"cf45etvrirfg9183js80","event":{"message_event":{"message":"failed to send batch to InfluxDB; attempt 4; err: Post \"http://testground-influxdb:8086/write?consistency=&db=testground&precision=ns&rp=\": context deadline exceeded (Client.Timeout exceeded while awaiting headers)"}}}
{"ts":1674074243552479006,"msg":"","group_id":"cypress-provider","run_id":"cf45etvrirfg9183js80","event":{"message_event":{"message":"influxdb: failed to upload 57 points; err: All attempts fail:\n#1: Post \"http://testground-influxdb:8086/write?consistency=&db=testground&precision=ns&rp=\": context deadline exceeded (Client.Timeout exceeded while awaiting headers)\n#2: Post \"http://testground-influxdb:8086/write?consistency=&db=testground&precision=ns&rp=\": context deadline exceeded (Client.Timeout exceeded while awaiting headers)\n#3: Post \"http://testground-influxdb:8086/write?consistency=&db=testground&precision=ns&rp=\": context deadline exceeded (Client.Timeout exceeded while awaiting headers)\n#4: Post \"http://testground-influxdb:8086/write?consistency=&db=testground&precision=ns&rp=\": context deadline exceeded (Client.Timeout exceeded while awaiting headers)\n#5: Post \"http://testground-influxdb:8086/write?consistency=&db=testground&precision=ns&rp=\": context deadline exceeded (Client.Timeout exceeded while awaiting headers)"}}}
{"ts":1674074250826838176,"msg":"","group_id":"cypress-provider","run_id":"cf45etvrirfg9183js80","event":{"message_event":{"message":"failed to send batch to InfluxDB; attempt 0; err: Post \"http://testground-influxdb:8086/write?consistency=&db=testground&precision=ns&rp=\": context deadline exceeded (Client.Timeout exceeded while awaiting headers)"}}}
{"ts":1674074257631120387,"msg":"","group_id":"cypress-provider","run_id":"cf45etvrirfg9183js80","event":{"message_event":{"message":"failed to send batch to InfluxDB; attempt 1; err: Post \"http://testground-influxdb:8086/write?consistency=&db=testground&precision=ns&rp=\": context deadline exceeded (Client.Timeout exceeded while awaiting headers)"}}}
{"ts":1674074263755489834,"msg":"","group_id":"cypress-provider","run_id":"cf45etvrirfg9183js80","event":{"message_event":{"message":"failed to send batch to InfluxDB; attempt 2; err: Post \"http://testground-influxdb:8086/write?consistency=&db=testground&precision=ns&rp=\": context deadline exceeded (Client.Timeout exceeded while awaiting headers)"}}}
{"ts":1674074271145272213,"msg":"","group_id":"cypress-provider","run_id":"cf45etvrirfg9183js80","event":{"message_event":{"message":"failed to send batch to InfluxDB; attempt 3; err: Post \"http://testground-influxdb:8086/write?consistency=&db=testground&precision=ns&rp=\": context deadline exceeded (Client.Timeout exceeded while awaiting headers)"}}}
{"ts":1674074280359198384,"msg":"","group_id":"cypress-provider","run_id":"cf45etvrirfg9183js80","event":{"message_event":{"message":"failed to send batch to InfluxDB; attempt 4; err: Post \"http://testground-influxdb:8086/write?consistency=&db=testground&precision=ns&rp=\": context deadline exceeded (Client.Timeout exceeded while awaiting headers)"}}}
{"ts":1674074280398013342,"msg":"","group_id":"cypress-provider","run_id":"cf45etvrirfg9183js80","event":{"message_event":{"message":"influxdb: failed to upload 128 points; err: All attempts fail:\n#1: Post \"http://testground-influxdb:8086/write?consistency=&db=testground&precision=ns&rp=\": context deadline exceeded (Client.Timeout exceeded while awaiting headers)\n#2: Post \"http://testground-influxdb:8086/write?consistency=&db=testground&precision=ns&rp=\": context deadline exceeded (Client.Timeout exceeded while awaiting headers)\n#3: Post \"http://testground-influxdb:8086/write?consistency=&db=testground&precision=ns&rp=\": context deadline exceeded (Client.Timeout exceeded while awaiting headers)\n#4: Post \"http://testground-influxdb:8086/write?consistency=&db=testground&precision=ns&rp=\": context deadline exceeded (Client.Timeout exceeded while awaiting headers)\n#5: Post \"http://testground-influxdb:8086/write?consistency=&db=testground&precision=ns&rp=\": context deadline exceeded (Client.Timeout exceeded while awaiting headers)"}}}
{"ts":1674074282282197260,"msg":"","group_id":"cypress-provider","run_id":"cf45etvrirfg9183js80","event":{"message_event":{"message":"name: signal provider-records2; uint: ns; time: %!d(float64=3.16760417e+08)"}}}
{"ts":1674074282313293218,"msg":"","group_id":"cypress-provider","run_id":"cf45etvrirfg9183js80","event":{"message_event":{"message":"signal provider-records2%!(EXTRA float64=3.47881084e+08)"}}}
{"ts":1674074282367384552,"msg":"","group_id":"cypress-provider","run_id":"cf45etvrirfg9183js80","event":{"message_event":{"message":"name: barrier provider-records2; uint: ns; time: %!d(float64=250)"}}}
{"ts":1674074285845615220,"msg":"","group_id":"cypress-provider","run_id":"cf45etvrirfg9183js80","event":{"message_event":{"message":"failed to send batch to InfluxDB; attempt 0; err: Post \"http://testground-influxdb:8086/write?consistency=&db=testground&precision=ns&rp=\": context deadline exceeded (Client.Timeout exceeded while awaiting headers)"}}}
{"ts":1674074291500255667,"msg":"","group_id":"cypress-provider","run_id":"cf45etvrirfg9183js80","event":{"message_event":{"message":"failed to send batch to InfluxDB; attempt 1; err: Post \"http://testground-influxdb:8086/write?consistency=&db=testground&precision=ns&rp=\": context deadline exceeded (Client.Timeout exceeded while awaiting headers)"}}}
{"ts":1674074292801933501,"msg":"","group_id":"cypress-provider","run_id":"cf45etvrirfg9183js80","event":{"message_event":{"message":"barrierprovider-records2%!(EXTRA float64=1.0421954755e+10)"}}}
{"ts":1674074293008137209,"msg":"","group_id":"cypress-provider","run_id":"cf45etvrirfg9183js80","event":{"message_event":{"message":"name: full provider-records2; uint: ns; time: %!d(float64=1.0639281296e+10)"}}}
{"ts":1674074293033097417,"msg":"","group_id":"cypress-provider","run_id":"cf45etvrirfg9183js80","event":{"message_event":{"message":"full provider-records2%!(EXTRA float64=1.08257990424e+11)"}}}
{"ts":1674074293966684418,"msg":"","group_id":"cypress-provider","run_id":"cf45etvrirfg9183js80","event":{"success_event":{"group":"cypress-provider"}}}
{"ts":1674074297596638253,"msg":"","group_id":"cypress-provider","run_id":"cf45etvrirfg9183js80","event":{"message_event":{"message":"failed to send batch to InfluxDB; attempt 2; err: Post \"http://testground-influxdb:8086/write?consistency=&db=testground&precision=ns&rp=\": context deadline exceeded (Client.Timeout exceeded while awaiting headers)"}}}
{"ts":1674074304848651131,"msg":"","group_id":"cypress-provider","run_id":"cf45etvrirfg9183js80","event":{"message_event":{"message":"failed to send batch to InfluxDB; attempt 3; err: Post \"http://testground-influxdb:8086/write?consistency=&db=testground&precision=ns&rp=\": context deadline exceeded (Client.Timeout exceeded while awaiting headers)"}}}
{"ts":1674074313933849594,"msg":"","group_id":"cypress-provider","run_id":"cf45etvrirfg9183js80","event":{"message_event":{"message":"failed to send batch to InfluxDB; attempt 4; err: Post \"http://testground-influxdb:8086/write?consistency=&db=testground&precision=ns&rp=\": context deadline exceeded (Client.Timeout exceeded while awaiting headers)"}}}
{"ts":1674074313940598886,"msg":"","group_id":"cypress-provider","run_id":"cf45etvrirfg9183js80","event":{"message_event":{"message":"influxdb: failed to upload 128 points; err: All attempts fail:\n#1: Post \"http://testground-influxdb:8086/write?consistency=&db=testground&precision=ns&rp=\": context deadline exceeded (Client.Timeout exceeded while awaiting headers)\n#2: Post \"http://testground-influxdb:8086/write?consistency=&db=testground&precision=ns&rp=\": context deadline exceeded (Client.Timeout exceeded while awaiting headers)\n#3: Post \"http://testground-influxdb:8086/write?consistency=&db=testground&precision=ns&rp=\": context deadline exceeded (Client.Timeout exceeded while awaiting headers)\n#4: Post \"http://testground-influxdb:8086/write?consistency=&db=testground&precision=ns&rp=\": context deadline exceeded (Client.Timeout exceeded while awaiting headers)\n#5: Post \"http://testground-influxdb:8086/write?consistency=&db=testground&precision=ns&rp=\": context deadline exceeded (Client.Timeout exceeded while awaiting headers)"}}}
{"ts":1674074323584272834,"msg":"","group_id":"cypress-provider","run_id":"cf45etvrirfg9183js80","event":{"message_event":{"message":"failed to send batch to InfluxDB; attempt 0; err: Post \"http://testground-influxdb:8086/write?consistency=&db=testground&precision=ns&rp=\": context deadline exceeded (Client.Timeout exceeded while awaiting headers)"}}}
{"ts":1674074329263209837,"msg":"","group_id":"cypress-provider","run_id":"cf45etvrirfg9183js80","event":{"message_event":{"message":"failed to send batch to InfluxDB; attempt 1; err: Post \"http://testground-influxdb:8086/write?consistency=&db=testground&precision=ns&rp=\": context deadline exceeded (Client.Timeout exceeded while awaiting headers)"}}}
{"ts":1674074337100054382,"msg":"","group_id":"cypress-provider","run_id":"cf45etvrirfg9183js80","event":{"message_event":{"message":"failed to send batch to InfluxDB; attempt 2; err: Post \"http://testground-influxdb:8086/write?consistency=&db=testground&precision=ns&rp=\": context deadline exceeded (Client.Timeout exceeded while awaiting headers)"}}}
{"ts":1674074344809294719,"msg":"","group_id":"cypress-provider","run_id":"cf45etvrirfg9183js80","event":{"message_event":{"message":"failed to send batch to InfluxDB; attempt 3; err: Post \"http://testground-influxdb:8086/write?consistency=&db=testground&precision=ns&rp=\": context deadline exceeded (Client.Timeout exceeded while awaiting headers)"}}}
{"ts":1674074354505836960,"msg":"","group_id":"cypress-provider","run_id":"cf45etvrirfg9183js80","event":{"message_event":{"message":"failed to send batch to InfluxDB; attempt 4; err: Post \"http://testground-influxdb:8086/write?consistency=&db=testground&precision=ns&rp=\": context deadline exceeded (Client.Timeout exceeded while awaiting headers)"}}}
{"ts":1674074354539441460,"msg":"","group_id":"cypress-provider","run_id":"cf45etvrirfg9183js80","event":{"message_event":{"message":"influxdb: failed to upload 1336 points; err: All attempts fail:\n#1: Post \"http://testground-influxdb:8086/write?consistency=&db=testground&precision=ns&rp=\": context deadline exceeded (Client.Timeout exceeded while awaiting headers)\n#2: Post \"http://testground-influxdb:8086/write?consistency=&db=testground&precision=ns&rp=\": context deadline exceeded (Client.Timeout exceeded while awaiting headers)\n#3: Post \"http://testground-influxdb:8086/write?consistency=&db=testground&precision=ns&rp=\": context deadline exceeded (Client.Timeout exceeded while awaiting headers)\n#4: Post \"http://testground-influxdb:8086/write?consistency=&db=testground&precision=ns&rp=\": context deadline exceeded (Client.Timeout exceeded while awaiting headers)\n#5: Post \"http://testground-influxdb:8086/write?consistency=&db=testground&precision=ns&rp=\": context deadline exceeded (Client.Timeout exceeded while awaiting headers)"}}}
