{"ts":1674165100013678927,"msg":"","group_id":"cypress-provider","run_id":"cf4rlovrirfi2gvmmilg","event":{"message_event":{"message":"registering default http handler at: http://[::]:6060/ (pprof: http://[::]:6060/debug/pprof/)"}}}
{"ts":1674165100088745802,"msg":"","group_id":"cypress-provider","run_id":"cf4rlovrirfi2gvmmilg","event":{"start_event":{"runenv":{"plan":"dht","case":"find-providers","run":"cf4rlovrirfi2gvmmilg","params":{"alpha":"6","auto_refresh":"true","beta":"3","bootstrapper":"true","bs_strategy":"3","bucket_size":"10","client_mode":"false","datastore":"0","expect_dht":"true","group_order":"1","latency":"500","peer_id_seed":"0","random_walk":"false","record_count":"20","record_seed":"0","search_records":"true","timeout_secs":"2000","undialable":"false"},"instances":50,"outputs_path":"/outputs","temp_path":"/temp","network":"16.70.0.0/16","group":"cypress-provider","group_instances":50}}}}
{"ts":1674165100265574844,"msg":"","group_id":"cypress-provider","run_id":"cf4rlovrirfi2gvmmilg","event":{"message_event":{"message":"waiting for network to initialize"}}}
{"ts":1674165105546165513,"msg":"","group_id":"cypress-provider","run_id":"cf4rlovrirfi2gvmmilg","event":{"message_event":{"message":"network initialisation successful"}}}
{"ts":1674165105859859513,"msg":"","group_id":"cypress-provider","run_id":"cf4rlovrirfi2gvmmilg","event":{"message_event":{"message":"network initialization complete"}}}
{"ts":1674165105908934055,"msg":"","group_id":"cypress-provider","run_id":"cf4rlovrirfi2gvmmilg","event":{"message_event":{"message":"claimed sequence numbers; global=30, group(cypress-provider)=28"}}}
{"ts":1674165105979715680,"msg":"","group_id":"cypress-provider","run_id":"cf4rlovrirfi2gvmmilg","event":{"message_event":{"message":"Finding providers"}}}
{"ts":1674165106948665638,"msg":"","group_id":"cypress-provider","run_id":"cf4rlovrirfi2gvmmilg","event":{"message_event":{"message":"network initialisation successful"}}}
{"ts":1674165107654171639,"msg":"","group_id":"cypress-provider","run_id":"cf4rlovrirfi2gvmmilg","event":{"message_event":{"message":"SetupNetwork, network setup completed"}}}
{"ts":1674165109601921417,"msg":"","group_id":"cypress-provider","run_id":"cf4rlovrirfi2gvmmilg","event":{"message_event":{"message":"there are 1 groups map[cypress-provider:0x4001b3aa50]"}}}
{"ts":1674165109625834084,"msg":"","group_id":"cypress-provider","run_id":"cf4rlovrirfi2gvmmilg","event":{"message_event":{"message":"setGroupInfo, sortedGroup:%!(EXTRA []string=[cypress-provider])"}}}
{"ts":1674165109670395375,"msg":"","group_id":"cypress-provider","run_id":"cf4rlovrirfi2gvmmilg","event":{"message_event":{"message":"past group info"}}}
{"ts":1674165109695297209,"msg":"","group_id":"cypress-provider","run_id":"cf4rlovrirfi2gvmmilg","event":{"message_event":{"message":"connmgr parameters: hi=12, lo=6"}}}
{"ts":1674165109796175042,"msg":"","group_id":"cypress-provider","run_id":"cf4rlovrirfi2gvmmilg","event":{"message_event":{"message":"creating DHT"}}}
{"ts":1674165109830222584,"msg":"","group_id":"cypress-provider","run_id":"cf4rlovrirfi2gvmmilg","event":{"message_event":{"message":"creating DHT successful"}}}
{"ts":1674165109835763584,"msg":"","group_id":"cypress-provider","run_id":"cf4rlovrirfi2gvmmilg","event":{"message_event":{"message":"supporting protocol:%!(EXTRA string=/p2p/id/delta/1.0.0)"}}}
{"ts":1674165109884348042,"msg":"","group_id":"cypress-provider","run_id":"cf4rlovrirfi2gvmmilg","event":{"message_event":{"message":"supporting protocol:%!(EXTRA string=/ipfs/id/1.0.0)"}}}
{"ts":1674165109903590376,"msg":"","group_id":"cypress-provider","run_id":"cf4rlovrirfi2gvmmilg","event":{"message_event":{"message":"supporting protocol:%!(EXTRA string=/ipfs/id/push/1.0.0)"}}}
{"ts":1674165109911024917,"msg":"","group_id":"cypress-provider","run_id":"cf4rlovrirfi2gvmmilg","event":{"message_event":{"message":"supporting protocol:%!(EXTRA string=/ipfs/ping/1.0.0)"}}}
{"ts":1674165109923081001,"msg":"","group_id":"cypress-provider","run_id":"cf4rlovrirfi2gvmmilg","event":{"message_event":{"message":"supporting protocol:%!(EXTRA string=/libp2p/circuit/relay/0.1.0)"}}}
{"ts":1674165109947690209,"msg":"","group_id":"cypress-provider","run_id":"cf4rlovrirfi2gvmmilg","event":{"message_event":{"message":"supporting protocol:%!(EXTRA string=/libp2p/circuit/relay/0.2.0/stop)"}}}
{"ts":1674165109976352626,"msg":"","group_id":"cypress-provider","run_id":"cf4rlovrirfi2gvmmilg","event":{"message_event":{"message":"supporting protocol:%!(EXTRA string=/libp2p/autonat/1.0.0)"}}}
{"ts":1674165110028365376,"msg":"","group_id":"cypress-provider","run_id":"cf4rlovrirfi2gvmmilg","event":{"message_event":{"message":"supporting protocol:%!(EXTRA string=/testground/kad/1.0.0)"}}}
{"ts":1674165110761105876,"msg":"","group_id":"cypress-provider","run_id":"cf4rlovrirfi2gvmmilg","event":{"message_event":{"message":"27 is waiting on 0 from state 0"}}}
{"ts":1674165111007300334,"msg":"requested a barrier with target zero; satisfying immediately","group_id":"cypress-provider","run_id":"cf4rlovrirfi2gvmmilg","state":"boostrap-gradual1-0"}
{"ts":1674165111136116709,"msg":"","group_id":"cypress-provider","run_id":"cf4rlovrirfi2gvmmilg","event":{"message_event":{"message":"27 is running"}}}
{"ts":1674165111382349710,"msg":"","group_id":"cypress-provider","run_id":"cf4rlovrirfi2gvmmilg","event":{"message_event":{"message":"Dial to all other peers"}}}
{"ts":1674165111450893960,"msg":"","group_id":"cypress-provider","run_id":"cf4rlovrirfi2gvmmilg","event":{"message_event":{"message":"dialling peer 12D3KooWCUD1fJhtHsV93H6zZCwPZq5WBLsNTSWUW86EDykHrUgd (attempt 1)"}}}
{"ts":1674165111878134751,"msg":"","group_id":"cypress-provider","run_id":"cf4rlovrirfi2gvmmilg","event":{"message_event":{"message":"Connect, successfully dialed peer: %!(EXTRA peer.AddrInfo={12D3KooWCUD1fJhtHsV93H6zZCwPZq5WBLsNTSWUW86EDykHrUgd: [/ip4/16.70.0.28/tcp/43263]})"}}}
{"ts":1674165111938460127,"msg":"","group_id":"cypress-provider","run_id":"cf4rlovrirfi2gvmmilg","event":{"message_event":{"message":"dialling peer 12D3KooWQ3XvwCaYCPy5oXzUiSVQWoBJTkSjkVnMDaDrvCDNpTtZ (attempt 1)"}}}
{"ts":1674165113166010210,"msg":"","group_id":"cypress-provider","run_id":"cf4rlovrirfi2gvmmilg","event":{"message_event":{"message":"Connect, successfully dialed peer: %!(EXTRA peer.AddrInfo={12D3KooWQ3XvwCaYCPy5oXzUiSVQWoBJTkSjkVnMDaDrvCDNpTtZ: [/ip4/16.70.0.29/tcp/35947]})"}}}
{"ts":1674165113266310335,"msg":"","group_id":"cypress-provider","run_id":"cf4rlovrirfi2gvmmilg","event":{"message_event":{"message":"dialling peer 12D3KooWEiCzB4bVxyxYwB7xpSvra1Yz1SB39kih4qHpFjDWoC9J (attempt 1)"}}}
{"ts":1674165113344432252,"msg":"","group_id":"cypress-provider","run_id":"cf4rlovrirfi2gvmmilg","event":{"message_event":{"message":"Connect, successfully dialed peer: %!(EXTRA peer.AddrInfo={12D3KooWEiCzB4bVxyxYwB7xpSvra1Yz1SB39kih4qHpFjDWoC9J: [/ip4/16.70.0.27/tcp/44147]})"}}}
{"ts":1674165144361096794,"msg":"","group_id":"cypress-provider","run_id":"cf4rlovrirfi2gvmmilg","event":{"message_event":{"message":"bootstrap: everyone table ready"}}}
{"ts":1674165145331198753,"msg":"","group_id":"cypress-provider","run_id":"cf4rlovrirfi2gvmmilg","event":{"message_event":{"message":"27 is done - waiting for 49"}}}
{"ts":1674165147003148504,"msg":"","group_id":"cypress-provider","run_id":"cf4rlovrirfi2gvmmilg","event":{"message_event":{"message":"27 passed the barrier"}}}
{"ts":1674165149039796338,"msg":"","group_id":"cypress-provider","run_id":"cf4rlovrirfi2gvmmilg","event":{"message_event":{"message":"bootstrap: begin trim"}}}
{"ts":1674165150096182547,"msg":"","group_id":"cypress-provider","run_id":"cf4rlovrirfi2gvmmilg","event":{"message_event":{"message":"name: signal bootstrapping0; uint: ns; time: %!d(float64=8.334125e+06)"}}}
{"ts":1674165150130043964,"msg":"","group_id":"cypress-provider","run_id":"cf4rlovrirfi2gvmmilg","event":{"message_event":{"message":"signal bootstrapping0%!(EXTRA float64=4.2188958e+07)"}}}
{"ts":1674165150175713047,"msg":"","group_id":"cypress-provider","run_id":"cf4rlovrirfi2gvmmilg","event":{"message_event":{"message":"name: barrier bootstrapping0; uint: ns; time: %!d(float64=292)"}}}
{"ts":1674165153157179924,"msg":"","group_id":"cypress-provider","run_id":"cf4rlovrirfi2gvmmilg","event":{"message_event":{"message":"barrierbootstrapping0%!(EXTRA float64=2.981472002e+09)"}}}
{"ts":1674165153242820590,"msg":"","group_id":"cypress-provider","run_id":"cf4rlovrirfi2gvmmilg","event":{"message_event":{"message":"name: full bootstrapping0; uint: ns; time: %!d(float64=3.067091419e+09)"}}}
{"ts":1674165153263342132,"msg":"","group_id":"cypress-provider","run_id":"cf4rlovrirfi2gvmmilg","event":{"message_event":{"message":"full bootstrapping0%!(EXTRA float64=4.2501343937e+10)"}}}
{"ts":1674165153938893549,"msg":"","group_id":"cypress-provider","run_id":"cf4rlovrirfi2gvmmilg","event":{"message_event":{"message":"bootstrap: finished with 24 connections, 31 in the routing table"}}}
{"ts":1674165153964123757,"msg":"","group_id":"cypress-provider","run_id":"cf4rlovrirfi2gvmmilg","event":{"message_event":{"message":"table health: {\"IdealDepth\":5,\"ActualDepth\":5,\"Bucket\":[{\"Depth\":1,\"MaxKnownContacts\":27,\"ActualKnownContacts\":10,\"ActualUnknownContacts\":0},{\"Depth\":2,\"MaxKnownContacts\":11,\"ActualKnownContacts\":10,\"ActualUnknownContacts\":0},{\"Depth\":3,\"MaxKnownContacts\":6,\"ActualKnownContacts\":6,\"ActualUnknownContacts\":0},{\"Depth\":4,\"MaxKnownContacts\":3,\"ActualKnownContacts\":3,\"ActualUnknownContacts\":0},{\"Depth\":5,\"MaxKnownContacts\":2,\"ActualKnownContacts\":2,\"ActualUnknownContacts\":0}]}"}}}
{"ts":1674165154009506132,"msg":"","group_id":"cypress-provider","run_id":"cf4rlovrirfi2gvmmilg","event":{"message_event":{"message":"bootstrap: done"}}}
{"ts":1674165154018569757,"msg":"","group_id":"cypress-provider","run_id":"cf4rlovrirfi2gvmmilg","event":{"message_event":{"message":"Bootstrap phase ended"}}}
{"ts":1674165154078135591,"msg":"","group_id":"cypress-provider","run_id":"cf4rlovrirfi2gvmmilg","event":{"message_event":{"message":"SetupNetwork, network setup completed"}}}
{"ts":1674165154089852841,"msg":"","group_id":"cypress-provider","run_id":"cf4rlovrirfi2gvmmilg","event":{"message_event":{"message":"getRecords, record count > 0"}}}
{"ts":1674165154112753632,"msg":"","group_id":"cypress-provider","run_id":"cf4rlovrirfi2gvmmilg","event":{"message_event":{"message":"getRecords, searchRecords: %!(EXTRA []*test.ProviderRecordSubmission=[0x4003a7ef90])"}}}
{"ts":1674165154133311341,"msg":"","group_id":"cypress-provider","run_id":"cf4rlovrirfi2gvmmilg","event":{"message_event":{"message":"start provide loop"}}}
{"ts":1674165168811352042,"msg":"","group_id":"cypress-provider","run_id":"cf4rlovrirfi2gvmmilg","event":{"message_event":{"message":"Provided CID: QmeSZuScRfVhZy4U2CzqmAd5P8uxzgeW2nfbk2k4UyutkT"}}}
{"ts":1674165182136779923,"msg":"","group_id":"cypress-provider","run_id":"cf4rlovrirfi2gvmmilg","event":{"message_event":{"message":"failed to send batch to InfluxDB; attempt 0; err: Post \"http://testground-influxdb:8086/write?consistency=&db=testground&precision=ns&rp=\": context deadline exceeded (Client.Timeout exceeded while awaiting headers)"}}}
{"ts":1674165188338871968,"msg":"","group_id":"cypress-provider","run_id":"cf4rlovrirfi2gvmmilg","event":{"message_event":{"message":"failed to send batch to InfluxDB; attempt 1; err: Post \"http://testground-influxdb:8086/write?consistency=&db=testground&precision=ns&rp=\": context deadline exceeded (Client.Timeout exceeded while awaiting headers)"}}}
{"ts":1674165189239806218,"msg":"","group_id":"cypress-provider","run_id":"cf4rlovrirfi2gvmmilg","event":{"message_event":{"message":"Provided CID: QmSSrDtDK5LvFTnBAgNmjb5tRWcYuExu1qYLrXNv2UdzXE"}}}
{"ts":1674165194784695887,"msg":"","group_id":"cypress-provider","run_id":"cf4rlovrirfi2gvmmilg","event":{"message_event":{"message":"Provided CID: QmXyoMntxMK4Z9uuruxACuyTV7kwdSEyjtxNhWbznehRUr"}}}
{"ts":1674165194944777887,"msg":"","group_id":"cypress-provider","run_id":"cf4rlovrirfi2gvmmilg","event":{"message_event":{"message":"Provided CID: QmYFqavMPJvzLNnh6wYdHLAR7iiix7mPrpbJaXRGMVBxzb"}}}
{"ts":1674165194976602179,"msg":"","group_id":"cypress-provider","run_id":"cf4rlovrirfi2gvmmilg","event":{"message_event":{"message":"Provided CID: QmeT46kQsiffrH7MdGfNpkgaKGfKUnZw6bEw5APTU27WPz"}}}
{"ts":1674165195748591888,"msg":"","group_id":"cypress-provider","run_id":"cf4rlovrirfi2gvmmilg","event":{"message_event":{"message":"failed to send batch to InfluxDB; attempt 2; err: Post \"http://testground-influxdb:8086/write?consistency=&db=testground&precision=ns&rp=\": context deadline exceeded (Client.Timeout exceeded while awaiting headers)"}}}
{"ts":1674165195866899513,"msg":"","group_id":"cypress-provider","run_id":"cf4rlovrirfi2gvmmilg","event":{"message_event":{"message":"Provided CID: QmNj8PTJnf4fUCBd6EEAXcvMgfVMnt4CXFkPu968Fwg6YT"}}}
{"ts":1674165196130123638,"msg":"","group_id":"cypress-provider","run_id":"cf4rlovrirfi2gvmmilg","event":{"message_event":{"message":"Provided CID: QmNnfyApQUXaqj2dsRTthNUBBktYf6seo7BJk7W9Ym56ZH"}}}
{"ts":1674165196283382555,"msg":"","group_id":"cypress-provider","run_id":"cf4rlovrirfi2gvmmilg","event":{"message_event":{"message":"Provided CID: Qmbwx2wndEZeCm1257gtYyAeXrGNDStgm7YsufAHbyUkDc"}}}
{"ts":1674165197176847930,"msg":"","group_id":"cypress-provider","run_id":"cf4rlovrirfi2gvmmilg","event":{"message_event":{"message":"Provided CID: Qmbtbn2iDC1YBbrN2WYgyscVXM5vws3ZoA4gT8YKzKMXgX"}}}
{"ts":1674165197277892180,"msg":"","group_id":"cypress-provider","run_id":"cf4rlovrirfi2gvmmilg","event":{"message_event":{"message":"Provided CID: QmQHFH1e6p6NGjLiA3rVJHRYzS7qBhfbKGGajQZ26u1PuE"}}}
{"ts":1674165197655897305,"msg":"","group_id":"cypress-provider","run_id":"cf4rlovrirfi2gvmmilg","event":{"message_event":{"message":"Provided CID: QmY1eF8EB1WVFdF6xzh1C1YkadMojpT4FoEZkqzyprqDoV"}}}
{"ts":1674165197892602583,"msg":"","group_id":"cypress-provider","run_id":"cf4rlovrirfi2gvmmilg","event":{"message_event":{"message":"Provided CID: QmYigrr9erPWMnVKfw74wV1KvjZ18mtzEzv7iFbWDh5VdP"}}}
{"ts":1674165198523768625,"msg":"","group_id":"cypress-provider","run_id":"cf4rlovrirfi2gvmmilg","event":{"message_event":{"message":"Provided CID: QmdKMXX7ZqzwxriTXcLtqQJQXThZrgCaiSUERdDZ9Ne95f"}}}
{"ts":1674165203411517544,"msg":"","group_id":"cypress-provider","run_id":"cf4rlovrirfi2gvmmilg","event":{"message_event":{"message":"failed to send batch to InfluxDB; attempt 3; err: Post \"http://testground-influxdb:8086/write?consistency=&db=testground&precision=ns&rp=\": context deadline exceeded (Client.Timeout exceeded while awaiting headers)"}}}
{"ts":1674165212490669965,"msg":"","group_id":"cypress-provider","run_id":"cf4rlovrirfi2gvmmilg","event":{"message_event":{"message":"failed to send batch to InfluxDB; attempt 4; err: Post \"http://testground-influxdb:8086/write?consistency=&db=testground&precision=ns&rp=\": context deadline exceeded (Client.Timeout exceeded while awaiting headers)"}}}
{"ts":1674165212526067257,"msg":"","group_id":"cypress-provider","run_id":"cf4rlovrirfi2gvmmilg","event":{"message_event":{"message":"influxdb: failed to upload 113 points; err: All attempts fail:\n#1: Post \"http://testground-influxdb:8086/write?consistency=&db=testground&precision=ns&rp=\": context deadline exceeded (Client.Timeout exceeded while awaiting headers)\n#2: Post \"http://testground-influxdb:8086/write?consistency=&db=testground&precision=ns&rp=\": context deadline exceeded (Client.Timeout exceeded while awaiting headers)\n#3: Post \"http://testground-influxdb:8086/write?consistency=&db=testground&precision=ns&rp=\": context deadline exceeded (Client.Timeout exceeded while awaiting headers)\n#4: Post \"http://testground-influxdb:8086/write?consistency=&db=testground&precision=ns&rp=\": context deadline exceeded (Client.Timeout exceeded while awaiting headers)\n#5: Post \"http://testground-influxdb:8086/write?consistency=&db=testground&precision=ns&rp=\": context deadline exceeded (Client.Timeout exceeded while awaiting headers)"}}}
{"ts":1674165215181818883,"msg":"","group_id":"cypress-provider","run_id":"cf4rlovrirfi2gvmmilg","event":{"message_event":{"message":"Provided CID: QmTeC6qvToLwytK5uruQq4npHWezRWnRXjHm6Gn9h2tsFr"}}}
{"ts":1674165215182056383,"msg":"","group_id":"cypress-provider","run_id":"cf4rlovrirfi2gvmmilg","event":{"message_event":{"message":"Provided CID: QmQw6U12opixMzbVDc384vgh7sia5gUKajDD24oRLaLEqQ"}}}
{"ts":1674165215182140216,"msg":"","group_id":"cypress-provider","run_id":"cf4rlovrirfi2gvmmilg","event":{"message_event":{"message":"Provided CID: QmQNSGk6KsGpAPPAL4PweycsHN5Te4YBvwQY8G9bYWRKpe"}}}
{"ts":1674165217562527259,"msg":"","group_id":"cypress-provider","run_id":"cf4rlovrirfi2gvmmilg","event":{"message_event":{"message":"Provided CID: QmTzXCJwzJbtQxtpimCKwbyty4yPphQgGZQM2YRN45kMv2"}}}
{"ts":1674165217562770801,"msg":"","group_id":"cypress-provider","run_id":"cf4rlovrirfi2gvmmilg","event":{"message_event":{"message":"Provided CID: QmSpZzCdhhyWM7eTNe29nDrPR9xdZR8R4VpGSoTdFq5usz"}}}
{"ts":1674165217562925717,"msg":"","group_id":"cypress-provider","run_id":"cf4rlovrirfi2gvmmilg","event":{"message_event":{"message":"Provided CID: QmS1rxhfhq3FsUuG2TLNSYW6gxrtR4hmfoiajCdWCo7hq5"}}}
{"ts":1674165217563934842,"msg":"","group_id":"cypress-provider","run_id":"cf4rlovrirfi2gvmmilg","event":{"message_event":{"message":"Provided CID: QmQZkMNdV3rH6umvxCwWEdoj4TjWyAxNuLxbXEigd8iKqU"}}}
{"ts":1674165217598810259,"msg":"","group_id":"cypress-provider","run_id":"cf4rlovrirfi2gvmmilg","event":{"message_event":{"message":"failed to send batch to InfluxDB; attempt 0; err: Post \"http://testground-influxdb:8086/write?consistency=&db=testground&precision=ns&rp=\": context deadline exceeded (Client.Timeout exceeded while awaiting headers)"}}}
{"ts":1674165217891101551,"msg":"","group_id":"cypress-provider","run_id":"cf4rlovrirfi2gvmmilg","event":{"message_event":{"message":"name: signal provider-records1; uint: ns; time: %!d(float64=5.0197583e+07)"}}}
{"ts":1674165218022506468,"msg":"","group_id":"cypress-provider","run_id":"cf4rlovrirfi2gvmmilg","event":{"message_event":{"message":"signal provider-records1%!(EXTRA float64=1.81395459e+08)"}}}
{"ts":1674165218152239759,"msg":"","group_id":"cypress-provider","run_id":"cf4rlovrirfi2gvmmilg","event":{"message_event":{"message":"name: barrier provider-records1; uint: ns; time: %!d(float64=666)"}}}
{"ts":1674165219368457260,"msg":"","group_id":"cypress-provider","run_id":"cf4rlovrirfi2gvmmilg","event":{"message_event":{"message":"barrierprovider-records1%!(EXTRA float64=1.216217542e+09)"}}}
{"ts":1674165219437729718,"msg":"","group_id":"cypress-provider","run_id":"cf4rlovrirfi2gvmmilg","event":{"message_event":{"message":"name: full provider-records1; uint: ns; time: %!d(float64=1.285046875e+09)"}}}
{"ts":1674165219458677677,"msg":"","group_id":"cypress-provider","run_id":"cf4rlovrirfi2gvmmilg","event":{"message_event":{"message":"full provider-records1%!(EXTRA float64=6.5328423739e+10)"}}}
{"ts":1674165224111658845,"msg":"","group_id":"cypress-provider","run_id":"cf4rlovrirfi2gvmmilg","event":{"message_event":{"message":"failed to send batch to InfluxDB; attempt 1; err: Post \"http://testground-influxdb:8086/write?consistency=&db=testground&precision=ns&rp=\": context deadline exceeded (Client.Timeout exceeded while awaiting headers)"}}}
{"ts":1674165233536647461,"msg":"","group_id":"cypress-provider","run_id":"cf4rlovrirfi2gvmmilg","event":{"message_event":{"message":"failed to send batch to InfluxDB; attempt 2; err: Post \"http://testground-influxdb:8086/write?consistency=&db=testground&precision=ns&rp=\": context deadline exceeded (Client.Timeout exceeded while awaiting headers)"}}}
{"ts":1674165250377684635,"msg":"","group_id":"cypress-provider","run_id":"cf4rlovrirfi2gvmmilg","event":{"message_event":{"message":"failed to send batch to InfluxDB; attempt 3; err: Post \"http://testground-influxdb:8086/write?consistency=&db=testground&precision=ns&rp=\": context deadline exceeded (Client.Timeout exceeded while awaiting headers)"}}}
{"ts":1674165264810906545,"msg":"","group_id":"cypress-provider","run_id":"cf4rlovrirfi2gvmmilg","event":{"message_event":{"message":"failed to send batch to InfluxDB; attempt 4; err: Post \"http://testground-influxdb:8086/write?consistency=&db=testground&precision=ns&rp=\": context deadline exceeded (Client.Timeout exceeded while awaiting headers)"}}}
{"ts":1674165265886345920,"msg":"","group_id":"cypress-provider","run_id":"cf4rlovrirfi2gvmmilg","event":{"message_event":{"message":"influxdb: failed to upload 128 points; err: All attempts fail:\n#1: Post \"http://testground-influxdb:8086/write?consistency=&db=testground&precision=ns&rp=\": context deadline exceeded (Client.Timeout exceeded while awaiting headers)\n#2: Post \"http://testground-influxdb:8086/write?consistency=&db=testground&precision=ns&rp=\": context deadline exceeded (Client.Timeout exceeded while awaiting headers)\n#3: Post \"http://testground-influxdb:8086/write?consistency=&db=testground&precision=ns&rp=\": context deadline exceeded (Client.Timeout exceeded while awaiting headers)\n#4: Post \"http://testground-influxdb:8086/write?consistency=&db=testground&precision=ns&rp=\": context deadline exceeded (Client.Timeout exceeded while awaiting headers)\n#5: Post \"http://testground-influxdb:8086/write?consistency=&db=testground&precision=ns&rp=\": context deadline exceeded (Client.Timeout exceeded while awaiting headers)"}}}
{"ts":1674165271591404089,"msg":"","group_id":"cypress-provider","run_id":"cf4rlovrirfi2gvmmilg","event":{"message_event":{"message":"failed to send batch to InfluxDB; attempt 0; err: Post \"http://testground-influxdb:8086/write?consistency=&db=testground&precision=ns&rp=\": context deadline exceeded (Client.Timeout exceeded while awaiting headers)"}}}
{"ts":1674165288655074708,"msg":"","group_id":"cypress-provider","run_id":"cf4rlovrirfi2gvmmilg","event":{"message_event":{"message":"failed to send batch to InfluxDB; attempt 1; err: Post \"http://testground-influxdb:8086/write?consistency=&db=testground&precision=ns&rp=\": context deadline exceeded (Client.Timeout exceeded while awaiting headers)"}}}
{"ts":1674165298094600296,"msg":"","group_id":"cypress-provider","run_id":"cf4rlovrirfi2gvmmilg","event":{"message_event":{"message":"failed to send batch to InfluxDB; attempt 2; err: Post \"http://testground-influxdb:8086/write?consistency=&db=testground&precision=ns&rp=\": context deadline exceeded (Client.Timeout exceeded while awaiting headers)"}}}
{"ts":1674165307657258634,"msg":"","group_id":"cypress-provider","run_id":"cf4rlovrirfi2gvmmilg","event":{"message_event":{"message":"failed to send batch to InfluxDB; attempt 3; err: Post \"http://testground-influxdb:8086/write?consistency=&db=testground&precision=ns&rp=\": context deadline exceeded (Client.Timeout exceeded while awaiting headers)"}}}
{"ts":1674165317720028597,"msg":"","group_id":"cypress-provider","run_id":"cf4rlovrirfi2gvmmilg","event":{"message_event":{"message":"failed to send batch to InfluxDB; attempt 4; err: Post \"http://testground-influxdb:8086/write?consistency=&db=testground&precision=ns&rp=\": context deadline exceeded (Client.Timeout exceeded while awaiting headers)"}}}
{"ts":1674165317804548514,"msg":"","group_id":"cypress-provider","run_id":"cf4rlovrirfi2gvmmilg","event":{"message_event":{"message":"influxdb: failed to upload 128 points; err: All attempts fail:\n#1: Post \"http://testground-influxdb:8086/write?consistency=&db=testground&precision=ns&rp=\": context deadline exceeded (Client.Timeout exceeded while awaiting headers)\n#2: Post \"http://testground-influxdb:8086/write?consistency=&db=testground&precision=ns&rp=\": context deadline exceeded (Client.Timeout exceeded while awaiting headers)\n#3: Post \"http://testground-influxdb:8086/write?consistency=&db=testground&precision=ns&rp=\": context deadline exceeded (Client.Timeout exceeded while awaiting headers)\n#4: Post \"http://testground-influxdb:8086/write?consistency=&db=testground&precision=ns&rp=\": context deadline exceeded (Client.Timeout exceeded while awaiting headers)\n#5: Post \"http://testground-influxdb:8086/write?consistency=&db=testground&precision=ns&rp=\": context deadline exceeded (Client.Timeout exceeded while awaiting headers)"}}}
{"ts":1674165325660682212,"msg":"","group_id":"cypress-provider","run_id":"cf4rlovrirfi2gvmmilg","event":{"message_event":{"message":"failed to send batch to InfluxDB; attempt 0; err: Post \"http://testground-influxdb:8086/write?consistency=&db=testground&precision=ns&rp=\": context deadline exceeded (Client.Timeout exceeded while awaiting headers)"}}}
{"ts":1674165334661176341,"msg":"","group_id":"cypress-provider","run_id":"cf4rlovrirfi2gvmmilg","event":{"message_event":{"message":"failed to send batch to InfluxDB; attempt 1; err: Post \"http://testground-influxdb:8086/write?consistency=&db=testground&precision=ns&rp=\": context deadline exceeded (Client.Timeout exceeded while awaiting headers)"}}}
{"ts":1674165351498795376,"msg":"","group_id":"cypress-provider","run_id":"cf4rlovrirfi2gvmmilg","event":{"message_event":{"message":"failed to send batch to InfluxDB; attempt 2; err: Post \"http://testground-influxdb:8086/write?consistency=&db=testground&precision=ns&rp=\": dial tcp 192.18.0.5:8086: i/o timeout (Client.Timeout exceeded while awaiting headers)"}}}
{"ts":1674165361179161922,"msg":"","group_id":"cypress-provider","run_id":"cf4rlovrirfi2gvmmilg","event":{"message_event":{"message":"failed to send batch to InfluxDB; attempt 3; err: Post \"http://testground-influxdb:8086/write?consistency=&db=testground&precision=ns&rp=\": context deadline exceeded (Client.Timeout exceeded while awaiting headers)"}}}
{"ts":1674165373300505012,"msg":"","group_id":"cypress-provider","run_id":"cf4rlovrirfi2gvmmilg","event":{"message_event":{"message":"failed to send batch to InfluxDB; attempt 4; err: Post \"http://testground-influxdb:8086/write?consistency=&db=testground&precision=ns&rp=\": context deadline exceeded (Client.Timeout exceeded while awaiting headers)"}}}
{"ts":1674165373379200345,"msg":"","group_id":"cypress-provider","run_id":"cf4rlovrirfi2gvmmilg","event":{"message_event":{"message":"influxdb: failed to upload 128 points; err: All attempts fail:\n#1: Post \"http://testground-influxdb:8086/write?consistency=&db=testground&precision=ns&rp=\": context deadline exceeded (Client.Timeout exceeded while awaiting headers)\n#2: Post \"http://testground-influxdb:8086/write?consistency=&db=testground&precision=ns&rp=\": context deadline exceeded (Client.Timeout exceeded while awaiting headers)\n#3: Post \"http://testground-influxdb:8086/write?consistency=&db=testground&precision=ns&rp=\": dial tcp 192.18.0.5:8086: i/o timeout (Client.Timeout exceeded while awaiting headers)\n#4: Post \"http://testground-influxdb:8086/write?consistency=&db=testground&precision=ns&rp=\": context deadline exceeded (Client.Timeout exceeded while awaiting headers)\n#5: Post \"http://testground-influxdb:8086/write?consistency=&db=testground&precision=ns&rp=\": context deadline exceeded (Client.Timeout exceeded while awaiting headers)"}}}
{"ts":1674165378649732708,"msg":"","group_id":"cypress-provider","run_id":"cf4rlovrirfi2gvmmilg","event":{"message_event":{"message":"failed to send batch to InfluxDB; attempt 0; err: Post \"http://testground-influxdb:8086/write?consistency=&db=testground&precision=ns&rp=\": context deadline exceeded (Client.Timeout exceeded while awaiting headers)"}}}
{"ts":1674165384739717169,"msg":"","group_id":"cypress-provider","run_id":"cf4rlovrirfi2gvmmilg","event":{"message_event":{"message":"failed to send batch to InfluxDB; attempt 1; err: Post \"http://testground-influxdb:8086/write?consistency=&db=testground&precision=ns&rp=\": context deadline exceeded (Client.Timeout exceeded while awaiting headers)"}}}
{"ts":1674165391465271798,"msg":"","group_id":"cypress-provider","run_id":"cf4rlovrirfi2gvmmilg","event":{"message_event":{"message":"failed to send batch to InfluxDB; attempt 2; err: Post \"http://testground-influxdb:8086/write?consistency=&db=testground&precision=ns&rp=\": context deadline exceeded (Client.Timeout exceeded while awaiting headers)"}}}
{"ts":1674165398592745384,"msg":"","group_id":"cypress-provider","run_id":"cf4rlovrirfi2gvmmilg","event":{"message_event":{"message":"failed to send batch to InfluxDB; attempt 3; err: Post \"http://testground-influxdb:8086/write?consistency=&db=testground&precision=ns&rp=\": context deadline exceeded (Client.Timeout exceeded while awaiting headers)"}}}
{"ts":1674165408029292416,"msg":"","group_id":"cypress-provider","run_id":"cf4rlovrirfi2gvmmilg","event":{"message_event":{"message":"failed to send batch to InfluxDB; attempt 4; err: Post \"http://testground-influxdb:8086/write?consistency=&db=testground&precision=ns&rp=\": context deadline exceeded (Client.Timeout exceeded while awaiting headers)"}}}
{"ts":1674165408128721166,"msg":"","group_id":"cypress-provider","run_id":"cf4rlovrirfi2gvmmilg","event":{"message_event":{"message":"influxdb: failed to upload 128 points; err: All attempts fail:\n#1: Post \"http://testground-influxdb:8086/write?consistency=&db=testground&precision=ns&rp=\": context deadline exceeded (Client.Timeout exceeded while awaiting headers)\n#2: Post \"http://testground-influxdb:8086/write?consistency=&db=testground&precision=ns&rp=\": context deadline exceeded (Client.Timeout exceeded while awaiting headers)\n#3: Post \"http://testground-influxdb:8086/write?consistency=&db=testground&precision=ns&rp=\": context deadline exceeded (Client.Timeout exceeded while awaiting headers)\n#4: Post \"http://testground-influxdb:8086/write?consistency=&db=testground&precision=ns&rp=\": context deadline exceeded (Client.Timeout exceeded while awaiting headers)\n#5: Post \"http://testground-influxdb:8086/write?consistency=&db=testground&precision=ns&rp=\": context deadline exceeded (Client.Timeout exceeded while awaiting headers)"}}}
{"ts":1674165412223384960,"msg":"","group_id":"cypress-provider","run_id":"cf4rlovrirfi2gvmmilg","event":{"message_event":{"message":"name: signal provider-records2; uint: ns; time: %!d(float64=2.95267667e+08)"}}}
{"ts":1674165412313919752,"msg":"","group_id":"cypress-provider","run_id":"cf4rlovrirfi2gvmmilg","event":{"message_event":{"message":"signal provider-records2%!(EXTRA float64=3.11407042e+08)"}}}
{"ts":1674165412435526668,"msg":"","group_id":"cypress-provider","run_id":"cf4rlovrirfi2gvmmilg","event":{"message_event":{"message":"name: barrier provider-records2; uint: ns; time: %!d(float64=375)"}}}
{"ts":1674165413965219669,"msg":"","group_id":"cypress-provider","run_id":"cf4rlovrirfi2gvmmilg","event":{"message_event":{"message":"failed to send batch to InfluxDB; attempt 0; err: Post \"http://testground-influxdb:8086/write?consistency=&db=testground&precision=ns&rp=\": context deadline exceeded (Client.Timeout exceeded while awaiting headers)"}}}
{"ts":1674165419532408213,"msg":"","group_id":"cypress-provider","run_id":"cf4rlovrirfi2gvmmilg","event":{"message_event":{"message":"failed to send batch to InfluxDB; attempt 1; err: Post \"http://testground-influxdb:8086/write?consistency=&db=testground&precision=ns&rp=\": context deadline exceeded (Client.Timeout exceeded while awaiting headers)"}}}
{"ts":1674165423924476674,"msg":"","group_id":"cypress-provider","run_id":"cf4rlovrirfi2gvmmilg","event":{"message_event":{"message":"barrierprovider-records2%!(EXTRA float64=1.1486387047e+10)"}}}
{"ts":1674165424063962924,"msg":"","group_id":"cypress-provider","run_id":"cf4rlovrirfi2gvmmilg","event":{"message_event":{"message":"name: full provider-records2; uint: ns; time: %!d(float64=1.1628433298e+10)"}}}
{"ts":1674165424079812841,"msg":"","group_id":"cypress-provider","run_id":"cf4rlovrirfi2gvmmilg","event":{"message_event":{"message":"full provider-records2%!(EXTRA float64=2.02053227426e+11)"}}}
{"ts":1674165425311217258,"msg":"","group_id":"cypress-provider","run_id":"cf4rlovrirfi2gvmmilg","event":{"success_event":{"group":"cypress-provider"}}}
{"ts":1674165426586511717,"msg":"","group_id":"cypress-provider","run_id":"cf4rlovrirfi2gvmmilg","event":{"message_event":{"message":"failed to send batch to InfluxDB; attempt 2; err: Post \"http://testground-influxdb:8086/write?consistency=&db=testground&precision=ns&rp=\": context deadline exceeded (Client.Timeout exceeded while awaiting headers)"}}}
{"ts":1674165433632166887,"msg":"","group_id":"cypress-provider","run_id":"cf4rlovrirfi2gvmmilg","event":{"message_event":{"message":"failed to send batch to InfluxDB; attempt 3; err: Post \"http://testground-influxdb:8086/write?consistency=&db=testground&precision=ns&rp=\": context deadline exceeded (Client.Timeout exceeded while awaiting headers)"}}}
{"ts":1674165442863202335,"msg":"","group_id":"cypress-provider","run_id":"cf4rlovrirfi2gvmmilg","event":{"message_event":{"message":"failed to send batch to InfluxDB; attempt 4; err: Post \"http://testground-influxdb:8086/write?consistency=&db=testground&precision=ns&rp=\": context deadline exceeded (Client.Timeout exceeded while awaiting headers)"}}}
{"ts":1674165442919641919,"msg":"","group_id":"cypress-provider","run_id":"cf4rlovrirfi2gvmmilg","event":{"message_event":{"message":"influxdb: failed to upload 128 points; err: All attempts fail:\n#1: Post \"http://testground-influxdb:8086/write?consistency=&db=testground&precision=ns&rp=\": context deadline exceeded (Client.Timeout exceeded while awaiting headers)\n#2: Post \"http://testground-influxdb:8086/write?consistency=&db=testground&precision=ns&rp=\": context deadline exceeded (Client.Timeout exceeded while awaiting headers)\n#3: Post \"http://testground-influxdb:8086/write?consistency=&db=testground&precision=ns&rp=\": context deadline exceeded (Client.Timeout exceeded while awaiting headers)\n#4: Post \"http://testground-influxdb:8086/write?consistency=&db=testground&precision=ns&rp=\": context deadline exceeded (Client.Timeout exceeded while awaiting headers)\n#5: Post \"http://testground-influxdb:8086/write?consistency=&db=testground&precision=ns&rp=\": context deadline exceeded (Client.Timeout exceeded while awaiting headers)"}}}
{"ts":1674165449917795005,"msg":"","group_id":"cypress-provider","run_id":"cf4rlovrirfi2gvmmilg","event":{"message_event":{"message":"failed to send batch to InfluxDB; attempt 0; err: Post \"http://testground-influxdb:8086/write?consistency=&db=testground&precision=ns&rp=\": context deadline exceeded (Client.Timeout exceeded while awaiting headers)"}}}
{"ts":1674165455987972675,"msg":"","group_id":"cypress-provider","run_id":"cf4rlovrirfi2gvmmilg","event":{"message_event":{"message":"failed to send batch to InfluxDB; attempt 1; err: Post \"http://testground-influxdb:8086/write?consistency=&db=testground&precision=ns&rp=\": context deadline exceeded (Client.Timeout exceeded while awaiting headers)"}}}
{"ts":1674165463235937553,"msg":"","group_id":"cypress-provider","run_id":"cf4rlovrirfi2gvmmilg","event":{"message_event":{"message":"failed to send batch to InfluxDB; attempt 2; err: Post \"http://testground-influxdb:8086/write?consistency=&db=testground&precision=ns&rp=\": context deadline exceeded (Client.Timeout exceeded while awaiting headers)"}}}
{"ts":1674165473785488711,"msg":"","group_id":"cypress-provider","run_id":"cf4rlovrirfi2gvmmilg","event":{"message_event":{"message":"failed to send batch to InfluxDB; attempt 3; err: Post \"http://testground-influxdb:8086/write?consistency=&db=testground&precision=ns&rp=\": context deadline exceeded (Client.Timeout exceeded while awaiting headers)"}}}
{"ts":1674165504678677378,"msg":"","group_id":"cypress-provider","run_id":"cf4rlovrirfi2gvmmilg","event":{"message_event":{"message":"failed to send batch to InfluxDB; attempt 4; err: Post \"http://testground-influxdb:8086/write?consistency=&db=testground&precision=ns&rp=\": context deadline exceeded (Client.Timeout exceeded while awaiting headers)"}}}
{"ts":1674165504755851794,"msg":"","group_id":"cypress-provider","run_id":"cf4rlovrirfi2gvmmilg","event":{"message_event":{"message":"influxdb: failed to upload 2783 points; err: All attempts fail:\n#1: Post \"http://testground-influxdb:8086/write?consistency=&db=testground&precision=ns&rp=\": context deadline exceeded (Client.Timeout exceeded while awaiting headers)\n#2: Post \"http://testground-influxdb:8086/write?consistency=&db=testground&precision=ns&rp=\": context deadline exceeded (Client.Timeout exceeded while awaiting headers)\n#3: Post \"http://testground-influxdb:8086/write?consistency=&db=testground&precision=ns&rp=\": context deadline exceeded (Client.Timeout exceeded while awaiting headers)\n#4: Post \"http://testground-influxdb:8086/write?consistency=&db=testground&precision=ns&rp=\": context deadline exceeded (Client.Timeout exceeded while awaiting headers)\n#5: Post \"http://testground-influxdb:8086/write?consistency=&db=testground&precision=ns&rp=\": context deadline exceeded (Client.Timeout exceeded while awaiting headers)"}}}
