{"ts":1675449725168288875,"type":"point","name":"bandwidth-total-in|cypress-provider|1|0","measures":{"value":30053}}
{"ts":1675449725170389166,"type":"point","name":"bandwidth-total-out|cypress-provider|1|0","measures":{"value":192371}}
{"ts":1675449725172590583,"type":"point","name":"bandwidth-rate-in|cypress-provider|1|0","measures":{"value":0.040879441766908615}}
{"ts":1675449725175189666,"type":"point","name":"bandwidth-rate-out|cypress-provider|1|0","measures":{"value":0.8964803487049753}}
{"ts":1675449742959006175,"type":"point","name":"signal bootstrapping0","measures":{"value":21964958}}
{"ts":1675449744027521967,"type":"point","name":"barrierbootstrapping0","measures":{"value":1053336626}}
{"ts":1675449744082665384,"type":"point","name":"full bootstrapping0","measures":{"value":37642667517}}
{"ts":1675449745169849717,"type":"point","name":"bandwidth-total-in|cypress-provider|1|1","measures":{"value":168687}}
{"ts":1675449745306961134,"type":"point","name":"bandwidth-total-out|cypress-provider|1|1","measures":{"value":225175}}
{"ts":1675449745323525801,"type":"point","name":"bandwidth-rate-in|cypress-provider|1|1","measures":{"value":193.02610536358134}}
{"ts":1675449745400249634,"type":"point","name":"bandwidth-rate-out|cypress-provider|1|1","measures":{"value":91.47385422381592}}
{"ts":1675449765171933629,"type":"point","name":"bandwidth-total-in|cypress-provider|1|2","measures":{"value":659729}}
{"ts":1675449765199948421,"type":"point","name":"bandwidth-total-out|cypress-provider|1|2","measures":{"value":757822}}
{"ts":1675449765230246713,"type":"point","name":"bandwidth-rate-in|cypress-provider|1|2","measures":{"value":13082.78923834121}}
{"ts":1675449765343020004,"type":"point","name":"bandwidth-rate-out|cypress-provider|1|2","measures":{"value":27013.57872588015}}
{"ts":1675449777878228302,"type":"point","name":"time-to-provide-19","measures":{"value":32229437973}}
{"ts":1675449778024888427,"type":"point","name":"time-to-provide-11","measures":{"value":32363805974}}
{"ts":1675449779266999136,"type":"point","name":"time-to-provide-0","measures":{"value":32962064640}}
{"ts":1675449779779046345,"type":"point","name":"time-to-provide-8","measures":{"value":32796102516}}
{"ts":1675449780207264595,"type":"point","name":"time-to-provide-6","measures":{"value":33884029266}}
{"ts":1675449780244389345,"type":"point","name":"time-to-provide-14","measures":{"value":34595043183}}
{"ts":1675449780294651845,"type":"point","name":"time-to-provide-13","measures":{"value":34101613891}}
{"ts":1675449780487589387,"type":"point","name":"time-to-provide-4","measures":{"value":34293471766}}
{"ts":1675449780549903387,"type":"point","name":"time-to-provide-1","measures":{"value":34244826141}}
{"ts":1675449780699527595,"type":"point","name":"time-to-provide-3","measures":{"value":34388921600}}
{"ts":1675449780759933887,"type":"point","name":"time-to-provide-16","measures":{"value":34449055224}}
{"ts":1675449780774081887,"type":"point","name":"time-to-provide-10","measures":{"value":35113370975}}
{"ts":1675449781134021179,"type":"point","name":"time-to-provide-18","measures":{"value":33983925100}}
{"ts":1675449781262820262,"type":"point","name":"time-to-provide-7","measures":{"value":34254774933}}
{"ts":1675449781463844220,"type":"point","name":"time-to-provide-2","measures":{"value":34315172224}}
{"ts":1675449781980764596,"type":"point","name":"time-to-provide-12","measures":{"value":35788059142}}
{"ts":1675449782035634846,"type":"point","name":"time-to-provide-5","measures":{"value":35463633309}}
{"ts":1675449782232415638,"type":"point","name":"time-to-provide-15","measures":{"value":35920733975}}
{"ts":1675449782426936179,"type":"point","name":"time-to-provide-17","measures":{"value":35444291475}}
{"ts":1675449782640996471,"type":"point","name":"time-to-provide-9","measures":{"value":35490112808}}
{"ts":1675449782864903054,"type":"point","name":"signal provider-records1","measures":{"value":203819834}}
{"ts":1675449784329817597,"type":"point","name":"barrierprovider-records1","measures":{"value":1448742626}}
{"ts":1675449784463003430,"type":"point","name":"full provider-records1","measures":{"value":38950218019}}
{"ts":1675449785175506500,"type":"point","name":"bandwidth-total-in|cypress-provider|1|3","measures":{"value":800829}}
{"ts":1675449785209368083,"type":"point","name":"bandwidth-total-out|cypress-provider|1|3","measures":{"value":1109258}}
{"ts":1675449785269773916,"type":"point","name":"bandwidth-rate-in|cypress-provider|1|3","measures":{"value":3396.4252498739947}}
{"ts":1675449785303998500,"type":"point","name":"bandwidth-rate-out|cypress-provider|1|3","measures":{"value":1565.7349312134434}}
{"ts":1675449787239617959,"type":"point","name":"time-to-find-first|cypress-provider|5","measures":{"value":347413750}}
{"ts":1675449787371532709,"type":"point","name":"time-to-find-first|cypress-provider|2","measures":{"value":447878500}}
{"ts":1675449787383279626,"type":"point","name":"time-to-find-first|cypress-provider|1","measures":{"value":459673500}}
{"ts":1675449787383706417,"type":"point","name":"time-to-find-first|cypress-provider|4","measures":{"value":460617209}}
{"ts":1675449787528622959,"type":"point","name":"time-to-find-first|cypress-provider|0","measures":{"value":605341542}}
{"ts":1675449787535346084,"type":"point","name":"time-to-find-first|cypress-provider|3","measures":{"value":611004042}}
{"ts":1675449787537282292,"type":"point","name":"time-to-find-first|cypress-provider|8","measures":{"value":612419417}}
{"ts":1675449787537990876,"type":"point","name":"time-to-find-first|cypress-provider|10","measures":{"value":612697542}}
{"ts":1675449787538174542,"type":"point","name":"time-to-find-first|cypress-provider|11","measures":{"value":612491626}}
{"ts":1675449787540011667,"type":"point","name":"time-to-find-first|cypress-provider|9","measures":{"value":592276625}}
{"ts":1675449787542352626,"type":"point","name":"time-to-find-first|cypress-provider|6","measures":{"value":417445792}}
{"ts":1675449787605013876,"type":"point","name":"time-to-find-first|cypress-provider|12","measures":{"value":480003250}}
{"ts":1675449787608645334,"type":"point","name":"time-to-find-first|cypress-provider|19","measures":{"value":483431292}}
{"ts":1675449787673426542,"type":"point","name":"time-to-find-first|cypress-provider|16","measures":{"value":548029417}}
{"ts":1675449787673480876,"type":"point","name":"time-to-find-first|cypress-provider|17","measures":{"value":548061083}}
{"ts":1675449787673517667,"type":"point","name":"time-to-find-first|cypress-provider|18","measures":{"value":548075916}}
{"ts":1675449787673565084,"type":"point","name":"time-to-find-first|cypress-provider|7","measures":{"value":434930917}}
{"ts":1675449787681733459,"type":"point","name":"time-to-find-first|cypress-provider|15","measures":{"value":556372667}}
{"ts":1675449787735759584,"type":"point","name":"time-to-find-first|cypress-provider|14","measures":{"value":610437291}}
{"ts":1675449787611071376,"type":"point","name":"time-to-find-first|cypress-provider|13","measures":{"value":485784583}}
{"ts":1675449805170004926,"type":"point","name":"bandwidth-total-in|cypress-provider|1|4","measures":{"value":1711431}}
{"ts":1675449805208372259,"type":"point","name":"bandwidth-total-out|cypress-provider|1|4","measures":{"value":1676951}}
{"ts":1675449805285659509,"type":"point","name":"bandwidth-rate-in|cypress-provider|1|4","measures":{"value":8960.219702148173}}
{"ts":1675449805355004301,"type":"point","name":"bandwidth-rate-out|cypress-provider|1|4","measures":{"value":9492.848410220033}}
{"ts":1675449825172751171,"type":"point","name":"bandwidth-total-in|cypress-provider|1|5","measures":{"value":2302608}}
{"ts":1675449825278251671,"type":"point","name":"bandwidth-total-out|cypress-provider|1|5","measures":{"value":2278146}}
{"ts":1675449825297268171,"type":"point","name":"bandwidth-rate-in|cypress-provider|1|5","measures":{"value":22005.667439541954}}
{"ts":1675449825392619338,"type":"point","name":"bandwidth-rate-out|cypress-provider|1|5","measures":{"value":87998.54290986902}}
{"ts":1675449831792678258,"type":"point","name":"num-hops|cypress-provider|1","measures":{"value":2}}
{"ts":1675449831821756841,"type":"point","name":"time-to-find-last|done|cypress-provider|1","measures":{"value":745016334}}
{"ts":1675449831852370341,"type":"point","name":"time-to-find|done|cypress-provider|1","measures":{"value":44925283105}}
{"ts":1675449831909119924,"type":"point","name":"peers-found|done|cypress-provider|1","measures":{"value":40}}
{"ts":1675449831960480966,"type":"point","name":"peers-missing|done|cypress-provider|1","measures":{"value":0}}
{"ts":1675449832840948675,"type":"point","name":"num-hops|cypress-provider|0","measures":{"value":2}}
{"ts":1675449832879516841,"type":"point","name":"time-to-find-last|done|cypress-provider|0","measures":{"value":746162500}}
{"ts":1675449832958909591,"type":"point","name":"time-to-find|done|cypress-provider|0","measures":{"value":46032147772}}
{"ts":1675449832975782925,"type":"point","name":"peers-found|done|cypress-provider|0","measures":{"value":40}}
{"ts":1675449833025918716,"type":"point","name":"peers-missing|done|cypress-provider|0","measures":{"value":0}}
{"ts":1675449833005467425,"type":"point","name":"num-hops|cypress-provider|3","measures":{"value":2}}
{"ts":1675449833148938300,"type":"point","name":"time-to-find-last|done|cypress-provider|3","measures":{"value":948542168}}
{"ts":1675449833261027092,"type":"point","name":"time-to-find|done|cypress-provider|3","measures":{"value":46333204689}}
{"ts":1675449833301839967,"type":"point","name":"peers-found|done|cypress-provider|3","measures":{"value":40}}
{"ts":1675449833324149758,"type":"point","name":"peers-missing|done|cypress-provider|3","measures":{"value":0}}
{"ts":1675449832939107883,"type":"point","name":"num-hops|cypress-provider|19","measures":{"value":2}}
{"ts":1675449833384240300,"type":"point","name":"time-to-find-last|done|cypress-provider|19","measures":{"value":1154404042}}
{"ts":1675449833401566633,"type":"point","name":"time-to-find|done|cypress-provider|19","measures":{"value":46272871730}}
{"ts":1675449833433820175,"type":"point","name":"peers-found|done|cypress-provider|19","measures":{"value":40}}
{"ts":1675449833454084092,"type":"point","name":"peers-missing|done|cypress-provider|19","measures":{"value":0}}
{"ts":1675449834029459842,"type":"point","name":"num-hops|cypress-provider|13","measures":{"value":2}}
{"ts":1675449834084250634,"type":"point","name":"time-to-find-last|done|cypress-provider|13","measures":{"value":1605374709}}
{"ts":1675449834096713592,"type":"point","name":"time-to-find|done|cypress-provider|13","measures":{"value":46967945189}}
{"ts":1675449834138750967,"type":"point","name":"num-hops|cypress-provider|8","measures":{"value":2}}
{"ts":1675449834154788509,"type":"point","name":"time-to-find-last|done|cypress-provider|8","measures":{"value":1051862001}}
{"ts":1675449834199262050,"type":"point","name":"time-to-find|done|cypress-provider|8","measures":{"value":47270916772}}
{"ts":1675449834213767050,"type":"point","name":"peers-found|done|cypress-provider|8","measures":{"value":40}}
{"ts":1675449834249682550,"type":"point","name":"peers-missing|done|cypress-provider|8","measures":{"value":0}}
{"ts":1675449834138900134,"type":"point","name":"peers-found|done|cypress-provider|13","measures":{"value":40}}
{"ts":1675449834310844009,"type":"point","name":"peers-missing|done|cypress-provider|13","measures":{"value":0}}
{"ts":1675449834152064259,"type":"point","name":"num-hops|cypress-provider|17","measures":{"value":2}}
{"ts":1675449834372672092,"type":"point","name":"time-to-find-last|done|cypress-provider|17","measures":{"value":1941148709}}
{"ts":1675449834381826592,"type":"point","name":"time-to-find|done|cypress-provider|17","measures":{"value":47252925147}}
{"ts":1675449834410252509,"type":"point","name":"peers-found|done|cypress-provider|17","measures":{"value":40}}
{"ts":1675449834432836467,"type":"point","name":"peers-missing|done|cypress-provider|17","measures":{"value":0}}
{"ts":1675449834334793467,"type":"point","name":"num-hops|cypress-provider|5","measures":{"value":2}}
{"ts":1675449834516938217,"type":"point","name":"time-to-find-last|done|cypress-provider|5","measures":{"value":447965875}}
{"ts":1675449834573108134,"type":"point","name":"time-to-find|done|cypress-provider|5","measures":{"value":47677444523}}
{"ts":1675449834590160676,"type":"point","name":"peers-found|done|cypress-provider|5","measures":{"value":40}}
{"ts":1675449834613081342,"type":"point","name":"peers-missing|done|cypress-provider|5","measures":{"value":0}}
{"ts":1675449834673817467,"type":"point","name":"num-hops|cypress-provider|14","measures":{"value":1}}
{"ts":1675449834715590759,"type":"point","name":"time-to-find-last|done|cypress-provider|14","measures":{"value":1584433584}}
{"ts":1675449834770907509,"type":"point","name":"time-to-find|done|cypress-provider|14","measures":{"value":47642103980}}
{"ts":1675449834806657426,"type":"point","name":"peers-found|done|cypress-provider|14","measures":{"value":40}}
{"ts":1675449834848502342,"type":"point","name":"peers-missing|done|cypress-provider|14","measures":{"value":0}}
{"ts":1675449835295930218,"type":"point","name":"num-hops|cypress-provider|2","measures":{"value":2}}
{"ts":1675449835335436718,"type":"point","name":"time-to-find-last|done|cypress-provider|2","measures":{"value":536662750}}
{"ts":1675449835361872051,"type":"point","name":"time-to-find|done|cypress-provider|2","measures":{"value":48434736439}}
{"ts":1675449835412727134,"type":"point","name":"peers-found|done|cypress-provider|2","measures":{"value":40}}
{"ts":1675449835459636426,"type":"point","name":"peers-missing|done|cypress-provider|2","measures":{"value":0}}
{"ts":1675449835457118551,"type":"point","name":"num-hops|cypress-provider|4","measures":{"value":2}}
{"ts":1675449835561588134,"type":"point","name":"time-to-find-last|done|cypress-provider|4","measures":{"value":661346709}}
{"ts":1675449835596776259,"type":"point","name":"time-to-find|done|cypress-provider|4","measures":{"value":48670204565}}
{"ts":1675449835628923968,"type":"point","name":"peers-found|done|cypress-provider|4","measures":{"value":40}}
{"ts":1675449835662932259,"type":"point","name":"peers-missing|done|cypress-provider|4","measures":{"value":0}}
{"ts":1675449835912709384,"type":"point","name":"num-hops|cypress-provider|12","measures":{"value":2}}
{"ts":1675449835973241968,"type":"point","name":"time-to-find-last|done|cypress-provider|12","measures":{"value":1147062750}}
{"ts":1675449836024247968,"type":"point","name":"time-to-find|done|cypress-provider|12","measures":{"value":48895760356}}
{"ts":1675449836043778551,"type":"point","name":"peers-found|done|cypress-provider|12","measures":{"value":40}}
{"ts":1675449836059137468,"type":"point","name":"peers-missing|done|cypress-provider|12","measures":{"value":0}}
{"ts":1675449837142087427,"type":"point","name":"num-hops|cypress-provider|11","measures":{"value":2}}
{"ts":1675449837177964343,"type":"point","name":"time-to-find-last|done|cypress-provider|11","measures":{"value":1277889793}}
{"ts":1675449837205015718,"type":"point","name":"time-to-find|done|cypress-provider|11","measures":{"value":50275852482}}
{"ts":1675449837217550427,"type":"point","name":"peers-found|done|cypress-provider|11","measures":{"value":40}}
{"ts":1675449837299236218,"type":"point","name":"peers-missing|done|cypress-provider|11","measures":{"value":0}}
{"ts":1675449837620640677,"type":"point","name":"num-hops|cypress-provider|15","measures":{"value":1}}
{"ts":1675449837636772052,"type":"point","name":"time-to-find-last|done|cypress-provider|15","measures":{"value":1467368667}}
{"ts":1675449837662867802,"type":"point","name":"time-to-find|done|cypress-provider|15","measures":{"value":50534025274}}
{"ts":1675449837713813094,"type":"point","name":"peers-found|done|cypress-provider|15","measures":{"value":40}}
{"ts":1675449837750532719,"type":"point","name":"peers-missing|done|cypress-provider|15","measures":{"value":0}}
{"ts":1675449837866955927,"type":"point","name":"num-hops|cypress-provider|10","measures":{"value":1}}
{"ts":1675449837893199344,"type":"point","name":"time-to-find-last|done|cypress-provider|10","measures":{"value":1112113418}}
{"ts":1675449837923237427,"type":"point","name":"time-to-find|done|cypress-provider|10","measures":{"value":50994461649}}
{"ts":1675449838016229344,"type":"point","name":"peers-found|done|cypress-provider|10","measures":{"value":40}}
{"ts":1675449838031833427,"type":"point","name":"peers-missing|done|cypress-provider|10","measures":{"value":0}}
{"ts":1675449838086031177,"type":"point","name":"num-hops|cypress-provider|16","measures":{"value":1}}
{"ts":1675449838145504011,"type":"point","name":"time-to-find-last|done|cypress-provider|16","measures":{"value":1164393292}}
{"ts":1675449838157110761,"type":"point","name":"time-to-find|done|cypress-provider|16","measures":{"value":51028233441}}
{"ts":1675449838176206344,"type":"point","name":"peers-found|done|cypress-provider|16","measures":{"value":40}}
{"ts":1675449838220248594,"type":"point","name":"peers-missing|done|cypress-provider|16","measures":{"value":0}}
{"ts":1675449838688546427,"type":"point","name":"num-hops|cypress-provider|9","measures":{"value":1}}
{"ts":1675449838747727219,"type":"point","name":"time-to-find-last|done|cypress-provider|9","measures":{"value":1286620875}}
{"ts":1675449838802686053,"type":"point","name":"time-to-find|done|cypress-provider|9","measures":{"value":51851469608}}
{"ts":1675449838839167886,"type":"point","name":"peers-found|done|cypress-provider|9","measures":{"value":40}}
{"ts":1675449838891805261,"type":"point","name":"peers-missing|done|cypress-provider|9","measures":{"value":0}}
{"ts":1675449838840891969,"type":"point","name":"num-hops|cypress-provider|18","measures":{"value":1}}
{"ts":1675449838920942678,"type":"point","name":"time-to-find-last|done|cypress-provider|18","measures":{"value":2410887876}}
{"ts":1675449838948763469,"type":"point","name":"time-to-find|done|cypress-provider|18","measures":{"value":51819838649}}
{"ts":1675449838964514469,"type":"point","name":"peers-found|done|cypress-provider|18","measures":{"value":40}}
{"ts":1675449838999458303,"type":"point","name":"peers-missing|done|cypress-provider|18","measures":{"value":0}}
{"ts":1675449838932238469,"type":"point","name":"num-hops|cypress-provider|7","measures":{"value":2}}
{"ts":1675449839070827553,"type":"point","name":"time-to-find-last|done|cypress-provider|7","measures":{"value":1241861126}}
{"ts":1675449839094526011,"type":"point","name":"time-to-find|done|cypress-provider|7","measures":{"value":51852409774}}
{"ts":1675449839153833636,"type":"point","name":"peers-found|done|cypress-provider|7","measures":{"value":40}}
{"ts":1675449839188027011,"type":"point","name":"peers-missing|done|cypress-provider|7","measures":{"value":0}}
{"ts":1675449839592866303,"type":"point","name":"num-hops|cypress-provider|6","measures":{"value":1}}
{"ts":1675449839607850511,"type":"point","name":"time-to-find-last|done|cypress-provider|6","measures":{"value":2155307085}}
{"ts":1675449839638455178,"type":"point","name":"time-to-find|done|cypress-provider|6","measures":{"value":52510066692}}
{"ts":1675449839662955136,"type":"point","name":"peers-found|done|cypress-provider|6","measures":{"value":40}}
{"ts":1675449839707850511,"type":"point","name":"peers-missing|done|cypress-provider|6","measures":{"value":0}}
{"ts":1675449839801814970,"type":"point","name":"signal provider-records2","measures":{"value":65560458}}
{"ts":1675449845185752125,"type":"point","name":"bandwidth-total-in|cypress-provider|1|6","measures":{"value":2330741}}
{"ts":1675449845212255375,"type":"point","name":"bandwidth-total-out|cypress-provider|1|6","measures":{"value":2989523}}
{"ts":1675449845273201333,"type":"point","name":"bandwidth-rate-in|cypress-provider|1|6","measures":{"value":1.6830759430589082}}
{"ts":1675449845290978083,"type":"point","name":"bandwidth-rate-out|cypress-provider|1|6","measures":{"value":127.56534637594604}}
{"ts":1675449848937071710,"type":"point","name":"barrierprovider-records2","measures":{"value":9101977962}}
{"ts":1675449849072277876,"type":"point","name":"full provider-records2","measures":{"value":62177567987}}
