{"ts":1675723049419846129,"type":"point","name":"bandwidth-total-in|cypress-provider|39|0","measures":{"value":234021}}
{"ts":1675723049422538670,"type":"point","name":"bandwidth-total-out|cypress-provider|39|0","measures":{"value":200127}}
{"ts":1675723049424541212,"type":"point","name":"bandwidth-rate-in|cypress-provider|39|0","measures":{"value":0.35920916929574487}}
{"ts":1675723049426434545,"type":"point","name":"bandwidth-rate-out|cypress-provider|39|0","measures":{"value":0.248538537491961}}
{"ts":1675723066903438887,"type":"point","name":"signal bootstrapping0","measures":{"value":22464708}}
{"ts":1675723067006189304,"type":"point","name":"barrierbootstrapping0","measures":{"value":95226834}}
{"ts":1675723067085610095,"type":"point","name":"full bootstrapping0","measures":{"value":37342773393}}
{"ts":1675723069614646263,"type":"point","name":"bandwidth-total-in|cypress-provider|39|1","measures":{"value":288118}}
{"ts":1675723069631403971,"type":"point","name":"bandwidth-total-out|cypress-provider|39|1","measures":{"value":283180}}
{"ts":1675723069662949638,"type":"point","name":"bandwidth-rate-in|cypress-provider|39|1","measures":{"value":12373.646180797026}}
{"ts":1675723069672243471,"type":"point","name":"bandwidth-rate-out|cypress-provider|39|1","measures":{"value":22615.10228299419}}
{"ts":1675723089451984550,"type":"point","name":"bandwidth-total-in|cypress-provider|39|2","measures":{"value":627503}}
{"ts":1675723089547887508,"type":"point","name":"bandwidth-total-out|cypress-provider|39|2","measures":{"value":600051}}
{"ts":1675723089558875675,"type":"point","name":"bandwidth-rate-in|cypress-provider|39|2","measures":{"value":9081.09010597212}}
{"ts":1675723089597862883,"type":"point","name":"bandwidth-rate-out|cypress-provider|39|2","measures":{"value":4436.351094863316}}
{"ts":1675723109464342337,"type":"point","name":"bandwidth-total-in|cypress-provider|39|3","measures":{"value":761302}}
{"ts":1675723109530521212,"type":"point","name":"bandwidth-total-out|cypress-provider|39|3","measures":{"value":750406}}
{"ts":1675723109599495504,"type":"point","name":"bandwidth-rate-in|cypress-provider|39|3","measures":{"value":9584.926677396013}}
{"ts":1675723109626336045,"type":"point","name":"bandwidth-rate-out|cypress-provider|39|3","measures":{"value":8147.02083059392}}
{"ts":1675723121931949259,"type":"point","name":"time-to-provide-13","measures":{"value":53399611692}}
{"ts":1675723123229819843,"type":"point","name":"time-to-provide-12","measures":{"value":54697605234}}
{"ts":1675723123263341052,"type":"point","name":"time-to-provide-10","measures":{"value":54731208026}}
{"ts":1675723123567378510,"type":"point","name":"time-to-provide-3","measures":{"value":55036404985}}
{"ts":1675723123939288177,"type":"point","name":"time-to-provide-8","measures":{"value":55407674984}}
{"ts":1675723124106485135,"type":"point","name":"time-to-provide-16","measures":{"value":55574063735}}
{"ts":1675723124231282510,"type":"point","name":"time-to-provide-14","measures":{"value":55699245985}}
{"ts":1675723124988199136,"type":"point","name":"time-to-provide-19","measures":{"value":56458659735}}
{"ts":1675723125037062178,"type":"point","name":"time-to-provide-0","measures":{"value":56506481652}}
{"ts":1675723125462578053,"type":"point","name":"time-to-provide-2","measures":{"value":56931648777}}
{"ts":1675723125612543303,"type":"point","name":"time-to-provide-6","measures":{"value":57080938694}}
{"ts":1675723125822135303,"type":"point","name":"time-to-provide-7","measures":{"value":57290571111}}
{"ts":1675723125978070761,"type":"point","name":"time-to-provide-15","measures":{"value":57445584194}}
{"ts":1675723126141256678,"type":"point","name":"time-to-provide-11","measures":{"value":57609086610}}
{"ts":1675723126810537470,"type":"point","name":"time-to-provide-18","measures":{"value":58277089611}}
{"ts":1675723127253075470,"type":"point","name":"time-to-provide-17","measures":{"value":58720515320}}
{"ts":1675723127400569429,"type":"point","name":"time-to-provide-9","measures":{"value":58870325403}}
{"ts":1675723128509244804,"type":"point","name":"time-to-provide-1","measures":{"value":59978396487}}
{"ts":1675723129170801305,"type":"point","name":"time-to-provide-5","measures":{"value":60639317987}}
{"ts":1675723129445545471,"type":"point","name":"bandwidth-total-in|cypress-provider|39|4","measures":{"value":903816}}
{"ts":1675723129500165930,"type":"point","name":"bandwidth-total-out|cypress-provider|39|4","measures":{"value":836319}}
{"ts":1675723129522538638,"type":"point","name":"bandwidth-rate-in|cypress-provider|39|4","measures":{"value":2242.4509226649866}}
{"ts":1675723129551435721,"type":"point","name":"bandwidth-rate-out|cypress-provider|39|4","measures":{"value":2832.1288937354675}}
{"ts":1675723130204926805,"type":"point","name":"time-to-provide-4","measures":{"value":61673509988}}
{"ts":1675723130333201055,"type":"point","name":"signal provider-records1","measures":{"value":96931750}}
{"ts":1675723134446763209,"type":"point","name":"barrierprovider-records1","measures":{"value":4088618209}}
{"ts":1675723134574675876,"type":"point","name":"full provider-records1","measures":{"value":66231804197}}
{"ts":1675723144646318423,"type":"point","name":"time-to-find-first|cypress-provider|19","measures":{"value":5710643545}}
{"ts":1675723147221112257,"type":"point","name":"time-to-find-first|cypress-provider|12","measures":{"value":8281078045}}
{"ts":1675723148054708133,"type":"point","name":"time-to-find-first|cypress-provider|1","measures":{"value":9115339088}}
{"ts":1675723148649098258,"type":"point","name":"time-to-find-first|cypress-provider|0","measures":{"value":9476310504}}
{"ts":1675723148663093341,"type":"point","name":"time-to-find-first|cypress-provider|13","measures":{"value":9343882046}}
{"ts":1675723148622116299,"type":"point","name":"time-to-find-first|cypress-provider|5","measures":{"value":9682350005}}
{"ts":1675723149516599925,"type":"point","name":"bandwidth-total-in|cypress-provider|39|5","measures":{"value":909848}}
{"ts":1675723151115392176,"type":"point","name":"bandwidth-total-out|cypress-provider|39|5","measures":{"value":858655}}
{"ts":1675723151246486259,"type":"point","name":"bandwidth-rate-in|cypress-provider|39|5","measures":{"value":37.736491156339994}}
{"ts":1675723151368823592,"type":"point","name":"bandwidth-rate-out|cypress-provider|39|5","measures":{"value":242.20790151143186}}
{"ts":1675723150278639300,"type":"point","name":"time-to-find-first|cypress-provider|16","measures":{"value":10993844047}}
{"ts":1675723148621854924,"type":"point","name":"time-to-find-first|cypress-provider|3","measures":{"value":9682227463}}
{"ts":1675723152554080385,"type":"point","name":"time-to-find-first|cypress-provider|2","measures":{"value":13614603007}}
{"ts":1675723150062535800,"type":"point","name":"time-to-find-first|cypress-provider|15","measures":{"value":10780757839}}
{"ts":1675723151366687551,"type":"point","name":"time-to-find-first|cypress-provider|11","measures":{"value":7855697503}}
{"ts":1675723150063005342,"type":"point","name":"time-to-find-first|cypress-provider|8","measures":{"value":6532104461}}
{"ts":1675723148622035924,"type":"point","name":"time-to-find-first|cypress-provider|4","measures":{"value":9682344213}}
{"ts":1675723152303431301,"type":"point","name":"time-to-find-first|cypress-provider|6","measures":{"value":13249304298}}
{"ts":1675723152318939218,"type":"point","name":"time-to-find-first|cypress-provider|9","measures":{"value":8464557795}}
{"ts":1675723152530189010,"type":"point","name":"time-to-find-first|cypress-provider|18","measures":{"value":13359724340}}
{"ts":1675723153148083010,"type":"point","name":"time-to-find-first|cypress-provider|7","measures":{"value":14191884173}}
{"ts":1675723151175977592,"type":"point","name":"time-to-find-first|cypress-provider|10","measures":{"value":11709767547}}
{"ts":1675723154421808302,"type":"point","name":"time-to-find-first|cypress-provider|17","measures":{"value":9205858629}}
{"ts":1675723155018996427,"type":"point","name":"time-to-find-first|cypress-provider|14","measures":{"value":8949431629}}
{"ts":1675723169487542712,"type":"point","name":"bandwidth-total-in|cypress-provider|39|6","measures":{"value":1060932}}
{"ts":1675723169616024462,"type":"point","name":"bandwidth-total-out|cypress-provider|39|6","measures":{"value":1050261}}
{"ts":1675723170001453045,"type":"point","name":"bandwidth-rate-in|cypress-provider|39|6","measures":{"value":15717.25543657699}}
{"ts":1675723170032388754,"type":"point","name":"bandwidth-rate-out|cypress-provider|39|6","measures":{"value":14021.832918433902}}
{"ts":1675723195143285126,"type":"point","name":"bandwidth-total-in|cypress-provider|39|7","measures":{"value":1159113}}
{"ts":1675723195235903251,"type":"point","name":"bandwidth-total-out|cypress-provider|39|7","measures":{"value":1110301}}
{"ts":1675723195567353210,"type":"point","name":"bandwidth-rate-in|cypress-provider|39|7","measures":{"value":1523.712981905059}}
{"ts":1675723197589326627,"type":"point","name":"bandwidth-rate-out|cypress-provider|39|7","measures":{"value":10.630607782266411}}
{"ts":1675723209848839925,"type":"point","name":"bandwidth-total-in|cypress-provider|39|8","measures":{"value":1180614}}
{"ts":1675723211271999092,"type":"point","name":"bandwidth-total-out|cypress-provider|39|8","measures":{"value":1183751}}
{"ts":1675723211527311384,"type":"point","name":"bandwidth-rate-in|cypress-provider|39|8","measures":{"value":6220.394334474578}}
{"ts":1675723211552008009,"type":"point","name":"bandwidth-rate-out|cypress-provider|39|8","measures":{"value":16672.051989180916}}
{"ts":1675723229439703045,"type":"point","name":"bandwidth-total-in|cypress-provider|39|9","measures":{"value":1234100}}
{"ts":1675723229463436045,"type":"point","name":"bandwidth-total-out|cypress-provider|39|9","measures":{"value":1253173}}
{"ts":1675723229601365753,"type":"point","name":"bandwidth-rate-in|cypress-provider|39|9","measures":{"value":2537.088680618102}}
{"ts":1675723229731670878,"type":"point","name":"bandwidth-rate-out|cypress-provider|39|9","measures":{"value":3590.728056363716}}
{"ts":1675723249563444680,"type":"point","name":"bandwidth-total-in|cypress-provider|39|10","measures":{"value":1353170}}
{"ts":1675723249581655346,"type":"point","name":"bandwidth-total-out|cypress-provider|39|10","measures":{"value":1291359}}
{"ts":1675723249728969388,"type":"point","name":"bandwidth-rate-in|cypress-provider|39|10","measures":{"value":6927.983483292408}}
{"ts":1675723249746011596,"type":"point","name":"bandwidth-rate-out|cypress-provider|39|10","measures":{"value":564.753988419572}}
{"ts":1675723269444270175,"type":"point","name":"bandwidth-total-in|cypress-provider|39|11","measures":{"value":1484910}}
{"ts":1675723269533143466,"type":"point","name":"bandwidth-total-out|cypress-provider|39|11","measures":{"value":1383483}}
{"ts":1675723269600761508,"type":"point","name":"bandwidth-rate-in|cypress-provider|39|11","measures":{"value":5655.55488631245}}
{"ts":1675723269680265425,"type":"point","name":"bandwidth-rate-out|cypress-provider|39|11","measures":{"value":2445.6650016287554}}
{"ts":1675723272185292051,"type":"point","name":"num-hops|cypress-provider|11","measures":{"value":1}}
{"ts":1675723272219710676,"type":"point","name":"time-to-find-last|done|cypress-provider|11","measures":{"value":10905132547}}
{"ts":1675723272228923301,"type":"point","name":"time-to-find|done|cypress-provider|11","measures":{"value":128759840308}}
{"ts":1675723272250912009,"type":"point","name":"peers-found|done|cypress-provider|11","measures":{"value":40}}
{"ts":1675723272270109676,"type":"point","name":"peers-missing|done|cypress-provider|11","measures":{"value":0}}
{"ts":1675723273649921135,"type":"point","name":"num-hops|cypress-provider|9","measures":{"value":3}}
{"ts":1675723273897232427,"type":"point","name":"time-to-find-last|done|cypress-provider|9","measures":{"value":8464557795}}
{"ts":1675723273994625219,"type":"point","name":"time-to-find|done|cypress-provider|9","measures":{"value":130182155350}}
{"ts":1675723274042888719,"type":"point","name":"peers-found|done|cypress-provider|9","measures":{"value":1}}
{"ts":1675723274095024760,"type":"point","name":"peers-missing|done|cypress-provider|9","measures":{"value":39}}
{"ts":1675723274403939719,"type":"point","name":"num-hops|cypress-provider|18","measures":{"value":2}}
{"ts":1675723274445950760,"type":"point","name":"time-to-find-last|done|cypress-provider|18","measures":{"value":13359724340}}
{"ts":1675723274467429135,"type":"point","name":"time-to-find|done|cypress-provider|18","measures":{"value":135338874270}}
{"ts":1675723274519154510,"type":"point","name":"peers-found|done|cypress-provider|18","measures":{"value":1}}
{"ts":1675723274539117219,"type":"point","name":"peers-missing|done|cypress-provider|18","measures":{"value":39}}
{"ts":1675723275682759053,"type":"point","name":"num-hops|cypress-provider|16","measures":{"value":2}}
{"ts":1675723275715992594,"type":"point","name":"time-to-find-last|done|cypress-provider|16","measures":{"value":15138008007}}
{"ts":1675723275758989011,"type":"point","name":"time-to-find|done|cypress-provider|16","measures":{"value":136516126853}}
{"ts":1675723275796089303,"type":"point","name":"peers-found|done|cypress-provider|16","measures":{"value":21}}
{"ts":1675723275828276678,"type":"point","name":"peers-missing|done|cypress-provider|16","measures":{"value":19}}
{"ts":1675723275965614511,"type":"point","name":"num-hops|cypress-provider|13","measures":{"value":1}}
{"ts":1675723276003504136,"type":"point","name":"time-to-find-last|done|cypress-provider|13","measures":{"value":10756532214}}
{"ts":1675723276056570761,"type":"point","name":"time-to-find|done|cypress-provider|13","measures":{"value":136770935396}}
{"ts":1675723276115617261,"type":"point","name":"peers-found|done|cypress-provider|13","measures":{"value":21}}
{"ts":1675723276143708803,"type":"point","name":"peers-missing|done|cypress-provider|13","measures":{"value":19}}
{"ts":1675723276191584345,"type":"point","name":"num-hops|cypress-provider|19","measures":{"value":2}}
{"ts":1675723276268279886,"type":"point","name":"time-to-find-last|done|cypress-provider|19","measures":{"value":5710643545}}
{"ts":1675723276293065553,"type":"point","name":"time-to-find|done|cypress-provider|19","measures":{"value":137399464188}}
{"ts":1675723276328135220,"type":"point","name":"peers-found|done|cypress-provider|19","measures":{"value":1}}
{"ts":1675723276350275886,"type":"point","name":"peers-missing|done|cypress-provider|19","measures":{"value":39}}
{"ts":1675723276271036595,"type":"point","name":"num-hops|cypress-provider|15","measures":{"value":1}}
{"ts":1675723276396269011,"type":"point","name":"time-to-find-last|done|cypress-provider|15","measures":{"value":15134104841}}
{"ts":1675723276432117511,"type":"point","name":"time-to-find|done|cypress-provider|15","measures":{"value":137192250604}}
{"ts":1675723276460154595,"type":"point","name":"peers-found|done|cypress-provider|15","measures":{"value":21}}
{"ts":1675723276451550178,"type":"point","name":"num-hops|cypress-provider|6","measures":{"value":3}}
{"ts":1675723276513816761,"type":"point","name":"peers-missing|done|cypress-provider|15","measures":{"value":19}}
{"ts":1675723276579586928,"type":"point","name":"time-to-find-last|done|cypress-provider|6","measures":{"value":13249304298}}
{"ts":1675723276647608220,"type":"point","name":"time-to-find|done|cypress-provider|6","measures":{"value":137635392479}}
{"ts":1675723276660671761,"type":"point","name":"peers-found|done|cypress-provider|6","measures":{"value":1}}
{"ts":1675723276728630553,"type":"point","name":"peers-missing|done|cypress-provider|6","measures":{"value":39}}
{"ts":1675723276988681470,"type":"point","name":"num-hops|cypress-provider|2","measures":{"value":2}}
{"ts":1675723277010878637,"type":"point","name":"time-to-find-last|done|cypress-provider|2","measures":{"value":13614603007}}
{"ts":1675723277036809178,"type":"point","name":"time-to-find|done|cypress-provider|2","measures":{"value":138139242563}}
{"ts":1675723277095935303,"type":"point","name":"peers-found|done|cypress-provider|2","measures":{"value":1}}
{"ts":1675723277130665303,"type":"point","name":"peers-missing|done|cypress-provider|2","measures":{"value":39}}
{"ts":1675723277733051929,"type":"point","name":"num-hops|cypress-provider|17","measures":{"value":3}}
{"ts":1675723277825098054,"type":"point","name":"time-to-find-last|done|cypress-provider|17","measures":{"value":9205858629}}
{"ts":1675723277843962220,"type":"point","name":"time-to-find|done|cypress-provider|17","measures":{"value":133902911685}}
{"ts":1675723277877908137,"type":"point","name":"peers-found|done|cypress-provider|17","measures":{"value":1}}
{"ts":1675723277907035054,"type":"point","name":"peers-missing|done|cypress-provider|17","measures":{"value":39}}
{"ts":1675723278287985846,"type":"point","name":"num-hops|cypress-provider|7","measures":{"value":3}}
{"ts":1675723278307099804,"type":"point","name":"time-to-find-last|done|cypress-provider|7","measures":{"value":14191884173}}
{"ts":1675723278321919221,"type":"point","name":"time-to-find|done|cypress-provider|7","measures":{"value":139407632605}}
{"ts":1675723278372709387,"type":"point","name":"peers-found|done|cypress-provider|7","measures":{"value":1}}
{"ts":1675723278393280012,"type":"point","name":"peers-missing|done|cypress-provider|7","measures":{"value":39}}
{"ts":1675723278438165179,"type":"point","name":"num-hops|cypress-provider|10","measures":{"value":2}}
{"ts":1675723278461224512,"type":"point","name":"time-to-find-last|done|cypress-provider|10","measures":{"value":15510637465}}
{"ts":1675723278481041387,"type":"point","name":"time-to-find|done|cypress-provider|10","measures":{"value":139056738730}}
{"ts":1675723278494215137,"type":"point","name":"peers-found|done|cypress-provider|10","measures":{"value":40}}
{"ts":1675723278524156012,"type":"point","name":"peers-missing|done|cypress-provider|10","measures":{"value":0}}
{"ts":1675723279734158513,"type":"point","name":"num-hops|cypress-provider|3","measures":{"value":2}}
{"ts":1675723279747690346,"type":"point","name":"time-to-find-last|done|cypress-provider|3","measures":{"value":14254247424}}
{"ts":1675723279772705055,"type":"point","name":"time-to-find|done|cypress-provider|3","measures":{"value":140874991315}}
{"ts":1675723279793102721,"type":"point","name":"peers-found|done|cypress-provider|3","measures":{"value":40}}
{"ts":1675723279842139680,"type":"point","name":"peers-missing|done|cypress-provider|3","measures":{"value":0}}
{"ts":1675723279843311346,"type":"point","name":"num-hops|cypress-provider|14","measures":{"value":2}}
{"ts":1675723279950111888,"type":"point","name":"time-to-find-last|done|cypress-provider|14","measures":{"value":8949431629}}
{"ts":1675723280026143555,"type":"point","name":"time-to-find|done|cypress-provider|14","measures":{"value":135827615478}}
{"ts":1675723280036834305,"type":"point","name":"peers-found|done|cypress-provider|14","measures":{"value":1}}
{"ts":1675723280079774971,"type":"point","name":"peers-missing|done|cypress-provider|14","measures":{"value":39}}
{"ts":1675723280648020888,"type":"point","name":"num-hops|cypress-provider|5","measures":{"value":2}}
{"ts":1675723280676294888,"type":"point","name":"time-to-find-last|done|cypress-provider|5","measures":{"value":12129898673}}
{"ts":1675723280697105180,"type":"point","name":"time-to-find|done|cypress-provider|5","measures":{"value":141799243565}}
{"ts":1675723280715677805,"type":"point","name":"peers-found|done|cypress-provider|5","measures":{"value":40}}
{"ts":1675723280722773972,"type":"point","name":"peers-missing|done|cypress-provider|5","measures":{"value":0}}
{"ts":1675723281050093722,"type":"point","name":"num-hops|cypress-provider|4","measures":{"value":2}}
{"ts":1675723281059089764,"type":"point","name":"time-to-find-last|done|cypress-provider|4","measures":{"value":14986413883}}
{"ts":1675723281085262722,"type":"point","name":"time-to-find|done|cypress-provider|4","measures":{"value":142187476315}}
{"ts":1675723281162795430,"type":"point","name":"peers-found|done|cypress-provider|4","measures":{"value":40}}
{"ts":1675723281173068639,"type":"point","name":"peers-missing|done|cypress-provider|4","measures":{"value":0}}
{"ts":1675723282303532667,"type":"point","name":"num-hops|cypress-provider|1","measures":{"value":2}}
{"ts":1675723282330071250,"type":"point","name":"time-to-find-last|done|cypress-provider|1","measures":{"value":10577452547}}
{"ts":1675723282367457625,"type":"point","name":"time-to-find|done|cypress-provider|1","measures":{"value":143454648273}}
{"ts":1675723282376045167,"type":"point","name":"peers-found|done|cypress-provider|1","measures":{"value":40}}
{"ts":1675723282393383125,"type":"point","name":"peers-missing|done|cypress-provider|1","measures":{"value":0}}
{"ts":1675723282896408958,"type":"point","name":"num-hops|cypress-provider|12","measures":{"value":4}}
{"ts":1675723282920346792,"type":"point","name":"time-to-find-last|done|cypress-provider|12","measures":{"value":8582872712}}
{"ts":1675723282952523625,"type":"point","name":"time-to-find|done|cypress-provider|12","measures":{"value":144032777648}}
{"ts":1675723282974112042,"type":"point","name":"peers-found|done|cypress-provider|12","measures":{"value":40}}
{"ts":1675723282987105458,"type":"point","name":"peers-missing|done|cypress-provider|12","measures":{"value":0}}
{"ts":1675723283142065667,"type":"point","name":"num-hops|cypress-provider|0","measures":{"value":2}}
{"ts":1675723283173472375,"type":"point","name":"time-to-find-last|done|cypress-provider|0","measures":{"value":12902909048}}
{"ts":1675723283191341459,"type":"point","name":"time-to-find|done|cypress-provider|0","measures":{"value":144045112690}}
{"ts":1675723283206093875,"type":"point","name":"peers-found|done|cypress-provider|0","measures":{"value":40}}
{"ts":1675723283218255125,"type":"point","name":"peers-missing|done|cypress-provider|0","measures":{"value":0}}
{"ts":1675723284619535584,"type":"point","name":"num-hops|cypress-provider|8","measures":{"value":3}}
{"ts":1675723284697373209,"type":"point","name":"time-to-find-last|done|cypress-provider|8","measures":{"value":12104970047}}
{"ts":1675723284706517668,"type":"point","name":"time-to-find|done|cypress-provider|8","measures":{"value":141202175688}}
{"ts":1675723284728938459,"type":"point","name":"peers-found|done|cypress-provider|8","measures":{"value":40}}
{"ts":1675723284734839709,"type":"point","name":"peers-missing|done|cypress-provider|8","measures":{"value":0}}
{"ts":1675723284818563709,"type":"point","name":"signal provider-records2","measures":{"value":55294917}}
{"ts":1675723289297552503,"type":"point","name":"barrierprovider-records2","measures":{"value":4450038794}}
{"ts":1675723289424006295,"type":"point","name":"bandwidth-total-in|cypress-provider|39|12","measures":{"value":1529448}}
{"ts":1675723289433880087,"type":"point","name":"bandwidth-total-out|cypress-provider|39|12","measures":{"value":1394315}}
{"ts":1675723289477988420,"type":"point","name":"bandwidth-rate-in|cypress-provider|39|12","measures":{"value":1.7417605207561326}}
{"ts":1675723289489577962,"type":"point","name":"bandwidth-rate-out|cypress-provider|39|12","measures":{"value":0.8154434505134084}}
{"ts":1675723289476452962,"type":"point","name":"full provider-records2","measures":{"value":150922253151}}
{"ts":1675723309475826388,"type":"point","name":"bandwidth-total-in|cypress-provider|39|13","measures":{"value":1529448}}
{"ts":1675723309515448138,"type":"point","name":"bandwidth-total-out|cypress-provider|39|13","measures":{"value":1394315}}
{"ts":1675723309531774429,"type":"point","name":"bandwidth-rate-in|cypress-provider|39|13","measures":{"value":3.590036006776975e-9}}
{"ts":1675723309555626680,"type":"point","name":"bandwidth-rate-out|cypress-provider|39|13","measures":{"value":1.6807542219195102e-9}}
