{"ts":1675449725727438708,"type":"point","name":"bandwidth-total-in|cypress-provider|11|0","measures":{"value":162461}}
{"ts":1675449725730411917,"type":"point","name":"bandwidth-total-out|cypress-provider|11|0","measures":{"value":190366}}
{"ts":1675449725732347417,"type":"point","name":"bandwidth-rate-in|cypress-provider|11|0","measures":{"value":0.5269488327362977}}
{"ts":1675449725734256333,"type":"point","name":"bandwidth-rate-out|cypress-provider|11|0","measures":{"value":0.5979865254700455}}
{"ts":1675449742885862591,"type":"point","name":"signal bootstrapping0","measures":{"value":22642000}}
{"ts":1675449743996139050,"type":"point","name":"barrierbootstrapping0","measures":{"value":1099897084}}
{"ts":1675449744070037259,"type":"point","name":"full bootstrapping0","measures":{"value":37552391101}}
{"ts":1675449745738282634,"type":"point","name":"bandwidth-total-in|cypress-provider|11|1","measures":{"value":184267}}
{"ts":1675449745830033926,"type":"point","name":"bandwidth-total-out|cypress-provider|11|1","measures":{"value":224762}}
{"ts":1675449745845613301,"type":"point","name":"bandwidth-rate-in|cypress-provider|11|1","measures":{"value":36.05834103113799}}
{"ts":1675449745899191884,"type":"point","name":"bandwidth-rate-out|cypress-provider|11|1","measures":{"value":94.92755771196356}}
{"ts":1675449765735653296,"type":"point","name":"bandwidth-total-in|cypress-provider|11|2","measures":{"value":659213}}
{"ts":1675449765773001046,"type":"point","name":"bandwidth-total-out|cypress-provider|11|2","measures":{"value":744947}}
{"ts":1675449765815542671,"type":"point","name":"bandwidth-rate-in|cypress-provider|11|2","measures":{"value":12690.784019380848}}
{"ts":1675449765849514505,"type":"point","name":"bandwidth-rate-out|cypress-provider|11|2","measures":{"value":13648.214234284997}}
{"ts":1675449778488918469,"type":"point","name":"time-to-provide-1","measures":{"value":32769031307}}
{"ts":1675449778623524927,"type":"point","name":"time-to-provide-4","measures":{"value":32903504932}}
{"ts":1675449780589045970,"type":"point","name":"time-to-provide-5","measures":{"value":34868939474}}
{"ts":1675449781413020095,"type":"point","name":"time-to-provide-12","measures":{"value":35692282683}}
{"ts":1675449781595035887,"type":"point","name":"time-to-provide-16","measures":{"value":35874218892}}
{"ts":1675449781779843762,"type":"point","name":"time-to-provide-0","measures":{"value":36060139308}}
{"ts":1675449782367518846,"type":"point","name":"time-to-provide-11","measures":{"value":36646805559}}
{"ts":1675449782389093304,"type":"point","name":"time-to-provide-13","measures":{"value":36668333018}}
{"ts":1675449782493573179,"type":"point","name":"time-to-provide-10","measures":{"value":36772923434}}
{"ts":1675449782639810429,"type":"point","name":"time-to-provide-8","measures":{"value":36919296726}}
{"ts":1675449782761419388,"type":"point","name":"time-to-provide-3","measures":{"value":37041439309}}
{"ts":1675449782847062721,"type":"point","name":"time-to-provide-19","measures":{"value":37136232851}}
{"ts":1675449782869500721,"type":"point","name":"time-to-provide-6","measures":{"value":37149102726}}
{"ts":1675449782919259388,"type":"point","name":"time-to-provide-9","measures":{"value":37207337060}}
{"ts":1675449783039441805,"type":"point","name":"time-to-provide-17","measures":{"value":37318470101}}
{"ts":1675449783117418305,"type":"point","name":"time-to-provide-15","measures":{"value":37396510601}}
{"ts":1675449783147612471,"type":"point","name":"time-to-provide-7","measures":{"value":37427130767}}
{"ts":1675449783208695013,"type":"point","name":"time-to-provide-18","measures":{"value":37487686226}}
{"ts":1675449783237640513,"type":"point","name":"time-to-provide-2","measures":{"value":37517722101}}
{"ts":1675449783261017138,"type":"point","name":"time-to-provide-14","measures":{"value":37540452768}}
{"ts":1675449783422100471,"type":"point","name":"signal provider-records1","measures":{"value":117046375}}
{"ts":1675449784373000597,"type":"point","name":"barrierprovider-records1","measures":{"value":940981459}}
{"ts":1675449784462867430,"type":"point","name":"full provider-records1","measures":{"value":38936087435}}
{"ts":1675449785727144500,"type":"point","name":"bandwidth-total-in|cypress-provider|11|3","measures":{"value":787165}}
{"ts":1675449785744580500,"type":"point","name":"bandwidth-total-out|cypress-provider|11|3","measures":{"value":864555}}
{"ts":1675449785774373125,"type":"point","name":"bandwidth-rate-in|cypress-provider|11|3","measures":{"value":1970.2853038168087}}
{"ts":1675449785785277083,"type":"point","name":"bandwidth-rate-out|cypress-provider|11|3","measures":{"value":2748.6857469642146}}
{"ts":1675449787399929876,"type":"point","name":"time-to-find-first|cypress-provider|0","measures":{"value":42292}}
{"ts":1675449787400237167,"type":"point","name":"time-to-find-first|cypress-provider|1","measures":{"value":220333}}
{"ts":1675449787408397834,"type":"point","name":"time-to-find-first|cypress-provider|3","measures":{"value":40584}}
{"ts":1675449787408478876,"type":"point","name":"time-to-find-first|cypress-provider|4","measures":{"value":30083}}
{"ts":1675449787408564584,"type":"point","name":"time-to-find-first|cypress-provider|5","measures":{"value":47541}}
{"ts":1675449787417374167,"type":"point","name":"time-to-find-first|cypress-provider|8","measures":{"value":49000}}
{"ts":1675449787428674334,"type":"point","name":"time-to-find-first|cypress-provider|19","measures":{"value":29303209}}
{"ts":1675449787456599542,"type":"point","name":"time-to-find-first|cypress-provider|2","measures":{"value":50939583}}
{"ts":1675449787457367376,"type":"point","name":"time-to-find-first|cypress-provider|7","measures":{"value":42904209}}
{"ts":1675449787707635042,"type":"point","name":"time-to-find-first|cypress-provider|9","measures":{"value":290195417}}
{"ts":1675449787707775042,"type":"point","name":"time-to-find-first|cypress-provider|10","measures":{"value":252107708}}
{"ts":1675449787707855292,"type":"point","name":"time-to-find-first|cypress-provider|11","measures":{"value":252153708}}
{"ts":1675449787707892126,"type":"point","name":"time-to-find-first|cypress-provider|12","measures":{"value":252131125}}
{"ts":1675449787707911417,"type":"point","name":"time-to-find-first|cypress-provider|13","measures":{"value":251782792}}
{"ts":1675449787707918084,"type":"point","name":"time-to-find-first|cypress-provider|14","measures":{"value":251716666}}
{"ts":1675449787707923584,"type":"point","name":"time-to-find-first|cypress-provider|15","measures":{"value":251669250}}
{"ts":1675449787707944667,"type":"point","name":"time-to-find-first|cypress-provider|16","measures":{"value":251642208}}
{"ts":1675449787707950292,"type":"point","name":"time-to-find-first|cypress-provider|17","measures":{"value":251599208}}
{"ts":1675449787707955251,"type":"point","name":"time-to-find-first|cypress-provider|18","measures":{"value":251565667}}
{"ts":1675449787707968292,"type":"point","name":"time-to-find-first|cypress-provider|6","measures":{"value":299067542}}
{"ts":1675449805742101134,"type":"point","name":"bandwidth-total-in|cypress-provider|11|4","measures":{"value":1588965}}
{"ts":1675449805798323801,"type":"point","name":"bandwidth-total-out|cypress-provider|11|4","measures":{"value":1816993}}
{"ts":1675449805852397134,"type":"point","name":"bandwidth-rate-in|cypress-provider|11|4","measures":{"value":7189.227417505476}}
{"ts":1675449805921685176,"type":"point","name":"bandwidth-rate-out|cypress-provider|11|4","measures":{"value":10873.8038979055}}
{"ts":1675449825777712713,"type":"point","name":"bandwidth-total-in|cypress-provider|11|5","measures":{"value":2042160}}
{"ts":1675449825816235838,"type":"point","name":"bandwidth-total-out|cypress-provider|11|5","measures":{"value":2379212}}
{"ts":1675449825923113338,"type":"point","name":"bandwidth-rate-in|cypress-provider|11|5","measures":{"value":37888.016071682716}}
{"ts":1675449825953107088,"type":"point","name":"bandwidth-rate-out|cypress-provider|11|5","measures":{"value":42006.66396998943}}
{"ts":1675449836863897885,"type":"point","name":"num-hops|cypress-provider|6","measures":{"value":2}}
{"ts":1675449836956005385,"type":"point","name":"time-to-find-last|done|cypress-provider|6","measures":{"value":4241606627}}
{"ts":1675449837017362885,"type":"point","name":"time-to-find|done|cypress-provider|6","measures":{"value":49604978190}}
{"ts":1675449837039143052,"type":"point","name":"peers-found|done|cypress-provider|6","measures":{"value":40}}
{"ts":1675449837062040468,"type":"point","name":"peers-missing|done|cypress-provider|6","measures":{"value":0}}
{"ts":1675449837106136593,"type":"point","name":"num-hops|cypress-provider|12","measures":{"value":2}}
{"ts":1675449837132751927,"type":"point","name":"time-to-find-last|done|cypress-provider|12","measures":{"value":1889493917}}
{"ts":1675449837170746218,"type":"point","name":"time-to-find|done|cypress-provider|12","measures":{"value":49711502398}}
{"ts":1675449837208203635,"type":"point","name":"peers-found|done|cypress-provider|12","measures":{"value":40}}
{"ts":1675449837218987885,"type":"point","name":"peers-missing|done|cypress-provider|12","measures":{"value":0}}
{"ts":1675449837377960594,"type":"point","name":"num-hops|cypress-provider|19","measures":{"value":2}}
{"ts":1675449837409581552,"type":"point","name":"time-to-find-last|done|cypress-provider|19","measures":{"value":700025042}}
{"ts":1675449837451223469,"type":"point","name":"time-to-find|done|cypress-provider|19","measures":{"value":50048371232}}
{"ts":1675449837461099510,"type":"point","name":"peers-found|done|cypress-provider|19","measures":{"value":40}}
{"ts":1675449837482614969,"type":"point","name":"peers-missing|done|cypress-provider|19","measures":{"value":0}}
{"ts":1675449837483977927,"type":"point","name":"num-hops|cypress-provider|14","measures":{"value":1}}
{"ts":1675449837567968094,"type":"point","name":"time-to-find-last|done|cypress-provider|14","measures":{"value":2232463084}}
{"ts":1675449837598690344,"type":"point","name":"time-to-find|done|cypress-provider|14","measures":{"value":50139004440}}
{"ts":1675449837629200427,"type":"point","name":"peers-found|done|cypress-provider|14","measures":{"value":40}}
{"ts":1675449837660128469,"type":"point","name":"peers-missing|done|cypress-provider|14","measures":{"value":0}}
{"ts":1675449837943052719,"type":"point","name":"num-hops|cypress-provider|13","measures":{"value":2}}
{"ts":1675449837979861635,"type":"point","name":"time-to-find-last|done|cypress-provider|13","measures":{"value":2047207126}}
{"ts":1675449837997617594,"type":"point","name":"time-to-find|done|cypress-provider|13","measures":{"value":50538005232}}
{"ts":1675449838033466010,"type":"point","name":"peers-found|done|cypress-provider|13","measures":{"value":40}}
{"ts":1675449838063136844,"type":"point","name":"peers-missing|done|cypress-provider|13","measures":{"value":0}}
{"ts":1675449837977691760,"type":"point","name":"num-hops|cypress-provider|11","measures":{"value":1}}
{"ts":1675449838119784136,"type":"point","name":"time-to-find-last|done|cypress-provider|11","measures":{"value":1744649626}}
{"ts":1675449838159497261,"type":"point","name":"time-to-find|done|cypress-provider|11","measures":{"value":50700313066}}
{"ts":1675449838219034594,"type":"point","name":"peers-found|done|cypress-provider|11","measures":{"value":40}}
{"ts":1675449838249926511,"type":"point","name":"peers-missing|done|cypress-provider|11","measures":{"value":0}}
{"ts":1675449838601619261,"type":"point","name":"num-hops|cypress-provider|10","measures":{"value":1}}
{"ts":1675449838638098677,"type":"point","name":"time-to-find-last|done|cypress-provider|10","measures":{"value":1636082251}}
{"ts":1675449838682056969,"type":"point","name":"time-to-find|done|cypress-provider|10","measures":{"value":51222906941}}
{"ts":1675449838738718219,"type":"point","name":"peers-found|done|cypress-provider|10","measures":{"value":40}}
{"ts":1675449838767017553,"type":"point","name":"peers-missing|done|cypress-provider|10","measures":{"value":0}}
{"ts":1675449838803169219,"type":"point","name":"num-hops|cypress-provider|16","measures":{"value":2}}
{"ts":1675449838837677969,"type":"point","name":"time-to-find-last|done|cypress-provider|16","measures":{"value":3055965709}}
{"ts":1675449838897060553,"type":"point","name":"time-to-find|done|cypress-provider|16","measures":{"value":51437274399}}
{"ts":1675449838913208261,"type":"point","name":"peers-found|done|cypress-provider|16","measures":{"value":40}}
{"ts":1675449838967093261,"type":"point","name":"peers-missing|done|cypress-provider|16","measures":{"value":0}}
{"ts":1675449838852147011,"type":"point","name":"num-hops|cypress-provider|2","measures":{"value":1}}
{"ts":1675449839044694803,"type":"point","name":"time-to-find-last|done|cypress-provider|2","measures":{"value":1576607167}}
{"ts":1675449839053385844,"type":"point","name":"time-to-find|done|cypress-provider|2","measures":{"value":51644248274}}
{"ts":1675449839086984803,"type":"point","name":"peers-found|done|cypress-provider|2","measures":{"value":40}}
{"ts":1675449839143969094,"type":"point","name":"peers-missing|done|cypress-provider|2","measures":{"value":0}}
{"ts":1675449839274932928,"type":"point","name":"num-hops|cypress-provider|17","measures":{"value":2}}
{"ts":1675449839323633386,"type":"point","name":"time-to-find-last|done|cypress-provider|17","measures":{"value":3746967918}}
{"ts":1675449839363413678,"type":"point","name":"time-to-find|done|cypress-provider|17","measures":{"value":51903579066}}
{"ts":1675449839392384011,"type":"point","name":"peers-found|done|cypress-provider|17","measures":{"value":40}}
{"ts":1675449839424966469,"type":"point","name":"peers-missing|done|cypress-provider|17","measures":{"value":0}}
{"ts":1675449839326221636,"type":"point","name":"num-hops|cypress-provider|18","measures":{"value":2}}
{"ts":1675449839470094178,"type":"point","name":"time-to-find-last|done|cypress-provider|18","measures":{"value":4029870044}}
{"ts":1675449839504916261,"type":"point","name":"time-to-find|done|cypress-provider|18","measures":{"value":52045043441}}
{"ts":1675449839552205803,"type":"point","name":"peers-found|done|cypress-provider|18","measures":{"value":40}}
{"ts":1675449839587841470,"type":"point","name":"peers-missing|done|cypress-provider|18","measures":{"value":0}}
{"ts":1675449841166997845,"type":"point","name":"num-hops|cypress-provider|8","measures":{"value":2}}
{"ts":1675449841191744720,"type":"point","name":"time-to-find-last|done|cypress-provider|8","measures":{"value":615299584}}
{"ts":1675449841217566970,"type":"point","name":"time-to-find|done|cypress-provider|8","measures":{"value":53796759609}}
{"ts":1675449841246023720,"type":"point","name":"peers-found|done|cypress-provider|8","measures":{"value":40}}
{"ts":1675449841282918429,"type":"point","name":"peers-missing|done|cypress-provider|8","measures":{"value":0}}
{"ts":1675449841474714554,"type":"point","name":"num-hops|cypress-provider|9","measures":{"value":1}}
{"ts":1675449841492050012,"type":"point","name":"time-to-find-last|done|cypress-provider|9","measures":{"value":2193720168}}
{"ts":1675449841512786304,"type":"point","name":"time-to-find|done|cypress-provider|9","measures":{"value":54091869901}}
{"ts":1675449841526949179,"type":"point","name":"peers-found|done|cypress-provider|9","measures":{"value":40}}
{"ts":1675449841567730096,"type":"point","name":"peers-missing|done|cypress-provider|9","measures":{"value":0}}
{"ts":1675449842001938887,"type":"point","name":"num-hops|cypress-provider|7","measures":{"value":1}}
{"ts":1675449842034468221,"type":"point","name":"time-to-find-last|done|cypress-provider|7","measures":{"value":2057754668}}
{"ts":1675449842069054596,"type":"point","name":"time-to-find|done|cypress-provider|7","measures":{"value":54651108401}}
{"ts":1675449842098765804,"type":"point","name":"peers-found|done|cypress-provider|7","measures":{"value":40}}
{"ts":1675449842139631304,"type":"point","name":"peers-missing|done|cypress-provider|7","measures":{"value":0}}
{"ts":1675449842185124804,"type":"point","name":"num-hops|cypress-provider|5","measures":{"value":1}}
{"ts":1675449842242968221,"type":"point","name":"time-to-find-last|done|cypress-provider|5","measures":{"value":595277375}}
{"ts":1675449842270028721,"type":"point","name":"time-to-find|done|cypress-provider|5","measures":{"value":54858028067}}
{"ts":1675449842766188679,"type":"point","name":"peers-found|done|cypress-provider|5","measures":{"value":40}}
{"ts":1675449842816262096,"type":"point","name":"peers-missing|done|cypress-provider|5","measures":{"value":0}}
{"ts":1675449842801209554,"type":"point","name":"num-hops|cypress-provider|15","measures":{"value":1}}
{"ts":1675449842902036346,"type":"point","name":"time-to-find-last|done|cypress-provider|15","measures":{"value":2600250085}}
{"ts":1675449842936908054,"type":"point","name":"time-to-find|done|cypress-provider|15","measures":{"value":55477169735}}
{"ts":1675449842949540304,"type":"point","name":"peers-found|done|cypress-provider|15","measures":{"value":40}}
{"ts":1675449842976890471,"type":"point","name":"peers-missing|done|cypress-provider|15","measures":{"value":0}}
{"ts":1675449843269997221,"type":"point","name":"num-hops|cypress-provider|3","measures":{"value":1}}
{"ts":1675449843286264471,"type":"point","name":"time-to-find-last|done|cypress-provider|3","measures":{"value":497378001}}
{"ts":1675449843301607805,"type":"point","name":"time-to-find|done|cypress-provider|3","measures":{"value":55889769652}}
{"ts":1675449843322409888,"type":"point","name":"peers-found|done|cypress-provider|3","measures":{"value":40}}
{"ts":1675449843336569971,"type":"point","name":"peers-missing|done|cypress-provider|3","measures":{"value":0}}
{"ts":1675449843351991555,"type":"point","name":"num-hops|cypress-provider|4","measures":{"value":1}}
{"ts":1675449843375558096,"type":"point","name":"time-to-find-last|done|cypress-provider|4","measures":{"value":598054250}}
{"ts":1675449843408948096,"type":"point","name":"time-to-find|done|cypress-provider|4","measures":{"value":55997016609}}
{"ts":1675449843415440096,"type":"point","name":"peers-found|done|cypress-provider|4","measures":{"value":40}}
{"ts":1675449843433700513,"type":"point","name":"peers-missing|done|cypress-provider|4","measures":{"value":0}}
{"ts":1675449843739830847,"type":"point","name":"num-hops|cypress-provider|0","measures":{"value":2}}
{"ts":1675449843767162597,"type":"point","name":"time-to-find-last|done|cypress-provider|0","measures":{"value":125715708}}
{"ts":1675449843794767722,"type":"point","name":"time-to-find|done|cypress-provider|0","measures":{"value":56391397527}}
{"ts":1675449843840100597,"type":"point","name":"peers-found|done|cypress-provider|0","measures":{"value":40}}
{"ts":1675449843852152513,"type":"point","name":"peers-missing|done|cypress-provider|0","measures":{"value":0}}
{"ts":1675449844725595514,"type":"point","name":"num-hops|cypress-provider|1","measures":{"value":2}}
{"ts":1675449844824967305,"type":"point","name":"time-to-find-last|done|cypress-provider|1","measures":{"value":291182000}}
{"ts":1675449844837088430,"type":"point","name":"time-to-find|done|cypress-provider|1","measures":{"value":57433587194}}
{"ts":1675449844874626097,"type":"point","name":"peers-found|done|cypress-provider|1","measures":{"value":40}}
{"ts":1675449844915143222,"type":"point","name":"peers-missing|done|cypress-provider|1","measures":{"value":0}}
{"ts":1675449845083970333,"type":"point","name":"signal provider-records2","measures":{"value":147557249}}
{"ts":1675449845750683833,"type":"point","name":"bandwidth-total-in|cypress-provider|11|6","measures":{"value":2320313}}
{"ts":1675449845775401875,"type":"point","name":"bandwidth-total-out|cypress-provider|11|6","measures":{"value":2559822}}
{"ts":1675449845816803333,"type":"point","name":"bandwidth-rate-in|cypress-provider|11|6","measures":{"value":22.564680905920188}}
{"ts":1675449845833449458,"type":"point","name":"bandwidth-rate-out|cypress-provider|11|6","measures":{"value":3.4456733923894647}}
{"ts":1675449849005049085,"type":"point","name":"barrierprovider-records2","measures":{"value":3908279794}}
{"ts":1675449849122335751,"type":"point","name":"full provider-records2","measures":{"value":61720517570}}
{"ts":1675449865872272759,"type":"point","name":"bandwidth-total-in|cypress-provider|11|7","measures":{"value":2320313}}
{"ts":1675449866177135426,"type":"point","name":"bandwidth-total-out|cypress-provider|11|7","measures":{"value":2559822}}
{"ts":1675449866215998926,"type":"point","name":"bandwidth-rate-in|cypress-provider|11|7","measures":{"value":1.7109805650568995e-8}}
{"ts":1675449866299111676,"type":"point","name":"bandwidth-rate-out|cypress-provider|11|7","measures":{"value":2.6127026712641342e-9}}
