{"level":"info","ts":1674066970416778210,"msg":"br","From":"12D3KooWFB7QisaHRFaMwskj6JE4vuoruNMSRNL4pfL2WEReWzMd","To":"12D3KooWCv935r3ropYhUe5yMCp9QiUoc9A6cZpYQ5x84DqEPbwb"}
{"level":"info","ts":1674066970420484335,"msg":"br","From":"12D3KooWFB7QisaHRFaMwskj6JE4vuoruNMSRNL4pfL2WEReWzMd","To":"12D3KooWH7AZDg4C1XecakNbagg7LaR3AHqyxr3obNismNfpW1U2"}
{"level":"info","ts":1674066970424552169,"msg":"br","From":"12D3KooWFB7QisaHRFaMwskj6JE4vuoruNMSRNL4pfL2WEReWzMd","To":"12D3KooWEiCzB4bVxyxYwB7xpSvra1Yz1SB39kih4qHpFjDWoC9J"}
{"level":"info","ts":1674066970433177335,"msg":"br","From":"12D3KooWFB7QisaHRFaMwskj6JE4vuoruNMSRNL4pfL2WEReWzMd","To":"12D3KooWE4qDcRrueTuRYWUdQZgcy7APZqBngVeXRt4Y6ytHizKV"}
{"level":"info","ts":1674066970450921085,"msg":"br","From":"12D3KooWFB7QisaHRFaMwskj6JE4vuoruNMSRNL4pfL2WEReWzMd","To":"12D3KooWGBv5oKekns7NunQ9FMNXihJvwyuELAcq84Z9Hxgc2PZh"}
{"level":"info","ts":1674066970462502335,"msg":"br","From":"12D3KooWFB7QisaHRFaMwskj6JE4vuoruNMSRNL4pfL2WEReWzMd","To":"12D3KooWKVutoujmd2QtYCFPk6WtyU9xvAgYxFXvqLVGcBHocnmG"}
{"level":"info","ts":1674066970485299502,"msg":"br","From":"12D3KooWFB7QisaHRFaMwskj6JE4vuoruNMSRNL4pfL2WEReWzMd","To":"12D3KooWE2N9kXfsBWLWYdtaX9uY7HxJTfFmVFQFxvUXCQ6bT883"}
{"level":"info","ts":1674066970491310960,"msg":"br","From":"12D3KooWFB7QisaHRFaMwskj6JE4vuoruNMSRNL4pfL2WEReWzMd","To":"12D3KooWRuYVGEsecrJJhZsSoKf1UNdBVYKFCmFLNj9ucZiSQCYj"}
{"level":"info","ts":1674066970523697502,"msg":"br","From":"12D3KooWFB7QisaHRFaMwskj6JE4vuoruNMSRNL4pfL2WEReWzMd","To":"12D3KooWGCvi3KESxsfJqabtDpZTviCeycABxLRtCPR7aQAdAwir"}
{"level":"info","ts":1674066970528845544,"msg":"br","From":"12D3KooWFB7QisaHRFaMwskj6JE4vuoruNMSRNL4pfL2WEReWzMd","To":"12D3KooWGBmjmt6Am4j4CWyLRd36hqj1dDKstAyLaeePmEUt7cUp"}
{"level":"info","ts":1674066972148145544,"msg":"ar","From":"12D3KooWFB7QisaHRFaMwskj6JE4vuoruNMSRNL4pfL2WEReWzMd","To":"12D3KooWGBmjmt6Am4j4CWyLRd36hqj1dDKstAyLaeePmEUt7cUp"}
{"level":"info","ts":1674066972156019086,"msg":"ar","From":"12D3KooWFB7QisaHRFaMwskj6JE4vuoruNMSRNL4pfL2WEReWzMd","To":"12D3KooWM4yJB31d4hF2F9Vdwuj9WFo1qonoySyw4bVAQ9a9d21o"}
{"level":"info","ts":1674066972176205419,"msg":"ar","From":"12D3KooWFB7QisaHRFaMwskj6JE4vuoruNMSRNL4pfL2WEReWzMd","To":"12D3KooWBremnqYWBDK6ctvCuhCqJAps5ZAPADu53gXhQHexrvtP"}
{"level":"info","ts":1674066972199991461,"msg":"ar","From":"12D3KooWFB7QisaHRFaMwskj6JE4vuoruNMSRNL4pfL2WEReWzMd","To":"12D3KooWCv935r3ropYhUe5yMCp9QiUoc9A6cZpYQ5x84DqEPbwb"}
{"level":"info","ts":1674066972205427044,"msg":"ar","From":"12D3KooWFB7QisaHRFaMwskj6JE4vuoruNMSRNL4pfL2WEReWzMd","To":"12D3KooWH7AZDg4C1XecakNbagg7LaR3AHqyxr3obNismNfpW1U2"}
{"level":"info","ts":1674066972237117961,"msg":"ar","From":"12D3KooWFB7QisaHRFaMwskj6JE4vuoruNMSRNL4pfL2WEReWzMd","To":"12D3KooWEiCzB4bVxyxYwB7xpSvra1Yz1SB39kih4qHpFjDWoC9J"}
{"level":"info","ts":1674066972252877961,"msg":"ar","From":"12D3KooWFB7QisaHRFaMwskj6JE4vuoruNMSRNL4pfL2WEReWzMd","To":"12D3KooWE4qDcRrueTuRYWUdQZgcy7APZqBngVeXRt4Y6ytHizKV"}
{"level":"info","ts":1674066972261703128,"msg":"ar","From":"12D3KooWFB7QisaHRFaMwskj6JE4vuoruNMSRNL4pfL2WEReWzMd","To":"12D3KooWGBv5oKekns7NunQ9FMNXihJvwyuELAcq84Z9Hxgc2PZh"}
{"level":"info","ts":1674066972283290336,"msg":"ar","From":"12D3KooWFB7QisaHRFaMwskj6JE4vuoruNMSRNL4pfL2WEReWzMd","To":"12D3KooWSVahexScA4jt5HsavZut74osC2MWonEzXfNpPhhVj9eq"}
{"level":"info","ts":1674066972295025669,"msg":"ar","From":"12D3KooWFB7QisaHRFaMwskj6JE4vuoruNMSRNL4pfL2WEReWzMd","To":"12D3KooWKVutoujmd2QtYCFPk6WtyU9xvAgYxFXvqLVGcBHocnmG"}
{"level":"info","ts":1674066972315360878,"msg":"ar","From":"12D3KooWFB7QisaHRFaMwskj6JE4vuoruNMSRNL4pfL2WEReWzMd","To":"12D3KooWE2N9kXfsBWLWYdtaX9uY7HxJTfFmVFQFxvUXCQ6bT883"}
{"level":"info","ts":1674066972330833669,"msg":"ar","From":"12D3KooWFB7QisaHRFaMwskj6JE4vuoruNMSRNL4pfL2WEReWzMd","To":"12D3KooWNEWRB7PnuZs164xaA9QWM3iZHekHyEQo5qGP5KCHHuSN"}
{"level":"info","ts":1674066972341622461,"msg":"ar","From":"12D3KooWFB7QisaHRFaMwskj6JE4vuoruNMSRNL4pfL2WEReWzMd","To":"12D3KooWRuYVGEsecrJJhZsSoKf1UNdBVYKFCmFLNj9ucZiSQCYj"}
{"level":"info","ts":1674066972348333336,"msg":"ar","From":"12D3KooWFB7QisaHRFaMwskj6JE4vuoruNMSRNL4pfL2WEReWzMd","To":"12D3KooWDf6Jpo3XnCHoQ7uXMpxS3RbZrysd9Z7iGWLqyQ8K87VZ"}
{"level":"info","ts":1674066972410790961,"msg":"ar","From":"12D3KooWFB7QisaHRFaMwskj6JE4vuoruNMSRNL4pfL2WEReWzMd","To":"12D3KooWCR2EoapJjoQVR4E3NLjWn818gG3XizQ92Yx6C424HL2g"}
{"level":"info","ts":1674066972416799003,"msg":"ar","From":"12D3KooWFB7QisaHRFaMwskj6JE4vuoruNMSRNL4pfL2WEReWzMd","To":"12D3KooWGCvi3KESxsfJqabtDpZTviCeycABxLRtCPR7aQAdAwir"}
{"level":"info","ts":1674066975868364463,"msg":"at","From":"12D3KooWFB7QisaHRFaMwskj6JE4vuoruNMSRNL4pfL2WEReWzMd","To":"12D3KooWEiCzB4bVxyxYwB7xpSvra1Yz1SB39kih4qHpFjDWoC9J"}
{"level":"info","ts":1674066975905533421,"msg":"at","From":"12D3KooWFB7QisaHRFaMwskj6JE4vuoruNMSRNL4pfL2WEReWzMd","To":"12D3KooWH7AZDg4C1XecakNbagg7LaR3AHqyxr3obNismNfpW1U2"}
{"level":"info","ts":1674066975918988754,"msg":"at","From":"12D3KooWFB7QisaHRFaMwskj6JE4vuoruNMSRNL4pfL2WEReWzMd","To":"12D3KooWE4qDcRrueTuRYWUdQZgcy7APZqBngVeXRt4Y6ytHizKV"}
{"level":"info","ts":1674066975944586254,"msg":"at","From":"12D3KooWFB7QisaHRFaMwskj6JE4vuoruNMSRNL4pfL2WEReWzMd","To":"12D3KooWKVutoujmd2QtYCFPk6WtyU9xvAgYxFXvqLVGcBHocnmG"}
{"level":"info","ts":1674066975948489796,"msg":"at","From":"12D3KooWFB7QisaHRFaMwskj6JE4vuoruNMSRNL4pfL2WEReWzMd","To":"12D3KooWE2N9kXfsBWLWYdtaX9uY7HxJTfFmVFQFxvUXCQ6bT883"}
{"level":"info","ts":1674066975980522754,"msg":"at","From":"12D3KooWFB7QisaHRFaMwskj6JE4vuoruNMSRNL4pfL2WEReWzMd","To":"12D3KooWGBv5oKekns7NunQ9FMNXihJvwyuELAcq84Z9Hxgc2PZh"}
{"level":"info","ts":1674066975983951546,"msg":"at","From":"12D3KooWFB7QisaHRFaMwskj6JE4vuoruNMSRNL4pfL2WEReWzMd","To":"12D3KooWRuYVGEsecrJJhZsSoKf1UNdBVYKFCmFLNj9ucZiSQCYj"}
{"level":"info","ts":1674066975989779629,"msg":"at","From":"12D3KooWFB7QisaHRFaMwskj6JE4vuoruNMSRNL4pfL2WEReWzMd","To":"12D3KooWGCvi3KESxsfJqabtDpZTviCeycABxLRtCPR7aQAdAwir"}
{"level":"info","ts":1674066976015087129,"msg":"at","From":"12D3KooWFB7QisaHRFaMwskj6JE4vuoruNMSRNL4pfL2WEReWzMd","To":"12D3KooWCR2EoapJjoQVR4E3NLjWn818gG3XizQ92Yx6C424HL2g"}
{"level":"info","ts":1674066976029195380,"msg":"at","From":"12D3KooWFB7QisaHRFaMwskj6JE4vuoruNMSRNL4pfL2WEReWzMd","To":"12D3KooWGBmjmt6Am4j4CWyLRd36hqj1dDKstAyLaeePmEUt7cUp"}
{"level":"info","ts":1674066976032346505,"msg":"at","From":"12D3KooWFB7QisaHRFaMwskj6JE4vuoruNMSRNL4pfL2WEReWzMd","To":"12D3KooWCv935r3ropYhUe5yMCp9QiUoc9A6cZpYQ5x84DqEPbwb"}
{"level":"info","ts":1674066976047219838,"msg":"at","From":"12D3KooWFB7QisaHRFaMwskj6JE4vuoruNMSRNL4pfL2WEReWzMd","To":"12D3KooWBremnqYWBDK6ctvCuhCqJAps5ZAPADu53gXhQHexrvtP"}
{"level":"info","ts":1674066976847836672,"msg":"ab","From":"12D3KooWFB7QisaHRFaMwskj6JE4vuoruNMSRNL4pfL2WEReWzMd","To":"12D3KooWCv935r3ropYhUe5yMCp9QiUoc9A6cZpYQ5x84DqEPbwb"}
{"level":"info","ts":1674066976867842213,"msg":"ab","From":"12D3KooWFB7QisaHRFaMwskj6JE4vuoruNMSRNL4pfL2WEReWzMd","To":"12D3KooWH7AZDg4C1XecakNbagg7LaR3AHqyxr3obNismNfpW1U2"}
{"level":"info","ts":1674066976902271880,"msg":"ab","From":"12D3KooWFB7QisaHRFaMwskj6JE4vuoruNMSRNL4pfL2WEReWzMd","To":"12D3KooWEiCzB4bVxyxYwB7xpSvra1Yz1SB39kih4qHpFjDWoC9J"}
{"level":"info","ts":1674066976915182047,"msg":"ab","From":"12D3KooWFB7QisaHRFaMwskj6JE4vuoruNMSRNL4pfL2WEReWzMd","To":"12D3KooWE4qDcRrueTuRYWUdQZgcy7APZqBngVeXRt4Y6ytHizKV"}
{"level":"info","ts":1674066976966301963,"msg":"ab","From":"12D3KooWFB7QisaHRFaMwskj6JE4vuoruNMSRNL4pfL2WEReWzMd","To":"12D3KooWKVutoujmd2QtYCFPk6WtyU9xvAgYxFXvqLVGcBHocnmG"}
{"level":"info","ts":1674066977001018713,"msg":"ab","From":"12D3KooWFB7QisaHRFaMwskj6JE4vuoruNMSRNL4pfL2WEReWzMd","To":"12D3KooWE2N9kXfsBWLWYdtaX9uY7HxJTfFmVFQFxvUXCQ6bT883"}
{"level":"info","ts":1674066977013156338,"msg":"ab","From":"12D3KooWFB7QisaHRFaMwskj6JE4vuoruNMSRNL4pfL2WEReWzMd","To":"12D3KooWGBv5oKekns7NunQ9FMNXihJvwyuELAcq84Z9Hxgc2PZh"}
{"level":"info","ts":1674066977043281422,"msg":"ab","From":"12D3KooWFB7QisaHRFaMwskj6JE4vuoruNMSRNL4pfL2WEReWzMd","To":"12D3KooWRuYVGEsecrJJhZsSoKf1UNdBVYKFCmFLNj9ucZiSQCYj"}
{"level":"info","ts":1674066977047288547,"msg":"ab","From":"12D3KooWFB7QisaHRFaMwskj6JE4vuoruNMSRNL4pfL2WEReWzMd","To":"12D3KooWCR2EoapJjoQVR4E3NLjWn818gG3XizQ92Yx6C424HL2g"}
{"level":"info","ts":1674066977062479838,"msg":"ab","From":"12D3KooWFB7QisaHRFaMwskj6JE4vuoruNMSRNL4pfL2WEReWzMd","To":"12D3KooWGCvi3KESxsfJqabtDpZTviCeycABxLRtCPR7aQAdAwir"}
{"level":"info","ts":1674066977067316130,"msg":"ab","From":"12D3KooWFB7QisaHRFaMwskj6JE4vuoruNMSRNL4pfL2WEReWzMd","To":"12D3KooWGBmjmt6Am4j4CWyLRd36hqj1dDKstAyLaeePmEUt7cUp"}
{"level":"info","ts":1674067076482300884,"msg":"after_provide","From":"12D3KooWFB7QisaHRFaMwskj6JE4vuoruNMSRNL4pfL2WEReWzMd","To":"12D3KooWE4qDcRrueTuRYWUdQZgcy7APZqBngVeXRt4Y6ytHizKV"}
{"level":"info","ts":1674067076662258676,"msg":"after_provide","From":"12D3KooWFB7QisaHRFaMwskj6JE4vuoruNMSRNL4pfL2WEReWzMd","To":"12D3KooWE2N9kXfsBWLWYdtaX9uY7HxJTfFmVFQFxvUXCQ6bT883"}
{"level":"info","ts":1674067077769415510,"msg":"after_provide","From":"12D3KooWFB7QisaHRFaMwskj6JE4vuoruNMSRNL4pfL2WEReWzMd","To":"12D3KooWGBv5oKekns7NunQ9FMNXihJvwyuELAcq84Z9Hxgc2PZh"}
{"level":"info","ts":1674067077986575177,"msg":"after_provide","From":"12D3KooWFB7QisaHRFaMwskj6JE4vuoruNMSRNL4pfL2WEReWzMd","To":"12D3KooWKVutoujmd2QtYCFPk6WtyU9xvAgYxFXvqLVGcBHocnmG"}
{"level":"info","ts":1674067078280374344,"msg":"after_provide","From":"12D3KooWFB7QisaHRFaMwskj6JE4vuoruNMSRNL4pfL2WEReWzMd","To":"12D3KooWQfG74brcJhzpNwjPCZmcbBv8f6wxKgLSYmEDXXdPXQpH"}
{"level":"info","ts":1674067078314329469,"msg":"after_provide","From":"12D3KooWFB7QisaHRFaMwskj6JE4vuoruNMSRNL4pfL2WEReWzMd","To":"12D3KooWRuYVGEsecrJJhZsSoKf1UNdBVYKFCmFLNj9ucZiSQCYj"}
{"level":"info","ts":1674067078324126385,"msg":"after_provide","From":"12D3KooWFB7QisaHRFaMwskj6JE4vuoruNMSRNL4pfL2WEReWzMd","To":"12D3KooWGCvi3KESxsfJqabtDpZTviCeycABxLRtCPR7aQAdAwir"}
{"level":"info","ts":1674067078338608635,"msg":"after_provide","From":"12D3KooWFB7QisaHRFaMwskj6JE4vuoruNMSRNL4pfL2WEReWzMd","To":"12D3KooWGBmjmt6Am4j4CWyLRd36hqj1dDKstAyLaeePmEUt7cUp"}
{"level":"info","ts":1674067078388452802,"msg":"after_provide","From":"12D3KooWFB7QisaHRFaMwskj6JE4vuoruNMSRNL4pfL2WEReWzMd","To":"12D3KooWCv935r3ropYhUe5yMCp9QiUoc9A6cZpYQ5x84DqEPbwb"}
{"level":"info","ts":1674067078396727552,"msg":"after_provide","From":"12D3KooWFB7QisaHRFaMwskj6JE4vuoruNMSRNL4pfL2WEReWzMd","To":"12D3KooWH7AZDg4C1XecakNbagg7LaR3AHqyxr3obNismNfpW1U2"}
{"level":"info","ts":1674067078415643344,"msg":"after_provide","From":"12D3KooWFB7QisaHRFaMwskj6JE4vuoruNMSRNL4pfL2WEReWzMd","To":"12D3KooWEiCzB4bVxyxYwB7xpSvra1Yz1SB39kih4qHpFjDWoC9J"}
