{"ts":1673912621459562167,"msg":"","group_id":"cypress-provider","run_id":"cf2u1lfrirflktvahn20","event":{"message_event":{"message":"registering default http handler at: http://[::]:6060/ (pprof: http://[::]:6060/debug/pprof/)"}}}
{"ts":1673912621477666209,"msg":"","group_id":"cypress-provider","run_id":"cf2u1lfrirflktvahn20","event":{"start_event":{"runenv":{"plan":"dht","case":"find-providers","run":"cf2u1lfrirflktvahn20","params":{"alpha":"6","auto_refresh":"true","beta":"3","bootstrapper":"true","bs_strategy":"3","bucket_size":"10","client_mode":"false","datastore":"0","expect_dht":"true","group_order":"1","latency":"100","peer_id_seed":"0","random_walk":"false","record_count":"20","record_seed":"0","search_records":"true","timeout_secs":"2000","undialable":"false"},"instances":50,"outputs_path":"/outputs","temp_path":"/temp","network":"16.40.0.0/16","group":"cypress-provider","group_instances":50}}}}
{"ts":1673912621546293876,"msg":"","group_id":"cypress-provider","run_id":"cf2u1lfrirflktvahn20","event":{"message_event":{"message":"waiting for network to initialize"}}}
{"ts":1673912630836384005,"msg":"","group_id":"cypress-provider","run_id":"cf2u1lfrirflktvahn20","event":{"message_event":{"message":"network initialisation successful"}}}
{"ts":1673912630931217255,"msg":"","group_id":"cypress-provider","run_id":"cf2u1lfrirflktvahn20","event":{"message_event":{"message":"network initialization complete"}}}
{"ts":1673912631050625005,"msg":"","group_id":"cypress-provider","run_id":"cf2u1lfrirflktvahn20","event":{"message_event":{"message":"claimed sequence numbers; global=12, group(cypress-provider)=15"}}}
{"ts":1673912631146926088,"msg":"","group_id":"cypress-provider","run_id":"cf2u1lfrirflktvahn20","event":{"message_event":{"message":"Finding providers"}}}
{"ts":1673912631751627589,"msg":"","group_id":"cypress-provider","run_id":"cf2u1lfrirflktvahn20","event":{"message_event":{"message":"network initialisation successful"}}}
{"ts":1673912631860166380,"msg":"","group_id":"cypress-provider","run_id":"cf2u1lfrirflktvahn20","event":{"message_event":{"message":"SetupNetwork, network setup completed"}}}
{"ts":1673912633046226089,"msg":"","group_id":"cypress-provider","run_id":"cf2u1lfrirflktvahn20","event":{"message_event":{"message":"there are 1 groups map[cypress-provider:0x400200ca80]"}}}
{"ts":1673912633076859756,"msg":"","group_id":"cypress-provider","run_id":"cf2u1lfrirflktvahn20","event":{"message_event":{"message":"setGroupInfo, sortedGroup:%!(EXTRA []string=[cypress-provider])"}}}
{"ts":1673912633084466214,"msg":"","group_id":"cypress-provider","run_id":"cf2u1lfrirflktvahn20","event":{"message_event":{"message":"past group info"}}}
{"ts":1673912633092009548,"msg":"","group_id":"cypress-provider","run_id":"cf2u1lfrirflktvahn20","event":{"message_event":{"message":"connmgr parameters: hi=12, lo=6"}}}
{"ts":1673912633116137256,"msg":"","group_id":"cypress-provider","run_id":"cf2u1lfrirflktvahn20","event":{"message_event":{"message":"creating DHT"}}}
{"ts":1673912633121034464,"msg":"","group_id":"cypress-provider","run_id":"cf2u1lfrirflktvahn20","event":{"message_event":{"message":"creating DHT successful"}}}
{"ts":1673912633940993381,"msg":"","group_id":"cypress-provider","run_id":"cf2u1lfrirflktvahn20","event":{"message_event":{"message":"9 is waiting on 0 from state 0"}}}
{"ts":1673912634016519132,"msg":"requested a barrier with target zero; satisfying immediately","group_id":"cypress-provider","run_id":"cf2u1lfrirflktvahn20","state":"boostrap-gradual1-0"}
{"ts":1673912634028375090,"msg":"","group_id":"cypress-provider","run_id":"cf2u1lfrirflktvahn20","event":{"message_event":{"message":"9 is running"}}}
{"ts":1673912634046274298,"msg":"","group_id":"cypress-provider","run_id":"cf2u1lfrirflktvahn20","event":{"message_event":{"message":"Dial to all other peers"}}}
{"ts":1673912634072627548,"msg":"","group_id":"cypress-provider","run_id":"cf2u1lfrirflktvahn20","event":{"message_event":{"message":"dialling peer 12D3KooWKwfWu3TQuPNRUfEjEYSANNDYvq2D2GuYdysyHcGHB58t (attempt 1)"}}}
{"ts":1673912634123339048,"msg":"","group_id":"cypress-provider","run_id":"cf2u1lfrirflktvahn20","event":{"message_event":{"message":"Connect, successfully dialed peer: %!(EXTRA peer.AddrInfo={12D3KooWKwfWu3TQuPNRUfEjEYSANNDYvq2D2GuYdysyHcGHB58t: [/ip4/16.40.0.35/tcp/34001]})"}}}
{"ts":1673912634388946048,"msg":"","group_id":"cypress-provider","run_id":"cf2u1lfrirflktvahn20","event":{"message_event":{"message":"dialling peer 12D3KooW9yvKfP5HgVaLnNaxWywo3pLAEypk7wjUcpgKwLznk5gQ (attempt 1)"}}}
{"ts":1673912634426527590,"msg":"","group_id":"cypress-provider","run_id":"cf2u1lfrirflktvahn20","event":{"message_event":{"message":"Connect, successfully dialed peer: %!(EXTRA peer.AddrInfo={12D3KooW9yvKfP5HgVaLnNaxWywo3pLAEypk7wjUcpgKwLznk5gQ: [/ip4/16.40.0.20/tcp/36889]})"}}}
{"ts":1673912634429187215,"msg":"","group_id":"cypress-provider","run_id":"cf2u1lfrirflktvahn20","event":{"message_event":{"message":"dialling peer 12D3KooWEuk3nU2BCEx3AMKnCFLEG7yXAt1q7gcstxCTJZMfTwkV (attempt 1)"}}}
{"ts":1673912634430991257,"msg":"","group_id":"cypress-provider","run_id":"cf2u1lfrirflktvahn20","event":{"message_event":{"message":"Connect, successfully dialed peer: %!(EXTRA peer.AddrInfo={12D3KooWEuk3nU2BCEx3AMKnCFLEG7yXAt1q7gcstxCTJZMfTwkV: [/ip4/16.40.0.28/tcp/37397]})"}}}
{"ts":1673912664644012465,"msg":"","group_id":"cypress-provider","run_id":"cf2u1lfrirflktvahn20","event":{"message_event":{"message":"bootstrap: everyone table ready"}}}
{"ts":1673912665044925965,"msg":"","group_id":"cypress-provider","run_id":"cf2u1lfrirflktvahn20","event":{"message_event":{"message":"9 is done - waiting for 49"}}}
{"ts":1673912667037909883,"msg":"","group_id":"cypress-provider","run_id":"cf2u1lfrirflktvahn20","event":{"message_event":{"message":"9 passed the barrier"}}}
{"ts":1673912669046988009,"msg":"","group_id":"cypress-provider","run_id":"cf2u1lfrirflktvahn20","event":{"message_event":{"message":"bootstrap: begin trim"}}}
{"ts":1673912669711896384,"msg":"","group_id":"cypress-provider","run_id":"cf2u1lfrirflktvahn20","event":{"message_event":{"message":"name: signal bootstrapping0; uint: ns; time: %!d(float64=1.604291e+06)"}}}
{"ts":1673912669722978634,"msg":"","group_id":"cypress-provider","run_id":"cf2u1lfrirflktvahn20","event":{"message_event":{"message":"signal bootstrapping0%!(EXTRA float64=1.2684041e+07)"}}}
{"ts":1673912669755677551,"msg":"","group_id":"cypress-provider","run_id":"cf2u1lfrirflktvahn20","event":{"message_event":{"message":"name: barrier bootstrapping0; uint: ns; time: %!d(float64=250)"}}}
{"ts":1673912669898216593,"msg":"","group_id":"cypress-provider","run_id":"cf2u1lfrirflktvahn20","event":{"message_event":{"message":"barrierbootstrapping0%!(EXTRA float64=1.42539041e+08)"}}}
{"ts":1673912669958099843,"msg":"","group_id":"cypress-provider","run_id":"cf2u1lfrirflktvahn20","event":{"message_event":{"message":"name: full bootstrapping0; uint: ns; time: %!d(float64=2.024215e+08)"}}}
{"ts":1673912669998181426,"msg":"","group_id":"cypress-provider","run_id":"cf2u1lfrirflktvahn20","event":{"message_event":{"message":"full bootstrapping0%!(EXTRA float64=3.6057093684e+10)"}}}
{"ts":1673912670656271468,"msg":"","group_id":"cypress-provider","run_id":"cf2u1lfrirflktvahn20","event":{"message_event":{"message":"bootstrap: finished with 19 connections, 29 in the routing table"}}}
{"ts":1673912670675000218,"msg":"","group_id":"cypress-provider","run_id":"cf2u1lfrirflktvahn20","event":{"message_event":{"message":"table health: {\"IdealDepth\":6,\"ActualDepth\":6,\"Bucket\":[{\"Depth\":1,\"MaxKnownContacts\":23,\"ActualKnownContacts\":10,\"ActualUnknownContacts\":0},{\"Depth\":2,\"MaxKnownContacts\":17,\"ActualKnownContacts\":10,\"ActualUnknownContacts\":0},{\"Depth\":3,\"MaxKnownContacts\":4,\"ActualKnownContacts\":4,\"ActualUnknownContacts\":0},{\"Depth\":4,\"MaxKnownContacts\":3,\"ActualKnownContacts\":3,\"ActualUnknownContacts\":0},{\"Depth\":5,\"MaxKnownContacts\":0,\"ActualKnownContacts\":0,\"ActualUnknownContacts\":0},{\"Depth\":6,\"MaxKnownContacts\":2,\"ActualKnownContacts\":2,\"ActualUnknownContacts\":0}]}"}}}
{"ts":1673912670688683510,"msg":"","group_id":"cypress-provider","run_id":"cf2u1lfrirflktvahn20","event":{"message_event":{"message":"bootstrap: done"}}}
{"ts":1673912670716682385,"msg":"","group_id":"cypress-provider","run_id":"cf2u1lfrirflktvahn20","event":{"message_event":{"message":"Bootstrap phase ended"}}}
{"ts":1673912670795946468,"msg":"","group_id":"cypress-provider","run_id":"cf2u1lfrirflktvahn20","event":{"message_event":{"message":"SetupNetwork, network setup completed"}}}
{"ts":1673912670873690593,"msg":"","group_id":"cypress-provider","run_id":"cf2u1lfrirflktvahn20","event":{"message_event":{"message":"getRecords, record count > 0"}}}
{"ts":1673912670929326510,"msg":"","group_id":"cypress-provider","run_id":"cf2u1lfrirflktvahn20","event":{"message_event":{"message":"getRecords, searchRecords: %!(EXTRA []*test.ProviderRecordSubmission=[0x400115a2d0])"}}}
{"ts":1673912670966042301,"msg":"","group_id":"cypress-provider","run_id":"cf2u1lfrirflktvahn20","event":{"message_event":{"message":"start provide loop"}}}
{"ts":1673912681681587626,"msg":"","group_id":"cypress-provider","run_id":"cf2u1lfrirflktvahn20","event":{"message_event":{"message":"Provided CID: QmNnfyApQUXaqj2dsRTthNUBBktYf6seo7BJk7W9Ym56ZH"}}}
{"ts":1673912682712671751,"msg":"","group_id":"cypress-provider","run_id":"cf2u1lfrirflktvahn20","event":{"message_event":{"message":"Provided CID: QmQZkMNdV3rH6umvxCwWEdoj4TjWyAxNuLxbXEigd8iKqU"}}}
{"ts":1673912684974194502,"msg":"","group_id":"cypress-provider","run_id":"cf2u1lfrirflktvahn20","event":{"message_event":{"message":"Provided CID: QmY1eF8EB1WVFdF6xzh1C1YkadMojpT4FoEZkqzyprqDoV"}}}
{"ts":1673912685063724794,"msg":"","group_id":"cypress-provider","run_id":"cf2u1lfrirflktvahn20","event":{"message_event":{"message":"Provided CID: QmXyoMntxMK4Z9uuruxACuyTV7kwdSEyjtxNhWbznehRUr"}}}
{"ts":1673912685063840419,"msg":"","group_id":"cypress-provider","run_id":"cf2u1lfrirflktvahn20","event":{"message_event":{"message":"Provided CID: QmTzXCJwzJbtQxtpimCKwbyty4yPphQgGZQM2YRN45kMv2"}}}
{"ts":1673912685825442128,"msg":"","group_id":"cypress-provider","run_id":"cf2u1lfrirflktvahn20","event":{"message_event":{"message":"Provided CID: QmeSZuScRfVhZy4U2CzqmAd5P8uxzgeW2nfbk2k4UyutkT"}}}
{"ts":1673912685936232544,"msg":"","group_id":"cypress-provider","run_id":"cf2u1lfrirflktvahn20","event":{"message_event":{"message":"Provided CID: QmeT46kQsiffrH7MdGfNpkgaKGfKUnZw6bEw5APTU27WPz"}}}
{"ts":1673912686578050961,"msg":"","group_id":"cypress-provider","run_id":"cf2u1lfrirflktvahn20","event":{"message_event":{"message":"Provided CID: QmQNSGk6KsGpAPPAL4PweycsHN5Te4YBvwQY8G9bYWRKpe"}}}
{"ts":1673912686603938170,"msg":"","group_id":"cypress-provider","run_id":"cf2u1lfrirflktvahn20","event":{"message_event":{"message":"Provided CID: QmYigrr9erPWMnVKfw74wV1KvjZ18mtzEzv7iFbWDh5VdP"}}}
{"ts":1673912687062898837,"msg":"","group_id":"cypress-provider","run_id":"cf2u1lfrirflktvahn20","event":{"message_event":{"message":"Provided CID: QmS1rxhfhq3FsUuG2TLNSYW6gxrtR4hmfoiajCdWCo7hq5"}}}
{"ts":1673912687133096337,"msg":"","group_id":"cypress-provider","run_id":"cf2u1lfrirflktvahn20","event":{"message_event":{"message":"Provided CID: QmSpZzCdhhyWM7eTNe29nDrPR9xdZR8R4VpGSoTdFq5usz"}}}
{"ts":1673912687155958503,"msg":"","group_id":"cypress-provider","run_id":"cf2u1lfrirflktvahn20","event":{"message_event":{"message":"Provided CID: QmTeC6qvToLwytK5uruQq4npHWezRWnRXjHm6Gn9h2tsFr"}}}
{"ts":1673912687732592254,"msg":"","group_id":"cypress-provider","run_id":"cf2u1lfrirflktvahn20","event":{"message_event":{"message":"Provided CID: Qmbwx2wndEZeCm1257gtYyAeXrGNDStgm7YsufAHbyUkDc"}}}
{"ts":1673912688003102545,"msg":"","group_id":"cypress-provider","run_id":"cf2u1lfrirflktvahn20","event":{"message_event":{"message":"Provided CID: QmYFqavMPJvzLNnh6wYdHLAR7iiix7mPrpbJaXRGMVBxzb"}}}
{"ts":1673912688007715295,"msg":"","group_id":"cypress-provider","run_id":"cf2u1lfrirflktvahn20","event":{"message_event":{"message":"Provided CID: QmQw6U12opixMzbVDc384vgh7sia5gUKajDD24oRLaLEqQ"}}}
{"ts":1673912688059670587,"msg":"","group_id":"cypress-provider","run_id":"cf2u1lfrirflktvahn20","event":{"message_event":{"message":"Provided CID: QmQHFH1e6p6NGjLiA3rVJHRYzS7qBhfbKGGajQZ26u1PuE"}}}
{"ts":1673912688351211837,"msg":"","group_id":"cypress-provider","run_id":"cf2u1lfrirflktvahn20","event":{"message_event":{"message":"Provided CID: QmNj8PTJnf4fUCBd6EEAXcvMgfVMnt4CXFkPu968Fwg6YT"}}}
{"ts":1673912688427895671,"msg":"","group_id":"cypress-provider","run_id":"cf2u1lfrirflktvahn20","event":{"message_event":{"message":"Provided CID: QmdKMXX7ZqzwxriTXcLtqQJQXThZrgCaiSUERdDZ9Ne95f"}}}
{"ts":1673912688666478171,"msg":"","group_id":"cypress-provider","run_id":"cf2u1lfrirflktvahn20","event":{"message_event":{"message":"Provided CID: Qmbtbn2iDC1YBbrN2WYgyscVXM5vws3ZoA4gT8YKzKMXgX"}}}
{"ts":1673912689114926087,"msg":"","group_id":"cypress-provider","run_id":"cf2u1lfrirflktvahn20","event":{"message_event":{"message":"Provided CID: QmSSrDtDK5LvFTnBAgNmjb5tRWcYuExu1qYLrXNv2UdzXE"}}}
{"ts":1673912689242846254,"msg":"","group_id":"cypress-provider","run_id":"cf2u1lfrirflktvahn20","event":{"message_event":{"message":"name: signal provider-records1; uint: ns; time: %!d(float64=1.6403458e+07)"}}}
{"ts":1673912689270755421,"msg":"","group_id":"cypress-provider","run_id":"cf2u1lfrirflktvahn20","event":{"message_event":{"message":"signal provider-records1%!(EXTRA float64=4.4304833e+07)"}}}
{"ts":1673912689327277546,"msg":"","group_id":"cypress-provider","run_id":"cf2u1lfrirflktvahn20","event":{"message_event":{"message":"name: barrier provider-records1; uint: ns; time: %!d(float64=375)"}}}
{"ts":1673912697869687342,"msg":"","group_id":"cypress-provider","run_id":"cf2u1lfrirflktvahn20","event":{"message_event":{"message":"barrierprovider-records1%!(EXTRA float64=8.542448337e+09)"}}}
{"ts":1673912697931231717,"msg":"","group_id":"cypress-provider","run_id":"cf2u1lfrirflktvahn20","event":{"message_event":{"message":"name: full provider-records1; uint: ns; time: %!d(float64=8.60399017e+09)"}}}
{"ts":1673912697952825425,"msg":"","group_id":"cypress-provider","run_id":"cf2u1lfrirflktvahn20","event":{"message_event":{"message":"full provider-records1%!(EXTRA float64=2.6986224846e+10)"}}}
{"ts":1673912720590846463,"msg":"","group_id":"cypress-provider","run_id":"cf2u1lfrirflktvahn20","event":{"message_event":{"message":"failed to send batch to InfluxDB; attempt 0; err: Post \"http://testground-influxdb:8086/write?consistency=&db=testground&precision=ns&rp=\": context deadline exceeded (Client.Timeout exceeded while awaiting headers)"}}}
{"ts":1673912732594067761,"msg":"","group_id":"cypress-provider","run_id":"cf2u1lfrirflktvahn20","event":{"message_event":{"message":"failed to send batch to InfluxDB; attempt 0; err: Post \"http://testground-influxdb:8086/write?consistency=&db=testground&precision=ns&rp=\": context deadline exceeded (Client.Timeout exceeded while awaiting headers)"}}}
{"ts":1673912738951049597,"msg":"","group_id":"cypress-provider","run_id":"cf2u1lfrirflktvahn20","event":{"message_event":{"message":"failed to send batch to InfluxDB; attempt 1; err: Post \"http://testground-influxdb:8086/write?consistency=&db=testground&precision=ns&rp=\": context deadline exceeded (Client.Timeout exceeded while awaiting headers)"}}}
{"ts":1673912745737439503,"msg":"","group_id":"cypress-provider","run_id":"cf2u1lfrirflktvahn20","event":{"message_event":{"message":"failed to send batch to InfluxDB; attempt 2; err: Post \"http://testground-influxdb:8086/write?consistency=&db=testground&precision=ns&rp=\": context deadline exceeded (Client.Timeout exceeded while awaiting headers)"}}}
{"ts":1673912752079383422,"msg":"","group_id":"cypress-provider","run_id":"cf2u1lfrirflktvahn20","event":{"message_event":{"message":"name: signal provider-records2; uint: ns; time: %!d(float64=1.9717875e+07)"}}}
{"ts":1673912752087471964,"msg":"","group_id":"cypress-provider","run_id":"cf2u1lfrirflktvahn20","event":{"message_event":{"message":"signal provider-records2%!(EXTRA float64=2.7805958e+07)"}}}
{"ts":1673912752106686631,"msg":"","group_id":"cypress-provider","run_id":"cf2u1lfrirflktvahn20","event":{"message_event":{"message":"name: barrier provider-records2; uint: ns; time: %!d(float64=166)"}}}
{"ts":1673912755467114924,"msg":"","group_id":"cypress-provider","run_id":"cf2u1lfrirflktvahn20","event":{"message_event":{"message":"barrierprovider-records2%!(EXTRA float64=3.360404043e+09)"}}}
{"ts":1673912755557747132,"msg":"","group_id":"cypress-provider","run_id":"cf2u1lfrirflktvahn20","event":{"message_event":{"message":"name: full provider-records2; uint: ns; time: %!d(float64=3.45102546e+09)"}}}
{"ts":1673912755582658257,"msg":"","group_id":"cypress-provider","run_id":"cf2u1lfrirflktvahn20","event":{"message_event":{"message":"full provider-records2%!(EXTRA float64=5.7003587568e+10)"}}}
{"ts":1673912756514117674,"msg":"","group_id":"cypress-provider","run_id":"cf2u1lfrirflktvahn20","event":{"success_event":{"group":"cypress-provider"}}}
