{"ts":1676960772476870005,"type":"gauge","name":"runtime.MemStats.Frees","measures":{"value":252050}}
{"ts":1676960772487233130,"type":"gauge","name":"runtime.MemStats.MCacheInuse","measures":{"value":9600}}
{"ts":1676960772492675505,"type":"histogram","name":"runtime.MemStats.PauseNs","measures":{"count":3,"max":2047749,"mean":1345889,"min":27543,"p50":1962375,"p75":2047749,"p95":2047749,"p99":2047749,"p999":2047749,"p9999":2047749,"stddev":932862.7307937647,"variance":870232874504}}
{"ts":1676960772495489630,"type":"gauge","name":"runtime.MemStats.Sys","measures":{"value":76313864}}
{"ts":1676960772510674922,"type":"gauge","name":"runtime.NumCgoCall","measures":{"value":1}}
{"ts":1676960772514713422,"type":"gauge","name":"runtime.MemStats.HeapSys","measures":{"value":38699008}}
{"ts":1676960772519648714,"type":"gauge","name":"runtime.MemStats.StackInuse","measures":{"value":28409856}}
{"ts":1676960772524225380,"type":"gauge","name":"runtime.MemStats.BuckHashSys","measures":{"value":1506118}}
{"ts":1676960772535344380,"type":"gauge","name":"runtime.MemStats.EnableGC","measures":{"value":1}}
{"ts":1676960772537203130,"type":"gauge","name":"runtime.MemStats.HeapIdle","measures":{"value":3235840}}
{"ts":1676960772539227839,"type":"gauge","name":"runtime.MemStats.HeapObjects","measures":{"value":711981}}
{"ts":1676960772541473630,"type":"gauge","name":"runtime.MemStats.MCacheSys","measures":{"value":15600}}
{"ts":1676960772542885547,"type":"gauge","name":"runtime.MemStats.MSpanInuse","measures":{"value":644504}}
{"ts":1676960772545644797,"type":"gauge","name":"runtime.NumThread","measures":{"value":15}}
{"ts":1676960772546888380,"type":"timer","name":"runtime.ReadMemStats","measures":{"count":1,"m1":0,"m15":0,"m5":0,"max":754000,"mean":754000,"meanrate":0.19987436221387703,"min":754000,"p50":754000,"p75":754000,"p95":754000,"p99":754000,"p999":754000,"p9999":754000,"stddev":0,"variance":0}}
{"ts":1676960772549356922,"type":"gauge","name":"runtime.MemStats.Alloc","measures":{"value":32791016}}
{"ts":1676960772551676297,"type":"gauge","name":"runtime.MemStats.HeapInuse","measures":{"value":35463168}}
{"ts":1676960772555633755,"type":"gauge","name":"runtime.MemStats.Lookups","measures":{"value":0}}
{"ts":1676960772559619547,"type":"gauge","name":"runtime.MemStats.PauseTotalNs","measures":{"value":4037667}}
{"ts":1676960772567127130,"type":"gauge","name":"runtime.NumGoroutine","measures":{"value":295}}
{"ts":1676960772572395464,"type":"gauge","name":"runtime.MemStats.DebugGC","measures":{"value":0}}
{"ts":1676960772574933047,"type":"gauge","name":"runtime.MemStats.MSpanSys","measures":{"value":652800}}
{"ts":1676960772592590630,"type":"gauge","name":"runtime.MemStats.NumGC","measures":{"value":3}}
{"ts":1676960772611728464,"type":"gauge","name":"runtime.MemStats.GCCPUFraction","measures":{"value":0.023747138252110604}}
{"ts":1676960772618511547,"type":"gauge","name":"runtime.MemStats.StackSys","measures":{"value":28409856}}
{"ts":1676960772630207214,"type":"gauge","name":"runtime.MemStats.TotalAlloc","measures":{"value":39312264}}
{"ts":1676960772632549630,"type":"gauge","name":"runtime.MemStats.HeapAlloc","measures":{"value":32791016}}
{"ts":1676960772636860797,"type":"gauge","name":"runtime.MemStats.HeapReleased","measures":{"value":3006464}}
{"ts":1676960772640920005,"type":"gauge","name":"runtime.MemStats.LastGC","measures":{"value":1676960768025891600}}
{"ts":1676960772647262380,"type":"gauge","name":"runtime.MemStats.Mallocs","measures":{"value":964031}}
{"ts":1676960772653372047,"type":"gauge","name":"runtime.MemStats.NextGC","measures":{"value":39016672}}
{"ts":1676960777475708966,"type":"gauge","name":"runtime.NumThread","measures":{"value":15}}
{"ts":1676960777478643091,"type":"gauge","name":"runtime.MemStats.Alloc","measures":{"value":25918920}}
{"ts":1676960777481381133,"type":"gauge","name":"runtime.MemStats.HeapInuse","measures":{"value":33841152}}
{"ts":1676960777484344049,"type":"gauge","name":"runtime.MemStats.Lookups","measures":{"value":0}}
{"ts":1676960777486879091,"type":"gauge","name":"runtime.MemStats.PauseTotalNs","measures":{"value":4551418}}
{"ts":1676960777492185424,"type":"gauge","name":"runtime.NumGoroutine","measures":{"value":302}}
{"ts":1676960777494268841,"type":"timer","name":"runtime.ReadMemStats","measures":{"count":2,"m1":0.015991117074135343,"m15":0.0011080303990206543,"m5":0.0033057092356765017,"max":754000,"mean":710771,"meanrate":0.1999595780713131,"min":667542,"p50":710771,"p75":754000,"p95":754000,"p99":754000,"p999":754000,"p9999":754000,"stddev":43229,"variance":1868746441}}
{"ts":1676960777495870633,"type":"gauge","name":"runtime.MemStats.DebugGC","measures":{"value":0}}
{"ts":1676960777498451133,"type":"gauge","name":"runtime.MemStats.MSpanSys","measures":{"value":718080}}
{"ts":1676960777499447799,"type":"gauge","name":"runtime.MemStats.NumGC","measures":{"value":1}}
{"ts":1676960777500992716,"type":"gauge","name":"runtime.MemStats.GCCPUFraction","measures":{"value":0.007136933082919085}}
{"ts":1676960777502716966,"type":"gauge","name":"runtime.MemStats.StackSys","measures":{"value":23068672}}
{"ts":1676960777504781674,"type":"gauge","name":"runtime.MemStats.HeapAlloc","measures":{"value":25918920}}
{"ts":1676960777507152133,"type":"gauge","name":"runtime.MemStats.HeapReleased","measures":{"value":5603328}}
{"ts":1676960777509350508,"type":"gauge","name":"runtime.MemStats.LastGC","measures":{"value":1676960773301108700}}
{"ts":1676960777514275799,"type":"gauge","name":"runtime.MemStats.Mallocs","measures":{"value":58650}}
{"ts":1676960777516132674,"type":"gauge","name":"runtime.MemStats.NextGC","measures":{"value":54712688}}
{"ts":1676960777518328633,"type":"gauge","name":"runtime.MemStats.TotalAlloc","measures":{"value":43183120}}
{"ts":1676960777520011633,"type":"gauge","name":"runtime.MemStats.Frees","measures":{"value":241853}}
{"ts":1676960777521441716,"type":"gauge","name":"runtime.MemStats.MCacheInuse","measures":{"value":9600}}
{"ts":1676960777523198299,"type":"histogram","name":"runtime.MemStats.PauseNs","measures":{"count":4,"max":2047749,"mean":1137854.5,"min":27543,"p50":1238063,"p75":2026405.5,"p95":2047749,"p99":2047749,"p999":2047749,"p9999":2047749,"stddev":884595.7921269748,"variance":782509715448.75}}
{"ts":1676960777525743716,"type":"gauge","name":"runtime.MemStats.Sys","measures":{"value":104235288}}
{"ts":1676960777527103216,"type":"gauge","name":"runtime.NumCgoCall","measures":{"value":0}}
{"ts":1676960777528797924,"type":"gauge","name":"runtime.MemStats.HeapSys","measures":{"value":69206016}}
{"ts":1676960777531029091,"type":"gauge","name":"runtime.MemStats.StackInuse","measures":{"value":23068672}}
{"ts":1676960777532425883,"type":"gauge","name":"runtime.MemStats.BuckHashSys","measures":{"value":1507358}}
{"ts":1676960777533654966,"type":"gauge","name":"runtime.MemStats.EnableGC","measures":{"value":1}}
{"ts":1676960777534743716,"type":"gauge","name":"runtime.MemStats.HeapIdle","measures":{"value":35364864}}
{"ts":1676960777536544674,"type":"gauge","name":"runtime.MemStats.HeapObjects","measures":{"value":528778}}
{"ts":1676960777537925258,"type":"gauge","name":"runtime.MemStats.MCacheSys","measures":{"value":15600}}
{"ts":1676960777539461258,"type":"gauge","name":"runtime.MemStats.MSpanInuse","measures":{"value":645048}}
{"ts":1676960782476479218,"type":"gauge","name":"runtime.MemStats.HeapAlloc","measures":{"value":26197856}}
{"ts":1676960782479581677,"type":"gauge","name":"runtime.MemStats.HeapReleased","measures":{"value":5480448}}
{"ts":1676960782481824260,"type":"gauge","name":"runtime.MemStats.LastGC","measures":{"value":1676960773301108700}}
{"ts":1676960782484255635,"type":"gauge","name":"runtime.MemStats.Mallocs","measures":{"value":2823}}
{"ts":1676960782486620718,"type":"gauge","name":"runtime.MemStats.NextGC","measures":{"value":54712688}}
{"ts":1676960782490168635,"type":"gauge","name":"runtime.MemStats.TotalAlloc","measures":{"value":43462056}}
{"ts":1676960782492232968,"type":"gauge","name":"runtime.MemStats.Frees","measures":{"value":251}}
{"ts":1676960782494111218,"type":"gauge","name":"runtime.MemStats.MCacheInuse","measures":{"value":9600}}
{"ts":1676960782495664260,"type":"histogram","name":"runtime.MemStats.PauseNs","measures":{"count":4,"max":2047749,"mean":1137854.5,"min":27543,"p50":1238063,"p75":2026405.5,"p95":2047749,"p99":2047749,"p999":2047749,"p9999":2047749,"stddev":884595.7921269748,"variance":782509715448.75}}
{"ts":1676960782499488760,"type":"gauge","name":"runtime.MemStats.Sys","measures":{"value":104235288}}
{"ts":1676960782501805968,"type":"gauge","name":"runtime.NumCgoCall","measures":{"value":0}}
{"ts":1676960782506075760,"type":"gauge","name":"runtime.MemStats.HeapSys","measures":{"value":70746112}}
{"ts":1676960782507501135,"type":"gauge","name":"runtime.MemStats.StackInuse","measures":{"value":21528576}}
{"ts":1676960782509547302,"type":"gauge","name":"runtime.MemStats.BuckHashSys","measures":{"value":1507358}}
{"ts":1676960782512901968,"type":"gauge","name":"runtime.MemStats.EnableGC","measures":{"value":1}}
{"ts":1676960782513907677,"type":"gauge","name":"runtime.MemStats.HeapIdle","measures":{"value":36782080}}
{"ts":1676960782517316343,"type":"gauge","name":"runtime.MemStats.HeapObjects","measures":{"value":531350}}
{"ts":1676960782520025135,"type":"gauge","name":"runtime.MemStats.MCacheSys","measures":{"value":15600}}
{"ts":1676960782524191718,"type":"gauge","name":"runtime.MemStats.MSpanInuse","measures":{"value":644096}}
{"ts":1676960782526850552,"type":"gauge","name":"runtime.NumThread","measures":{"value":15}}
{"ts":1676960782529040760,"type":"gauge","name":"runtime.MemStats.Alloc","measures":{"value":26197856}}
{"ts":1676960782532196552,"type":"gauge","name":"runtime.MemStats.HeapInuse","measures":{"value":33964032}}
{"ts":1676960782533759885,"type":"gauge","name":"runtime.MemStats.Lookups","measures":{"value":0}}
{"ts":1676960782535663135,"type":"gauge","name":"runtime.MemStats.PauseTotalNs","measures":{"value":4551418}}
{"ts":1676960782537116593,"type":"gauge","name":"runtime.NumGoroutine","measures":{"value":260}}
{"ts":1676960782539634968,"type":"timer","name":"runtime.ReadMemStats","measures":{"count":3,"m1":0.030703655021877167,"m15":0.002209922141215539,"m5":0.0065567799035988195,"max":754000,"mean":587972.3333333334,"meanrate":0.19996270630206314,"min":342375,"p50":667542,"p75":754000,"p95":754000,"p99":754000,"p999":754000,"p9999":754000,"stddev":177214.15302082643,"variance":31404856030.88889}}
{"ts":1676960782542174552,"type":"gauge","name":"runtime.MemStats.DebugGC","measures":{"value":0}}
{"ts":1676960782544404135,"type":"gauge","name":"runtime.MemStats.MSpanSys","measures":{"value":718080}}
{"ts":1676960782547257677,"type":"gauge","name":"runtime.MemStats.NumGC","measures":{"value":0}}
{"ts":1676960782550137635,"type":"gauge","name":"runtime.MemStats.GCCPUFraction","measures":{"value":0.007136933082919085}}
{"ts":1676960782554368635,"type":"gauge","name":"runtime.MemStats.StackSys","measures":{"value":21528576}}
{"ts":1676960787476606304,"type":"gauge","name":"runtime.MemStats.HeapAlloc","measures":{"value":26467416}}
{"ts":1676960787481340554,"type":"gauge","name":"runtime.MemStats.HeapReleased","measures":{"value":5349376}}
{"ts":1676960787482764512,"type":"gauge","name":"runtime.MemStats.LastGC","measures":{"value":1676960773301108700}}
{"ts":1676960787485353012,"type":"gauge","name":"runtime.MemStats.Mallocs","measures":{"value":2678}}
{"ts":1676960787487605471,"type":"gauge","name":"runtime.MemStats.NextGC","measures":{"value":54712688}}
{"ts":1676960787489664429,"type":"gauge","name":"runtime.MemStats.TotalAlloc","measures":{"value":43731616}}
{"ts":1676960787491641387,"type":"gauge","name":"runtime.MemStats.Frees","measures":{"value":233}}
{"ts":1676960787492901762,"type":"gauge","name":"runtime.MemStats.MCacheInuse","measures":{"value":9600}}
{"ts":1676960787494097679,"type":"histogram","name":"runtime.MemStats.PauseNs","measures":{"count":4,"max":2047749,"mean":1137854.5,"min":27543,"p50":1238063,"p75":2026405.5,"p95":2047749,"p99":2047749,"p999":2047749,"p9999":2047749,"stddev":884595.7921269748,"variance":782509715448.75}}
{"ts":1676960787495900096,"type":"gauge","name":"runtime.MemStats.Sys","measures":{"value":104235288}}
{"ts":1676960787504116679,"type":"gauge","name":"runtime.NumCgoCall","measures":{"value":0}}
{"ts":1676960787506699846,"type":"gauge","name":"runtime.MemStats.HeapSys","measures":{"value":70746112}}
{"ts":1676960787509803721,"type":"gauge","name":"runtime.MemStats.StackInuse","measures":{"value":21528576}}
{"ts":1676960787513649512,"type":"gauge","name":"runtime.MemStats.BuckHashSys","measures":{"value":1507590}}
{"ts":1676960787516475596,"type":"gauge","name":"runtime.MemStats.EnableGC","measures":{"value":1}}
{"ts":1676960787518476262,"type":"gauge","name":"runtime.MemStats.HeapIdle","measures":{"value":36651008}}
{"ts":1676960787522738262,"type":"gauge","name":"runtime.MemStats.HeapObjects","measures":{"value":533795}}
{"ts":1676960787524817846,"type":"gauge","name":"runtime.MemStats.MCacheSys","measures":{"value":15600}}
{"ts":1676960787526816804,"type":"gauge","name":"runtime.MemStats.MSpanInuse","measures":{"value":644096}}
{"ts":1676960787530114346,"type":"gauge","name":"runtime.NumThread","measures":{"value":15}}
{"ts":1676960787532098887,"type":"gauge","name":"runtime.MemStats.Alloc","measures":{"value":26467416}}
{"ts":1676960787534611679,"type":"gauge","name":"runtime.MemStats.HeapInuse","measures":{"value":34095104}}
{"ts":1676960787537735721,"type":"gauge","name":"runtime.MemStats.Lookups","measures":{"value":0}}
{"ts":1676960787540217846,"type":"gauge","name":"runtime.MemStats.PauseTotalNs","measures":{"value":4551418}}
{"ts":1676960787542331971,"type":"gauge","name":"runtime.NumGoroutine","measures":{"value":260}}
{"ts":1676960787543384804,"type":"timer","name":"runtime.ReadMemStats","measures":{"count":4,"m1":0.044239843385719006,"m15":0.003305709235676515,"m5":0.009754115099857198,"max":765584,"mean":632375.25,"meanrate":0.19997071377904174,"min":342375,"p50":710771,"p75":762688,"p95":765584,"p99":765584,"p999":765584,"p9999":765584,"stddev":171663.91306470762,"variance":29468499048.6875}}
{"ts":1676960787545399304,"type":"gauge","name":"runtime.MemStats.DebugGC","measures":{"value":0}}
{"ts":1676960787547673846,"type":"gauge","name":"runtime.MemStats.MSpanSys","measures":{"value":718080}}
{"ts":1676960787549448429,"type":"gauge","name":"runtime.MemStats.NumGC","measures":{"value":0}}
{"ts":1676960787552155762,"type":"gauge","name":"runtime.MemStats.GCCPUFraction","measures":{"value":0.007136933082919085}}
{"ts":1676960787554366846,"type":"gauge","name":"runtime.MemStats.StackSys","measures":{"value":21528576}}
{"ts":1676960792476268334,"type":"gauge","name":"runtime.MemStats.Frees","measures":{"value":240}}
{"ts":1676960792480730750,"type":"gauge","name":"runtime.MemStats.MCacheInuse","measures":{"value":9600}}
{"ts":1676960792483914084,"type":"histogram","name":"runtime.MemStats.PauseNs","measures":{"count":4,"max":2047749,"mean":1137854.5,"min":27543,"p50":1238063,"p75":2026405.5,"p95":2047749,"p99":2047749,"p999":2047749,"p9999":2047749,"stddev":884595.7921269748,"variance":782509715448.75}}
{"ts":1676960792487860542,"type":"gauge","name":"runtime.MemStats.Sys","measures":{"value":104235288}}
{"ts":1676960792490737500,"type":"gauge","name":"runtime.NumCgoCall","measures":{"value":0}}
{"ts":1676960792492277542,"type":"gauge","name":"runtime.MemStats.HeapSys","measures":{"value":70746112}}
{"ts":1676960792493773834,"type":"gauge","name":"runtime.MemStats.StackInuse","measures":{"value":21528576}}
{"ts":1676960792495291375,"type":"gauge","name":"runtime.MemStats.BuckHashSys","measures":{"value":1507590}}
{"ts":1676960792498600959,"type":"gauge","name":"runtime.MemStats.EnableGC","measures":{"value":1}}
{"ts":1676960792500150000,"type":"gauge","name":"runtime.MemStats.HeapIdle","measures":{"value":36528128}}
{"ts":1676960792502241375,"type":"gauge","name":"runtime.MemStats.HeapObjects","measures":{"value":536272}}
{"ts":1676960792505540542,"type":"gauge","name":"runtime.MemStats.MCacheSys","measures":{"value":15600}}
{"ts":1676960792507940250,"type":"gauge","name":"runtime.MemStats.MSpanInuse","measures":{"value":644096}}
{"ts":1676960792509748834,"type":"gauge","name":"runtime.NumThread","measures":{"value":15}}
{"ts":1676960792517199084,"type":"gauge","name":"runtime.MemStats.Alloc","measures":{"value":26738584}}
{"ts":1676960792520108709,"type":"gauge","name":"runtime.MemStats.HeapInuse","measures":{"value":34217984}}
{"ts":1676960792524467084,"type":"gauge","name":"runtime.MemStats.Lookups","measures":{"value":0}}
{"ts":1676960792527269959,"type":"gauge","name":"runtime.MemStats.PauseTotalNs","measures":{"value":4551418}}
{"ts":1676960792530396417,"type":"gauge","name":"runtime.NumGoroutine","measures":{"value":260}}
{"ts":1676960792532874792,"type":"timer","name":"runtime.ReadMemStats","measures":{"count":5,"m1":0.056693737885242124,"m15":0.004395425503079905,"m5":0.012898602993676452,"max":765584,"mean":559375.2,"meanrate":0.1999822594857688,"min":267375,"p50":667542,"p75":759792,"p95":765584,"p99":765584,"p999":765584,"p9999":765584,"stddev":211874.55826257198,"variance":44890828438.96001}}
{"ts":1676960792544263084,"type":"gauge","name":"runtime.MemStats.DebugGC","measures":{"value":0}}
{"ts":1676960792548187459,"type":"gauge","name":"runtime.MemStats.MSpanSys","measures":{"value":718080}}
{"ts":1676960792550849250,"type":"gauge","name":"runtime.MemStats.NumGC","measures":{"value":0}}
{"ts":1676960792553121584,"type":"gauge","name":"runtime.MemStats.GCCPUFraction","measures":{"value":0.007136933082919085}}
{"ts":1676960792555173125,"type":"gauge","name":"runtime.MemStats.StackSys","measures":{"value":21528576}}
{"ts":1676960792558471167,"type":"gauge","name":"runtime.MemStats.HeapAlloc","measures":{"value":26738584}}
{"ts":1676960792560445417,"type":"gauge","name":"runtime.MemStats.HeapReleased","measures":{"value":5226496}}
{"ts":1676960792561827917,"type":"gauge","name":"runtime.MemStats.LastGC","measures":{"value":1676960773301108700}}
{"ts":1676960792563458375,"type":"gauge","name":"runtime.MemStats.Mallocs","measures":{"value":2717}}
{"ts":1676960792565281459,"type":"gauge","name":"runtime.MemStats.NextGC","measures":{"value":54712688}}
{"ts":1676960792567196834,"type":"gauge","name":"runtime.MemStats.TotalAlloc","measures":{"value":44002784}}
{"ts":1676960797476262753,"type":"gauge","name":"runtime.MemStats.MSpanInuse","measures":{"value":644096}}
{"ts":1676960797478676670,"type":"gauge","name":"runtime.MemStats.HeapObjects","measures":{"value":538713}}
{"ts":1676960797480680878,"type":"gauge","name":"runtime.MemStats.MCacheSys","measures":{"value":15600}}
{"ts":1676960797482105253,"type":"gauge","name":"runtime.NumThread","measures":{"value":15}}
{"ts":1676960797483804211,"type":"gauge","name":"runtime.MemStats.Lookups","measures":{"value":0}}
{"ts":1676960797486464461,"type":"gauge","name":"runtime.MemStats.PauseTotalNs","measures":{"value":4551418}}
{"ts":1676960797487922253,"type":"gauge","name":"runtime.NumGoroutine","measures":{"value":260}}
{"ts":1676960797488884961,"type":"timer","name":"runtime.ReadMemStats","measures":{"count":6,"m1":0.06815187395991122,"m15":0.0054791045767303434,"m5":0.015991117074135346,"max":765584,"mean":493139.1666666667,"meanrate":0.19998532348374637,"min":161959,"p50":504958.5,"p75":756896,"p95":765584,"p99":765584,"p999":765584,"p9999":765584,"stddev":243608.46507830048,"variance":59345084257.80555}}
{"ts":1676960797492064170,"type":"gauge","name":"runtime.MemStats.Alloc","measures":{"value":27002784}}
{"ts":1676960797494134545,"type":"gauge","name":"runtime.MemStats.HeapInuse","measures":{"value":34332672}}
{"ts":1676960797495763045,"type":"gauge","name":"runtime.MemStats.NumGC","measures":{"value":0}}
{"ts":1676960797498445378,"type":"gauge","name":"runtime.MemStats.GCCPUFraction","measures":{"value":0.007136933082919085}}
{"ts":1676960797500427878,"type":"gauge","name":"runtime.MemStats.StackSys","measures":{"value":21528576}}
{"ts":1676960797502143086,"type":"gauge","name":"runtime.MemStats.DebugGC","measures":{"value":0}}
{"ts":1676960797504543211,"type":"gauge","name":"runtime.MemStats.MSpanSys","measures":{"value":718080}}
{"ts":1676960797506921628,"type":"gauge","name":"runtime.MemStats.LastGC","measures":{"value":1676960773301108700}}
{"ts":1676960797508080503,"type":"gauge","name":"runtime.MemStats.Mallocs","measures":{"value":2675}}
{"ts":1676960797511289253,"type":"gauge","name":"runtime.MemStats.NextGC","measures":{"value":54712688}}
{"ts":1676960797515019836,"type":"gauge","name":"runtime.MemStats.TotalAlloc","measures":{"value":44266984}}
{"ts":1676960797518808211,"type":"gauge","name":"runtime.MemStats.HeapAlloc","measures":{"value":27002784}}
{"ts":1676960797520896711,"type":"gauge","name":"runtime.MemStats.HeapReleased","measures":{"value":5111808}}
{"ts":1676960797522897878,"type":"histogram","name":"runtime.MemStats.PauseNs","measures":{"count":4,"max":2047749,"mean":1137854.5,"min":27543,"p50":1238063,"p75":2026405.5,"p95":2047749,"p99":2047749,"p999":2047749,"p9999":2047749,"stddev":884595.7921269748,"variance":782509715448.75}}
{"ts":1676960797524524753,"type":"gauge","name":"runtime.MemStats.Sys","measures":{"value":104235288}}
{"ts":1676960797527787003,"type":"gauge","name":"runtime.NumCgoCall","measures":{"value":0}}
{"ts":1676960797530629753,"type":"gauge","name":"runtime.MemStats.Frees","measures":{"value":234}}
{"ts":1676960797532896836,"type":"gauge","name":"runtime.MemStats.MCacheInuse","measures":{"value":9600}}
{"ts":1676960797535604253,"type":"gauge","name":"runtime.MemStats.HeapSys","measures":{"value":70746112}}
{"ts":1676960797537134003,"type":"gauge","name":"runtime.MemStats.StackInuse","measures":{"value":21528576}}
{"ts":1676960797538498461,"type":"gauge","name":"runtime.MemStats.HeapIdle","measures":{"value":36413440}}
{"ts":1676960797539957420,"type":"gauge","name":"runtime.MemStats.BuckHashSys","measures":{"value":1507590}}
{"ts":1676960797543623086,"type":"gauge","name":"runtime.MemStats.EnableGC","measures":{"value":1}}
{"ts":1676960802475951255,"type":"gauge","name":"runtime.NumThread","measures":{"value":15}}
{"ts":1676960802480971255,"type":"gauge","name":"runtime.MemStats.PauseTotalNs","measures":{"value":4551418}}
{"ts":1676960802490140297,"type":"gauge","name":"runtime.NumGoroutine","measures":{"value":267}}
{"ts":1676960802511447547,"type":"timer","name":"runtime.ReadMemStats","measures":{"count":7,"m1":0.07869386805747328,"m15":0.0065567799035988455,"m5":0.019032516392808084,"max":765584,"mean":489708.5714285714,"meanrate":0.19998907503109303,"min":161959,"p50":469125,"p75":754000,"p95":765584,"p99":765584,"p999":765584,"p9999":765584,"stddev":225694.10488589393,"variance":50937828980.244896}}
{"ts":1676960802521428047,"type":"gauge","name":"runtime.MemStats.Alloc","measures":{"value":27754192}}
{"ts":1676960802528610172,"type":"gauge","name":"runtime.MemStats.HeapInuse","measures":{"value":34512896}}
{"ts":1676960802556254214,"type":"gauge","name":"runtime.MemStats.Lookups","measures":{"value":0}}
{"ts":1676960802565647589,"type":"gauge","name":"runtime.MemStats.GCCPUFraction","measures":{"value":0.007136933082919085}}
{"ts":1676960802590719547,"type":"gauge","name":"runtime.MemStats.StackSys","measures":{"value":21528576}}
{"ts":1676960802598445589,"type":"gauge","name":"runtime.MemStats.DebugGC","measures":{"value":0}}
{"ts":1676960802614497255,"type":"gauge","name":"runtime.MemStats.MSpanSys","measures":{"value":718080}}
{"ts":1676960802624548797,"type":"gauge","name":"runtime.MemStats.NumGC","measures":{"value":0}}
{"ts":1676960802633046297,"type":"gauge","name":"runtime.MemStats.Mallocs","measures":{"value":9487}}
{"ts":1676960802637128464,"type":"gauge","name":"runtime.MemStats.NextGC","measures":{"value":54712688}}
{"ts":1676960802640524797,"type":"gauge","name":"runtime.MemStats.TotalAlloc","measures":{"value":45018392}}
{"ts":1676960802658135714,"type":"gauge","name":"runtime.MemStats.HeapAlloc","measures":{"value":27754192}}
{"ts":1676960802661809630,"type":"gauge","name":"runtime.MemStats.HeapReleased","measures":{"value":4939776}}
{"ts":1676960802669998005,"type":"gauge","name":"runtime.MemStats.LastGC","measures":{"value":1676960773301108700}}
{"ts":1676960802680137172,"type":"gauge","name":"runtime.MemStats.Sys","measures":{"value":104235288}}
{"ts":1676960802687192130,"type":"gauge","name":"runtime.NumCgoCall","measures":{"value":0}}
{"ts":1676960802696258422,"type":"gauge","name":"runtime.MemStats.Frees","measures":{"value":301}}
{"ts":1676960802708914089,"type":"gauge","name":"runtime.MemStats.MCacheInuse","measures":{"value":9600}}
{"ts":1676960802714821005,"type":"histogram","name":"runtime.MemStats.PauseNs","measures":{"count":4,"max":2047749,"mean":1137854.5,"min":27543,"p50":1238063,"p75":2026405.5,"p95":2047749,"p99":2047749,"p999":2047749,"p9999":2047749,"stddev":884595.7921269748,"variance":782509715448.75}}
{"ts":1676960802721357464,"type":"gauge","name":"runtime.MemStats.HeapSys","measures":{"value":70746112}}
{"ts":1676960802729631380,"type":"gauge","name":"runtime.MemStats.StackInuse","measures":{"value":21528576}}
{"ts":1676960802740270672,"type":"gauge","name":"runtime.MemStats.BuckHashSys","measures":{"value":1508270}}
{"ts":1676960802755545672,"type":"gauge","name":"runtime.MemStats.EnableGC","measures":{"value":1}}
{"ts":1676960802766278172,"type":"gauge","name":"runtime.MemStats.HeapIdle","measures":{"value":36233216}}
{"ts":1676960802773404422,"type":"gauge","name":"runtime.MemStats.HeapObjects","measures":{"value":547899}}
{"ts":1676960802780702130,"type":"gauge","name":"runtime.MemStats.MCacheSys","measures":{"value":15600}}
{"ts":1676960802787933922,"type":"gauge","name":"runtime.MemStats.MSpanInuse","measures":{"value":644096}}
{"ts":1676960807481275299,"type":"gauge","name":"runtime.MemStats.LastGC","measures":{"value":1676960773301108700}}
{"ts":1676960807493134383,"type":"gauge","name":"runtime.MemStats.Mallocs","measures":{"value":147991}}
{"ts":1676960807498198091,"type":"gauge","name":"runtime.MemStats.NextGC","measures":{"value":54712688}}
{"ts":1676960807503146091,"type":"gauge","name":"runtime.MemStats.TotalAlloc","measures":{"value":55408152}}
{"ts":1676960807511942299,"type":"gauge","name":"runtime.MemStats.HeapAlloc","measures":{"value":38143952}}
{"ts":1676960807529831174,"type":"gauge","name":"runtime.MemStats.HeapReleased","measures":{"value":3145728}}
{"ts":1676960807538234633,"type":"histogram","name":"runtime.MemStats.PauseNs","measures":{"count":4,"max":2047749,"mean":1137854.5,"min":27543,"p50":1238063,"p75":2026405.5,"p95":2047749,"p99":2047749,"p999":2047749,"p9999":2047749,"stddev":884595.7921269748,"variance":782509715448.75}}
{"ts":1676960807547916049,"type":"gauge","name":"runtime.MemStats.Sys","measures":{"value":104694040}}
{"ts":1676960807561582633,"type":"gauge","name":"runtime.NumCgoCall","measures":{"value":0}}
{"ts":1676960807569479341,"type":"gauge","name":"runtime.MemStats.Frees","measures":{"value":3616}}
{"ts":1676960807578279924,"type":"gauge","name":"runtime.MemStats.MCacheInuse","measures":{"value":9600}}
{"ts":1676960807586292174,"type":"gauge","name":"runtime.MemStats.HeapSys","measures":{"value":76185600}}
{"ts":1676960807598769049,"type":"gauge","name":"runtime.MemStats.StackInuse","measures":{"value":16089088}}
{"ts":1676960807615429841,"type":"gauge","name":"runtime.MemStats.HeapIdle","measures":{"value":33726464}}
{"ts":1676960807666213424,"type":"gauge","name":"runtime.MemStats.BuckHashSys","measures":{"value":1513350}}
{"ts":1676960807682988758,"type":"gauge","name":"runtime.MemStats.EnableGC","measures":{"value":1}}
{"ts":1676960807690080466,"type":"gauge","name":"runtime.MemStats.MSpanInuse","measures":{"value":739704}}
{"ts":1676960807704298091,"type":"gauge","name":"runtime.MemStats.HeapObjects","measures":{"value":692274}}
{"ts":1676960807709667799,"type":"gauge","name":"runtime.MemStats.MCacheSys","measures":{"value":15600}}
{"ts":1676960807721743216,"type":"gauge","name":"runtime.NumThread","measures":{"value":15}}
{"ts":1676960807736597466,"type":"gauge","name":"runtime.MemStats.Lookups","measures":{"value":0}}
{"ts":1676960807743601091,"type":"gauge","name":"runtime.MemStats.PauseTotalNs","measures":{"value":4551418}}
{"ts":1676960807764061383,"type":"gauge","name":"runtime.NumGoroutine","measures":{"value":578}}
{"ts":1676960807784039924,"type":"timer","name":"runtime.ReadMemStats","measures":{"count":8,"m1":0.08839297084599056,"m15":0.007628484745355124,"m5":0.02202364580239524,"max":765584,"mean":461213.75,"meanrate":0.19996384186323635,"min":161959,"p50":405750,"p75":732385.5,"p95":765584,"p99":765584,"p999":765584,"p9999":765584,"stddev":224174.673626254,"variance":50254284295.4375}}
{"ts":1676960807816622133,"type":"gauge","name":"runtime.MemStats.Alloc","measures":{"value":38143952}}
{"ts":1676960807832644299,"type":"gauge","name":"runtime.MemStats.HeapInuse","measures":{"value":42459136}}
{"ts":1676960807856563508,"type":"gauge","name":"runtime.MemStats.NumGC","measures":{"value":0}}
{"ts":1676960807875957174,"type":"gauge","name":"runtime.MemStats.GCCPUFraction","measures":{"value":0.007136933082919085}}
{"ts":1676960807891895549,"type":"gauge","name":"runtime.MemStats.StackSys","measures":{"value":16089088}}
{"ts":1676960807905627841,"type":"gauge","name":"runtime.MemStats.DebugGC","measures":{"value":0}}
{"ts":1676960807924981883,"type":"gauge","name":"runtime.MemStats.MSpanSys","measures":{"value":750720}}
{"ts":1676960812480850802,"type":"gauge","name":"runtime.MemStats.DebugGC","measures":{"value":0}}
{"ts":1676960812486072718,"type":"gauge","name":"runtime.MemStats.MSpanSys","measures":{"value":848640}}
{"ts":1676960812501082343,"type":"gauge","name":"runtime.MemStats.NumGC","measures":{"value":0}}
{"ts":1676960812506882677,"type":"gauge","name":"runtime.MemStats.GCCPUFraction","measures":{"value":0.007136933082919085}}
{"ts":1676960812522833260,"type":"gauge","name":"runtime.MemStats.StackSys","measures":{"value":14090240}}
{"ts":1676960812529281552,"type":"gauge","name":"runtime.MemStats.TotalAlloc","measures":{"value":61798864}}
{"ts":1676960812542938968,"type":"gauge","name":"runtime.MemStats.HeapAlloc","measures":{"value":44534664}}
{"ts":1676960812552206218,"type":"gauge","name":"runtime.MemStats.HeapReleased","measures":{"value":3145728}}
{"ts":1676960812562484760,"type":"gauge","name":"runtime.MemStats.LastGC","measures":{"value":1676960773301108700}}
{"ts":1676960812572137052,"type":"gauge","name":"runtime.MemStats.Mallocs","measures":{"value":104706}}
{"ts":1676960812580984218,"type":"gauge","name":"runtime.MemStats.NextGC","measures":{"value":54712688}}
{"ts":1676960812592240635,"type":"gauge","name":"runtime.MemStats.Frees","measures":{"value":4236}}
{"ts":1676960812619990760,"type":"gauge","name":"runtime.MemStats.MCacheInuse","measures":{"value":9600}}
{"ts":1676960812637098677,"type":"histogram","name":"runtime.MemStats.PauseNs","measures":{"count":4,"max":2047749,"mean":1137854.5,"min":27543,"p50":1238063,"p75":2026405.5,"p95":2047749,"p99":2047749,"p999":2047749,"p9999":2047749,"stddev":884595.7921269748,"variance":782509715448.75}}
{"ts":1676960812651239052,"type":"gauge","name":"runtime.MemStats.Sys","measures":{"value":104694040}}
{"ts":1676960812670648177,"type":"gauge","name":"runtime.NumCgoCall","measures":{"value":0}}
{"ts":1676960812682186260,"type":"gauge","name":"runtime.MemStats.HeapSys","measures":{"value":78184448}}
{"ts":1676960812697195218,"type":"gauge","name":"runtime.MemStats.StackInuse","measures":{"value":14090240}}
{"ts":1676960812712091177,"type":"gauge","name":"runtime.MemStats.BuckHashSys","measures":{"value":1515982}}
{"ts":1676960812733505302,"type":"gauge","name":"runtime.MemStats.EnableGC","measures":{"value":1}}
{"ts":1676960812748490968,"type":"gauge","name":"runtime.MemStats.HeapIdle","measures":{"value":29310976}}
{"ts":1676960812770612802,"type":"gauge","name":"runtime.MemStats.HeapObjects","measures":{"value":792744}}
{"ts":1676960812791882552,"type":"gauge","name":"runtime.MemStats.MCacheSys","measures":{"value":15600}}
{"ts":1676960812808951385,"type":"gauge","name":"runtime.MemStats.MSpanInuse","measures":{"value":844152}}
{"ts":1676960812815377218,"type":"gauge","name":"runtime.NumThread","measures":{"value":15}}
{"ts":1676960812822638760,"type":"timer","name":"runtime.ReadMemStats","measures":{"count":9,"m1":0.09731657619348157,"m15":0.008694252179394185,"m5":0.02496533619141051,"max":4839083,"mean":947643.6666666666,"meanrate":0.1999697444843403,"min":161959,"p50":469125,"p75":759792,"p95":4839083,"p99":4839083,"p999":4839083,"p9999":4839083,"stddev":1391970.8996800187,"variance":1937582985556.0002}}
{"ts":1676960812851712885,"type":"gauge","name":"runtime.MemStats.Alloc","measures":{"value":44534664}}
{"ts":1676960812858285885,"type":"gauge","name":"runtime.MemStats.HeapInuse","measures":{"value":48873472}}
{"ts":1676960812871965302,"type":"gauge","name":"runtime.MemStats.Lookups","measures":{"value":0}}
{"ts":1676960812887660594,"type":"gauge","name":"runtime.MemStats.PauseTotalNs","measures":{"value":4551418}}
{"ts":1676960812899667302,"type":"gauge","name":"runtime.NumGoroutine","measures":{"value":520}}
{"ts":1676960817480606596,"type":"gauge","name":"runtime.MemStats.HeapObjects","measures":{"value":907624}}
{"ts":1676960817507802554,"type":"gauge","name":"runtime.MemStats.MCacheSys","measures":{"value":15600}}
{"ts":1676960817534694012,"type":"gauge","name":"runtime.MemStats.MSpanInuse","measures":{"value":931192}}
{"ts":1676960817552889262,"type":"gauge","name":"runtime.NumThread","measures":{"value":15}}
{"ts":1676960817566138846,"type":"timer","name":"runtime.ReadMemStats","measures":{"count":10,"m1":0.10552668945179702,"m15":0.009754115099857238,"m5":0.02785840471498844,"max":5406584,"mean":1393537.7,"meanrate":0.1999737911749627,"min":161959,"p50":568333.5,"p75":1783958.75,"p95":5406584,"p99":5406584,"p999":5406584,"p9999":5406584,"stddev":1879685.635328634,"variance":3533218087660.81}}
{"ts":1676960817588256304,"type":"gauge","name":"runtime.MemStats.Alloc","measures":{"value":51035824}}
{"ts":1676960817611697887,"type":"gauge","name":"runtime.MemStats.HeapInuse","measures":{"value":54894592}}
{"ts":1676960817637631137,"type":"gauge","name":"runtime.MemStats.Lookups","measures":{"value":0}}
{"ts":1676960817655272387,"type":"gauge","name":"runtime.MemStats.PauseTotalNs","measures":{"value":4551418}}
{"ts":1676960817669535387,"type":"gauge","name":"runtime.NumGoroutine","measures":{"value":583}}
{"ts":1676960817678784679,"type":"gauge","name":"runtime.MemStats.DebugGC","measures":{"value":0}}
{"ts":1676960817689644012,"type":"gauge","name":"runtime.MemStats.MSpanSys","measures":{"value":946560}}
{"ts":1676960817718935804,"type":"gauge","name":"runtime.MemStats.NumGC","measures":{"value":0}}
{"ts":1676960817733450304,"type":"gauge","name":"runtime.MemStats.GCCPUFraction","measures":{"value":0.007136933082919085}}
{"ts":1676960817771996846,"type":"gauge","name":"runtime.MemStats.StackSys","measures":{"value":12779520}}
{"ts":1676960817792405304,"type":"gauge","name":"runtime.MemStats.TotalAlloc","measures":{"value":68300024}}
{"ts":1676960817811548679,"type":"gauge","name":"runtime.MemStats.HeapAlloc","measures":{"value":51035824}}
{"ts":1676960817825809179,"type":"gauge","name":"runtime.MemStats.HeapReleased","measures":{"value":3145728}}
{"ts":1676960817849030804,"type":"gauge","name":"runtime.MemStats.LastGC","measures":{"value":1676960773301108700}}
{"ts":1676960817859896054,"type":"gauge","name":"runtime.MemStats.Mallocs","measures":{"value":123476}}
{"ts":1676960817875897888,"type":"gauge","name":"runtime.MemStats.NextGC","measures":{"value":54712688}}
{"ts":1676960817898149304,"type":"gauge","name":"runtime.MemStats.Frees","measures":{"value":8596}}
{"ts":1676960817921798804,"type":"gauge","name":"runtime.MemStats.MCacheInuse","measures":{"value":9600}}
{"ts":1676960817932138804,"type":"histogram","name":"runtime.MemStats.PauseNs","measures":{"count":4,"max":2047749,"mean":1137854.5,"min":27543,"p50":1238063,"p75":2026405.5,"p95":2047749,"p99":2047749,"p999":2047749,"p9999":2047749,"stddev":884595.7921269748,"variance":782509715448.75}}
{"ts":1676960817950947513,"type":"gauge","name":"runtime.MemStats.Sys","measures":{"value":104694040}}
{"ts":1676960817959769429,"type":"gauge","name":"runtime.NumCgoCall","measures":{"value":0}}
{"ts":1676960817981905263,"type":"gauge","name":"runtime.MemStats.HeapSys","measures":{"value":79495168}}
{"ts":1676960817986001138,"type":"gauge","name":"runtime.MemStats.StackInuse","measures":{"value":12779520}}
{"ts":1676960818004104763,"type":"gauge","name":"runtime.MemStats.BuckHashSys","measures":{"value":1517502}}
{"ts":1676960818028735429,"type":"gauge","name":"runtime.MemStats.EnableGC","measures":{"value":1}}
{"ts":1676960818056449929,"type":"gauge","name":"runtime.MemStats.HeapIdle","measures":{"value":24600576}}
{"ts":1676960822476193042,"type":"gauge","name":"runtime.MemStats.MCacheSys","measures":{"value":15600}}
{"ts":1676960822495714125,"type":"gauge","name":"runtime.MemStats.MSpanInuse","measures":{"value":782408}}
{"ts":1676960822509173125,"type":"gauge","name":"runtime.MemStats.HeapObjects","measures":{"value":614474}}
{"ts":1676960822514587959,"type":"gauge","name":"runtime.NumThread","measures":{"value":15}}
{"ts":1676960822546313625,"type":"gauge","name":"runtime.MemStats.HeapInuse","measures":{"value":41123840}}
{"ts":1676960822574434167,"type":"gauge","name":"runtime.MemStats.Lookups","measures":{"value":0}}
{"ts":1676960822603530084,"type":"gauge","name":"runtime.MemStats.PauseTotalNs","measures":{"value":12564584}}
{"ts":1676960822618363876,"type":"gauge","name":"runtime.NumGoroutine","measures":{"value":429}}
{"ts":1676960822632121376,"type":"timer","name":"runtime.ReadMemStats","measures":{"count":11,"m1":0.11308035829858432,"m15":0.01080810621864695,"m5":0.030703655021877187,"max":5406584,"mean":1342735,"meanrate":0.19999067049703662,"min":161959,"p50":667542,"p75":834708,"p95":5406584,"p99":5406584,"p999":5406584,"p9999":5406584,"stddev":1799395.8949049842,"variance":3237825586600.909}}
{"ts":1676960822650615876,"type":"gauge","name":"runtime.MemStats.Alloc","measures":{"value":30525240}}
{"ts":1676960822667493126,"type":"gauge","name":"runtime.MemStats.MSpanSys","measures":{"value":979200}}
{"ts":1676960822695271751,"type":"gauge","name":"runtime.MemStats.NumGC","measures":{"value":1}}
{"ts":1676960822706660959,"type":"gauge","name":"runtime.MemStats.GCCPUFraction","measures":{"value":0.0015092491522331285}}
{"ts":1676960822710516542,"type":"gauge","name":"runtime.MemStats.StackSys","measures":{"value":8093696}}
{"ts":1676960822723089751,"type":"gauge","name":"runtime.MemStats.DebugGC","measures":{"value":0}}
{"ts":1676960822750082084,"type":"gauge","name":"runtime.MemStats.HeapReleased","measures":{"value":19046400}}
{"ts":1676960822760656542,"type":"gauge","name":"runtime.MemStats.LastGC","measures":{"value":1676960818582706400}}
{"ts":1676960822773354001,"type":"gauge","name":"runtime.MemStats.Mallocs","measures":{"value":88919}}
{"ts":1676960822784115959,"type":"gauge","name":"runtime.MemStats.NextGC","measures":{"value":57338624}}
{"ts":1676960822795392917,"type":"gauge","name":"runtime.MemStats.TotalAlloc","measures":{"value":73212336}}
{"ts":1676960822814328626,"type":"gauge","name":"runtime.MemStats.HeapAlloc","measures":{"value":30525240}}
{"ts":1676960822830803751,"type":"gauge","name":"runtime.MemStats.MCacheInuse","measures":{"value":9600}}
{"ts":1676960822840309209,"type":"histogram","name":"runtime.MemStats.PauseNs","measures":{"count":5,"max":8013166,"mean":2512916.8,"min":27543,"p50":1962375,"p75":5030457.5,"p95":8013166,"p99":8013166,"p999":8013166,"p9999":8013166,"stddev":2861676.621822277,"variance":8189193087884.159}}
{"ts":1676960822862675709,"type":"gauge","name":"runtime.MemStats.Sys","measures":{"value":104694040}}
{"ts":1676960822874565209,"type":"gauge","name":"runtime.NumCgoCall","measures":{"value":0}}
{"ts":1676960822884538501,"type":"gauge","name":"runtime.MemStats.Frees","measures":{"value":382069}}
{"ts":1676960822903793084,"type":"gauge","name":"runtime.MemStats.StackInuse","measures":{"value":8093696}}
{"ts":1676960822917304084,"type":"gauge","name":"runtime.MemStats.HeapSys","measures":{"value":84180992}}
{"ts":1676960822934299667,"type":"gauge","name":"runtime.MemStats.EnableGC","measures":{"value":1}}
{"ts":1676960822981049834,"type":"gauge","name":"runtime.MemStats.HeapIdle","measures":{"value":43057152}}
{"ts":1676960823000781834,"type":"gauge","name":"runtime.MemStats.BuckHashSys","measures":{"value":1518390}}
{"ts":1676960827478573170,"type":"gauge","name":"runtime.MemStats.BuckHashSys","measures":{"value":1520230}}
{"ts":1676960827505476378,"type":"gauge","name":"runtime.MemStats.EnableGC","measures":{"value":1}}
{"ts":1676960827517126920,"type":"gauge","name":"runtime.MemStats.HeapIdle","measures":{"value":41410560}}
{"ts":1676960827523555336,"type":"gauge","name":"runtime.MemStats.HeapObjects","measures":{"value":694880}}
{"ts":1676960827537478836,"type":"gauge","name":"runtime.MemStats.MCacheSys","measures":{"value":15600}}
{"ts":1676960827551055295,"type":"gauge","name":"runtime.MemStats.MSpanInuse","measures":{"value":799544}}
{"ts":1676960827563076711,"type":"gauge","name":"runtime.NumThread","measures":{"value":16}}
{"ts":1676960827581441128,"type":"gauge","name":"runtime.MemStats.PauseTotalNs","measures":{"value":12564584}}
{"ts":1676960827587145795,"type":"gauge","name":"runtime.NumGoroutine","measures":{"value":388}}
{"ts":1676960827599245295,"type":"timer","name":"runtime.ReadMemStats","measures":{"count":12,"m1":0.12003006913103051,"m15":0.01185625806643708,"m5":0.033501877477679465,"max":5406584,"mean":1511948.0833333333,"meanrate":0.19998355931492506,"min":161959,"p50":710771,"p75":2738646,"p95":5406584,"p99":5406584,"p999":5406584,"p9999":5406584,"stddev":1811896.942709604,"variance":3282970531000.41}}
{"ts":1676960827619159378,"type":"gauge","name":"runtime.MemStats.Alloc","measures":{"value":35250792}}
{"ts":1676960827654803545,"type":"gauge","name":"runtime.MemStats.HeapInuse","measures":{"value":43524096}}
{"ts":1676960827678083003,"type":"gauge","name":"runtime.MemStats.Lookups","measures":{"value":0}}
{"ts":1676960827713300836,"type":"gauge","name":"runtime.MemStats.GCCPUFraction","measures":{"value":0.0015092491522331285}}
{"ts":1676960827734810045,"type":"gauge","name":"runtime.MemStats.StackSys","measures":{"value":7340032}}
{"ts":1676960827743659211,"type":"gauge","name":"runtime.MemStats.DebugGC","measures":{"value":0}}
{"ts":1676960827758561920,"type":"gauge","name":"runtime.MemStats.MSpanSys","measures":{"value":979200}}
{"ts":1676960827781221878,"type":"gauge","name":"runtime.MemStats.NumGC","measures":{"value":0}}
{"ts":1676960827799977128,"type":"gauge","name":"runtime.MemStats.Mallocs","measures":{"value":85790}}
{"ts":1676960827856956503,"type":"gauge","name":"runtime.MemStats.NextGC","measures":{"value":57338624}}
{"ts":1676960827933511670,"type":"gauge","name":"runtime.MemStats.TotalAlloc","measures":{"value":77937888}}
{"ts":1676960827969567920,"type":"gauge","name":"runtime.MemStats.HeapAlloc","measures":{"value":35250792}}
{"ts":1676960828000530545,"type":"gauge","name":"runtime.MemStats.HeapReleased","measures":{"value":19046400}}
{"ts":1676960828191643253,"type":"gauge","name":"runtime.MemStats.LastGC","measures":{"value":1676960818582706400}}
{"ts":1676960828234733628,"type":"gauge","name":"runtime.MemStats.Sys","measures":{"value":104694040}}
{"ts":1676960828247265962,"type":"gauge","name":"runtime.NumCgoCall","measures":{"value":0}}
{"ts":1676960828265081337,"type":"gauge","name":"runtime.MemStats.Frees","measures":{"value":5384}}
{"ts":1676960828274487712,"type":"gauge","name":"runtime.MemStats.MCacheInuse","measures":{"value":9600}}
{"ts":1676960828289431587,"type":"histogram","name":"runtime.MemStats.PauseNs","measures":{"count":5,"max":8013166,"mean":2512916.8,"min":27543,"p50":1962375,"p75":5030457.5,"p95":8013166,"p99":8013166,"p999":8013166,"p9999":8013166,"stddev":2861676.621822277,"variance":8189193087884.159}}
{"ts":1676960828299374878,"type":"gauge","name":"runtime.MemStats.HeapSys","measures":{"value":84934656}}
{"ts":1676960828315462753,"type":"gauge","name":"runtime.MemStats.StackInuse","measures":{"value":7340032}}
{"ts":1676960832564776297,"type":"gauge","name":"runtime.MemStats.PauseTotalNs","measures":{"value":65768667}}
{"ts":1676960832660438714,"type":"gauge","name":"runtime.NumGoroutine","measures":{"value":731}}
{"ts":1676960832698650422,"type":"timer","name":"runtime.ReadMemStats","measures":{"count":13,"m1":0.14241522883984686,"m15":0.014006633392697159,"m5":0.03955955862008013,"max":12208708,"mean":2334775.769230769,"meanrate":0.1996995766022789,"min":161959,"p50":754000,"p75":4106187.5,"p95":12208708,"p99":12208708,"p999":12208708,"p9999":12208708,"stddev":3339907.0562607013,"variance":11154979144460.023}}
{"ts":1676960832771503630,"type":"gauge","name":"runtime.MemStats.Alloc","measures":{"value":39431832}}
{"ts":1676960832788708422,"type":"gauge","name":"runtime.MemStats.HeapInuse","measures":{"value":49283072}}
{"ts":1676960832888048255,"type":"gauge","name":"runtime.MemStats.Lookups","measures":{"value":0}}
{"ts":1676960833047987339,"type":"gauge","name":"runtime.MemStats.GCCPUFraction","measures":{"value":0.018541797284448845}}
{"ts":1676960833407745839,"type":"gauge","name":"runtime.MemStats.StackSys","measures":{"value":6684672}}
{"ts":1676960833418229464,"type":"gauge","name":"runtime.MemStats.DebugGC","measures":{"value":0}}
{"ts":1676960833451812381,"type":"gauge","name":"runtime.MemStats.MSpanSys","measures":{"value":995520}}
{"ts":1676960833483678339,"type":"gauge","name":"runtime.MemStats.NumGC","measures":{"value":1}}
{"ts":1676960833503441756,"type":"gauge","name":"runtime.MemStats.Mallocs","measures":{"value":278435}}
{"ts":1676960833521370506,"type":"gauge","name":"runtime.MemStats.NextGC","measures":{"value":61161024}}
{"ts":1676960833563552089,"type":"gauge","name":"runtime.MemStats.TotalAlloc","measures":{"value":108219480}}
{"ts":1676960833571401547,"type":"gauge","name":"runtime.MemStats.HeapAlloc","measures":{"value":39431832}}
{"ts":1676960833579998131,"type":"gauge","name":"runtime.MemStats.HeapReleased","measures":{"value":19046400}}
{"ts":1676960833618231339,"type":"gauge","name":"runtime.MemStats.LastGC","measures":{"value":1676960831865621500}}
{"ts":1676960833686818922,"type":"gauge","name":"runtime.MemStats.Sys","measures":{"value":104694040}}
{"ts":1676960833712657756,"type":"gauge","name":"runtime.NumCgoCall","measures":{"value":0}}
{"ts":1676960833732972172,"type":"gauge","name":"runtime.MemStats.Frees","measures":{"value":323059}}
{"ts":1676960833741233547,"type":"gauge","name":"runtime.MemStats.MCacheInuse","measures":{"value":9600}}
{"ts":1676960833779480464,"type":"histogram","name":"runtime.MemStats.PauseNs","measures":{"count":6,"max":53204083,"mean":10961444.5,"min":27543,"p50":2005062,"p75":19310895.25,"p95":53204083,"p99":53204083,"p999":53204083,"p9999":53204083,"stddev":19071246.132897902,"variance":363712429061573.25}}
{"ts":1676960833790516964,"type":"gauge","name":"runtime.MemStats.HeapSys","measures":{"value":85590016}}
{"ts":1676960833819031589,"type":"gauge","name":"runtime.MemStats.StackInuse","measures":{"value":6684672}}
{"ts":1676960833833100173,"type":"gauge","name":"runtime.MemStats.BuckHashSys","measures":{"value":1528310}}
{"ts":1676960833854740589,"type":"gauge","name":"runtime.MemStats.EnableGC","measures":{"value":1}}
{"ts":1676960833878746381,"type":"gauge","name":"runtime.MemStats.HeapIdle","measures":{"value":36306944}}
{"ts":1676960833886305214,"type":"gauge","name":"runtime.MemStats.HeapObjects","measures":{"value":650256}}
{"ts":1676960834138587381,"type":"gauge","name":"runtime.MemStats.MCacheSys","measures":{"value":15600}}
{"ts":1676960834501987756,"type":"gauge","name":"runtime.MemStats.MSpanInuse","measures":{"value":850816}}
{"ts":1676960834536789715,"type":"gauge","name":"runtime.NumThread","measures":{"value":18}}
{"ts":1676960837479793008,"type":"gauge","name":"runtime.MemStats.HeapObjects","measures":{"value":617534}}
{"ts":1676960837495724008,"type":"gauge","name":"runtime.MemStats.MCacheSys","measures":{"value":15600}}
{"ts":1676960837524873091,"type":"gauge","name":"runtime.MemStats.MSpanInuse","measures":{"value":756704}}
{"ts":1676960837547524758,"type":"gauge","name":"runtime.NumThread","measures":{"value":18}}
{"ts":1676960837568776549,"type":"gauge","name":"runtime.MemStats.Alloc","measures":{"value":32923048}}
{"ts":1676960837589962133,"type":"gauge","name":"runtime.MemStats.HeapInuse","measures":{"value":43155456}}
{"ts":1676960837609535799,"type":"gauge","name":"runtime.MemStats.Lookups","measures":{"value":0}}
{"ts":1676960837622412216,"type":"gauge","name":"runtime.MemStats.PauseTotalNs","measures":{"value":141809791}}
{"ts":1676960837700397591,"type":"gauge","name":"runtime.NumGoroutine","measures":{"value":695}}
{"ts":1676960837712403674,"type":"timer","name":"runtime.ReadMemStats","measures":{"count":14,"m1":0.13102833585225804,"m15":0.013929034514761927,"m5":0.0389056966286317,"max":12208708,"mean":2468104.285714286,"meanrate":0.19998224100847753,"min":161959,"p50":759792,"p75":4360802,"p95":12208708,"p99":12208708,"p999":12208708,"p9999":12208708,"stddev":3254118.8258660403,"variance":10589289332855.777}}
{"ts":1676960837761562049,"type":"gauge","name":"runtime.MemStats.DebugGC","measures":{"value":0}}
{"ts":1676960837812320758,"type":"gauge","name":"runtime.MemStats.MSpanSys","measures":{"value":995520}}
{"ts":1676960837855339424,"type":"gauge","name":"runtime.MemStats.NumGC","measures":{"value":1}}
{"ts":1676960837885692299,"type":"gauge","name":"runtime.MemStats.GCCPUFraction","measures":{"value":0.02122509806789178}}
{"ts":1676960837902109258,"type":"gauge","name":"runtime.MemStats.StackSys","measures":{"value":6520832}}
{"ts":1676960837911258299,"type":"gauge","name":"runtime.MemStats.HeapAlloc","measures":{"value":32923048}}
{"ts":1676960837932649341,"type":"gauge","name":"runtime.MemStats.HeapReleased","measures":{"value":21864448}}
{"ts":1676960837940486883,"type":"gauge","name":"runtime.MemStats.LastGC","measures":{"value":1676960834619555000}}
{"ts":1676960837956825508,"type":"gauge","name":"runtime.MemStats.Mallocs","measures":{"value":157596}}
{"ts":1676960837966824841,"type":"gauge","name":"runtime.MemStats.NextGC","measures":{"value":59915568}}
{"ts":1676960837983133550,"type":"gauge","name":"runtime.MemStats.TotalAlloc","measures":{"value":125149496}}
{"ts":1676960837997071133,"type":"gauge","name":"runtime.MemStats.Frees","measures":{"value":190318}}
{"ts":1676960838022804341,"type":"gauge","name":"runtime.MemStats.MCacheInuse","measures":{"value":9600}}
{"ts":1676960838037652675,"type":"histogram","name":"runtime.MemStats.PauseNs","measures":{"count":7,"max":76041124,"mean":20258541.57142857,"min":27543,"p50":2047749,"p75":53204083,"p95":76041124,"p99":76041124,"p999":76041124,"p9999":76041124,"stddev":28816134.27157779,"variance":830369594357600}}
{"ts":1676960838051699841,"type":"gauge","name":"runtime.MemStats.Sys","measures":{"value":104694040}}
{"ts":1676960838062094716,"type":"gauge","name":"runtime.NumCgoCall","measures":{"value":0}}
{"ts":1676960838089570216,"type":"gauge","name":"runtime.MemStats.HeapSys","measures":{"value":85753856}}
{"ts":1676960838094677758,"type":"gauge","name":"runtime.MemStats.StackInuse","measures":{"value":6520832}}
{"ts":1676960838110218258,"type":"gauge","name":"runtime.MemStats.BuckHashSys","measures":{"value":1528798}}
{"ts":1676960838132953550,"type":"gauge","name":"runtime.MemStats.EnableGC","measures":{"value":1}}
{"ts":1676960838140473758,"type":"gauge","name":"runtime.MemStats.HeapIdle","measures":{"value":42598400}}
{"ts":1676960842477261135,"type":"gauge","name":"runtime.MemStats.TotalAlloc","measures":{"value":137935536}}
{"ts":1676960842484354677,"type":"gauge","name":"runtime.MemStats.HeapAlloc","measures":{"value":45709088}}
{"ts":1676960842511133927,"type":"gauge","name":"runtime.MemStats.HeapReleased","measures":{"value":21864448}}
{"ts":1676960842535725010,"type":"gauge","name":"runtime.MemStats.LastGC","measures":{"value":1676960834619555000}}
{"ts":1676960842554326760,"type":"gauge","name":"runtime.MemStats.Mallocs","measures":{"value":142318}}
{"ts":1676960842568565385,"type":"gauge","name":"runtime.MemStats.NextGC","measures":{"value":59915568}}
{"ts":1676960842590150593,"type":"gauge","name":"runtime.MemStats.Frees","measures":{"value":5289}}
{"ts":1676960842602652343,"type":"gauge","name":"runtime.MemStats.MCacheInuse","measures":{"value":9600}}
{"ts":1676960842627604427,"type":"histogram","name":"runtime.MemStats.PauseNs","measures":{"count":7,"max":76041124,"mean":20258541.57142857,"min":27543,"p50":2047749,"p75":53204083,"p95":76041124,"p99":76041124,"p999":76041124,"p9999":76041124,"stddev":28816134.27157779,"variance":830369594357600}}
{"ts":1676960842675607177,"type":"gauge","name":"runtime.MemStats.Sys","measures":{"value":104694040}}
{"ts":1676960842686278385,"type":"gauge","name":"runtime.NumCgoCall","measures":{"value":0}}
{"ts":1676960842698938802,"type":"gauge","name":"runtime.MemStats.HeapSys","measures":{"value":86081536}}
{"ts":1676960842723321218,"type":"gauge","name":"runtime.MemStats.StackInuse","measures":{"value":6193152}}
{"ts":1676960842748263468,"type":"gauge","name":"runtime.MemStats.BuckHashSys","measures":{"value":1529910}}
{"ts":1676960842756290635,"type":"gauge","name":"runtime.MemStats.EnableGC","measures":{"value":1}}
{"ts":1676960842779761302,"type":"gauge","name":"runtime.MemStats.HeapIdle","measures":{"value":33775616}}
{"ts":1676960842789211635,"type":"gauge","name":"runtime.MemStats.HeapObjects","measures":{"value":754563}}
{"ts":1676960842796262718,"type":"gauge","name":"runtime.MemStats.MCacheSys","measures":{"value":15600}}
{"ts":1676960842821599093,"type":"gauge","name":"runtime.MemStats.MSpanInuse","measures":{"value":869856}}
{"ts":1676960842839526802,"type":"gauge","name":"runtime.NumThread","measures":{"value":18}}
{"ts":1676960842871694719,"type":"timer","name":"runtime.ReadMemStats","measures":{"count":15,"m1":0.13654300563318045,"m15":0.014959895945425761,"m5":0.04156835126097973,"max":12208708,"mean":2454877.933333333,"meanrate":0.19999018038881416,"min":161959,"p50":765584,"p75":4201375,"p95":12208708,"p99":12208708,"p999":12208708,"p9999":12208708,"stddev":3144166.951710367,"variance":9885785820227.662}}
{"ts":1676960842881451969,"type":"gauge","name":"runtime.MemStats.Alloc","measures":{"value":45709088}}
{"ts":1676960842893563760,"type":"gauge","name":"runtime.MemStats.HeapInuse","measures":{"value":52305920}}
{"ts":1676960842916208802,"type":"gauge","name":"runtime.MemStats.Lookups","measures":{"value":0}}
{"ts":1676960842937520594,"type":"gauge","name":"runtime.MemStats.PauseTotalNs","measures":{"value":141809791}}
{"ts":1676960842959457260,"type":"gauge","name":"runtime.NumGoroutine","measures":{"value":642}}
{"ts":1676960842983381552,"type":"gauge","name":"runtime.MemStats.DebugGC","measures":{"value":0}}
{"ts":1676960843010468010,"type":"gauge","name":"runtime.MemStats.MSpanSys","measures":{"value":995520}}
{"ts":1676960843020629969,"type":"gauge","name":"runtime.MemStats.NumGC","measures":{"value":0}}
{"ts":1676960843038482677,"type":"gauge","name":"runtime.MemStats.GCCPUFraction","measures":{"value":0.02122509806789178}}
{"ts":1676960843044214635,"type":"gauge","name":"runtime.MemStats.StackSys","measures":{"value":6193152}}
{"ts":1676960847477676471,"type":"gauge","name":"runtime.MemStats.MSpanInuse","measures":{"value":1000416}}
{"ts":1676960847485449471,"type":"gauge","name":"runtime.MemStats.HeapObjects","measures":{"value":876510}}
{"ts":1676960847511031262,"type":"gauge","name":"runtime.MemStats.MCacheSys","measures":{"value":15600}}
{"ts":1676960847524572887,"type":"gauge","name":"runtime.NumThread","measures":{"value":18}}
{"ts":1676960847529441346,"type":"gauge","name":"runtime.MemStats.Lookups","measures":{"value":0}}
{"ts":1676960847538381262,"type":"gauge","name":"runtime.MemStats.PauseTotalNs","measures":{"value":141809791}}
{"ts":1676960847547644346,"type":"gauge","name":"runtime.NumGoroutine","measures":{"value":663}}
{"ts":1676960847568798387,"type":"timer","name":"runtime.ReadMemStats","measures":{"count":16,"m1":0.14161674676364325,"m15":0.01598504624707783,"m5":0.0441869960832799,"max":12208708,"mean":2366432.4375,"meanrate":0.19998980532218377,"min":161959,"p50":800146,"p75":3994354.25,"p95":12208708,"p99":12208708,"p999":12208708,"p9999":12208708,"stddev":3063537.7086730134,"variance":9385263292461.496}}
{"ts":1676960847619806096,"type":"gauge","name":"runtime.MemStats.Alloc","measures":{"value":56066144}}
{"ts":1676960847710794637,"type":"gauge","name":"runtime.MemStats.HeapInuse","measures":{"value":61210624}}
{"ts":1676960847733101346,"type":"gauge","name":"runtime.MemStats.NumGC","measures":{"value":0}}
{"ts":1676960847759348346,"type":"gauge","name":"runtime.MemStats.GCCPUFraction","measures":{"value":0.02122509806789178}}
{"ts":1676960847801780471,"type":"gauge","name":"runtime.MemStats.StackSys","measures":{"value":6094848}}
{"ts":1676960847821688804,"type":"gauge","name":"runtime.MemStats.DebugGC","measures":{"value":0}}
{"ts":1676960847870276763,"type":"gauge","name":"runtime.MemStats.MSpanSys","measures":{"value":1011840}}
{"ts":1676960847893011263,"type":"gauge","name":"runtime.MemStats.LastGC","measures":{"value":1676960834619555000}}
{"ts":1676960847907279221,"type":"gauge","name":"runtime.MemStats.Mallocs","measures":{"value":128154}}
{"ts":1676960847943054054,"type":"gauge","name":"runtime.MemStats.NextGC","measures":{"value":59915568}}
{"ts":1676960847996309846,"type":"gauge","name":"runtime.MemStats.TotalAlloc","measures":{"value":148292592}}
{"ts":1676960848029405929,"type":"gauge","name":"runtime.MemStats.HeapAlloc","measures":{"value":56066144}}
{"ts":1676960848039252929,"type":"gauge","name":"runtime.MemStats.HeapReleased","measures":{"value":21864448}}
{"ts":1676960848067589554,"type":"histogram","name":"runtime.MemStats.PauseNs","measures":{"count":7,"max":76041124,"mean":20258541.57142857,"min":27543,"p50":2047749,"p75":53204083,"p95":76041124,"p99":76041124,"p999":76041124,"p9999":76041124,"stddev":28816134.27157779,"variance":830369594357600}}
{"ts":1676960848080690804,"type":"gauge","name":"runtime.MemStats.Sys","measures":{"value":104694040}}
{"ts":1676960848135523263,"type":"gauge","name":"runtime.NumCgoCall","measures":{"value":0}}
{"ts":1676960848302711804,"type":"gauge","name":"runtime.MemStats.Frees","measures":{"value":6207}}
{"ts":1676960848340406138,"type":"gauge","name":"runtime.MemStats.MCacheInuse","measures":{"value":9600}}
{"ts":1676960848464753971,"type":"gauge","name":"runtime.MemStats.HeapSys","measures":{"value":86179840}}
{"ts":1676960848766551388,"type":"gauge","name":"runtime.MemStats.StackInuse","measures":{"value":6094848}}
{"ts":1676960848965623305,"type":"gauge","name":"runtime.MemStats.HeapIdle","measures":{"value":24969216}}
{"ts":1676960849004152513,"type":"gauge","name":"runtime.MemStats.BuckHashSys","measures":{"value":1531950}}
{"ts":1676960849090453513,"type":"gauge","name":"runtime.MemStats.EnableGC","measures":{"value":1}}
{"ts":1676960852476223167,"type":"gauge","name":"runtime.MemStats.DebugGC","measures":{"value":0}}
{"ts":1676960852494177667,"type":"gauge","name":"runtime.MemStats.MSpanSys","measures":{"value":1028160}}
{"ts":1676960852504749209,"type":"gauge","name":"runtime.MemStats.NumGC","measures":{"value":1}}
{"ts":1676960852509254834,"type":"gauge","name":"runtime.MemStats.GCCPUFraction","measures":{"value":0.024264824600928714}}
{"ts":1676960852520197875,"type":"gauge","name":"runtime.MemStats.StackSys","measures":{"value":5963776}}
{"ts":1676960852535478917,"type":"gauge","name":"runtime.MemStats.TotalAlloc","measures":{"value":162180432}}
{"ts":1676960852542174792,"type":"gauge","name":"runtime.MemStats.HeapAlloc","measures":{"value":40081632}}
{"ts":1676960852553337417,"type":"gauge","name":"runtime.MemStats.HeapReleased","measures":{"value":21258240}}
{"ts":1676960852567343584,"type":"gauge","name":"runtime.MemStats.LastGC","measures":{"value":1676960849289157600}}
{"ts":1676960852605021334,"type":"gauge","name":"runtime.MemStats.Mallocs","measures":{"value":135776}}
{"ts":1676960852612174792,"type":"gauge","name":"runtime.MemStats.NextGC","measures":{"value":59984656}}
{"ts":1676960852631653459,"type":"gauge","name":"runtime.MemStats.Frees","measures":{"value":343807}}
{"ts":1676960852644199459,"type":"gauge","name":"runtime.MemStats.MCacheInuse","measures":{"value":9600}}
{"ts":1676960852657053542,"type":"histogram","name":"runtime.MemStats.PauseNs","measures":{"count":8,"max":76041124,"mean":20391161.375,"min":27543,"p50":5030457.5,"p75":45232937.25,"p95":76041124,"p99":76041124,"p999":76041124,"p9999":76041124,"stddev":26957309.04873473,"variance":726696511148995.2}}
{"ts":1676960852673068834,"type":"gauge","name":"runtime.MemStats.Sys","measures":{"value":104694040}}
{"ts":1676960852693883792,"type":"gauge","name":"runtime.NumCgoCall","measures":{"value":0}}
{"ts":1676960852716914251,"type":"gauge","name":"runtime.MemStats.HeapSys","measures":{"value":86310912}}
{"ts":1676960852728933584,"type":"gauge","name":"runtime.MemStats.StackInuse","measures":{"value":5963776}}
{"ts":1676960852739854334,"type":"gauge","name":"runtime.MemStats.BuckHashSys","measures":{"value":1533158}}
{"ts":1676960852753325001,"type":"gauge","name":"runtime.MemStats.EnableGC","measures":{"value":1}}
{"ts":1676960852773707917,"type":"gauge","name":"runtime.MemStats.HeapIdle","measures":{"value":35618816}}
{"ts":1676960852789419709,"type":"gauge","name":"runtime.MemStats.HeapObjects","measures":{"value":668479}}
{"ts":1676960852805319917,"type":"gauge","name":"runtime.MemStats.MCacheSys","measures":{"value":15600}}
{"ts":1676960852821171917,"type":"gauge","name":"runtime.MemStats.MSpanInuse","measures":{"value":850136}}
{"ts":1676960852849315667,"type":"gauge","name":"runtime.NumThread","measures":{"value":18}}
{"ts":1676960852860584542,"type":"timer","name":"runtime.ReadMemStats","measures":{"count":17,"m1":0.1462848139520006,"m15":0.017004517060240917,"m5":0.0467623585137099,"max":12208708,"mean":2265759.9411764704,"meanrate":0.19999500454359956,"min":161959,"p50":765584,"p75":3787333.5,"p95":12208708,"p99":12208708,"p999":12208708,"p9999":12208708,"stddev":2999224.600692054,"variance":8995348205396.408}}
{"ts":1676960852869092126,"type":"gauge","name":"runtime.MemStats.Alloc","measures":{"value":40081632}}
{"ts":1676960852888254167,"type":"gauge","name":"runtime.MemStats.HeapInuse","measures":{"value":50692096}}
{"ts":1676960852901151459,"type":"gauge","name":"runtime.MemStats.Lookups","measures":{"value":0}}
{"ts":1676960852908338751,"type":"gauge","name":"runtime.MemStats.PauseTotalNs","measures":{"value":163129291}}
{"ts":1676960852928149251,"type":"gauge","name":"runtime.NumGoroutine","measures":{"value":648}}
{"ts":1676960857480935295,"type":"gauge","name":"runtime.MemStats.MCacheSys","measures":{"value":15600}}
{"ts":1676960857497285045,"type":"gauge","name":"runtime.MemStats.MSpanInuse","measures":{"value":867544}}
{"ts":1676960857510708586,"type":"gauge","name":"runtime.MemStats.HeapObjects","measures":{"value":713668}}
{"ts":1676960857520307503,"type":"gauge","name":"runtime.NumThread","measures":{"value":18}}
{"ts":1676960857527559753,"type":"gauge","name":"runtime.MemStats.HeapInuse","measures":{"value":51683328}}
{"ts":1676960857539009128,"type":"gauge","name":"runtime.MemStats.Lookups","measures":{"value":0}}
{"ts":1676960857545618461,"type":"gauge","name":"runtime.MemStats.PauseTotalNs","measures":{"value":163129291}}
{"ts":1676960857560295461,"type":"gauge","name":"runtime.NumGoroutine","measures":{"value":467}}
{"ts":1676960857565000961,"type":"timer","name":"runtime.ReadMemStats","measures":{"count":18,"m1":0.15057964309576322,"m15":0.01801833985014451,"m5":0.04929515394728247,"max":12208708,"mean":2455453.8333333335,"meanrate":0.19998484568613095,"min":161959,"p50":800146,"p75":4360802,"p95":12208708,"p99":12208708,"p999":12208708,"p9999":12208708,"stddev":3017835.4452649457,"variance":9107330774697.473}}
{"ts":1676960857585317295,"type":"gauge","name":"runtime.MemStats.Alloc","measures":{"value":42663536}}
{"ts":1676960857598003336,"type":"gauge","name":"runtime.MemStats.MSpanSys","measures":{"value":1028160}}
{"ts":1676960857608183003,"type":"gauge","name":"runtime.MemStats.NumGC","measures":{"value":0}}
{"ts":1676960857619658795,"type":"gauge","name":"runtime.MemStats.GCCPUFraction","measures":{"value":0.024264824600928714}}
{"ts":1676960857635799961,"type":"gauge","name":"runtime.MemStats.StackSys","measures":{"value":5636096}}
{"ts":1676960857659595961,"type":"gauge","name":"runtime.MemStats.DebugGC","measures":{"value":0}}
{"ts":1676960857666999711,"type":"gauge","name":"runtime.MemStats.HeapReleased","measures":{"value":21053440}}
{"ts":1676960857693091628,"type":"gauge","name":"runtime.MemStats.LastGC","measures":{"value":1676960849289157600}}
{"ts":1676960857726954336,"type":"gauge","name":"runtime.MemStats.Mallocs","measures":{"value":49779}}
{"ts":1676960857754937836,"type":"gauge","name":"runtime.MemStats.NextGC","measures":{"value":59984656}}
{"ts":1676960857775762128,"type":"gauge","name":"runtime.MemStats.TotalAlloc","measures":{"value":164762336}}
{"ts":1676960857795190795,"type":"gauge","name":"runtime.MemStats.HeapAlloc","measures":{"value":42663536}}
{"ts":1676960857809703836,"type":"gauge","name":"runtime.MemStats.MCacheInuse","measures":{"value":9600}}
{"ts":1676960857818495670,"type":"histogram","name":"runtime.MemStats.PauseNs","measures":{"count":8,"max":76041124,"mean":20391161.375,"min":27543,"p50":5030457.5,"p75":45232937.25,"p95":76041124,"p99":76041124,"p999":76041124,"p9999":76041124,"stddev":26957309.04873473,"variance":726696511148995.2}}
{"ts":1676960857840605128,"type":"gauge","name":"runtime.MemStats.Sys","measures":{"value":104694040}}
{"ts":1676960857861852753,"type":"gauge","name":"runtime.NumCgoCall","measures":{"value":0}}
{"ts":1676960857870851003,"type":"gauge","name":"runtime.MemStats.Frees","measures":{"value":4590}}
{"ts":1676960857884155003,"type":"gauge","name":"runtime.MemStats.StackInuse","measures":{"value":5636096}}
{"ts":1676960857898956086,"type":"gauge","name":"runtime.MemStats.HeapSys","measures":{"value":86638592}}
{"ts":1676960857919184170,"type":"gauge","name":"runtime.MemStats.EnableGC","measures":{"value":1}}
{"ts":1676960857933621336,"type":"gauge","name":"runtime.MemStats.HeapIdle","measures":{"value":34955264}}
{"ts":1676960857945957670,"type":"gauge","name":"runtime.MemStats.BuckHashSys","measures":{"value":1534750}}
