{"level":"info","ts":1675381931086117552,"msg":"br","From":"12D3KooWKRyzVWW6ChFjQjK4miCty85Niy49tpPV95XdKu1BcvMA","To":"12D3KooWB1b3qZxWJanuhtseF3DmPggHCtG36KZ9ixkqHtdKH9fh"}
{"level":"info","ts":1675381931089822885,"msg":"br","From":"12D3KooWKRyzVWW6ChFjQjK4miCty85Niy49tpPV95XdKu1BcvMA","To":"12D3KooWL3XJ9EMCyZvmmGXL2LMiVBtrVa2BuESsJiXkSj7333Jw"}
{"level":"info","ts":1675381931093178052,"msg":"br","From":"12D3KooWKRyzVWW6ChFjQjK4miCty85Niy49tpPV95XdKu1BcvMA","To":"12D3KooWNc5rNmCJ9yvXviXaENnp7vqDQjomZwia4aA7Q3hSYkiW"}
{"level":"info","ts":1675381931098229760,"msg":"br","From":"12D3KooWKRyzVWW6ChFjQjK4miCty85Niy49tpPV95XdKu1BcvMA","To":"12D3KooWCv935r3ropYhUe5yMCp9QiUoc9A6cZpYQ5x84DqEPbwb"}
{"level":"info","ts":1675381931101120594,"msg":"br","From":"12D3KooWKRyzVWW6ChFjQjK4miCty85Niy49tpPV95XdKu1BcvMA","To":"12D3KooWSyUTnwQRmgAaT5hnnDiU9BENzaGGH4MNnT8iU138rjLw"}
{"level":"info","ts":1675381931105157177,"msg":"br","From":"12D3KooWKRyzVWW6ChFjQjK4miCty85Niy49tpPV95XdKu1BcvMA","To":"12D3KooWKCz8coBHWrFr7Z3ZZekUTsZdm9bUTuKQBbX6tTvKhqmy"}
{"level":"info","ts":1675381931108833719,"msg":"br","From":"12D3KooWKRyzVWW6ChFjQjK4miCty85Niy49tpPV95XdKu1BcvMA","To":"12D3KooWBHDsBRbrf52fh6czkYXYY3tTk4fSfen3ZWvYEzFeHM2g"}
{"level":"info","ts":1675381931111808594,"msg":"br","From":"12D3KooWKRyzVWW6ChFjQjK4miCty85Niy49tpPV95XdKu1BcvMA","To":"12D3KooWGVijKpKXAveYbcCXhe8DhrykfXaehwPM6mcSgagqXkEg"}
{"level":"info","ts":1675381931114716719,"msg":"br","From":"12D3KooWKRyzVWW6ChFjQjK4miCty85Niy49tpPV95XdKu1BcvMA","To":"12D3KooWPwVR5DRz8H7Qvmp1i7c3BmEJLsbXBvLBCDY5tikyx2yu"}
{"level":"info","ts":1675381931116017635,"msg":"br","From":"12D3KooWKRyzVWW6ChFjQjK4miCty85Niy49tpPV95XdKu1BcvMA","To":"12D3KooWB224kvi7vN34xJfsfW7bnv6eodxTkgo9VFA6UiaGMgRD"}
{"level":"info","ts":1675381931120177052,"msg":"br","From":"12D3KooWKRyzVWW6ChFjQjK4miCty85Niy49tpPV95XdKu1BcvMA","To":"12D3KooWQ3XvwCaYCPy5oXzUiSVQWoBJTkSjkVnMDaDrvCDNpTtZ"}
{"level":"info","ts":1675381931123465969,"msg":"br","From":"12D3KooWKRyzVWW6ChFjQjK4miCty85Niy49tpPV95XdKu1BcvMA","To":"12D3KooWQfG74brcJhzpNwjPCZmcbBv8f6wxKgLSYmEDXXdPXQpH"}
{"level":"info","ts":1675381931130740344,"msg":"br","From":"12D3KooWKRyzVWW6ChFjQjK4miCty85Niy49tpPV95XdKu1BcvMA","To":"12D3KooWGFLL95aAHX7AJZzSn9vFY49znDxeaGPU14TKzrHP7ygU"}
{"level":"info","ts":1675381931134763510,"msg":"br","From":"12D3KooWKRyzVWW6ChFjQjK4miCty85Niy49tpPV95XdKu1BcvMA","To":"12D3KooWCUD1fJhtHsV93H6zZCwPZq5WBLsNTSWUW86EDykHrUgd"}
{"level":"info","ts":1675381931380515927,"msg":"ar","From":"12D3KooWKRyzVWW6ChFjQjK4miCty85Niy49tpPV95XdKu1BcvMA","To":"12D3KooWQYz2inBsgiBoqNtmEn1qeRBr9B8cdishFuBgiARcfMcY"}
{"level":"info","ts":1675381931389154677,"msg":"ar","From":"12D3KooWKRyzVWW6ChFjQjK4miCty85Niy49tpPV95XdKu1BcvMA","To":"12D3KooWGVijKpKXAveYbcCXhe8DhrykfXaehwPM6mcSgagqXkEg"}
{"level":"info","ts":1675381931393673552,"msg":"ar","From":"12D3KooWKRyzVWW6ChFjQjK4miCty85Niy49tpPV95XdKu1BcvMA","To":"12D3KooWPwVR5DRz8H7Qvmp1i7c3BmEJLsbXBvLBCDY5tikyx2yu"}
{"level":"info","ts":1675381931401822219,"msg":"ar","From":"12D3KooWKRyzVWW6ChFjQjK4miCty85Niy49tpPV95XdKu1BcvMA","To":"12D3KooWKwfWu3TQuPNRUfEjEYSANNDYvq2D2GuYdysyHcGHB58t"}
{"level":"info","ts":1675381931418667177,"msg":"ar","From":"12D3KooWKRyzVWW6ChFjQjK4miCty85Niy49tpPV95XdKu1BcvMA","To":"12D3KooWB224kvi7vN34xJfsfW7bnv6eodxTkgo9VFA6UiaGMgRD"}
{"level":"info","ts":1675381931432474052,"msg":"ar","From":"12D3KooWKRyzVWW6ChFjQjK4miCty85Niy49tpPV95XdKu1BcvMA","To":"12D3KooWPgam4TzSVCRa4AbhxQnM9abCYR4E9hV57SN7eAjEYn1j"}
{"level":"info","ts":1675381931447216844,"msg":"ar","From":"12D3KooWKRyzVWW6ChFjQjK4miCty85Niy49tpPV95XdKu1BcvMA","To":"12D3KooWQ3XvwCaYCPy5oXzUiSVQWoBJTkSjkVnMDaDrvCDNpTtZ"}
{"level":"info","ts":1675381931455752761,"msg":"ar","From":"12D3KooWKRyzVWW6ChFjQjK4miCty85Niy49tpPV95XdKu1BcvMA","To":"12D3KooWQfG74brcJhzpNwjPCZmcbBv8f6wxKgLSYmEDXXdPXQpH"}
{"level":"info","ts":1675381931467789011,"msg":"ar","From":"12D3KooWKRyzVWW6ChFjQjK4miCty85Niy49tpPV95XdKu1BcvMA","To":"12D3KooWGFLL95aAHX7AJZzSn9vFY49znDxeaGPU14TKzrHP7ygU"}
{"level":"info","ts":1675381931477727261,"msg":"ar","From":"12D3KooWKRyzVWW6ChFjQjK4miCty85Niy49tpPV95XdKu1BcvMA","To":"12D3KooWCUD1fJhtHsV93H6zZCwPZq5WBLsNTSWUW86EDykHrUgd"}
{"level":"info","ts":1675381931513789094,"msg":"ar","From":"12D3KooWKRyzVWW6ChFjQjK4miCty85Niy49tpPV95XdKu1BcvMA","To":"12D3KooWB1b3qZxWJanuhtseF3DmPggHCtG36KZ9ixkqHtdKH9fh"}
{"level":"info","ts":1675381931526318302,"msg":"ar","From":"12D3KooWKRyzVWW6ChFjQjK4miCty85Niy49tpPV95XdKu1BcvMA","To":"12D3KooWNentwzsa1BpUkXPJWYBg3riYQ64XM9JUCfoVt4KqwKdw"}
{"level":"info","ts":1675381931537323052,"msg":"ar","From":"12D3KooWKRyzVWW6ChFjQjK4miCty85Niy49tpPV95XdKu1BcvMA","To":"12D3KooWL3XJ9EMCyZvmmGXL2LMiVBtrVa2BuESsJiXkSj7333Jw"}
{"level":"info","ts":1675381931540790594,"msg":"ar","From":"12D3KooWKRyzVWW6ChFjQjK4miCty85Niy49tpPV95XdKu1BcvMA","To":"12D3KooWNc5rNmCJ9yvXviXaENnp7vqDQjomZwia4aA7Q3hSYkiW"}
{"level":"info","ts":1675381931546994344,"msg":"ar","From":"12D3KooWKRyzVWW6ChFjQjK4miCty85Niy49tpPV95XdKu1BcvMA","To":"12D3KooWCv935r3ropYhUe5yMCp9QiUoc9A6cZpYQ5x84DqEPbwb"}
{"level":"info","ts":1675381931550680886,"msg":"ar","From":"12D3KooWKRyzVWW6ChFjQjK4miCty85Niy49tpPV95XdKu1BcvMA","To":"12D3KooWSyUTnwQRmgAaT5hnnDiU9BENzaGGH4MNnT8iU138rjLw"}
{"level":"info","ts":1675381931555559844,"msg":"ar","From":"12D3KooWKRyzVWW6ChFjQjK4miCty85Niy49tpPV95XdKu1BcvMA","To":"12D3KooW9yvKfP5HgVaLnNaxWywo3pLAEypk7wjUcpgKwLznk5gQ"}
{"level":"info","ts":1675381931563037219,"msg":"ar","From":"12D3KooWKRyzVWW6ChFjQjK4miCty85Niy49tpPV95XdKu1BcvMA","To":"12D3KooWKCz8coBHWrFr7Z3ZZekUTsZdm9bUTuKQBbX6tTvKhqmy"}
{"level":"info","ts":1675381931572939719,"msg":"ar","From":"12D3KooWKRyzVWW6ChFjQjK4miCty85Niy49tpPV95XdKu1BcvMA","To":"12D3KooWBHDsBRbrf52fh6czkYXYY3tTk4fSfen3ZWvYEzFeHM2g"}
{"level":"info","ts":1675381936031164929,"msg":"at","From":"12D3KooWKRyzVWW6ChFjQjK4miCty85Niy49tpPV95XdKu1BcvMA","To":"12D3KooWKCz8coBHWrFr7Z3ZZekUTsZdm9bUTuKQBbX6tTvKhqmy"}
{"level":"info","ts":1675381936033071638,"msg":"at","From":"12D3KooWKRyzVWW6ChFjQjK4miCty85Niy49tpPV95XdKu1BcvMA","To":"12D3KooWBHDsBRbrf52fh6czkYXYY3tTk4fSfen3ZWvYEzFeHM2g"}
{"level":"info","ts":1675381936035666221,"msg":"at","From":"12D3KooWKRyzVWW6ChFjQjK4miCty85Niy49tpPV95XdKu1BcvMA","To":"12D3KooWQYz2inBsgiBoqNtmEn1qeRBr9B8cdishFuBgiARcfMcY"}
{"level":"info","ts":1675381936040896013,"msg":"at","From":"12D3KooWKRyzVWW6ChFjQjK4miCty85Niy49tpPV95XdKu1BcvMA","To":"12D3KooWGVijKpKXAveYbcCXhe8DhrykfXaehwPM6mcSgagqXkEg"}
{"level":"info","ts":1675381936078684388,"msg":"at","From":"12D3KooWKRyzVWW6ChFjQjK4miCty85Niy49tpPV95XdKu1BcvMA","To":"12D3KooWB224kvi7vN34xJfsfW7bnv6eodxTkgo9VFA6UiaGMgRD"}
{"level":"info","ts":1675381936094904554,"msg":"at","From":"12D3KooWKRyzVWW6ChFjQjK4miCty85Niy49tpPV95XdKu1BcvMA","To":"12D3KooWPwVR5DRz8H7Qvmp1i7c3BmEJLsbXBvLBCDY5tikyx2yu"}
{"level":"info","ts":1675381936100785221,"msg":"at","From":"12D3KooWKRyzVWW6ChFjQjK4miCty85Niy49tpPV95XdKu1BcvMA","To":"12D3KooWQfG74brcJhzpNwjPCZmcbBv8f6wxKgLSYmEDXXdPXQpH"}
{"level":"info","ts":1675381936115696846,"msg":"at","From":"12D3KooWKRyzVWW6ChFjQjK4miCty85Niy49tpPV95XdKu1BcvMA","To":"12D3KooWPgam4TzSVCRa4AbhxQnM9abCYR4E9hV57SN7eAjEYn1j"}
{"level":"info","ts":1675381936121621679,"msg":"at","From":"12D3KooWKRyzVWW6ChFjQjK4miCty85Niy49tpPV95XdKu1BcvMA","To":"12D3KooWQ3XvwCaYCPy5oXzUiSVQWoBJTkSjkVnMDaDrvCDNpTtZ"}
{"level":"info","ts":1675381936134895679,"msg":"at","From":"12D3KooWKRyzVWW6ChFjQjK4miCty85Niy49tpPV95XdKu1BcvMA","To":"12D3KooWCUD1fJhtHsV93H6zZCwPZq5WBLsNTSWUW86EDykHrUgd"}
{"level":"info","ts":1675381936139879804,"msg":"at","From":"12D3KooWKRyzVWW6ChFjQjK4miCty85Niy49tpPV95XdKu1BcvMA","To":"12D3KooWGFLL95aAHX7AJZzSn9vFY49znDxeaGPU14TKzrHP7ygU"}
{"level":"info","ts":1675381936144059471,"msg":"at","From":"12D3KooWKRyzVWW6ChFjQjK4miCty85Niy49tpPV95XdKu1BcvMA","To":"12D3KooWNentwzsa1BpUkXPJWYBg3riYQ64XM9JUCfoVt4KqwKdw"}
{"level":"info","ts":1675381936151227971,"msg":"at","From":"12D3KooWKRyzVWW6ChFjQjK4miCty85Niy49tpPV95XdKu1BcvMA","To":"12D3KooWB1b3qZxWJanuhtseF3DmPggHCtG36KZ9ixkqHtdKH9fh"}
{"level":"info","ts":1675381936157944429,"msg":"at","From":"12D3KooWKRyzVWW6ChFjQjK4miCty85Niy49tpPV95XdKu1BcvMA","To":"12D3KooWL3XJ9EMCyZvmmGXL2LMiVBtrVa2BuESsJiXkSj7333Jw"}
{"level":"info","ts":1675381936193272846,"msg":"at","From":"12D3KooWKRyzVWW6ChFjQjK4miCty85Niy49tpPV95XdKu1BcvMA","To":"12D3KooWNc5rNmCJ9yvXviXaENnp7vqDQjomZwia4aA7Q3hSYkiW"}
{"level":"info","ts":1675381936202727721,"msg":"at","From":"12D3KooWKRyzVWW6ChFjQjK4miCty85Niy49tpPV95XdKu1BcvMA","To":"12D3KooW9yvKfP5HgVaLnNaxWywo3pLAEypk7wjUcpgKwLznk5gQ"}
{"level":"info","ts":1675381936208624596,"msg":"at","From":"12D3KooWKRyzVWW6ChFjQjK4miCty85Niy49tpPV95XdKu1BcvMA","To":"12D3KooWCv935r3ropYhUe5yMCp9QiUoc9A6cZpYQ5x84DqEPbwb"}
{"level":"info","ts":1675381936219992430,"msg":"at","From":"12D3KooWKRyzVWW6ChFjQjK4miCty85Niy49tpPV95XdKu1BcvMA","To":"12D3KooWSyUTnwQRmgAaT5hnnDiU9BENzaGGH4MNnT8iU138rjLw"}
{"level":"info","ts":1675381937037690638,"msg":"ab","From":"12D3KooWKRyzVWW6ChFjQjK4miCty85Niy49tpPV95XdKu1BcvMA","To":"12D3KooWCv935r3ropYhUe5yMCp9QiUoc9A6cZpYQ5x84DqEPbwb"}
{"level":"info","ts":1675381937055100555,"msg":"ab","From":"12D3KooWKRyzVWW6ChFjQjK4miCty85Niy49tpPV95XdKu1BcvMA","To":"12D3KooWSyUTnwQRmgAaT5hnnDiU9BENzaGGH4MNnT8iU138rjLw"}
{"level":"info","ts":1675381937091925972,"msg":"ab","From":"12D3KooWKRyzVWW6ChFjQjK4miCty85Niy49tpPV95XdKu1BcvMA","To":"12D3KooWKCz8coBHWrFr7Z3ZZekUTsZdm9bUTuKQBbX6tTvKhqmy"}
{"level":"info","ts":1675381937100783847,"msg":"ab","From":"12D3KooWKRyzVWW6ChFjQjK4miCty85Niy49tpPV95XdKu1BcvMA","To":"12D3KooWBHDsBRbrf52fh6czkYXYY3tTk4fSfen3ZWvYEzFeHM2g"}
{"level":"info","ts":1675381937108915930,"msg":"ab","From":"12D3KooWKRyzVWW6ChFjQjK4miCty85Niy49tpPV95XdKu1BcvMA","To":"12D3KooWGVijKpKXAveYbcCXhe8DhrykfXaehwPM6mcSgagqXkEg"}
{"level":"info","ts":1675381937112086097,"msg":"ab","From":"12D3KooWKRyzVWW6ChFjQjK4miCty85Niy49tpPV95XdKu1BcvMA","To":"12D3KooWB224kvi7vN34xJfsfW7bnv6eodxTkgo9VFA6UiaGMgRD"}
{"level":"info","ts":1675381937125639388,"msg":"ab","From":"12D3KooWKRyzVWW6ChFjQjK4miCty85Niy49tpPV95XdKu1BcvMA","To":"12D3KooWPwVR5DRz8H7Qvmp1i7c3BmEJLsbXBvLBCDY5tikyx2yu"}
{"level":"info","ts":1675381937133469763,"msg":"ab","From":"12D3KooWKRyzVWW6ChFjQjK4miCty85Niy49tpPV95XdKu1BcvMA","To":"12D3KooWQfG74brcJhzpNwjPCZmcbBv8f6wxKgLSYmEDXXdPXQpH"}
{"level":"info","ts":1675381937155401097,"msg":"ab","From":"12D3KooWKRyzVWW6ChFjQjK4miCty85Niy49tpPV95XdKu1BcvMA","To":"12D3KooWPgam4TzSVCRa4AbhxQnM9abCYR4E9hV57SN7eAjEYn1j"}
{"level":"info","ts":1675381937168303180,"msg":"ab","From":"12D3KooWKRyzVWW6ChFjQjK4miCty85Niy49tpPV95XdKu1BcvMA","To":"12D3KooWQ3XvwCaYCPy5oXzUiSVQWoBJTkSjkVnMDaDrvCDNpTtZ"}
{"level":"info","ts":1675381937188229263,"msg":"ab","From":"12D3KooWKRyzVWW6ChFjQjK4miCty85Niy49tpPV95XdKu1BcvMA","To":"12D3KooWCUD1fJhtHsV93H6zZCwPZq5WBLsNTSWUW86EDykHrUgd"}
{"level":"info","ts":1675381937196433930,"msg":"ab","From":"12D3KooWKRyzVWW6ChFjQjK4miCty85Niy49tpPV95XdKu1BcvMA","To":"12D3KooWGFLL95aAHX7AJZzSn9vFY49znDxeaGPU14TKzrHP7ygU"}
{"level":"info","ts":1675381937210013138,"msg":"ab","From":"12D3KooWKRyzVWW6ChFjQjK4miCty85Niy49tpPV95XdKu1BcvMA","To":"12D3KooWB1b3qZxWJanuhtseF3DmPggHCtG36KZ9ixkqHtdKH9fh"}
{"level":"info","ts":1675381937220976138,"msg":"ab","From":"12D3KooWKRyzVWW6ChFjQjK4miCty85Niy49tpPV95XdKu1BcvMA","To":"12D3KooWL3XJ9EMCyZvmmGXL2LMiVBtrVa2BuESsJiXkSj7333Jw"}
{"level":"info","ts":1675381937230142513,"msg":"ab","From":"12D3KooWKRyzVWW6ChFjQjK4miCty85Niy49tpPV95XdKu1BcvMA","To":"12D3KooWNc5rNmCJ9yvXviXaENnp7vqDQjomZwia4aA7Q3hSYkiW"}
{"level":"info","ts":1675381974264189586,"msg":"after_provide","From":"12D3KooWKRyzVWW6ChFjQjK4miCty85Niy49tpPV95XdKu1BcvMA","To":"12D3KooWCUD1fJhtHsV93H6zZCwPZq5WBLsNTSWUW86EDykHrUgd"}
{"level":"info","ts":1675381974271574461,"msg":"after_provide","From":"12D3KooWKRyzVWW6ChFjQjK4miCty85Niy49tpPV95XdKu1BcvMA","To":"12D3KooWGFLL95aAHX7AJZzSn9vFY49znDxeaGPU14TKzrHP7ygU"}
{"level":"info","ts":1675381974282468377,"msg":"after_provide","From":"12D3KooWKRyzVWW6ChFjQjK4miCty85Niy49tpPV95XdKu1BcvMA","To":"12D3KooWBremnqYWBDK6ctvCuhCqJAps5ZAPADu53gXhQHexrvtP"}
{"level":"info","ts":1675381974299621461,"msg":"after_provide","From":"12D3KooWKRyzVWW6ChFjQjK4miCty85Niy49tpPV95XdKu1BcvMA","To":"12D3KooWB1b3qZxWJanuhtseF3DmPggHCtG36KZ9ixkqHtdKH9fh"}
{"level":"info","ts":1675381974337859127,"msg":"after_provide","From":"12D3KooWKRyzVWW6ChFjQjK4miCty85Niy49tpPV95XdKu1BcvMA","To":"12D3KooWEiCzB4bVxyxYwB7xpSvra1Yz1SB39kih4qHpFjDWoC9J"}
{"level":"info","ts":1675381974366070877,"msg":"after_provide","From":"12D3KooWKRyzVWW6ChFjQjK4miCty85Niy49tpPV95XdKu1BcvMA","To":"12D3KooWL3XJ9EMCyZvmmGXL2LMiVBtrVa2BuESsJiXkSj7333Jw"}
{"level":"info","ts":1675381974410968252,"msg":"after_provide","From":"12D3KooWKRyzVWW6ChFjQjK4miCty85Niy49tpPV95XdKu1BcvMA","To":"12D3KooWNc5rNmCJ9yvXviXaENnp7vqDQjomZwia4aA7Q3hSYkiW"}
{"level":"info","ts":1675381974426759794,"msg":"after_provide","From":"12D3KooWKRyzVWW6ChFjQjK4miCty85Niy49tpPV95XdKu1BcvMA","To":"12D3KooWFB7QisaHRFaMwskj6JE4vuoruNMSRNL4pfL2WEReWzMd"}
{"level":"info","ts":1675381974481895836,"msg":"after_provide","From":"12D3KooWKRyzVWW6ChFjQjK4miCty85Niy49tpPV95XdKu1BcvMA","To":"12D3KooW9yvKfP5HgVaLnNaxWywo3pLAEypk7wjUcpgKwLznk5gQ"}
{"level":"info","ts":1675381974514069544,"msg":"after_provide","From":"12D3KooWKRyzVWW6ChFjQjK4miCty85Niy49tpPV95XdKu1BcvMA","To":"12D3KooWGve8Xnd9qBGe7YSXskiD386LmWuWEhQjVhyLFQBiKou5"}
{"level":"info","ts":1675381974536832794,"msg":"after_provide","From":"12D3KooWKRyzVWW6ChFjQjK4miCty85Niy49tpPV95XdKu1BcvMA","To":"12D3KooWGCvi3KESxsfJqabtDpZTviCeycABxLRtCPR7aQAdAwir"}
{"level":"info","ts":1675381974573619294,"msg":"after_provide","From":"12D3KooWKRyzVWW6ChFjQjK4miCty85Niy49tpPV95XdKu1BcvMA","To":"12D3KooWCv935r3ropYhUe5yMCp9QiUoc9A6cZpYQ5x84DqEPbwb"}
{"level":"info","ts":1675381974609980253,"msg":"after_provide","From":"12D3KooWKRyzVWW6ChFjQjK4miCty85Niy49tpPV95XdKu1BcvMA","To":"12D3KooWSyUTnwQRmgAaT5hnnDiU9BENzaGGH4MNnT8iU138rjLw"}
{"level":"info","ts":1675381974625829378,"msg":"after_provide","From":"12D3KooWKRyzVWW6ChFjQjK4miCty85Niy49tpPV95XdKu1BcvMA","To":"12D3KooWKCz8coBHWrFr7Z3ZZekUTsZdm9bUTuKQBbX6tTvKhqmy"}
{"level":"info","ts":1675381974681836128,"msg":"after_provide","From":"12D3KooWKRyzVWW6ChFjQjK4miCty85Niy49tpPV95XdKu1BcvMA","To":"12D3KooWBHDsBRbrf52fh6czkYXYY3tTk4fSfen3ZWvYEzFeHM2g"}
{"level":"info","ts":1675381974699933878,"msg":"after_provide","From":"12D3KooWKRyzVWW6ChFjQjK4miCty85Niy49tpPV95XdKu1BcvMA","To":"12D3KooWQYz2inBsgiBoqNtmEn1qeRBr9B8cdishFuBgiARcfMcY"}
{"level":"info","ts":1675381974728491711,"msg":"after_provide","From":"12D3KooWKRyzVWW6ChFjQjK4miCty85Niy49tpPV95XdKu1BcvMA","To":"12D3KooWGVijKpKXAveYbcCXhe8DhrykfXaehwPM6mcSgagqXkEg"}
{"level":"info","ts":1675381974759947919,"msg":"after_provide","From":"12D3KooWKRyzVWW6ChFjQjK4miCty85Niy49tpPV95XdKu1BcvMA","To":"12D3KooWB224kvi7vN34xJfsfW7bnv6eodxTkgo9VFA6UiaGMgRD"}
{"level":"info","ts":1675381974770199878,"msg":"after_provide","From":"12D3KooWKRyzVWW6ChFjQjK4miCty85Niy49tpPV95XdKu1BcvMA","To":"12D3KooWPwVR5DRz8H7Qvmp1i7c3BmEJLsbXBvLBCDY5tikyx2yu"}
{"level":"info","ts":1675381974793821044,"msg":"after_provide","From":"12D3KooWKRyzVWW6ChFjQjK4miCty85Niy49tpPV95XdKu1BcvMA","To":"12D3KooWE2N9kXfsBWLWYdtaX9uY7HxJTfFmVFQFxvUXCQ6bT883"}
{"level":"info","ts":1675381974819920961,"msg":"after_provide","From":"12D3KooWKRyzVWW6ChFjQjK4miCty85Niy49tpPV95XdKu1BcvMA","To":"12D3KooWQfG74brcJhzpNwjPCZmcbBv8f6wxKgLSYmEDXXdPXQpH"}
{"level":"info","ts":1675381974845195503,"msg":"after_provide","From":"12D3KooWKRyzVWW6ChFjQjK4miCty85Niy49tpPV95XdKu1BcvMA","To":"12D3KooWPgam4TzSVCRa4AbhxQnM9abCYR4E9hV57SN7eAjEYn1j"}
{"level":"info","ts":1675381974868616253,"msg":"after_provide","From":"12D3KooWKRyzVWW6ChFjQjK4miCty85Niy49tpPV95XdKu1BcvMA","To":"12D3KooWQ3XvwCaYCPy5oXzUiSVQWoBJTkSjkVnMDaDrvCDNpTtZ"}
