{"level":"info","ts":1670367851481939462,"msg":"br","From":"12D3KooWPgam4TzSVCRa4AbhxQnM9abCYR4E9hV57SN7eAjEYn1j","To":"12D3KooWQfG74brcJhzpNwjPCZmcbBv8f6wxKgLSYmEDXXdPXQpH"}
{"level":"info","ts":1670367852106248837,"msg":"br","From":"12D3KooWPgam4TzSVCRa4AbhxQnM9abCYR4E9hV57SN7eAjEYn1j","To":"12D3KooWKCz8coBHWrFr7Z3ZZekUTsZdm9bUTuKQBbX6tTvKhqmy"}
{"level":"info","ts":1670367852108885879,"msg":"br","From":"12D3KooWPgam4TzSVCRa4AbhxQnM9abCYR4E9hV57SN7eAjEYn1j","To":"12D3KooWSyUTnwQRmgAaT5hnnDiU9BENzaGGH4MNnT8iU138rjLw"}
{"level":"info","ts":1670367852114239171,"msg":"br","From":"12D3KooWPgam4TzSVCRa4AbhxQnM9abCYR4E9hV57SN7eAjEYn1j","To":"12D3KooWQZE6PKvDTbRViCmco2pjEfNWRUK7MKVCTH6EjwfYDvxv"}
{"level":"info","ts":1670367852121959879,"msg":"br","From":"12D3KooWPgam4TzSVCRa4AbhxQnM9abCYR4E9hV57SN7eAjEYn1j","To":"12D3KooWFqdBYPrtwErMosomvD4uRtVhXQdqqZZHC3NCBZYVxr4t"}
{"level":"info","ts":1670367852147103837,"msg":"br","From":"12D3KooWPgam4TzSVCRa4AbhxQnM9abCYR4E9hV57SN7eAjEYn1j","To":"12D3KooWNEWRB7PnuZs164xaA9QWM3iZHekHyEQo5qGP5KCHHuSN"}
{"level":"info","ts":1670367852148858879,"msg":"br","From":"12D3KooWPgam4TzSVCRa4AbhxQnM9abCYR4E9hV57SN7eAjEYn1j","To":"12D3KooWHFfn6pWFnJpUJM6EQKry7WKB7y9E8yMzpE6dnvftD8Uc"}
{"level":"info","ts":1670367852160527046,"msg":"br","From":"12D3KooWPgam4TzSVCRa4AbhxQnM9abCYR4E9hV57SN7eAjEYn1j","To":"12D3KooWGFLL95aAHX7AJZzSn9vFY49znDxeaGPU14TKzrHP7ygU"}
{"level":"info","ts":1670367852165907712,"msg":"br","From":"12D3KooWPgam4TzSVCRa4AbhxQnM9abCYR4E9hV57SN7eAjEYn1j","To":"12D3KooWGEcD5sW5osB6LajkHGqiGc3W8eKfYwnJVVqfujkpLWX2"}
{"level":"info","ts":1670367852168311837,"msg":"br","From":"12D3KooWPgam4TzSVCRa4AbhxQnM9abCYR4E9hV57SN7eAjEYn1j","To":"12D3KooWB224kvi7vN34xJfsfW7bnv6eodxTkgo9VFA6UiaGMgRD"}
{"level":"info","ts":1670367852171545754,"msg":"br","From":"12D3KooWPgam4TzSVCRa4AbhxQnM9abCYR4E9hV57SN7eAjEYn1j","To":"12D3KooWEuk3nU2BCEx3AMKnCFLEG7yXAt1q7gcstxCTJZMfTwkV"}
{"level":"info","ts":1670367852180227421,"msg":"br","From":"12D3KooWPgam4TzSVCRa4AbhxQnM9abCYR4E9hV57SN7eAjEYn1j","To":"12D3KooWL3XJ9EMCyZvmmGXL2LMiVBtrVa2BuESsJiXkSj7333Jw"}
{"level":"info","ts":1670367852186493671,"msg":"br","From":"12D3KooWPgam4TzSVCRa4AbhxQnM9abCYR4E9hV57SN7eAjEYn1j","To":"12D3KooWHAFEHoQDaEe95P9y2w8Zh2tqb8QbF4gUmhmmWT1XNeTC"}
{"level":"info","ts":1670367852188300796,"msg":"br","From":"12D3KooWPgam4TzSVCRa4AbhxQnM9abCYR4E9hV57SN7eAjEYn1j","To":"12D3KooWGBmjmt6Am4j4CWyLRd36hqj1dDKstAyLaeePmEUt7cUp"}
{"level":"info","ts":1670367852191599171,"msg":"br","From":"12D3KooWPgam4TzSVCRa4AbhxQnM9abCYR4E9hV57SN7eAjEYn1j","To":"12D3KooW9yvKfP5HgVaLnNaxWywo3pLAEypk7wjUcpgKwLznk5gQ"}
{"level":"info","ts":1670367852196214796,"msg":"br","From":"12D3KooWPgam4TzSVCRa4AbhxQnM9abCYR4E9hV57SN7eAjEYn1j","To":"12D3KooWNc5rNmCJ9yvXviXaENnp7vqDQjomZwia4aA7Q3hSYkiW"}
{"level":"info","ts":1670367852198567129,"msg":"br","From":"12D3KooWPgam4TzSVCRa4AbhxQnM9abCYR4E9hV57SN7eAjEYn1j","To":"12D3KooWSVahexScA4jt5HsavZut74osC2MWonEzXfNpPhhVj9eq"}
{"level":"info","ts":1670367852200978004,"msg":"br","From":"12D3KooWPgam4TzSVCRa4AbhxQnM9abCYR4E9hV57SN7eAjEYn1j","To":"12D3KooWRFC9qu1UyqfS5fdVjNJBEHDon7m1Ha9fVyNGxfXdD77B"}
{"level":"info","ts":1670367853249099004,"msg":"ar","From":"12D3KooWPgam4TzSVCRa4AbhxQnM9abCYR4E9hV57SN7eAjEYn1j","To":"12D3KooWGBmjmt6Am4j4CWyLRd36hqj1dDKstAyLaeePmEUt7cUp"}
{"level":"info","ts":1670367853250584046,"msg":"ar","From":"12D3KooWPgam4TzSVCRa4AbhxQnM9abCYR4E9hV57SN7eAjEYn1j","To":"12D3KooWNc5rNmCJ9yvXviXaENnp7vqDQjomZwia4aA7Q3hSYkiW"}
{"level":"info","ts":1670367853258029254,"msg":"ar","From":"12D3KooWPgam4TzSVCRa4AbhxQnM9abCYR4E9hV57SN7eAjEYn1j","To":"12D3KooW9yvKfP5HgVaLnNaxWywo3pLAEypk7wjUcpgKwLznk5gQ"}
{"level":"info","ts":1670367853265424421,"msg":"ar","From":"12D3KooWPgam4TzSVCRa4AbhxQnM9abCYR4E9hV57SN7eAjEYn1j","To":"12D3KooWSVahexScA4jt5HsavZut74osC2MWonEzXfNpPhhVj9eq"}
{"level":"info","ts":1670367853269227088,"msg":"ar","From":"12D3KooWPgam4TzSVCRa4AbhxQnM9abCYR4E9hV57SN7eAjEYn1j","To":"12D3KooWRFC9qu1UyqfS5fdVjNJBEHDon7m1Ha9fVyNGxfXdD77B"}
{"level":"info","ts":1670367853273408921,"msg":"ar","From":"12D3KooWPgam4TzSVCRa4AbhxQnM9abCYR4E9hV57SN7eAjEYn1j","To":"12D3KooWKCz8coBHWrFr7Z3ZZekUTsZdm9bUTuKQBbX6tTvKhqmy"}
{"level":"info","ts":1670367853284440963,"msg":"ar","From":"12D3KooWPgam4TzSVCRa4AbhxQnM9abCYR4E9hV57SN7eAjEYn1j","To":"12D3KooWQfG74brcJhzpNwjPCZmcbBv8f6wxKgLSYmEDXXdPXQpH"}
{"level":"info","ts":1670367853285421879,"msg":"ar","From":"12D3KooWPgam4TzSVCRa4AbhxQnM9abCYR4E9hV57SN7eAjEYn1j","To":"12D3KooWNEWRB7PnuZs164xaA9QWM3iZHekHyEQo5qGP5KCHHuSN"}
{"level":"info","ts":1670367853290849004,"msg":"ar","From":"12D3KooWPgam4TzSVCRa4AbhxQnM9abCYR4E9hV57SN7eAjEYn1j","To":"12D3KooWSyUTnwQRmgAaT5hnnDiU9BENzaGGH4MNnT8iU138rjLw"}
{"level":"info","ts":1670367853296975421,"msg":"ar","From":"12D3KooWPgam4TzSVCRa4AbhxQnM9abCYR4E9hV57SN7eAjEYn1j","To":"12D3KooWQZE6PKvDTbRViCmco2pjEfNWRUK7MKVCTH6EjwfYDvxv"}
{"level":"info","ts":1670367853299900754,"msg":"ar","From":"12D3KooWPgam4TzSVCRa4AbhxQnM9abCYR4E9hV57SN7eAjEYn1j","To":"12D3KooWFqdBYPrtwErMosomvD4uRtVhXQdqqZZHC3NCBZYVxr4t"}
{"level":"info","ts":1670367853303092004,"msg":"ar","From":"12D3KooWPgam4TzSVCRa4AbhxQnM9abCYR4E9hV57SN7eAjEYn1j","To":"12D3KooWHFfn6pWFnJpUJM6EQKry7WKB7y9E8yMzpE6dnvftD8Uc"}
{"level":"info","ts":1670367853309065963,"msg":"ar","From":"12D3KooWPgam4TzSVCRa4AbhxQnM9abCYR4E9hV57SN7eAjEYn1j","To":"12D3KooWGEcD5sW5osB6LajkHGqiGc3W8eKfYwnJVVqfujkpLWX2"}
{"level":"info","ts":1670367853315514421,"msg":"ar","From":"12D3KooWPgam4TzSVCRa4AbhxQnM9abCYR4E9hV57SN7eAjEYn1j","To":"12D3KooWGFLL95aAHX7AJZzSn9vFY49znDxeaGPU14TKzrHP7ygU"}
{"level":"info","ts":1670367853321240504,"msg":"ar","From":"12D3KooWPgam4TzSVCRa4AbhxQnM9abCYR4E9hV57SN7eAjEYn1j","To":"12D3KooWB224kvi7vN34xJfsfW7bnv6eodxTkgo9VFA6UiaGMgRD"}
{"level":"info","ts":1670367853326259629,"msg":"ar","From":"12D3KooWPgam4TzSVCRa4AbhxQnM9abCYR4E9hV57SN7eAjEYn1j","To":"12D3KooWHAFEHoQDaEe95P9y2w8Zh2tqb8QbF4gUmhmmWT1XNeTC"}
{"level":"info","ts":1670367853328842588,"msg":"ar","From":"12D3KooWPgam4TzSVCRa4AbhxQnM9abCYR4E9hV57SN7eAjEYn1j","To":"12D3KooWEuk3nU2BCEx3AMKnCFLEG7yXAt1q7gcstxCTJZMfTwkV"}
{"level":"info","ts":1670367853330881254,"msg":"ar","From":"12D3KooWPgam4TzSVCRa4AbhxQnM9abCYR4E9hV57SN7eAjEYn1j","To":"12D3KooWL3XJ9EMCyZvmmGXL2LMiVBtrVa2BuESsJiXkSj7333Jw"}
{"level":"info","ts":1670367855773001881,"msg":"at","From":"12D3KooWPgam4TzSVCRa4AbhxQnM9abCYR4E9hV57SN7eAjEYn1j","To":"12D3KooWSVahexScA4jt5HsavZut74osC2MWonEzXfNpPhhVj9eq"}
{"level":"info","ts":1670367855823633172,"msg":"at","From":"12D3KooWPgam4TzSVCRa4AbhxQnM9abCYR4E9hV57SN7eAjEYn1j","To":"12D3KooWRFC9qu1UyqfS5fdVjNJBEHDon7m1Ha9fVyNGxfXdD77B"}
{"level":"info","ts":1670367856048275714,"msg":"at","From":"12D3KooWPgam4TzSVCRa4AbhxQnM9abCYR4E9hV57SN7eAjEYn1j","To":"12D3KooWQfG74brcJhzpNwjPCZmcbBv8f6wxKgLSYmEDXXdPXQpH"}
{"level":"info","ts":1670367856085507964,"msg":"at","From":"12D3KooWPgam4TzSVCRa4AbhxQnM9abCYR4E9hV57SN7eAjEYn1j","To":"12D3KooWKCz8coBHWrFr7Z3ZZekUTsZdm9bUTuKQBbX6tTvKhqmy"}
{"level":"info","ts":1670367856118524006,"msg":"at","From":"12D3KooWPgam4TzSVCRa4AbhxQnM9abCYR4E9hV57SN7eAjEYn1j","To":"12D3KooWSyUTnwQRmgAaT5hnnDiU9BENzaGGH4MNnT8iU138rjLw"}
{"level":"info","ts":1670367856124653422,"msg":"at","From":"12D3KooWPgam4TzSVCRa4AbhxQnM9abCYR4E9hV57SN7eAjEYn1j","To":"12D3KooWQZE6PKvDTbRViCmco2pjEfNWRUK7MKVCTH6EjwfYDvxv"}
{"level":"info","ts":1670367856237157964,"msg":"at","From":"12D3KooWPgam4TzSVCRa4AbhxQnM9abCYR4E9hV57SN7eAjEYn1j","To":"12D3KooWFqdBYPrtwErMosomvD4uRtVhXQdqqZZHC3NCBZYVxr4t"}
{"level":"info","ts":1670367856462404256,"msg":"at","From":"12D3KooWPgam4TzSVCRa4AbhxQnM9abCYR4E9hV57SN7eAjEYn1j","To":"12D3KooWNEWRB7PnuZs164xaA9QWM3iZHekHyEQo5qGP5KCHHuSN"}
{"level":"info","ts":1670367856475473798,"msg":"at","From":"12D3KooWPgam4TzSVCRa4AbhxQnM9abCYR4E9hV57SN7eAjEYn1j","To":"12D3KooWHFfn6pWFnJpUJM6EQKry7WKB7y9E8yMzpE6dnvftD8Uc"}
{"level":"info","ts":1670367856481703423,"msg":"at","From":"12D3KooWPgam4TzSVCRa4AbhxQnM9abCYR4E9hV57SN7eAjEYn1j","To":"12D3KooWGFLL95aAHX7AJZzSn9vFY49znDxeaGPU14TKzrHP7ygU"}
{"level":"info","ts":1670367856533971506,"msg":"at","From":"12D3KooWPgam4TzSVCRa4AbhxQnM9abCYR4E9hV57SN7eAjEYn1j","To":"12D3KooWGEcD5sW5osB6LajkHGqiGc3W8eKfYwnJVVqfujkpLWX2"}
{"level":"info","ts":1670367856574054548,"msg":"at","From":"12D3KooWPgam4TzSVCRa4AbhxQnM9abCYR4E9hV57SN7eAjEYn1j","To":"12D3KooWB224kvi7vN34xJfsfW7bnv6eodxTkgo9VFA6UiaGMgRD"}
{"level":"info","ts":1670367856608713714,"msg":"at","From":"12D3KooWPgam4TzSVCRa4AbhxQnM9abCYR4E9hV57SN7eAjEYn1j","To":"12D3KooWEuk3nU2BCEx3AMKnCFLEG7yXAt1q7gcstxCTJZMfTwkV"}
{"level":"info","ts":1670367856643158214,"msg":"at","From":"12D3KooWPgam4TzSVCRa4AbhxQnM9abCYR4E9hV57SN7eAjEYn1j","To":"12D3KooWL3XJ9EMCyZvmmGXL2LMiVBtrVa2BuESsJiXkSj7333Jw"}
{"level":"info","ts":1670367856671351673,"msg":"at","From":"12D3KooWPgam4TzSVCRa4AbhxQnM9abCYR4E9hV57SN7eAjEYn1j","To":"12D3KooWHAFEHoQDaEe95P9y2w8Zh2tqb8QbF4gUmhmmWT1XNeTC"}
{"level":"info","ts":1670367856681352006,"msg":"at","From":"12D3KooWPgam4TzSVCRa4AbhxQnM9abCYR4E9hV57SN7eAjEYn1j","To":"12D3KooWGBmjmt6Am4j4CWyLRd36hqj1dDKstAyLaeePmEUt7cUp"}
{"level":"info","ts":1670367856687672256,"msg":"at","From":"12D3KooWPgam4TzSVCRa4AbhxQnM9abCYR4E9hV57SN7eAjEYn1j","To":"12D3KooW9yvKfP5HgVaLnNaxWywo3pLAEypk7wjUcpgKwLznk5gQ"}
{"level":"info","ts":1670367856712033798,"msg":"at","From":"12D3KooWPgam4TzSVCRa4AbhxQnM9abCYR4E9hV57SN7eAjEYn1j","To":"12D3KooWNc5rNmCJ9yvXviXaENnp7vqDQjomZwia4aA7Q3hSYkiW"}
{"level":"info","ts":1670367857206455631,"msg":"ab","From":"12D3KooWPgam4TzSVCRa4AbhxQnM9abCYR4E9hV57SN7eAjEYn1j","To":"12D3KooWGFLL95aAHX7AJZzSn9vFY49znDxeaGPU14TKzrHP7ygU"}
{"level":"info","ts":1670367857228229590,"msg":"ab","From":"12D3KooWPgam4TzSVCRa4AbhxQnM9abCYR4E9hV57SN7eAjEYn1j","To":"12D3KooWGEcD5sW5osB6LajkHGqiGc3W8eKfYwnJVVqfujkpLWX2"}
{"level":"info","ts":1670367857234037298,"msg":"ab","From":"12D3KooWPgam4TzSVCRa4AbhxQnM9abCYR4E9hV57SN7eAjEYn1j","To":"12D3KooWB224kvi7vN34xJfsfW7bnv6eodxTkgo9VFA6UiaGMgRD"}
{"level":"info","ts":1670367857240240298,"msg":"ab","From":"12D3KooWPgam4TzSVCRa4AbhxQnM9abCYR4E9hV57SN7eAjEYn1j","To":"12D3KooWL3XJ9EMCyZvmmGXL2LMiVBtrVa2BuESsJiXkSj7333Jw"}
{"level":"info","ts":1670367857245215006,"msg":"ab","From":"12D3KooWPgam4TzSVCRa4AbhxQnM9abCYR4E9hV57SN7eAjEYn1j","To":"12D3KooWHAFEHoQDaEe95P9y2w8Zh2tqb8QbF4gUmhmmWT1XNeTC"}
{"level":"info","ts":1670367857248916298,"msg":"ab","From":"12D3KooWPgam4TzSVCRa4AbhxQnM9abCYR4E9hV57SN7eAjEYn1j","To":"12D3KooWEuk3nU2BCEx3AMKnCFLEG7yXAt1q7gcstxCTJZMfTwkV"}
{"level":"info","ts":1670367857263317131,"msg":"ab","From":"12D3KooWPgam4TzSVCRa4AbhxQnM9abCYR4E9hV57SN7eAjEYn1j","To":"12D3KooWGBmjmt6Am4j4CWyLRd36hqj1dDKstAyLaeePmEUt7cUp"}
{"level":"info","ts":1670367857272060173,"msg":"ab","From":"12D3KooWPgam4TzSVCRa4AbhxQnM9abCYR4E9hV57SN7eAjEYn1j","To":"12D3KooW9yvKfP5HgVaLnNaxWywo3pLAEypk7wjUcpgKwLznk5gQ"}
{"level":"info","ts":1670367857286013798,"msg":"ab","From":"12D3KooWPgam4TzSVCRa4AbhxQnM9abCYR4E9hV57SN7eAjEYn1j","To":"12D3KooWNc5rNmCJ9yvXviXaENnp7vqDQjomZwia4aA7Q3hSYkiW"}
{"level":"info","ts":1670367857314506923,"msg":"ab","From":"12D3KooWPgam4TzSVCRa4AbhxQnM9abCYR4E9hV57SN7eAjEYn1j","To":"12D3KooWSVahexScA4jt5HsavZut74osC2MWonEzXfNpPhhVj9eq"}
{"level":"info","ts":1670367857352445631,"msg":"ab","From":"12D3KooWPgam4TzSVCRa4AbhxQnM9abCYR4E9hV57SN7eAjEYn1j","To":"12D3KooWRFC9qu1UyqfS5fdVjNJBEHDon7m1Ha9fVyNGxfXdD77B"}
{"level":"info","ts":1670367857359864881,"msg":"ab","From":"12D3KooWPgam4TzSVCRa4AbhxQnM9abCYR4E9hV57SN7eAjEYn1j","To":"12D3KooWQfG74brcJhzpNwjPCZmcbBv8f6wxKgLSYmEDXXdPXQpH"}
{"level":"info","ts":1670367857395266548,"msg":"ab","From":"12D3KooWPgam4TzSVCRa4AbhxQnM9abCYR4E9hV57SN7eAjEYn1j","To":"12D3KooWKCz8coBHWrFr7Z3ZZekUTsZdm9bUTuKQBbX6tTvKhqmy"}
{"level":"info","ts":1670367857414294923,"msg":"ab","From":"12D3KooWPgam4TzSVCRa4AbhxQnM9abCYR4E9hV57SN7eAjEYn1j","To":"12D3KooWSyUTnwQRmgAaT5hnnDiU9BENzaGGH4MNnT8iU138rjLw"}
{"level":"info","ts":1670367857438139131,"msg":"ab","From":"12D3KooWPgam4TzSVCRa4AbhxQnM9abCYR4E9hV57SN7eAjEYn1j","To":"12D3KooWQZE6PKvDTbRViCmco2pjEfNWRUK7MKVCTH6EjwfYDvxv"}
{"level":"info","ts":1670367857452961965,"msg":"ab","From":"12D3KooWPgam4TzSVCRa4AbhxQnM9abCYR4E9hV57SN7eAjEYn1j","To":"12D3KooWNEWRB7PnuZs164xaA9QWM3iZHekHyEQo5qGP5KCHHuSN"}
{"level":"info","ts":1670367857463276506,"msg":"ab","From":"12D3KooWPgam4TzSVCRa4AbhxQnM9abCYR4E9hV57SN7eAjEYn1j","To":"12D3KooWHFfn6pWFnJpUJM6EQKry7WKB7y9E8yMzpE6dnvftD8Uc"}
{"level":"info","ts":1670367866385616344,"msg":"after_provide","From":"12D3KooWPgam4TzSVCRa4AbhxQnM9abCYR4E9hV57SN7eAjEYn1j","To":"12D3KooWGFLL95aAHX7AJZzSn9vFY49znDxeaGPU14TKzrHP7ygU"}
{"level":"info","ts":1670367867084395219,"msg":"after_provide","From":"12D3KooWPgam4TzSVCRa4AbhxQnM9abCYR4E9hV57SN7eAjEYn1j","To":"12D3KooWGEcD5sW5osB6LajkHGqiGc3W8eKfYwnJVVqfujkpLWX2"}
{"level":"info","ts":1670367867196350053,"msg":"after_provide","From":"12D3KooWPgam4TzSVCRa4AbhxQnM9abCYR4E9hV57SN7eAjEYn1j","To":"12D3KooWB224kvi7vN34xJfsfW7bnv6eodxTkgo9VFA6UiaGMgRD"}
{"level":"info","ts":1670367867208665594,"msg":"after_provide","From":"12D3KooWPgam4TzSVCRa4AbhxQnM9abCYR4E9hV57SN7eAjEYn1j","To":"12D3KooWEuk3nU2BCEx3AMKnCFLEG7yXAt1q7gcstxCTJZMfTwkV"}
{"level":"info","ts":1670367867217869553,"msg":"after_provide","From":"12D3KooWPgam4TzSVCRa4AbhxQnM9abCYR4E9hV57SN7eAjEYn1j","To":"12D3KooWL3XJ9EMCyZvmmGXL2LMiVBtrVa2BuESsJiXkSj7333Jw"}
{"level":"info","ts":1670367867251873011,"msg":"after_provide","From":"12D3KooWPgam4TzSVCRa4AbhxQnM9abCYR4E9hV57SN7eAjEYn1j","To":"12D3KooWHAFEHoQDaEe95P9y2w8Zh2tqb8QbF4gUmhmmWT1XNeTC"}
{"level":"info","ts":1670367867267222261,"msg":"after_provide","From":"12D3KooWPgam4TzSVCRa4AbhxQnM9abCYR4E9hV57SN7eAjEYn1j","To":"12D3KooWGBmjmt6Am4j4CWyLRd36hqj1dDKstAyLaeePmEUt7cUp"}
{"level":"info","ts":1670367867277117719,"msg":"after_provide","From":"12D3KooWPgam4TzSVCRa4AbhxQnM9abCYR4E9hV57SN7eAjEYn1j","To":"12D3KooW9yvKfP5HgVaLnNaxWywo3pLAEypk7wjUcpgKwLznk5gQ"}
{"level":"info","ts":1670367867338084053,"msg":"after_provide","From":"12D3KooWPgam4TzSVCRa4AbhxQnM9abCYR4E9hV57SN7eAjEYn1j","To":"12D3KooWNc5rNmCJ9yvXviXaENnp7vqDQjomZwia4aA7Q3hSYkiW"}
{"level":"info","ts":1670367867577677178,"msg":"after_provide","From":"12D3KooWPgam4TzSVCRa4AbhxQnM9abCYR4E9hV57SN7eAjEYn1j","To":"12D3KooWSVahexScA4jt5HsavZut74osC2MWonEzXfNpPhhVj9eq"}
{"level":"info","ts":1670367867638553220,"msg":"after_provide","From":"12D3KooWPgam4TzSVCRa4AbhxQnM9abCYR4E9hV57SN7eAjEYn1j","To":"12D3KooWRFC9qu1UyqfS5fdVjNJBEHDon7m1Ha9fVyNGxfXdD77B"}
{"level":"info","ts":1670367867709847595,"msg":"after_provide","From":"12D3KooWPgam4TzSVCRa4AbhxQnM9abCYR4E9hV57SN7eAjEYn1j","To":"12D3KooWQfG74brcJhzpNwjPCZmcbBv8f6wxKgLSYmEDXXdPXQpH"}
{"level":"info","ts":1670367867749998428,"msg":"after_provide","From":"12D3KooWPgam4TzSVCRa4AbhxQnM9abCYR4E9hV57SN7eAjEYn1j","To":"12D3KooWKCz8coBHWrFr7Z3ZZekUTsZdm9bUTuKQBbX6tTvKhqmy"}
{"level":"info","ts":1670367867757300053,"msg":"after_provide","From":"12D3KooWPgam4TzSVCRa4AbhxQnM9abCYR4E9hV57SN7eAjEYn1j","To":"12D3KooWSyUTnwQRmgAaT5hnnDiU9BENzaGGH4MNnT8iU138rjLw"}
{"level":"info","ts":1670367867785476220,"msg":"after_provide","From":"12D3KooWPgam4TzSVCRa4AbhxQnM9abCYR4E9hV57SN7eAjEYn1j","To":"12D3KooWQZE6PKvDTbRViCmco2pjEfNWRUK7MKVCTH6EjwfYDvxv"}
{"level":"info","ts":1670367867799891803,"msg":"after_provide","From":"12D3KooWPgam4TzSVCRa4AbhxQnM9abCYR4E9hV57SN7eAjEYn1j","To":"12D3KooWFJGAAPuFWEeZUVvSEs7dEGnzgCyBpVuYAx8R9WmSNMe7"}
{"level":"info","ts":1670367867861187678,"msg":"after_provide","From":"12D3KooWPgam4TzSVCRa4AbhxQnM9abCYR4E9hV57SN7eAjEYn1j","To":"12D3KooWHFfn6pWFnJpUJM6EQKry7WKB7y9E8yMzpE6dnvftD8Uc"}
