{"ts":1675720807094315258,"type":"point","name":"bandwidth-total-in|cypress-provider|14|0","measures":{"value":208791}}
{"ts":1675720807122194258,"type":"point","name":"bandwidth-total-out|cypress-provider|14|0","measures":{"value":218650}}
{"ts":1675720807125238508,"type":"point","name":"bandwidth-rate-in|cypress-provider|14|0","measures":{"value":0.3131616001200388}}
{"ts":1675720807128058633,"type":"point","name":"bandwidth-rate-out|cypress-provider|14|0","measures":{"value":0.2879066771762654}}
{"ts":1675720824617374127,"type":"point","name":"signal bootstrapping0","measures":{"value":58856917}}
{"ts":1675720824950580502,"type":"point","name":"barrierbootstrapping0","measures":{"value":268786876}}
{"ts":1675720825012668586,"type":"point","name":"full bootstrapping0","measures":{"value":37586464808}}
{"ts":1675720827299480378,"type":"point","name":"bandwidth-total-in|cypress-provider|14|1","measures":{"value":306582}}
{"ts":1675720827357365837,"type":"point","name":"bandwidth-total-out|cypress-provider|14|1","measures":{"value":280021}}
{"ts":1675720827448343212,"type":"point","name":"bandwidth-rate-in|cypress-provider|14|1","measures":{"value":43299.95168411383}}
{"ts":1675720827469790670,"type":"point","name":"bandwidth-rate-out|cypress-provider|14|1","measures":{"value":12758.16632646288}}
{"ts":1675720847097257263,"type":"point","name":"bandwidth-total-in|cypress-provider|14|2","measures":{"value":601881}}
{"ts":1675720847171826429,"type":"point","name":"bandwidth-total-out|cypress-provider|14|2","measures":{"value":653772}}
{"ts":1675720847218533513,"type":"point","name":"bandwidth-rate-in|cypress-provider|14|2","measures":{"value":7320.813183120705}}
{"ts":1675720847228272346,"type":"point","name":"bandwidth-rate-out|cypress-provider|14|2","measures":{"value":2606.0546621831163}}
{"ts":1675720867100592716,"type":"point","name":"bandwidth-total-in|cypress-provider|14|3","measures":{"value":819498}}
{"ts":1675720867125167341,"type":"point","name":"bandwidth-total-out|cypress-provider|14|3","measures":{"value":860615}}
{"ts":1675720867178730591,"type":"point","name":"bandwidth-rate-in|cypress-provider|14|3","measures":{"value":13601.10279594468}}
{"ts":1675720867203671341,"type":"point","name":"bandwidth-rate-out|cypress-provider|14|3","measures":{"value":1483.9652675950936}}
{"ts":1675720871021341927,"type":"point","name":"time-to-provide-4","measures":{"value":45031403521}}
{"ts":1675720871789914427,"type":"point","name":"time-to-provide-10","measures":{"value":45786865814}}
{"ts":1675720872123101885,"type":"point","name":"time-to-provide-19","measures":{"value":46186516521}}
{"ts":1675720872325054510,"type":"point","name":"time-to-provide-5","measures":{"value":46359809438}}
{"ts":1675720872582073052,"type":"point","name":"time-to-provide-14","measures":{"value":46587771064}}
{"ts":1675720873387814844,"type":"point","name":"time-to-provide-11","measures":{"value":47384654064}}
{"ts":1675720873590259178,"type":"point","name":"time-to-provide-16","measures":{"value":47591420814}}
{"ts":1675720873933139636,"type":"point","name":"time-to-provide-13","measures":{"value":47939209064}}
{"ts":1675720874983938553,"type":"point","name":"time-to-provide-1","measures":{"value":49031088065}}
{"ts":1675720875296312679,"type":"point","name":"time-to-provide-15","measures":{"value":49286302273}}
{"ts":1675720875947878804,"type":"point","name":"time-to-provide-2","measures":{"value":49994991316}}
{"ts":1675720876322271179,"type":"point","name":"time-to-provide-9","measures":{"value":50319150149}}
{"ts":1675720876371543471,"type":"point","name":"time-to-provide-6","measures":{"value":50371728190}}
{"ts":1675720876424736554,"type":"point","name":"time-to-provide-18","measures":{"value":50424623649}}
{"ts":1675720876546996637,"type":"point","name":"time-to-provide-7","measures":{"value":50546344398}}
{"ts":1675720876581781138,"type":"point","name":"time-to-provide-17","measures":{"value":50587445441}}
{"ts":1675720876850754221,"type":"point","name":"time-to-provide-0","measures":{"value":50913792608}}
{"ts":1675720878239179138,"type":"point","name":"time-to-provide-8","measures":{"value":52240964524}}
{"ts":1675720878398897597,"type":"point","name":"time-to-provide-3","measures":{"value":52433123442}}
{"ts":1675720878474763263,"type":"point","name":"time-to-provide-12","measures":{"value":52449421316}}
{"ts":1675720878600036513,"type":"point","name":"signal provider-records1","measures":{"value":102018791}}
{"ts":1675720878865271347,"type":"point","name":"barrierprovider-records1","measures":{"value":170147208}}
{"ts":1675720879085789972,"type":"point","name":"full provider-records1","measures":{"value":53220452275}}
{"ts":1675720881483350751,"type":"point","name":"time-to-find-first|cypress-provider|19","measures":{"value":30434333}}
{"ts":1675720881535799376,"type":"point","name":"time-to-find-first|cypress-provider|0","measures":{"value":81232667}}
{"ts":1675720881599700917,"type":"point","name":"time-to-find-first|cypress-provider|1","measures":{"value":133975875}}
{"ts":1675720881613228001,"type":"point","name":"time-to-find-first|cypress-provider|2","measures":{"value":146514917}}
{"ts":1675720881950796626,"type":"point","name":"time-to-find-first|cypress-provider|3","measures":{"value":483456584}}
{"ts":1675720881960818917,"type":"point","name":"time-to-find-first|cypress-provider|4","measures":{"value":493404791}}
{"ts":1675720881961443876,"type":"point","name":"time-to-find-first|cypress-provider|5","measures":{"value":493944500}}
{"ts":1675720881963457792,"type":"point","name":"time-to-find-first|cypress-provider|6","measures":{"value":495859208}}
{"ts":1675720881965283792,"type":"point","name":"time-to-find-first|cypress-provider|8","measures":{"value":493491042}}
{"ts":1675720881965305584,"type":"point","name":"time-to-find-first|cypress-provider|9","measures":{"value":491630958}}
{"ts":1675720881984326917,"type":"point","name":"time-to-find-first|cypress-provider|7","measures":{"value":516639542}}
{"ts":1675720882074606334,"type":"point","name":"time-to-find-first|cypress-provider|10","measures":{"value":600780167}}
{"ts":1675720882078417709,"type":"point","name":"time-to-find-first|cypress-provider|11","measures":{"value":601598541}}
{"ts":1675720882107370209,"type":"point","name":"time-to-find-first|cypress-provider|12","measures":{"value":628907166}}
{"ts":1675720882182783043,"type":"point","name":"time-to-find-first|cypress-provider|13","measures":{"value":704197375}}
{"ts":1675720882182813293,"type":"point","name":"time-to-find-first|cypress-provider|14","measures":{"value":704164875}}
{"ts":1675720882270456668,"type":"point","name":"time-to-find-first|cypress-provider|15","measures":{"value":790323834}}
{"ts":1675720882291684126,"type":"point","name":"time-to-find-first|cypress-provider|18","measures":{"value":810896792}}
{"ts":1675720882292506918,"type":"point","name":"time-to-find-first|cypress-provider|16","measures":{"value":811894959}}
{"ts":1675720882467245668,"type":"point","name":"time-to-find-first|cypress-provider|17","measures":{"value":986521959}}
{"ts":1675720887109758503,"type":"point","name":"bandwidth-total-in|cypress-provider|14|4","measures":{"value":961858}}
{"ts":1675720887547811587,"type":"point","name":"bandwidth-total-out|cypress-provider|14|4","measures":{"value":1026746}}
{"ts":1675720887962648254,"type":"point","name":"bandwidth-rate-in|cypress-provider|14|4","measures":{"value":10150.867585064174}}
{"ts":1675720888333724879,"type":"point","name":"bandwidth-rate-out|cypress-provider|14|4","measures":{"value":24434.86269609519}}
{"ts":1675720907109145554,"type":"point","name":"bandwidth-total-in|cypress-provider|14|5","measures":{"value":1202737}}
{"ts":1675720907128345221,"type":"point","name":"bandwidth-total-out|cypress-provider|14|5","measures":{"value":1188255}}
{"ts":1675720907160641596,"type":"point","name":"bandwidth-rate-in|cypress-provider|14|5","measures":{"value":153.62708469849}}
{"ts":1675720907175584304,"type":"point","name":"bandwidth-rate-out|cypress-provider|14|5","measures":{"value":548.2771564664814}}
{"ts":1675720927107168425,"type":"point","name":"bandwidth-total-in|cypress-provider|14|6","measures":{"value":1291437}}
{"ts":1675720927274124633,"type":"point","name":"bandwidth-total-out|cypress-provider|14|6","measures":{"value":1244343}}
{"ts":1675720927310227466,"type":"point","name":"bandwidth-rate-in|cypress-provider|14|6","measures":{"value":6968.819399234482}}
{"ts":1675720927399918425,"type":"point","name":"bandwidth-rate-out|cypress-provider|14|6","measures":{"value":1402.7595192671643}}
{"ts":1675720947108990253,"type":"point","name":"bandwidth-total-in|cypress-provider|14|7","measures":{"value":1465162}}
{"ts":1675720947172549628,"type":"point","name":"bandwidth-total-out|cypress-provider|14|7","measures":{"value":1329166}}
{"ts":1675720947191667253,"type":"point","name":"bandwidth-rate-in|cypress-provider|14|7","measures":{"value":13449.44675975915}}
{"ts":1675720947243501170,"type":"point","name":"bandwidth-rate-out|cypress-provider|14|7","measures":{"value":2669.8194562831827}}
{"ts":1675720951689722380,"type":"point","name":"num-hops|cypress-provider|16","measures":{"value":1}}
{"ts":1675720951718052505,"type":"point","name":"time-to-find-last|done|cypress-provider|16","measures":{"value":811894959}}
{"ts":1675720951736958505,"type":"point","name":"time-to-find|done|cypress-provider|16","measures":{"value":70257042282}}
{"ts":1675720951756649880,"type":"point","name":"peers-found|done|cypress-provider|16","measures":{"value":1}}
{"ts":1675720951782642047,"type":"point","name":"peers-missing|done|cypress-provider|16","measures":{"value":39}}
{"ts":1675720952319086339,"type":"point","name":"num-hops|cypress-provider|14","measures":{"value":2}}
{"ts":1675720952394255839,"type":"point","name":"time-to-find-last|done|cypress-provider|14","measures":{"value":704164875}}
{"ts":1675720952413044006,"type":"point","name":"time-to-find|done|cypress-provider|14","measures":{"value":70935088866}}
{"ts":1675720952478542964,"type":"point","name":"peers-found|done|cypress-provider|14","measures":{"value":1}}
{"ts":1675720952513773881,"type":"point","name":"peers-missing|done|cypress-provider|14","measures":{"value":39}}
{"ts":1675720953852583173,"type":"point","name":"num-hops|cypress-provider|12","measures":{"value":3}}
{"ts":1675720953911689215,"type":"point","name":"time-to-find-last|done|cypress-provider|12","measures":{"value":1560334667}}
{"ts":1675720953936864423,"type":"point","name":"time-to-find|done|cypress-provider|12","measures":{"value":72459096533}}
{"ts":1675720953988067798,"type":"point","name":"peers-found|done|cypress-provider|12","measures":{"value":40}}
{"ts":1675720954018111715,"type":"point","name":"peers-missing|done|cypress-provider|12","measures":{"value":0}}
{"ts":1675720953868365673,"type":"point","name":"num-hops|cypress-provider|8","measures":{"value":3}}
{"ts":1675720954103665007,"type":"point","name":"time-to-find-last|done|cypress-provider|8","measures":{"value":1231685542}}
{"ts":1675720954128071465,"type":"point","name":"time-to-find|done|cypress-provider|8","measures":{"value":72656974367}}
{"ts":1675720954203677923,"type":"point","name":"peers-found|done|cypress-provider|8","measures":{"value":40}}
{"ts":1675720954257856090,"type":"point","name":"peers-missing|done|cypress-provider|8","measures":{"value":0}}
{"ts":1675720954894062465,"type":"point","name":"num-hops|cypress-provider|2","measures":{"value":2}}
{"ts":1675720954933653007,"type":"point","name":"time-to-find-last|done|cypress-provider|2","measures":{"value":146514917}}
{"ts":1675720954970458924,"type":"point","name":"time-to-find|done|cypress-provider|2","measures":{"value":73504447284}}
{"ts":1675720954973339257,"type":"point","name":"num-hops|cypress-provider|13","measures":{"value":2}}
{"ts":1675720955078889340,"type":"point","name":"time-to-find-last|done|cypress-provider|13","measures":{"value":1578062917}}
{"ts":1675720955115494674,"type":"point","name":"time-to-find|done|cypress-provider|13","measures":{"value":73637604742}}
{"ts":1675720955166838382,"type":"point","name":"peers-found|done|cypress-provider|13","measures":{"value":40}}
{"ts":1675720955186403382,"type":"point","name":"peers-missing|done|cypress-provider|13","measures":{"value":0}}
{"ts":1675720955011403424,"type":"point","name":"peers-found|done|cypress-provider|2","measures":{"value":1}}
{"ts":1675720955243849340,"type":"point","name":"peers-missing|done|cypress-provider|2","measures":{"value":39}}
{"ts":1675720955215065715,"type":"point","name":"num-hops|cypress-provider|0","measures":{"value":3}}
{"ts":1675720955344836799,"type":"point","name":"time-to-find-last|done|cypress-provider|0","measures":{"value":384892208}}
{"ts":1675720955368922299,"type":"point","name":"time-to-find|done|cypress-provider|0","measures":{"value":73915050825}}
{"ts":1675720955399708299,"type":"point","name":"peers-found|done|cypress-provider|0","measures":{"value":40}}
{"ts":1675720955424118799,"type":"point","name":"peers-missing|done|cypress-provider|0","measures":{"value":0}}
{"ts":1675720955424665049,"type":"point","name":"num-hops|cypress-provider|9","measures":{"value":2}}
{"ts":1675720955482819591,"type":"point","name":"time-to-find-last|done|cypress-provider|9","measures":{"value":491630958}}
{"ts":1675720955525785341,"type":"point","name":"time-to-find|done|cypress-provider|9","measures":{"value":74052804367}}
{"ts":1675720955547121299,"type":"point","name":"peers-found|done|cypress-provider|9","measures":{"value":1}}
{"ts":1675720955525695716,"type":"point","name":"num-hops|cypress-provider|10","measures":{"value":1}}
{"ts":1675720955625683841,"type":"point","name":"time-to-find-last|done|cypress-provider|10","measures":{"value":600780167}}
{"ts":1675720955657572799,"type":"point","name":"time-to-find|done|cypress-provider|10","measures":{"value":74184443409}}
{"ts":1675720955682680466,"type":"point","name":"peers-found|done|cypress-provider|10","measures":{"value":1}}
{"ts":1675720955720756091,"type":"point","name":"peers-missing|done|cypress-provider|10","measures":{"value":39}}
{"ts":1675720955452068715,"type":"point","name":"num-hops|cypress-provider|3","measures":{"value":2}}
{"ts":1675720955843391382,"type":"point","name":"time-to-find-last|done|cypress-provider|3","measures":{"value":769888126}}
{"ts":1675720955869765257,"type":"point","name":"time-to-find|done|cypress-provider|3","measures":{"value":74403130159}}
{"ts":1675720955919791674,"type":"point","name":"peers-found|done|cypress-provider|3","measures":{"value":40}}
{"ts":1675720955999962091,"type":"point","name":"peers-missing|done|cypress-provider|3","measures":{"value":0}}
{"ts":1675720955723576632,"type":"point","name":"num-hops|cypress-provider|18","measures":{"value":3}}
{"ts":1675720956074567591,"type":"point","name":"time-to-find-last|done|cypress-provider|18","measures":{"value":810896792}}
{"ts":1675720956080656507,"type":"point","name":"time-to-find|done|cypress-provider|18","measures":{"value":74600565284}}
{"ts":1675720956101624007,"type":"point","name":"peers-found|done|cypress-provider|18","measures":{"value":1}}
{"ts":1675720956110718966,"type":"point","name":"peers-missing|done|cypress-provider|18","measures":{"value":39}}
{"ts":1675720955675945174,"type":"point","name":"num-hops|cypress-provider|17","measures":{"value":3}}
{"ts":1675720956190072674,"type":"point","name":"time-to-find-last|done|cypress-provider|17","measures":{"value":986521959}}
{"ts":1675720956004608049,"type":"point","name":"num-hops|cypress-provider|19","measures":{"value":1}}
{"ts":1675720956241718633,"type":"point","name":"time-to-find-last|done|cypress-provider|19","measures":{"value":30434333}}
{"ts":1675720956316658174,"type":"point","name":"time-to-find|done|cypress-provider|19","measures":{"value":74865012367}}
{"ts":1675720955640040632,"type":"point","name":"num-hops|cypress-provider|7","measures":{"value":2}}
{"ts":1675720956369989841,"type":"point","name":"time-to-find-last|done|cypress-provider|7","measures":{"value":516639542}}
{"ts":1675720956404531841,"type":"point","name":"time-to-find|done|cypress-provider|7","measures":{"value":74937540660}}
{"ts":1675720956412753549,"type":"point","name":"peers-found|done|cypress-provider|7","measures":{"value":1}}
{"ts":1675720955345599049,"type":"point","name":"num-hops|cypress-provider|4","measures":{"value":2}}
{"ts":1675720956493635133,"type":"point","name":"time-to-find-last|done|cypress-provider|4","measures":{"value":798266792}}
{"ts":1675720956508867174,"type":"point","name":"time-to-find|done|cypress-provider|4","measures":{"value":75042149242}}
{"ts":1675720956515068883,"type":"point","name":"peers-found|done|cypress-provider|4","measures":{"value":40}}
{"ts":1675720956346477091,"type":"point","name":"peers-found|done|cypress-provider|19","measures":{"value":1}}
{"ts":1675720956561460008,"type":"point","name":"peers-missing|done|cypress-provider|19","measures":{"value":39}}
{"ts":1675720955897900216,"type":"point","name":"num-hops|cypress-provider|11","measures":{"value":1}}
{"ts":1675720956673371424,"type":"point","name":"time-to-find-last|done|cypress-provider|11","measures":{"value":1500919875}}
{"ts":1675720956698848216,"type":"point","name":"time-to-find|done|cypress-provider|11","measures":{"value":75222725992}}
{"ts":1675720956717989091,"type":"point","name":"peers-found|done|cypress-provider|11","measures":{"value":40}}
{"ts":1675720956740359299,"type":"point","name":"peers-missing|done|cypress-provider|11","measures":{"value":0}}
{"ts":1675720956078369799,"type":"point","name":"num-hops|cypress-provider|6","measures":{"value":2}}
{"ts":1675720956786739716,"type":"point","name":"time-to-find-last|done|cypress-provider|6","measures":{"value":495859208}}
{"ts":1675720956828798008,"type":"point","name":"time-to-find|done|cypress-provider|6","measures":{"value":75361895451}}
{"ts":1675720956857962049,"type":"point","name":"peers-found|done|cypress-provider|6","measures":{"value":1}}
{"ts":1675720956923598758,"type":"point","name":"peers-missing|done|cypress-provider|6","measures":{"value":39}}
{"ts":1675720956225918341,"type":"point","name":"time-to-find|done|cypress-provider|17","measures":{"value":74745890243}}
{"ts":1675720957015559425,"type":"point","name":"peers-found|done|cypress-provider|17","measures":{"value":1}}
{"ts":1675720957038310883,"type":"point","name":"peers-missing|done|cypress-provider|17","measures":{"value":39}}
{"ts":1675720956792963258,"type":"point","name":"num-hops|cypress-provider|15","measures":{"value":2}}
{"ts":1675720957078917925,"type":"point","name":"time-to-find-last|done|cypress-provider|15","measures":{"value":2749373210}}
{"ts":1675720957127490133,"type":"point","name":"time-to-find|done|cypress-provider|15","measures":{"value":75648052285}}
{"ts":1675720957152761758,"type":"point","name":"peers-found|done|cypress-provider|15","measures":{"value":40}}
{"ts":1675720957171313300,"type":"point","name":"peers-missing|done|cypress-provider|15","measures":{"value":0}}
{"ts":1675720956532968466,"type":"point","name":"peers-missing|done|cypress-provider|4","measures":{"value":0}}
{"ts":1675720955540661466,"type":"point","name":"num-hops|cypress-provider|1","measures":{"value":1}}
{"ts":1675720957235816925,"type":"point","name":"time-to-find-last|done|cypress-provider|1","measures":{"value":639408291}}
{"ts":1675720957321857008,"type":"point","name":"time-to-find|done|cypress-provider|1","measures":{"value":75856827784}}
{"ts":1675720957340356591,"type":"point","name":"peers-found|done|cypress-provider|1","measures":{"value":40}}
{"ts":1675720957363247300,"type":"point","name":"peers-missing|done|cypress-provider|1","measures":{"value":0}}
{"ts":1675720956435373591,"type":"point","name":"peers-missing|done|cypress-provider|7","measures":{"value":39}}
{"ts":1675720955615357966,"type":"point","name":"peers-missing|done|cypress-provider|9","measures":{"value":39}}
{"ts":1675720956158194466,"type":"point","name":"num-hops|cypress-provider|5","measures":{"value":2}}
{"ts":1675720957497063633,"type":"point","name":"time-to-find-last|done|cypress-provider|5","measures":{"value":822100208}}
{"ts":1675720957521391633,"type":"point","name":"time-to-find|done|cypress-provider|5","measures":{"value":76054589659}}
{"ts":1675720957535537508,"type":"point","name":"peers-found|done|cypress-provider|5","measures":{"value":40}}
{"ts":1675720957560652008,"type":"point","name":"peers-missing|done|cypress-provider|5","measures":{"value":0}}
{"ts":1675720957716071883,"type":"point","name":"signal provider-records2","measures":{"value":76222750}}
{"ts":1675720961145702927,"type":"point","name":"barrierprovider-records2","measures":{"value":3415927669}}
{"ts":1675720961315022843,"type":"point","name":"full provider-records2","measures":{"value":79864010578}}
{"ts":1675720967134861304,"type":"point","name":"bandwidth-total-in|cypress-provider|14|8","measures":{"value":1490590}}
{"ts":1675720967161256388,"type":"point","name":"bandwidth-total-out|cypress-provider|14|8","measures":{"value":1334697}}
{"ts":1675720967189849679,"type":"point","name":"bandwidth-rate-in|cypress-provider|14|8","measures":{"value":0.0003488546453143149}}
{"ts":1675720967236006554,"type":"point","name":"bandwidth-rate-out|cypress-provider|14|8","measures":{"value":0.000041979007621534276}}
