{"ts":1675702910577789134,"type":"point","name":"bandwidth-total-in|cypress-provider|39|0","measures":{"value":275954}}
{"ts":1675702910578726051,"type":"point","name":"bandwidth-total-out|cypress-provider|39|0","measures":{"value":202728}}
{"ts":1675702910580132259,"type":"point","name":"bandwidth-rate-in|cypress-provider|39|0","measures":{"value":1.9745340551352044}}
{"ts":1675702910581734967,"type":"point","name":"bandwidth-rate-out|cypress-provider|39|0","measures":{"value":0.7251902285123916}}
{"ts":1675702928937817378,"type":"point","name":"signal bootstrapping0","measures":{"value":20023458}}
{"ts":1675702929016521087,"type":"point","name":"barrierbootstrapping0","measures":{"value":74359625}}
{"ts":1675702929054773462,"type":"point","name":"full bootstrapping0","measures":{"value":37776285267}}
{"ts":1675702930561304004,"type":"point","name":"bandwidth-total-in|cypress-provider|39|1","measures":{"value":298019}}
{"ts":1675702930635527879,"type":"point","name":"bandwidth-total-out|cypress-provider|39|1","measures":{"value":242856}}
{"ts":1675702930717661963,"type":"point","name":"bandwidth-rate-in|cypress-provider|39|1","measures":{"value":95.46812419315246}}
{"ts":1675702930733474046,"type":"point","name":"bandwidth-rate-out|cypress-provider|39|1","measures":{"value":195.97102402833366}}
{"ts":1675702950560601139,"type":"point","name":"bandwidth-total-in|cypress-provider|39|2","measures":{"value":680228}}
{"ts":1675702950598188430,"type":"point","name":"bandwidth-total-out|cypress-provider|39|2","measures":{"value":620387}}
{"ts":1675702950628618139,"type":"point","name":"bandwidth-rate-in|cypress-provider|39|2","measures":{"value":4341.583716885088}}
{"ts":1675702950690559472,"type":"point","name":"bandwidth-rate-out|cypress-provider|39|2","measures":{"value":5108.2139086425195}}
{"ts":1675702970542856009,"type":"point","name":"bandwidth-total-in|cypress-provider|39|3","measures":{"value":844060}}
{"ts":1675702970639066176,"type":"point","name":"bandwidth-total-out|cypress-provider|39|3","measures":{"value":780242}}
{"ts":1675702970687977092,"type":"point","name":"bandwidth-rate-in|cypress-provider|39|3","measures":{"value":16374.528205794893}}
{"ts":1675702970772834717,"type":"point","name":"bandwidth-rate-out|cypress-provider|39|3","measures":{"value":15034.316030779875}}
{"ts":1675702973086141385,"type":"point","name":"time-to-provide-19","measures":{"value":41850985435}}
{"ts":1675702982939688084,"type":"point","name":"time-to-provide-3","measures":{"value":51662872440}}
{"ts":1675702984920582043,"type":"point","name":"time-to-provide-8","measures":{"value":53643035857}}
{"ts":1675702984998050460,"type":"point","name":"time-to-provide-13","measures":{"value":53719996482}}
{"ts":1675702985334118502,"type":"point","name":"time-to-provide-4","measures":{"value":54057186649}}
{"ts":1675702985883882919,"type":"point","name":"time-to-provide-5","measures":{"value":54606868774}}
{"ts":1675702986037600252,"type":"point","name":"time-to-provide-12","measures":{"value":54759635774}}
{"ts":1675702986127879377,"type":"point","name":"time-to-provide-14","measures":{"value":54850195483}}
{"ts":1675702986184703544,"type":"point","name":"time-to-provide-16","measures":{"value":54906499274}}
{"ts":1675702986290887460,"type":"point","name":"time-to-provide-11","measures":{"value":55012997608}}
{"ts":1675702986433692461,"type":"point","name":"time-to-provide-10","measures":{"value":55155856358}}
{"ts":1675702986952234502,"type":"point","name":"time-to-provide-15","measures":{"value":55673996192}}
{"ts":1675702987149561544,"type":"point","name":"time-to-provide-0","measures":{"value":55875470941}}
{"ts":1675702987178689211,"type":"point","name":"time-to-provide-9","measures":{"value":55910667442}}
{"ts":1675702987368784461,"type":"point","name":"time-to-provide-1","measures":{"value":56093936150}}
{"ts":1675702987834117836,"type":"point","name":"time-to-provide-6","measures":{"value":56556951567}}
{"ts":1675702987919075461,"type":"point","name":"time-to-provide-7","measures":{"value":56641864151}}
{"ts":1675702987993113586,"type":"point","name":"time-to-provide-2","measures":{"value":56716269442}}
{"ts":1675702988149219295,"type":"point","name":"time-to-provide-18","measures":{"value":56706271233}}
{"ts":1675702988316553836,"type":"point","name":"time-to-provide-17","measures":{"value":56885000692}}
{"ts":1675702988598894462,"type":"point","name":"signal provider-records1","measures":{"value":248775958}}
{"ts":1675702990584816379,"type":"point","name":"bandwidth-total-in|cypress-provider|39|4","measures":{"value":943091}}
{"ts":1675702990668022046,"type":"point","name":"bandwidth-total-out|cypress-provider|39|4","measures":{"value":851944}}
{"ts":1675702990717087713,"type":"point","name":"bandwidth-rate-in|cypress-provider|39|4","measures":{"value":3510.0072976419233}}
{"ts":1675702990766741379,"type":"point","name":"bandwidth-rate-out|cypress-provider|39|4","measures":{"value":3022.117862815511}}
{"ts":1675702998555979508,"type":"point","name":"barrierprovider-records1","measures":{"value":9947981755}}
{"ts":1675702998686110550,"type":"point","name":"full provider-records1","measures":{"value":67867196489}}
{"ts":1675703002119182343,"type":"point","name":"time-to-find-first|cypress-provider|19","measures":{"value":1242785542}}
{"ts":1675703002193396718,"type":"point","name":"time-to-find-first|cypress-provider|7","measures":{"value":1004367584}}
{"ts":1675703002362886010,"type":"point","name":"time-to-find-first|cypress-provider|8","measures":{"value":1486441501}}
{"ts":1675703002577035593,"type":"point","name":"time-to-find-first|cypress-provider|3","measures":{"value":1425284000}}
{"ts":1675703002484707552,"type":"point","name":"time-to-find-first|cypress-provider|10","measures":{"value":1608015210}}
{"ts":1675703003968074177,"type":"point","name":"time-to-find-first|cypress-provider|9","measures":{"value":2986406209}}
{"ts":1675703002484777010,"type":"point","name":"time-to-find-first|cypress-provider|12","measures":{"value":1606592334}}
{"ts":1675703002694368302,"type":"point","name":"time-to-find-first|cypress-provider|4","measures":{"value":1542549375}}
{"ts":1675703002408523635,"type":"point","name":"time-to-find-first|cypress-provider|1","measures":{"value":1241280417}}
{"ts":1675703003092488302,"type":"point","name":"time-to-find-first|cypress-provider|0","measures":{"value":1944014668}}
{"ts":1675703003092537010,"type":"point","name":"time-to-find-first|cypress-provider|16","measures":{"value":2191575585}}
{"ts":1675703003092562052,"type":"point","name":"time-to-find-first|cypress-provider|13","measures":{"value":2173436334}}
{"ts":1675703003092621593,"type":"point","name":"time-to-find-first|cypress-provider|15","measures":{"value":2207185126}}
{"ts":1675703003092880635,"type":"point","name":"time-to-find-first|cypress-provider|18","measures":{"value":2198240418}}
{"ts":1675703003567054719,"type":"point","name":"time-to-find-first|cypress-provider|17","measures":{"value":2666360293}}
{"ts":1675703003568855844,"type":"point","name":"time-to-find-first|cypress-provider|6","measures":{"value":2550706210}}
{"ts":1675703003569710677,"type":"point","name":"time-to-find-first|cypress-provider|14","measures":{"value":2406287793}}
{"ts":1675703003898097636,"type":"point","name":"time-to-find-first|cypress-provider|5","measures":{"value":2744963668}}
{"ts":1675703003909216344,"type":"point","name":"time-to-find-first|cypress-provider|2","measures":{"value":2757446168}}
{"ts":1675703002484746885,"type":"point","name":"time-to-find-first|cypress-provider|11","measures":{"value":1606706876}}
{"ts":1675703013816030584,"type":"point","name":"bandwidth-total-in|cypress-provider|39|5","measures":{"value":951611}}
{"ts":1675703020007167587,"type":"point","name":"bandwidth-total-out|cypress-provider|39|5","measures":{"value":864918}}
{"ts":1675703020046699004,"type":"point","name":"bandwidth-rate-in|cypress-provider|39|5","measures":{"value":2185.486241148248}}
{"ts":1675703020073136379,"type":"point","name":"bandwidth-rate-out|cypress-provider|39|5","measures":{"value":5895.2824595344955}}
{"ts":1675703030818112384,"type":"point","name":"bandwidth-total-in|cypress-provider|39|6","measures":{"value":1130387}}
{"ts":1675703032207033926,"type":"point","name":"bandwidth-total-out|cypress-provider|39|6","measures":{"value":1021503}}
{"ts":1675703032288867885,"type":"point","name":"bandwidth-rate-in|cypress-provider|39|6","measures":{"value":13891.032451521341}}
{"ts":1675703032398837593,"type":"point","name":"bandwidth-rate-out|cypress-provider|39|6","measures":{"value":13219.398219998502}}
{"ts":1675703051768890713,"type":"point","name":"bandwidth-total-in|cypress-provider|39|7","measures":{"value":1184676}}
{"ts":1675703052626963422,"type":"point","name":"bandwidth-total-out|cypress-provider|39|7","measures":{"value":1098815}}
{"ts":1675703054596110089,"type":"point","name":"bandwidth-rate-in|cypress-provider|39|7","measures":{"value":1083.1206413797556}}
{"ts":1675703054869796423,"type":"point","name":"bandwidth-rate-out|cypress-provider|39|7","measures":{"value":10472.525356976506}}
{"ts":1675703070790805014,"type":"point","name":"bandwidth-total-in|cypress-provider|39|8","measures":{"value":1215191}}
{"ts":1675703070897741583,"type":"point","name":"bandwidth-total-out|cypress-provider|39|8","measures":{"value":1112834}}
{"ts":1675703071241727791,"type":"point","name":"bandwidth-rate-in|cypress-provider|39|8","measures":{"value":1863.3105659566568}}
{"ts":1675703071638508667,"type":"point","name":"bandwidth-rate-out|cypress-provider|39|8","measures":{"value":561.4491870127985}}
{"ts":1675703090722657551,"type":"point","name":"bandwidth-total-in|cypress-provider|39|9","measures":{"value":1246895}}
{"ts":1675703090779240676,"type":"point","name":"bandwidth-total-out|cypress-provider|39|9","measures":{"value":1248571}}
{"ts":1675703090959287259,"type":"point","name":"bandwidth-rate-in|cypress-provider|39|9","measures":{"value":3706.145007915427}}
{"ts":1675703090980729884,"type":"point","name":"bandwidth-rate-out|cypress-provider|39|9","measures":{"value":11412.380813404858}}
{"ts":1675703110619958379,"type":"point","name":"bandwidth-total-in|cypress-provider|39|10","measures":{"value":1299455}}
{"ts":1675703110744086213,"type":"point","name":"bandwidth-total-out|cypress-provider|39|10","measures":{"value":1302091}}
{"ts":1675703110858545754,"type":"point","name":"bandwidth-rate-in|cypress-provider|39|10","measures":{"value":7634.387117414452}}
{"ts":1675703110924132463,"type":"point","name":"bandwidth-rate-out|cypress-provider|39|10","measures":{"value":4938.285496740728}}
{"ts":1675703130569965139,"type":"point","name":"bandwidth-total-in|cypress-provider|39|11","measures":{"value":1427233}}
{"ts":1675703130602054430,"type":"point","name":"bandwidth-total-out|cypress-provider|39|11","measures":{"value":1389465}}
{"ts":1675703130637679722,"type":"point","name":"bandwidth-rate-in|cypress-provider|39|11","measures":{"value":6858.908361865572}}
{"ts":1675703130678081180,"type":"point","name":"bandwidth-rate-out|cypress-provider|39|11","measures":{"value":10744.484799663893}}
{"ts":1675703142014034255,"type":"point","name":"num-hops|cypress-provider|10","measures":{"value":1}}
{"ts":1675703142070975421,"type":"point","name":"time-to-find-last|done|cypress-provider|10","measures":{"value":18426265884}}
{"ts":1675703142084013296,"type":"point","name":"time-to-find|done|cypress-provider|10","measures":{"value":141222061106}}
{"ts":1675703142135949005,"type":"point","name":"peers-found|done|cypress-provider|10","measures":{"value":40}}
{"ts":1675703142174996588,"type":"point","name":"peers-missing|done|cypress-provider|10","measures":{"value":0}}
{"ts":1675703142022852380,"type":"point","name":"num-hops|cypress-provider|2","measures":{"value":3}}
{"ts":1675703142281671797,"type":"point","name":"time-to-find-last|done|cypress-provider|2","measures":{"value":2757446168}}
{"ts":1675703142325037755,"type":"point","name":"time-to-find|done|cypress-provider|2","measures":{"value":141188120814}}
{"ts":1675703142371381838,"type":"point","name":"peers-found|done|cypress-provider|2","measures":{"value":1}}
{"ts":1675703142396220463,"type":"point","name":"peers-missing|done|cypress-provider|2","measures":{"value":39}}
{"ts":1675703142117064005,"type":"point","name":"num-hops|cypress-provider|17","measures":{"value":1}}
{"ts":1675703142607047213,"type":"point","name":"time-to-find-last|done|cypress-provider|17","measures":{"value":2666360293}}
{"ts":1675703142640881838,"type":"point","name":"time-to-find|done|cypress-provider|17","measures":{"value":141754925856}}
{"ts":1675703142764046088,"type":"point","name":"peers-found|done|cypress-provider|17","measures":{"value":1}}
{"ts":1675703142795192630,"type":"point","name":"peers-missing|done|cypress-provider|17","measures":{"value":39}}
{"ts":1675703142609934130,"type":"point","name":"num-hops|cypress-provider|7","measures":{"value":2}}
{"ts":1675703142881195422,"type":"point","name":"time-to-find-last|done|cypress-provider|7","measures":{"value":1004367584}}
{"ts":1675703142983291797,"type":"point","name":"time-to-find|done|cypress-provider|7","measures":{"value":142144320689}}
{"ts":1675703143141879130,"type":"point","name":"peers-found|done|cypress-provider|7","measures":{"value":1}}
{"ts":1675703143234348922,"type":"point","name":"peers-missing|done|cypress-provider|7","measures":{"value":39}}
{"ts":1675703142423925588,"type":"point","name":"num-hops|cypress-provider|13","measures":{"value":1}}
{"ts":1675703143271942089,"type":"point","name":"time-to-find-last|done|cypress-provider|13","measures":{"value":7127840670}}
{"ts":1675703143326247297,"type":"point","name":"time-to-find|done|cypress-provider|13","measures":{"value":142421857314}}
{"ts":1675703143381934839,"type":"point","name":"peers-found|done|cypress-provider|13","measures":{"value":21}}
{"ts":1675703143400155089,"type":"point","name":"peers-missing|done|cypress-provider|13","measures":{"value":19}}
{"ts":1675703142850136380,"type":"point","name":"num-hops|cypress-provider|9","measures":{"value":3}}
{"ts":1675703143450215630,"type":"point","name":"time-to-find-last|done|cypress-provider|9","measures":{"value":2986406209}}
{"ts":1675703143461754589,"type":"point","name":"time-to-find|done|cypress-provider|9","measures":{"value":142599947981}}
{"ts":1675703143538437506,"type":"point","name":"peers-found|done|cypress-provider|9","measures":{"value":1}}
{"ts":1675703143631086297,"type":"point","name":"peers-missing|done|cypress-provider|9","measures":{"value":39}}
{"ts":1675703143463689714,"type":"point","name":"num-hops|cypress-provider|14","measures":{"value":2}}
{"ts":1675703143917368381,"type":"point","name":"time-to-find-last|done|cypress-provider|14","measures":{"value":2406287793}}
{"ts":1675703143998201964,"type":"point","name":"time-to-find|done|cypress-provider|14","measures":{"value":142849518106}}
{"ts":1675703144057419422,"type":"point","name":"peers-found|done|cypress-provider|14","measures":{"value":1}}
{"ts":1675703144399933089,"type":"point","name":"peers-missing|done|cypress-provider|14","measures":{"value":39}}
{"ts":1675703146373744049,"type":"point","name":"num-hops|cypress-provider|8","measures":{"value":1}}
{"ts":1675703146424819174,"type":"point","name":"time-to-find-last|done|cypress-provider|8","measures":{"value":1957950543}}
{"ts":1675703146443100590,"type":"point","name":"time-to-find|done|cypress-provider|8","measures":{"value":145581395483}}
{"ts":1675703146457189549,"type":"point","name":"peers-found|done|cypress-provider|8","measures":{"value":40}}
{"ts":1675703146568225924,"type":"point","name":"peers-missing|done|cypress-provider|8","measures":{"value":0}}
{"ts":1675703146506248215,"type":"point","name":"num-hops|cypress-provider|18","measures":{"value":3}}
{"ts":1675703146631251257,"type":"point","name":"time-to-find-last|done|cypress-provider|18","measures":{"value":2198240418}}
{"ts":1675703146674470715,"type":"point","name":"time-to-find|done|cypress-provider|18","measures":{"value":145794568191}}
{"ts":1675703146705950840,"type":"point","name":"peers-found|done|cypress-provider|18","measures":{"value":1}}
{"ts":1675703146749162924,"type":"point","name":"peers-missing|done|cypress-provider|18","measures":{"value":39}}
{"ts":1675703146606078674,"type":"point","name":"num-hops|cypress-provider|11","measures":{"value":2}}
{"ts":1675703146809187799,"type":"point","name":"time-to-find-last|done|cypress-provider|11","measures":{"value":19692901050}}
{"ts":1675703146836076215,"type":"point","name":"time-to-find|done|cypress-provider|11","measures":{"value":145972771899}}
{"ts":1675703146852842424,"type":"point","name":"peers-found|done|cypress-provider|11","measures":{"value":40}}
{"ts":1675703146880483465,"type":"point","name":"peers-missing|done|cypress-provider|11","measures":{"value":0}}
{"ts":1675703146829914632,"type":"point","name":"num-hops|cypress-provider|16","measures":{"value":1}}
{"ts":1675703146929017257,"type":"point","name":"time-to-find-last|done|cypress-provider|16","measures":{"value":6690921504}}
{"ts":1675703147012421799,"type":"point","name":"time-to-find|done|cypress-provider|16","measures":{"value":146126197108}}
{"ts":1675703147023287341,"type":"point","name":"peers-found|done|cypress-provider|16","measures":{"value":21}}
{"ts":1675703147038476549,"type":"point","name":"peers-missing|done|cypress-provider|16","measures":{"value":19}}
{"ts":1675703147032046966,"type":"point","name":"num-hops|cypress-provider|6","measures":{"value":3}}
{"ts":1675703147066290049,"type":"point","name":"time-to-find-last|done|cypress-provider|6","measures":{"value":2550706210}}
{"ts":1675703147084972674,"type":"point","name":"time-to-find|done|cypress-provider|6","measures":{"value":146081577942}}
{"ts":1675703147100230216,"type":"point","name":"peers-found|done|cypress-provider|6","measures":{"value":1}}
{"ts":1675703147126225466,"type":"point","name":"peers-missing|done|cypress-provider|6","measures":{"value":39}}
{"ts":1675703147152801549,"type":"point","name":"num-hops|cypress-provider|15","measures":{"value":1}}
{"ts":1675703147175999757,"type":"point","name":"time-to-find-last|done|cypress-provider|15","measures":{"value":13010770714}}
{"ts":1675703147191224841,"type":"point","name":"time-to-find|done|cypress-provider|15","measures":{"value":146320524858}}
{"ts":1675703147199097924,"type":"point","name":"peers-found|done|cypress-provider|15","measures":{"value":21}}
{"ts":1675703147249961216,"type":"point","name":"peers-missing|done|cypress-provider|15","measures":{"value":19}}
{"ts":1675703148216099924,"type":"point","name":"num-hops|cypress-provider|19","measures":{"value":1}}
{"ts":1675703148252254424,"type":"point","name":"time-to-find-last|done|cypress-provider|19","measures":{"value":1242785542}}
{"ts":1675703148271190424,"type":"point","name":"time-to-find|done|cypress-provider|19","measures":{"value":147409568025}}
{"ts":1675703148318028424,"type":"point","name":"peers-found|done|cypress-provider|19","measures":{"value":1}}
{"ts":1675703148337336549,"type":"point","name":"peers-missing|done|cypress-provider|19","measures":{"value":39}}
{"ts":1675703148716924591,"type":"point","name":"num-hops|cypress-provider|0","measures":{"value":1}}
{"ts":1675703148740242716,"type":"point","name":"time-to-find-last|done|cypress-provider|0","measures":{"value":6766175212}}
{"ts":1675703148773454883,"type":"point","name":"time-to-find|done|cypress-provider|0","measures":{"value":147639721192}}
{"ts":1675703148784387841,"type":"point","name":"peers-found|done|cypress-provider|0","measures":{"value":40}}
{"ts":1675703148813348633,"type":"point","name":"peers-missing|done|cypress-provider|0","measures":{"value":0}}
{"ts":1675703148951870175,"type":"point","name":"num-hops|cypress-provider|1","measures":{"value":1}}
{"ts":1675703148975950133,"type":"point","name":"time-to-find-last|done|cypress-provider|1","measures":{"value":6703828378}}
{"ts":1675703148992873716,"type":"point","name":"time-to-find|done|cypress-provider|1","measures":{"value":147840371275}}
{"ts":1675703149017099591,"type":"point","name":"peers-found|done|cypress-provider|1","measures":{"value":40}}
{"ts":1675703149037218341,"type":"point","name":"peers-missing|done|cypress-provider|1","measures":{"value":0}}
{"ts":1675703149322316383,"type":"point","name":"num-hops|cypress-provider|12","measures":{"value":1}}
{"ts":1675703149334365675,"type":"point","name":"time-to-find-last|done|cypress-provider|12","measures":{"value":4626971669}}
{"ts":1675703149374029967,"type":"point","name":"time-to-find|done|cypress-provider|12","measures":{"value":148510579859}}
{"ts":1675703149394825133,"type":"point","name":"peers-found|done|cypress-provider|12","measures":{"value":40}}
{"ts":1675703149406159050,"type":"point","name":"peers-missing|done|cypress-provider|12","measures":{"value":0}}
{"ts":1675703150147942342,"type":"point","name":"num-hops|cypress-provider|3","measures":{"value":1}}
{"ts":1675703150163883925,"type":"point","name":"time-to-find-last|done|cypress-provider|3","measures":{"value":1939416959}}
{"ts":1675703150180256259,"type":"point","name":"time-to-find|done|cypress-provider|3","measures":{"value":149043247400}}
{"ts":1675703150204504384,"type":"point","name":"peers-found|done|cypress-provider|3","measures":{"value":40}}
{"ts":1675703150218310134,"type":"point","name":"peers-missing|done|cypress-provider|3","measures":{"value":0}}
{"ts":1675703150394802384,"type":"point","name":"num-hops|cypress-provider|5","measures":{"value":2}}
{"ts":1675703150443448384,"type":"point","name":"time-to-find-last|done|cypress-provider|5","measures":{"value":15892692631}}
{"ts":1675703150449732967,"type":"point","name":"time-to-find|done|cypress-provider|5","measures":{"value":149313289359}}
{"ts":1675703150481149967,"type":"point","name":"peers-found|done|cypress-provider|5","measures":{"value":40}}
{"ts":1675703150504910217,"type":"point","name":"peers-missing|done|cypress-provider|5","measures":{"value":0}}
{"ts":1675703150560138426,"type":"point","name":"bandwidth-total-in|cypress-provider|39|12","measures":{"value":1527069}}
{"ts":1675703150567359509,"type":"point","name":"bandwidth-total-out|cypress-provider|39|12","measures":{"value":1430172}}
{"ts":1675703150571294134,"type":"point","name":"bandwidth-rate-in|cypress-provider|39|12","measures":{"value":960.6814603497287}}
{"ts":1675703150592328676,"type":"point","name":"bandwidth-rate-out|cypress-provider|39|12","measures":{"value":517.6101770084229}}
{"ts":1675703151624995759,"type":"point","name":"num-hops|cypress-provider|4","measures":{"value":2}}
{"ts":1675703151639047093,"type":"point","name":"time-to-find-last|done|cypress-provider|4","measures":{"value":5705350336}}
{"ts":1675703151645823176,"type":"point","name":"time-to-find|done|cypress-provider|4","measures":{"value":150508747151}}
{"ts":1675703151667995468,"type":"point","name":"peers-found|done|cypress-provider|4","measures":{"value":40}}
{"ts":1675703151682803343,"type":"point","name":"peers-missing|done|cypress-provider|4","measures":{"value":0}}
{"ts":1675703151834902051,"type":"point","name":"signal provider-records2","measures":{"value":133589792}}
{"ts":1675703160737428264,"type":"point","name":"barrierprovider-records2","measures":{"value":8875497796}}
{"ts":1675703161459475181,"type":"point","name":"full provider-records2","measures":{"value":160621238240}}
{"ts":1675703170654704629,"type":"point","name":"bandwidth-total-in|cypress-provider|39|13","measures":{"value":1527111}}
{"ts":1675703170704451879,"type":"point","name":"bandwidth-total-out|cypress-provider|39|13","measures":{"value":1432188}}
{"ts":1675703170716752587,"type":"point","name":"bandwidth-rate-in|cypress-provider|39|13","measures":{"value":8.772579047539521e-7}}
{"ts":1675703170771663171,"type":"point","name":"bandwidth-rate-out|cypress-provider|39|13","measures":{"value":0.000007535619392349471}}
{"ts":1675703190652023347,"type":"point","name":"bandwidth-total-in|cypress-provider|39|14","measures":{"value":1527111}}
{"ts":1675703190712697388,"type":"point","name":"bandwidth-total-out|cypress-provider|39|14","measures":{"value":1432188}}
{"ts":1675703190715522847,"type":"point","name":"bandwidth-rate-in|cypress-provider|39|14","measures":{"value":0}}
{"ts":1675703190731578805,"type":"point","name":"bandwidth-rate-out|cypress-provider|39|14","measures":{"value":0}}
