{"ts":1674175328353260381,"type":"point","name":"bandwidth-total-in|cypress-provider|21|0","measures":{"value":8338}}
{"ts":1674175328368828047,"type":"point","name":"bandwidth-total-out|cypress-provider|21|0","measures":{"value":10025}}
{"ts":1674175328424519922,"type":"point","name":"bandwidth-rate-in|cypress-provider|21|0","measures":{"value":5165.035018812492}}
{"ts":1674175328429500881,"type":"point","name":"bandwidth-rate-out|cypress-provider|21|0","measures":{"value":7527.353998390308}}
{"ts":1674175333353097425,"type":"point","name":"bandwidth-total-in|cypress-provider|21|1","measures":{"value":50064}}
{"ts":1674175333363162091,"type":"point","name":"bandwidth-total-out|cypress-provider|21|1","measures":{"value":50302}}
{"ts":1674175333365727425,"type":"point","name":"bandwidth-rate-in|cypress-provider|21|1","measures":{"value":1175.9998526034103}}
{"ts":1674175333367542091,"type":"point","name":"bandwidth-rate-out|cypress-provider|21|1","measures":{"value":2609.6370739857457}}
{"ts":1674175338352268552,"type":"point","name":"bandwidth-total-in|cypress-provider|21|2","measures":{"value":50064}}
{"ts":1674175338353938802,"type":"point","name":"bandwidth-total-out|cypress-provider|21|2","measures":{"value":50302}}
{"ts":1674175338355923885,"type":"point","name":"bandwidth-rate-in|cypress-provider|21|2","measures":{"value":7.9238246777741015}}
{"ts":1674175338357419760,"type":"point","name":"bandwidth-rate-out|cypress-provider|21|2","measures":{"value":17.58359629136444}}
{"ts":1674175343352934138,"type":"point","name":"bandwidth-total-in|cypress-provider|21|3","measures":{"value":50064}}
{"ts":1674175343355659721,"type":"point","name":"bandwidth-total-out|cypress-provider|21|3","measures":{"value":50302}}
{"ts":1674175343382830346,"type":"point","name":"bandwidth-rate-in|cypress-provider|21|3","measures":{"value":0.053390310708887376}}
{"ts":1674175343389662013,"type":"point","name":"bandwidth-rate-out|cypress-provider|21|3","measures":{"value":0.11847733986452941}}
{"ts":1674175348353215417,"type":"point","name":"bandwidth-total-in|cypress-provider|21|4","measures":{"value":50064}}
{"ts":1674175348354996584,"type":"point","name":"bandwidth-total-out|cypress-provider|21|4","measures":{"value":50302}}
{"ts":1674175348356642792,"type":"point","name":"bandwidth-rate-in|cypress-provider|21|4","measures":{"value":0.00035974108382118844}}
{"ts":1674175348360405167,"type":"point","name":"bandwidth-rate-out|cypress-provider|21|4","measures":{"value":0.0007982940365998349}}
{"ts":1674175353353393128,"type":"point","name":"bandwidth-total-in|cypress-provider|21|5","measures":{"value":50064}}
{"ts":1674175353355193128,"type":"point","name":"bandwidth-total-out|cypress-provider|21|5","measures":{"value":50302}}
{"ts":1674175353357374378,"type":"point","name":"bandwidth-rate-in|cypress-provider|21|5","measures":{"value":0.000002423916356180731}}
{"ts":1674175353361075378,"type":"point","name":"bandwidth-rate-out|cypress-provider|21|5","measures":{"value":0.000005378862908295682}}
{"ts":1674175358353797547,"type":"point","name":"bandwidth-total-in|cypress-provider|21|6","measures":{"value":56145}}
{"ts":1674175358400293297,"type":"point","name":"bandwidth-total-out|cypress-provider|21|6","measures":{"value":52522}}
{"ts":1674175358410925756,"type":"point","name":"bandwidth-rate-in|cypress-provider|21|6","measures":{"value":2507.775410363852}}
{"ts":1674175358424709214,"type":"point","name":"bandwidth-rate-out|cypress-provider|21|6","measures":{"value":1213.861230651669}}
{"ts":1674175361673437840,"type":"point","name":"signal bootstrapping0","measures":{"value":36077833}}
{"ts":1674175361918871091,"type":"point","name":"barrierbootstrapping0","measures":{"value":234689834}}
{"ts":1674175361990884841,"type":"point","name":"full bootstrapping0","measures":{"value":36889142517}}
{"ts":1674175363353627216,"type":"point","name":"bandwidth-total-in|cypress-provider|21|7","measures":{"value":56415}}
{"ts":1674175363401430300,"type":"point","name":"bandwidth-total-out|cypress-provider|21|7","measures":{"value":55366}}
{"ts":1674175363435398258,"type":"point","name":"bandwidth-rate-in|cypress-provider|21|7","measures":{"value":20.020717623846885}}
{"ts":1674175363468391716,"type":"point","name":"bandwidth-rate-out|cypress-provider|21|7","measures":{"value":41.07937610747291}}
{"ts":1674175368501924385,"type":"point","name":"bandwidth-total-in|cypress-provider|21|8","measures":{"value":97282}}
{"ts":1674175368527011302,"type":"point","name":"bandwidth-total-out|cypress-provider|21|8","measures":{"value":90959}}
{"ts":1674175368567879177,"type":"point","name":"bandwidth-rate-in|cypress-provider|21|8","measures":{"value":10815.904714292366}}
{"ts":1674175368612025885,"type":"point","name":"bandwidth-rate-out|cypress-provider|21|8","measures":{"value":5299.96032259674}}
{"ts":1674175373352482888,"type":"point","name":"bandwidth-total-in|cypress-provider|21|9","measures":{"value":169770}}
{"ts":1674175373388918054,"type":"point","name":"bandwidth-total-out|cypress-provider|21|9","measures":{"value":155770}}
{"ts":1674175373444872638,"type":"point","name":"bandwidth-rate-in|cypress-provider|21|9","measures":{"value":10162.571159395444}}
{"ts":1674175373465788513,"type":"point","name":"bandwidth-rate-out|cypress-provider|21|9","measures":{"value":10746.654978564029}}
{"ts":1674175377196170167,"type":"point","name":"time-to-provide-13","measures":{"value":13539209506}}
{"ts":1674175377789992209,"type":"point","name":"time-to-provide-10","measures":{"value":14133134798}}
{"ts":1674175377947583459,"type":"point","name":"time-to-provide-19","measures":{"value":14298326131}}
{"ts":1674175378357793792,"type":"point","name":"bandwidth-total-in|cypress-provider|21|10","measures":{"value":203128}}
{"ts":1674175378496381959,"type":"point","name":"bandwidth-total-out|cypress-provider|21|10","measures":{"value":189504}}
{"ts":1674175378561357001,"type":"point","name":"bandwidth-rate-in|cypress-provider|21|10","measures":{"value":7446.323695771933}}
{"ts":1674175378613843251,"type":"point","name":"bandwidth-rate-out|cypress-provider|21|10","measures":{"value":6013.1197693547865}}
{"ts":1674175378410399001,"type":"point","name":"time-to-provide-15","measures":{"value":14753374382}}
{"ts":1674175379430427751,"type":"point","name":"time-to-provide-11","measures":{"value":15773524715}}
{"ts":1674175380381357418,"type":"point","name":"time-to-provide-16","measures":{"value":16724366674}}
{"ts":1674175380478028585,"type":"point","name":"time-to-provide-5","measures":{"value":16821479590}}
{"ts":1674175380788880919,"type":"point","name":"time-to-provide-8","measures":{"value":17132145924}}
{"ts":1674175380851229794,"type":"point","name":"time-to-provide-3","measures":{"value":17194923466}}
{"ts":1674175381137738044,"type":"point","name":"time-to-provide-1","measures":{"value":17481823507}}
{"ts":1674175381766816169,"type":"point","name":"time-to-provide-2","measures":{"value":18110790633}}
{"ts":1674175381886975086,"type":"point","name":"time-to-provide-0","measures":{"value":18233683174}}
{"ts":1674175382049172419,"type":"point","name":"time-to-provide-4","measures":{"value":18392787258}}
{"ts":1674175382110631169,"type":"point","name":"time-to-provide-6","measures":{"value":18453999716}}
{"ts":1674175382682350128,"type":"point","name":"time-to-provide-18","measures":{"value":19025070342}}
{"ts":1674175382933812045,"type":"point","name":"time-to-provide-7","measures":{"value":19277138008}}
{"ts":1674175383353745462,"type":"point","name":"bandwidth-total-in|cypress-provider|21|11","measures":{"value":226101}}
{"ts":1674175383394198378,"type":"point","name":"bandwidth-total-out|cypress-provider|21|11","measures":{"value":218487}}
{"ts":1674175383447051712,"type":"point","name":"bandwidth-rate-in|cypress-provider|21|11","measures":{"value":2910.2502896988863}}
{"ts":1674175383456305212,"type":"point","name":"bandwidth-rate-out|cypress-provider|21|11","measures":{"value":6026.431290796165}}
{"ts":1674175383394598253,"type":"point","name":"time-to-provide-12","measures":{"value":19737674592}}
{"ts":1674175383646163295,"type":"point","name":"time-to-provide-17","measures":{"value":19988962926}}
{"ts":1674175383936806420,"type":"point","name":"time-to-provide-9","measures":{"value":20286965758}}
{"ts":1674175386402334921,"type":"point","name":"time-to-provide-14","measures":{"value":22745510760}}
{"ts":1674175386597866171,"type":"point","name":"signal provider-records1","measures":{"value":144891083}}
{"ts":1674175388353731881,"type":"point","name":"bandwidth-total-in|cypress-provider|21|12","measures":{"value":230037}}
{"ts":1674175388361362547,"type":"point","name":"bandwidth-total-out|cypress-provider|21|12","measures":{"value":226020}}
{"ts":1674175388366300339,"type":"point","name":"bandwidth-rate-in|cypress-provider|21|12","measures":{"value":455.16033355369035}}
{"ts":1674175388431980256,"type":"point","name":"bandwidth-rate-out|cypress-provider|21|12","measures":{"value":461.9466325450174}}
{"ts":1674175391621427757,"type":"point","name":"barrierprovider-records1","measures":{"value":4957290544}}
{"ts":1674175391827011174,"type":"point","name":"full provider-records1","measures":{"value":28273981888}}
{"ts":1674175393397255591,"type":"point","name":"bandwidth-total-in|cypress-provider|21|13","measures":{"value":230130}}
{"ts":1674175393419098800,"type":"point","name":"bandwidth-total-out|cypress-provider|21|13","measures":{"value":226020}}
{"ts":1674175393466820508,"type":"point","name":"bandwidth-rate-in|cypress-provider|21|13","measures":{"value":4.1423497772484605}}
{"ts":1674175393532819050,"type":"point","name":"bandwidth-rate-out|cypress-provider|21|13","measures":{"value":3.1125719264943372}}
{"ts":1674175393692174508,"type":"point","name":"time-to-find-first|cypress-provider|1","measures":{"value":35512000}}
{"ts":1674175393821035592,"type":"point","name":"time-to-find-first|cypress-provider|19","measures":{"value":166244751}}
{"ts":1674175393891776675,"type":"point","name":"time-to-find-first|cypress-provider|2","measures":{"value":234676126}}
{"ts":1674175393939958508,"type":"point","name":"time-to-find-first|cypress-provider|0","measures":{"value":283985375}}
{"ts":1674175393945369717,"type":"point","name":"time-to-find-first|cypress-provider|3","measures":{"value":285394792}}
{"ts":1674175393969037758,"type":"point","name":"time-to-find-first|cypress-provider|10","measures":{"value":306720209}}
{"ts":1674175393969086633,"type":"point","name":"time-to-find-first|cypress-provider|11","measures":{"value":306697376}}
{"ts":1674175393969213883,"type":"point","name":"time-to-find-first|cypress-provider|13","measures":{"value":306456459}}
{"ts":1674175393969806883,"type":"point","name":"time-to-find-first|cypress-provider|16","measures":{"value":306814417}}
{"ts":1674175393970432050,"type":"point","name":"time-to-find-first|cypress-provider|18","measures":{"value":307314709}}
{"ts":1674175394035169425,"type":"point","name":"time-to-find-first|cypress-provider|4","measures":{"value":374462834}}
{"ts":1674175394035421300,"type":"point","name":"time-to-find-first|cypress-provider|5","measures":{"value":373409459}}
{"ts":1674175394035917508,"type":"point","name":"time-to-find-first|cypress-provider|6","measures":{"value":373872584}}
{"ts":1674175394036221758,"type":"point","name":"time-to-find-first|cypress-provider|7","measures":{"value":374116000}}
{"ts":1674175394040339925,"type":"point","name":"time-to-find-first|cypress-provider|8","measures":{"value":378147667}}
{"ts":1674175394040684550,"type":"point","name":"time-to-find-first|cypress-provider|9","measures":{"value":378422750}}
{"ts":1674175394040940967,"type":"point","name":"time-to-find-first|cypress-provider|12","measures":{"value":378269084}}
{"ts":1674175394326933550,"type":"point","name":"time-to-find-first|cypress-provider|14","measures":{"value":664081208}}
{"ts":1674175394327305425,"type":"point","name":"time-to-find-first|cypress-provider|15","measures":{"value":664370251}}
{"ts":1674175394483045342,"type":"point","name":"time-to-find-first|cypress-provider|17","measures":{"value":820002333}}
{"ts":1674175399148046677,"type":"point","name":"bandwidth-total-in|cypress-provider|21|14","measures":{"value":380911}}
{"ts":1674175403120258679,"type":"point","name":"bandwidth-total-out|cypress-provider|21|14","measures":{"value":400604}}
{"ts":1674175403478145221,"type":"point","name":"bandwidth-rate-in|cypress-provider|21|14","measures":{"value":11659.71633733334}}
{"ts":1674175403554134971,"type":"point","name":"bandwidth-rate-out|cypress-provider|21|14","measures":{"value":14412.346288483785}}
{"ts":1674175403590349180,"type":"point","name":"bandwidth-total-in|cypress-provider|21|15","measures":{"value":397106}}
{"ts":1674175403635767888,"type":"point","name":"bandwidth-total-out|cypress-provider|21|15","measures":{"value":407124}}
{"ts":1674175404000250180,"type":"point","name":"bandwidth-rate-in|cypress-provider|21|15","measures":{"value":4058.0598299674666}}
{"ts":1674175404059007930,"type":"point","name":"bandwidth-rate-out|cypress-provider|21|15","measures":{"value":2842.8165170425405}}
{"ts":1674175409322036751,"type":"point","name":"bandwidth-total-in|cypress-provider|21|16","measures":{"value":448358}}
{"ts":1674175409328433126,"type":"point","name":"bandwidth-total-out|cypress-provider|21|16","measures":{"value":494196}}
{"ts":1674175409553784793,"type":"point","name":"bandwidth-rate-in|cypress-provider|21|16","measures":{"value":4668.159771027265}}
{"ts":1674175410592856002,"type":"point","name":"bandwidth-rate-out|cypress-provider|21|16","measures":{"value":17586.109769857143}}
{"ts":1674175413663691628,"type":"point","name":"bandwidth-total-in|cypress-provider|21|17","measures":{"value":475987}}
{"ts":1674175414348782045,"type":"point","name":"bandwidth-total-out|cypress-provider|21|17","measures":{"value":516704}}
{"ts":1674175417436628797,"type":"point","name":"bandwidth-rate-in|cypress-provider|21|17","measures":{"value":6169.231799535063}}
{"ts":1674175417509610797,"type":"point","name":"bandwidth-rate-out|cypress-provider|21|17","measures":{"value":550.8458879882596}}
{"ts":1674175425397585467,"type":"point","name":"bandwidth-total-in|cypress-provider|21|18","measures":{"value":482384}}
{"ts":1674175427238156843,"type":"point","name":"bandwidth-total-out|cypress-provider|21|18","measures":{"value":523530}}
{"ts":1674175429080364594,"type":"point","name":"bandwidth-rate-in|cypress-provider|21|18","measures":{"value":1550.5741920902421}}
{"ts":1674175429158008136,"type":"point","name":"bandwidth-rate-out|cypress-provider|21|18","measures":{"value":515.3952610568597}}
{"ts":1674175429585133719,"type":"point","name":"bandwidth-total-in|cypress-provider|21|19","measures":{"value":486535}}
{"ts":1674175430234558053,"type":"point","name":"bandwidth-total-out|cypress-provider|21|19","measures":{"value":523780}}
{"ts":1674175430284771470,"type":"point","name":"bandwidth-rate-in|cypress-provider|21|19","measures":{"value":761.3760616305742}}
{"ts":1674175431189885803,"type":"point","name":"bandwidth-rate-out|cypress-provider|21|19","measures":{"value":48.17202129730696}}
{"ts":1674175434169561930,"type":"point","name":"bandwidth-total-in|cypress-provider|21|20","measures":{"value":519179}}
{"ts":1674175434573562430,"type":"point","name":"bandwidth-total-out|cypress-provider|21|20","measures":{"value":524849}}
{"ts":1674175435504005722,"type":"point","name":"bandwidth-rate-in|cypress-provider|21|20","measures":{"value":3725.606880364966}}
{"ts":1674175436132947333,"type":"point","name":"bandwidth-rate-out|cypress-provider|21|20","measures":{"value":225.15279617063766}}
{"ts":1674175439472467251,"type":"point","name":"bandwidth-total-in|cypress-provider|21|21","measures":{"value":527797}}
{"ts":1674175439805735751,"type":"point","name":"bandwidth-total-out|cypress-provider|21|21","measures":{"value":526200}}
{"ts":1674175440295782418,"type":"point","name":"bandwidth-rate-in|cypress-provider|21|21","measures":{"value":3549.4467975951557}}
{"ts":1674175441425857586,"type":"point","name":"bandwidth-rate-out|cypress-provider|21|21","measures":{"value":157.32238602954948}}
{"ts":1674175444090772170,"type":"point","name":"bandwidth-total-in|cypress-provider|21|22","measures":{"value":535697}}
{"ts":1674175444550545337,"type":"point","name":"bandwidth-total-out|cypress-provider|21|22","measures":{"value":528167}}
{"ts":1674175444919883087,"type":"point","name":"bandwidth-rate-in|cypress-provider|21|22","measures":{"value":3184.3611133724494}}
{"ts":1674175445231735921,"type":"point","name":"bandwidth-rate-out|cypress-provider|21|22","measures":{"value":195.40287225982598}}
{"ts":1674175451188342382,"type":"point","name":"bandwidth-total-in|cypress-provider|21|23","measures":{"value":538689}}
{"ts":1674175451253737299,"type":"point","name":"bandwidth-total-out|cypress-provider|21|23","measures":{"value":605855}}
{"ts":1674175452084460799,"type":"point","name":"bandwidth-rate-in|cypress-provider|21|23","measures":{"value":556.4099528734221}}
{"ts":1674175452719780674,"type":"point","name":"bandwidth-rate-out|cypress-provider|21|23","measures":{"value":6016.382630321853}}
{"ts":1674175454079400883,"type":"point","name":"bandwidth-total-in|cypress-provider|21|24","measures":{"value":541177}}
{"ts":1674175454203656258,"type":"point","name":"bandwidth-total-out|cypress-provider|21|24","measures":{"value":664072}}
{"ts":1674175454578123925,"type":"point","name":"bandwidth-rate-in|cypress-provider|21|24","measures":{"value":1604.757645690505}}
{"ts":1674175455531823134,"type":"point","name":"bandwidth-rate-out|cypress-provider|21|24","measures":{"value":35945.80304448536}}
{"ts":1674175459557844761,"type":"point","name":"bandwidth-total-in|cypress-provider|21|25","measures":{"value":555680}}
{"ts":1674175459594971928,"type":"point","name":"bandwidth-total-out|cypress-provider|21|25","measures":{"value":684847}}
{"ts":1674175460136842469,"type":"point","name":"bandwidth-rate-in|cypress-provider|21|25","measures":{"value":7906.923364320855}}
{"ts":1674175460533400636,"type":"point","name":"bandwidth-rate-out|cypress-provider|21|25","measures":{"value":3428.408103532161}}
{"ts":1674175463305891304,"type":"point","name":"num-hops|cypress-provider|1","measures":{"value":1}}
{"ts":1674175463392888304,"type":"point","name":"time-to-find-last|done|cypress-provider|1","measures":{"value":820080709}}
{"ts":1674175463413592388,"type":"point","name":"time-to-find|done|cypress-provider|1","measures":{"value":69756327658}}
{"ts":1674175463603028304,"type":"point","name":"peers-found|done|cypress-provider|1","measures":{"value":50}}
{"ts":1674175463613572846,"type":"point","name":"peers-missing|done|cypress-provider|1","measures":{"value":0}}
{"ts":1674175463362793013,"type":"point","name":"bandwidth-total-in|cypress-provider|21|26","measures":{"value":681208}}
{"ts":1674175463688537346,"type":"point","name":"bandwidth-total-out|cypress-provider|21|26","measures":{"value":719782}}
{"ts":1674175463715510513,"type":"point","name":"bandwidth-rate-in|cypress-provider|21|26","measures":{"value":58664.687832297575}}
{"ts":1674175463733581513,"type":"point","name":"bandwidth-rate-out|cypress-provider|21|26","measures":{"value":13176.973507268654}}
{"ts":1674175464439665472,"type":"point","name":"num-hops|cypress-provider|13","measures":{"value":4}}
{"ts":1674175464536415930,"type":"point","name":"time-to-find-last|done|cypress-provider|13","measures":{"value":1245166418}}
{"ts":1674175464571688013,"type":"point","name":"time-to-find|done|cypress-provider|13","measures":{"value":70908327867}}
{"ts":1674175464604944222,"type":"point","name":"peers-found|done|cypress-provider|13","measures":{"value":50}}
{"ts":1674175464632564347,"type":"point","name":"peers-missing|done|cypress-provider|13","measures":{"value":0}}
{"ts":1674175467432520500,"type":"point","name":"num-hops|cypress-provider|10","measures":{"value":1}}
{"ts":1674175467472388167,"type":"point","name":"time-to-find-last|done|cypress-provider|10","measures":{"value":1004368876}}
{"ts":1674175467491388584,"type":"point","name":"time-to-find|done|cypress-provider|10","measures":{"value":73817442075}}
{"ts":1674175467573972625,"type":"point","name":"peers-found|done|cypress-provider|10","measures":{"value":50}}
{"ts":1674175467645464084,"type":"point","name":"peers-missing|done|cypress-provider|10","measures":{"value":0}}
{"ts":1674175468263247709,"type":"point","name":"num-hops|cypress-provider|3","measures":{"value":2}}
{"ts":1674175468474796084,"type":"point","name":"time-to-find-last|done|cypress-provider|3","measures":{"value":1215330584}}
{"ts":1674175468540382126,"type":"point","name":"time-to-find|done|cypress-provider|3","measures":{"value":74868779409}}
{"ts":1674175468633874209,"type":"point","name":"peers-found|done|cypress-provider|3","measures":{"value":50}}
{"ts":1674175468384687792,"type":"point","name":"bandwidth-total-in|cypress-provider|21|27","measures":{"value":745395}}
{"ts":1674175468732603793,"type":"point","name":"bandwidth-total-out|cypress-provider|21|27","measures":{"value":775151}}
{"ts":1674175468834831418,"type":"point","name":"bandwidth-rate-in|cypress-provider|21|27","measures":{"value":9054.701095543684}}
{"ts":1674175468957512001,"type":"point","name":"bandwidth-rate-out|cypress-provider|21|27","measures":{"value":6170.46043639796}}
{"ts":1674175468694425918,"type":"point","name":"peers-missing|done|cypress-provider|3","measures":{"value":0}}
{"ts":1674175473041698878,"type":"point","name":"num-hops|cypress-provider|16","measures":{"value":3}}
{"ts":1674175473065612711,"type":"point","name":"time-to-find-last|done|cypress-provider|16","measures":{"value":1488846584}}
{"ts":1674175473127710461,"type":"point","name":"time-to-find|done|cypress-provider|16","measures":{"value":79453088828}}
{"ts":1674175473182575170,"type":"point","name":"peers-found|done|cypress-provider|16","measures":{"value":50}}
{"ts":1674175473227719670,"type":"point","name":"peers-missing|done|cypress-provider|16","measures":{"value":0}}
{"ts":1674175473387351670,"type":"point","name":"bandwidth-total-in|cypress-provider|21|28","measures":{"value":787134}}
{"ts":1674175473424385961,"type":"point","name":"bandwidth-total-out|cypress-provider|21|28","measures":{"value":800263}}
{"ts":1674175473504620628,"type":"point","name":"bandwidth-rate-in|cypress-provider|21|28","measures":{"value":8705.123164530176}}
{"ts":1674175473574699670,"type":"point","name":"bandwidth-rate-out|cypress-provider|21|28","measures":{"value":10358.673004533059}}
{"ts":1674175473729663712,"type":"point","name":"num-hops|cypress-provider|8","measures":{"value":3}}
{"ts":1674175473842337420,"type":"point","name":"time-to-find-last|done|cypress-provider|8","measures":{"value":6996876711}}
{"ts":1674175473883377378,"type":"point","name":"time-to-find|done|cypress-provider|8","measures":{"value":80209557995}}
{"ts":1674175473907696003,"type":"point","name":"peers-found|done|cypress-provider|8","measures":{"value":50}}
{"ts":1674175473944738712,"type":"point","name":"peers-missing|done|cypress-provider|8","measures":{"value":0}}
{"ts":1674175473916392045,"type":"point","name":"num-hops|cypress-provider|5","measures":{"value":3}}
{"ts":1674175473970665587,"type":"point","name":"time-to-find-last|done|cypress-provider|5","measures":{"value":2325539210}}
{"ts":1674175473989925128,"type":"point","name":"time-to-find|done|cypress-provider|5","measures":{"value":80316284495}}
{"ts":1674175474038277045,"type":"point","name":"peers-found|done|cypress-provider|5","measures":{"value":50}}
{"ts":1674175474114752628,"type":"point","name":"peers-missing|done|cypress-provider|5","measures":{"value":0}}
{"ts":1674175475050857754,"type":"point","name":"num-hops|cypress-provider|4","measures":{"value":3}}
{"ts":1674175475080594004,"type":"point","name":"time-to-find-last|done|cypress-provider|4","measures":{"value":3409381543}}
{"ts":1674175475146491671,"type":"point","name":"time-to-find|done|cypress-provider|4","measures":{"value":81474158454}}
{"ts":1674175475370012462,"type":"point","name":"num-hops|cypress-provider|14","measures":{"value":3}}
{"ts":1674175475443384004,"type":"point","name":"time-to-find-last|done|cypress-provider|14","measures":{"value":9414905671}}
{"ts":1674175475460907921,"type":"point","name":"time-to-find|done|cypress-provider|14","measures":{"value":81786427412}}
{"ts":1674175475493627754,"type":"point","name":"peers-found|done|cypress-provider|14","measures":{"value":50}}
{"ts":1674175475554700046,"type":"point","name":"peers-missing|done|cypress-provider|14","measures":{"value":0}}
{"ts":1674175475402389504,"type":"point","name":"peers-found|done|cypress-provider|4","measures":{"value":50}}
{"ts":1674175475636810879,"type":"point","name":"peers-missing|done|cypress-provider|4","measures":{"value":0}}
{"ts":1674175475828801504,"type":"point","name":"num-hops|cypress-provider|11","measures":{"value":4}}
{"ts":1674175475854795129,"type":"point","name":"time-to-find-last|done|cypress-provider|11","measures":{"value":1176422543}}
{"ts":1674175475890544588,"type":"point","name":"time-to-find|done|cypress-provider|11","measures":{"value":82216526330}}
{"ts":1674175475923648129,"type":"point","name":"peers-found|done|cypress-provider|11","measures":{"value":50}}
{"ts":1674175475952544421,"type":"point","name":"peers-missing|done|cypress-provider|11","measures":{"value":0}}
{"ts":1674175476049762713,"type":"point","name":"num-hops|cypress-provider|7","measures":{"value":3}}
{"ts":1674175476089324838,"type":"point","name":"time-to-find-last|done|cypress-provider|7","measures":{"value":26145578720}}
{"ts":1674175476114981088,"type":"point","name":"time-to-find|done|cypress-provider|7","measures":{"value":82441246204}}
{"ts":1674175476144576546,"type":"point","name":"peers-found|done|cypress-provider|7","measures":{"value":50}}
{"ts":1674175476174064046,"type":"point","name":"peers-missing|done|cypress-provider|7","measures":{"value":0}}
{"ts":1674175476225352421,"type":"point","name":"num-hops|cypress-provider|6","measures":{"value":3}}
{"ts":1674175476285661880,"type":"point","name":"time-to-find-last|done|cypress-provider|6","measures":{"value":18450696009}}
{"ts":1674175476298751130,"type":"point","name":"time-to-find|done|cypress-provider|6","measures":{"value":82625078663}}
{"ts":1674175476331486588,"type":"point","name":"peers-found|done|cypress-provider|6","measures":{"value":50}}
{"ts":1674175476352034130,"type":"point","name":"peers-missing|done|cypress-provider|6","measures":{"value":0}}
{"ts":1674175476383447505,"type":"point","name":"num-hops|cypress-provider|15","measures":{"value":3}}
{"ts":1674175476427063630,"type":"point","name":"time-to-find-last|done|cypress-provider|15","measures":{"value":9226842172}}
{"ts":1674175476446565338,"type":"point","name":"time-to-find|done|cypress-provider|15","measures":{"value":82772000913}}
{"ts":1674175476461043505,"type":"point","name":"peers-found|done|cypress-provider|15","measures":{"value":50}}
{"ts":1674175476488472713,"type":"point","name":"peers-missing|done|cypress-provider|15","measures":{"value":0}}
{"ts":1674175476593790630,"type":"point","name":"num-hops|cypress-provider|0","measures":{"value":2}}
{"ts":1674175476611202296,"type":"point","name":"time-to-find-last|done|cypress-provider|0","measures":{"value":826443417}}
{"ts":1674175476640709213,"type":"point","name":"time-to-find|done|cypress-provider|0","measures":{"value":82973108205}}
{"ts":1674175476680929838,"type":"point","name":"peers-found|done|cypress-provider|0","measures":{"value":50}}
{"ts":1674175476684793630,"type":"point","name":"peers-missing|done|cypress-provider|0","measures":{"value":0}}
{"ts":1674175476611334255,"type":"point","name":"num-hops|cypress-provider|12","measures":{"value":2}}
{"ts":1674175476727965546,"type":"point","name":"time-to-find-last|done|cypress-provider|12","measures":{"value":8525494421}}
{"ts":1674175476733492088,"type":"point","name":"time-to-find|done|cypress-provider|12","measures":{"value":83059192705}}
{"ts":1674175476792045505,"type":"point","name":"peers-found|done|cypress-provider|12","measures":{"value":50}}
{"ts":1674175476824232171,"type":"point","name":"peers-missing|done|cypress-provider|12","measures":{"value":0}}
{"ts":1674175477917297047,"type":"point","name":"num-hops|cypress-provider|2","measures":{"value":1}}
{"ts":1674175477938459089,"type":"point","name":"time-to-find-last|done|cypress-provider|2","measures":{"value":2333035877}}
{"ts":1674175477970805422,"type":"point","name":"time-to-find|done|cypress-provider|2","measures":{"value":84302077539}}
{"ts":1674175477993478964,"type":"point","name":"peers-found|done|cypress-provider|2","measures":{"value":50}}
{"ts":1674175478008770380,"type":"point","name":"peers-missing|done|cypress-provider|2","measures":{"value":0}}
{"ts":1674175478365740506,"type":"point","name":"bandwidth-total-in|cypress-provider|21|29","measures":{"value":833729}}
{"ts":1674175478429381797,"type":"point","name":"bandwidth-total-out|cypress-provider|21|29","measures":{"value":805214}}
{"ts":1674175478488008964,"type":"point","name":"bandwidth-rate-in|cypress-provider|21|29","measures":{"value":8115.789842846377}}
{"ts":1674175478514869631,"type":"point","name":"bandwidth-rate-out|cypress-provider|21|29","measures":{"value":594.0601025660108}}
{"ts":1674175478803353047,"type":"point","name":"num-hops|cypress-provider|19","measures":{"value":2}}
{"ts":1674175478825447297,"type":"point","name":"time-to-find-last|done|cypress-provider|19","measures":{"value":653153001}}
{"ts":1674175478888878047,"type":"point","name":"time-to-find|done|cypress-provider|19","measures":{"value":85222460831}}
{"ts":1674175478926392214,"type":"point","name":"peers-found|done|cypress-provider|19","measures":{"value":50}}
{"ts":1674175478991553964,"type":"point","name":"peers-missing|done|cypress-provider|19","measures":{"value":0}}
{"ts":1674175478991615339,"type":"point","name":"num-hops|cypress-provider|18","measures":{"value":3}}
{"ts":1674175479055732631,"type":"point","name":"time-to-find-last|done|cypress-provider|18","measures":{"value":65267740864}}
{"ts":1674175479087002714,"type":"point","name":"time-to-find|done|cypress-provider|18","measures":{"value":85412256664}}
{"ts":1674175479106967006,"type":"point","name":"peers-found|done|cypress-provider|18","measures":{"value":50}}
{"ts":1674175479179670839,"type":"point","name":"peers-missing|done|cypress-provider|18","measures":{"value":0}}
{"ts":1674175479770906923,"type":"point","name":"num-hops|cypress-provider|9","measures":{"value":2}}
{"ts":1674175479840439715,"type":"point","name":"time-to-find-last|done|cypress-provider|9","measures":{"value":53299815025}}
{"ts":1674175479862622090,"type":"point","name":"time-to-find|done|cypress-provider|9","measures":{"value":86188732040}}
{"ts":1674175479898773381,"type":"point","name":"peers-found|done|cypress-provider|9","measures":{"value":50}}
{"ts":1674175479933918965,"type":"point","name":"peers-missing|done|cypress-provider|9","measures":{"value":0}}
{"ts":1674175480610143673,"type":"point","name":"num-hops|cypress-provider|17","measures":{"value":1}}
{"ts":1674175480646924298,"type":"point","name":"time-to-find-last|done|cypress-provider|17","measures":{"value":13229891089}}
{"ts":1674175480655446007,"type":"point","name":"time-to-find|done|cypress-provider|17","measures":{"value":86980770248}}
{"ts":1674175480679287507,"type":"point","name":"peers-found|done|cypress-provider|17","measures":{"value":50}}
{"ts":1674175480719615632,"type":"point","name":"peers-missing|done|cypress-provider|17","measures":{"value":0}}
{"ts":1674175480808756048,"type":"point","name":"signal provider-records2","measures":{"value":27080416}}
{"ts":1674175483366449966,"type":"point","name":"bandwidth-total-in|cypress-provider|21|30","measures":{"value":836839}}
{"ts":1674175483371436008,"type":"point","name":"bandwidth-total-out|cypress-provider|21|30","measures":{"value":805255}}
{"ts":1674175483395546050,"type":"point","name":"bandwidth-rate-in|cypress-provider|21|30","measures":{"value":90.72151267847711}}
{"ts":1674175483400799050,"type":"point","name":"bandwidth-rate-out|cypress-provider|21|30","measures":{"value":4.477841236270429}}
{"ts":1674175483521771508,"type":"point","name":"barrierprovider-records2","measures":{"value":2654132709}}
{"ts":1674175483666577383,"type":"point","name":"full provider-records2","measures":{"value":90000301333}}
{"ts":1674175488375791469,"type":"point","name":"bandwidth-total-in|cypress-provider|21|31","measures":{"value":836839}}
{"ts":1674175488390933469,"type":"point","name":"bandwidth-total-out|cypress-provider|21|31","measures":{"value":805255}}
{"ts":1674175488403874885,"type":"point","name":"bandwidth-rate-in|cypress-provider|21|31","measures":{"value":0.6112767441044391}}
{"ts":1674175488406658594,"type":"point","name":"bandwidth-rate-out|cypress-provider|21|31","measures":{"value":0.03017145692030949}}
{"ts":1674175493474367179,"type":"point","name":"bandwidth-total-in|cypress-provider|21|32","measures":{"value":836839}}
{"ts":1674175493486907221,"type":"point","name":"bandwidth-total-out|cypress-provider|21|32","measures":{"value":805255}}
{"ts":1674175493493414263,"type":"point","name":"bandwidth-rate-in|cypress-provider|21|32","measures":{"value":0.0041187503035492404}}
{"ts":1674175493496534429,"type":"point","name":"bandwidth-rate-out|cypress-provider|21|32","measures":{"value":0.00020329367761423583}}
{"ts":1674175498402622834,"type":"point","name":"bandwidth-total-in|cypress-provider|21|33","measures":{"value":836839}}
{"ts":1674175498405516126,"type":"point","name":"bandwidth-total-out|cypress-provider|21|33","measures":{"value":805255}}
{"ts":1674175498407420501,"type":"point","name":"bandwidth-rate-in|cypress-provider|21|33","measures":{"value":0.000027751921247781964}}
{"ts":1674175498411763334,"type":"point","name":"bandwidth-rate-out|cypress-provider|21|33","measures":{"value":0.0000013697820250138891}}
