{"ts":1676846304966753509,"type":"point","name":"bandwidth-total-in|cypress-provider|21|0","measures":{"value":141220}}
{"ts":1676846304970859050,"type":"point","name":"bandwidth-total-out|cypress-provider|21|0","measures":{"value":181560}}
{"ts":1676846304974317342,"type":"point","name":"bandwidth-rate-in|cypress-provider|21|0","measures":{"value":0.0013625029342024689}}
{"ts":1676846304976769634,"type":"point","name":"bandwidth-rate-out|cypress-provider|21|0","measures":{"value":0.0028649168404774536}}
{"ts":1676846319357084876,"type":"point","name":"signal bootstrapping0","measures":{"value":19645875}}
{"ts":1676846319453059918,"type":"point","name":"barrierbootstrapping0","measures":{"value":91321084}}
{"ts":1676846319482364418,"type":"point","name":"full bootstrapping0","measures":{"value":34303188223}}
{"ts":1676846324971084045,"type":"point","name":"bandwidth-total-in|cypress-provider|21|1","measures":{"value":488764}}
{"ts":1676846324991187504,"type":"point","name":"bandwidth-total-out|cypress-provider|21|1","measures":{"value":443861}}
{"ts":1676846324994448837,"type":"point","name":"bandwidth-rate-in|cypress-provider|21|1","measures":{"value":36453.906241063385}}
{"ts":1676846325007651837,"type":"point","name":"bandwidth-rate-out|cypress-provider|21|1","measures":{"value":31237.763572972446}}
{"ts":1676846333904720133,"type":"point","name":"time-to-provide-3","measures":{"value":13707437006}}
{"ts":1676846334414297342,"type":"point","name":"time-to-provide-4","measures":{"value":14219003590}}
{"ts":1676846335074757384,"type":"point","name":"time-to-provide-9","measures":{"value":14875789674}}
{"ts":1676846335102102592,"type":"point","name":"time-to-provide-5","measures":{"value":14903376841}}
{"ts":1676846335122449967,"type":"point","name":"time-to-provide-7","measures":{"value":14923700299}}
{"ts":1676846335153346384,"type":"point","name":"time-to-provide-10","measures":{"value":14954510591}}
{"ts":1676846335215754467,"type":"point","name":"time-to-provide-0","measures":{"value":15020164715}}
{"ts":1676846335232025467,"type":"point","name":"time-to-provide-12","measures":{"value":15033158507}}
{"ts":1676846335245386759,"type":"point","name":"time-to-provide-16","measures":{"value":15046488758}}
{"ts":1676846335283480592,"type":"point","name":"time-to-provide-8","measures":{"value":15084555924}}
{"ts":1676846335346569884,"type":"point","name":"time-to-provide-18","measures":{"value":15147615882}}
{"ts":1676846335371171592,"type":"point","name":"time-to-provide-1","measures":{"value":15174474299}}
{"ts":1676846335408052717,"type":"point","name":"time-to-provide-17","measures":{"value":15209107549}}
{"ts":1676846335564136092,"type":"point","name":"time-to-provide-6","measures":{"value":15366557466}}
{"ts":1676846335867214676,"type":"point","name":"time-to-provide-2","measures":{"value":15670255008}}
{"ts":1676846336071590134,"type":"point","name":"time-to-provide-11","measures":{"value":15872744591}}
{"ts":1676846336118480259,"type":"point","name":"time-to-provide-15","measures":{"value":15919570799}}
{"ts":1676846336305612093,"type":"point","name":"time-to-provide-14","measures":{"value":16106798342}}
{"ts":1676846336443522343,"type":"point","name":"time-to-provide-19","measures":{"value":16246267008}}
{"ts":1676846336498985634,"type":"point","name":"time-to-provide-13","measures":{"value":16300097300}}
{"ts":1676846336547742593,"type":"point","name":"signal provider-records1","measures":{"value":41169375}}
{"ts":1676846337880885927,"type":"point","name":"barrierprovider-records1","measures":{"value":1323560834}}
{"ts":1676846337949149760,"type":"point","name":"full provider-records1","measures":{"value":17846159467}}
{"ts":1676846338748581802,"type":"point","name":"time-to-find-first|cypress-provider|19","measures":{"value":246417}}
{"ts":1676846338749078885,"type":"point","name":"time-to-find-first|cypress-provider|11","measures":{"value":35584}}
{"ts":1676846338749287510,"type":"point","name":"time-to-find-first|cypress-provider|0","measures":{"value":172083}}
{"ts":1676846338749463885,"type":"point","name":"time-to-find-first|cypress-provider|1","measures":{"value":140417}}
{"ts":1676846338752632177,"type":"point","name":"time-to-find-first|cypress-provider|2","measures":{"value":3132209}}
{"ts":1676846338756456844,"type":"point","name":"time-to-find-first|cypress-provider|4","measures":{"value":5799625}}
{"ts":1676846338756479010,"type":"point","name":"time-to-find-first|cypress-provider|3","measures":{"value":6729917}}
{"ts":1676846338756647594,"type":"point","name":"time-to-find-first|cypress-provider|13","measures":{"value":6156625}}
{"ts":1676846338757427552,"type":"point","name":"time-to-find-first|cypress-provider|17","measures":{"value":6832375}}
{"ts":1676846338757439594,"type":"point","name":"time-to-find-first|cypress-provider|16","measures":{"value":6835375}}
{"ts":1676846338757587260,"type":"point","name":"time-to-find-first|cypress-provider|5","measures":{"value":6284584}}
{"ts":1676846338758295385,"type":"point","name":"time-to-find-first|cypress-provider|7","measures":{"value":6929708}}
{"ts":1676846338758373802,"type":"point","name":"time-to-find-first|cypress-provider|18","measures":{"value":7732541}}
{"ts":1676846338758483927,"type":"point","name":"time-to-find-first|cypress-provider|8","measures":{"value":7100250}}
{"ts":1676846338758652177,"type":"point","name":"time-to-find-first|cypress-provider|10","measures":{"value":7204250}}
{"ts":1676846338758658969,"type":"point","name":"time-to-find-first|cypress-provider|12","measures":{"value":8224334}}
{"ts":1676846338759081635,"type":"point","name":"time-to-find-first|cypress-provider|9","measures":{"value":7659792}}
{"ts":1676846338764263344,"type":"point","name":"time-to-find-first|cypress-provider|6","measures":{"value":12932958}}
{"ts":1676846338764529927,"type":"point","name":"time-to-find-first|cypress-provider|14","measures":{"value":14013167}}
{"ts":1676846338765051885,"type":"point","name":"time-to-find-first|cypress-provider|15","measures":{"value":14506084}}
{"ts":1676846344964921972,"type":"point","name":"bandwidth-total-in|cypress-provider|21|2","measures":{"value":1687169}}
{"ts":1676846344984485847,"type":"point","name":"bandwidth-total-out|cypress-provider|21|2","measures":{"value":1452075}}
{"ts":1676846344999258305,"type":"point","name":"bandwidth-rate-in|cypress-provider|21|2","measures":{"value":44156.01698273523}}
{"ts":1676846345006285680,"type":"point","name":"bandwidth-rate-out|cypress-provider|21|2","measures":{"value":17506.498672070054}}
{"ts":1676846356438480588,"type":"point","name":"num-hops|cypress-provider|1","measures":{"value":2}}
{"ts":1676846356448043463,"type":"point","name":"time-to-find-last|done|cypress-provider|1","measures":{"value":312002042}}
{"ts":1676846356462069921,"type":"point","name":"time-to-find|done|cypress-provider|1","measures":{"value":17712883342}}
{"ts":1676846356479107379,"type":"point","name":"peers-found|done|cypress-provider|1","measures":{"value":40}}
{"ts":1676846356496431880,"type":"point","name":"peers-missing|done|cypress-provider|1","measures":{"value":0}}
{"ts":1676846357319537713,"type":"point","name":"num-hops|cypress-provider|2","measures":{"value":1}}
{"ts":1676846357329255005,"type":"point","name":"time-to-find-last|done|cypress-provider|2","measures":{"value":311825667}}
{"ts":1676846357342747047,"type":"point","name":"time-to-find|done|cypress-provider|2","measures":{"value":18593385717}}
{"ts":1676846357361938297,"type":"point","name":"peers-found|done|cypress-provider|2","measures":{"value":40}}
{"ts":1676846357380958755,"type":"point","name":"peers-missing|done|cypress-provider|2","measures":{"value":0}}
{"ts":1676846357362102505,"type":"point","name":"num-hops|cypress-provider|15","measures":{"value":1}}
{"ts":1676846357392279255,"type":"point","name":"time-to-find-last|done|cypress-provider|15","measures":{"value":931101626}}
{"ts":1676846357381309380,"type":"point","name":"num-hops|cypress-provider|6","measures":{"value":1}}
{"ts":1676846357420511297,"type":"point","name":"time-to-find-last|done|cypress-provider|6","measures":{"value":895189542}}
{"ts":1676846357443499672,"type":"point","name":"time-to-find|done|cypress-provider|6","measures":{"value":18692308009}}
{"ts":1676846357471590172,"type":"point","name":"peers-found|done|cypress-provider|6","measures":{"value":40}}
{"ts":1676846357479771588,"type":"point","name":"peers-missing|done|cypress-provider|6","measures":{"value":0}}
{"ts":1676846357408465713,"type":"point","name":"time-to-find|done|cypress-provider|15","measures":{"value":18658058134}}
{"ts":1676846357504947172,"type":"point","name":"peers-found|done|cypress-provider|15","measures":{"value":40}}
{"ts":1676846357509809047,"type":"point","name":"peers-missing|done|cypress-provider|15","measures":{"value":0}}
{"ts":1676846357329446213,"type":"point","name":"num-hops|cypress-provider|14","measures":{"value":2}}
{"ts":1676846357521013338,"type":"point","name":"time-to-find-last|done|cypress-provider|14","measures":{"value":915036709}}
{"ts":1676846357530097630,"type":"point","name":"time-to-find|done|cypress-provider|14","measures":{"value":18779718634}}
{"ts":1676846357570611755,"type":"point","name":"num-hops|cypress-provider|4","measures":{"value":2}}
{"ts":1676846357577191963,"type":"point","name":"time-to-find-last|done|cypress-provider|4","measures":{"value":340513084}}
{"ts":1676846357593098755,"type":"point","name":"time-to-find|done|cypress-provider|4","measures":{"value":18842580842}}
{"ts":1676846357598997005,"type":"point","name":"peers-found|done|cypress-provider|4","measures":{"value":40}}
{"ts":1676846357614926963,"type":"point","name":"peers-missing|done|cypress-provider|4","measures":{"value":0}}
{"ts":1676846357449197588,"type":"point","name":"num-hops|cypress-provider|8","measures":{"value":1}}
{"ts":1676846357402447130,"type":"point","name":"num-hops|cypress-provider|9","measures":{"value":1}}
{"ts":1676846357646441588,"type":"point","name":"time-to-find-last|done|cypress-provider|9","measures":{"value":856775959}}
{"ts":1676846357659361255,"type":"point","name":"time-to-find|done|cypress-provider|9","measures":{"value":18908077467}}
{"ts":1676846357666788713,"type":"point","name":"peers-found|done|cypress-provider|9","measures":{"value":40}}
{"ts":1676846357681610797,"type":"point","name":"peers-missing|done|cypress-provider|9","measures":{"value":0}}
{"ts":1676846357578419047,"type":"point","name":"num-hops|cypress-provider|13","measures":{"value":2}}
{"ts":1676846357705429047,"type":"point","name":"time-to-find-last|done|cypress-provider|13","measures":{"value":404179125}}
{"ts":1676846357721437505,"type":"point","name":"time-to-find|done|cypress-provider|13","measures":{"value":18971084467}}
{"ts":1676846357742480588,"type":"point","name":"peers-found|done|cypress-provider|13","measures":{"value":40}}
{"ts":1676846357766694797,"type":"point","name":"peers-missing|done|cypress-provider|13","measures":{"value":0}}
{"ts":1676846357424002297,"type":"point","name":"num-hops|cypress-provider|18","measures":{"value":1}}
{"ts":1676846357787560755,"type":"point","name":"time-to-find-last|done|cypress-provider|18","measures":{"value":757978708}}
{"ts":1676846357797137130,"type":"point","name":"time-to-find|done|cypress-provider|18","measures":{"value":19046634008}}
{"ts":1676846357807527130,"type":"point","name":"peers-found|done|cypress-provider|18","measures":{"value":40}}
{"ts":1676846357823112672,"type":"point","name":"peers-missing|done|cypress-provider|18","measures":{"value":0}}
{"ts":1676846357535409672,"type":"point","name":"num-hops|cypress-provider|3","measures":{"value":2}}
{"ts":1676846357843849088,"type":"point","name":"time-to-find-last|done|cypress-provider|3","measures":{"value":408673001}}
{"ts":1676846357850587088,"type":"point","name":"time-to-find|done|cypress-provider|3","measures":{"value":19100976509}}
{"ts":1676846357483960380,"type":"point","name":"num-hops|cypress-provider|19","measures":{"value":2}}
{"ts":1676846357876451922,"type":"point","name":"time-to-find-last|done|cypress-provider|19","measures":{"value":16857125}}
{"ts":1676846357884218338,"type":"point","name":"time-to-find|done|cypress-provider|19","measures":{"value":19136020676}}
{"ts":1676846357907755589,"type":"point","name":"peers-found|done|cypress-provider|19","measures":{"value":40}}
{"ts":1676846357922288797,"type":"point","name":"peers-missing|done|cypress-provider|19","measures":{"value":0}}
{"ts":1676846357618180213,"type":"point","name":"num-hops|cypress-provider|5","measures":{"value":2}}
{"ts":1676846357955096839,"type":"point","name":"time-to-find-last|done|cypress-provider|5","measures":{"value":678336709}}
{"ts":1676846357963984464,"type":"point","name":"time-to-find|done|cypress-provider|5","measures":{"value":19212819759}}
{"ts":1676846357976162297,"type":"point","name":"peers-found|done|cypress-provider|5","measures":{"value":40}}
{"ts":1676846357996119672,"type":"point","name":"peers-missing|done|cypress-provider|5","measures":{"value":0}}
{"ts":1676846357409994588,"type":"point","name":"num-hops|cypress-provider|12","measures":{"value":1}}
{"ts":1676846358024351797,"type":"point","name":"time-to-find-last|done|cypress-provider|12","measures":{"value":847788126}}
{"ts":1676846358030112839,"type":"point","name":"time-to-find|done|cypress-provider|12","measures":{"value":19279815843}}
{"ts":1676846358038937922,"type":"point","name":"peers-found|done|cypress-provider|12","measures":{"value":40}}
{"ts":1676846358060010839,"type":"point","name":"peers-missing|done|cypress-provider|12","measures":{"value":0}}
{"ts":1676846357612616380,"type":"point","name":"num-hops|cypress-provider|16","measures":{"value":2}}
{"ts":1676846358076062380,"type":"point","name":"time-to-find-last|done|cypress-provider|16","measures":{"value":555367875}}
{"ts":1676846358095318797,"type":"point","name":"time-to-find|done|cypress-provider|16","measures":{"value":19344852217}}
{"ts":1676846358132000130,"type":"point","name":"peers-found|done|cypress-provider|16","measures":{"value":40}}
{"ts":1676846358135273797,"type":"point","name":"peers-missing|done|cypress-provider|16","measures":{"value":0}}
{"ts":1676846357866057797,"type":"point","name":"peers-found|done|cypress-provider|3","measures":{"value":40}}
{"ts":1676846358165492839,"type":"point","name":"peers-missing|done|cypress-provider|3","measures":{"value":0}}
{"ts":1676846357599129963,"type":"point","name":"num-hops|cypress-provider|17","measures":{"value":2}}
{"ts":1676846358186025089,"type":"point","name":"time-to-find-last|done|cypress-provider|17","measures":{"value":478039709}}
{"ts":1676846358205465255,"type":"point","name":"time-to-find|done|cypress-provider|17","measures":{"value":19455008343}}
{"ts":1676846358218934964,"type":"point","name":"peers-found|done|cypress-provider|17","measures":{"value":40}}
{"ts":1676846358232557755,"type":"point","name":"peers-missing|done|cypress-provider|17","measures":{"value":0}}
{"ts":1676846357571898172,"type":"point","name":"peers-found|done|cypress-provider|14","measures":{"value":40}}
{"ts":1676846358252577255,"type":"point","name":"peers-missing|done|cypress-provider|14","measures":{"value":0}}
{"ts":1676846357507569338,"type":"point","name":"num-hops|cypress-provider|11","measures":{"value":1}}
{"ts":1676846358286869422,"type":"point","name":"time-to-find-last|done|cypress-provider|11","measures":{"value":163236209}}
{"ts":1676846358297390922,"type":"point","name":"time-to-find|done|cypress-provider|11","measures":{"value":19548485051}}
{"ts":1676846358308992464,"type":"point","name":"peers-found|done|cypress-provider|11","measures":{"value":40}}
{"ts":1676846358321013422,"type":"point","name":"peers-missing|done|cypress-provider|11","measures":{"value":0}}
{"ts":1676846357626136255,"type":"point","name":"num-hops|cypress-provider|0","measures":{"value":1}}
{"ts":1676846358342878964,"type":"point","name":"time-to-find-last|done|cypress-provider|0","measures":{"value":300410917}}
{"ts":1676846358347071797,"type":"point","name":"time-to-find|done|cypress-provider|0","measures":{"value":19598094509}}
{"ts":1676846358359085672,"type":"point","name":"peers-found|done|cypress-provider|0","measures":{"value":40}}
{"ts":1676846358368872714,"type":"point","name":"peers-missing|done|cypress-provider|0","measures":{"value":0}}
{"ts":1676846357640068505,"type":"point","name":"num-hops|cypress-provider|10","measures":{"value":1}}
{"ts":1676846358393426922,"type":"point","name":"time-to-find-last|done|cypress-provider|10","measures":{"value":804277042}}
{"ts":1676846357635675213,"type":"point","name":"time-to-find-last|done|cypress-provider|8","measures":{"value":779751167}}
{"ts":1676846358416204380,"type":"point","name":"time-to-find|done|cypress-provider|8","measures":{"value":19664958592}}
{"ts":1676846358428515380,"type":"point","name":"peers-found|done|cypress-provider|8","measures":{"value":40}}
{"ts":1676846358434104964,"type":"point","name":"peers-missing|done|cypress-provider|8","measures":{"value":0}}
{"ts":1676846358404095797,"type":"point","name":"time-to-find|done|cypress-provider|10","measures":{"value":19652785259}}
{"ts":1676846358453009839,"type":"point","name":"peers-found|done|cypress-provider|10","measures":{"value":40}}
{"ts":1676846358462112880,"type":"point","name":"peers-missing|done|cypress-provider|10","measures":{"value":0}}
{"ts":1676846357386329838,"type":"point","name":"num-hops|cypress-provider|7","measures":{"value":1}}
{"ts":1676846358482704922,"type":"point","name":"time-to-find-last|done|cypress-provider|7","measures":{"value":711646250}}
{"ts":1676846358496118714,"type":"point","name":"time-to-find|done|cypress-provider|7","measures":{"value":19744892175}}
{"ts":1676846358503435547,"type":"point","name":"peers-found|done|cypress-provider|7","measures":{"value":40}}
{"ts":1676846358517431464,"type":"point","name":"peers-missing|done|cypress-provider|7","measures":{"value":0}}
{"ts":1676846358556700380,"type":"point","name":"signal provider-records2","measures":{"value":26425583}}
{"ts":1676846360006751715,"type":"point","name":"barrierprovider-records2","measures":{"value":1444202876}}
{"ts":1676846360057218465,"type":"point","name":"full provider-records2","measures":{"value":21309114551}}
