{"ts":1673911858482920009,"type":"gauge","name":"runtime.MemStats.NextGC","measures":{"value":38778848}}
{"ts":1673911858489769259,"type":"gauge","name":"runtime.NumGoroutine","measures":{"value":16}}
{"ts":1673911858494736550,"type":"gauge","name":"runtime.MemStats.MSpanSys","measures":{"value":505920}}
{"ts":1673911858497073259,"type":"gauge","name":"runtime.MemStats.NumGC","measures":{"value":3}}
{"ts":1673911858499109925,"type":"gauge","name":"runtime.MemStats.TotalAlloc","measures":{"value":32865120}}
{"ts":1673911858512937259,"type":"gauge","name":"runtime.MemStats.HeapIdle","measures":{"value":8339456}}
{"ts":1673911858563732925,"type":"gauge","name":"runtime.MemStats.HeapInuse","measures":{"value":27869184}}
{"ts":1673911858569275342,"type":"gauge","name":"runtime.MemStats.Lookups","measures":{"value":0}}
{"ts":1673911858572086009,"type":"histogram","name":"runtime.MemStats.PauseNs","measures":{"count":3,"max":15346916,"mean":6848055,"min":80875,"p50":5116374,"p75":15346916,"p95":15346916,"p99":15346916,"p999":15346916,"p9999":15346916,"stddev":6351484.932294232,"variance":40341360845160.664}}
{"ts":1673911858577024134,"type":"gauge","name":"runtime.MemStats.Frees","measures":{"value":253862}}
{"ts":1673911858589865467,"type":"gauge","name":"runtime.MemStats.Mallocs","measures":{"value":883331}}
{"ts":1673911858593907134,"type":"gauge","name":"runtime.MemStats.MCacheInuse","measures":{"value":6000}}
{"ts":1673911858599643050,"type":"gauge","name":"runtime.MemStats.HeapObjects","measures":{"value":629469}}
{"ts":1673911858603765842,"type":"gauge","name":"runtime.MemStats.GCCPUFraction","measures":{"value":0.04457846431069805}}
{"ts":1673911858612883884,"type":"gauge","name":"runtime.MemStats.MCacheSys","measures":{"value":15600}}
{"ts":1673911858619256342,"type":"gauge","name":"runtime.NumCgoCall","measures":{"value":1}}
{"ts":1673911858629917425,"type":"gauge","name":"runtime.NumThread","measures":{"value":10}}
{"ts":1673911858639101550,"type":"gauge","name":"runtime.MemStats.BuckHashSys","measures":{"value":1494228}}
{"ts":1673911858641355634,"type":"gauge","name":"runtime.MemStats.HeapSys","measures":{"value":36208640}}
{"ts":1673911858643915842,"type":"gauge","name":"runtime.MemStats.LastGC","measures":{"value":1673911854694810000}}
{"ts":1673911858646779217,"type":"timer","name":"runtime.ReadMemStats","measures":{"count":1,"m1":0,"m15":0,"m5":0,"max":122000,"mean":122000,"meanrate":0.1994492192259544,"min":122000,"p50":122000,"p75":122000,"p95":122000,"p99":122000,"p999":122000,"p9999":122000,"stddev":0,"variance":0}}
{"ts":1673911858652289425,"type":"gauge","name":"runtime.MemStats.DebugGC","measures":{"value":0}}
{"ts":1673911858665878342,"type":"gauge","name":"runtime.MemStats.EnableGC","measures":{"value":1}}
{"ts":1673911858676429509,"type":"gauge","name":"runtime.MemStats.Sys","measures":{"value":45839624}}
{"ts":1673911858685981842,"type":"gauge","name":"runtime.MemStats.Alloc","measures":{"value":26211392}}
{"ts":1673911858695438842,"type":"gauge","name":"runtime.MemStats.PauseTotalNs","measures":{"value":20544165}}
{"ts":1673911858709134634,"type":"gauge","name":"runtime.MemStats.StackInuse","measures":{"value":1540096}}
{"ts":1673911858717758717,"type":"gauge","name":"runtime.MemStats.StackSys","measures":{"value":1540096}}
{"ts":1673911858721295175,"type":"gauge","name":"runtime.MemStats.HeapAlloc","measures":{"value":26211392}}
{"ts":1673911858734896425,"type":"gauge","name":"runtime.MemStats.HeapReleased","measures":{"value":4448256}}
{"ts":1673911858741001925,"type":"gauge","name":"runtime.MemStats.MSpanInuse","measures":{"value":501160}}
{"ts":1673911863482889428,"type":"gauge","name":"runtime.MemStats.Frees","measures":{"value":315}}
{"ts":1673911863486926428,"type":"gauge","name":"runtime.MemStats.Mallocs","measures":{"value":3849}}
{"ts":1673911863488361136,"type":"gauge","name":"runtime.MemStats.MCacheInuse","measures":{"value":6000}}
{"ts":1673911863492942678,"type":"histogram","name":"runtime.MemStats.PauseNs","measures":{"count":3,"max":15346916,"mean":6848055,"min":80875,"p50":5116374,"p75":15346916,"p95":15346916,"p99":15346916,"p999":15346916,"p9999":15346916,"stddev":6351484.932294232,"variance":40341360845160.664}}
{"ts":1673911863504014219,"type":"gauge","name":"runtime.MemStats.HeapObjects","measures":{"value":633003}}
{"ts":1673911863508357261,"type":"gauge","name":"runtime.MemStats.GCCPUFraction","measures":{"value":0.04457846431069805}}
{"ts":1673911863513151136,"type":"gauge","name":"runtime.NumThread","measures":{"value":10}}
{"ts":1673911863522111094,"type":"gauge","name":"runtime.MemStats.BuckHashSys","measures":{"value":1494228}}
{"ts":1673911863524905386,"type":"gauge","name":"runtime.MemStats.HeapSys","measures":{"value":34930688}}
{"ts":1673911863527674261,"type":"gauge","name":"runtime.MemStats.LastGC","measures":{"value":1673911854694810000}}
{"ts":1673911863530887219,"type":"gauge","name":"runtime.MemStats.MCacheSys","measures":{"value":15600}}
{"ts":1673911863534039428,"type":"gauge","name":"runtime.NumCgoCall","measures":{"value":0}}
{"ts":1673911863538958678,"type":"gauge","name":"runtime.MemStats.DebugGC","measures":{"value":0}}
{"ts":1673911863541779136,"type":"gauge","name":"runtime.MemStats.EnableGC","measures":{"value":1}}
{"ts":1673911863545126011,"type":"gauge","name":"runtime.MemStats.Sys","measures":{"value":46101768}}
{"ts":1673911863549933178,"type":"timer","name":"runtime.ReadMemStats","measures":{"count":2,"m1":0.015991117074135343,"m15":0.0011080303990206543,"m5":0.0033057092356765017,"max":179084,"mean":150542,"meanrate":0.19972481322051783,"min":122000,"p50":150542,"p75":179084,"p95":179084,"p99":179084,"p999":179084,"p9999":179084,"stddev":28542,"variance":814645764}}
{"ts":1673911863552972969,"type":"gauge","name":"runtime.MemStats.Alloc","measures":{"value":26524408}}
{"ts":1673911863556031928,"type":"gauge","name":"runtime.MemStats.StackSys","measures":{"value":2818048}}
{"ts":1673911863557367678,"type":"gauge","name":"runtime.MemStats.HeapAlloc","measures":{"value":26524408}}
{"ts":1673911863560029386,"type":"gauge","name":"runtime.MemStats.HeapReleased","measures":{"value":4161536}}
{"ts":1673911863562285761,"type":"gauge","name":"runtime.MemStats.MSpanInuse","measures":{"value":501160}}
{"ts":1673911863564951761,"type":"gauge","name":"runtime.MemStats.PauseTotalNs","measures":{"value":20544165}}
{"ts":1673911863569182428,"type":"gauge","name":"runtime.MemStats.StackInuse","measures":{"value":2818048}}
{"ts":1673911863571792178,"type":"gauge","name":"runtime.MemStats.NextGC","measures":{"value":38778848}}
{"ts":1673911863575032386,"type":"gauge","name":"runtime.NumGoroutine","measures":{"value":19}}
{"ts":1673911863577011844,"type":"gauge","name":"runtime.MemStats.TotalAlloc","measures":{"value":33178136}}
{"ts":1673911863581977636,"type":"gauge","name":"runtime.MemStats.HeapIdle","measures":{"value":6782976}}
{"ts":1673911863586049428,"type":"gauge","name":"runtime.MemStats.HeapInuse","measures":{"value":28147712}}
{"ts":1673911863593111011,"type":"gauge","name":"runtime.MemStats.Lookups","measures":{"value":0}}
{"ts":1673911863600138386,"type":"gauge","name":"runtime.MemStats.MSpanSys","measures":{"value":505920}}
{"ts":1673911863607425844,"type":"gauge","name":"runtime.MemStats.NumGC","measures":{"value":0}}
{"ts":1673911868486419347,"type":"gauge","name":"runtime.MemStats.MSpanInuse","measures":{"value":535976}}
{"ts":1673911868493027388,"type":"gauge","name":"runtime.MemStats.PauseTotalNs","measures":{"value":20544165}}
{"ts":1673911868501031055,"type":"gauge","name":"runtime.MemStats.StackInuse","measures":{"value":11272192}}
{"ts":1673911868512252430,"type":"gauge","name":"runtime.MemStats.StackSys","measures":{"value":11272192}}
{"ts":1673911868522251555,"type":"gauge","name":"runtime.MemStats.HeapAlloc","measures":{"value":29075056}}
{"ts":1673911868529637388,"type":"gauge","name":"runtime.MemStats.HeapReleased","measures":{"value":3547136}}
{"ts":1673911868532774930,"type":"gauge","name":"runtime.MemStats.NextGC","measures":{"value":38778848}}
{"ts":1673911868536715430,"type":"gauge","name":"runtime.NumGoroutine","measures":{"value":114}}
{"ts":1673911868552368930,"type":"gauge","name":"runtime.MemStats.Lookups","measures":{"value":0}}
{"ts":1673911868558064722,"type":"gauge","name":"runtime.MemStats.MSpanSys","measures":{"value":538560}}
{"ts":1673911868563146597,"type":"gauge","name":"runtime.MemStats.NumGC","measures":{"value":0}}
{"ts":1673911868565140055,"type":"gauge","name":"runtime.MemStats.TotalAlloc","measures":{"value":35728784}}
{"ts":1673911868567438138,"type":"gauge","name":"runtime.MemStats.HeapIdle","measures":{"value":3710976}}
{"ts":1673911868573103513,"type":"gauge","name":"runtime.MemStats.HeapInuse","measures":{"value":31154176}}
{"ts":1673911868588090430,"type":"gauge","name":"runtime.MemStats.MCacheInuse","measures":{"value":6000}}
{"ts":1673911868591901930,"type":"histogram","name":"runtime.MemStats.PauseNs","measures":{"count":3,"max":15346916,"mean":6848055,"min":80875,"p50":5116374,"p75":15346916,"p95":15346916,"p99":15346916,"p999":15346916,"p9999":15346916,"stddev":6351484.932294232,"variance":40341360845160.664}}
{"ts":1673911868597036805,"type":"gauge","name":"runtime.MemStats.Frees","measures":{"value":2220}}
{"ts":1673911868599060139,"type":"gauge","name":"runtime.MemStats.Mallocs","measures":{"value":28176}}
{"ts":1673911868601047472,"type":"gauge","name":"runtime.MemStats.HeapObjects","measures":{"value":658959}}
{"ts":1673911868603154930,"type":"gauge","name":"runtime.MemStats.GCCPUFraction","measures":{"value":0.04457846431069805}}
{"ts":1673911868607884180,"type":"gauge","name":"runtime.MemStats.LastGC","measures":{"value":1673911854694810000}}
{"ts":1673911868611056264,"type":"gauge","name":"runtime.MemStats.MCacheSys","measures":{"value":15600}}
{"ts":1673911868615193347,"type":"gauge","name":"runtime.NumCgoCall","measures":{"value":0}}
{"ts":1673911868629699805,"type":"gauge","name":"runtime.NumThread","measures":{"value":11}}
{"ts":1673911868632221097,"type":"gauge","name":"runtime.MemStats.BuckHashSys","measures":{"value":1494980}}
{"ts":1673911868634232055,"type":"gauge","name":"runtime.MemStats.HeapSys","measures":{"value":34865152}}
{"ts":1673911868636263180,"type":"gauge","name":"runtime.MemStats.Sys","measures":{"value":54555912}}
{"ts":1673911868637035014,"type":"timer","name":"runtime.ReadMemStats","measures":{"count":3,"m1":0.030703655021877167,"m15":0.002209922141215539,"m5":0.0065567799035988195,"max":1374750,"mean":558611.3333333334,"meanrate":0.19976929743901697,"min":122000,"p50":179084,"p75":1374750,"p95":1374750,"p99":1374750,"p999":1374750,"p9999":1374750,"stddev":577567.5361290852,"variance":333584258790.2222}}
{"ts":1673911868645977680,"type":"gauge","name":"runtime.MemStats.DebugGC","measures":{"value":0}}
{"ts":1673911868649027055,"type":"gauge","name":"runtime.MemStats.EnableGC","measures":{"value":1}}
{"ts":1673911868651110222,"type":"gauge","name":"runtime.MemStats.Alloc","measures":{"value":29075056}}
{"ts":1673911873486034335,"type":"gauge","name":"runtime.MemStats.HeapObjects","measures":{"value":717203}}
{"ts":1673911873487642210,"type":"gauge","name":"runtime.MemStats.GCCPUFraction","measures":{"value":0.04457846431069805}}
{"ts":1673911873488971918,"type":"gauge","name":"runtime.MemStats.BuckHashSys","measures":{"value":1496884}}
{"ts":1673911873491653877,"type":"gauge","name":"runtime.MemStats.HeapSys","measures":{"value":37978112}}
{"ts":1673911873493042877,"type":"gauge","name":"runtime.MemStats.LastGC","measures":{"value":1673911854694810000}}
{"ts":1673911873496538710,"type":"gauge","name":"runtime.MemStats.MCacheSys","measures":{"value":15600}}
{"ts":1673911873501771710,"type":"gauge","name":"runtime.NumCgoCall","measures":{"value":0}}
{"ts":1673911873503910252,"type":"gauge","name":"runtime.NumThread","measures":{"value":14}}
{"ts":1673911873505512002,"type":"gauge","name":"runtime.MemStats.DebugGC","measures":{"value":0}}
{"ts":1673911873507999960,"type":"gauge","name":"runtime.MemStats.EnableGC","measures":{"value":1}}
{"ts":1673911873509633127,"type":"gauge","name":"runtime.MemStats.Sys","measures":{"value":75527432}}
{"ts":1673911873510856960,"type":"timer","name":"runtime.ReadMemStats","measures":{"count":4,"m1":0.044239843385719006,"m15":0.003305709235676515,"m5":0.009754115099857198,"max":2150209,"mean":956510.75,"meanrate":0.19983839767215456,"min":122000,"p50":776917,"p75":1956344.25,"p95":2150209,"p99":2150209,"p999":2150209,"p9999":2150209,"stddev":851563.2868106089,"variance":725160031443.6875}}
{"ts":1673911873517997210,"type":"gauge","name":"runtime.MemStats.Alloc","measures":{"value":33816464}}
{"ts":1673911873519346460,"type":"gauge","name":"runtime.MemStats.HeapAlloc","measures":{"value":33816464}}
{"ts":1673911873521071960,"type":"gauge","name":"runtime.MemStats.HeapReleased","measures":{"value":2007040}}
{"ts":1673911873522781710,"type":"gauge","name":"runtime.MemStats.MSpanInuse","measures":{"value":631720}}
{"ts":1673911873523785293,"type":"gauge","name":"runtime.MemStats.PauseTotalNs","measures":{"value":20544165}}
{"ts":1673911873524730002,"type":"gauge","name":"runtime.MemStats.StackInuse","measures":{"value":29130752}}
{"ts":1673911873528179252,"type":"gauge","name":"runtime.MemStats.StackSys","measures":{"value":29130752}}
{"ts":1673911873530112210,"type":"gauge","name":"runtime.MemStats.NextGC","measures":{"value":38778848}}
{"ts":1673911873531866877,"type":"gauge","name":"runtime.NumGoroutine","measures":{"value":297}}
{"ts":1673911873533779335,"type":"gauge","name":"runtime.MemStats.HeapIdle","measures":{"value":2138112}}
{"ts":1673911873536025585,"type":"gauge","name":"runtime.MemStats.HeapInuse","measures":{"value":35840000}}
{"ts":1673911873537855877,"type":"gauge","name":"runtime.MemStats.Lookups","measures":{"value":0}}
{"ts":1673911873539026627,"type":"gauge","name":"runtime.MemStats.MSpanSys","measures":{"value":636480}}
{"ts":1673911873540792793,"type":"gauge","name":"runtime.MemStats.NumGC","measures":{"value":0}}
{"ts":1673911873542609502,"type":"gauge","name":"runtime.MemStats.TotalAlloc","measures":{"value":40470192}}
{"ts":1673911873543806752,"type":"gauge","name":"runtime.MemStats.Frees","measures":{"value":3526}}
{"ts":1673911873545171252,"type":"gauge","name":"runtime.MemStats.Mallocs","measures":{"value":61770}}
{"ts":1673911873546975502,"type":"gauge","name":"runtime.MemStats.MCacheInuse","measures":{"value":6000}}
{"ts":1673911873548869793,"type":"histogram","name":"runtime.MemStats.PauseNs","measures":{"count":3,"max":15346916,"mean":6848055,"min":80875,"p50":5116374,"p75":15346916,"p95":15346916,"p99":15346916,"p999":15346916,"p9999":15346916,"stddev":6351484.932294232,"variance":40341360845160.664}}
{"ts":1673911878484524171,"type":"gauge","name":"runtime.MemStats.StackSys","measures":{"value":31293440}}
{"ts":1673911878486785671,"type":"gauge","name":"runtime.MemStats.HeapAlloc","measures":{"value":34138768}}
{"ts":1673911878489934587,"type":"gauge","name":"runtime.MemStats.HeapReleased","measures":{"value":3809280}}
{"ts":1673911878492061921,"type":"gauge","name":"runtime.MemStats.MSpanInuse","measures":{"value":640424}}
{"ts":1673911878493884546,"type":"gauge","name":"runtime.MemStats.PauseTotalNs","measures":{"value":20544165}}
{"ts":1673911878496032254,"type":"gauge","name":"runtime.MemStats.StackInuse","measures":{"value":31293440}}
{"ts":1673911878497944296,"type":"gauge","name":"runtime.MemStats.NextGC","measures":{"value":38778848}}
{"ts":1673911878499670712,"type":"gauge","name":"runtime.NumGoroutine","measures":{"value":158}}
{"ts":1673911878502342712,"type":"gauge","name":"runtime.MemStats.TotalAlloc","measures":{"value":40792496}}
{"ts":1673911878506144504,"type":"gauge","name":"runtime.MemStats.HeapIdle","measures":{"value":4005888}}
{"ts":1673911878507406837,"type":"gauge","name":"runtime.MemStats.HeapInuse","measures":{"value":36003840}}
{"ts":1673911878508611129,"type":"gauge","name":"runtime.MemStats.Lookups","measures":{"value":0}}
{"ts":1673911878510384337,"type":"gauge","name":"runtime.MemStats.MSpanSys","measures":{"value":652800}}
{"ts":1673911878513529712,"type":"gauge","name":"runtime.MemStats.NumGC","measures":{"value":0}}
{"ts":1673911878515056379,"type":"gauge","name":"runtime.MemStats.Frees","measures":{"value":364}}
{"ts":1673911878523959879,"type":"gauge","name":"runtime.MemStats.Mallocs","measures":{"value":3530}}
{"ts":1673911878528386587,"type":"gauge","name":"runtime.MemStats.MCacheInuse","measures":{"value":6000}}
{"ts":1673911878530573671,"type":"histogram","name":"runtime.MemStats.PauseNs","measures":{"count":3,"max":15346916,"mean":6848055,"min":80875,"p50":5116374,"p75":15346916,"p95":15346916,"p99":15346916,"p999":15346916,"p9999":15346916,"stddev":6351484.932294232,"variance":40341360845160.664}}
{"ts":1673911878532792337,"type":"gauge","name":"runtime.MemStats.HeapObjects","measures":{"value":720369}}
{"ts":1673911878534085129,"type":"gauge","name":"runtime.MemStats.GCCPUFraction","measures":{"value":0.04457846431069805}}
{"ts":1673911878538788337,"type":"gauge","name":"runtime.NumThread","measures":{"value":14}}
{"ts":1673911878539921754,"type":"gauge","name":"runtime.MemStats.BuckHashSys","measures":{"value":1496884}}
{"ts":1673911878541428004,"type":"gauge","name":"runtime.MemStats.HeapSys","measures":{"value":40009728}}
{"ts":1673911878544389462,"type":"gauge","name":"runtime.MemStats.LastGC","measures":{"value":1673911854694810000}}
{"ts":1673911878545792879,"type":"gauge","name":"runtime.MemStats.MCacheSys","measures":{"value":15600}}
{"ts":1673911878548092129,"type":"gauge","name":"runtime.NumCgoCall","measures":{"value":0}}
{"ts":1673911878552666587,"type":"gauge","name":"runtime.MemStats.DebugGC","measures":{"value":0}}
{"ts":1673911878554671712,"type":"gauge","name":"runtime.MemStats.EnableGC","measures":{"value":1}}
{"ts":1673911878555560296,"type":"gauge","name":"runtime.MemStats.Sys","measures":{"value":81887512}}
{"ts":1673911878557394879,"type":"timer","name":"runtime.ReadMemStats","measures":{"count":5,"m1":0.056693737885242124,"m15":0.004395425503079905,"m5":0.012898602993676452,"max":2150209,"mean":1040075.2,"meanrate":0.19988268343227522,"min":122000,"p50":1374333,"p75":1762479.5,"p95":2150209,"p99":2150209,"p999":2150209,"p9999":2150209,"stddev":779782.0813343687,"variance":608060094370.1599}}
{"ts":1673911878559613504,"type":"gauge","name":"runtime.MemStats.Alloc","measures":{"value":34138768}}
{"ts":1673911883484053131,"type":"gauge","name":"runtime.MemStats.HeapIdle","measures":{"value":3440640}}
{"ts":1673911883487464256,"type":"gauge","name":"runtime.MemStats.HeapInuse","measures":{"value":36438016}}
{"ts":1673911883488498923,"type":"gauge","name":"runtime.MemStats.Lookups","measures":{"value":0}}
{"ts":1673911883490493548,"type":"gauge","name":"runtime.MemStats.MSpanSys","measures":{"value":652800}}
{"ts":1673911883491766048,"type":"gauge","name":"runtime.MemStats.NumGC","measures":{"value":0}}
{"ts":1673911883492877173,"type":"gauge","name":"runtime.MemStats.TotalAlloc","measures":{"value":41343408}}
{"ts":1673911883501579048,"type":"gauge","name":"runtime.MemStats.Frees","measures":{"value":501}}
{"ts":1673911883507537256,"type":"gauge","name":"runtime.MemStats.Mallocs","measures":{"value":4351}}
{"ts":1673911883512081131,"type":"gauge","name":"runtime.MemStats.MCacheInuse","measures":{"value":6000}}
{"ts":1673911883516989215,"type":"histogram","name":"runtime.MemStats.PauseNs","measures":{"count":3,"max":15346916,"mean":6848055,"min":80875,"p50":5116374,"p75":15346916,"p95":15346916,"p99":15346916,"p999":15346916,"p9999":15346916,"stddev":6351484.932294232,"variance":40341360845160.664}}
{"ts":1673911883521558756,"type":"gauge","name":"runtime.MemStats.HeapObjects","measures":{"value":724219}}
{"ts":1673911883523337548,"type":"gauge","name":"runtime.MemStats.GCCPUFraction","measures":{"value":0.04457846431069805}}
{"ts":1673911883526045423,"type":"gauge","name":"runtime.MemStats.BuckHashSys","measures":{"value":1497116}}
{"ts":1673911883528908590,"type":"gauge","name":"runtime.MemStats.HeapSys","measures":{"value":39878656}}
{"ts":1673911883533575256,"type":"gauge","name":"runtime.MemStats.LastGC","measures":{"value":1673911854694810000}}
{"ts":1673911883535355756,"type":"gauge","name":"runtime.MemStats.MCacheSys","measures":{"value":15600}}
{"ts":1673911883537008840,"type":"gauge","name":"runtime.NumCgoCall","measures":{"value":0}}
{"ts":1673911883541317506,"type":"gauge","name":"runtime.NumThread","measures":{"value":14}}
{"ts":1673911883544682298,"type":"gauge","name":"runtime.MemStats.DebugGC","measures":{"value":0}}
{"ts":1673911883546535298,"type":"gauge","name":"runtime.MemStats.EnableGC","measures":{"value":1}}
{"ts":1673911883548175381,"type":"gauge","name":"runtime.MemStats.Sys","measures":{"value":81887512}}
{"ts":1673911883551440340,"type":"timer","name":"runtime.ReadMemStats","measures":{"count":6,"m1":0.06815187395991122,"m15":0.0054791045767303434,"m5":0.015991117074135346,"max":2150209,"mean":936680.6666666666,"meanrate":0.19990527978751557,"min":122000,"p50":897020.5,"p75":1568614.75,"p95":2150209,"p99":2150209,"p999":2150209,"p9999":2150209,"stddev":748444.31517953,"variance":560168892924.5555}}
{"ts":1673911883554910381,"type":"gauge","name":"runtime.MemStats.Alloc","measures":{"value":34689680}}
{"ts":1673911883556886173,"type":"gauge","name":"runtime.MemStats.HeapAlloc","measures":{"value":34689680}}
{"ts":1673911883558623506,"type":"gauge","name":"runtime.MemStats.HeapReleased","measures":{"value":3432448}}
{"ts":1673911883561828715,"type":"gauge","name":"runtime.MemStats.MSpanInuse","measures":{"value":640424}}
{"ts":1673911883564897131,"type":"gauge","name":"runtime.MemStats.PauseTotalNs","measures":{"value":20544165}}
{"ts":1673911883567149256,"type":"gauge","name":"runtime.MemStats.StackInuse","measures":{"value":31424512}}
{"ts":1673911883568502256,"type":"gauge","name":"runtime.MemStats.StackSys","measures":{"value":31424512}}
{"ts":1673911883570411715,"type":"gauge","name":"runtime.MemStats.NextGC","measures":{"value":38778848}}
{"ts":1673911883571611465,"type":"gauge","name":"runtime.NumGoroutine","measures":{"value":159}}
{"ts":1673911888486283134,"type":"gauge","name":"runtime.MemStats.NumGC","measures":{"value":0}}
{"ts":1673911888490836467,"type":"gauge","name":"runtime.MemStats.TotalAlloc","measures":{"value":41609160}}
{"ts":1673911888492851175,"type":"gauge","name":"runtime.MemStats.HeapIdle","measures":{"value":3260416}}
{"ts":1673911888497616175,"type":"gauge","name":"runtime.MemStats.HeapInuse","measures":{"value":36618240}}
{"ts":1673911888499282384,"type":"gauge","name":"runtime.MemStats.Lookups","measures":{"value":0}}
{"ts":1673911888501687675,"type":"gauge","name":"runtime.MemStats.MSpanSys","measures":{"value":652800}}
{"ts":1673911888504693675,"type":"gauge","name":"runtime.MemStats.Frees","measures":{"value":237}}
{"ts":1673911888506685634,"type":"gauge","name":"runtime.MemStats.Mallocs","measures":{"value":2662}}
{"ts":1673911888509018467,"type":"gauge","name":"runtime.MemStats.MCacheInuse","measures":{"value":6000}}
{"ts":1673911888513002800,"type":"histogram","name":"runtime.MemStats.PauseNs","measures":{"count":3,"max":15346916,"mean":6848055,"min":80875,"p50":5116374,"p75":15346916,"p95":15346916,"p99":15346916,"p999":15346916,"p9999":15346916,"stddev":6351484.932294232,"variance":40341360845160.664}}
{"ts":1673911888514966259,"type":"gauge","name":"runtime.MemStats.HeapObjects","measures":{"value":726644}}
{"ts":1673911888520664717,"type":"gauge","name":"runtime.MemStats.GCCPUFraction","measures":{"value":0.04457846431069805}}
{"ts":1673911888522152467,"type":"gauge","name":"runtime.NumCgoCall","measures":{"value":0}}
{"ts":1673911888523922717,"type":"gauge","name":"runtime.NumThread","measures":{"value":14}}
{"ts":1673911888526443050,"type":"gauge","name":"runtime.MemStats.BuckHashSys","measures":{"value":1497116}}
{"ts":1673911888528402050,"type":"gauge","name":"runtime.MemStats.HeapSys","measures":{"value":39878656}}
{"ts":1673911888532260134,"type":"gauge","name":"runtime.MemStats.LastGC","measures":{"value":1673911854694810000}}
{"ts":1673911888534113384,"type":"gauge","name":"runtime.MemStats.MCacheSys","measures":{"value":15600}}
{"ts":1673911888536008717,"type":"gauge","name":"runtime.MemStats.DebugGC","measures":{"value":0}}
{"ts":1673911888537960050,"type":"gauge","name":"runtime.MemStats.EnableGC","measures":{"value":1}}
{"ts":1673911888539541342,"type":"gauge","name":"runtime.MemStats.Sys","measures":{"value":81887512}}
{"ts":1673911888543677675,"type":"timer","name":"runtime.ReadMemStats","measures":{"count":7,"m1":0.07869386805747328,"m15":0.0065567799035988455,"m5":0.019032516392808084,"max":2150209,"mean":1043262,"meanrate":0.19990606072081787,"min":122000,"p50":1374333,"p75":1682750,"p95":2150209,"p99":2150209,"p999":2150209,"p9999":2150209,"stddev":740474.3405780996,"variance":548302249054.5714}}
{"ts":1673911888547183675,"type":"gauge","name":"runtime.MemStats.Alloc","measures":{"value":34955432}}
{"ts":1673911888549995717,"type":"gauge","name":"runtime.MemStats.StackInuse","measures":{"value":31424512}}
{"ts":1673911888552618384,"type":"gauge","name":"runtime.MemStats.StackSys","measures":{"value":31424512}}
{"ts":1673911888554718217,"type":"gauge","name":"runtime.MemStats.HeapAlloc","measures":{"value":34955432}}
{"ts":1673911888557661300,"type":"gauge","name":"runtime.MemStats.HeapReleased","measures":{"value":3260416}}
{"ts":1673911888559510425,"type":"gauge","name":"runtime.MemStats.MSpanInuse","measures":{"value":640424}}
{"ts":1673911888561003134,"type":"gauge","name":"runtime.MemStats.PauseTotalNs","measures":{"value":20544165}}
{"ts":1673911888562847384,"type":"gauge","name":"runtime.MemStats.NextGC","measures":{"value":38778848}}
{"ts":1673911888565772009,"type":"gauge","name":"runtime.NumGoroutine","measures":{"value":159}}
{"ts":1673911893483828386,"type":"gauge","name":"runtime.MemStats.Frees","measures":{"value":233}}
{"ts":1673911893485459928,"type":"gauge","name":"runtime.MemStats.Mallocs","measures":{"value":2665}}
{"ts":1673911893486356886,"type":"gauge","name":"runtime.MemStats.MCacheInuse","measures":{"value":6000}}
{"ts":1673911893487271761,"type":"histogram","name":"runtime.MemStats.PauseNs","measures":{"count":3,"max":15346916,"mean":6848055,"min":80875,"p50":5116374,"p75":15346916,"p95":15346916,"p99":15346916,"p999":15346916,"p9999":15346916,"stddev":6351484.932294232,"variance":40341360845160.664}}
{"ts":1673911893488472594,"type":"gauge","name":"runtime.MemStats.HeapObjects","measures":{"value":729076}}
{"ts":1673911893489558053,"type":"gauge","name":"runtime.MemStats.GCCPUFraction","measures":{"value":0.04457846431069805}}
{"ts":1673911893490391886,"type":"gauge","name":"runtime.MemStats.BuckHashSys","measures":{"value":1497348}}
{"ts":1673911893491477011,"type":"gauge","name":"runtime.MemStats.HeapSys","measures":{"value":39878656}}
{"ts":1673911893492157844,"type":"gauge","name":"runtime.MemStats.LastGC","measures":{"value":1673911854694810000}}
{"ts":1673911893493215344,"type":"gauge","name":"runtime.MemStats.MCacheSys","measures":{"value":15600}}
{"ts":1673911893494321094,"type":"gauge","name":"runtime.NumCgoCall","measures":{"value":0}}
{"ts":1673911893495146678,"type":"gauge","name":"runtime.NumThread","measures":{"value":14}}
{"ts":1673911893496078178,"type":"gauge","name":"runtime.MemStats.DebugGC","measures":{"value":0}}
{"ts":1673911893496786053,"type":"gauge","name":"runtime.MemStats.EnableGC","measures":{"value":1}}
{"ts":1673911893497473261,"type":"gauge","name":"runtime.MemStats.Sys","measures":{"value":81887512}}
{"ts":1673911893498471803,"type":"timer","name":"runtime.ReadMemStats","measures":{"count":8,"m1":0.08839297084599056,"m15":0.007628484745355124,"m5":0.02202364580239524,"max":2150209,"mean":929604.25,"meanrate":0.19993003356007924,"min":122000,"p50":897020.5,"p75":1605750,"p95":2150209,"p99":2150209,"p999":2150209,"p9999":2150209,"stddev":755109.9634279682,"variance":570191056868.1875}}
{"ts":1673911893501466344,"type":"gauge","name":"runtime.MemStats.Alloc","measures":{"value":35219696}}
{"ts":1673911893502994844,"type":"gauge","name":"runtime.MemStats.HeapAlloc","measures":{"value":35219696}}
{"ts":1673911893504453844,"type":"gauge","name":"runtime.MemStats.HeapReleased","measures":{"value":2990080}}
{"ts":1673911893505037719,"type":"gauge","name":"runtime.MemStats.MSpanInuse","measures":{"value":649128}}
{"ts":1673911893505796178,"type":"gauge","name":"runtime.MemStats.PauseTotalNs","measures":{"value":20544165}}
{"ts":1673911893507573511,"type":"gauge","name":"runtime.MemStats.StackInuse","measures":{"value":31424512}}
{"ts":1673911893508455428,"type":"gauge","name":"runtime.MemStats.StackSys","measures":{"value":31424512}}
{"ts":1673911893509419886,"type":"gauge","name":"runtime.MemStats.NextGC","measures":{"value":38778848}}
{"ts":1673911893510139011,"type":"gauge","name":"runtime.NumGoroutine","measures":{"value":159}}
{"ts":1673911893510967469,"type":"gauge","name":"runtime.MemStats.HeapIdle","measures":{"value":2990080}}
{"ts":1673911893511723636,"type":"gauge","name":"runtime.MemStats.HeapInuse","measures":{"value":36888576}}
{"ts":1673911893512420094,"type":"gauge","name":"runtime.MemStats.Lookups","measures":{"value":0}}
{"ts":1673911893513162094,"type":"gauge","name":"runtime.MemStats.MSpanSys","measures":{"value":652800}}
{"ts":1673911893513966761,"type":"gauge","name":"runtime.MemStats.NumGC","measures":{"value":0}}
{"ts":1673911893514798303,"type":"gauge","name":"runtime.MemStats.TotalAlloc","measures":{"value":41873424}}
{"ts":1673911898486664597,"type":"gauge","name":"runtime.MemStats.NextGC","measures":{"value":38778848}}
{"ts":1673911898498126722,"type":"gauge","name":"runtime.NumGoroutine","measures":{"value":159}}
{"ts":1673911898503969430,"type":"gauge","name":"runtime.MemStats.HeapIdle","measures":{"value":2777088}}
{"ts":1673911898506904222,"type":"gauge","name":"runtime.MemStats.HeapInuse","measures":{"value":37101568}}
{"ts":1673911898516017597,"type":"gauge","name":"runtime.MemStats.Lookups","measures":{"value":0}}
{"ts":1673911898522617972,"type":"gauge","name":"runtime.MemStats.MSpanSys","measures":{"value":652800}}
{"ts":1673911898530859388,"type":"gauge","name":"runtime.MemStats.NumGC","measures":{"value":0}}
{"ts":1673911898536971138,"type":"gauge","name":"runtime.MemStats.TotalAlloc","measures":{"value":42143344}}
{"ts":1673911898547504513,"type":"gauge","name":"runtime.MemStats.Frees","measures":{"value":235}}
{"ts":1673911898554384263,"type":"gauge","name":"runtime.MemStats.Mallocs","measures":{"value":2756}}
{"ts":1673911898558101180,"type":"gauge","name":"runtime.MemStats.MCacheInuse","measures":{"value":6000}}
{"ts":1673911898577322180,"type":"histogram","name":"runtime.MemStats.PauseNs","measures":{"count":3,"max":15346916,"mean":6848055,"min":80875,"p50":5116374,"p75":15346916,"p95":15346916,"p99":15346916,"p999":15346916,"p9999":15346916,"stddev":6351484.932294232,"variance":40341360845160.664}}
{"ts":1673911898611828639,"type":"gauge","name":"runtime.MemStats.HeapObjects","measures":{"value":731597}}
{"ts":1673911898639465472,"type":"gauge","name":"runtime.MemStats.GCCPUFraction","measures":{"value":0.04457846431069805}}
{"ts":1673911898647565305,"type":"gauge","name":"runtime.MemStats.BuckHashSys","measures":{"value":1497348}}
{"ts":1673911898667555389,"type":"gauge","name":"runtime.MemStats.HeapSys","measures":{"value":39878656}}
{"ts":1673911898674480347,"type":"gauge","name":"runtime.MemStats.LastGC","measures":{"value":1673911854694810000}}
{"ts":1673911898677046180,"type":"gauge","name":"runtime.MemStats.MCacheSys","measures":{"value":15600}}
{"ts":1673911898683581305,"type":"gauge","name":"runtime.NumCgoCall","measures":{"value":0}}
{"ts":1673911898693461930,"type":"gauge","name":"runtime.NumThread","measures":{"value":14}}
{"ts":1673911898707672680,"type":"gauge","name":"runtime.MemStats.DebugGC","measures":{"value":0}}
{"ts":1673911898719113305,"type":"gauge","name":"runtime.MemStats.EnableGC","measures":{"value":1}}
{"ts":1673911898732420389,"type":"gauge","name":"runtime.MemStats.Sys","measures":{"value":81887512}}
{"ts":1673911898736709514,"type":"timer","name":"runtime.ReadMemStats","measures":{"count":9,"m1":0.09731657619348157,"m15":0.008694252179394185,"m5":0.02496533619141051,"max":3424167,"mean":1206777.888888889,"meanrate":0.19992544215583705,"min":122000,"p50":1374333,"p75":1916479.5,"p95":3424167,"p99":3424167,"p999":3424167,"p9999":3424167,"stddev":1058979.8410513818,"variance":1121438303753.21}}
{"ts":1673911898755586180,"type":"gauge","name":"runtime.MemStats.Alloc","measures":{"value":35489616}}
{"ts":1673911898773579264,"type":"gauge","name":"runtime.MemStats.HeapAlloc","measures":{"value":35489616}}
{"ts":1673911898787437764,"type":"gauge","name":"runtime.MemStats.HeapReleased","measures":{"value":2777088}}
{"ts":1673911898789846930,"type":"gauge","name":"runtime.MemStats.MSpanInuse","measures":{"value":649128}}
{"ts":1673911898793709514,"type":"gauge","name":"runtime.MemStats.PauseTotalNs","measures":{"value":20544165}}
{"ts":1673911898801747014,"type":"gauge","name":"runtime.MemStats.StackInuse","measures":{"value":31424512}}
{"ts":1673911898807876597,"type":"gauge","name":"runtime.MemStats.StackSys","measures":{"value":31424512}}
{"ts":1673911903487856585,"type":"gauge","name":"runtime.MemStats.Frees","measures":{"value":219562}}
{"ts":1673911903493659085,"type":"gauge","name":"runtime.MemStats.Mallocs","measures":{"value":13154}}
{"ts":1673911903497848793,"type":"gauge","name":"runtime.MemStats.MCacheInuse","measures":{"value":6000}}
{"ts":1673911903500978918,"type":"histogram","name":"runtime.MemStats.PauseNs","measures":{"count":4,"max":15346916,"mean":7340853.75,"min":80875,"p50":6967812,"p75":13714999.5,"p95":15346916,"p99":15346916,"p999":15346916,"p9999":15346916,"stddev":5566378.756235978,"variance":30984572457875.188}}
{"ts":1673911903503736335,"type":"gauge","name":"runtime.MemStats.HeapObjects","measures":{"value":525189}}
{"ts":1673911903507620793,"type":"gauge","name":"runtime.MemStats.GCCPUFraction","measures":{"value":0.005938223954311921}}
{"ts":1673911903511565210,"type":"gauge","name":"runtime.MemStats.BuckHashSys","measures":{"value":1497348}}
{"ts":1673911903514820835,"type":"gauge","name":"runtime.MemStats.HeapSys","measures":{"value":65241088}}
{"ts":1673911903521515668,"type":"gauge","name":"runtime.MemStats.LastGC","measures":{"value":1673911899683143000}}
{"ts":1673911903528431752,"type":"gauge","name":"runtime.MemStats.MCacheSys","measures":{"value":15600}}
{"ts":1673911903534240710,"type":"gauge","name":"runtime.NumCgoCall","measures":{"value":0}}
{"ts":1673911903536754293,"type":"gauge","name":"runtime.NumThread","measures":{"value":14}}
{"ts":1673911903539665835,"type":"gauge","name":"runtime.MemStats.DebugGC","measures":{"value":0}}
{"ts":1673911903566478502,"type":"gauge","name":"runtime.MemStats.EnableGC","measures":{"value":1}}
{"ts":1673911903584984418,"type":"gauge","name":"runtime.MemStats.Sys","measures":{"value":94798104}}
{"ts":1673911903603667585,"type":"timer","name":"runtime.ReadMemStats","measures":{"count":10,"m1":0.10552668945179702,"m15":0.009754115099857238,"m5":0.02785840471498844,"max":3424167,"mean":1270354.3,"meanrate":0.19993130784516677,"min":122000,"p50":1374541.5,"p75":1919458.75,"p95":3424167,"p99":3424167,"p999":3424167,"p9999":3424167,"stddev":1022581.103788746,"variance":1045672113825.8102}}
{"ts":1673911903613745627,"type":"gauge","name":"runtime.MemStats.Alloc","measures":{"value":25556184}}
{"ts":1673911903622003543,"type":"gauge","name":"runtime.MemStats.HeapAlloc","measures":{"value":25556184}}
{"ts":1673911903625932502,"type":"gauge","name":"runtime.MemStats.HeapReleased","measures":{"value":3964928}}
{"ts":1673911903630814710,"type":"gauge","name":"runtime.MemStats.MSpanInuse","measures":{"value":609960}}
{"ts":1673911903637840960,"type":"gauge","name":"runtime.MemStats.PauseTotalNs","measures":{"value":29363415}}
{"ts":1673911903642570710,"type":"gauge","name":"runtime.MemStats.StackInuse","measures":{"value":18644992}}
{"ts":1673911903651936335,"type":"gauge","name":"runtime.MemStats.StackSys","measures":{"value":18644992}}
{"ts":1673911903666314502,"type":"gauge","name":"runtime.MemStats.NextGC","measures":{"value":53926928}}
{"ts":1673911903672878835,"type":"gauge","name":"runtime.NumGoroutine","measures":{"value":166}}
{"ts":1673911903685521377,"type":"gauge","name":"runtime.MemStats.HeapIdle","measures":{"value":31768576}}
{"ts":1673911903692351168,"type":"gauge","name":"runtime.MemStats.HeapInuse","measures":{"value":33472512}}
{"ts":1673911903697707835,"type":"gauge","name":"runtime.MemStats.Lookups","measures":{"value":0}}
{"ts":1673911903727915918,"type":"gauge","name":"runtime.MemStats.MSpanSys","measures":{"value":685440}}
{"ts":1673911903734512335,"type":"gauge","name":"runtime.MemStats.NumGC","measures":{"value":1}}
{"ts":1673911903750241668,"type":"gauge","name":"runtime.MemStats.TotalAlloc","measures":{"value":43167072}}
{"ts":1673911908751849046,"type":"gauge","name":"runtime.MemStats.NextGC","measures":{"value":53926928}}
{"ts":1673911908798426296,"type":"gauge","name":"runtime.NumGoroutine","measures":{"value":617}}
{"ts":1673911908831372962,"type":"gauge","name":"runtime.MemStats.MSpanSys","measures":{"value":685440}}
{"ts":1673911908860551129,"type":"gauge","name":"runtime.MemStats.NumGC","measures":{"value":0}}
{"ts":1673911908909547921,"type":"gauge","name":"runtime.MemStats.TotalAlloc","measures":{"value":48969096}}
{"ts":1673911908962504921,"type":"gauge","name":"runtime.MemStats.HeapIdle","measures":{"value":36536320}}
{"ts":1673911909002955212,"type":"gauge","name":"runtime.MemStats.HeapInuse","measures":{"value":35782656}}
{"ts":1673911909009483796,"type":"gauge","name":"runtime.MemStats.Lookups","measures":{"value":0}}
{"ts":1673911909174923629,"type":"histogram","name":"runtime.MemStats.PauseNs","measures":{"count":4,"max":15346916,"mean":7340853.75,"min":80875,"p50":6967812,"p75":13714999.5,"p95":15346916,"p99":15346916,"p999":15346916,"p9999":15346916,"stddev":5566378.756235978,"variance":30984572457875.188}}
{"ts":1673911909187780463,"type":"gauge","name":"runtime.MemStats.Frees","measures":{"value":3422}}
{"ts":1673911909200755213,"type":"gauge","name":"runtime.MemStats.Mallocs","measures":{"value":76016}}
{"ts":1673911909267676338,"type":"gauge","name":"runtime.MemStats.MCacheInuse","measures":{"value":6000}}
{"ts":1673911909329766088,"type":"gauge","name":"runtime.MemStats.HeapObjects","measures":{"value":597783}}
{"ts":1673911909339237254,"type":"gauge","name":"runtime.MemStats.GCCPUFraction","measures":{"value":0.005938223954311921}}
{"ts":1673911909357762963,"type":"gauge","name":"runtime.MemStats.MCacheSys","measures":{"value":15600}}
{"ts":1673911909366157754,"type":"gauge","name":"runtime.NumCgoCall","measures":{"value":0}}
{"ts":1673911909380956838,"type":"gauge","name":"runtime.NumThread","measures":{"value":16}}
{"ts":1673911909388740713,"type":"gauge","name":"runtime.MemStats.BuckHashSys","measures":{"value":1501332}}
{"ts":1673911909400778713,"type":"gauge","name":"runtime.MemStats.HeapSys","measures":{"value":72318976}}
{"ts":1673911909432937796,"type":"gauge","name":"runtime.MemStats.LastGC","measures":{"value":1673911899683143000}}
{"ts":1673911909440398796,"type":"timer","name":"runtime.ReadMemStats","measures":{"count":11,"m1":0.11308035829858432,"m15":0.01080810621864695,"m5":0.030703655021877187,"max":231588125,"mean":22208333.454545453,"meanrate":0.1989827459959508,"min":122000,"p50":1374750,"p75":2150209,"p95":231588125,"p99":231588125,"p999":231588125,"p9999":231588125,"stddev":66218881.912747286,"variance":4384940321774369.5}}
{"ts":1673911909488449879,"type":"gauge","name":"runtime.MemStats.DebugGC","measures":{"value":0}}
{"ts":1673911909603818213,"type":"gauge","name":"runtime.MemStats.EnableGC","measures":{"value":1}}
{"ts":1673911909673910088,"type":"gauge","name":"runtime.MemStats.Sys","measures":{"value":95322392}}
{"ts":1673911909696551338,"type":"gauge","name":"runtime.MemStats.Alloc","measures":{"value":31358208}}
{"ts":1673911909727169088,"type":"gauge","name":"runtime.MemStats.PauseTotalNs","measures":{"value":29363415}}
{"ts":1673911909737914213,"type":"gauge","name":"runtime.MemStats.StackInuse","measures":{"value":11567104}}
{"ts":1673911909762919921,"type":"gauge","name":"runtime.MemStats.StackSys","measures":{"value":11567104}}
{"ts":1673911909805463171,"type":"gauge","name":"runtime.MemStats.HeapAlloc","measures":{"value":31358208}}
{"ts":1673911909878272380,"type":"gauge","name":"runtime.MemStats.HeapReleased","measures":{"value":2621440}}
{"ts":1673911909994627963,"type":"gauge","name":"runtime.MemStats.MSpanInuse","measures":{"value":623832}}
{"ts":1673911913495461631,"type":"gauge","name":"runtime.NumCgoCall","measures":{"value":0}}
{"ts":1673911913557495715,"type":"gauge","name":"runtime.NumThread","measures":{"value":16}}
{"ts":1673911913606711173,"type":"gauge","name":"runtime.MemStats.BuckHashSys","measures":{"value":1502788}}
{"ts":1673911913667842506,"type":"gauge","name":"runtime.MemStats.HeapSys","measures":{"value":72318976}}
{"ts":1673911913697627215,"type":"gauge","name":"runtime.MemStats.LastGC","measures":{"value":1673911899683143000}}
{"ts":1673911913746959090,"type":"gauge","name":"runtime.MemStats.MCacheSys","measures":{"value":15600}}
{"ts":1673911913757304298,"type":"gauge","name":"runtime.MemStats.DebugGC","measures":{"value":0}}
{"ts":1673911913834611881,"type":"gauge","name":"runtime.MemStats.EnableGC","measures":{"value":1}}
{"ts":1673911913837759340,"type":"gauge","name":"runtime.MemStats.Sys","measures":{"value":95322392}}
{"ts":1673911913879775381,"type":"timer","name":"runtime.ReadMemStats","measures":{"count":12,"m1":0.12003006913103051,"m15":0.01185625806643708,"m5":0.033501877477679465,"max":231588125,"mean":21182555.666666668,"meanrate":0.19991748701934353,"min":122000,"p50":1528750,"p75":3105677.5,"p95":231588125,"p99":231588125,"p999":231588125,"p9999":231588125,"stddev":63490968.247966826,"variance":4031103049064332}}
{"ts":1673911913901520590,"type":"gauge","name":"runtime.MemStats.Alloc","measures":{"value":34997000}}
{"ts":1673911913921526340,"type":"gauge","name":"runtime.MemStats.StackInuse","measures":{"value":11567104}}
{"ts":1673911913943474048,"type":"gauge","name":"runtime.MemStats.StackSys","measures":{"value":11567104}}
{"ts":1673911914037707382,"type":"gauge","name":"runtime.MemStats.HeapAlloc","measures":{"value":34997000}}
{"ts":1673911914114967173,"type":"gauge","name":"runtime.MemStats.HeapReleased","measures":{"value":2621440}}
{"ts":1673911914138812882,"type":"gauge","name":"runtime.MemStats.MSpanInuse","measures":{"value":676056}}
{"ts":1673911914184320590,"type":"gauge","name":"runtime.MemStats.PauseTotalNs","measures":{"value":29363415}}
{"ts":1673911914220737548,"type":"gauge","name":"runtime.MemStats.NextGC","measures":{"value":53926928}}
{"ts":1673911914264836257,"type":"gauge","name":"runtime.NumGoroutine","measures":{"value":571}}
{"ts":1673911914305560423,"type":"gauge","name":"runtime.MemStats.NumGC","measures":{"value":0}}
{"ts":1673911914363579423,"type":"gauge","name":"runtime.MemStats.TotalAlloc","measures":{"value":52607888}}
{"ts":1673911914386749882,"type":"gauge","name":"runtime.MemStats.HeapIdle","measures":{"value":33456128}}
{"ts":1673911914434478590,"type":"gauge","name":"runtime.MemStats.HeapInuse","measures":{"value":38862848}}
{"ts":1673911914467619090,"type":"gauge","name":"runtime.MemStats.Lookups","measures":{"value":0}}
{"ts":1673911914486871882,"type":"gauge","name":"runtime.MemStats.MSpanSys","measures":{"value":685440}}
{"ts":1673911914505261882,"type":"gauge","name":"runtime.MemStats.Frees","measures":{"value":2906}}
{"ts":1673911914519881632,"type":"gauge","name":"runtime.MemStats.Mallocs","measures":{"value":56613}}
{"ts":1673911914534196423,"type":"gauge","name":"runtime.MemStats.MCacheInuse","measures":{"value":6000}}
{"ts":1673911914572589965,"type":"histogram","name":"runtime.MemStats.PauseNs","measures":{"count":4,"max":15346916,"mean":7340853.75,"min":80875,"p50":6967812,"p75":13714999.5,"p95":15346916,"p99":15346916,"p999":15346916,"p9999":15346916,"stddev":5566378.756235978,"variance":30984572457875.188}}
{"ts":1673911914643752590,"type":"gauge","name":"runtime.MemStats.HeapObjects","measures":{"value":651490}}
{"ts":1673911914669191590,"type":"gauge","name":"runtime.MemStats.GCCPUFraction","measures":{"value":0.005938223954311921}}
{"ts":1673911918765175425,"type":"gauge","name":"runtime.MemStats.PauseTotalNs","measures":{"value":29363415}}
{"ts":1673911918875467592,"type":"gauge","name":"runtime.MemStats.StackInuse","measures":{"value":9404416}}
{"ts":1673911918883213759,"type":"gauge","name":"runtime.MemStats.StackSys","measures":{"value":9404416}}
{"ts":1673911918954864467,"type":"gauge","name":"runtime.MemStats.HeapAlloc","measures":{"value":38097560}}
{"ts":1673911918990495801,"type":"gauge","name":"runtime.MemStats.HeapReleased","measures":{"value":2621440}}
{"ts":1673911919103938092,"type":"gauge","name":"runtime.MemStats.MSpanInuse","measures":{"value":719576}}
{"ts":1673911919260009717,"type":"gauge","name":"runtime.MemStats.NextGC","measures":{"value":53926928}}
{"ts":1673911919388215801,"type":"gauge","name":"runtime.NumGoroutine","measures":{"value":436}}
{"ts":1673911919449669009,"type":"gauge","name":"runtime.MemStats.MSpanSys","measures":{"value":734400}}
{"ts":1673911919475645384,"type":"gauge","name":"runtime.MemStats.NumGC","measures":{"value":0}}
{"ts":1673911919530340176,"type":"gauge","name":"runtime.MemStats.TotalAlloc","measures":{"value":55708448}}
{"ts":1673911919696399426,"type":"gauge","name":"runtime.MemStats.HeapIdle","measures":{"value":32776192}}
{"ts":1673911919776365843,"type":"gauge","name":"runtime.MemStats.HeapInuse","measures":{"value":41705472}}
{"ts":1673911919824947384,"type":"gauge","name":"runtime.MemStats.Lookups","measures":{"value":0}}
{"ts":1673911919846452718,"type":"histogram","name":"runtime.MemStats.PauseNs","measures":{"count":4,"max":15346916,"mean":7340853.75,"min":80875,"p50":6967812,"p75":13714999.5,"p95":15346916,"p99":15346916,"p999":15346916,"p9999":15346916,"stddev":5566378.756235978,"variance":30984572457875.188}}
{"ts":1673911919883536301,"type":"gauge","name":"runtime.MemStats.Frees","measures":{"value":3725}}
{"ts":1673911920004940218,"type":"gauge","name":"runtime.MemStats.Mallocs","measures":{"value":49770}}
{"ts":1673911920049949259,"type":"gauge","name":"runtime.MemStats.MCacheInuse","measures":{"value":6000}}
{"ts":1673911920067701426,"type":"gauge","name":"runtime.MemStats.HeapObjects","measures":{"value":697535}}
{"ts":1673911920149403009,"type":"gauge","name":"runtime.MemStats.GCCPUFraction","measures":{"value":0.005938223954311921}}
{"ts":1673911920202623593,"type":"gauge","name":"runtime.MemStats.MCacheSys","measures":{"value":15600}}
{"ts":1673911920223583926,"type":"gauge","name":"runtime.NumCgoCall","measures":{"value":0}}
{"ts":1673911920259187676,"type":"gauge","name":"runtime.NumThread","measures":{"value":16}}
{"ts":1673911920287284593,"type":"gauge","name":"runtime.MemStats.BuckHashSys","measures":{"value":1504500}}
{"ts":1673911920315759301,"type":"gauge","name":"runtime.MemStats.HeapSys","measures":{"value":74481664}}
{"ts":1673911920334705885,"type":"gauge","name":"runtime.MemStats.LastGC","measures":{"value":1673911899683143000}}
{"ts":1673911920509393593,"type":"timer","name":"runtime.ReadMemStats","measures":{"count":13,"m1":0.12642411176571153,"m15":0.012898602993676503,"m5":0.03625384938440363,"max":231588125,"mean":34094926.384615384,"meanrate":0.19909838453392079,"min":122000,"p50":1682750,"p75":6661583.5,"p95":231588125,"p99":231588125,"p999":231588125,"p9999":231588125,"stddev":75642382.36484346,"variance":5721770009829180}}
{"ts":1673911920525479301,"type":"gauge","name":"runtime.MemStats.DebugGC","measures":{"value":0}}
{"ts":1673911920538945843,"type":"gauge","name":"runtime.MemStats.EnableGC","measures":{"value":1}}
{"ts":1673911920573580968,"type":"gauge","name":"runtime.MemStats.Sys","measures":{"value":95387928}}
{"ts":1673911920582279510,"type":"gauge","name":"runtime.MemStats.Alloc","measures":{"value":38097560}}
{"ts":1673911923487781553,"type":"gauge","name":"runtime.MemStats.NextGC","measures":{"value":53926928}}
{"ts":1673911923513270594,"type":"gauge","name":"runtime.NumGoroutine","measures":{"value":443}}
{"ts":1673911923525388178,"type":"gauge","name":"runtime.MemStats.HeapIdle","measures":{"value":31219712}}
{"ts":1673911923545341928,"type":"gauge","name":"runtime.MemStats.HeapInuse","measures":{"value":43261952}}
{"ts":1673911923574028428,"type":"gauge","name":"runtime.MemStats.Lookups","measures":{"value":0}}
{"ts":1673911923602898511,"type":"gauge","name":"runtime.MemStats.MSpanSys","measures":{"value":750720}}
{"ts":1673911923640372553,"type":"gauge","name":"runtime.MemStats.NumGC","measures":{"value":0}}
{"ts":1673911923686915636,"type":"gauge","name":"runtime.MemStats.TotalAlloc","measures":{"value":57404872}}
{"ts":1673911923728992553,"type":"gauge","name":"runtime.MemStats.Frees","measures":{"value":2090}}
{"ts":1673911923744763511,"type":"gauge","name":"runtime.MemStats.Mallocs","measures":{"value":29963}}
{"ts":1673911923766935803,"type":"gauge","name":"runtime.MemStats.MCacheInuse","measures":{"value":6000}}
{"ts":1673911923789963136,"type":"histogram","name":"runtime.MemStats.PauseNs","measures":{"count":4,"max":15346916,"mean":7340853.75,"min":80875,"p50":6967812,"p75":13714999.5,"p95":15346916,"p99":15346916,"p999":15346916,"p9999":15346916,"stddev":5566378.756235978,"variance":30984572457875.188}}
{"ts":1673911923816547928,"type":"gauge","name":"runtime.MemStats.HeapObjects","measures":{"value":725408}}
{"ts":1673911923841760553,"type":"gauge","name":"runtime.MemStats.GCCPUFraction","measures":{"value":0.005938223954311921}}
{"ts":1673911923885595595,"type":"gauge","name":"runtime.MemStats.BuckHashSys","measures":{"value":1504732}}
{"ts":1673911923920673428,"type":"gauge","name":"runtime.MemStats.HeapSys","measures":{"value":74481664}}
{"ts":1673911923952363178,"type":"gauge","name":"runtime.MemStats.LastGC","measures":{"value":1673911899683143000}}
{"ts":1673911923982801386,"type":"gauge","name":"runtime.MemStats.MCacheSys","measures":{"value":15600}}
{"ts":1673911924000262345,"type":"gauge","name":"runtime.NumCgoCall","measures":{"value":0}}
{"ts":1673911924022701845,"type":"gauge","name":"runtime.NumThread","measures":{"value":16}}
{"ts":1673911924049257928,"type":"gauge","name":"runtime.MemStats.DebugGC","measures":{"value":0}}
{"ts":1673911924100384386,"type":"gauge","name":"runtime.MemStats.EnableGC","measures":{"value":1}}
{"ts":1673911924132316511,"type":"gauge","name":"runtime.MemStats.Sys","measures":{"value":95387928}}
{"ts":1673911924156243095,"type":"timer","name":"runtime.ReadMemStats","measures":{"count":14,"m1":0.13230691497865155,"m15":0.013935173171587696,"m5":0.03896033519638589,"max":231588125,"mean":31755398.92857143,"meanrate":0.1999511926565484,"min":122000,"p50":1528750,"p75":5042875.25,"p95":231588125,"p99":231588125,"p999":231588125,"p9999":231588125,"stddev":73377286.71266623,"variance":5384226205312824}}
{"ts":1673911924196392970,"type":"gauge","name":"runtime.MemStats.Alloc","measures":{"value":39793984}}
{"ts":1673911924231933011,"type":"gauge","name":"runtime.MemStats.HeapAlloc","measures":{"value":39793984}}
{"ts":1673911924252362511,"type":"gauge","name":"runtime.MemStats.HeapReleased","measures":{"value":2621440}}
{"ts":1673911924274388011,"type":"gauge","name":"runtime.MemStats.MSpanInuse","measures":{"value":736984}}
{"ts":1673911924304027845,"type":"gauge","name":"runtime.MemStats.PauseTotalNs","measures":{"value":29363415}}
{"ts":1673911924336849053,"type":"gauge","name":"runtime.MemStats.StackInuse","measures":{"value":9404416}}
{"ts":1673911924386579886,"type":"gauge","name":"runtime.MemStats.StackSys","measures":{"value":9404416}}
{"ts":1673911928488341180,"type":"gauge","name":"runtime.MemStats.NumGC","measures":{"value":0}}
{"ts":1673911928527288597,"type":"gauge","name":"runtime.MemStats.TotalAlloc","measures":{"value":58495112}}
{"ts":1673911928559763680,"type":"gauge","name":"runtime.MemStats.HeapIdle","measures":{"value":31629312}}
{"ts":1673911928564363722,"type":"gauge","name":"runtime.MemStats.HeapInuse","measures":{"value":44163072}}
{"ts":1673911928588541555,"type":"gauge","name":"runtime.MemStats.Lookups","measures":{"value":0}}
{"ts":1673911928626466222,"type":"gauge","name":"runtime.MemStats.MSpanSys","measures":{"value":767040}}
{"ts":1673911928686773847,"type":"gauge","name":"runtime.MemStats.Frees","measures":{"value":1340}}
{"ts":1673911928767004847,"type":"gauge","name":"runtime.MemStats.Mallocs","measures":{"value":19041}}
{"ts":1673911928800783847,"type":"gauge","name":"runtime.MemStats.MCacheInuse","measures":{"value":6000}}
{"ts":1673911928824941722,"type":"histogram","name":"runtime.MemStats.PauseNs","measures":{"count":4,"max":15346916,"mean":7340853.75,"min":80875,"p50":6967812,"p75":13714999.5,"p95":15346916,"p99":15346916,"p999":15346916,"p9999":15346916,"stddev":5566378.756235978,"variance":30984572457875.188}}
{"ts":1673911928896291472,"type":"gauge","name":"runtime.MemStats.HeapObjects","measures":{"value":743109}}
{"ts":1673911929050423014,"type":"gauge","name":"runtime.MemStats.GCCPUFraction","measures":{"value":0.005938223954311921}}
{"ts":1673911929155172180,"type":"gauge","name":"runtime.NumCgoCall","measures":{"value":0}}
{"ts":1673911929238198680,"type":"gauge","name":"runtime.NumThread","measures":{"value":16}}
{"ts":1673911929249220625,"type":"gauge","name":"runtime.MemStats.BuckHashSys","measures":{"value":1505532}}
{"ts":1673911929267237208,"type":"gauge","name":"runtime.MemStats.HeapSys","measures":{"value":75792384}}
{"ts":1673911929290374208,"type":"gauge","name":"runtime.MemStats.LastGC","measures":{"value":1673911899683143000}}
{"ts":1673911929335257375,"type":"gauge","name":"runtime.MemStats.MCacheSys","measures":{"value":15600}}
{"ts":1673911929346019458,"type":"gauge","name":"runtime.MemStats.DebugGC","measures":{"value":0}}
{"ts":1673911929351325208,"type":"gauge","name":"runtime.MemStats.EnableGC","measures":{"value":1}}
{"ts":1673911929356440791,"type":"gauge","name":"runtime.MemStats.Sys","measures":{"value":95387928}}
{"ts":1673911929365307500,"type":"timer","name":"runtime.ReadMemStats","measures":{"count":15,"m1":0.13771935521708045,"m15":0.014966000593159667,"m5":0.04162208673264367,"max":231588125,"mean":29742466.8,"meanrate":0.19995295142244748,"min":122000,"p50":1561417,"p75":3424167,"p95":231588125,"p99":231588125,"p999":231588125,"p9999":231588125,"stddev":71288178.06750704,"variance":5082004332184593}}
{"ts":1673911929377099000,"type":"gauge","name":"runtime.MemStats.Alloc","measures":{"value":40884224}}
{"ts":1673911929390666208,"type":"gauge","name":"runtime.MemStats.StackInuse","measures":{"value":8093696}}
{"ts":1673911929401508666,"type":"gauge","name":"runtime.MemStats.StackSys","measures":{"value":8093696}}
{"ts":1673911929408953416,"type":"gauge","name":"runtime.MemStats.HeapAlloc","measures":{"value":40884224}}
{"ts":1673911929413779750,"type":"gauge","name":"runtime.MemStats.HeapReleased","measures":{"value":2621440}}
{"ts":1673911929420174458,"type":"gauge","name":"runtime.MemStats.MSpanInuse","measures":{"value":763096}}
{"ts":1673911929427857750,"type":"gauge","name":"runtime.MemStats.PauseTotalNs","measures":{"value":29363415}}
{"ts":1673911929429760666,"type":"gauge","name":"runtime.MemStats.NextGC","measures":{"value":53926928}}
{"ts":1673911929456279541,"type":"gauge","name":"runtime.NumGoroutine","measures":{"value":287}}
{"ts":1673911933691763502,"type":"gauge","name":"runtime.MemStats.EnableGC","measures":{"value":1}}
{"ts":1673911933890886793,"type":"gauge","name":"runtime.MemStats.Sys","measures":{"value":95387928}}
{"ts":1673911933906100752,"type":"timer","name":"runtime.ReadMemStats","measures":{"count":16,"m1":0.14269904062796196,"m15":0.015991117074135412,"m5":0.04423984338571903,"max":231588125,"mean":40619166.8125,"meanrate":0.1994473696848532,"min":122000,"p50":1622083.5,"p75":8280291.75,"p95":231588125,"p99":231588125,"p999":231588125,"p9999":231588125,"stddev":80863577.14602922,"variance":6538918108851820}}
{"ts":1673911933913719877,"type":"gauge","name":"runtime.MemStats.DebugGC","measures":{"value":0}}
{"ts":1673911933964333418,"type":"gauge","name":"runtime.MemStats.Alloc","measures":{"value":49617776}}
{"ts":1673911933973438793,"type":"gauge","name":"runtime.MemStats.HeapReleased","measures":{"value":2621440}}
{"ts":1673911933984330543,"type":"gauge","name":"runtime.MemStats.MSpanInuse","measures":{"value":893656}}
{"ts":1673911934148342919,"type":"gauge","name":"runtime.MemStats.PauseTotalNs","measures":{"value":29363415}}
{"ts":1673911934156654919,"type":"gauge","name":"runtime.MemStats.StackInuse","measures":{"value":9175040}}
{"ts":1673911934359614752,"type":"gauge","name":"runtime.MemStats.StackSys","measures":{"value":9175040}}
{"ts":1673911934404782585,"type":"gauge","name":"runtime.MemStats.HeapAlloc","measures":{"value":49617776}}
{"ts":1673911934537991627,"type":"gauge","name":"runtime.NumGoroutine","measures":{"value":716}}
{"ts":1673911934571221960,"type":"gauge","name":"runtime.MemStats.NextGC","measures":{"value":53926928}}
{"ts":1673911934845108336,"type":"gauge","name":"runtime.MemStats.HeapInuse","measures":{"value":53182464}}
{"ts":1673911934872617752,"type":"gauge","name":"runtime.MemStats.Lookups","measures":{"value":0}}
{"ts":1673911934885045377,"type":"gauge","name":"runtime.MemStats.MSpanSys","measures":{"value":897600}}
{"ts":1673911934898115669,"type":"gauge","name":"runtime.MemStats.NumGC","measures":{"value":0}}
{"ts":1673911934938380002,"type":"gauge","name":"runtime.MemStats.TotalAlloc","measures":{"value":67228664}}
{"ts":1673911936526973961,"type":"gauge","name":"runtime.MemStats.HeapIdle","measures":{"value":21528576}}
{"ts":1673911936963092712,"type":"gauge","name":"runtime.MemStats.Mallocs","measures":{"value":108846}}
{"ts":1673911937051365545,"type":"gauge","name":"runtime.MemStats.MCacheInuse","measures":{"value":6000}}
{"ts":1673911937463290337,"type":"histogram","name":"runtime.MemStats.PauseNs","measures":{"count":4,"max":15346916,"mean":7340853.75,"min":80875,"p50":6967812,"p75":13714999.5,"p95":15346916,"p99":15346916,"p999":15346916,"p9999":15346916,"stddev":5566378.756235978,"variance":30984572457875.188}}
{"ts":1673911940549586505,"type":"gauge","name":"runtime.MemStats.Frees","measures":{"value":5403}}
{"ts":1673911940560411255,"type":"gauge","name":"runtime.MemStats.GCCPUFraction","measures":{"value":0.005938223954311921}}
{"ts":1673911942366236797,"type":"gauge","name":"runtime.MemStats.HeapObjects","measures":{"value":846552}}
{"ts":1673911942635698173,"type":"gauge","name":"runtime.MemStats.HeapSys","measures":{"value":74711040}}
{"ts":1673911943010674173,"type":"gauge","name":"runtime.MemStats.LastGC","measures":{"value":1673911899683143000}}
{"ts":1673911943549811715,"type":"gauge","name":"runtime.MemStats.MCacheSys","measures":{"value":15600}}
{"ts":1673911943557634340,"type":"gauge","name":"runtime.NumCgoCall","measures":{"value":0}}
{"ts":1673911943971218882,"type":"gauge","name":"runtime.NumThread","measures":{"value":16}}
{"ts":1673911943977033048,"type":"gauge","name":"runtime.MemStats.BuckHashSys","measures":{"value":1508036}}
{"ts":1673911944639402507,"type":"gauge","name":"runtime.MemStats.HeapObjects","measures":{"value":879992}}
{"ts":1673911944893044799,"type":"gauge","name":"runtime.MemStats.GCCPUFraction","measures":{"value":0.005938223954311921}}
{"ts":1673911944965877757,"type":"gauge","name":"runtime.NumThread","measures":{"value":16}}
{"ts":1673911945295802799,"type":"gauge","name":"runtime.MemStats.BuckHashSys","measures":{"value":1508476}}
{"ts":1673911945460195507,"type":"gauge","name":"runtime.MemStats.HeapSys","measures":{"value":73465856}}
{"ts":1673911945632371424,"type":"gauge","name":"runtime.MemStats.LastGC","measures":{"value":1673911899683143000}}
{"ts":1673911945703931132,"type":"gauge","name":"runtime.MemStats.MCacheSys","measures":{"value":15600}}
{"ts":1673911945713436924,"type":"gauge","name":"runtime.NumCgoCall","measures":{"value":0}}
{"ts":1673911945966668216,"type":"gauge","name":"runtime.MemStats.DebugGC","measures":{"value":0}}
{"ts":1673911946041360633,"type":"gauge","name":"runtime.MemStats.EnableGC","measures":{"value":1}}
{"ts":1673911946061639508,"type":"gauge","name":"runtime.MemStats.Sys","measures":{"value":95650072}}
{"ts":1673911946098734633,"type":"timer","name":"runtime.ReadMemStats","measures":{"count":17,"m1":0.1355046679987349,"m15":0.01691631319790579,"m5":0.04604055947339214,"max":327946084,"mean":57520750.176470585,"meanrate":0.18646697007361684,"min":122000,"p50":1682750,"p75":99471187.5,"p95":327946084,"p99":327946084,"p999":327946084,"p9999":327946084,"stddev":103561055.37557356,"variance":10724892190502612}}
{"ts":1673911946248123841,"type":"gauge","name":"runtime.MemStats.Alloc","measures":{"value":52278304}}
{"ts":1673911946260926258,"type":"gauge","name":"runtime.MemStats.StackSys","measures":{"value":10354688}}
{"ts":1673911946295063883,"type":"gauge","name":"runtime.MemStats.HeapAlloc","measures":{"value":52278304}}
{"ts":1673911946321175966,"type":"gauge","name":"runtime.MemStats.HeapReleased","measures":{"value":2621440}}
{"ts":1673911946367062633,"type":"gauge","name":"runtime.MemStats.MSpanInuse","measures":{"value":937176}}
{"ts":1673911946376589258,"type":"gauge","name":"runtime.MemStats.PauseTotalNs","measures":{"value":29363415}}
{"ts":1673911946441767133,"type":"gauge","name":"runtime.MemStats.StackInuse","measures":{"value":10354688}}
{"ts":1673911946456869383,"type":"gauge","name":"runtime.MemStats.NextGC","measures":{"value":53926928}}
{"ts":1673911946477351133,"type":"gauge","name":"runtime.NumGoroutine","measures":{"value":665}}
{"ts":1673911946505873258,"type":"gauge","name":"runtime.MemStats.TotalAlloc","measures":{"value":69889192}}
{"ts":1673911946513248466,"type":"gauge","name":"runtime.MemStats.HeapIdle","measures":{"value":17719296}}
{"ts":1673911946526147508,"type":"gauge","name":"runtime.MemStats.HeapInuse","measures":{"value":55746560}}
{"ts":1673911946535950424,"type":"gauge","name":"runtime.MemStats.Lookups","measures":{"value":0}}
{"ts":1673911946545742049,"type":"gauge","name":"runtime.MemStats.MSpanSys","measures":{"value":946560}}
{"ts":1673911946578300174,"type":"gauge","name":"runtime.MemStats.NumGC","measures":{"value":0}}
{"ts":1673911946581519758,"type":"gauge","name":"runtime.MemStats.Frees","measures":{"value":2316}}
{"ts":1673911947165844383,"type":"gauge","name":"runtime.MemStats.Mallocs","measures":{"value":35756}}
{"ts":1673911947702171717,"type":"gauge","name":"runtime.MemStats.MCacheInuse","measures":{"value":6000}}
{"ts":1673911947738658758,"type":"histogram","name":"runtime.MemStats.PauseNs","measures":{"count":4,"max":15346916,"mean":7340853.75,"min":80875,"p50":6967812,"p75":13714999.5,"p95":15346916,"p99":15346916,"p999":15346916,"p9999":15346916,"stddev":5566378.756235978,"variance":30984572457875.188}}
{"ts":1673911947805558758,"type":"gauge","name":"runtime.MemStats.DebugGC","measures":{"value":0}}
{"ts":1673911948285299550,"type":"gauge","name":"runtime.MemStats.EnableGC","measures":{"value":1}}
{"ts":1673911948378802509,"type":"gauge","name":"runtime.MemStats.Sys","measures":{"value":95715608}}
{"ts":1673911948553408092,"type":"timer","name":"runtime.ReadMemStats","measures":{"count":18,"m1":0.15665254709670753,"m15":0.01903865504963393,"m5":0.05189099443141061,"max":327946084,"mean":57050398.277777776,"meanrate":0.18991078036178188,"min":122000,"p50":1762646,"p75":84051655.75,"p95":327946084,"p99":327946084,"p999":327946084,"p9999":327946084,"stddev":100661938.05024849,"variance":10132825772032064}}
{"ts":1673911948766896759,"type":"gauge","name":"runtime.MemStats.Alloc","measures":{"value":30712920}}
{"ts":1673911948779653425,"type":"gauge","name":"runtime.MemStats.HeapAlloc","measures":{"value":30712920}}
{"ts":1673911948793206092,"type":"gauge","name":"runtime.MemStats.HeapReleased","measures":{"value":2818048}}
{"ts":1673911948797973717,"type":"gauge","name":"runtime.MemStats.MSpanInuse","measures":{"value":784448}}
{"ts":1673911948821060551,"type":"gauge","name":"runtime.MemStats.PauseTotalNs","measures":{"value":236593082}}
{"ts":1673911948826261676,"type":"gauge","name":"runtime.MemStats.StackInuse","measures":{"value":5963776}}
{"ts":1673911948840163842,"type":"gauge","name":"runtime.MemStats.StackSys","measures":{"value":5963776}}
{"ts":1673911948854368676,"type":"gauge","name":"runtime.MemStats.NextGC","measures":{"value":60435312}}
{"ts":1673911949011950301,"type":"gauge","name":"runtime.NumGoroutine","measures":{"value":622}}
{"ts":1673911949184375509,"type":"gauge","name":"runtime.MemStats.HeapIdle","measures":{"value":34447360}}
{"ts":1673911949268352926,"type":"gauge","name":"runtime.MemStats.HeapInuse","measures":{"value":43474944}}
{"ts":1673911949289941926,"type":"gauge","name":"runtime.MemStats.Lookups","measures":{"value":0}}
{"ts":1673911949425716551,"type":"gauge","name":"runtime.MemStats.MSpanSys","measures":{"value":946560}}
{"ts":1673911949720907634,"type":"gauge","name":"runtime.MemStats.NumGC","measures":{"value":1}}
{"ts":1673911949826641384,"type":"gauge","name":"runtime.MemStats.TotalAlloc","measures":{"value":72416880}}
{"ts":1673911950032951093,"type":"gauge","name":"runtime.MemStats.Frees","measures":{"value":325667}}
{"ts":1673911950129684301,"type":"gauge","name":"runtime.MemStats.Mallocs","measures":{"value":37319}}
{"ts":1673911950142956801,"type":"gauge","name":"runtime.MemStats.MCacheInuse","measures":{"value":6000}}
{"ts":1673911950185282843,"type":"histogram","name":"runtime.MemStats.PauseNs","measures":{"count":5,"max":207229667,"mean":47318616.4,"min":80875,"p50":8819250,"p75":111288291.5,"p95":207229667,"p99":207229667,"p999":207229667,"p9999":207229667,"stddev":80110384.37035014,"variance":6417673683965240}}
{"ts":1673911950196585843,"type":"gauge","name":"runtime.MemStats.HeapObjects","measures":{"value":591644}}
{"ts":1673911950209875135,"type":"gauge","name":"runtime.MemStats.GCCPUFraction","measures":{"value":0.05923169623604651}}
{"ts":1673911950224244218,"type":"gauge","name":"runtime.MemStats.BuckHashSys","measures":{"value":1508932}}
{"ts":1673911950242800635,"type":"gauge","name":"runtime.MemStats.HeapSys","measures":{"value":77922304}}
{"ts":1673911950279086551,"type":"gauge","name":"runtime.MemStats.LastGC","measures":{"value":1673911945302070000}}
{"ts":1673911950300814801,"type":"gauge","name":"runtime.MemStats.MCacheSys","measures":{"value":15600}}
{"ts":1673911950333436676,"type":"gauge","name":"runtime.NumCgoCall","measures":{"value":0}}
{"ts":1673911950383601593,"type":"gauge","name":"runtime.NumThread","measures":{"value":16}}
{"ts":1673911950573326051,"type":"gauge","name":"runtime.MemStats.NextGC","measures":{"value":60435312}}
{"ts":1673911950618378926,"type":"gauge","name":"runtime.NumGoroutine","measures":{"value":586}}
{"ts":1673911950662750135,"type":"gauge","name":"runtime.MemStats.NumGC","measures":{"value":0}}
{"ts":1673911950721956218,"type":"gauge","name":"runtime.MemStats.TotalAlloc","measures":{"value":74977512}}
{"ts":1673911950746052718,"type":"gauge","name":"runtime.MemStats.HeapIdle","measures":{"value":33726464}}
{"ts":1673911950766514260,"type":"gauge","name":"runtime.MemStats.HeapInuse","measures":{"value":44228608}}
{"ts":1673911950794416635,"type":"gauge","name":"runtime.MemStats.Lookups","measures":{"value":0}}
{"ts":1673911950817214635,"type":"gauge","name":"runtime.MemStats.MSpanSys","measures":{"value":946560}}
{"ts":1673911950888781593,"type":"gauge","name":"runtime.MemStats.Frees","measures":{"value":2608}}
{"ts":1673911950942717885,"type":"gauge","name":"runtime.MemStats.Mallocs","measures":{"value":39761}}
{"ts":1673911950968564177,"type":"gauge","name":"runtime.MemStats.MCacheInuse","measures":{"value":6000}}
{"ts":1673911950978845927,"type":"histogram","name":"runtime.MemStats.PauseNs","measures":{"count":5,"max":207229667,"mean":47318616.4,"min":80875,"p50":8819250,"p75":111288291.5,"p95":207229667,"p99":207229667,"p999":207229667,"p9999":207229667,"stddev":80110384.37035014,"variance":6417673683965240}}
{"ts":1673911951029950760,"type":"gauge","name":"runtime.MemStats.HeapObjects","measures":{"value":628797}}
{"ts":1673911951095964718,"type":"gauge","name":"runtime.MemStats.GCCPUFraction","measures":{"value":0.05923169623604651}}
{"ts":1673911951169906218,"type":"gauge","name":"runtime.NumCgoCall","measures":{"value":0}}
{"ts":1673911951230024593,"type":"gauge","name":"runtime.NumThread","measures":{"value":16}}
{"ts":1673911951277769427,"type":"gauge","name":"runtime.MemStats.BuckHashSys","measures":{"value":1510092}}
{"ts":1673911951320055302,"type":"gauge","name":"runtime.MemStats.HeapSys","measures":{"value":77955072}}
{"ts":1673911951370039552,"type":"gauge","name":"runtime.MemStats.LastGC","measures":{"value":1673911945302070000}}
{"ts":1673911951392063343,"type":"gauge","name":"runtime.MemStats.MCacheSys","measures":{"value":15600}}
{"ts":1673911951415032052,"type":"gauge","name":"runtime.MemStats.DebugGC","measures":{"value":0}}
{"ts":1673911951459002968,"type":"gauge","name":"runtime.MemStats.EnableGC","measures":{"value":1}}
{"ts":1673911951486693843,"type":"gauge","name":"runtime.MemStats.Sys","measures":{"value":95715608}}
{"ts":1673911951515281052,"type":"timer","name":"runtime.ReadMemStats","measures":{"count":19,"m1":0.15665254709670753,"m15":0.01903865504963393,"m5":0.05189099443141061,"max":327946084,"mean":54069177.7368421,"meanrate":0.19566807151938456,"min":122000,"p50":1682750,"p75":49054416,"p95":327946084,"p99":327946084,"p999":327946084,"p9999":327946084,"stddev":98790168.12870587,"variance":9759497318897974}}
{"ts":1673911951543798593,"type":"gauge","name":"runtime.MemStats.Alloc","measures":{"value":33273552}}
{"ts":1673911951674430385,"type":"gauge","name":"runtime.MemStats.StackInuse","measures":{"value":5931008}}
{"ts":1673911951792796969,"type":"gauge","name":"runtime.MemStats.StackSys","measures":{"value":5931008}}
{"ts":1673911951811882094,"type":"gauge","name":"runtime.MemStats.HeapAlloc","measures":{"value":33273552}}
{"ts":1673911951845900677,"type":"gauge","name":"runtime.MemStats.HeapReleased","measures":{"value":2818048}}
{"ts":1673911951874915260,"type":"gauge","name":"runtime.MemStats.MSpanInuse","measures":{"value":784448}}
{"ts":1673911951901376885,"type":"gauge","name":"runtime.MemStats.PauseTotalNs","measures":{"value":236593082}}
{"ts":1673911953485696261,"type":"gauge","name":"runtime.NumThread","measures":{"value":16}}
{"ts":1673911953504627886,"type":"gauge","name":"runtime.MemStats.BuckHashSys","measures":{"value":1510900}}
{"ts":1673911953531828803,"type":"gauge","name":"runtime.MemStats.HeapSys","measures":{"value":78020608}}
{"ts":1673911953591823053,"type":"gauge","name":"runtime.MemStats.LastGC","measures":{"value":1673911945302070000}}
{"ts":1673911953619695178,"type":"gauge","name":"runtime.MemStats.MCacheSys","measures":{"value":15600}}
{"ts":1673911953651003136,"type":"gauge","name":"runtime.NumCgoCall","measures":{"value":0}}
{"ts":1673911953662863094,"type":"gauge","name":"runtime.MemStats.DebugGC","measures":{"value":0}}
{"ts":1673911953680675969,"type":"gauge","name":"runtime.MemStats.EnableGC","measures":{"value":1}}
{"ts":1673911953710164345,"type":"gauge","name":"runtime.MemStats.Sys","measures":{"value":95715608}}
{"ts":1673911953722373220,"type":"timer","name":"runtime.ReadMemStats","measures":{"count":20,"m1":0.1601184180679181,"m15":0.020041208405897272,"m5":0.05433902096938535,"max":327946084,"mean":51392752.15,"meanrate":0.199968840765246,"min":122000,"p50":1622083.5,"p75":39265562,"p95":323128186.0499999,"p99":327946084,"p999":327946084,"p9999":327946084,"stddev":96992908.38751684,"variance":9407624277469234}}
{"ts":1673911953738152928,"type":"gauge","name":"runtime.MemStats.Alloc","measures":{"value":34881152}}
{"ts":1673911953748859178,"type":"gauge","name":"runtime.MemStats.StackSys","measures":{"value":5865472}}
{"ts":1673911953775750595,"type":"gauge","name":"runtime.MemStats.HeapAlloc","measures":{"value":34881152}}
{"ts":1673911953815952386,"type":"gauge","name":"runtime.MemStats.HeapReleased","measures":{"value":2818048}}
{"ts":1673911953832911761,"type":"gauge","name":"runtime.MemStats.MSpanInuse","measures":{"value":784448}}
{"ts":1673911953864212178,"type":"gauge","name":"runtime.MemStats.PauseTotalNs","measures":{"value":236593082}}
{"ts":1673911953876999220,"type":"gauge","name":"runtime.MemStats.StackInuse","measures":{"value":5865472}}
{"ts":1673911953908005011,"type":"gauge","name":"runtime.MemStats.NextGC","measures":{"value":60435312}}
{"ts":1673911953932631678,"type":"gauge","name":"runtime.NumGoroutine","measures":{"value":544}}
{"ts":1673911953961616261,"type":"gauge","name":"runtime.MemStats.TotalAlloc","measures":{"value":76585112}}
{"ts":1673911953987193595,"type":"gauge","name":"runtime.MemStats.HeapIdle","measures":{"value":33136640}}
{"ts":1673911954020230428,"type":"gauge","name":"runtime.MemStats.HeapInuse","measures":{"value":44883968}}
{"ts":1673911954044265470,"type":"gauge","name":"runtime.MemStats.Lookups","measures":{"value":0}}
{"ts":1673911954061885678,"type":"gauge","name":"runtime.MemStats.MSpanSys","measures":{"value":946560}}
{"ts":1673911954114252136,"type":"gauge","name":"runtime.MemStats.NumGC","measures":{"value":0}}
{"ts":1673911954134921803,"type":"gauge","name":"runtime.MemStats.Frees","measures":{"value":1737}}
{"ts":1673911954153828845,"type":"gauge","name":"runtime.MemStats.Mallocs","measures":{"value":25924}}
{"ts":1673911954165124386,"type":"gauge","name":"runtime.MemStats.MCacheInuse","measures":{"value":6000}}
{"ts":1673911954277408345,"type":"histogram","name":"runtime.MemStats.PauseNs","measures":{"count":5,"max":207229667,"mean":47318616.4,"min":80875,"p50":8819250,"p75":111288291.5,"p95":207229667,"p99":207229667,"p999":207229667,"p9999":207229667,"stddev":80110384.37035014,"variance":6417673683965240}}
{"ts":1673911954343011011,"type":"gauge","name":"runtime.MemStats.HeapObjects","measures":{"value":652984}}
{"ts":1673911954386320303,"type":"gauge","name":"runtime.MemStats.GCCPUFraction","measures":{"value":0.05923169623604651}}
{"ts":1673911958490622763,"type":"gauge","name":"runtime.MemStats.MSpanSys","measures":{"value":946560}}
{"ts":1673911958507842097,"type":"gauge","name":"runtime.MemStats.NumGC","measures":{"value":0}}
{"ts":1673911958533933180,"type":"gauge","name":"runtime.MemStats.TotalAlloc","measures":{"value":78651320}}
{"ts":1673911958569720888,"type":"gauge","name":"runtime.MemStats.HeapIdle","measures":{"value":32825344}}
{"ts":1673911958630200930,"type":"gauge","name":"runtime.MemStats.HeapInuse","measures":{"value":45522944}}
{"ts":1673911958663717472,"type":"gauge","name":"runtime.MemStats.Lookups","measures":{"value":0}}
{"ts":1673911958691946139,"type":"histogram","name":"runtime.MemStats.PauseNs","measures":{"count":5,"max":207229667,"mean":47318616.4,"min":80875,"p50":8819250,"p75":111288291.5,"p95":207229667,"p99":207229667,"p999":207229667,"p9999":207229667,"stddev":80110384.37035014,"variance":6417673683965240}}
{"ts":1673911958740212430,"type":"gauge","name":"runtime.MemStats.Frees","measures":{"value":2327}}
{"ts":1673911958781242305,"type":"gauge","name":"runtime.MemStats.Mallocs","measures":{"value":34477}}
{"ts":1673911958821839097,"type":"gauge","name":"runtime.MemStats.MCacheInuse","measures":{"value":6000}}
{"ts":1673911958840029222,"type":"gauge","name":"runtime.MemStats.HeapObjects","measures":{"value":685134}}
{"ts":1673911958876404555,"type":"gauge","name":"runtime.MemStats.GCCPUFraction","measures":{"value":0.05923169623604651}}
{"ts":1673911958887338680,"type":"gauge","name":"runtime.MemStats.MCacheSys","measures":{"value":15600}}
{"ts":1673911958908994389,"type":"gauge","name":"runtime.NumCgoCall","measures":{"value":0}}
{"ts":1673911958935869430,"type":"gauge","name":"runtime.NumThread","measures":{"value":16}}
{"ts":1673911958985049805,"type":"gauge","name":"runtime.MemStats.BuckHashSys","measures":{"value":1512428}}
{"ts":1673911959025633847,"type":"gauge","name":"runtime.MemStats.HeapSys","measures":{"value":78348288}}
{"ts":1673911959180730347,"type":"gauge","name":"runtime.MemStats.LastGC","measures":{"value":1673911945302070000}}
{"ts":1673911959195368764,"type":"timer","name":"runtime.ReadMemStats","measures":{"count":21,"m1":0.16330717329680633,"m15":0.021038207464183716,"m5":0.056746585187681275,"max":327946084,"mean":48997779.809523806,"meanrate":0.1999615703113383,"min":122000,"p50":1561417,"p75":29476708,"p95":318310288.0999999,"p99":327946084,"p999":327946084,"p9999":327946084,"stddev":95259435.32926928,"variance":9074360019251236}}
{"ts":1673911959214093847,"type":"gauge","name":"runtime.MemStats.DebugGC","measures":{"value":0}}
{"ts":1673911959247152764,"type":"gauge","name":"runtime.MemStats.EnableGC","measures":{"value":1}}
{"ts":1673911959307887291,"type":"gauge","name":"runtime.MemStats.Sys","measures":{"value":95715608}}
{"ts":1673911959326414208,"type":"gauge","name":"runtime.MemStats.Alloc","measures":{"value":36947360}}
{"ts":1673911959339876083,"type":"gauge","name":"runtime.MemStats.PauseTotalNs","measures":{"value":236593082}}
{"ts":1673911959359554083,"type":"gauge","name":"runtime.MemStats.StackInuse","measures":{"value":5537792}}
{"ts":1673911959397724208,"type":"gauge","name":"runtime.MemStats.StackSys","measures":{"value":5537792}}
{"ts":1673911959409399625,"type":"gauge","name":"runtime.MemStats.HeapAlloc","measures":{"value":36947360}}
{"ts":1673911959446126041,"type":"gauge","name":"runtime.MemStats.HeapReleased","measures":{"value":2818048}}
{"ts":1673911959465501208,"type":"gauge","name":"runtime.MemStats.MSpanInuse","measures":{"value":784448}}
{"ts":1673911959478952541,"type":"gauge","name":"runtime.MemStats.NextGC","measures":{"value":60435312}}
{"ts":1673911959488833166,"type":"gauge","name":"runtime.NumGoroutine","measures":{"value":374}}
{"ts":1673911963486063252,"type":"gauge","name":"runtime.MemStats.HeapIdle","measures":{"value":31965184}}
{"ts":1673911963496127460,"type":"gauge","name":"runtime.MemStats.HeapInuse","measures":{"value":46383104}}
{"ts":1673911963506677210,"type":"gauge","name":"runtime.MemStats.Lookups","measures":{"value":0}}
{"ts":1673911963517584502,"type":"gauge","name":"runtime.MemStats.MSpanSys","measures":{"value":946560}}
{"ts":1673911963526706710,"type":"gauge","name":"runtime.MemStats.NumGC","measures":{"value":0}}
{"ts":1673911963541940627,"type":"gauge","name":"runtime.MemStats.TotalAlloc","measures":{"value":80238960}}
{"ts":1673911963562727127,"type":"gauge","name":"runtime.MemStats.Frees","measures":{"value":1927}}
{"ts":1673911963570695043,"type":"gauge","name":"runtime.MemStats.Mallocs","measures":{"value":28558}}
{"ts":1673911963581839918,"type":"gauge","name":"runtime.MemStats.MCacheInuse","measures":{"value":6000}}
{"ts":1673911963587860002,"type":"histogram","name":"runtime.MemStats.PauseNs","measures":{"count":5,"max":207229667,"mean":47318616.4,"min":80875,"p50":8819250,"p75":111288291.5,"p95":207229667,"p99":207229667,"p999":207229667,"p9999":207229667,"stddev":80110384.37035014,"variance":6417673683965240}}
{"ts":1673911963600988418,"type":"gauge","name":"runtime.MemStats.HeapObjects","measures":{"value":711765}}
{"ts":1673911963617856377,"type":"gauge","name":"runtime.MemStats.GCCPUFraction","measures":{"value":0.05923169623604651}}
{"ts":1673911963638010252,"type":"gauge","name":"runtime.MemStats.BuckHashSys","measures":{"value":1513180}}
{"ts":1673911963647618960,"type":"gauge","name":"runtime.MemStats.HeapSys","measures":{"value":78348288}}
{"ts":1673911963655912960,"type":"gauge","name":"runtime.MemStats.LastGC","measures":{"value":1673911945302070000}}
{"ts":1673911963675985085,"type":"gauge","name":"runtime.MemStats.MCacheSys","measures":{"value":15600}}
{"ts":1673911963687777377,"type":"gauge","name":"runtime.NumCgoCall","measures":{"value":0}}
{"ts":1673911963708208418,"type":"gauge","name":"runtime.NumThread","measures":{"value":16}}
{"ts":1673911963715734127,"type":"gauge","name":"runtime.MemStats.DebugGC","measures":{"value":0}}
{"ts":1673911963720930002,"type":"gauge","name":"runtime.MemStats.EnableGC","measures":{"value":1}}
{"ts":1673911963727948377,"type":"gauge","name":"runtime.MemStats.Sys","measures":{"value":95715608}}
{"ts":1673911963743529668,"type":"timer","name":"runtime.ReadMemStats","measures":{"count":22,"m1":0.16624096973476496,"m15":0.022029682996148273,"m5":0.05911435586961767,"max":327946084,"mean":46805929.95454545,"meanrate":0.19997425231514318,"min":122000,"p50":1468083.5,"p75":19687854,"p95":313492390.1499999,"p99":327946084,"p999":327946084,"p9999":327946084,"stddev":93609707.99445651,"variance":8762777430807415}}
{"ts":1673911963748896293,"type":"gauge","name":"runtime.MemStats.Alloc","measures":{"value":38535000}}
{"ts":1673911963756749002,"type":"gauge","name":"runtime.MemStats.HeapAlloc","measures":{"value":38535000}}
{"ts":1673911963767434252,"type":"gauge","name":"runtime.MemStats.HeapReleased","measures":{"value":2818048}}
{"ts":1673911963776595502,"type":"gauge","name":"runtime.MemStats.MSpanInuse","measures":{"value":793152}}
{"ts":1673911963781887252,"type":"gauge","name":"runtime.MemStats.PauseTotalNs","measures":{"value":236593082}}
{"ts":1673911963800342710,"type":"gauge","name":"runtime.MemStats.StackInuse","measures":{"value":5537792}}
{"ts":1673911963809793835,"type":"gauge","name":"runtime.MemStats.StackSys","measures":{"value":5537792}}
{"ts":1673911963820396460,"type":"gauge","name":"runtime.MemStats.NextGC","measures":{"value":60435312}}
{"ts":1673911963828480460,"type":"gauge","name":"runtime.NumGoroutine","measures":{"value":380}}
