{"ts":1674237081308294930,"type":"point","name":"bandwidth-total-in|cypress-provider|33|0","measures":{"value":13810}}
{"ts":1674237081339399264,"type":"point","name":"bandwidth-total-out|cypress-provider|33|0","measures":{"value":15743}}
{"ts":1674237081342201639,"type":"point","name":"bandwidth-rate-in|cypress-provider|33|0","measures":{"value":7113.470279820244}}
{"ts":1674237081345799430,"type":"point","name":"bandwidth-rate-out|cypress-provider|33|0","measures":{"value":8136.248006215871}}
{"ts":1674237086306281044,"type":"point","name":"bandwidth-total-in|cypress-provider|33|1","measures":{"value":62264}}
{"ts":1674237086313332294,"type":"point","name":"bandwidth-total-out|cypress-provider|33|1","measures":{"value":50274}}
{"ts":1674237086315424085,"type":"point","name":"bandwidth-rate-in|cypress-provider|33|1","measures":{"value":3175.2578806494894}}
{"ts":1674237086320986294,"type":"point","name":"bandwidth-rate-out|cypress-provider|33|1","measures":{"value":1834.9303171219444}}
{"ts":1674237091306865796,"type":"point","name":"bandwidth-total-in|cypress-provider|33|2","measures":{"value":62264}}
{"ts":1674237091311932671,"type":"point","name":"bandwidth-total-out|cypress-provider|33|2","measures":{"value":50274}}
{"ts":1674237091313986129,"type":"point","name":"bandwidth-rate-in|cypress-provider|33|2","measures":{"value":21.394719308244714}}
{"ts":1674237091315876296,"type":"point","name":"bandwidth-rate-out|cypress-provider|33|2","measures":{"value":12.363663223782751}}
{"ts":1674237096306543507,"type":"point","name":"bandwidth-total-in|cypress-provider|33|3","measures":{"value":62264}}
{"ts":1674237096309248465,"type":"point","name":"bandwidth-total-out|cypress-provider|33|3","measures":{"value":50274}}
{"ts":1674237096310970173,"type":"point","name":"bandwidth-rate-in|cypress-provider|33|3","measures":{"value":0.1441564847592634}}
{"ts":1674237096313649423,"type":"point","name":"bandwidth-rate-out|cypress-provider|33|3","measures":{"value":0.08330570751639037}}
{"ts":1674237101307226926,"type":"point","name":"bandwidth-total-in|cypress-provider|33|4","measures":{"value":62264}}
{"ts":1674237101309262676,"type":"point","name":"bandwidth-total-out|cypress-provider|33|4","measures":{"value":50274}}
{"ts":1674237101311838259,"type":"point","name":"bandwidth-rate-in|cypress-provider|33|4","measures":{"value":0.0009713187538823889}}
{"ts":1674237101314663092,"type":"point","name":"bandwidth-rate-out|cypress-provider|33|4","measures":{"value":0.0005613094419667542}}
{"ts":1674237106306017261,"type":"point","name":"bandwidth-total-in|cypress-provider|33|5","measures":{"value":62264}}
{"ts":1674237106308917136,"type":"point","name":"bandwidth-total-out|cypress-provider|33|5","measures":{"value":50274}}
{"ts":1674237106313049553,"type":"point","name":"bandwidth-rate-in|cypress-provider|33|5","measures":{"value":0.000006544694282877278}}
{"ts":1674237106315983053,"type":"point","name":"bandwidth-rate-out|cypress-provider|33|5","measures":{"value":0.0000037820732700582297}}
{"ts":1674237111306620305,"type":"point","name":"bandwidth-total-in|cypress-provider|33|6","measures":{"value":67405}}
{"ts":1674237111316030514,"type":"point","name":"bandwidth-total-out|cypress-provider|33|6","measures":{"value":55934}}
{"ts":1674237111328609055,"type":"point","name":"bandwidth-rate-in|cypress-provider|33|6","measures":{"value":3237.878297372004}}
{"ts":1674237111348242055,"type":"point","name":"bandwidth-rate-out|cypress-provider|33|6","measures":{"value":3394.4057755599138}}
{"ts":1674237116310432210,"type":"point","name":"bandwidth-total-in|cypress-provider|33|7","measures":{"value":68112}}
{"ts":1674237116331612294,"type":"point","name":"bandwidth-total-out|cypress-provider|33|7","measures":{"value":57838}}
{"ts":1674237116345151335,"type":"point","name":"bandwidth-rate-in|cypress-provider|33|7","measures":{"value":30.92668798030539}}
{"ts":1674237116354240085,"type":"point","name":"bandwidth-rate-out|cypress-provider|33|7","measures":{"value":54.36048202714143}}
{"ts":1674237116475266627,"type":"point","name":"signal bootstrapping0","measures":{"value":84301667}}
{"ts":1674237116667450460,"type":"point","name":"barrierbootstrapping0","measures":{"value":133873125}}
{"ts":1674237116726384127,"type":"point","name":"full bootstrapping0","measures":{"value":39166999266}}
{"ts":1674237123319824797,"type":"point","name":"bandwidth-total-in|cypress-provider|33|8","measures":{"value":79672}}
{"ts":1674237125088958173,"type":"point","name":"bandwidth-total-out|cypress-provider|33|8","measures":{"value":114990}}
{"ts":1674237126895926132,"type":"point","name":"bandwidth-rate-in|cypress-provider|33|8","measures":{"value":2265.254215013289}}
{"ts":1674237126976407465,"type":"point","name":"bandwidth-rate-out|cypress-provider|33|8","measures":{"value":8204.803060350998}}
{"ts":1674237128560017008,"type":"point","name":"bandwidth-total-in|cypress-provider|33|9","measures":{"value":87948}}
{"ts":1674237128725989008,"type":"point","name":"bandwidth-total-out|cypress-provider|33|9","measures":{"value":127587}}
{"ts":1674237129230255758,"type":"point","name":"bandwidth-rate-in|cypress-provider|33|9","measures":{"value":1887.8268892874598}}
{"ts":1674237130420947800,"type":"point","name":"bandwidth-rate-out|cypress-provider|33|9","measures":{"value":1650.5425856517204}}
{"ts":1674237131971810259,"type":"point","name":"bandwidth-total-in|cypress-provider|33|10","measures":{"value":92494}}
{"ts":1674237132236715093,"type":"point","name":"bandwidth-total-out|cypress-provider|33|10","measures":{"value":130356}}
{"ts":1674237132318473051,"type":"point","name":"bandwidth-rate-in|cypress-provider|33|10","measures":{"value":409.9942511472177}}
{"ts":1674237132395040926,"type":"point","name":"bandwidth-rate-out|cypress-provider|33|10","measures":{"value":929.2000060834251}}
{"ts":1674237135977935053,"type":"point","name":"time-to-provide-3","measures":{"value":16481055008}}
{"ts":1674237136370398970,"type":"point","name":"bandwidth-total-in|cypress-provider|33|11","measures":{"value":116239}}
{"ts":1674237136460367678,"type":"point","name":"bandwidth-total-out|cypress-provider|33|11","measures":{"value":159549}}
{"ts":1674237136488506261,"type":"point","name":"bandwidth-rate-in|cypress-provider|33|11","measures":{"value":3621.853076876278}}
{"ts":1674237136502599428,"type":"point","name":"bandwidth-rate-out|cypress-provider|33|11","measures":{"value":3763.281323705739}}
{"ts":1674237140444574763,"type":"point","name":"time-to-provide-0","measures":{"value":21068441260}}
{"ts":1674237141020150597,"type":"point","name":"time-to-provide-1","measures":{"value":21644944469}}
{"ts":1674237141091999430,"type":"point","name":"time-to-provide-2","measures":{"value":21595104969}}
{"ts":1674237141179473722,"type":"point","name":"time-to-provide-4","measures":{"value":21705049177}}
{"ts":1674237141394988347,"type":"point","name":"bandwidth-total-in|cypress-provider|33|12","measures":{"value":130150}}
{"ts":1674237141415388930,"type":"point","name":"bandwidth-total-out|cypress-provider|33|12","measures":{"value":167377}}
{"ts":1674237141433554250,"type":"point","name":"bandwidth-rate-in|cypress-provider|33|12","measures":{"value":2705.828211675869}}
{"ts":1674237141438424166,"type":"point","name":"bandwidth-rate-out|cypress-provider|33|12","measures":{"value":3679.095368636064}}
{"ts":1674237141600874208,"type":"point","name":"signal provider-records1","measures":{"value":415372583}}
{"ts":1674237144220413042,"type":"point","name":"barrierprovider-records1","measures":{"value":2559873834}}
{"ts":1674237144487007084,"type":"point","name":"full provider-records1","measures":{"value":25316065011}}
{"ts":1674237146196545418,"type":"point","name":"time-to-find-first|cypress-provider|0","measures":{"value":85833}}
{"ts":1674237146299642918,"type":"point","name":"time-to-find-first|cypress-provider|4","measures":{"value":263714792}}
{"ts":1674237146991592544,"type":"point","name":"time-to-find-first|cypress-provider|1","measures":{"value":688277834}}
{"ts":1674237147047461336,"type":"point","name":"time-to-find-first|cypress-provider|3","measures":{"value":81166}}
{"ts":1674237146322556585,"type":"point","name":"bandwidth-total-in|cypress-provider|33|13","measures":{"value":144769}}
{"ts":1674237147930041169,"type":"point","name":"bandwidth-total-out|cypress-provider|33|13","measures":{"value":218363}}
{"ts":1674237147995789461,"type":"point","name":"bandwidth-rate-in|cypress-provider|33|13","measures":{"value":473.66173657092355}}
{"ts":1674237148104050378,"type":"point","name":"bandwidth-rate-out|cypress-provider|33|13","measures":{"value":24226.93450147384}}
{"ts":1674237147735248836,"type":"point","name":"time-to-find-first|cypress-provider|2","measures":{"value":688683208}}
{"ts":1674237151437265213,"type":"point","name":"bandwidth-total-in|cypress-provider|33|14","measures":{"value":169216}}
{"ts":1674237152116678630,"type":"point","name":"bandwidth-total-out|cypress-provider|33|14","measures":{"value":399056}}
{"ts":1674237153713609380,"type":"point","name":"bandwidth-rate-in|cypress-provider|33|14","measures":{"value":7538.1749320616145}}
{"ts":1674237153803595089,"type":"point","name":"bandwidth-rate-out|cypress-provider|33|14","measures":{"value":24056.783461829917}}
{"ts":1674237156709911132,"type":"point","name":"bandwidth-total-in|cypress-provider|33|15","measures":{"value":205084}}
{"ts":1674237157260627465,"type":"point","name":"bandwidth-total-out|cypress-provider|33|15","measures":{"value":634715}}
{"ts":1674237159625716217,"type":"point","name":"bandwidth-rate-in|cypress-provider|33|15","measures":{"value":17770.415631104664}}
{"ts":1674237160034473425,"type":"point","name":"bandwidth-rate-out|cypress-provider|33|15","measures":{"value":110021.49992654586}}
{"ts":1674237162026577801,"type":"point","name":"bandwidth-total-in|cypress-provider|33|16","measures":{"value":241662}}
{"ts":1674237162663101426,"type":"point","name":"bandwidth-total-out|cypress-provider|33|16","measures":{"value":659901}}
{"ts":1674237162952539593,"type":"point","name":"bandwidth-rate-in|cypress-provider|33|16","measures":{"value":13944.852308574968}}
{"ts":1674237163738258677,"type":"point","name":"bandwidth-rate-out|cypress-provider|33|16","measures":{"value":11962.925840044503}}
{"ts":1674237168020880429,"type":"point","name":"bandwidth-total-in|cypress-provider|33|17","measures":{"value":247815}}
{"ts":1674237168139068512,"type":"point","name":"bandwidth-total-out|cypress-provider|33|17","measures":{"value":664718}}
{"ts":1674237168481416679,"type":"point","name":"bandwidth-rate-in|cypress-provider|33|17","measures":{"value":1235.650723544184}}
{"ts":1674237168520188221,"type":"point","name":"bandwidth-rate-out|cypress-provider|33|17","measures":{"value":937.6341146929022}}
{"ts":1674237171543135041,"type":"point","name":"bandwidth-total-in|cypress-provider|33|18","measures":{"value":261918}}
{"ts":1674237171638268083,"type":"point","name":"bandwidth-total-out|cypress-provider|33|18","measures":{"value":712385}}
{"ts":1674237172039756375,"type":"point","name":"bandwidth-rate-in|cypress-provider|33|18","measures":{"value":10942.943422149317}}
{"ts":1674237172644231000,"type":"point","name":"bandwidth-rate-out|cypress-provider|33|18","measures":{"value":38699.08429517565}}
{"ts":1674237172381251167,"type":"point","name":"num-hops|cypress-provider|1","measures":{"value":3}}
{"ts":1674237172976813667,"type":"point","name":"time-to-find-last|done|cypress-provider|1","measures":{"value":2802287626}}
{"ts":1674237173115969125,"type":"point","name":"time-to-find|done|cypress-provider|1","measures":{"value":26811910387}}
{"ts":1674237173266820875,"type":"point","name":"peers-found|done|cypress-provider|1","measures":{"value":50}}
{"ts":1674237173278385042,"type":"point","name":"peers-missing|done|cypress-provider|1","measures":{"value":0}}
{"ts":1674237172150976292,"type":"point","name":"num-hops|cypress-provider|2","measures":{"value":3}}
{"ts":1674237173561678084,"type":"point","name":"time-to-find-last|done|cypress-provider|2","measures":{"value":7612281086}}
{"ts":1674237173743761751,"type":"point","name":"time-to-find|done|cypress-provider|2","measures":{"value":26696439637}}
{"ts":1674237173815689667,"type":"point","name":"peers-found|done|cypress-provider|2","measures":{"value":50}}
{"ts":1674237173876768834,"type":"point","name":"peers-missing|done|cypress-provider|2","measures":{"value":0}}
{"ts":1674237173292125042,"type":"point","name":"num-hops|cypress-provider|3","measures":{"value":3}}
{"ts":1674237173995965292,"type":"point","name":"time-to-find-last|done|cypress-provider|3","measures":{"value":2117253001}}
{"ts":1674237174063167334,"type":"point","name":"time-to-find|done|cypress-provider|3","measures":{"value":27015018345}}
{"ts":1674237174159640167,"type":"point","name":"peers-found|done|cypress-provider|3","measures":{"value":50}}
{"ts":1674237174264111376,"type":"point","name":"peers-missing|done|cypress-provider|3","measures":{"value":0}}
{"ts":1674237174484247834,"type":"point","name":"num-hops|cypress-provider|0","measures":{"value":1}}
{"ts":1674237174602080168,"type":"point","name":"time-to-find-last|done|cypress-provider|0","measures":{"value":130047917}}
{"ts":1674237174631342959,"type":"point","name":"time-to-find|done|cypress-provider|0","measures":{"value":28434120263}}
{"ts":1674237174686976793,"type":"point","name":"peers-found|done|cypress-provider|0","measures":{"value":50}}
{"ts":1674237174715086168,"type":"point","name":"peers-missing|done|cypress-provider|0","measures":{"value":0}}
{"ts":1674237174494181959,"type":"point","name":"num-hops|cypress-provider|4","measures":{"value":3}}
{"ts":1674237174832225126,"type":"point","name":"time-to-find-last|done|cypress-provider|4","measures":{"value":1614440584}}
{"ts":1674237174848154626,"type":"point","name":"time-to-find|done|cypress-provider|4","measures":{"value":28811467180}}
{"ts":1674237174881703084,"type":"point","name":"peers-found|done|cypress-provider|4","measures":{"value":50}}
{"ts":1674237174918052834,"type":"point","name":"peers-missing|done|cypress-provider|4","measures":{"value":0}}
{"ts":1674237175103757335,"type":"point","name":"signal provider-records2","measures":{"value":162959042}}
{"ts":1674237175449564543,"type":"point","name":"barrierprovider-records2","measures":{"value":308453625}}
{"ts":1674237175570983085,"type":"point","name":"full provider-records2","measures":{"value":29535869680}}
{"ts":1674237176329973460,"type":"point","name":"bandwidth-total-in|cypress-provider|33|19","measures":{"value":370744}}
{"ts":1674237176339984918,"type":"point","name":"bandwidth-total-out|cypress-provider|33|19","measures":{"value":855464}}
{"ts":1674237176343488543,"type":"point","name":"bandwidth-rate-in|cypress-provider|33|19","measures":{"value":5081.398724803673}}
{"ts":1674237176349801960,"type":"point","name":"bandwidth-rate-out|cypress-provider|33|19","measures":{"value":4577.422917230193}}
{"ts":1674237181359353921,"type":"point","name":"bandwidth-total-in|cypress-provider|33|20","measures":{"value":370744}}
{"ts":1674237181375312963,"type":"point","name":"bandwidth-total-out|cypress-provider|33|20","measures":{"value":855464}}
{"ts":1674237181383776879,"type":"point","name":"bandwidth-rate-in|cypress-provider|33|20","measures":{"value":34.23819528894763}}
{"ts":1674237181389657004,"type":"point","name":"bandwidth-rate-out|cypress-provider|33|20","measures":{"value":30.84243300869623}}
{"ts":1674237186312008548,"type":"point","name":"bandwidth-total-in|cypress-provider|33|21","measures":{"value":370744}}
{"ts":1674237186333129798,"type":"point","name":"bandwidth-total-out|cypress-provider|33|21","measures":{"value":855464}}
{"ts":1674237186338383632,"type":"point","name":"bandwidth-rate-in|cypress-provider|33|21","measures":{"value":0.23069514520126694}}
{"ts":1674237186341847090,"type":"point","name":"bandwidth-rate-out|cypress-provider|33|21","measures":{"value":0.20781467893543934}}
{"ts":1674237191326182926,"type":"point","name":"bandwidth-total-in|cypress-provider|33|22","measures":{"value":370744}}
{"ts":1674237191329154051,"type":"point","name":"bandwidth-total-out|cypress-provider|33|22","measures":{"value":855464}}
{"ts":1674237191347220467,"type":"point","name":"bandwidth-rate-in|cypress-provider|33|22","measures":{"value":0.001554411661312463}}
{"ts":1674237191349204551,"type":"point","name":"bandwidth-rate-out|cypress-provider|33|22","measures":{"value":0.0014002442922989536}}
{"ts":1674237196322978678,"type":"point","name":"bandwidth-total-in|cypress-provider|33|23","measures":{"value":370744}}
{"ts":1674237196341057470,"type":"point","name":"bandwidth-total-out|cypress-provider|33|23","measures":{"value":855464}}
{"ts":1674237196343261970,"type":"point","name":"bandwidth-rate-in|cypress-provider|33|23","measures":{"value":0.000010473543388683768}}
{"ts":1674237196345164053,"type":"point","name":"bandwidth-rate-out|cypress-provider|33|23","measures":{"value":0.00000943477182728229}}
{"ts":1674237201543841291,"type":"point","name":"bandwidth-total-in|cypress-provider|33|24","measures":{"value":370744}}
{"ts":1674237201549523833,"type":"point","name":"bandwidth-total-out|cypress-provider|33|24","measures":{"value":855464}}
{"ts":1674237201596546458,"type":"point","name":"bandwidth-rate-in|cypress-provider|33|24","measures":{"value":7.057018024557324e-8}}
{"ts":1674237201657406250,"type":"point","name":"bandwidth-rate-out|cypress-provider|33|24","measures":{"value":6.357099252069282e-8}}
{"ts":1674237206437671794,"type":"point","name":"bandwidth-total-in|cypress-provider|33|25","measures":{"value":370744}}
{"ts":1674237206463074544,"type":"point","name":"bandwidth-total-out|cypress-provider|33|25","measures":{"value":855464}}
{"ts":1674237206534506044,"type":"point","name":"bandwidth-rate-in|cypress-provider|33|25","measures":{"value":4.754981342105808e-10}}
{"ts":1674237206592059752,"type":"point","name":"bandwidth-rate-out|cypress-provider|33|25","measures":{"value":4.283379782836869e-10}}
{"ts":1674237211337483546,"type":"point","name":"bandwidth-total-in|cypress-provider|33|26","measures":{"value":370744}}
{"ts":1674237211340745129,"type":"point","name":"bandwidth-total-out|cypress-provider|33|26","measures":{"value":855464}}
{"ts":1674237211342118713,"type":"point","name":"bandwidth-rate-in|cypress-provider|33|26","measures":{"value":3.2038812264749214e-12}}
{"ts":1674237211345611254,"type":"point","name":"bandwidth-rate-out|cypress-provider|33|26","measures":{"value":2.8861185953709045e-12}}
