{"level":"info","ts":1674174006893028672,"msg":"br","Node":"12D3KooWNentwzsa1BpUkXPJWYBg3riYQ64XM9JUCfoVt4KqwKdw","Peer":"12D3KooWL3XJ9EMCyZvmmGXL2LMiVBtrVa2BuESsJiXkSj7333Jw"}
{"level":"info","ts":1674174006931043755,"msg":"br","Node":"12D3KooWNentwzsa1BpUkXPJWYBg3riYQ64XM9JUCfoVt4KqwKdw","Peer":"12D3KooWDf6Jpo3XnCHoQ7uXMpxS3RbZrysd9Z7iGWLqyQ8K87VZ"}
{"level":"info","ts":1674174006953085797,"msg":"br","Node":"12D3KooWNentwzsa1BpUkXPJWYBg3riYQ64XM9JUCfoVt4KqwKdw","Peer":"12D3KooWCR2EoapJjoQVR4E3NLjWn818gG3XizQ92Yx6C424HL2g"}
{"level":"info","ts":1674174007009779714,"msg":"br","Node":"12D3KooWNentwzsa1BpUkXPJWYBg3riYQ64XM9JUCfoVt4KqwKdw","Peer":"12D3KooWBHDsBRbrf52fh6czkYXYY3tTk4fSfen3ZWvYEzFeHM2g"}
{"level":"info","ts":1674174007026524505,"msg":"br","Node":"12D3KooWNentwzsa1BpUkXPJWYBg3riYQ64XM9JUCfoVt4KqwKdw","Peer":"12D3KooWRuYVGEsecrJJhZsSoKf1UNdBVYKFCmFLNj9ucZiSQCYj"}
{"level":"info","ts":1674174007061845422,"msg":"br","Node":"12D3KooWNentwzsa1BpUkXPJWYBg3riYQ64XM9JUCfoVt4KqwKdw","Peer":"12D3KooWE4qDcRrueTuRYWUdQZgcy7APZqBngVeXRt4Y6ytHizKV"}
{"level":"info","ts":1674174007089989380,"msg":"br","Node":"12D3KooWNentwzsa1BpUkXPJWYBg3riYQ64XM9JUCfoVt4KqwKdw","Peer":"12D3KooWEiCzB4bVxyxYwB7xpSvra1Yz1SB39kih4qHpFjDWoC9J"}
{"level":"info","ts":1674174007110670130,"msg":"br","Node":"12D3KooWNentwzsa1BpUkXPJWYBg3riYQ64XM9JUCfoVt4KqwKdw","Peer":"12D3KooWH7AZDg4C1XecakNbagg7LaR3AHqyxr3obNismNfpW1U2"}
{"level":"info","ts":1674174007118152797,"msg":"br","Node":"12D3KooWNentwzsa1BpUkXPJWYBg3riYQ64XM9JUCfoVt4KqwKdw","Peer":"12D3KooWGve8Xnd9qBGe7YSXskiD386LmWuWEhQjVhyLFQBiKou5"}
{"level":"info","ts":1674174007134795630,"msg":"br","Node":"12D3KooWNentwzsa1BpUkXPJWYBg3riYQ64XM9JUCfoVt4KqwKdw","Peer":"12D3KooWM4yJB31d4hF2F9Vdwuj9WFo1qonoySyw4bVAQ9a9d21o"}
{"level":"info","ts":1674174007146179714,"msg":"br","Node":"12D3KooWNentwzsa1BpUkXPJWYBg3riYQ64XM9JUCfoVt4KqwKdw","Peer":"12D3KooWRFC9qu1UyqfS5fdVjNJBEHDon7m1Ha9fVyNGxfXdD77B"}
{"level":"info","ts":1674174007154670339,"msg":"br","Node":"12D3KooWNentwzsa1BpUkXPJWYBg3riYQ64XM9JUCfoVt4KqwKdw","Peer":"12D3KooWQ3XvwCaYCPy5oXzUiSVQWoBJTkSjkVnMDaDrvCDNpTtZ"}
{"level":"info","ts":1674174007165539339,"msg":"br","Node":"12D3KooWNentwzsa1BpUkXPJWYBg3riYQ64XM9JUCfoVt4KqwKdw","Peer":"12D3KooWEuk3nU2BCEx3AMKnCFLEG7yXAt1q7gcstxCTJZMfTwkV"}
{"level":"info","ts":1674174007169248380,"msg":"br","Node":"12D3KooWNentwzsa1BpUkXPJWYBg3riYQ64XM9JUCfoVt4KqwKdw","Peer":"12D3KooWB224kvi7vN34xJfsfW7bnv6eodxTkgo9VFA6UiaGMgRD"}
{"level":"info","ts":1674174007180972714,"msg":"br","Node":"12D3KooWNentwzsa1BpUkXPJWYBg3riYQ64XM9JUCfoVt4KqwKdw","Peer":"12D3KooWB1b3qZxWJanuhtseF3DmPggHCtG36KZ9ixkqHtdKH9fh"}
{"level":"info","ts":1674174007191721714,"msg":"br","Node":"12D3KooWNentwzsa1BpUkXPJWYBg3riYQ64XM9JUCfoVt4KqwKdw","Peer":"12D3KooWSyUTnwQRmgAaT5hnnDiU9BENzaGGH4MNnT8iU138rjLw"}
{"level":"info","ts":1674174007198110464,"msg":"br","Node":"12D3KooWNentwzsa1BpUkXPJWYBg3riYQ64XM9JUCfoVt4KqwKdw","Peer":"12D3KooWNc5rNmCJ9yvXviXaENnp7vqDQjomZwia4aA7Q3hSYkiW"}
{"level":"info","ts":1674174007212751797,"msg":"br","Node":"12D3KooWNentwzsa1BpUkXPJWYBg3riYQ64XM9JUCfoVt4KqwKdw","Peer":"12D3KooWKCz8coBHWrFr7Z3ZZekUTsZdm9bUTuKQBbX6tTvKhqmy"}
{"level":"info","ts":1674174007227038422,"msg":"br","Node":"12D3KooWNentwzsa1BpUkXPJWYBg3riYQ64XM9JUCfoVt4KqwKdw","Peer":"12D3KooWHFfn6pWFnJpUJM6EQKry7WKB7y9E8yMzpE6dnvftD8Uc"}
{"level":"info","ts":1674174007244626255,"msg":"br","Node":"12D3KooWNentwzsa1BpUkXPJWYBg3riYQ64XM9JUCfoVt4KqwKdw","Peer":"12D3KooWPZk9oAqaXNcWic2xpa2UKPwcuxt2hRk4sdrYL7YeapCL"}
{"level":"info","ts":1674174007286502297,"msg":"br","Node":"12D3KooWNentwzsa1BpUkXPJWYBg3riYQ64XM9JUCfoVt4KqwKdw","Peer":"12D3KooWQZE6PKvDTbRViCmco2pjEfNWRUK7MKVCTH6EjwfYDvxv"}
{"level":"info","ts":1674174007307046714,"msg":"br","Node":"12D3KooWNentwzsa1BpUkXPJWYBg3riYQ64XM9JUCfoVt4KqwKdw","Peer":"12D3KooWPgam4TzSVCRa4AbhxQnM9abCYR4E9hV57SN7eAjEYn1j"}
{"level":"info","ts":1674174007313674797,"msg":"br","Node":"12D3KooWNentwzsa1BpUkXPJWYBg3riYQ64XM9JUCfoVt4KqwKdw","Peer":"12D3KooW9yvKfP5HgVaLnNaxWywo3pLAEypk7wjUcpgKwLznk5gQ"}
{"level":"info","ts":1674174007325741797,"msg":"br","Node":"12D3KooWNentwzsa1BpUkXPJWYBg3riYQ64XM9JUCfoVt4KqwKdw","Peer":"12D3KooWQYz2inBsgiBoqNtmEn1qeRBr9B8cdishFuBgiARcfMcY"}
{"level":"info","ts":1674174007354216214,"msg":"br","Node":"12D3KooWNentwzsa1BpUkXPJWYBg3riYQ64XM9JUCfoVt4KqwKdw","Peer":"12D3KooWKwfWu3TQuPNRUfEjEYSANNDYvq2D2GuYdysyHcGHB58t"}
{"level":"info","ts":1674174007369933922,"msg":"br","Node":"12D3KooWNentwzsa1BpUkXPJWYBg3riYQ64XM9JUCfoVt4KqwKdw","Peer":"12D3KooWHAFEHoQDaEe95P9y2w8Zh2tqb8QbF4gUmhmmWT1XNeTC"}
{"level":"info","ts":1674174007400992047,"msg":"br","Node":"12D3KooWNentwzsa1BpUkXPJWYBg3riYQ64XM9JUCfoVt4KqwKdw","Peer":"12D3KooWGEcD5sW5osB6LajkHGqiGc3W8eKfYwnJVVqfujkpLWX2"}
{"level":"info","ts":1674174007413970422,"msg":"br","Node":"12D3KooWNentwzsa1BpUkXPJWYBg3riYQ64XM9JUCfoVt4KqwKdw","Peer":"12D3KooWFJGAAPuFWEeZUVvSEs7dEGnzgCyBpVuYAx8R9WmSNMe7"}
{"level":"info","ts":1674174007432546964,"msg":"br","Node":"12D3KooWNentwzsa1BpUkXPJWYBg3riYQ64XM9JUCfoVt4KqwKdw","Peer":"12D3KooWKRyzVWW6ChFjQjK4miCty85Niy49tpPV95XdKu1BcvMA"}
{"level":"info","ts":1674174007453954339,"msg":"br","Node":"12D3KooWNentwzsa1BpUkXPJWYBg3riYQ64XM9JUCfoVt4KqwKdw","Peer":"12D3KooWK3agpH5Lx8HeCHbHfQq2APDdxHUo8Kft3fMqP2aTvoVH"}
{"level":"info","ts":1674174007908197006,"msg":"ar","Node":"12D3KooWNentwzsa1BpUkXPJWYBg3riYQ64XM9JUCfoVt4KqwKdw","Peer":"12D3KooWL3XJ9EMCyZvmmGXL2LMiVBtrVa2BuESsJiXkSj7333Jw"}
{"level":"info","ts":1674174007912580422,"msg":"ar","Node":"12D3KooWNentwzsa1BpUkXPJWYBg3riYQ64XM9JUCfoVt4KqwKdw","Peer":"12D3KooWDf6Jpo3XnCHoQ7uXMpxS3RbZrysd9Z7iGWLqyQ8K87VZ"}
{"level":"info","ts":1674174007936887589,"msg":"ar","Node":"12D3KooWNentwzsa1BpUkXPJWYBg3riYQ64XM9JUCfoVt4KqwKdw","Peer":"12D3KooWCR2EoapJjoQVR4E3NLjWn818gG3XizQ92Yx6C424HL2g"}
{"level":"info","ts":1674174007947040756,"msg":"ar","Node":"12D3KooWNentwzsa1BpUkXPJWYBg3riYQ64XM9JUCfoVt4KqwKdw","Peer":"12D3KooWBHDsBRbrf52fh6czkYXYY3tTk4fSfen3ZWvYEzFeHM2g"}
{"level":"info","ts":1674174007967107047,"msg":"ar","Node":"12D3KooWNentwzsa1BpUkXPJWYBg3riYQ64XM9JUCfoVt4KqwKdw","Peer":"12D3KooWRuYVGEsecrJJhZsSoKf1UNdBVYKFCmFLNj9ucZiSQCYj"}
{"level":"info","ts":1674174007982643006,"msg":"ar","Node":"12D3KooWNentwzsa1BpUkXPJWYBg3riYQ64XM9JUCfoVt4KqwKdw","Peer":"12D3KooWE4qDcRrueTuRYWUdQZgcy7APZqBngVeXRt4Y6ytHizKV"}
{"level":"info","ts":1674174007989109047,"msg":"ar","Node":"12D3KooWNentwzsa1BpUkXPJWYBg3riYQ64XM9JUCfoVt4KqwKdw","Peer":"12D3KooWEiCzB4bVxyxYwB7xpSvra1Yz1SB39kih4qHpFjDWoC9J"}
{"level":"info","ts":1674174008015099089,"msg":"ar","Node":"12D3KooWNentwzsa1BpUkXPJWYBg3riYQ64XM9JUCfoVt4KqwKdw","Peer":"12D3KooWH7AZDg4C1XecakNbagg7LaR3AHqyxr3obNismNfpW1U2"}
{"level":"info","ts":1674174008035738631,"msg":"ar","Node":"12D3KooWNentwzsa1BpUkXPJWYBg3riYQ64XM9JUCfoVt4KqwKdw","Peer":"12D3KooWGve8Xnd9qBGe7YSXskiD386LmWuWEhQjVhyLFQBiKou5"}
{"level":"info","ts":1674174008067663339,"msg":"ar","Node":"12D3KooWNentwzsa1BpUkXPJWYBg3riYQ64XM9JUCfoVt4KqwKdw","Peer":"12D3KooWM4yJB31d4hF2F9Vdwuj9WFo1qonoySyw4bVAQ9a9d21o"}
{"level":"info","ts":1674174008094661047,"msg":"ar","Node":"12D3KooWNentwzsa1BpUkXPJWYBg3riYQ64XM9JUCfoVt4KqwKdw","Peer":"12D3KooWRFC9qu1UyqfS5fdVjNJBEHDon7m1Ha9fVyNGxfXdD77B"}
{"level":"info","ts":1674174008109484339,"msg":"ar","Node":"12D3KooWNentwzsa1BpUkXPJWYBg3riYQ64XM9JUCfoVt4KqwKdw","Peer":"12D3KooWQ3XvwCaYCPy5oXzUiSVQWoBJTkSjkVnMDaDrvCDNpTtZ"}
{"level":"info","ts":1674174008135301881,"msg":"ar","Node":"12D3KooWNentwzsa1BpUkXPJWYBg3riYQ64XM9JUCfoVt4KqwKdw","Peer":"12D3KooWEuk3nU2BCEx3AMKnCFLEG7yXAt1q7gcstxCTJZMfTwkV"}
{"level":"info","ts":1674174008174606714,"msg":"ar","Node":"12D3KooWNentwzsa1BpUkXPJWYBg3riYQ64XM9JUCfoVt4KqwKdw","Peer":"12D3KooWB224kvi7vN34xJfsfW7bnv6eodxTkgo9VFA6UiaGMgRD"}
{"level":"info","ts":1674174008179892672,"msg":"ar","Node":"12D3KooWNentwzsa1BpUkXPJWYBg3riYQ64XM9JUCfoVt4KqwKdw","Peer":"12D3KooWB1b3qZxWJanuhtseF3DmPggHCtG36KZ9ixkqHtdKH9fh"}
{"level":"info","ts":1674174008213923589,"msg":"ar","Node":"12D3KooWNentwzsa1BpUkXPJWYBg3riYQ64XM9JUCfoVt4KqwKdw","Peer":"12D3KooWSyUTnwQRmgAaT5hnnDiU9BENzaGGH4MNnT8iU138rjLw"}
{"level":"info","ts":1674174008230137256,"msg":"ar","Node":"12D3KooWNentwzsa1BpUkXPJWYBg3riYQ64XM9JUCfoVt4KqwKdw","Peer":"12D3KooWNc5rNmCJ9yvXviXaENnp7vqDQjomZwia4aA7Q3hSYkiW"}
{"level":"info","ts":1674174008244110256,"msg":"ar","Node":"12D3KooWNentwzsa1BpUkXPJWYBg3riYQ64XM9JUCfoVt4KqwKdw","Peer":"12D3KooWKCz8coBHWrFr7Z3ZZekUTsZdm9bUTuKQBbX6tTvKhqmy"}
{"level":"info","ts":1674174008263801589,"msg":"ar","Node":"12D3KooWNentwzsa1BpUkXPJWYBg3riYQ64XM9JUCfoVt4KqwKdw","Peer":"12D3KooWHFfn6pWFnJpUJM6EQKry7WKB7y9E8yMzpE6dnvftD8Uc"}
{"level":"info","ts":1674174008279657672,"msg":"ar","Node":"12D3KooWNentwzsa1BpUkXPJWYBg3riYQ64XM9JUCfoVt4KqwKdw","Peer":"12D3KooWPZk9oAqaXNcWic2xpa2UKPwcuxt2hRk4sdrYL7YeapCL"}
{"level":"info","ts":1674174008293923381,"msg":"ar","Node":"12D3KooWNentwzsa1BpUkXPJWYBg3riYQ64XM9JUCfoVt4KqwKdw","Peer":"12D3KooWQZE6PKvDTbRViCmco2pjEfNWRUK7MKVCTH6EjwfYDvxv"}
{"level":"info","ts":1674174008308806506,"msg":"ar","Node":"12D3KooWNentwzsa1BpUkXPJWYBg3riYQ64XM9JUCfoVt4KqwKdw","Peer":"12D3KooWPgam4TzSVCRa4AbhxQnM9abCYR4E9hV57SN7eAjEYn1j"}
{"level":"info","ts":1674174008331853131,"msg":"ar","Node":"12D3KooWNentwzsa1BpUkXPJWYBg3riYQ64XM9JUCfoVt4KqwKdw","Peer":"12D3KooW9yvKfP5HgVaLnNaxWywo3pLAEypk7wjUcpgKwLznk5gQ"}
{"level":"info","ts":1674174008336751548,"msg":"ar","Node":"12D3KooWNentwzsa1BpUkXPJWYBg3riYQ64XM9JUCfoVt4KqwKdw","Peer":"12D3KooWQYz2inBsgiBoqNtmEn1qeRBr9B8cdishFuBgiARcfMcY"}
{"level":"info","ts":1674174008344666589,"msg":"ar","Node":"12D3KooWNentwzsa1BpUkXPJWYBg3riYQ64XM9JUCfoVt4KqwKdw","Peer":"12D3KooWKwfWu3TQuPNRUfEjEYSANNDYvq2D2GuYdysyHcGHB58t"}
{"level":"info","ts":1674174008364945964,"msg":"ar","Node":"12D3KooWNentwzsa1BpUkXPJWYBg3riYQ64XM9JUCfoVt4KqwKdw","Peer":"12D3KooWHAFEHoQDaEe95P9y2w8Zh2tqb8QbF4gUmhmmWT1XNeTC"}
{"level":"info","ts":1674174008412898298,"msg":"ar","Node":"12D3KooWNentwzsa1BpUkXPJWYBg3riYQ64XM9JUCfoVt4KqwKdw","Peer":"12D3KooWGEcD5sW5osB6LajkHGqiGc3W8eKfYwnJVVqfujkpLWX2"}
{"level":"info","ts":1674174008422632089,"msg":"ar","Node":"12D3KooWNentwzsa1BpUkXPJWYBg3riYQ64XM9JUCfoVt4KqwKdw","Peer":"12D3KooWFJGAAPuFWEeZUVvSEs7dEGnzgCyBpVuYAx8R9WmSNMe7"}
{"level":"info","ts":1674174008437871423,"msg":"ar","Node":"12D3KooWNentwzsa1BpUkXPJWYBg3riYQ64XM9JUCfoVt4KqwKdw","Peer":"12D3KooWKRyzVWW6ChFjQjK4miCty85Niy49tpPV95XdKu1BcvMA"}
{"level":"info","ts":1674174008460098048,"msg":"ar","Node":"12D3KooWNentwzsa1BpUkXPJWYBg3riYQ64XM9JUCfoVt4KqwKdw","Peer":"12D3KooWK3agpH5Lx8HeCHbHfQq2APDdxHUo8Kft3fMqP2aTvoVH"}
{"level":"info","ts":1674174011346636716,"msg":"at","Node":"12D3KooWNentwzsa1BpUkXPJWYBg3riYQ64XM9JUCfoVt4KqwKdw","Peer":"12D3KooWL3XJ9EMCyZvmmGXL2LMiVBtrVa2BuESsJiXkSj7333Jw"}
{"level":"info","ts":1674174011390231466,"msg":"at","Node":"12D3KooWNentwzsa1BpUkXPJWYBg3riYQ64XM9JUCfoVt4KqwKdw","Peer":"12D3KooWDf6Jpo3XnCHoQ7uXMpxS3RbZrysd9Z7iGWLqyQ8K87VZ"}
{"level":"info","ts":1674174011398827007,"msg":"at","Node":"12D3KooWNentwzsa1BpUkXPJWYBg3riYQ64XM9JUCfoVt4KqwKdw","Peer":"12D3KooWCR2EoapJjoQVR4E3NLjWn818gG3XizQ92Yx6C424HL2g"}
{"level":"info","ts":1674174011408419132,"msg":"at","Node":"12D3KooWNentwzsa1BpUkXPJWYBg3riYQ64XM9JUCfoVt4KqwKdw","Peer":"12D3KooWBHDsBRbrf52fh6czkYXYY3tTk4fSfen3ZWvYEzFeHM2g"}
{"level":"info","ts":1674174011426592882,"msg":"at","Node":"12D3KooWNentwzsa1BpUkXPJWYBg3riYQ64XM9JUCfoVt4KqwKdw","Peer":"12D3KooWRuYVGEsecrJJhZsSoKf1UNdBVYKFCmFLNj9ucZiSQCYj"}
{"level":"info","ts":1674174011436540799,"msg":"at","Node":"12D3KooWNentwzsa1BpUkXPJWYBg3riYQ64XM9JUCfoVt4KqwKdw","Peer":"12D3KooWE4qDcRrueTuRYWUdQZgcy7APZqBngVeXRt4Y6ytHizKV"}
{"level":"info","ts":1674174011442916216,"msg":"at","Node":"12D3KooWNentwzsa1BpUkXPJWYBg3riYQ64XM9JUCfoVt4KqwKdw","Peer":"12D3KooWEiCzB4bVxyxYwB7xpSvra1Yz1SB39kih4qHpFjDWoC9J"}
{"level":"info","ts":1674174011446999966,"msg":"at","Node":"12D3KooWNentwzsa1BpUkXPJWYBg3riYQ64XM9JUCfoVt4KqwKdw","Peer":"12D3KooWH7AZDg4C1XecakNbagg7LaR3AHqyxr3obNismNfpW1U2"}
{"level":"info","ts":1674174011458190841,"msg":"at","Node":"12D3KooWNentwzsa1BpUkXPJWYBg3riYQ64XM9JUCfoVt4KqwKdw","Peer":"12D3KooWGve8Xnd9qBGe7YSXskiD386LmWuWEhQjVhyLFQBiKou5"}
{"level":"info","ts":1674174011463621757,"msg":"at","Node":"12D3KooWNentwzsa1BpUkXPJWYBg3riYQ64XM9JUCfoVt4KqwKdw","Peer":"12D3KooWM4yJB31d4hF2F9Vdwuj9WFo1qonoySyw4bVAQ9a9d21o"}
{"level":"info","ts":1674174011507365049,"msg":"at","Node":"12D3KooWNentwzsa1BpUkXPJWYBg3riYQ64XM9JUCfoVt4KqwKdw","Peer":"12D3KooWRFC9qu1UyqfS5fdVjNJBEHDon7m1Ha9fVyNGxfXdD77B"}
{"level":"info","ts":1674174011509745632,"msg":"at","Node":"12D3KooWNentwzsa1BpUkXPJWYBg3riYQ64XM9JUCfoVt4KqwKdw","Peer":"12D3KooWQ3XvwCaYCPy5oXzUiSVQWoBJTkSjkVnMDaDrvCDNpTtZ"}
{"level":"info","ts":1674174011525025966,"msg":"at","Node":"12D3KooWNentwzsa1BpUkXPJWYBg3riYQ64XM9JUCfoVt4KqwKdw","Peer":"12D3KooWEuk3nU2BCEx3AMKnCFLEG7yXAt1q7gcstxCTJZMfTwkV"}
{"level":"info","ts":1674174011537227257,"msg":"at","Node":"12D3KooWNentwzsa1BpUkXPJWYBg3riYQ64XM9JUCfoVt4KqwKdw","Peer":"12D3KooWB224kvi7vN34xJfsfW7bnv6eodxTkgo9VFA6UiaGMgRD"}
{"level":"info","ts":1674174011546677757,"msg":"at","Node":"12D3KooWNentwzsa1BpUkXPJWYBg3riYQ64XM9JUCfoVt4KqwKdw","Peer":"12D3KooWB1b3qZxWJanuhtseF3DmPggHCtG36KZ9ixkqHtdKH9fh"}
{"level":"info","ts":1674174011572121341,"msg":"at","Node":"12D3KooWNentwzsa1BpUkXPJWYBg3riYQ64XM9JUCfoVt4KqwKdw","Peer":"12D3KooWSyUTnwQRmgAaT5hnnDiU9BENzaGGH4MNnT8iU138rjLw"}
{"level":"info","ts":1674174011586159924,"msg":"at","Node":"12D3KooWNentwzsa1BpUkXPJWYBg3riYQ64XM9JUCfoVt4KqwKdw","Peer":"12D3KooWNc5rNmCJ9yvXviXaENnp7vqDQjomZwia4aA7Q3hSYkiW"}
{"level":"info","ts":1674174011597899007,"msg":"at","Node":"12D3KooWNentwzsa1BpUkXPJWYBg3riYQ64XM9JUCfoVt4KqwKdw","Peer":"12D3KooWKCz8coBHWrFr7Z3ZZekUTsZdm9bUTuKQBbX6tTvKhqmy"}
{"level":"info","ts":1674174011602444924,"msg":"at","Node":"12D3KooWNentwzsa1BpUkXPJWYBg3riYQ64XM9JUCfoVt4KqwKdw","Peer":"12D3KooWHFfn6pWFnJpUJM6EQKry7WKB7y9E8yMzpE6dnvftD8Uc"}
{"level":"info","ts":1674174011612687091,"msg":"at","Node":"12D3KooWNentwzsa1BpUkXPJWYBg3riYQ64XM9JUCfoVt4KqwKdw","Peer":"12D3KooWPZk9oAqaXNcWic2xpa2UKPwcuxt2hRk4sdrYL7YeapCL"}
{"level":"info","ts":1674174011624988466,"msg":"at","Node":"12D3KooWNentwzsa1BpUkXPJWYBg3riYQ64XM9JUCfoVt4KqwKdw","Peer":"12D3KooWQZE6PKvDTbRViCmco2pjEfNWRUK7MKVCTH6EjwfYDvxv"}
{"level":"info","ts":1674174011636742841,"msg":"at","Node":"12D3KooWNentwzsa1BpUkXPJWYBg3riYQ64XM9JUCfoVt4KqwKdw","Peer":"12D3KooWPgam4TzSVCRa4AbhxQnM9abCYR4E9hV57SN7eAjEYn1j"}
{"level":"info","ts":1674174011653417841,"msg":"at","Node":"12D3KooWNentwzsa1BpUkXPJWYBg3riYQ64XM9JUCfoVt4KqwKdw","Peer":"12D3KooW9yvKfP5HgVaLnNaxWywo3pLAEypk7wjUcpgKwLznk5gQ"}
{"level":"info","ts":1674174011685624049,"msg":"at","Node":"12D3KooWNentwzsa1BpUkXPJWYBg3riYQ64XM9JUCfoVt4KqwKdw","Peer":"12D3KooWQYz2inBsgiBoqNtmEn1qeRBr9B8cdishFuBgiARcfMcY"}
{"level":"info","ts":1674174011693730549,"msg":"at","Node":"12D3KooWNentwzsa1BpUkXPJWYBg3riYQ64XM9JUCfoVt4KqwKdw","Peer":"12D3KooWKwfWu3TQuPNRUfEjEYSANNDYvq2D2GuYdysyHcGHB58t"}
{"level":"info","ts":1674174011706167424,"msg":"at","Node":"12D3KooWNentwzsa1BpUkXPJWYBg3riYQ64XM9JUCfoVt4KqwKdw","Peer":"12D3KooWHAFEHoQDaEe95P9y2w8Zh2tqb8QbF4gUmhmmWT1XNeTC"}
{"level":"info","ts":1674174011712488966,"msg":"at","Node":"12D3KooWNentwzsa1BpUkXPJWYBg3riYQ64XM9JUCfoVt4KqwKdw","Peer":"12D3KooWGEcD5sW5osB6LajkHGqiGc3W8eKfYwnJVVqfujkpLWX2"}
{"level":"info","ts":1674174011725571924,"msg":"at","Node":"12D3KooWNentwzsa1BpUkXPJWYBg3riYQ64XM9JUCfoVt4KqwKdw","Peer":"12D3KooWFJGAAPuFWEeZUVvSEs7dEGnzgCyBpVuYAx8R9WmSNMe7"}
{"level":"info","ts":1674174011742782382,"msg":"at","Node":"12D3KooWNentwzsa1BpUkXPJWYBg3riYQ64XM9JUCfoVt4KqwKdw","Peer":"12D3KooWKRyzVWW6ChFjQjK4miCty85Niy49tpPV95XdKu1BcvMA"}
{"level":"info","ts":1674174011747508966,"msg":"at","Node":"12D3KooWNentwzsa1BpUkXPJWYBg3riYQ64XM9JUCfoVt4KqwKdw","Peer":"12D3KooWK3agpH5Lx8HeCHbHfQq2APDdxHUo8Kft3fMqP2aTvoVH"}
{"level":"info","ts":1674174012220973758,"msg":"ab","Node":"12D3KooWNentwzsa1BpUkXPJWYBg3riYQ64XM9JUCfoVt4KqwKdw","Peer":"12D3KooWL3XJ9EMCyZvmmGXL2LMiVBtrVa2BuESsJiXkSj7333Jw"}
{"level":"info","ts":1674174012240997424,"msg":"ab","Node":"12D3KooWNentwzsa1BpUkXPJWYBg3riYQ64XM9JUCfoVt4KqwKdw","Peer":"12D3KooWDf6Jpo3XnCHoQ7uXMpxS3RbZrysd9Z7iGWLqyQ8K87VZ"}
{"level":"info","ts":1674174012269123591,"msg":"ab","Node":"12D3KooWNentwzsa1BpUkXPJWYBg3riYQ64XM9JUCfoVt4KqwKdw","Peer":"12D3KooWCR2EoapJjoQVR4E3NLjWn818gG3XizQ92Yx6C424HL2g"}
{"level":"info","ts":1674174012319216424,"msg":"ab","Node":"12D3KooWNentwzsa1BpUkXPJWYBg3riYQ64XM9JUCfoVt4KqwKdw","Peer":"12D3KooWBHDsBRbrf52fh6czkYXYY3tTk4fSfen3ZWvYEzFeHM2g"}
{"level":"info","ts":1674174012324797383,"msg":"ab","Node":"12D3KooWNentwzsa1BpUkXPJWYBg3riYQ64XM9JUCfoVt4KqwKdw","Peer":"12D3KooWRuYVGEsecrJJhZsSoKf1UNdBVYKFCmFLNj9ucZiSQCYj"}
{"level":"info","ts":1674174012365118633,"msg":"ab","Node":"12D3KooWNentwzsa1BpUkXPJWYBg3riYQ64XM9JUCfoVt4KqwKdw","Peer":"12D3KooWE4qDcRrueTuRYWUdQZgcy7APZqBngVeXRt4Y6ytHizKV"}
{"level":"info","ts":1674174012370964299,"msg":"ab","Node":"12D3KooWNentwzsa1BpUkXPJWYBg3riYQ64XM9JUCfoVt4KqwKdw","Peer":"12D3KooWEiCzB4bVxyxYwB7xpSvra1Yz1SB39kih4qHpFjDWoC9J"}
{"level":"info","ts":1674174012373675591,"msg":"ab","Node":"12D3KooWNentwzsa1BpUkXPJWYBg3riYQ64XM9JUCfoVt4KqwKdw","Peer":"12D3KooWH7AZDg4C1XecakNbagg7LaR3AHqyxr3obNismNfpW1U2"}
{"level":"info","ts":1674174012387924383,"msg":"ab","Node":"12D3KooWNentwzsa1BpUkXPJWYBg3riYQ64XM9JUCfoVt4KqwKdw","Peer":"12D3KooWGve8Xnd9qBGe7YSXskiD386LmWuWEhQjVhyLFQBiKou5"}
{"level":"info","ts":1674174012401475633,"msg":"ab","Node":"12D3KooWNentwzsa1BpUkXPJWYBg3riYQ64XM9JUCfoVt4KqwKdw","Peer":"12D3KooWM4yJB31d4hF2F9Vdwuj9WFo1qonoySyw4bVAQ9a9d21o"}
{"level":"info","ts":1674174012412012841,"msg":"ab","Node":"12D3KooWNentwzsa1BpUkXPJWYBg3riYQ64XM9JUCfoVt4KqwKdw","Peer":"12D3KooWRFC9qu1UyqfS5fdVjNJBEHDon7m1Ha9fVyNGxfXdD77B"}
{"level":"info","ts":1674174012422668049,"msg":"ab","Node":"12D3KooWNentwzsa1BpUkXPJWYBg3riYQ64XM9JUCfoVt4KqwKdw","Peer":"12D3KooWQ3XvwCaYCPy5oXzUiSVQWoBJTkSjkVnMDaDrvCDNpTtZ"}
{"level":"info","ts":1674174012431187383,"msg":"ab","Node":"12D3KooWNentwzsa1BpUkXPJWYBg3riYQ64XM9JUCfoVt4KqwKdw","Peer":"12D3KooWEuk3nU2BCEx3AMKnCFLEG7yXAt1q7gcstxCTJZMfTwkV"}
{"level":"info","ts":1674174012448684091,"msg":"ab","Node":"12D3KooWNentwzsa1BpUkXPJWYBg3riYQ64XM9JUCfoVt4KqwKdw","Peer":"12D3KooWB224kvi7vN34xJfsfW7bnv6eodxTkgo9VFA6UiaGMgRD"}
{"level":"info","ts":1674174012463820299,"msg":"ab","Node":"12D3KooWNentwzsa1BpUkXPJWYBg3riYQ64XM9JUCfoVt4KqwKdw","Peer":"12D3KooWB1b3qZxWJanuhtseF3DmPggHCtG36KZ9ixkqHtdKH9fh"}
{"level":"info","ts":1674174012474125508,"msg":"ab","Node":"12D3KooWNentwzsa1BpUkXPJWYBg3riYQ64XM9JUCfoVt4KqwKdw","Peer":"12D3KooWSyUTnwQRmgAaT5hnnDiU9BENzaGGH4MNnT8iU138rjLw"}
{"level":"info","ts":1674174012486810258,"msg":"ab","Node":"12D3KooWNentwzsa1BpUkXPJWYBg3riYQ64XM9JUCfoVt4KqwKdw","Peer":"12D3KooWNc5rNmCJ9yvXviXaENnp7vqDQjomZwia4aA7Q3hSYkiW"}
{"level":"info","ts":1674174012496007216,"msg":"ab","Node":"12D3KooWNentwzsa1BpUkXPJWYBg3riYQ64XM9JUCfoVt4KqwKdw","Peer":"12D3KooWKCz8coBHWrFr7Z3ZZekUTsZdm9bUTuKQBbX6tTvKhqmy"}
{"level":"info","ts":1674174012498408758,"msg":"ab","Node":"12D3KooWNentwzsa1BpUkXPJWYBg3riYQ64XM9JUCfoVt4KqwKdw","Peer":"12D3KooWHFfn6pWFnJpUJM6EQKry7WKB7y9E8yMzpE6dnvftD8Uc"}
{"level":"info","ts":1674174012505792508,"msg":"ab","Node":"12D3KooWNentwzsa1BpUkXPJWYBg3riYQ64XM9JUCfoVt4KqwKdw","Peer":"12D3KooWPZk9oAqaXNcWic2xpa2UKPwcuxt2hRk4sdrYL7YeapCL"}
{"level":"info","ts":1674174012517695591,"msg":"ab","Node":"12D3KooWNentwzsa1BpUkXPJWYBg3riYQ64XM9JUCfoVt4KqwKdw","Peer":"12D3KooWQZE6PKvDTbRViCmco2pjEfNWRUK7MKVCTH6EjwfYDvxv"}
{"level":"info","ts":1674174012562051341,"msg":"ab","Node":"12D3KooWNentwzsa1BpUkXPJWYBg3riYQ64XM9JUCfoVt4KqwKdw","Peer":"12D3KooWPgam4TzSVCRa4AbhxQnM9abCYR4E9hV57SN7eAjEYn1j"}
{"level":"info","ts":1674174012568559175,"msg":"ab","Node":"12D3KooWNentwzsa1BpUkXPJWYBg3riYQ64XM9JUCfoVt4KqwKdw","Peer":"12D3KooW9yvKfP5HgVaLnNaxWywo3pLAEypk7wjUcpgKwLznk5gQ"}
{"level":"info","ts":1674174012582799425,"msg":"ab","Node":"12D3KooWNentwzsa1BpUkXPJWYBg3riYQ64XM9JUCfoVt4KqwKdw","Peer":"12D3KooWQYz2inBsgiBoqNtmEn1qeRBr9B8cdishFuBgiARcfMcY"}
{"level":"info","ts":1674174012592112091,"msg":"ab","Node":"12D3KooWNentwzsa1BpUkXPJWYBg3riYQ64XM9JUCfoVt4KqwKdw","Peer":"12D3KooWKwfWu3TQuPNRUfEjEYSANNDYvq2D2GuYdysyHcGHB58t"}
{"level":"info","ts":1674174012611556258,"msg":"ab","Node":"12D3KooWNentwzsa1BpUkXPJWYBg3riYQ64XM9JUCfoVt4KqwKdw","Peer":"12D3KooWHAFEHoQDaEe95P9y2w8Zh2tqb8QbF4gUmhmmWT1XNeTC"}
{"level":"info","ts":1674174012634749716,"msg":"ab","Node":"12D3KooWNentwzsa1BpUkXPJWYBg3riYQ64XM9JUCfoVt4KqwKdw","Peer":"12D3KooWGEcD5sW5osB6LajkHGqiGc3W8eKfYwnJVVqfujkpLWX2"}
{"level":"info","ts":1674174012646014383,"msg":"ab","Node":"12D3KooWNentwzsa1BpUkXPJWYBg3riYQ64XM9JUCfoVt4KqwKdw","Peer":"12D3KooWFJGAAPuFWEeZUVvSEs7dEGnzgCyBpVuYAx8R9WmSNMe7"}
{"level":"info","ts":1674174012660816925,"msg":"ab","Node":"12D3KooWNentwzsa1BpUkXPJWYBg3riYQ64XM9JUCfoVt4KqwKdw","Peer":"12D3KooWKRyzVWW6ChFjQjK4miCty85Niy49tpPV95XdKu1BcvMA"}
{"level":"info","ts":1674174012666246883,"msg":"ab","Node":"12D3KooWNentwzsa1BpUkXPJWYBg3riYQ64XM9JUCfoVt4KqwKdw","Peer":"12D3KooWK3agpH5Lx8HeCHbHfQq2APDdxHUo8Kft3fMqP2aTvoVH"}
{"level":"info","ts":1674174046481120510,"msg":"after_provide","Node":"12D3KooWNentwzsa1BpUkXPJWYBg3riYQ64XM9JUCfoVt4KqwKdw","Peer":"12D3KooWH7AZDg4C1XecakNbagg7LaR3AHqyxr3obNismNfpW1U2"}
{"level":"info","ts":1674174046501440718,"msg":"after_provide","Node":"12D3KooWNentwzsa1BpUkXPJWYBg3riYQ64XM9JUCfoVt4KqwKdw","Peer":"12D3KooWPp1Xz8oHjyrMTi6fPeQAuEqpDGvv36EvHrjHqXUnEJvw"}
{"level":"info","ts":1674174046506173843,"msg":"after_provide","Node":"12D3KooWNentwzsa1BpUkXPJWYBg3riYQ64XM9JUCfoVt4KqwKdw","Peer":"12D3KooWBremnqYWBDK6ctvCuhCqJAps5ZAPADu53gXhQHexrvtP"}
{"level":"info","ts":1674174046529107426,"msg":"after_provide","Node":"12D3KooWNentwzsa1BpUkXPJWYBg3riYQ64XM9JUCfoVt4KqwKdw","Peer":"12D3KooWBHDsBRbrf52fh6czkYXYY3tTk4fSfen3ZWvYEzFeHM2g"}
{"level":"info","ts":1674174046541297426,"msg":"after_provide","Node":"12D3KooWNentwzsa1BpUkXPJWYBg3riYQ64XM9JUCfoVt4KqwKdw","Peer":"12D3KooWEbZEADkMZvpYYcAkAk8Bmbe34HoH7uXwPEmzCCqVVppj"}
{"level":"info","ts":1674174046557129551,"msg":"after_provide","Node":"12D3KooWNentwzsa1BpUkXPJWYBg3riYQ64XM9JUCfoVt4KqwKdw","Peer":"12D3KooWGve8Xnd9qBGe7YSXskiD386LmWuWEhQjVhyLFQBiKou5"}
{"level":"info","ts":1674174046583243051,"msg":"after_provide","Node":"12D3KooWNentwzsa1BpUkXPJWYBg3riYQ64XM9JUCfoVt4KqwKdw","Peer":"12D3KooWE4qDcRrueTuRYWUdQZgcy7APZqBngVeXRt4Y6ytHizKV"}
{"level":"info","ts":1674174046612323885,"msg":"after_provide","Node":"12D3KooWNentwzsa1BpUkXPJWYBg3riYQ64XM9JUCfoVt4KqwKdw","Peer":"12D3KooWKVutoujmd2QtYCFPk6WtyU9xvAgYxFXvqLVGcBHocnmG"}
{"level":"info","ts":1674174046630053093,"msg":"after_provide","Node":"12D3KooWNentwzsa1BpUkXPJWYBg3riYQ64XM9JUCfoVt4KqwKdw","Peer":"12D3KooWM4yJB31d4hF2F9Vdwuj9WFo1qonoySyw4bVAQ9a9d21o"}
{"level":"info","ts":1674174046679396468,"msg":"after_provide","Node":"12D3KooWNentwzsa1BpUkXPJWYBg3riYQ64XM9JUCfoVt4KqwKdw","Peer":"12D3KooWCR2EoapJjoQVR4E3NLjWn818gG3XizQ92Yx6C424HL2g"}
{"level":"info","ts":1674174046687370010,"msg":"after_provide","Node":"12D3KooWNentwzsa1BpUkXPJWYBg3riYQ64XM9JUCfoVt4KqwKdw","Peer":"12D3KooWRFC9qu1UyqfS5fdVjNJBEHDon7m1Ha9fVyNGxfXdD77B"}
{"level":"info","ts":1674174046768486885,"msg":"after_provide","Node":"12D3KooWNentwzsa1BpUkXPJWYBg3riYQ64XM9JUCfoVt4KqwKdw","Peer":"12D3KooWEuk3nU2BCEx3AMKnCFLEG7yXAt1q7gcstxCTJZMfTwkV"}
{"level":"info","ts":1674174046797011177,"msg":"after_provide","Node":"12D3KooWNentwzsa1BpUkXPJWYBg3riYQ64XM9JUCfoVt4KqwKdw","Peer":"12D3KooWB1b3qZxWJanuhtseF3DmPggHCtG36KZ9ixkqHtdKH9fh"}
{"level":"info","ts":1674174046822128468,"msg":"after_provide","Node":"12D3KooWNentwzsa1BpUkXPJWYBg3riYQ64XM9JUCfoVt4KqwKdw","Peer":"12D3KooWNc5rNmCJ9yvXviXaENnp7vqDQjomZwia4aA7Q3hSYkiW"}
{"level":"info","ts":1674174046830376802,"msg":"after_provide","Node":"12D3KooWNentwzsa1BpUkXPJWYBg3riYQ64XM9JUCfoVt4KqwKdw","Peer":"12D3KooWSyUTnwQRmgAaT5hnnDiU9BENzaGGH4MNnT8iU138rjLw"}
{"level":"info","ts":1674174046842545635,"msg":"after_provide","Node":"12D3KooWNentwzsa1BpUkXPJWYBg3riYQ64XM9JUCfoVt4KqwKdw","Peer":"12D3KooWPZk9oAqaXNcWic2xpa2UKPwcuxt2hRk4sdrYL7YeapCL"}
{"level":"info","ts":1674174046854050552,"msg":"after_provide","Node":"12D3KooWNentwzsa1BpUkXPJWYBg3riYQ64XM9JUCfoVt4KqwKdw","Peer":"12D3KooWKCz8coBHWrFr7Z3ZZekUTsZdm9bUTuKQBbX6tTvKhqmy"}
{"level":"info","ts":1674174046863004760,"msg":"after_provide","Node":"12D3KooWNentwzsa1BpUkXPJWYBg3riYQ64XM9JUCfoVt4KqwKdw","Peer":"12D3KooWQfG74brcJhzpNwjPCZmcbBv8f6wxKgLSYmEDXXdPXQpH"}
{"level":"info","ts":1674174046945365468,"msg":"after_provide","Node":"12D3KooWNentwzsa1BpUkXPJWYBg3riYQ64XM9JUCfoVt4KqwKdw","Peer":"12D3KooWHFfn6pWFnJpUJM6EQKry7WKB7y9E8yMzpE6dnvftD8Uc"}
{"level":"info","ts":1674174046952431927,"msg":"after_provide","Node":"12D3KooWNentwzsa1BpUkXPJWYBg3riYQ64XM9JUCfoVt4KqwKdw","Peer":"12D3KooWCUD1fJhtHsV93H6zZCwPZq5WBLsNTSWUW86EDykHrUgd"}
{"level":"info","ts":1674174046986868093,"msg":"after_provide","Node":"12D3KooWNentwzsa1BpUkXPJWYBg3riYQ64XM9JUCfoVt4KqwKdw","Peer":"12D3KooWQZE6PKvDTbRViCmco2pjEfNWRUK7MKVCTH6EjwfYDvxv"}
{"level":"info","ts":1674174047006811677,"msg":"after_provide","Node":"12D3KooWNentwzsa1BpUkXPJWYBg3riYQ64XM9JUCfoVt4KqwKdw","Peer":"12D3KooWPgam4TzSVCRa4AbhxQnM9abCYR4E9hV57SN7eAjEYn1j"}
{"level":"info","ts":1674174047026301802,"msg":"after_provide","Node":"12D3KooWNentwzsa1BpUkXPJWYBg3riYQ64XM9JUCfoVt4KqwKdw","Peer":"12D3KooW9yvKfP5HgVaLnNaxWywo3pLAEypk7wjUcpgKwLznk5gQ"}
{"level":"info","ts":1674174047037137260,"msg":"after_provide","Node":"12D3KooWNentwzsa1BpUkXPJWYBg3riYQ64XM9JUCfoVt4KqwKdw","Peer":"12D3KooWQYz2inBsgiBoqNtmEn1qeRBr9B8cdishFuBgiARcfMcY"}
{"level":"info","ts":1674174047065875302,"msg":"after_provide","Node":"12D3KooWNentwzsa1BpUkXPJWYBg3riYQ64XM9JUCfoVt4KqwKdw","Peer":"12D3KooWKwfWu3TQuPNRUfEjEYSANNDYvq2D2GuYdysyHcGHB58t"}
{"level":"info","ts":1674174047079390260,"msg":"after_provide","Node":"12D3KooWNentwzsa1BpUkXPJWYBg3riYQ64XM9JUCfoVt4KqwKdw","Peer":"12D3KooWHAFEHoQDaEe95P9y2w8Zh2tqb8QbF4gUmhmmWT1XNeTC"}
{"level":"info","ts":1674174047088833802,"msg":"after_provide","Node":"12D3KooWNentwzsa1BpUkXPJWYBg3riYQ64XM9JUCfoVt4KqwKdw","Peer":"12D3KooWGEcD5sW5osB6LajkHGqiGc3W8eKfYwnJVVqfujkpLWX2"}
{"level":"info","ts":1674174047107919635,"msg":"after_provide","Node":"12D3KooWNentwzsa1BpUkXPJWYBg3riYQ64XM9JUCfoVt4KqwKdw","Peer":"12D3KooWFJGAAPuFWEeZUVvSEs7dEGnzgCyBpVuYAx8R9WmSNMe7"}
{"level":"info","ts":1674174047191906177,"msg":"after_provide","Node":"12D3KooWNentwzsa1BpUkXPJWYBg3riYQ64XM9JUCfoVt4KqwKdw","Peer":"12D3KooWKRyzVWW6ChFjQjK4miCty85Niy49tpPV95XdKu1BcvMA"}
{"level":"info","ts":1674174047209125218,"msg":"after_provide","Node":"12D3KooWNentwzsa1BpUkXPJWYBg3riYQ64XM9JUCfoVt4KqwKdw","Peer":"12D3KooWK3agpH5Lx8HeCHbHfQq2APDdxHUo8Kft3fMqP2aTvoVH"}
