{"ts":1675705097486501840,"msg":"","group_id":"cypress-provider","run_id":"cfgjkonrirfgfm1akmj0","event":{"message_event":{"message":"registering default http handler at: http://[::]:6060/ (pprof: http://[::]:6060/debug/pprof/)"}}}
{"ts":1675705097492010673,"msg":"","group_id":"cypress-provider","run_id":"cfgjkonrirfgfm1akmj0","event":{"start_event":{"runenv":{"plan":"dht","case":"find-providers","run":"cfgjkonrirfgfm1akmj0","params":{"alpha":"10","auto_refresh":"true","beta":"3","bootstrapper":"true","bs_strategy":"3","bucket_size":"20","client_mode":"false","datastore":"0","expect_dht":"true","group_order":"1","latency":"100","peer_id_seed":"0","random_walk":"false","record_count":"20","record_seed":"0","search_records":"true","timeout_secs":"2000","undialable":"false"},"instances":40,"outputs_path":"/outputs","temp_path":"/temp","network":"16.122.0.0/16","group":"cypress-provider","group_instances":40}}}}
{"ts":1675705097558402715,"msg":"","group_id":"cypress-provider","run_id":"cfgjkonrirfgfm1akmj0","event":{"message_event":{"message":"waiting for network to initialize"}}}
{"ts":1675705098383635423,"msg":"","group_id":"cypress-provider","run_id":"cfgjkonrirfgfm1akmj0","event":{"message_event":{"message":"failed to send batch to InfluxDB; attempt 0; err: Post \"http://testground-influxdb:8086/write?consistency=&db=testground&precision=ns&rp=\": dial tcp 192.18.0.5:8086: connect: connection refused"}}}
{"ts":1675705098929263257,"msg":"","group_id":"cypress-provider","run_id":"cfgjkonrirfgfm1akmj0","event":{"message_event":{"message":"failed to send batch to InfluxDB; attempt 1; err: Post \"http://testground-influxdb:8086/write?consistency=&db=testground&precision=ns&rp=\": dial tcp 192.18.0.5:8086: connect: connection refused"}}}
{"ts":1675705099975243841,"msg":"","group_id":"cypress-provider","run_id":"cfgjkonrirfgfm1akmj0","event":{"message_event":{"message":"failed to send batch to InfluxDB; attempt 2; err: Post \"http://testground-influxdb:8086/write?consistency=&db=testground&precision=ns&rp=\": dial tcp 192.18.0.5:8086: connect: connection refused"}}}
{"ts":1675705101609071300,"msg":"","group_id":"cypress-provider","run_id":"cfgjkonrirfgfm1akmj0","event":{"message_event":{"message":"network initialisation successful"}}}
{"ts":1675705101748498592,"msg":"","group_id":"cypress-provider","run_id":"cfgjkonrirfgfm1akmj0","event":{"message_event":{"message":"network initialization complete"}}}
{"ts":1675705101912157175,"msg":"","group_id":"cypress-provider","run_id":"cfgjkonrirfgfm1akmj0","event":{"message_event":{"message":"claimed sequence numbers; global=19, group(cypress-provider)=26"}}}
{"ts":1675705102007080175,"msg":"","group_id":"cypress-provider","run_id":"cfgjkonrirfgfm1akmj0","event":{"message_event":{"message":"Finding providers"}}}
{"ts":1675705102077695759,"msg":"","group_id":"cypress-provider","run_id":"cfgjkonrirfgfm1akmj0","event":{"message_event":{"message":"failed to send batch to InfluxDB; attempt 3; err: Post \"http://testground-influxdb:8086/write?consistency=&db=testground&precision=ns&rp=\": dial tcp 192.18.0.5:8086: connect: connection refused"}}}
{"ts":1675705102562476675,"msg":"","group_id":"cypress-provider","run_id":"cfgjkonrirfgfm1akmj0","event":{"message_event":{"message":"network initialisation successful"}}}
{"ts":1675705102716213259,"msg":"","group_id":"cypress-provider","run_id":"cfgjkonrirfgfm1akmj0","event":{"message_event":{"message":"SetupNetwork, network setup completed"}}}
{"ts":1675705103805989926,"msg":"","group_id":"cypress-provider","run_id":"cfgjkonrirfgfm1akmj0","event":{"message_event":{"message":"there are 1 groups map[cypress-provider:0x4000fd2660]"}}}
{"ts":1675705103821638176,"msg":"","group_id":"cypress-provider","run_id":"cfgjkonrirfgfm1akmj0","event":{"message_event":{"message":"setGroupInfo, sortedGroup:%!(EXTRA []string=[cypress-provider])"}}}
{"ts":1675705103873481968,"msg":"","group_id":"cypress-provider","run_id":"cfgjkonrirfgfm1akmj0","event":{"message_event":{"message":"past group info"}}}
{"ts":1675705103892323176,"msg":"","group_id":"cypress-provider","run_id":"cfgjkonrirfgfm1akmj0","event":{"message_event":{"message":"connmgr parameters: hi=12, lo=6"}}}
{"ts":1675705103919595843,"msg":"","group_id":"cypress-provider","run_id":"cfgjkonrirfgfm1akmj0","event":{"message_event":{"message":"creating DHT"}}}
{"ts":1675705103960978676,"msg":"","group_id":"cypress-provider","run_id":"cfgjkonrirfgfm1akmj0","event":{"message_event":{"message":"creating DHT successful"}}}
{"ts":1675705103987009801,"msg":"","group_id":"cypress-provider","run_id":"cfgjkonrirfgfm1akmj0","event":{"message_event":{"message":"supporting protocol:%!(EXTRA string=/p2p/id/delta/1.0.0)"}}}
{"ts":1675705103997282968,"msg":"","group_id":"cypress-provider","run_id":"cfgjkonrirfgfm1akmj0","event":{"message_event":{"message":"supporting protocol:%!(EXTRA string=/ipfs/id/1.0.0)"}}}
{"ts":1675705104009541134,"msg":"","group_id":"cypress-provider","run_id":"cfgjkonrirfgfm1akmj0","event":{"message_event":{"message":"supporting protocol:%!(EXTRA string=/ipfs/id/push/1.0.0)"}}}
{"ts":1675705104018151134,"msg":"","group_id":"cypress-provider","run_id":"cfgjkonrirfgfm1akmj0","event":{"message_event":{"message":"supporting protocol:%!(EXTRA string=/ipfs/ping/1.0.0)"}}}
{"ts":1675705104029696676,"msg":"","group_id":"cypress-provider","run_id":"cfgjkonrirfgfm1akmj0","event":{"message_event":{"message":"supporting protocol:%!(EXTRA string=/libp2p/circuit/relay/0.1.0)"}}}
{"ts":1675705104063650051,"msg":"","group_id":"cypress-provider","run_id":"cfgjkonrirfgfm1akmj0","event":{"message_event":{"message":"supporting protocol:%!(EXTRA string=/libp2p/circuit/relay/0.2.0/stop)"}}}
{"ts":1675705104082321593,"msg":"","group_id":"cypress-provider","run_id":"cfgjkonrirfgfm1akmj0","event":{"message_event":{"message":"supporting protocol:%!(EXTRA string=/libp2p/autonat/1.0.0)"}}}
{"ts":1675705104093971718,"msg":"","group_id":"cypress-provider","run_id":"cfgjkonrirfgfm1akmj0","event":{"message_event":{"message":"supporting protocol:%!(EXTRA string=/testground/kad/1.0.0)"}}}
{"ts":1675705104819713968,"msg":"","group_id":"cypress-provider","run_id":"cfgjkonrirfgfm1akmj0","event":{"message_event":{"message":"12 is waiting on 0 from state 0"}}}
{"ts":1675705104971165968,"msg":"requested a barrier with target zero; satisfying immediately","group_id":"cypress-provider","run_id":"cfgjkonrirfgfm1akmj0","state":"boostrap-gradual1-0"}
{"ts":1675705105035512843,"msg":"","group_id":"cypress-provider","run_id":"cfgjkonrirfgfm1akmj0","event":{"message_event":{"message":"12 is running"}}}
{"ts":1675705105076078760,"msg":"","group_id":"cypress-provider","run_id":"cfgjkonrirfgfm1akmj0","event":{"message_event":{"message":"Dial to all other peers"}}}
{"ts":1675705105092701593,"msg":"","group_id":"cypress-provider","run_id":"cfgjkonrirfgfm1akmj0","event":{"message_event":{"message":"dialling peer 12D3KooWGVijKpKXAveYbcCXhe8DhrykfXaehwPM6mcSgagqXkEg (attempt 1)"}}}
{"ts":1675705105514302427,"msg":"","group_id":"cypress-provider","run_id":"cfgjkonrirfgfm1akmj0","event":{"message_event":{"message":"Connect, successfully dialed peer: %!(EXTRA peer.AddrInfo={12D3KooWGVijKpKXAveYbcCXhe8DhrykfXaehwPM6mcSgagqXkEg: [/ip4/16.122.0.24/tcp/43539]})"}}}
{"ts":1675705105582319635,"msg":"","group_id":"cypress-provider","run_id":"cfgjkonrirfgfm1akmj0","event":{"message_event":{"message":"dialling peer 12D3KooWKVutoujmd2QtYCFPk6WtyU9xvAgYxFXvqLVGcBHocnmG (attempt 1)"}}}
{"ts":1675705105701253760,"msg":"","group_id":"cypress-provider","run_id":"cfgjkonrirfgfm1akmj0","event":{"message_event":{"message":"Connect, successfully dialed peer: %!(EXTRA peer.AddrInfo={12D3KooWKVutoujmd2QtYCFPk6WtyU9xvAgYxFXvqLVGcBHocnmG: [/ip4/16.122.0.26/tcp/42153]})"}}}
{"ts":1675705105719375469,"msg":"","group_id":"cypress-provider","run_id":"cfgjkonrirfgfm1akmj0","event":{"message_event":{"message":"dialling peer 12D3KooW9yvKfP5HgVaLnNaxWywo3pLAEypk7wjUcpgKwLznk5gQ (attempt 1)"}}}
{"ts":1675705107029104386,"msg":"","group_id":"cypress-provider","run_id":"cfgjkonrirfgfm1akmj0","event":{"message_event":{"message":"Connect, successfully dialed peer: %!(EXTRA peer.AddrInfo={12D3KooW9yvKfP5HgVaLnNaxWywo3pLAEypk7wjUcpgKwLznk5gQ: [/ip4/16.122.0.25/tcp/40507]})"}}}
{"ts":1675705107209226928,"msg":"","group_id":"cypress-provider","run_id":"cfgjkonrirfgfm1akmj0","event":{"message_event":{"message":"failed to send batch to InfluxDB; attempt 4; err: Post \"http://testground-influxdb:8086/write?consistency=&db=testground&precision=ns&rp=\": dial tcp 192.18.0.5:8086: connect: connection refused"}}}
{"ts":1675705107424351803,"msg":"","group_id":"cypress-provider","run_id":"cfgjkonrirfgfm1akmj0","event":{"message_event":{"message":"influxdb: failed to upload 1 points; err: All attempts fail:\n#1: Post \"http://testground-influxdb:8086/write?consistency=&db=testground&precision=ns&rp=\": dial tcp 192.18.0.5:8086: connect: connection refused\n#2: Post \"http://testground-influxdb:8086/write?consistency=&db=testground&precision=ns&rp=\": dial tcp 192.18.0.5:8086: connect: connection refused\n#3: Post \"http://testground-influxdb:8086/write?consistency=&db=testground&precision=ns&rp=\": dial tcp 192.18.0.5:8086: connect: connection refused\n#4: Post \"http://testground-influxdb:8086/write?consistency=&db=testground&precision=ns&rp=\": dial tcp 192.18.0.5:8086: connect: connection refused\n#5: Post \"http://testground-influxdb:8086/write?consistency=&db=testground&precision=ns&rp=\": dial tcp 192.18.0.5:8086: connect: connection refused"}}}
{"ts":1675705108507563303,"msg":"","group_id":"cypress-provider","run_id":"cfgjkonrirfgfm1akmj0","event":{"message_event":{"message":"failed to send batch to InfluxDB; attempt 0; err: Post \"http://testground-influxdb:8086/write?consistency=&db=testground&precision=ns&rp=\": dial tcp 192.18.0.5:8086: connect: connection refused"}}}
{"ts":1675705109042383762,"msg":"","group_id":"cypress-provider","run_id":"cfgjkonrirfgfm1akmj0","event":{"message_event":{"message":"failed to send batch to InfluxDB; attempt 1; err: Post \"http://testground-influxdb:8086/write?consistency=&db=testground&precision=ns&rp=\": dial tcp 192.18.0.5:8086: connect: connection refused"}}}
{"ts":1675705110206128096,"msg":"","group_id":"cypress-provider","run_id":"cfgjkonrirfgfm1akmj0","event":{"message_event":{"message":"failed to send batch to InfluxDB; attempt 2; err: Post \"http://testground-influxdb:8086/write?consistency=&db=testground&precision=ns&rp=\": dial tcp 192.18.0.5:8086: connect: connection refused"}}}
{"ts":1675705112267238555,"msg":"","group_id":"cypress-provider","run_id":"cfgjkonrirfgfm1akmj0","event":{"message_event":{"message":"failed to send batch to InfluxDB; attempt 3; err: Post \"http://testground-influxdb:8086/write?consistency=&db=testground&precision=ns&rp=\": dial tcp 192.18.0.5:8086: connect: connection refused"}}}
{"ts":1675705138602591720,"msg":"","group_id":"cypress-provider","run_id":"cfgjkonrirfgfm1akmj0","event":{"message_event":{"message":"bootstrap: everyone table ready"}}}
{"ts":1675705139437678887,"msg":"","group_id":"cypress-provider","run_id":"cfgjkonrirfgfm1akmj0","event":{"message_event":{"message":"12 is done - waiting for 39"}}}
{"ts":1675705139538168804,"msg":"","group_id":"cypress-provider","run_id":"cfgjkonrirfgfm1akmj0","event":{"message_event":{"message":"12 passed the barrier"}}}
{"ts":1675705141564561305,"msg":"","group_id":"cypress-provider","run_id":"cfgjkonrirfgfm1akmj0","event":{"message_event":{"message":"bootstrap: begin trim"}}}
{"ts":1675705142537657889,"msg":"","group_id":"cypress-provider","run_id":"cfgjkonrirfgfm1akmj0","event":{"message_event":{"message":"name: signal bootstrapping0; uint: ns; time: %!d(float64=8.544167e+06)"}}}
{"ts":1675705142546148639,"msg":"","group_id":"cypress-provider","run_id":"cfgjkonrirfgfm1akmj0","event":{"message_event":{"message":"signal bootstrapping0%!(EXTRA float64=1.7018917e+07)"}}}
{"ts":1675705142563616930,"msg":"","group_id":"cypress-provider","run_id":"cfgjkonrirfgfm1akmj0","event":{"message_event":{"message":"name: barrier bootstrapping0; uint: ns; time: %!d(float64=1750)"}}}
{"ts":1675705142645597055,"msg":"","group_id":"cypress-provider","run_id":"cfgjkonrirfgfm1akmj0","event":{"message_event":{"message":"barrierbootstrapping0%!(EXTRA float64=8.1985833e+07)"}}}
{"ts":1675705142732013889,"msg":"","group_id":"cypress-provider","run_id":"cfgjkonrirfgfm1akmj0","event":{"message_event":{"message":"name: full bootstrapping0; uint: ns; time: %!d(float64=1.68400042e+08)"}}}
{"ts":1675705142756336014,"msg":"","group_id":"cypress-provider","run_id":"cfgjkonrirfgfm1akmj0","event":{"message_event":{"message":"full bootstrapping0%!(EXTRA float64=3.7942620809e+10)"}}}
{"ts":1675705143914405375,"msg":"","group_id":"cypress-provider","run_id":"cfgjkonrirfgfm1akmj0","event":{"message_event":{"message":"bootstrap: finished with 31 connections, 35 in the routing table"}}}
{"ts":1675705143951372458,"msg":"","group_id":"cypress-provider","run_id":"cfgjkonrirfgfm1akmj0","event":{"message_event":{"message":"table health: {\"IdealDepth\":5,\"ActualDepth\":8,\"Bucket\":[{\"Depth\":1,\"MaxKnownContacts\":24,\"ActualKnownContacts\":20,\"ActualUnknownContacts\":0},{\"Depth\":2,\"MaxKnownContacts\":8,\"ActualKnownContacts\":8,\"ActualUnknownContacts\":0},{\"Depth\":3,\"MaxKnownContacts\":4,\"ActualKnownContacts\":4,\"ActualUnknownContacts\":0},{\"Depth\":4,\"MaxKnownContacts\":0,\"ActualKnownContacts\":0,\"ActualUnknownContacts\":0},{\"Depth\":5,\"MaxKnownContacts\":0,\"ActualKnownContacts\":0,\"ActualUnknownContacts\":0},{\"Depth\":5,\"MaxKnownContacts\":2,\"ActualKnownContacts\":2,\"ActualUnknownContacts\":0},{\"Depth\":6,\"MaxKnownContacts\":0,\"ActualKnownContacts\":0,\"ActualUnknownContacts\":0},{\"Depth\":8,\"MaxKnownContacts\":1,\"ActualKnownContacts\":1,\"ActualUnknownContacts\":0}]}"}}}
{"ts":1675705144041185625,"msg":"","group_id":"cypress-provider","run_id":"cfgjkonrirfgfm1akmj0","event":{"message_event":{"message":"bootstrap: done"}}}
{"ts":1675705144063991583,"msg":"","group_id":"cypress-provider","run_id":"cfgjkonrirfgfm1akmj0","event":{"message_event":{"message":"Bootstrap phase ended"}}}
{"ts":1675705144149862000,"msg":"","group_id":"cypress-provider","run_id":"cfgjkonrirfgfm1akmj0","event":{"message_event":{"message":"SetupNetwork, network setup completed"}}}
{"ts":1675705144181408667,"msg":"","group_id":"cypress-provider","run_id":"cfgjkonrirfgfm1akmj0","event":{"message_event":{"message":"getRecords, record count > 0"}}}
{"ts":1675705144262959667,"msg":"","group_id":"cypress-provider","run_id":"cfgjkonrirfgfm1akmj0","event":{"message_event":{"message":"getRecords, searchRecords: %!(EXTRA []*test.ProviderRecordSubmission=[0x40049630b0])"}}}
{"ts":1675705144274274833,"msg":"","group_id":"cypress-provider","run_id":"cfgjkonrirfgfm1akmj0","event":{"message_event":{"message":"start provide loop"}}}
{"ts":1675705191405444842,"msg":"","group_id":"cypress-provider","run_id":"cfgjkonrirfgfm1akmj0","event":{"message_event":{"message":"Provided CID: QmeSZuScRfVhZy4U2CzqmAd5P8uxzgeW2nfbk2k4UyutkT"}}}
{"ts":1675705193417787884,"msg":"","group_id":"cypress-provider","run_id":"cfgjkonrirfgfm1akmj0","event":{"message_event":{"message":"Provided CID: QmQZkMNdV3rH6umvxCwWEdoj4TjWyAxNuLxbXEigd8iKqU"}}}
{"ts":1675705193477622092,"msg":"","group_id":"cypress-provider","run_id":"cfgjkonrirfgfm1akmj0","event":{"message_event":{"message":"Provided CID: QmTzXCJwzJbtQxtpimCKwbyty4yPphQgGZQM2YRN45kMv2"}}}
{"ts":1675705193659464759,"msg":"","group_id":"cypress-provider","run_id":"cfgjkonrirfgfm1akmj0","event":{"message_event":{"message":"Provided CID: QmY1eF8EB1WVFdF6xzh1C1YkadMojpT4FoEZkqzyprqDoV"}}}
{"ts":1675705193743941634,"msg":"","group_id":"cypress-provider","run_id":"cfgjkonrirfgfm1akmj0","event":{"message_event":{"message":"Provided CID: QmS1rxhfhq3FsUuG2TLNSYW6gxrtR4hmfoiajCdWCo7hq5"}}}
{"ts":1675705193775925051,"msg":"","group_id":"cypress-provider","run_id":"cfgjkonrirfgfm1akmj0","event":{"message_event":{"message":"Provided CID: QmSpZzCdhhyWM7eTNe29nDrPR9xdZR8R4VpGSoTdFq5usz"}}}
{"ts":1675705193825727843,"msg":"","group_id":"cypress-provider","run_id":"cfgjkonrirfgfm1akmj0","event":{"message_event":{"message":"Provided CID: QmQw6U12opixMzbVDc384vgh7sia5gUKajDD24oRLaLEqQ"}}}
{"ts":1675705194769756593,"msg":"","group_id":"cypress-provider","run_id":"cfgjkonrirfgfm1akmj0","event":{"message_event":{"message":"Provided CID: QmQNSGk6KsGpAPPAL4PweycsHN5Te4YBvwQY8G9bYWRKpe"}}}
{"ts":1675705194770049260,"msg":"","group_id":"cypress-provider","run_id":"cfgjkonrirfgfm1akmj0","event":{"message_event":{"message":"Provided CID: QmNnfyApQUXaqj2dsRTthNUBBktYf6seo7BJk7W9Ym56ZH"}}}
{"ts":1675705195887651760,"msg":"","group_id":"cypress-provider","run_id":"cfgjkonrirfgfm1akmj0","event":{"message_event":{"message":"Provided CID: QmNj8PTJnf4fUCBd6EEAXcvMgfVMnt4CXFkPu968Fwg6YT"}}}
{"ts":1675705195910605802,"msg":"","group_id":"cypress-provider","run_id":"cfgjkonrirfgfm1akmj0","event":{"message_event":{"message":"Provided CID: QmTeC6qvToLwytK5uruQq4npHWezRWnRXjHm6Gn9h2tsFr"}}}
{"ts":1675705195910804719,"msg":"","group_id":"cypress-provider","run_id":"cfgjkonrirfgfm1akmj0","event":{"message_event":{"message":"Provided CID: QmdKMXX7ZqzwxriTXcLtqQJQXThZrgCaiSUERdDZ9Ne95f"}}}
{"ts":1675705195910878594,"msg":"","group_id":"cypress-provider","run_id":"cfgjkonrirfgfm1akmj0","event":{"message_event":{"message":"Provided CID: QmQHFH1e6p6NGjLiA3rVJHRYzS7qBhfbKGGajQZ26u1PuE"}}}
{"ts":1675705196185614094,"msg":"","group_id":"cypress-provider","run_id":"cfgjkonrirfgfm1akmj0","event":{"message_event":{"message":"Provided CID: Qmbtbn2iDC1YBbrN2WYgyscVXM5vws3ZoA4gT8YKzKMXgX"}}}
{"ts":1675705196228293052,"msg":"","group_id":"cypress-provider","run_id":"cfgjkonrirfgfm1akmj0","event":{"message_event":{"message":"Provided CID: QmYigrr9erPWMnVKfw74wV1KvjZ18mtzEzv7iFbWDh5VdP"}}}
{"ts":1675705196505022094,"msg":"","group_id":"cypress-provider","run_id":"cfgjkonrirfgfm1akmj0","event":{"message_event":{"message":"Provided CID: QmXyoMntxMK4Z9uuruxACuyTV7kwdSEyjtxNhWbznehRUr"}}}
{"ts":1675705198253839220,"msg":"","group_id":"cypress-provider","run_id":"cfgjkonrirfgfm1akmj0","event":{"message_event":{"message":"Provided CID: QmeT46kQsiffrH7MdGfNpkgaKGfKUnZw6bEw5APTU27WPz"}}}
{"ts":1675705198670950637,"msg":"","group_id":"cypress-provider","run_id":"cfgjkonrirfgfm1akmj0","event":{"message_event":{"message":"Provided CID: QmYFqavMPJvzLNnh6wYdHLAR7iiix7mPrpbJaXRGMVBxzb"}}}
{"ts":1675705198875231303,"msg":"","group_id":"cypress-provider","run_id":"cfgjkonrirfgfm1akmj0","event":{"message_event":{"message":"Provided CID: QmSSrDtDK5LvFTnBAgNmjb5tRWcYuExu1qYLrXNv2UdzXE"}}}
{"ts":1675705198875309595,"msg":"","group_id":"cypress-provider","run_id":"cfgjkonrirfgfm1akmj0","event":{"message_event":{"message":"Provided CID: Qmbwx2wndEZeCm1257gtYyAeXrGNDStgm7YsufAHbyUkDc"}}}
{"ts":1675705199060542220,"msg":"","group_id":"cypress-provider","run_id":"cfgjkonrirfgfm1akmj0","event":{"message_event":{"message":"name: signal provider-records1; uint: ns; time: %!d(float64=4.269584e+06)"}}}
{"ts":1675705199085732470,"msg":"","group_id":"cypress-provider","run_id":"cfgjkonrirfgfm1akmj0","event":{"message_event":{"message":"signal provider-records1%!(EXTRA float64=2.9459042e+07)"}}}
{"ts":1675705199119458054,"msg":"","group_id":"cypress-provider","run_id":"cfgjkonrirfgfm1akmj0","event":{"message_event":{"message":"name: barrier provider-records1; uint: ns; time: %!d(float64=500)"}}}
{"ts":1675705202527736013,"msg":"","group_id":"cypress-provider","run_id":"cfgjkonrirfgfm1akmj0","event":{"message_event":{"message":"barrierprovider-records1%!(EXTRA float64=3.408121709e+09)"}}}
{"ts":1675705202638083389,"msg":"","group_id":"cypress-provider","run_id":"cfgjkonrirfgfm1akmj0","event":{"message_event":{"message":"name: full provider-records1; uint: ns; time: %!d(float64=3.518618168e+09)"}}}
{"ts":1675705202660252097,"msg":"","group_id":"cypress-provider","run_id":"cfgjkonrirfgfm1akmj0","event":{"message_event":{"message":"full provider-records1%!(EXTRA float64=5.8357353445e+10)"}}}
{"ts":1675705308165664465,"msg":"","group_id":"cypress-provider","run_id":"cfgjkonrirfgfm1akmj0","event":{"message_event":{"message":"name: signal provider-records2; uint: ns; time: %!d(float64=3.7647291e+07)"}}}
{"ts":1675705308182246965,"msg":"","group_id":"cypress-provider","run_id":"cfgjkonrirfgfm1akmj0","event":{"message_event":{"message":"signal provider-records2%!(EXTRA float64=5.4229291e+07)"}}}
{"ts":1675705308248174548,"msg":"","group_id":"cypress-provider","run_id":"cfgjkonrirfgfm1akmj0","event":{"message_event":{"message":"name: barrier provider-records2; uint: ns; time: %!d(float64=125)"}}}
{"ts":1675705317928063303,"msg":"","group_id":"cypress-provider","run_id":"cfgjkonrirfgfm1akmj0","event":{"message_event":{"message":"barrierprovider-records2%!(EXTRA float64=9.679882754e+09)"}}}
{"ts":1675705318197093886,"msg":"","group_id":"cypress-provider","run_id":"cfgjkonrirfgfm1akmj0","event":{"message_event":{"message":"name: full provider-records2; uint: ns; time: %!d(float64=9.948839921e+09)"}}}
{"ts":1675705318387319595,"msg":"","group_id":"cypress-provider","run_id":"cfgjkonrirfgfm1akmj0","event":{"message_event":{"message":"full provider-records2%!(EXTRA float64=1.11796055634e+11)"}}}
{"ts":1675705318817319053,"msg":"","group_id":"cypress-provider","run_id":"cfgjkonrirfgfm1akmj0","event":{"success_event":{"group":"cypress-provider"}}}
{"ts":1675705328075017377,"msg":"","group_id":"cypress-provider","run_id":"cfgjkonrirfgfm1akmj0","event":{"message_event":{"message":"failed to send batch to InfluxDB; attempt 0; err: Post \"http://testground-influxdb:8086/write?consistency=&db=testground&precision=ns&rp=\": context deadline exceeded (Client.Timeout exceeded while awaiting headers)"}}}
{"ts":1675705334494812380,"msg":"","group_id":"cypress-provider","run_id":"cfgjkonrirfgfm1akmj0","event":{"message_event":{"message":"failed to send batch to InfluxDB; attempt 1; err: Post \"http://testground-influxdb:8086/write?consistency=&db=testground&precision=ns&rp=\": context deadline exceeded (Client.Timeout exceeded while awaiting headers)"}}}
