{"level":"info","ts":1674237110688881930,"msg":"br","Node":"12D3KooWE2N9kXfsBWLWYdtaX9uY7HxJTfFmVFQFxvUXCQ6bT883","Peer":"12D3KooWNc5rNmCJ9yvXviXaENnp7vqDQjomZwia4aA7Q3hSYkiW"}
{"level":"info","ts":1674237110718285513,"msg":"br","Node":"12D3KooWE2N9kXfsBWLWYdtaX9uY7HxJTfFmVFQFxvUXCQ6bT883","Peer":"12D3KooWKRyzVWW6ChFjQjK4miCty85Niy49tpPV95XdKu1BcvMA"}
{"level":"info","ts":1674237110736370805,"msg":"br","Node":"12D3KooWE2N9kXfsBWLWYdtaX9uY7HxJTfFmVFQFxvUXCQ6bT883","Peer":"12D3KooWB1b3qZxWJanuhtseF3DmPggHCtG36KZ9ixkqHtdKH9fh"}
{"level":"info","ts":1674237110739337680,"msg":"br","Node":"12D3KooWE2N9kXfsBWLWYdtaX9uY7HxJTfFmVFQFxvUXCQ6bT883","Peer":"12D3KooWEuk3nU2BCEx3AMKnCFLEG7yXAt1q7gcstxCTJZMfTwkV"}
{"level":"info","ts":1674237110821050972,"msg":"br","Node":"12D3KooWE2N9kXfsBWLWYdtaX9uY7HxJTfFmVFQFxvUXCQ6bT883","Peer":"12D3KooWSyUTnwQRmgAaT5hnnDiU9BENzaGGH4MNnT8iU138rjLw"}
{"level":"info","ts":1674237110832497264,"msg":"br","Node":"12D3KooWE2N9kXfsBWLWYdtaX9uY7HxJTfFmVFQFxvUXCQ6bT883","Peer":"12D3KooWKCz8coBHWrFr7Z3ZZekUTsZdm9bUTuKQBbX6tTvKhqmy"}
{"level":"info","ts":1674237110847070264,"msg":"br","Node":"12D3KooWE2N9kXfsBWLWYdtaX9uY7HxJTfFmVFQFxvUXCQ6bT883","Peer":"12D3KooWQYz2inBsgiBoqNtmEn1qeRBr9B8cdishFuBgiARcfMcY"}
{"level":"info","ts":1674237110888335514,"msg":"br","Node":"12D3KooWE2N9kXfsBWLWYdtaX9uY7HxJTfFmVFQFxvUXCQ6bT883","Peer":"12D3KooWB224kvi7vN34xJfsfW7bnv6eodxTkgo9VFA6UiaGMgRD"}
{"level":"info","ts":1674237110937942972,"msg":"br","Node":"12D3KooWE2N9kXfsBWLWYdtaX9uY7HxJTfFmVFQFxvUXCQ6bT883","Peer":"12D3KooWKwfWu3TQuPNRUfEjEYSANNDYvq2D2GuYdysyHcGHB58t"}
{"level":"info","ts":1674237110979682680,"msg":"br","Node":"12D3KooWE2N9kXfsBWLWYdtaX9uY7HxJTfFmVFQFxvUXCQ6bT883","Peer":"12D3KooW9yvKfP5HgVaLnNaxWywo3pLAEypk7wjUcpgKwLznk5gQ"}
{"level":"info","ts":1674237110986821014,"msg":"br","Node":"12D3KooWE2N9kXfsBWLWYdtaX9uY7HxJTfFmVFQFxvUXCQ6bT883","Peer":"12D3KooWL3XJ9EMCyZvmmGXL2LMiVBtrVa2BuESsJiXkSj7333Jw"}
{"level":"info","ts":1674237111032031055,"msg":"br","Node":"12D3KooWE2N9kXfsBWLWYdtaX9uY7HxJTfFmVFQFxvUXCQ6bT883","Peer":"12D3KooWGCvi3KESxsfJqabtDpZTviCeycABxLRtCPR7aQAdAwir"}
{"level":"info","ts":1674237111082688930,"msg":"br","Node":"12D3KooWE2N9kXfsBWLWYdtaX9uY7HxJTfFmVFQFxvUXCQ6bT883","Peer":"12D3KooWBHDsBRbrf52fh6czkYXYY3tTk4fSfen3ZWvYEzFeHM2g"}
{"level":"info","ts":1674237111127563722,"msg":"br","Node":"12D3KooWE2N9kXfsBWLWYdtaX9uY7HxJTfFmVFQFxvUXCQ6bT883","Peer":"12D3KooWGBmjmt6Am4j4CWyLRd36hqj1dDKstAyLaeePmEUt7cUp"}
{"level":"info","ts":1674237111137614847,"msg":"br","Node":"12D3KooWE2N9kXfsBWLWYdtaX9uY7HxJTfFmVFQFxvUXCQ6bT883","Peer":"12D3KooWPwVR5DRz8H7Qvmp1i7c3BmEJLsbXBvLBCDY5tikyx2yu"}
{"level":"info","ts":1674237111189033430,"msg":"br","Node":"12D3KooWE2N9kXfsBWLWYdtaX9uY7HxJTfFmVFQFxvUXCQ6bT883","Peer":"12D3KooWEiCzB4bVxyxYwB7xpSvra1Yz1SB39kih4qHpFjDWoC9J"}
{"level":"info","ts":1674237111233390680,"msg":"br","Node":"12D3KooWE2N9kXfsBWLWYdtaX9uY7HxJTfFmVFQFxvUXCQ6bT883","Peer":"12D3KooWGFLL95aAHX7AJZzSn9vFY49znDxeaGPU14TKzrHP7ygU"}
{"level":"info","ts":1674237111325474722,"msg":"br","Node":"12D3KooWE2N9kXfsBWLWYdtaX9uY7HxJTfFmVFQFxvUXCQ6bT883","Peer":"12D3KooWPp1Xz8oHjyrMTi6fPeQAuEqpDGvv36EvHrjHqXUnEJvw"}
{"level":"info","ts":1674237111347825097,"msg":"br","Node":"12D3KooWE2N9kXfsBWLWYdtaX9uY7HxJTfFmVFQFxvUXCQ6bT883","Peer":"12D3KooWRuYVGEsecrJJhZsSoKf1UNdBVYKFCmFLNj9ucZiSQCYj"}
{"level":"info","ts":1674237111382771055,"msg":"br","Node":"12D3KooWE2N9kXfsBWLWYdtaX9uY7HxJTfFmVFQFxvUXCQ6bT883","Peer":"12D3KooWFqdBYPrtwErMosomvD4uRtVhXQdqqZZHC3NCBZYVxr4t"}
{"level":"info","ts":1674237111431133208,"msg":"br","Node":"12D3KooWE2N9kXfsBWLWYdtaX9uY7HxJTfFmVFQFxvUXCQ6bT883","Peer":"12D3KooWFB7QisaHRFaMwskj6JE4vuoruNMSRNL4pfL2WEReWzMd"}
{"level":"info","ts":1674237111442501958,"msg":"br","Node":"12D3KooWE2N9kXfsBWLWYdtaX9uY7HxJTfFmVFQFxvUXCQ6bT883","Peer":"12D3KooWGVijKpKXAveYbcCXhe8DhrykfXaehwPM6mcSgagqXkEg"}
{"level":"info","ts":1674237111512875666,"msg":"br","Node":"12D3KooWE2N9kXfsBWLWYdtaX9uY7HxJTfFmVFQFxvUXCQ6bT883","Peer":"12D3KooWDf6Jpo3XnCHoQ7uXMpxS3RbZrysd9Z7iGWLqyQ8K87VZ"}
{"level":"info","ts":1674237111763378958,"msg":"br","Node":"12D3KooWE2N9kXfsBWLWYdtaX9uY7HxJTfFmVFQFxvUXCQ6bT883","Peer":"12D3KooWM4yJB31d4hF2F9Vdwuj9WFo1qonoySyw4bVAQ9a9d21o"}
{"level":"info","ts":1674237111835215750,"msg":"br","Node":"12D3KooWE2N9kXfsBWLWYdtaX9uY7HxJTfFmVFQFxvUXCQ6bT883","Peer":"12D3KooWHHzSeKaY8xuZVzkLbKFfvNgPPeKhFBGrMbNzbm5akpqu"}
{"level":"info","ts":1674237111919449375,"msg":"br","Node":"12D3KooWE2N9kXfsBWLWYdtaX9uY7HxJTfFmVFQFxvUXCQ6bT883","Peer":"12D3KooWNEWRB7PnuZs164xaA9QWM3iZHekHyEQo5qGP5KCHHuSN"}
{"level":"info","ts":1674237111923282875,"msg":"br","Node":"12D3KooWE2N9kXfsBWLWYdtaX9uY7HxJTfFmVFQFxvUXCQ6bT883","Peer":"12D3KooWGBv5oKekns7NunQ9FMNXihJvwyuELAcq84Z9Hxgc2PZh"}
{"level":"info","ts":1674237111932237791,"msg":"br","Node":"12D3KooWE2N9kXfsBWLWYdtaX9uY7HxJTfFmVFQFxvUXCQ6bT883","Peer":"12D3KooWBremnqYWBDK6ctvCuhCqJAps5ZAPADu53gXhQHexrvtP"}
{"level":"info","ts":1674237111971171166,"msg":"br","Node":"12D3KooWE2N9kXfsBWLWYdtaX9uY7HxJTfFmVFQFxvUXCQ6bT883","Peer":"12D3KooWSVahexScA4jt5HsavZut74osC2MWonEzXfNpPhhVj9eq"}
{"level":"info","ts":1674237112642757625,"msg":"ar","Node":"12D3KooWE2N9kXfsBWLWYdtaX9uY7HxJTfFmVFQFxvUXCQ6bT883","Peer":"12D3KooWNc5rNmCJ9yvXviXaENnp7vqDQjomZwia4aA7Q3hSYkiW"}
{"level":"info","ts":1674237112647101250,"msg":"ar","Node":"12D3KooWE2N9kXfsBWLWYdtaX9uY7HxJTfFmVFQFxvUXCQ6bT883","Peer":"12D3KooWKRyzVWW6ChFjQjK4miCty85Niy49tpPV95XdKu1BcvMA"}
{"level":"info","ts":1674237112662363125,"msg":"ar","Node":"12D3KooWE2N9kXfsBWLWYdtaX9uY7HxJTfFmVFQFxvUXCQ6bT883","Peer":"12D3KooWB1b3qZxWJanuhtseF3DmPggHCtG36KZ9ixkqHtdKH9fh"}
{"level":"info","ts":1674237112681512667,"msg":"ar","Node":"12D3KooWE2N9kXfsBWLWYdtaX9uY7HxJTfFmVFQFxvUXCQ6bT883","Peer":"12D3KooWEuk3nU2BCEx3AMKnCFLEG7yXAt1q7gcstxCTJZMfTwkV"}
{"level":"info","ts":1674237112692037917,"msg":"ar","Node":"12D3KooWE2N9kXfsBWLWYdtaX9uY7HxJTfFmVFQFxvUXCQ6bT883","Peer":"12D3KooWSyUTnwQRmgAaT5hnnDiU9BENzaGGH4MNnT8iU138rjLw"}
{"level":"info","ts":1674237112706514542,"msg":"ar","Node":"12D3KooWE2N9kXfsBWLWYdtaX9uY7HxJTfFmVFQFxvUXCQ6bT883","Peer":"12D3KooWKCz8coBHWrFr7Z3ZZekUTsZdm9bUTuKQBbX6tTvKhqmy"}
{"level":"info","ts":1674237112719171917,"msg":"ar","Node":"12D3KooWE2N9kXfsBWLWYdtaX9uY7HxJTfFmVFQFxvUXCQ6bT883","Peer":"12D3KooWQYz2inBsgiBoqNtmEn1qeRBr9B8cdishFuBgiARcfMcY"}
{"level":"info","ts":1674237112725472458,"msg":"ar","Node":"12D3KooWE2N9kXfsBWLWYdtaX9uY7HxJTfFmVFQFxvUXCQ6bT883","Peer":"12D3KooWB224kvi7vN34xJfsfW7bnv6eodxTkgo9VFA6UiaGMgRD"}
{"level":"info","ts":1674237112738372833,"msg":"ar","Node":"12D3KooWE2N9kXfsBWLWYdtaX9uY7HxJTfFmVFQFxvUXCQ6bT883","Peer":"12D3KooWKwfWu3TQuPNRUfEjEYSANNDYvq2D2GuYdysyHcGHB58t"}
{"level":"info","ts":1674237112802140542,"msg":"ar","Node":"12D3KooWE2N9kXfsBWLWYdtaX9uY7HxJTfFmVFQFxvUXCQ6bT883","Peer":"12D3KooW9yvKfP5HgVaLnNaxWywo3pLAEypk7wjUcpgKwLznk5gQ"}
{"level":"info","ts":1674237112806805959,"msg":"ar","Node":"12D3KooWE2N9kXfsBWLWYdtaX9uY7HxJTfFmVFQFxvUXCQ6bT883","Peer":"12D3KooWL3XJ9EMCyZvmmGXL2LMiVBtrVa2BuESsJiXkSj7333Jw"}
{"level":"info","ts":1674237112832319542,"msg":"ar","Node":"12D3KooWE2N9kXfsBWLWYdtaX9uY7HxJTfFmVFQFxvUXCQ6bT883","Peer":"12D3KooWGCvi3KESxsfJqabtDpZTviCeycABxLRtCPR7aQAdAwir"}
{"level":"info","ts":1674237112844317459,"msg":"ar","Node":"12D3KooWE2N9kXfsBWLWYdtaX9uY7HxJTfFmVFQFxvUXCQ6bT883","Peer":"12D3KooWBHDsBRbrf52fh6czkYXYY3tTk4fSfen3ZWvYEzFeHM2g"}
{"level":"info","ts":1674237112850200334,"msg":"ar","Node":"12D3KooWE2N9kXfsBWLWYdtaX9uY7HxJTfFmVFQFxvUXCQ6bT883","Peer":"12D3KooWGBmjmt6Am4j4CWyLRd36hqj1dDKstAyLaeePmEUt7cUp"}
{"level":"info","ts":1674237112877103542,"msg":"ar","Node":"12D3KooWE2N9kXfsBWLWYdtaX9uY7HxJTfFmVFQFxvUXCQ6bT883","Peer":"12D3KooWPwVR5DRz8H7Qvmp1i7c3BmEJLsbXBvLBCDY5tikyx2yu"}
{"level":"info","ts":1674237112880861042,"msg":"ar","Node":"12D3KooWE2N9kXfsBWLWYdtaX9uY7HxJTfFmVFQFxvUXCQ6bT883","Peer":"12D3KooWEiCzB4bVxyxYwB7xpSvra1Yz1SB39kih4qHpFjDWoC9J"}
{"level":"info","ts":1674237112885874084,"msg":"ar","Node":"12D3KooWE2N9kXfsBWLWYdtaX9uY7HxJTfFmVFQFxvUXCQ6bT883","Peer":"12D3KooWGFLL95aAHX7AJZzSn9vFY49znDxeaGPU14TKzrHP7ygU"}
{"level":"info","ts":1674237112907612792,"msg":"ar","Node":"12D3KooWE2N9kXfsBWLWYdtaX9uY7HxJTfFmVFQFxvUXCQ6bT883","Peer":"12D3KooWPp1Xz8oHjyrMTi6fPeQAuEqpDGvv36EvHrjHqXUnEJvw"}
{"level":"info","ts":1674237112938300042,"msg":"ar","Node":"12D3KooWE2N9kXfsBWLWYdtaX9uY7HxJTfFmVFQFxvUXCQ6bT883","Peer":"12D3KooWRuYVGEsecrJJhZsSoKf1UNdBVYKFCmFLNj9ucZiSQCYj"}
{"level":"info","ts":1674237112942492834,"msg":"ar","Node":"12D3KooWE2N9kXfsBWLWYdtaX9uY7HxJTfFmVFQFxvUXCQ6bT883","Peer":"12D3KooWFqdBYPrtwErMosomvD4uRtVhXQdqqZZHC3NCBZYVxr4t"}
{"level":"info","ts":1674237112955235167,"msg":"ar","Node":"12D3KooWE2N9kXfsBWLWYdtaX9uY7HxJTfFmVFQFxvUXCQ6bT883","Peer":"12D3KooWFB7QisaHRFaMwskj6JE4vuoruNMSRNL4pfL2WEReWzMd"}
{"level":"info","ts":1674237112965460667,"msg":"ar","Node":"12D3KooWE2N9kXfsBWLWYdtaX9uY7HxJTfFmVFQFxvUXCQ6bT883","Peer":"12D3KooWGVijKpKXAveYbcCXhe8DhrykfXaehwPM6mcSgagqXkEg"}
{"level":"info","ts":1674237112968328292,"msg":"ar","Node":"12D3KooWE2N9kXfsBWLWYdtaX9uY7HxJTfFmVFQFxvUXCQ6bT883","Peer":"12D3KooWDf6Jpo3XnCHoQ7uXMpxS3RbZrysd9Z7iGWLqyQ8K87VZ"}
{"level":"info","ts":1674237112972950125,"msg":"ar","Node":"12D3KooWE2N9kXfsBWLWYdtaX9uY7HxJTfFmVFQFxvUXCQ6bT883","Peer":"12D3KooWM4yJB31d4hF2F9Vdwuj9WFo1qonoySyw4bVAQ9a9d21o"}
{"level":"info","ts":1674237112984490834,"msg":"ar","Node":"12D3KooWE2N9kXfsBWLWYdtaX9uY7HxJTfFmVFQFxvUXCQ6bT883","Peer":"12D3KooWHHzSeKaY8xuZVzkLbKFfvNgPPeKhFBGrMbNzbm5akpqu"}
{"level":"info","ts":1674237113040363292,"msg":"ar","Node":"12D3KooWE2N9kXfsBWLWYdtaX9uY7HxJTfFmVFQFxvUXCQ6bT883","Peer":"12D3KooWNEWRB7PnuZs164xaA9QWM3iZHekHyEQo5qGP5KCHHuSN"}
{"level":"info","ts":1674237113044950250,"msg":"ar","Node":"12D3KooWE2N9kXfsBWLWYdtaX9uY7HxJTfFmVFQFxvUXCQ6bT883","Peer":"12D3KooWGBv5oKekns7NunQ9FMNXihJvwyuELAcq84Z9Hxgc2PZh"}
{"level":"info","ts":1674237113048221750,"msg":"ar","Node":"12D3KooWE2N9kXfsBWLWYdtaX9uY7HxJTfFmVFQFxvUXCQ6bT883","Peer":"12D3KooWBremnqYWBDK6ctvCuhCqJAps5ZAPADu53gXhQHexrvtP"}
{"level":"info","ts":1674237113062354125,"msg":"ar","Node":"12D3KooWE2N9kXfsBWLWYdtaX9uY7HxJTfFmVFQFxvUXCQ6bT883","Peer":"12D3KooWSVahexScA4jt5HsavZut74osC2MWonEzXfNpPhhVj9eq"}
{"level":"info","ts":1674237115563485460,"msg":"at","Node":"12D3KooWE2N9kXfsBWLWYdtaX9uY7HxJTfFmVFQFxvUXCQ6bT883","Peer":"12D3KooWNc5rNmCJ9yvXviXaENnp7vqDQjomZwia4aA7Q3hSYkiW"}
{"level":"info","ts":1674237115576960376,"msg":"at","Node":"12D3KooWE2N9kXfsBWLWYdtaX9uY7HxJTfFmVFQFxvUXCQ6bT883","Peer":"12D3KooWKRyzVWW6ChFjQjK4miCty85Niy49tpPV95XdKu1BcvMA"}
{"level":"info","ts":1674237115605080127,"msg":"at","Node":"12D3KooWE2N9kXfsBWLWYdtaX9uY7HxJTfFmVFQFxvUXCQ6bT883","Peer":"12D3KooWB1b3qZxWJanuhtseF3DmPggHCtG36KZ9ixkqHtdKH9fh"}
{"level":"info","ts":1674237115614732210,"msg":"at","Node":"12D3KooWE2N9kXfsBWLWYdtaX9uY7HxJTfFmVFQFxvUXCQ6bT883","Peer":"12D3KooWEuk3nU2BCEx3AMKnCFLEG7yXAt1q7gcstxCTJZMfTwkV"}
{"level":"info","ts":1674237115627537043,"msg":"at","Node":"12D3KooWE2N9kXfsBWLWYdtaX9uY7HxJTfFmVFQFxvUXCQ6bT883","Peer":"12D3KooWSyUTnwQRmgAaT5hnnDiU9BENzaGGH4MNnT8iU138rjLw"}
{"level":"info","ts":1674237115634446085,"msg":"at","Node":"12D3KooWE2N9kXfsBWLWYdtaX9uY7HxJTfFmVFQFxvUXCQ6bT883","Peer":"12D3KooWKCz8coBHWrFr7Z3ZZekUTsZdm9bUTuKQBbX6tTvKhqmy"}
{"level":"info","ts":1674237115675584668,"msg":"at","Node":"12D3KooWE2N9kXfsBWLWYdtaX9uY7HxJTfFmVFQFxvUXCQ6bT883","Peer":"12D3KooWQYz2inBsgiBoqNtmEn1qeRBr9B8cdishFuBgiARcfMcY"}
{"level":"info","ts":1674237115734320002,"msg":"at","Node":"12D3KooWE2N9kXfsBWLWYdtaX9uY7HxJTfFmVFQFxvUXCQ6bT883","Peer":"12D3KooWB224kvi7vN34xJfsfW7bnv6eodxTkgo9VFA6UiaGMgRD"}
{"level":"info","ts":1674237115753599835,"msg":"at","Node":"12D3KooWE2N9kXfsBWLWYdtaX9uY7HxJTfFmVFQFxvUXCQ6bT883","Peer":"12D3KooWKwfWu3TQuPNRUfEjEYSANNDYvq2D2GuYdysyHcGHB58t"}
{"level":"info","ts":1674237115822489752,"msg":"at","Node":"12D3KooWE2N9kXfsBWLWYdtaX9uY7HxJTfFmVFQFxvUXCQ6bT883","Peer":"12D3KooW9yvKfP5HgVaLnNaxWywo3pLAEypk7wjUcpgKwLznk5gQ"}
{"level":"info","ts":1674237115833181168,"msg":"at","Node":"12D3KooWE2N9kXfsBWLWYdtaX9uY7HxJTfFmVFQFxvUXCQ6bT883","Peer":"12D3KooWL3XJ9EMCyZvmmGXL2LMiVBtrVa2BuESsJiXkSj7333Jw"}
{"level":"info","ts":1674237115854008752,"msg":"at","Node":"12D3KooWE2N9kXfsBWLWYdtaX9uY7HxJTfFmVFQFxvUXCQ6bT883","Peer":"12D3KooWGCvi3KESxsfJqabtDpZTviCeycABxLRtCPR7aQAdAwir"}
{"level":"info","ts":1674237115903186502,"msg":"at","Node":"12D3KooWE2N9kXfsBWLWYdtaX9uY7HxJTfFmVFQFxvUXCQ6bT883","Peer":"12D3KooWBHDsBRbrf52fh6czkYXYY3tTk4fSfen3ZWvYEzFeHM2g"}
{"level":"info","ts":1674237115924236043,"msg":"at","Node":"12D3KooWE2N9kXfsBWLWYdtaX9uY7HxJTfFmVFQFxvUXCQ6bT883","Peer":"12D3KooWGBmjmt6Am4j4CWyLRd36hqj1dDKstAyLaeePmEUt7cUp"}
{"level":"info","ts":1674237115950085877,"msg":"at","Node":"12D3KooWE2N9kXfsBWLWYdtaX9uY7HxJTfFmVFQFxvUXCQ6bT883","Peer":"12D3KooWPwVR5DRz8H7Qvmp1i7c3BmEJLsbXBvLBCDY5tikyx2yu"}
{"level":"info","ts":1674237115955081335,"msg":"at","Node":"12D3KooWE2N9kXfsBWLWYdtaX9uY7HxJTfFmVFQFxvUXCQ6bT883","Peer":"12D3KooWEiCzB4bVxyxYwB7xpSvra1Yz1SB39kih4qHpFjDWoC9J"}
{"level":"info","ts":1674237115961502752,"msg":"at","Node":"12D3KooWE2N9kXfsBWLWYdtaX9uY7HxJTfFmVFQFxvUXCQ6bT883","Peer":"12D3KooWGFLL95aAHX7AJZzSn9vFY49znDxeaGPU14TKzrHP7ygU"}
{"level":"info","ts":1674237116019549460,"msg":"at","Node":"12D3KooWE2N9kXfsBWLWYdtaX9uY7HxJTfFmVFQFxvUXCQ6bT883","Peer":"12D3KooWPp1Xz8oHjyrMTi6fPeQAuEqpDGvv36EvHrjHqXUnEJvw"}
{"level":"info","ts":1674237116038934960,"msg":"at","Node":"12D3KooWE2N9kXfsBWLWYdtaX9uY7HxJTfFmVFQFxvUXCQ6bT883","Peer":"12D3KooWRuYVGEsecrJJhZsSoKf1UNdBVYKFCmFLNj9ucZiSQCYj"}
{"level":"info","ts":1674237116041117043,"msg":"at","Node":"12D3KooWE2N9kXfsBWLWYdtaX9uY7HxJTfFmVFQFxvUXCQ6bT883","Peer":"12D3KooWFqdBYPrtwErMosomvD4uRtVhXQdqqZZHC3NCBZYVxr4t"}
{"level":"info","ts":1674237116058177377,"msg":"at","Node":"12D3KooWE2N9kXfsBWLWYdtaX9uY7HxJTfFmVFQFxvUXCQ6bT883","Peer":"12D3KooWFB7QisaHRFaMwskj6JE4vuoruNMSRNL4pfL2WEReWzMd"}
{"level":"info","ts":1674237116068609752,"msg":"at","Node":"12D3KooWE2N9kXfsBWLWYdtaX9uY7HxJTfFmVFQFxvUXCQ6bT883","Peer":"12D3KooWGVijKpKXAveYbcCXhe8DhrykfXaehwPM6mcSgagqXkEg"}
{"level":"info","ts":1674237116085107460,"msg":"at","Node":"12D3KooWE2N9kXfsBWLWYdtaX9uY7HxJTfFmVFQFxvUXCQ6bT883","Peer":"12D3KooWDf6Jpo3XnCHoQ7uXMpxS3RbZrysd9Z7iGWLqyQ8K87VZ"}
{"level":"info","ts":1674237116099010668,"msg":"at","Node":"12D3KooWE2N9kXfsBWLWYdtaX9uY7HxJTfFmVFQFxvUXCQ6bT883","Peer":"12D3KooWM4yJB31d4hF2F9Vdwuj9WFo1qonoySyw4bVAQ9a9d21o"}
{"level":"info","ts":1674237116116488377,"msg":"at","Node":"12D3KooWE2N9kXfsBWLWYdtaX9uY7HxJTfFmVFQFxvUXCQ6bT883","Peer":"12D3KooWHHzSeKaY8xuZVzkLbKFfvNgPPeKhFBGrMbNzbm5akpqu"}
{"level":"info","ts":1674237116129159752,"msg":"at","Node":"12D3KooWE2N9kXfsBWLWYdtaX9uY7HxJTfFmVFQFxvUXCQ6bT883","Peer":"12D3KooWNEWRB7PnuZs164xaA9QWM3iZHekHyEQo5qGP5KCHHuSN"}
{"level":"info","ts":1674237116135926960,"msg":"at","Node":"12D3KooWE2N9kXfsBWLWYdtaX9uY7HxJTfFmVFQFxvUXCQ6bT883","Peer":"12D3KooWGBv5oKekns7NunQ9FMNXihJvwyuELAcq84Z9Hxgc2PZh"}
{"level":"info","ts":1674237116145070168,"msg":"at","Node":"12D3KooWE2N9kXfsBWLWYdtaX9uY7HxJTfFmVFQFxvUXCQ6bT883","Peer":"12D3KooWBremnqYWBDK6ctvCuhCqJAps5ZAPADu53gXhQHexrvtP"}
{"level":"info","ts":1674237116149399793,"msg":"at","Node":"12D3KooWE2N9kXfsBWLWYdtaX9uY7HxJTfFmVFQFxvUXCQ6bT883","Peer":"12D3KooWSVahexScA4jt5HsavZut74osC2MWonEzXfNpPhhVj9eq"}
{"level":"info","ts":1674237116845351710,"msg":"ab","Node":"12D3KooWE2N9kXfsBWLWYdtaX9uY7HxJTfFmVFQFxvUXCQ6bT883","Peer":"12D3KooWNc5rNmCJ9yvXviXaENnp7vqDQjomZwia4aA7Q3hSYkiW"}
{"level":"info","ts":1674237116876344294,"msg":"ab","Node":"12D3KooWE2N9kXfsBWLWYdtaX9uY7HxJTfFmVFQFxvUXCQ6bT883","Peer":"12D3KooWKRyzVWW6ChFjQjK4miCty85Niy49tpPV95XdKu1BcvMA"}
{"level":"info","ts":1674237116885444377,"msg":"ab","Node":"12D3KooWE2N9kXfsBWLWYdtaX9uY7HxJTfFmVFQFxvUXCQ6bT883","Peer":"12D3KooWB1b3qZxWJanuhtseF3DmPggHCtG36KZ9ixkqHtdKH9fh"}
{"level":"info","ts":1674237116957605210,"msg":"ab","Node":"12D3KooWE2N9kXfsBWLWYdtaX9uY7HxJTfFmVFQFxvUXCQ6bT883","Peer":"12D3KooWEuk3nU2BCEx3AMKnCFLEG7yXAt1q7gcstxCTJZMfTwkV"}
{"level":"info","ts":1674237116966842419,"msg":"ab","Node":"12D3KooWE2N9kXfsBWLWYdtaX9uY7HxJTfFmVFQFxvUXCQ6bT883","Peer":"12D3KooWSyUTnwQRmgAaT5hnnDiU9BENzaGGH4MNnT8iU138rjLw"}
{"level":"info","ts":1674237116984374669,"msg":"ab","Node":"12D3KooWE2N9kXfsBWLWYdtaX9uY7HxJTfFmVFQFxvUXCQ6bT883","Peer":"12D3KooWKCz8coBHWrFr7Z3ZZekUTsZdm9bUTuKQBbX6tTvKhqmy"}
{"level":"info","ts":1674237117046955169,"msg":"ab","Node":"12D3KooWE2N9kXfsBWLWYdtaX9uY7HxJTfFmVFQFxvUXCQ6bT883","Peer":"12D3KooWQYz2inBsgiBoqNtmEn1qeRBr9B8cdishFuBgiARcfMcY"}
{"level":"info","ts":1674237117058837252,"msg":"ab","Node":"12D3KooWE2N9kXfsBWLWYdtaX9uY7HxJTfFmVFQFxvUXCQ6bT883","Peer":"12D3KooWB224kvi7vN34xJfsfW7bnv6eodxTkgo9VFA6UiaGMgRD"}
{"level":"info","ts":1674237117091737127,"msg":"ab","Node":"12D3KooWE2N9kXfsBWLWYdtaX9uY7HxJTfFmVFQFxvUXCQ6bT883","Peer":"12D3KooWKwfWu3TQuPNRUfEjEYSANNDYvq2D2GuYdysyHcGHB58t"}
{"level":"info","ts":1674237117096607877,"msg":"ab","Node":"12D3KooWE2N9kXfsBWLWYdtaX9uY7HxJTfFmVFQFxvUXCQ6bT883","Peer":"12D3KooW9yvKfP5HgVaLnNaxWywo3pLAEypk7wjUcpgKwLznk5gQ"}
{"level":"info","ts":1674237117107023752,"msg":"ab","Node":"12D3KooWE2N9kXfsBWLWYdtaX9uY7HxJTfFmVFQFxvUXCQ6bT883","Peer":"12D3KooWL3XJ9EMCyZvmmGXL2LMiVBtrVa2BuESsJiXkSj7333Jw"}
{"level":"info","ts":1674237117114274086,"msg":"ab","Node":"12D3KooWE2N9kXfsBWLWYdtaX9uY7HxJTfFmVFQFxvUXCQ6bT883","Peer":"12D3KooWGCvi3KESxsfJqabtDpZTviCeycABxLRtCPR7aQAdAwir"}
{"level":"info","ts":1674237117136604544,"msg":"ab","Node":"12D3KooWE2N9kXfsBWLWYdtaX9uY7HxJTfFmVFQFxvUXCQ6bT883","Peer":"12D3KooWBHDsBRbrf52fh6czkYXYY3tTk4fSfen3ZWvYEzFeHM2g"}
{"level":"info","ts":1674237117198318627,"msg":"ab","Node":"12D3KooWE2N9kXfsBWLWYdtaX9uY7HxJTfFmVFQFxvUXCQ6bT883","Peer":"12D3KooWGBmjmt6Am4j4CWyLRd36hqj1dDKstAyLaeePmEUt7cUp"}
{"level":"info","ts":1674237117210290836,"msg":"ab","Node":"12D3KooWE2N9kXfsBWLWYdtaX9uY7HxJTfFmVFQFxvUXCQ6bT883","Peer":"12D3KooWPwVR5DRz8H7Qvmp1i7c3BmEJLsbXBvLBCDY5tikyx2yu"}
{"level":"info","ts":1674237117224403294,"msg":"ab","Node":"12D3KooWE2N9kXfsBWLWYdtaX9uY7HxJTfFmVFQFxvUXCQ6bT883","Peer":"12D3KooWEiCzB4bVxyxYwB7xpSvra1Yz1SB39kih4qHpFjDWoC9J"}
{"level":"info","ts":1674237117252906086,"msg":"ab","Node":"12D3KooWE2N9kXfsBWLWYdtaX9uY7HxJTfFmVFQFxvUXCQ6bT883","Peer":"12D3KooWGFLL95aAHX7AJZzSn9vFY49znDxeaGPU14TKzrHP7ygU"}
{"level":"info","ts":1674237117269385544,"msg":"ab","Node":"12D3KooWE2N9kXfsBWLWYdtaX9uY7HxJTfFmVFQFxvUXCQ6bT883","Peer":"12D3KooWPp1Xz8oHjyrMTi6fPeQAuEqpDGvv36EvHrjHqXUnEJvw"}
{"level":"info","ts":1674237117289043336,"msg":"ab","Node":"12D3KooWE2N9kXfsBWLWYdtaX9uY7HxJTfFmVFQFxvUXCQ6bT883","Peer":"12D3KooWRuYVGEsecrJJhZsSoKf1UNdBVYKFCmFLNj9ucZiSQCYj"}
{"level":"info","ts":1674237117295474377,"msg":"ab","Node":"12D3KooWE2N9kXfsBWLWYdtaX9uY7HxJTfFmVFQFxvUXCQ6bT883","Peer":"12D3KooWFqdBYPrtwErMosomvD4uRtVhXQdqqZZHC3NCBZYVxr4t"}
{"level":"info","ts":1674237117322053294,"msg":"ab","Node":"12D3KooWE2N9kXfsBWLWYdtaX9uY7HxJTfFmVFQFxvUXCQ6bT883","Peer":"12D3KooWFB7QisaHRFaMwskj6JE4vuoruNMSRNL4pfL2WEReWzMd"}
{"level":"info","ts":1674237117360138044,"msg":"ab","Node":"12D3KooWE2N9kXfsBWLWYdtaX9uY7HxJTfFmVFQFxvUXCQ6bT883","Peer":"12D3KooWGVijKpKXAveYbcCXhe8DhrykfXaehwPM6mcSgagqXkEg"}
{"level":"info","ts":1674237117419060627,"msg":"ab","Node":"12D3KooWE2N9kXfsBWLWYdtaX9uY7HxJTfFmVFQFxvUXCQ6bT883","Peer":"12D3KooWDf6Jpo3XnCHoQ7uXMpxS3RbZrysd9Z7iGWLqyQ8K87VZ"}
{"level":"info","ts":1674237117428007461,"msg":"ab","Node":"12D3KooWE2N9kXfsBWLWYdtaX9uY7HxJTfFmVFQFxvUXCQ6bT883","Peer":"12D3KooWM4yJB31d4hF2F9Vdwuj9WFo1qonoySyw4bVAQ9a9d21o"}
{"level":"info","ts":1674237117442893461,"msg":"ab","Node":"12D3KooWE2N9kXfsBWLWYdtaX9uY7HxJTfFmVFQFxvUXCQ6bT883","Peer":"12D3KooWHHzSeKaY8xuZVzkLbKFfvNgPPeKhFBGrMbNzbm5akpqu"}
{"level":"info","ts":1674237117464450336,"msg":"ab","Node":"12D3KooWE2N9kXfsBWLWYdtaX9uY7HxJTfFmVFQFxvUXCQ6bT883","Peer":"12D3KooWNEWRB7PnuZs164xaA9QWM3iZHekHyEQo5qGP5KCHHuSN"}
{"level":"info","ts":1674237117489191544,"msg":"ab","Node":"12D3KooWE2N9kXfsBWLWYdtaX9uY7HxJTfFmVFQFxvUXCQ6bT883","Peer":"12D3KooWGBv5oKekns7NunQ9FMNXihJvwyuELAcq84Z9Hxgc2PZh"}
{"level":"info","ts":1674237117507516711,"msg":"ab","Node":"12D3KooWE2N9kXfsBWLWYdtaX9uY7HxJTfFmVFQFxvUXCQ6bT883","Peer":"12D3KooWBremnqYWBDK6ctvCuhCqJAps5ZAPADu53gXhQHexrvtP"}
{"level":"info","ts":1674237117512178294,"msg":"ab","Node":"12D3KooWE2N9kXfsBWLWYdtaX9uY7HxJTfFmVFQFxvUXCQ6bT883","Peer":"12D3KooWSVahexScA4jt5HsavZut74osC2MWonEzXfNpPhhVj9eq"}
{"level":"info","ts":1674237145012441543,"msg":"after_provide","Node":"12D3KooWE2N9kXfsBWLWYdtaX9uY7HxJTfFmVFQFxvUXCQ6bT883","Peer":"12D3KooWRFC9qu1UyqfS5fdVjNJBEHDon7m1Ha9fVyNGxfXdD77B"}
{"level":"info","ts":1674237145036618001,"msg":"after_provide","Node":"12D3KooWE2N9kXfsBWLWYdtaX9uY7HxJTfFmVFQFxvUXCQ6bT883","Peer":"12D3KooWCUD1fJhtHsV93H6zZCwPZq5WBLsNTSWUW86EDykHrUgd"}
{"level":"info","ts":1674237145047510626,"msg":"after_provide","Node":"12D3KooWE2N9kXfsBWLWYdtaX9uY7HxJTfFmVFQFxvUXCQ6bT883","Peer":"12D3KooWQfG74brcJhzpNwjPCZmcbBv8f6wxKgLSYmEDXXdPXQpH"}
{"level":"info","ts":1674237145068500251,"msg":"after_provide","Node":"12D3KooWE2N9kXfsBWLWYdtaX9uY7HxJTfFmVFQFxvUXCQ6bT883","Peer":"12D3KooWNc5rNmCJ9yvXviXaENnp7vqDQjomZwia4aA7Q3hSYkiW"}
{"level":"info","ts":1674237145084268085,"msg":"after_provide","Node":"12D3KooWE2N9kXfsBWLWYdtaX9uY7HxJTfFmVFQFxvUXCQ6bT883","Peer":"12D3KooWB1b3qZxWJanuhtseF3DmPggHCtG36KZ9ixkqHtdKH9fh"}
{"level":"info","ts":1674237145146544960,"msg":"after_provide","Node":"12D3KooWE2N9kXfsBWLWYdtaX9uY7HxJTfFmVFQFxvUXCQ6bT883","Peer":"12D3KooWQ3XvwCaYCPy5oXzUiSVQWoBJTkSjkVnMDaDrvCDNpTtZ"}
{"level":"info","ts":1674237145152815751,"msg":"after_provide","Node":"12D3KooWE2N9kXfsBWLWYdtaX9uY7HxJTfFmVFQFxvUXCQ6bT883","Peer":"12D3KooWB224kvi7vN34xJfsfW7bnv6eodxTkgo9VFA6UiaGMgRD"}
{"level":"info","ts":1674237145159715793,"msg":"after_provide","Node":"12D3KooWE2N9kXfsBWLWYdtaX9uY7HxJTfFmVFQFxvUXCQ6bT883","Peer":"12D3KooWFJGAAPuFWEeZUVvSEs7dEGnzgCyBpVuYAx8R9WmSNMe7"}
{"level":"info","ts":1674237145175610793,"msg":"after_provide","Node":"12D3KooWE2N9kXfsBWLWYdtaX9uY7HxJTfFmVFQFxvUXCQ6bT883","Peer":"12D3KooWKCz8coBHWrFr7Z3ZZekUTsZdm9bUTuKQBbX6tTvKhqmy"}
{"level":"info","ts":1674237145201983085,"msg":"after_provide","Node":"12D3KooWE2N9kXfsBWLWYdtaX9uY7HxJTfFmVFQFxvUXCQ6bT883","Peer":"12D3KooWEuk3nU2BCEx3AMKnCFLEG7yXAt1q7gcstxCTJZMfTwkV"}
{"level":"info","ts":1674237145207269626,"msg":"after_provide","Node":"12D3KooWE2N9kXfsBWLWYdtaX9uY7HxJTfFmVFQFxvUXCQ6bT883","Peer":"12D3KooWEiCzB4bVxyxYwB7xpSvra1Yz1SB39kih4qHpFjDWoC9J"}
{"level":"info","ts":1674237145214496668,"msg":"after_provide","Node":"12D3KooWE2N9kXfsBWLWYdtaX9uY7HxJTfFmVFQFxvUXCQ6bT883","Peer":"12D3KooWCR2EoapJjoQVR4E3NLjWn818gG3XizQ92Yx6C424HL2g"}
{"level":"info","ts":1674237145237549418,"msg":"after_provide","Node":"12D3KooWE2N9kXfsBWLWYdtaX9uY7HxJTfFmVFQFxvUXCQ6bT883","Peer":"12D3KooWFqdBYPrtwErMosomvD4uRtVhXQdqqZZHC3NCBZYVxr4t"}
{"level":"info","ts":1674237145254770793,"msg":"after_provide","Node":"12D3KooWE2N9kXfsBWLWYdtaX9uY7HxJTfFmVFQFxvUXCQ6bT883","Peer":"12D3KooWGBmjmt6Am4j4CWyLRd36hqj1dDKstAyLaeePmEUt7cUp"}
{"level":"info","ts":1674237145266309210,"msg":"after_provide","Node":"12D3KooWE2N9kXfsBWLWYdtaX9uY7HxJTfFmVFQFxvUXCQ6bT883","Peer":"12D3KooWPwVR5DRz8H7Qvmp1i7c3BmEJLsbXBvLBCDY5tikyx2yu"}
{"level":"info","ts":1674237145291538043,"msg":"after_provide","Node":"12D3KooWE2N9kXfsBWLWYdtaX9uY7HxJTfFmVFQFxvUXCQ6bT883","Peer":"12D3KooWEbZEADkMZvpYYcAkAk8Bmbe34HoH7uXwPEmzCCqVVppj"}
{"level":"info","ts":1674237145355430168,"msg":"after_provide","Node":"12D3KooWE2N9kXfsBWLWYdtaX9uY7HxJTfFmVFQFxvUXCQ6bT883","Peer":"12D3KooWCv935r3ropYhUe5yMCp9QiUoc9A6cZpYQ5x84DqEPbwb"}
{"level":"info","ts":1674237145359180168,"msg":"after_provide","Node":"12D3KooWE2N9kXfsBWLWYdtaX9uY7HxJTfFmVFQFxvUXCQ6bT883","Peer":"12D3KooWE4qDcRrueTuRYWUdQZgcy7APZqBngVeXRt4Y6ytHizKV"}
{"level":"info","ts":1674237145363255085,"msg":"after_provide","Node":"12D3KooWE2N9kXfsBWLWYdtaX9uY7HxJTfFmVFQFxvUXCQ6bT883","Peer":"12D3KooWKVutoujmd2QtYCFPk6WtyU9xvAgYxFXvqLVGcBHocnmG"}
{"level":"info","ts":1674237145374622751,"msg":"after_provide","Node":"12D3KooWE2N9kXfsBWLWYdtaX9uY7HxJTfFmVFQFxvUXCQ6bT883","Peer":"12D3KooWGve8Xnd9qBGe7YSXskiD386LmWuWEhQjVhyLFQBiKou5"}
{"level":"info","ts":1674237145397909876,"msg":"after_provide","Node":"12D3KooWE2N9kXfsBWLWYdtaX9uY7HxJTfFmVFQFxvUXCQ6bT883","Peer":"12D3KooWFB7QisaHRFaMwskj6JE4vuoruNMSRNL4pfL2WEReWzMd"}
{"level":"info","ts":1674237145411442335,"msg":"after_provide","Node":"12D3KooWE2N9kXfsBWLWYdtaX9uY7HxJTfFmVFQFxvUXCQ6bT883","Peer":"12D3KooWGVijKpKXAveYbcCXhe8DhrykfXaehwPM6mcSgagqXkEg"}
{"level":"info","ts":1674237145446519751,"msg":"after_provide","Node":"12D3KooWE2N9kXfsBWLWYdtaX9uY7HxJTfFmVFQFxvUXCQ6bT883","Peer":"12D3KooWDf6Jpo3XnCHoQ7uXMpxS3RbZrysd9Z7iGWLqyQ8K87VZ"}
{"level":"info","ts":1674237145467242626,"msg":"after_provide","Node":"12D3KooWE2N9kXfsBWLWYdtaX9uY7HxJTfFmVFQFxvUXCQ6bT883","Peer":"12D3KooWM4yJB31d4hF2F9Vdwuj9WFo1qonoySyw4bVAQ9a9d21o"}
{"level":"info","ts":1674237145483900001,"msg":"after_provide","Node":"12D3KooWE2N9kXfsBWLWYdtaX9uY7HxJTfFmVFQFxvUXCQ6bT883","Peer":"12D3KooWHHzSeKaY8xuZVzkLbKFfvNgPPeKhFBGrMbNzbm5akpqu"}
{"level":"info","ts":1674237145485637751,"msg":"after_provide","Node":"12D3KooWE2N9kXfsBWLWYdtaX9uY7HxJTfFmVFQFxvUXCQ6bT883","Peer":"12D3KooWNEWRB7PnuZs164xaA9QWM3iZHekHyEQo5qGP5KCHHuSN"}
{"level":"info","ts":1674237145500484835,"msg":"after_provide","Node":"12D3KooWE2N9kXfsBWLWYdtaX9uY7HxJTfFmVFQFxvUXCQ6bT883","Peer":"12D3KooWGBv5oKekns7NunQ9FMNXihJvwyuELAcq84Z9Hxgc2PZh"}
{"level":"info","ts":1674237145541151043,"msg":"after_provide","Node":"12D3KooWE2N9kXfsBWLWYdtaX9uY7HxJTfFmVFQFxvUXCQ6bT883","Peer":"12D3KooWBremnqYWBDK6ctvCuhCqJAps5ZAPADu53gXhQHexrvtP"}
{"level":"info","ts":1674237145613272126,"msg":"after_provide","Node":"12D3KooWE2N9kXfsBWLWYdtaX9uY7HxJTfFmVFQFxvUXCQ6bT883","Peer":"12D3KooWSVahexScA4jt5HsavZut74osC2MWonEzXfNpPhhVj9eq"}
