{"ts":1675440930824902958,"type":"point","name":"bandwidth-total-in|cypress-provider|16|0","measures":{"value":264207}}
{"ts":1675440930827095166,"type":"point","name":"bandwidth-total-out|cypress-provider|16|0","measures":{"value":201203}}
{"ts":1675440930833320833,"type":"point","name":"bandwidth-rate-in|cypress-provider|16|0","measures":{"value":1.1662518765194139}}
{"ts":1675440930835185958,"type":"point","name":"bandwidth-rate-out|cypress-provider|16|0","measures":{"value":0.4256318038708698}}
{"ts":1675440948248366216,"type":"point","name":"signal bootstrapping0","measures":{"value":30160041}}
{"ts":1675440948324353633,"type":"point","name":"barrierbootstrapping0","measures":{"value":65395333}}
{"ts":1675440948362928008,"type":"point","name":"full bootstrapping0","measures":{"value":36362882433}}
{"ts":1675440950889145343,"type":"point","name":"bandwidth-total-in|cypress-provider|16|1","measures":{"value":331263}}
{"ts":1675440951154956801,"type":"point","name":"bandwidth-total-out|cypress-provider|16|1","measures":{"value":253773}}
{"ts":1675440951209829343,"type":"point","name":"bandwidth-rate-in|cypress-provider|16|1","measures":{"value":27707.572922084077}}
{"ts":1675440951397044468,"type":"point","name":"bandwidth-rate-out|cypress-provider|16|1","measures":{"value":7626.032151870507}}
{"ts":1675440970828745546,"type":"point","name":"bandwidth-total-in|cypress-provider|16|2","measures":{"value":683172}}
{"ts":1675440970874264296,"type":"point","name":"bandwidth-total-out|cypress-provider|16|2","measures":{"value":771179}}
{"ts":1675440970886050838,"type":"point","name":"bandwidth-rate-in|cypress-provider|16|2","measures":{"value":11626.401640730872}}
{"ts":1675440970938042879,"type":"point","name":"bandwidth-rate-out|cypress-provider|16|2","measures":{"value":24030.993124766177}}
{"ts":1675440984986120678,"type":"point","name":"time-to-provide-19","measures":{"value":35734012391}}
{"ts":1675440986923398637,"type":"point","name":"time-to-provide-16","measures":{"value":37605319767}}
{"ts":1675440988763864638,"type":"point","name":"time-to-provide-2","measures":{"value":39426267352}}
{"ts":1675440989115093388,"type":"point","name":"time-to-provide-13","measures":{"value":39810781768}}
{"ts":1675440989333039597,"type":"point","name":"time-to-provide-11","measures":{"value":40066556227}}
{"ts":1675440989618218847,"type":"point","name":"time-to-provide-6","measures":{"value":40276174810}}
{"ts":1675440989641158680,"type":"point","name":"time-to-provide-7","measures":{"value":40299010060}}
{"ts":1675440990006513305,"type":"point","name":"time-to-provide-18","measures":{"value":40664201561}}
{"ts":1675440990044480805,"type":"point","name":"time-to-provide-10","measures":{"value":40778183019}}
{"ts":1675440990369204555,"type":"point","name":"time-to-provide-9","measures":{"value":41026851435}}
{"ts":1675440990890504916,"type":"point","name":"bandwidth-total-in|cypress-provider|16|3","measures":{"value":937961}}
{"ts":1675440990912645375,"type":"point","name":"bandwidth-total-out|cypress-provider|16|3","measures":{"value":1017351}}
{"ts":1675440990957555250,"type":"point","name":"bandwidth-rate-in|cypress-provider|16|3","measures":{"value":9301.090413666125}}
{"ts":1675440990985666208,"type":"point","name":"bandwidth-rate-out|cypress-provider|16|3","measures":{"value":7552.153207512415}}
{"ts":1675440991064652583,"type":"point","name":"time-to-provide-15","measures":{"value":41746802018}}
{"ts":1675440991159125125,"type":"point","name":"time-to-provide-14","measures":{"value":41901417268}}
{"ts":1675440991854839708,"type":"point","name":"time-to-provide-17","measures":{"value":42513579561}}
{"ts":1675440994792619460,"type":"point","name":"time-to-provide-4","measures":{"value":45474080729}}
{"ts":1675440995769298502,"type":"point","name":"time-to-provide-3","measures":{"value":46426549938}}
{"ts":1675440995813728294,"type":"point","name":"time-to-provide-0","measures":{"value":46479263146}}
{"ts":1675440996496219961,"type":"point","name":"time-to-provide-5","measures":{"value":47154870646}}
{"ts":1675440996536044336,"type":"point","name":"time-to-provide-8","measures":{"value":47194579730}}
{"ts":1675440996587877502,"type":"point","name":"time-to-provide-1","measures":{"value":47185182896}}
{"ts":1675440996848213169,"type":"point","name":"time-to-provide-12","measures":{"value":47545377729}}
{"ts":1675440997032107503,"type":"point","name":"signal provider-records1","measures":{"value":104585292}}
{"ts":1675440997258190461,"type":"point","name":"barrierprovider-records1","measures":{"value":142875583}}
{"ts":1675440997396450586,"type":"point","name":"full provider-records1","measures":{"value":48179932855}}
{"ts":1675440999203816087,"type":"point","name":"time-to-find-first|cypress-provider|0","measures":{"value":64625}}
{"ts":1675440999205196754,"type":"point","name":"time-to-find-first|cypress-provider|1","measures":{"value":315000}}
{"ts":1675440999208692754,"type":"point","name":"time-to-find-first|cypress-provider|19","measures":{"value":6210666}}
{"ts":1675440999211748462,"type":"point","name":"time-to-find-first|cypress-provider|2","measures":{"value":6438500}}
{"ts":1675440999221141712,"type":"point","name":"time-to-find-first|cypress-provider|14","measures":{"value":11328000}}
{"ts":1675440999221212462,"type":"point","name":"time-to-find-first|cypress-provider|4","measures":{"value":11659917}}
{"ts":1675440999221256962,"type":"point","name":"time-to-find-first|cypress-provider|5","measures":{"value":11409708}}
{"ts":1675440999236338087,"type":"point","name":"time-to-find-first|cypress-provider|8","measures":{"value":25883250}}
{"ts":1675440999237543004,"type":"point","name":"time-to-find-first|cypress-provider|9","measures":{"value":26952166}}
{"ts":1675440999238435962,"type":"point","name":"time-to-find-first|cypress-provider|10","measures":{"value":27789334}}
{"ts":1675440999238760545,"type":"point","name":"time-to-find-first|cypress-provider|7","measures":{"value":28396417}}
{"ts":1675440999239538254,"type":"point","name":"time-to-find-first|cypress-provider|6","measures":{"value":29310042}}
{"ts":1675440999513323754,"type":"point","name":"time-to-find-first|cypress-provider|11","measures":{"value":302587208}}
{"ts":1675440999778639671,"type":"point","name":"time-to-find-first|cypress-provider|12","measures":{"value":567406333}}
{"ts":1675440999778734879,"type":"point","name":"time-to-find-first|cypress-provider|13","measures":{"value":567409125}}
{"ts":1675440999778747212,"type":"point","name":"time-to-find-first|cypress-provider|15","measures":{"value":565458459}}
{"ts":1675440999979821879,"type":"point","name":"time-to-find-first|cypress-provider|16","measures":{"value":766450125}}
{"ts":1675441000065817087,"type":"point","name":"time-to-find-first|cypress-provider|17","measures":{"value":852395501}}
{"ts":1675441000096310379,"type":"point","name":"time-to-find-first|cypress-provider|3","measures":{"value":683929500}}
{"ts":1675441000383570212,"type":"point","name":"time-to-find-first|cypress-provider|18","measures":{"value":1170063834}}
{"ts":1675441011023526593,"type":"point","name":"bandwidth-total-in|cypress-provider|16|4","measures":{"value":1359660}}
{"ts":1675441011274850301,"type":"point","name":"bandwidth-total-out|cypress-provider|16|4","measures":{"value":1317159}}
{"ts":1675441011416309176,"type":"point","name":"bandwidth-rate-in|cypress-provider|16|4","measures":{"value":60354.96561444523}}
{"ts":1675441011813690135,"type":"point","name":"bandwidth-rate-out|cypress-provider|16|4","measures":{"value":33786.683981273454}}
{"ts":1675441030833698046,"type":"point","name":"bandwidth-total-in|cypress-provider|16|5","measures":{"value":1932128}}
{"ts":1675441030915842671,"type":"point","name":"bandwidth-total-out|cypress-provider|16|5","measures":{"value":2353027}}
{"ts":1675441031005702629,"type":"point","name":"bandwidth-rate-in|cypress-provider|16|5","measures":{"value":7870.78338559059}}
{"ts":1675441031078575379,"type":"point","name":"bandwidth-rate-out|cypress-provider|16|5","measures":{"value":23561.690270775656}}
{"ts":1675441050834174458,"type":"point","name":"bandwidth-total-in|cypress-provider|16|6","measures":{"value":2335938}}
{"ts":1675441050862081333,"type":"point","name":"bandwidth-total-out|cypress-provider|16|6","measures":{"value":3051337}}
{"ts":1675441050869960458,"type":"point","name":"bandwidth-rate-in|cypress-provider|16|6","measures":{"value":32933.89335305255}}
{"ts":1675441050967959750,"type":"point","name":"bandwidth-rate-out|cypress-provider|16|6","measures":{"value":32648.28513942422}}
{"ts":1675441062782340464,"type":"point","name":"num-hops|cypress-provider|6","measures":{"value":2}}
{"ts":1675441062854123630,"type":"point","name":"time-to-find-last|done|cypress-provider|6","measures":{"value":3086075460}}
{"ts":1675441062870084547,"type":"point","name":"time-to-find|done|cypress-provider|6","measures":{"value":63662197112}}
{"ts":1675441062892196464,"type":"point","name":"peers-found|done|cypress-provider|6","measures":{"value":40}}
{"ts":1675441062919308505,"type":"point","name":"peers-missing|done|cypress-provider|6","measures":{"value":0}}
{"ts":1675441064282774423,"type":"point","name":"num-hops|cypress-provider|0","measures":{"value":2}}
{"ts":1675441064334056423,"type":"point","name":"time-to-find-last|done|cypress-provider|0","measures":{"value":26868125}}
{"ts":1675441064353386298,"type":"point","name":"time-to-find|done|cypress-provider|0","measures":{"value":65151977238}}
{"ts":1675441064374219214,"type":"point","name":"peers-found|done|cypress-provider|0","measures":{"value":40}}
{"ts":1675441064399164756,"type":"point","name":"peers-missing|done|cypress-provider|0","measures":{"value":0}}
{"ts":1675441064399084714,"type":"point","name":"num-hops|cypress-provider|18","measures":{"value":3}}
{"ts":1675441064437922673,"type":"point","name":"time-to-find-last|done|cypress-provider|18","measures":{"value":4206793419}}
{"ts":1675441064468092381,"type":"point","name":"time-to-find|done|cypress-provider|18","measures":{"value":65256928155}}
{"ts":1675441064482433089,"type":"point","name":"peers-found|done|cypress-provider|18","measures":{"value":40}}
{"ts":1675441064511169464,"type":"point","name":"peers-missing|done|cypress-provider|18","measures":{"value":0}}
{"ts":1675441064656155089,"type":"point","name":"num-hops|cypress-provider|2","measures":{"value":2}}
{"ts":1675441064676512798,"type":"point","name":"time-to-find-last|done|cypress-provider|2","measures":{"value":889310292}}
{"ts":1675441064692004381,"type":"point","name":"time-to-find|done|cypress-provider|2","measures":{"value":65489037529}}
{"ts":1675441064710511173,"type":"point","name":"peers-found|done|cypress-provider|2","measures":{"value":40}}
{"ts":1675441064733418006,"type":"point","name":"peers-missing|done|cypress-provider|2","measures":{"value":0}}
{"ts":1675441064850653548,"type":"point","name":"num-hops|cypress-provider|1","measures":{"value":2}}
{"ts":1675441064889156548,"type":"point","name":"time-to-find-last|done|cypress-provider|1","measures":{"value":271784458}}
{"ts":1675441064912289048,"type":"point","name":"time-to-find|done|cypress-provider|1","measures":{"value":65709757905}}
{"ts":1675441064927147173,"type":"point","name":"peers-found|done|cypress-provider|1","measures":{"value":40}}
{"ts":1675441064967228215,"type":"point","name":"peers-missing|done|cypress-provider|1","measures":{"value":0}}
{"ts":1675441064969537798,"type":"point","name":"num-hops|cypress-provider|15","measures":{"value":2}}
{"ts":1675441065027253298,"type":"point","name":"time-to-find-last|done|cypress-provider|15","measures":{"value":3399429502}}
{"ts":1675441065057818715,"type":"point","name":"time-to-find|done|cypress-provider|15","measures":{"value":65846868113}}
{"ts":1675441065083114006,"type":"point","name":"peers-found|done|cypress-provider|15","measures":{"value":40}}
{"ts":1675441065114503173,"type":"point","name":"peers-missing|done|cypress-provider|15","measures":{"value":0}}
{"ts":1675441065003934548,"type":"point","name":"num-hops|cypress-provider|19","measures":{"value":1}}
{"ts":1675441065165515923,"type":"point","name":"time-to-find-last|done|cypress-provider|19","measures":{"value":574840667}}
{"ts":1675441065192410715,"type":"point","name":"time-to-find|done|cypress-provider|19","measures":{"value":65992267779}}
{"ts":1675441065182916881,"type":"point","name":"num-hops|cypress-provider|9","measures":{"value":2}}
{"ts":1675441065254722840,"type":"point","name":"time-to-find-last|done|cypress-provider|9","measures":{"value":2261875584}}
{"ts":1675441065274371923,"type":"point","name":"time-to-find|done|cypress-provider|9","measures":{"value":66066120696}}
{"ts":1675441065303139840,"type":"point","name":"peers-found|done|cypress-provider|9","measures":{"value":40}}
{"ts":1675441065352378256,"type":"point","name":"peers-missing|done|cypress-provider|9","measures":{"value":0}}
{"ts":1675441065234534881,"type":"point","name":"peers-found|done|cypress-provider|19","measures":{"value":40}}
{"ts":1675441065421508923,"type":"point","name":"peers-missing|done|cypress-provider|19","measures":{"value":0}}
{"ts":1675441065201904423,"type":"point","name":"num-hops|cypress-provider|17","measures":{"value":2}}
{"ts":1675441065493205340,"type":"point","name":"time-to-find-last|done|cypress-provider|17","measures":{"value":7989424629}}
{"ts":1675441065525740382,"type":"point","name":"time-to-find|done|cypress-provider|17","measures":{"value":66314661864}}
{"ts":1675441065534816007,"type":"point","name":"peers-found|done|cypress-provider|17","measures":{"value":40}}
{"ts":1675441065549980382,"type":"point","name":"peers-missing|done|cypress-provider|17","measures":{"value":0}}
{"ts":1675441065346449715,"type":"point","name":"num-hops|cypress-provider|16","measures":{"value":1}}
{"ts":1675441065273090673,"type":"point","name":"num-hops|cypress-provider|7","measures":{"value":2}}
{"ts":1675441065620397423,"type":"point","name":"time-to-find-last|done|cypress-provider|7","measures":{"value":2530773960}}
{"ts":1675441065636511507,"type":"point","name":"time-to-find|done|cypress-provider|7","measures":{"value":66428486364}}
{"ts":1675441065678346548,"type":"point","name":"peers-found|done|cypress-provider|7","measures":{"value":40}}
{"ts":1675441065716135173,"type":"point","name":"peers-missing|done|cypress-provider|7","measures":{"value":0}}
{"ts":1675441065425316548,"type":"point","name":"num-hops|cypress-provider|11","measures":{"value":1}}
{"ts":1675441065768004507,"type":"point","name":"time-to-find-last|done|cypress-provider|11","measures":{"value":10574851213}}
{"ts":1675441065785922798,"type":"point","name":"time-to-find|done|cypress-provider|11","measures":{"value":66577525738}}
{"ts":1675441065808807298,"type":"point","name":"peers-found|done|cypress-provider|11","measures":{"value":40}}
{"ts":1675441065786818632,"type":"point","name":"num-hops|cypress-provider|10","measures":{"value":2}}
{"ts":1675441065846107382,"type":"point","name":"time-to-find-last|done|cypress-provider|10","measures":{"value":2365998918}}
{"ts":1675441065868130298,"type":"point","name":"time-to-find|done|cypress-provider|10","measures":{"value":66659822864}}
{"ts":1675441065893332423,"type":"point","name":"peers-found|done|cypress-provider|10","measures":{"value":40}}
{"ts":1675441065905537423,"type":"point","name":"peers-missing|done|cypress-provider|10","measures":{"value":0}}
{"ts":1675441065590862173,"type":"point","name":"time-to-find-last|done|cypress-provider|16","measures":{"value":4111827377}}
{"ts":1675441065827375090,"type":"point","name":"peers-missing|done|cypress-provider|11","measures":{"value":0}}
{"ts":1675441065279201923,"type":"point","name":"num-hops|cypress-provider|14","measures":{"value":2}}
{"ts":1675441066004412382,"type":"point","name":"time-to-find-last|done|cypress-provider|14","measures":{"value":923988501}}
{"ts":1675441066013905673,"type":"point","name":"time-to-find|done|cypress-provider|14","measures":{"value":66806432614}}
{"ts":1675441066054621882,"type":"point","name":"peers-found|done|cypress-provider|14","measures":{"value":40}}
{"ts":1675441066085297632,"type":"point","name":"peers-missing|done|cypress-provider|14","measures":{"value":0}}
{"ts":1675441065963518007,"type":"point","name":"time-to-find|done|cypress-provider|16","measures":{"value":66752488238}}
{"ts":1675441066169211590,"type":"point","name":"peers-found|done|cypress-provider|16","measures":{"value":40}}
{"ts":1675441066197322924,"type":"point","name":"peers-missing|done|cypress-provider|16","measures":{"value":0}}
{"ts":1675441065980110548,"type":"point","name":"num-hops|cypress-provider|13","measures":{"value":1}}
{"ts":1675441066251970174,"type":"point","name":"time-to-find-last|done|cypress-provider|13","measures":{"value":3251950543}}
{"ts":1675441066273412340,"type":"point","name":"time-to-find|done|cypress-provider|13","measures":{"value":67064425780}}
{"ts":1675441066312362757,"type":"point","name":"peers-found|done|cypress-provider|13","measures":{"value":40}}
{"ts":1675441066320267299,"type":"point","name":"peers-missing|done|cypress-provider|13","measures":{"value":0}}
{"ts":1675441067998798633,"type":"point","name":"num-hops|cypress-provider|8","measures":{"value":2}}
{"ts":1675441068021502841,"type":"point","name":"time-to-find-last|done|cypress-provider|8","measures":{"value":2569429959}}
{"ts":1675441068058490174,"type":"point","name":"time-to-find|done|cypress-provider|8","measures":{"value":68850377364}}
{"ts":1675441068094906549,"type":"point","name":"peers-found|done|cypress-provider|8","measures":{"value":40}}
{"ts":1675441068115219758,"type":"point","name":"peers-missing|done|cypress-provider|8","measures":{"value":0}}
{"ts":1675441068096969466,"type":"point","name":"num-hops|cypress-provider|12","measures":{"value":2}}
{"ts":1675441068157742258,"type":"point","name":"time-to-find-last|done|cypress-provider|12","measures":{"value":2944332834}}
{"ts":1675441068193088050,"type":"point","name":"time-to-find|done|cypress-provider|12","measures":{"value":68984188489}}
{"ts":1675441068212879050,"type":"point","name":"peers-found|done|cypress-provider|12","measures":{"value":40}}
{"ts":1675441068248158091,"type":"point","name":"peers-missing|done|cypress-provider|12","measures":{"value":0}}
{"ts":1675441068155798550,"type":"point","name":"num-hops|cypress-provider|3","measures":{"value":2}}
{"ts":1675441068294413883,"type":"point","name":"time-to-find-last|done|cypress-provider|3","measures":{"value":4037361044}}
{"ts":1675441068330994633,"type":"point","name":"time-to-find|done|cypress-provider|3","measures":{"value":68920955406}}
{"ts":1675441068369816925,"type":"point","name":"peers-found|done|cypress-provider|3","measures":{"value":40}}
{"ts":1675441068374447425,"type":"point","name":"peers-missing|done|cypress-provider|3","measures":{"value":0}}
{"ts":1675441068427752675,"type":"point","name":"num-hops|cypress-provider|5","measures":{"value":1}}
{"ts":1675441068456101716,"type":"point","name":"time-to-find-last|done|cypress-provider|5","measures":{"value":1708730917}}
{"ts":1675441068474403091,"type":"point","name":"time-to-find|done|cypress-provider|5","measures":{"value":69266894656}}
{"ts":1675441068497011216,"type":"point","name":"peers-found|done|cypress-provider|5","measures":{"value":40}}
{"ts":1675441068519380258,"type":"point","name":"peers-missing|done|cypress-provider|5","measures":{"value":0}}
{"ts":1675441069316484925,"type":"point","name":"num-hops|cypress-provider|4","measures":{"value":1}}
{"ts":1675441069335797050,"type":"point","name":"time-to-find-last|done|cypress-provider|4","measures":{"value":1174096334}}
{"ts":1675441069350414217,"type":"point","name":"time-to-find|done|cypress-provider|4","measures":{"value":70143200532}}
{"ts":1675441069379881508,"type":"point","name":"peers-found|done|cypress-provider|4","measures":{"value":40}}
{"ts":1675441069405014425,"type":"point","name":"peers-missing|done|cypress-provider|4","measures":{"value":0}}
{"ts":1675441069482541092,"type":"point","name":"signal provider-records2","measures":{"value":62318333}}
{"ts":1675441070616879592,"type":"point","name":"barrierprovider-records2","measures":{"value":1099706918}}
{"ts":1675441070747377009,"type":"point","name":"full provider-records2","measures":{"value":71547491865}}
{"ts":1675441070826314884,"type":"point","name":"bandwidth-total-in|cypress-provider|16|7","measures":{"value":2753917}}
{"ts":1675441070869087967,"type":"point","name":"bandwidth-total-out|cypress-provider|16|7","measures":{"value":3160188}}
{"ts":1675441070910211217,"type":"point","name":"bandwidth-rate-in|cypress-provider|16|7","measures":{"value":3.5905731128841336}}
{"ts":1675441070929457051,"type":"point","name":"bandwidth-rate-out|cypress-provider|16|7","measures":{"value":0.12068785522895518}}
