{"ts":1673912280877079843,"type":"gauge","name":"runtime.MemStats.BuckHashSys","measures":{"value":1494860}}
{"ts":1673912280890103510,"type":"gauge","name":"runtime.MemStats.HeapSys","measures":{"value":36536320}}
{"ts":1673912280894794801,"type":"gauge","name":"runtime.MemStats.NextGC","measures":{"value":38388160}}
{"ts":1673912280922838760,"type":"gauge","name":"runtime.MemStats.StackSys","measures":{"value":1212416}}
{"ts":1673912280926372510,"type":"gauge","name":"runtime.NumThread","measures":{"value":10}}
{"ts":1673912280959797427,"type":"gauge","name":"runtime.MemStats.LastGC","measures":{"value":1673912276895350300}}
{"ts":1673912280976968302,"type":"gauge","name":"runtime.MemStats.MCacheSys","measures":{"value":15600}}
{"ts":1673912280979796552,"type":"gauge","name":"runtime.MemStats.MSpanInuse","measures":{"value":493680}}
{"ts":1673912280984116677,"type":"histogram","name":"runtime.MemStats.PauseNs","measures":{"count":3,"max":394584,"mean":185791.66666666666,"min":30833,"p50":131958,"p75":394584,"p95":394584,"p99":394584,"p999":394584,"p9999":394584,"stddev":153301.97922256438,"variance":23501496833.555557}}
{"ts":1673912280990885218,"type":"gauge","name":"runtime.MemStats.Mallocs","measures":{"value":882804}}
{"ts":1673912280993477802,"type":"gauge","name":"runtime.MemStats.MSpanSys","measures":{"value":505920}}
{"ts":1673912280997819177,"type":"gauge","name":"runtime.NumCgoCall","measures":{"value":1}}
{"ts":1673912281001135552,"type":"gauge","name":"runtime.NumGoroutine","measures":{"value":17}}
{"ts":1673912281004934843,"type":"timer","name":"runtime.ReadMemStats","measures":{"count":1,"m1":0,"m15":0,"m5":0,"max":900375,"mean":900375,"meanrate":0.19992416864287924,"min":900375,"p50":900375,"p75":900375,"p95":900375,"p99":900375,"p999":900375,"p9999":900375,"stddev":0,"variance":0}}
{"ts":1673912281012104927,"type":"gauge","name":"runtime.MemStats.Alloc","measures":{"value":26323616}}
{"ts":1673912281017702093,"type":"gauge","name":"runtime.MemStats.DebugGC","measures":{"value":0}}
{"ts":1673912281019146677,"type":"gauge","name":"runtime.MemStats.HeapInuse","measures":{"value":27525120}}
{"ts":1673912281028717177,"type":"gauge","name":"runtime.MemStats.NumGC","measures":{"value":3}}
{"ts":1673912281035659677,"type":"gauge","name":"runtime.MemStats.PauseTotalNs","measures":{"value":557375}}
{"ts":1673912281046511010,"type":"gauge","name":"runtime.MemStats.Frees","measures":{"value":247121}}
{"ts":1673912281057018135,"type":"gauge","name":"runtime.MemStats.HeapAlloc","measures":{"value":26323616}}
{"ts":1673912281072683052,"type":"gauge","name":"runtime.MemStats.Lookups","measures":{"value":0}}
{"ts":1673912281079837052,"type":"gauge","name":"runtime.MemStats.TotalAlloc","measures":{"value":32822744}}
{"ts":1673912281099265885,"type":"gauge","name":"runtime.MemStats.GCCPUFraction","measures":{"value":0.03325577736321503}}
{"ts":1673912281107364843,"type":"gauge","name":"runtime.MemStats.StackInuse","measures":{"value":1212416}}
{"ts":1673912281122078968,"type":"gauge","name":"runtime.MemStats.Sys","measures":{"value":45839624}}
{"ts":1673912281136747093,"type":"gauge","name":"runtime.MemStats.EnableGC","measures":{"value":1}}
{"ts":1673912281155078177,"type":"gauge","name":"runtime.MemStats.HeapIdle","measures":{"value":9011200}}
{"ts":1673912281169013093,"type":"gauge","name":"runtime.MemStats.HeapObjects","measures":{"value":635683}}
{"ts":1673912281175586760,"type":"gauge","name":"runtime.MemStats.HeapReleased","measures":{"value":4784128}}
{"ts":1673912281178902510,"type":"gauge","name":"runtime.MemStats.MCacheInuse","measures":{"value":6000}}
{"ts":1673912285875968637,"type":"gauge","name":"runtime.MemStats.NextGC","measures":{"value":38388160}}
{"ts":1673912285885605304,"type":"gauge","name":"runtime.MemStats.StackSys","measures":{"value":4489216}}
{"ts":1673912285930075804,"type":"gauge","name":"runtime.NumThread","measures":{"value":10}}
{"ts":1673912285947118721,"type":"gauge","name":"runtime.MemStats.BuckHashSys","measures":{"value":1494860}}
{"ts":1673912285992572846,"type":"gauge","name":"runtime.MemStats.HeapSys","measures":{"value":33259520}}
{"ts":1673912286003099679,"type":"gauge","name":"runtime.MemStats.MSpanInuse","measures":{"value":502384}}
{"ts":1673912286020085971,"type":"histogram","name":"runtime.MemStats.PauseNs","measures":{"count":3,"max":394584,"mean":185791.66666666666,"min":30833,"p50":131958,"p75":394584,"p95":394584,"p99":394584,"p999":394584,"p9999":394584,"stddev":153301.97922256438,"variance":23501496833.555557}}
{"ts":1673912286048890846,"type":"gauge","name":"runtime.MemStats.LastGC","measures":{"value":1673912276895350300}}
{"ts":1673912286066725387,"type":"gauge","name":"runtime.MemStats.MCacheSys","measures":{"value":15600}}
{"ts":1673912286078012971,"type":"gauge","name":"runtime.NumCgoCall","measures":{"value":0}}
{"ts":1673912286086287512,"type":"gauge","name":"runtime.NumGoroutine","measures":{"value":46}}
{"ts":1673912286089453804,"type":"timer","name":"runtime.ReadMemStats","measures":{"count":2,"m1":0.015991117074135343,"m15":0.0011080303990206543,"m5":0.0033057092356765017,"max":900375,"mean":578583,"meanrate":0.19998371622591446,"min":256791,"p50":578583,"p75":900375,"p95":900375,"p99":900375,"p999":900375,"p9999":900375,"stddev":321792,"variance":103550091264}}
{"ts":1673912286094791596,"type":"gauge","name":"runtime.MemStats.Mallocs","measures":{"value":18273}}
{"ts":1673912286099633596,"type":"gauge","name":"runtime.MemStats.MSpanSys","measures":{"value":505920}}
{"ts":1673912286106135346,"type":"gauge","name":"runtime.MemStats.Alloc","measures":{"value":27955832}}
{"ts":1673912286120011679,"type":"gauge","name":"runtime.MemStats.DebugGC","measures":{"value":0}}
{"ts":1673912286126983554,"type":"gauge","name":"runtime.MemStats.PauseTotalNs","measures":{"value":557375}}
{"ts":1673912286132835429,"type":"gauge","name":"runtime.MemStats.HeapInuse","measures":{"value":29433856}}
{"ts":1673912286136975637,"type":"gauge","name":"runtime.MemStats.NumGC","measures":{"value":0}}
{"ts":1673912286140584387,"type":"gauge","name":"runtime.MemStats.Lookups","measures":{"value":0}}
{"ts":1673912286144611346,"type":"gauge","name":"runtime.MemStats.TotalAlloc","measures":{"value":34454960}}
{"ts":1673912286147732846,"type":"gauge","name":"runtime.MemStats.Frees","measures":{"value":1488}}
{"ts":1673912286149321637,"type":"gauge","name":"runtime.MemStats.HeapAlloc","measures":{"value":27955832}}
{"ts":1673912286151821512,"type":"gauge","name":"runtime.MemStats.HeapObjects","measures":{"value":652468}}
{"ts":1673912286173664929,"type":"gauge","name":"runtime.MemStats.HeapReleased","measures":{"value":3399680}}
{"ts":1673912286176492137,"type":"gauge","name":"runtime.MemStats.MCacheInuse","measures":{"value":6000}}
{"ts":1673912286178026262,"type":"gauge","name":"runtime.MemStats.GCCPUFraction","measures":{"value":0.03325577736321503}}
{"ts":1673912286184767929,"type":"gauge","name":"runtime.MemStats.StackInuse","measures":{"value":4489216}}
{"ts":1673912286187710971,"type":"gauge","name":"runtime.MemStats.Sys","measures":{"value":45905160}}
{"ts":1673912286192021387,"type":"gauge","name":"runtime.MemStats.EnableGC","measures":{"value":1}}
{"ts":1673912286195670637,"type":"gauge","name":"runtime.MemStats.HeapIdle","measures":{"value":3825664}}
{"ts":1673912290877733834,"type":"gauge","name":"runtime.MemStats.Mallocs","measures":{"value":66543}}
{"ts":1673912290879099792,"type":"gauge","name":"runtime.MemStats.MSpanSys","measures":{"value":636480}}
{"ts":1673912290880950042,"type":"gauge","name":"runtime.NumCgoCall","measures":{"value":0}}
{"ts":1673912290882847375,"type":"gauge","name":"runtime.NumGoroutine","measures":{"value":291}}
{"ts":1673912290885430084,"type":"timer","name":"runtime.ReadMemStats","measures":{"count":3,"m1":0.030703655021877167,"m15":0.002209922141215539,"m5":0.0065567799035988195,"max":900375,"mean":652860.6666666666,"meanrate":0.19996846266713444,"min":256791,"p50":801416,"p75":900375,"p95":900375,"p99":900375,"p999":900375,"p9999":900375,"stddev":282962.43161750096,"variance":80067737706.8889}}
{"ts":1673912290887649584,"type":"gauge","name":"runtime.MemStats.Alloc","measures":{"value":33133000}}
{"ts":1673912290891079292,"type":"gauge","name":"runtime.MemStats.DebugGC","measures":{"value":0}}
{"ts":1673912290897100500,"type":"gauge","name":"runtime.MemStats.HeapInuse","measures":{"value":34979840}}
{"ts":1673912290898993917,"type":"gauge","name":"runtime.MemStats.NumGC","measures":{"value":0}}
{"ts":1673912290901096417,"type":"gauge","name":"runtime.MemStats.PauseTotalNs","measures":{"value":557375}}
{"ts":1673912290902722709,"type":"gauge","name":"runtime.MemStats.Frees","measures":{"value":3857}}
{"ts":1673912290904032000,"type":"gauge","name":"runtime.MemStats.HeapAlloc","measures":{"value":33133000}}
{"ts":1673912290906122584,"type":"gauge","name":"runtime.MemStats.Lookups","measures":{"value":0}}
{"ts":1673912290907815459,"type":"gauge","name":"runtime.MemStats.TotalAlloc","measures":{"value":39632128}}
{"ts":1673912290909771250,"type":"gauge","name":"runtime.MemStats.EnableGC","measures":{"value":1}}
{"ts":1673912290911609625,"type":"gauge","name":"runtime.MemStats.HeapIdle","measures":{"value":2965504}}
{"ts":1673912290913255375,"type":"gauge","name":"runtime.MemStats.HeapObjects","measures":{"value":715154}}
{"ts":1673912290914810375,"type":"gauge","name":"runtime.MemStats.HeapReleased","measures":{"value":2899968}}
{"ts":1673912290916705209,"type":"gauge","name":"runtime.MemStats.MCacheInuse","measures":{"value":6000}}
{"ts":1673912290917680500,"type":"gauge","name":"runtime.MemStats.GCCPUFraction","measures":{"value":0.03325577736321503}}
{"ts":1673912290919105917,"type":"gauge","name":"runtime.MemStats.StackInuse","measures":{"value":29163520}}
{"ts":1673912290922729792,"type":"gauge","name":"runtime.MemStats.Sys","measures":{"value":75265288}}
{"ts":1673912290923898459,"type":"gauge","name":"runtime.MemStats.BuckHashSys","measures":{"value":1496892}}
{"ts":1673912290925066542,"type":"gauge","name":"runtime.MemStats.HeapSys","measures":{"value":37945344}}
{"ts":1673912290927334959,"type":"gauge","name":"runtime.MemStats.NextGC","measures":{"value":38388160}}
{"ts":1673912290931820500,"type":"gauge","name":"runtime.MemStats.StackSys","measures":{"value":29163520}}
{"ts":1673912290935008959,"type":"gauge","name":"runtime.NumThread","measures":{"value":13}}
{"ts":1673912290939011292,"type":"gauge","name":"runtime.MemStats.LastGC","measures":{"value":1673912276895350300}}
{"ts":1673912290940908292,"type":"gauge","name":"runtime.MemStats.MCacheSys","measures":{"value":15600}}
{"ts":1673912290943320834,"type":"gauge","name":"runtime.MemStats.MSpanInuse","measures":{"value":624240}}
{"ts":1673912290945195500,"type":"histogram","name":"runtime.MemStats.PauseNs","measures":{"count":3,"max":394584,"mean":185791.66666666666,"min":30833,"p50":131958,"p75":394584,"p95":394584,"p99":394584,"p999":394584,"p9999":394584,"stddev":153301.97922256438,"variance":23501496833.555557}}
{"ts":1673912295876929044,"type":"gauge","name":"runtime.MemStats.BuckHashSys","measures":{"value":1497172}}
{"ts":1673912295879295211,"type":"gauge","name":"runtime.MemStats.HeapSys","measures":{"value":40206336}}
{"ts":1673912295880904294,"type":"gauge","name":"runtime.MemStats.NextGC","measures":{"value":38388160}}
{"ts":1673912295882077836,"type":"gauge","name":"runtime.MemStats.StackSys","measures":{"value":31096832}}
{"ts":1673912295883556294,"type":"gauge","name":"runtime.NumThread","measures":{"value":13}}
{"ts":1673912295884813211,"type":"gauge","name":"runtime.MemStats.LastGC","measures":{"value":1673912276895350300}}
{"ts":1673912295886416628,"type":"gauge","name":"runtime.MemStats.MCacheSys","measures":{"value":15600}}
{"ts":1673912295887898753,"type":"gauge","name":"runtime.MemStats.MSpanInuse","measures":{"value":624240}}
{"ts":1673912295889155211,"type":"histogram","name":"runtime.MemStats.PauseNs","measures":{"count":3,"max":394584,"mean":185791.66666666666,"min":30833,"p50":131958,"p75":394584,"p95":394584,"p99":394584,"p999":394584,"p9999":394584,"stddev":153301.97922256438,"variance":23501496833.555557}}
{"ts":1673912295890625169,"type":"gauge","name":"runtime.MemStats.Mallocs","measures":{"value":3326}}
{"ts":1673912295893006294,"type":"gauge","name":"runtime.MemStats.MSpanSys","measures":{"value":636480}}
{"ts":1673912295894071169,"type":"gauge","name":"runtime.NumCgoCall","measures":{"value":0}}
{"ts":1673912295895812711,"type":"gauge","name":"runtime.NumGoroutine","measures":{"value":122}}
{"ts":1673912295896796919,"type":"timer","name":"runtime.ReadMemStats","measures":{"count":4,"m1":0.044239843385719006,"m15":0.003305709235676515,"m5":0.009754115099857198,"max":900375,"mean":541906,"meanrate":0.19998431946949158,"min":209042,"p50":529103.5,"p75":875635.25,"p95":900375,"p99":900375,"p999":900375,"p9999":900375,"stddev":311421.92833116296,"variance":96983617445.5}}
{"ts":1673912295897754211,"type":"gauge","name":"runtime.MemStats.Alloc","measures":{"value":33434904}}
{"ts":1673912295898708086,"type":"gauge","name":"runtime.MemStats.DebugGC","measures":{"value":0}}
{"ts":1673912295899671419,"type":"gauge","name":"runtime.MemStats.HeapInuse","measures":{"value":35209216}}
{"ts":1673912295900657586,"type":"gauge","name":"runtime.MemStats.NumGC","measures":{"value":0}}
{"ts":1673912295901682461,"type":"gauge","name":"runtime.MemStats.PauseTotalNs","measures":{"value":557375}}
{"ts":1673912295902704794,"type":"gauge","name":"runtime.MemStats.Frees","measures":{"value":292}}
{"ts":1673912295903735836,"type":"gauge","name":"runtime.MemStats.HeapAlloc","measures":{"value":33434904}}
{"ts":1673912295904472294,"type":"gauge","name":"runtime.MemStats.Lookups","measures":{"value":0}}
{"ts":1673912295905592378,"type":"gauge","name":"runtime.MemStats.TotalAlloc","measures":{"value":39934032}}
{"ts":1673912295906707461,"type":"gauge","name":"runtime.MemStats.EnableGC","measures":{"value":1}}
{"ts":1673912295907498211,"type":"gauge","name":"runtime.MemStats.HeapIdle","measures":{"value":4997120}}
{"ts":1673912295908864794,"type":"gauge","name":"runtime.MemStats.HeapObjects","measures":{"value":718188}}
{"ts":1673912295909993544,"type":"gauge","name":"runtime.MemStats.HeapReleased","measures":{"value":4636672}}
{"ts":1673912295910997878,"type":"gauge","name":"runtime.MemStats.MCacheInuse","measures":{"value":6000}}
{"ts":1673912295911885544,"type":"gauge","name":"runtime.MemStats.GCCPUFraction","measures":{"value":0.03325577736321503}}
{"ts":1673912295912724878,"type":"gauge","name":"runtime.MemStats.StackInuse","measures":{"value":31096832}}
{"ts":1673912295914722294,"type":"gauge","name":"runtime.MemStats.Sys","measures":{"value":81887512}}
{"ts":1673912300876912922,"type":"gauge","name":"runtime.MemStats.HeapObjects","measures":{"value":720619}}
{"ts":1673912300878806338,"type":"gauge","name":"runtime.MemStats.HeapReleased","measures":{"value":4562944}}
{"ts":1673912300880129713,"type":"gauge","name":"runtime.MemStats.MCacheInuse","measures":{"value":6000}}
{"ts":1673912300880960630,"type":"gauge","name":"runtime.MemStats.GCCPUFraction","measures":{"value":0.03325577736321503}}
{"ts":1673912300881785380,"type":"gauge","name":"runtime.MemStats.StackInuse","measures":{"value":31096832}}
{"ts":1673912300882588422,"type":"gauge","name":"runtime.MemStats.Sys","measures":{"value":81887512}}
{"ts":1673912300883539838,"type":"gauge","name":"runtime.MemStats.EnableGC","measures":{"value":1}}
{"ts":1673912300884313047,"type":"gauge","name":"runtime.MemStats.HeapIdle","measures":{"value":4923392}}
{"ts":1673912300885068422,"type":"gauge","name":"runtime.MemStats.NextGC","measures":{"value":38388160}}
{"ts":1673912300885826797,"type":"gauge","name":"runtime.MemStats.StackSys","measures":{"value":31096832}}
{"ts":1673912300886661630,"type":"gauge","name":"runtime.NumThread","measures":{"value":13}}
{"ts":1673912300887588963,"type":"gauge","name":"runtime.MemStats.BuckHashSys","measures":{"value":1497404}}
{"ts":1673912300888463505,"type":"gauge","name":"runtime.MemStats.HeapSys","measures":{"value":40206336}}
{"ts":1673912300889255963,"type":"gauge","name":"runtime.MemStats.MSpanInuse","measures":{"value":624240}}
{"ts":1673912300890172047,"type":"histogram","name":"runtime.MemStats.PauseNs","measures":{"count":3,"max":394584,"mean":185791.66666666666,"min":30833,"p50":131958,"p75":394584,"p95":394584,"p99":394584,"p999":394584,"p9999":394584,"stddev":153301.97922256438,"variance":23501496833.555557}}
{"ts":1673912300891862130,"type":"gauge","name":"runtime.MemStats.LastGC","measures":{"value":1673912276895350300}}
{"ts":1673912300893310963,"type":"gauge","name":"runtime.MemStats.MCacheSys","measures":{"value":15600}}
{"ts":1673912300894321380,"type":"gauge","name":"runtime.NumCgoCall","measures":{"value":0}}
{"ts":1673912300895287213,"type":"gauge","name":"runtime.NumGoroutine","measures":{"value":122}}
{"ts":1673912300896527213,"type":"timer","name":"runtime.ReadMemStats","measures":{"count":5,"m1":0.056693737885242124,"m15":0.004395425503079905,"m5":0.012898602993676452,"max":900375,"mean":453324.8,"meanrate":0.19998749402204632,"min":99000,"p50":256791,"p75":850895.5,"p95":900375,"p99":900375,"p999":900375,"p9999":900375,"stddev":330111.20842855365,"variance":108973409930.16}}
{"ts":1673912300897855505,"type":"gauge","name":"runtime.MemStats.Mallocs","measures":{"value":2666}}
{"ts":1673912300898727838,"type":"gauge","name":"runtime.MemStats.MSpanSys","measures":{"value":636480}}
{"ts":1673912300899751797,"type":"gauge","name":"runtime.MemStats.Alloc","measures":{"value":33701304}}
{"ts":1673912300900802755,"type":"gauge","name":"runtime.MemStats.DebugGC","measures":{"value":0}}
{"ts":1673912300902656713,"type":"gauge","name":"runtime.MemStats.PauseTotalNs","measures":{"value":557375}}
{"ts":1673912300904138922,"type":"gauge","name":"runtime.MemStats.HeapInuse","measures":{"value":35282944}}
{"ts":1673912300905422130,"type":"gauge","name":"runtime.MemStats.NumGC","measures":{"value":0}}
{"ts":1673912300906346213,"type":"gauge","name":"runtime.MemStats.Lookups","measures":{"value":0}}
{"ts":1673912300907674463,"type":"gauge","name":"runtime.MemStats.TotalAlloc","measures":{"value":40200432}}
{"ts":1673912300908851172,"type":"gauge","name":"runtime.MemStats.Frees","measures":{"value":235}}
{"ts":1673912300909915880,"type":"gauge","name":"runtime.MemStats.HeapAlloc","measures":{"value":33701304}}
{"ts":1673912305876885757,"type":"gauge","name":"runtime.MemStats.Alloc","measures":{"value":33965808}}
{"ts":1673912305878343757,"type":"gauge","name":"runtime.MemStats.DebugGC","measures":{"value":0}}
{"ts":1673912305880284466,"type":"gauge","name":"runtime.MemStats.HeapInuse","measures":{"value":35438592}}
{"ts":1673912305882983674,"type":"gauge","name":"runtime.MemStats.NumGC","measures":{"value":0}}
{"ts":1673912305884540216,"type":"gauge","name":"runtime.MemStats.PauseTotalNs","measures":{"value":557375}}
{"ts":1673912305885823757,"type":"gauge","name":"runtime.MemStats.Frees","measures":{"value":233}}
{"ts":1673912305887586841,"type":"gauge","name":"runtime.MemStats.HeapAlloc","measures":{"value":33965808}}
{"ts":1673912305888867424,"type":"gauge","name":"runtime.MemStats.Lookups","measures":{"value":0}}
{"ts":1673912305890200591,"type":"gauge","name":"runtime.MemStats.TotalAlloc","measures":{"value":40464936}}
{"ts":1673912305892098841,"type":"gauge","name":"runtime.MemStats.StackInuse","measures":{"value":31096832}}
{"ts":1673912305893531299,"type":"gauge","name":"runtime.MemStats.Sys","measures":{"value":81887512}}
{"ts":1673912305895084716,"type":"gauge","name":"runtime.MemStats.EnableGC","measures":{"value":1}}
{"ts":1673912305896969091,"type":"gauge","name":"runtime.MemStats.HeapIdle","measures":{"value":4767744}}
{"ts":1673912305898031882,"type":"gauge","name":"runtime.MemStats.HeapObjects","measures":{"value":723044}}
{"ts":1673912305899606341,"type":"gauge","name":"runtime.MemStats.HeapReleased","measures":{"value":4521984}}
{"ts":1673912305901045632,"type":"gauge","name":"runtime.MemStats.MCacheInuse","measures":{"value":6000}}
{"ts":1673912305902098924,"type":"gauge","name":"runtime.MemStats.GCCPUFraction","measures":{"value":0.03325577736321503}}
{"ts":1673912305902918757,"type":"gauge","name":"runtime.MemStats.BuckHashSys","measures":{"value":1497404}}
{"ts":1673912305904735091,"type":"gauge","name":"runtime.MemStats.HeapSys","measures":{"value":40206336}}
{"ts":1673912305907349049,"type":"gauge","name":"runtime.MemStats.NextGC","measures":{"value":38388160}}
{"ts":1673912305909639507,"type":"gauge","name":"runtime.MemStats.StackSys","measures":{"value":31096832}}
{"ts":1673912305911212466,"type":"gauge","name":"runtime.NumThread","measures":{"value":13}}
{"ts":1673912305912946549,"type":"gauge","name":"runtime.MemStats.LastGC","measures":{"value":1673912276895350300}}
{"ts":1673912305914012382,"type":"gauge","name":"runtime.MemStats.MCacheSys","measures":{"value":15600}}
{"ts":1673912305915671341,"type":"gauge","name":"runtime.MemStats.MSpanInuse","measures":{"value":624240}}
{"ts":1673912305916658757,"type":"histogram","name":"runtime.MemStats.PauseNs","measures":{"count":3,"max":394584,"mean":185791.66666666666,"min":30833,"p50":131958,"p75":394584,"p95":394584,"p99":394584,"p999":394584,"p9999":394584,"stddev":153301.97922256438,"variance":23501496833.555557}}
{"ts":1673912305917840049,"type":"gauge","name":"runtime.MemStats.Mallocs","measures":{"value":2658}}
{"ts":1673912305919025091,"type":"gauge","name":"runtime.MemStats.MSpanSys","measures":{"value":636480}}
{"ts":1673912305920405091,"type":"gauge","name":"runtime.NumCgoCall","measures":{"value":0}}
{"ts":1673912305921322382,"type":"gauge","name":"runtime.NumGoroutine","measures":{"value":122}}
{"ts":1673912305922246924,"type":"timer","name":"runtime.ReadMemStats","measures":{"count":6,"m1":0.06815187395991122,"m15":0.0054791045767303434,"m5":0.015991117074135346,"max":900375,"mean":418840,"meanrate":0.19998977404287774,"min":99000,"p50":251603.5,"p75":826155.75,"p95":900375,"p99":900375,"p999":900375,"p9999":900375,"stddev":311058.1651347542,"variance":96757182097}}
{"ts":1673912310876942260,"type":"gauge","name":"runtime.MemStats.EnableGC","measures":{"value":1}}
{"ts":1673912310878456468,"type":"gauge","name":"runtime.MemStats.HeapIdle","measures":{"value":4333568}}
{"ts":1673912310879909718,"type":"gauge","name":"runtime.MemStats.HeapObjects","measures":{"value":725467}}
{"ts":1673912310881295926,"type":"gauge","name":"runtime.MemStats.HeapReleased","measures":{"value":4087808}}
{"ts":1673912310882861843,"type":"gauge","name":"runtime.MemStats.MCacheInuse","measures":{"value":6000}}
{"ts":1673912310883702176,"type":"gauge","name":"runtime.MemStats.GCCPUFraction","measures":{"value":0.03325577736321503}}
{"ts":1673912310884928135,"type":"gauge","name":"runtime.MemStats.StackInuse","measures":{"value":31227904}}
{"ts":1673912310885807843,"type":"gauge","name":"runtime.MemStats.Sys","measures":{"value":82149656}}
{"ts":1673912310886955676,"type":"gauge","name":"runtime.MemStats.BuckHashSys","measures":{"value":1497868}}
{"ts":1673912310887985301,"type":"gauge","name":"runtime.MemStats.HeapSys","measures":{"value":40075264}}
{"ts":1673912310888913468,"type":"gauge","name":"runtime.MemStats.NextGC","measures":{"value":38388160}}
{"ts":1673912310890575968,"type":"gauge","name":"runtime.MemStats.StackSys","measures":{"value":31227904}}
{"ts":1673912310891612885,"type":"gauge","name":"runtime.NumThread","measures":{"value":13}}
{"ts":1673912310892540676,"type":"gauge","name":"runtime.MemStats.LastGC","measures":{"value":1673912276895350300}}
{"ts":1673912310893434676,"type":"gauge","name":"runtime.MemStats.MCacheSys","measures":{"value":15600}}
{"ts":1673912310894457260,"type":"gauge","name":"runtime.MemStats.MSpanInuse","measures":{"value":624240}}
{"ts":1673912310895237593,"type":"histogram","name":"runtime.MemStats.PauseNs","measures":{"count":3,"max":394584,"mean":185791.66666666666,"min":30833,"p50":131958,"p75":394584,"p95":394584,"p99":394584,"p999":394584,"p9999":394584,"stddev":153301.97922256438,"variance":23501496833.555557}}
{"ts":1673912310896254801,"type":"gauge","name":"runtime.MemStats.Mallocs","measures":{"value":2657}}
{"ts":1673912310897396385,"type":"gauge","name":"runtime.MemStats.MSpanSys","measures":{"value":636480}}
{"ts":1673912310898296260,"type":"gauge","name":"runtime.NumCgoCall","measures":{"value":0}}
{"ts":1673912310899450385,"type":"gauge","name":"runtime.NumGoroutine","measures":{"value":122}}
{"ts":1673912310901440176,"type":"timer","name":"runtime.ReadMemStats","measures":{"count":7,"m1":0.07869386805747328,"m15":0.0065567799035988455,"m5":0.019032516392808084,"max":900375,"mean":387916.4285714286,"meanrate":0.19999093984473637,"min":99000,"p50":246416,"p75":801416,"p95":900375,"p99":900375,"p999":900375,"p9999":900375,"stddev":297778.99712891446,"variance":88672331131.10204}}
{"ts":1673912310902674468,"type":"gauge","name":"runtime.MemStats.Alloc","measures":{"value":34229848}}
{"ts":1673912310903499968,"type":"gauge","name":"runtime.MemStats.DebugGC","measures":{"value":0}}
{"ts":1673912310904336635,"type":"gauge","name":"runtime.MemStats.HeapInuse","measures":{"value":35741696}}
{"ts":1673912310905979551,"type":"gauge","name":"runtime.MemStats.NumGC","measures":{"value":0}}
{"ts":1673912310906940968,"type":"gauge","name":"runtime.MemStats.PauseTotalNs","measures":{"value":557375}}
{"ts":1673912310907916551,"type":"gauge","name":"runtime.MemStats.Frees","measures":{"value":234}}
{"ts":1673912310908821926,"type":"gauge","name":"runtime.MemStats.HeapAlloc","measures":{"value":34229848}}
{"ts":1673912310909767801,"type":"gauge","name":"runtime.MemStats.Lookups","measures":{"value":0}}
{"ts":1673912310910767051,"type":"gauge","name":"runtime.MemStats.TotalAlloc","measures":{"value":40728976}}
{"ts":1673912315876542179,"type":"gauge","name":"runtime.MemStats.BuckHashSys","measures":{"value":1497868}}
{"ts":1673912315879062554,"type":"gauge","name":"runtime.MemStats.HeapSys","measures":{"value":40075264}}
{"ts":1673912315880027554,"type":"gauge","name":"runtime.MemStats.NextGC","measures":{"value":38388160}}
{"ts":1673912315881042929,"type":"gauge","name":"runtime.MemStats.StackSys","measures":{"value":31227904}}
{"ts":1673912315882333721,"type":"gauge","name":"runtime.NumThread","measures":{"value":13}}
{"ts":1673912315883896346,"type":"gauge","name":"runtime.MemStats.LastGC","measures":{"value":1673912276895350300}}
{"ts":1673912315884691846,"type":"gauge","name":"runtime.MemStats.MCacheSys","measures":{"value":15600}}
{"ts":1673912315886245096,"type":"gauge","name":"runtime.MemStats.MSpanInuse","measures":{"value":632944}}
{"ts":1673912315887586512,"type":"histogram","name":"runtime.MemStats.PauseNs","measures":{"count":3,"max":394584,"mean":185791.66666666666,"min":30833,"p50":131958,"p75":394584,"p95":394584,"p99":394584,"p999":394584,"p9999":394584,"stddev":153301.97922256438,"variance":23501496833.555557}}
{"ts":1673912315888492304,"type":"gauge","name":"runtime.MemStats.Mallocs","measures":{"value":2672}}
{"ts":1673912315889492387,"type":"gauge","name":"runtime.MemStats.MSpanSys","measures":{"value":636480}}
{"ts":1673912315890767596,"type":"gauge","name":"runtime.NumCgoCall","measures":{"value":0}}
{"ts":1673912315891896721,"type":"gauge","name":"runtime.NumGoroutine","measures":{"value":122}}
{"ts":1673912315892986262,"type":"timer","name":"runtime.ReadMemStats","measures":{"count":8,"m1":0.08839297084599056,"m15":0.007628484745355124,"m5":0.02202364580239524,"max":900375,"mean":351452.875,"meanrate":0.19999405695660405,"min":96208,"p50":227729,"p75":665259.75,"p95":900375,"p99":900375,"p999":900375,"p9999":900375,"stddev":294780.2993978895,"variance":86895424913.10938}}
{"ts":1673912315893869887,"type":"gauge","name":"runtime.MemStats.Alloc","measures":{"value":34498664}}
{"ts":1673912315894673471,"type":"gauge","name":"runtime.MemStats.DebugGC","measures":{"value":0}}
{"ts":1673912315896432429,"type":"gauge","name":"runtime.MemStats.HeapInuse","measures":{"value":35954688}}
{"ts":1673912315897049387,"type":"gauge","name":"runtime.MemStats.NumGC","measures":{"value":0}}
{"ts":1673912315897992137,"type":"gauge","name":"runtime.MemStats.PauseTotalNs","measures":{"value":557375}}
{"ts":1673912315898982429,"type":"gauge","name":"runtime.MemStats.Frees","measures":{"value":233}}
{"ts":1673912315899915387,"type":"gauge","name":"runtime.MemStats.HeapAlloc","measures":{"value":34498664}}
{"ts":1673912315901508929,"type":"gauge","name":"runtime.MemStats.Lookups","measures":{"value":0}}
{"ts":1673912315903552179,"type":"gauge","name":"runtime.MemStats.TotalAlloc","measures":{"value":40997792}}
{"ts":1673912315904298596,"type":"gauge","name":"runtime.MemStats.GCCPUFraction","measures":{"value":0.03325577736321503}}
{"ts":1673912315905159679,"type":"gauge","name":"runtime.MemStats.StackInuse","measures":{"value":31227904}}
{"ts":1673912315905902096,"type":"gauge","name":"runtime.MemStats.Sys","measures":{"value":82149656}}
{"ts":1673912315906840846,"type":"gauge","name":"runtime.MemStats.EnableGC","measures":{"value":1}}
{"ts":1673912315907744721,"type":"gauge","name":"runtime.MemStats.HeapIdle","measures":{"value":4120576}}
{"ts":1673912315908789429,"type":"gauge","name":"runtime.MemStats.HeapObjects","measures":{"value":727906}}
{"ts":1673912315909819262,"type":"gauge","name":"runtime.MemStats.HeapReleased","measures":{"value":3915776}}
{"ts":1673912315910750471,"type":"gauge","name":"runtime.MemStats.MCacheInuse","measures":{"value":6000}}
{"ts":1673912320874304459,"type":"gauge","name":"runtime.MemStats.Alloc","measures":{"value":25740352}}
{"ts":1673912320886705167,"type":"gauge","name":"runtime.MemStats.DebugGC","measures":{"value":0}}
{"ts":1673912320893898667,"type":"gauge","name":"runtime.MemStats.HeapInuse","measures":{"value":32612352}}
{"ts":1673912320909163125,"type":"gauge","name":"runtime.MemStats.NumGC","measures":{"value":1}}
{"ts":1673912320917160834,"type":"gauge","name":"runtime.MemStats.PauseTotalNs","measures":{"value":1545209}}
{"ts":1673912320954525625,"type":"gauge","name":"runtime.MemStats.Frees","measures":{"value":216397}}
{"ts":1673912320965574167,"type":"gauge","name":"runtime.MemStats.HeapAlloc","measures":{"value":25740352}}
{"ts":1673912320969859750,"type":"gauge","name":"runtime.MemStats.Lookups","measures":{"value":0}}
{"ts":1673912320981613542,"type":"gauge","name":"runtime.MemStats.TotalAlloc","measures":{"value":42238832}}
{"ts":1673912320986451292,"type":"gauge","name":"runtime.MemStats.Sys","measures":{"value":90603800}}
{"ts":1673912320991395459,"type":"gauge","name":"runtime.MemStats.EnableGC","measures":{"value":1}}
{"ts":1673912320999444667,"type":"gauge","name":"runtime.MemStats.HeapIdle","measures":{"value":34922496}}
{"ts":1673912321006597875,"type":"gauge","name":"runtime.MemStats.HeapObjects","measures":{"value":527743}}
{"ts":1673912321009931667,"type":"gauge","name":"runtime.MemStats.HeapReleased","measures":{"value":4759552}}
{"ts":1673912321019883167,"type":"gauge","name":"runtime.MemStats.MCacheInuse","measures":{"value":6000}}
{"ts":1673912321031847209,"type":"gauge","name":"runtime.MemStats.GCCPUFraction","measures":{"value":0.011379549643436872}}
{"ts":1673912321034121000,"type":"gauge","name":"runtime.MemStats.StackInuse","measures":{"value":12156928}}
{"ts":1673912321047391042,"type":"gauge","name":"runtime.MemStats.BuckHashSys","measures":{"value":1499172}}
{"ts":1673912321052693375,"type":"gauge","name":"runtime.MemStats.HeapSys","measures":{"value":67534848}}
{"ts":1673912321061875209,"type":"gauge","name":"runtime.MemStats.NextGC","measures":{"value":53705456}}
{"ts":1673912321068290167,"type":"gauge","name":"runtime.MemStats.StackSys","measures":{"value":12156928}}
{"ts":1673912321075365459,"type":"gauge","name":"runtime.NumThread","measures":{"value":13}}
{"ts":1673912321079422334,"type":"gauge","name":"runtime.MemStats.LastGC","measures":{"value":1673912318368687000}}
{"ts":1673912321085094875,"type":"gauge","name":"runtime.MemStats.MCacheSys","measures":{"value":15600}}
{"ts":1673912321091624084,"type":"gauge","name":"runtime.MemStats.MSpanInuse","measures":{"value":599216}}
{"ts":1673912321095624167,"type":"histogram","name":"runtime.MemStats.PauseNs","measures":{"count":4,"max":987834,"mean":386302.25,"min":30833,"p50":263271,"p75":839521.5,"p95":987834,"p99":987834,"p999":987834,"p9999":987834,"stddev":371805.8696567168,"variance":138239604711.1875}}
{"ts":1673912321101098417,"type":"gauge","name":"runtime.MemStats.Mallocs","measures":{"value":16234}}
{"ts":1673912321110194125,"type":"gauge","name":"runtime.MemStats.MSpanSys","measures":{"value":669120}}
{"ts":1673912321127868584,"type":"gauge","name":"runtime.NumCgoCall","measures":{"value":0}}
{"ts":1673912321135490584,"type":"gauge","name":"runtime.NumGoroutine","measures":{"value":123}}
{"ts":1673912321155904375,"type":"timer","name":"runtime.ReadMemStats","measures":{"count":9,"m1":0.09731657619348157,"m15":0.008694252179394185,"m5":0.02496533619141051,"max":900375,"mean":342425.6666666667,"meanrate":0.19999398249661274,"min":96208,"p50":246416,"p75":535812,"p95":900375,"p99":900375,"p999":900375,"p9999":900375,"stddev":279091.9232491132,"variance":77892301622.88889}}
{"ts":1673912325939593253,"type":"gauge","name":"runtime.MemStats.GCCPUFraction","measures":{"value":0.011379549643436872}}
{"ts":1673912325952563419,"type":"gauge","name":"runtime.MemStats.StackInuse","measures":{"value":7733248}}
{"ts":1673912325957734253,"type":"gauge","name":"runtime.MemStats.Sys","measures":{"value":90865944}}
{"ts":1673912325976925336,"type":"gauge","name":"runtime.MemStats.EnableGC","measures":{"value":1}}
{"ts":1673912325988244794,"type":"gauge","name":"runtime.MemStats.HeapIdle","measures":{"value":37511168}}
{"ts":1673912326024593211,"type":"gauge","name":"runtime.MemStats.HeapObjects","measures":{"value":582038}}
{"ts":1673912326030441878,"type":"gauge","name":"runtime.MemStats.HeapReleased","measures":{"value":4186112}}
{"ts":1673912326034839836,"type":"gauge","name":"runtime.MemStats.MCacheInuse","measures":{"value":6000}}
{"ts":1673912326041625044,"type":"gauge","name":"runtime.MemStats.BuckHashSys","measures":{"value":1502676}}
{"ts":1673912326049493919,"type":"gauge","name":"runtime.MemStats.HeapSys","measures":{"value":71958528}}
{"ts":1673912326067804919,"type":"gauge","name":"runtime.MemStats.NextGC","measures":{"value":53705456}}
{"ts":1673912326079708294,"type":"gauge","name":"runtime.MemStats.StackSys","measures":{"value":7733248}}
{"ts":1673912326100904961,"type":"gauge","name":"runtime.NumThread","measures":{"value":15}}
{"ts":1673912326121453669,"type":"gauge","name":"runtime.MemStats.LastGC","measures":{"value":1673912318368687000}}
{"ts":1673912326201278711,"type":"gauge","name":"runtime.MemStats.MCacheSys","measures":{"value":15600}}
{"ts":1673912326212912878,"type":"gauge","name":"runtime.MemStats.MSpanInuse","measures":{"value":607240}}
{"ts":1673912326300295003,"type":"histogram","name":"runtime.MemStats.PauseNs","measures":{"count":4,"max":987834,"mean":386302.25,"min":30833,"p50":263271,"p75":839521.5,"p95":987834,"p99":987834,"p999":987834,"p9999":987834,"stddev":371805.8696567168,"variance":138239604711.1875}}
{"ts":1673912326360563295,"type":"gauge","name":"runtime.MemStats.Mallocs","measures":{"value":56626}}
{"ts":1673912326371012836,"type":"gauge","name":"runtime.MemStats.MSpanSys","measures":{"value":669120}}
{"ts":1673912326390213545,"type":"gauge","name":"runtime.NumCgoCall","measures":{"value":0}}
{"ts":1673912326398670461,"type":"gauge","name":"runtime.NumGoroutine","measures":{"value":532}}
{"ts":1673912326422684378,"type":"timer","name":"runtime.ReadMemStats","measures":{"count":10,"m1":0.10552668945179702,"m15":0.009754115099857238,"m5":0.02785840471498844,"max":61664167,"mean":6474599.8,"meanrate":0.19973381648445007,"min":96208,"p50":251603.5,"p75":826155.75,"p95":61664167,"p99":61664167,"p999":61664167,"p9999":61664167,"stddev":18398427.636218328,"variance":338502139485162.4}}
{"ts":1673912326452918753,"type":"gauge","name":"runtime.MemStats.Alloc","measures":{"value":30215208}}
{"ts":1673912326508330878,"type":"gauge","name":"runtime.MemStats.DebugGC","measures":{"value":0}}
{"ts":1673912326547144795,"type":"gauge","name":"runtime.MemStats.HeapInuse","measures":{"value":34447360}}
{"ts":1673912326557499003,"type":"gauge","name":"runtime.MemStats.NumGC","measures":{"value":0}}
{"ts":1673912326584855503,"type":"gauge","name":"runtime.MemStats.PauseTotalNs","measures":{"value":1545209}}
{"ts":1673912326590496586,"type":"gauge","name":"runtime.MemStats.Frees","measures":{"value":2331}}
{"ts":1673912326596164711,"type":"gauge","name":"runtime.MemStats.HeapAlloc","measures":{"value":30215208}}
{"ts":1673912326622480128,"type":"gauge","name":"runtime.MemStats.Lookups","measures":{"value":0}}
{"ts":1673912326628104211,"type":"gauge","name":"runtime.MemStats.TotalAlloc","measures":{"value":46713688}}
{"ts":1673912330950312755,"type":"gauge","name":"runtime.MemStats.HeapInuse","measures":{"value":39100416}}
{"ts":1673912330994344047,"type":"gauge","name":"runtime.MemStats.NumGC","measures":{"value":0}}
{"ts":1673912331013600880,"type":"gauge","name":"runtime.MemStats.PauseTotalNs","measures":{"value":1545209}}
{"ts":1673912331075887130,"type":"gauge","name":"runtime.MemStats.Frees","measures":{"value":4890}}
{"ts":1673912331141262630,"type":"gauge","name":"runtime.MemStats.HeapAlloc","measures":{"value":35485840}}
{"ts":1673912331250748422,"type":"gauge","name":"runtime.MemStats.Lookups","measures":{"value":0}}
{"ts":1673912331366520422,"type":"gauge","name":"runtime.MemStats.TotalAlloc","measures":{"value":51984320}}
{"ts":1673912331385617797,"type":"gauge","name":"runtime.MemStats.StackInuse","measures":{"value":7471104}}
{"ts":1673912331428696797,"type":"gauge","name":"runtime.MemStats.Sys","measures":{"value":91193624}}
{"ts":1673912331461645214,"type":"gauge","name":"runtime.MemStats.EnableGC","measures":{"value":1}}
{"ts":1673912331494190297,"type":"gauge","name":"runtime.MemStats.HeapIdle","measures":{"value":33120256}}
{"ts":1673912331575757672,"type":"gauge","name":"runtime.MemStats.HeapObjects","measures":{"value":662964}}
{"ts":1673912331599296005,"type":"gauge","name":"runtime.MemStats.HeapReleased","measures":{"value":4186112}}
{"ts":1673912331627750630,"type":"gauge","name":"runtime.MemStats.MCacheInuse","measures":{"value":6000}}
{"ts":1673912331644744672,"type":"gauge","name":"runtime.MemStats.GCCPUFraction","measures":{"value":0.011379549643436872}}
{"ts":1673912331668184005,"type":"gauge","name":"runtime.MemStats.BuckHashSys","measures":{"value":1504916}}
{"ts":1673912331682662255,"type":"gauge","name":"runtime.MemStats.HeapSys","measures":{"value":72220672}}
{"ts":1673912331696709922,"type":"gauge","name":"runtime.MemStats.NextGC","measures":{"value":53705456}}
{"ts":1673912331719116880,"type":"gauge","name":"runtime.MemStats.StackSys","measures":{"value":7471104}}
{"ts":1673912331786450672,"type":"gauge","name":"runtime.NumThread","measures":{"value":15}}
{"ts":1673912331839856672,"type":"gauge","name":"runtime.MemStats.LastGC","measures":{"value":1673912318368687000}}
{"ts":1673912331856199089,"type":"gauge","name":"runtime.MemStats.MCacheSys","measures":{"value":15600}}
{"ts":1673912331920896881,"type":"gauge","name":"runtime.MemStats.MSpanInuse","measures":{"value":676872}}
{"ts":1673912331940833006,"type":"histogram","name":"runtime.MemStats.PauseNs","measures":{"count":4,"max":987834,"mean":386302.25,"min":30833,"p50":263271,"p75":839521.5,"p95":987834,"p99":987834,"p999":987834,"p9999":987834,"stddev":371805.8696567168,"variance":138239604711.1875}}
{"ts":1673912331958479547,"type":"gauge","name":"runtime.MemStats.Mallocs","measures":{"value":85816}}
{"ts":1673912331994780714,"type":"gauge","name":"runtime.MemStats.MSpanSys","measures":{"value":685440}}
{"ts":1673912332002497297,"type":"gauge","name":"runtime.NumCgoCall","measures":{"value":0}}
{"ts":1673912332041335797,"type":"gauge","name":"runtime.NumGoroutine","measures":{"value":481}}
{"ts":1673912332049046881,"type":"timer","name":"runtime.ReadMemStats","measures":{"count":11,"m1":0.11308035829858432,"m15":0.01080810621864695,"m5":0.030703655021877187,"max":75454958,"mean":12745541.454545455,"meanrate":0.19971907385073195,"min":96208,"p50":256791,"p75":900375,"p95":75454958,"p99":75454958,"p999":75454958,"p9999":75454958,"stddev":26475957.2076425,"variance":700976310060916.9}}
{"ts":1673912332058888881,"type":"gauge","name":"runtime.MemStats.Alloc","measures":{"value":35485840}}
{"ts":1673912332077920672,"type":"gauge","name":"runtime.MemStats.DebugGC","measures":{"value":0}}
{"ts":1673912335876847466,"type":"gauge","name":"runtime.MemStats.Sys","measures":{"value":91193624}}
{"ts":1673912335937238716,"type":"gauge","name":"runtime.MemStats.EnableGC","measures":{"value":1}}
{"ts":1673912335967289216,"type":"gauge","name":"runtime.MemStats.HeapIdle","measures":{"value":32792576}}
{"ts":1673912336128542091,"type":"gauge","name":"runtime.MemStats.HeapObjects","measures":{"value":704279}}
{"ts":1673912336157648424,"type":"gauge","name":"runtime.MemStats.HeapReleased","measures":{"value":4186112}}
{"ts":1673912336172085966,"type":"gauge","name":"runtime.MemStats.MCacheInuse","measures":{"value":6000}}
{"ts":1673912336186593466,"type":"gauge","name":"runtime.MemStats.GCCPUFraction","measures":{"value":0.011379549643436872}}
{"ts":1673912336228591133,"type":"gauge","name":"runtime.MemStats.StackInuse","measures":{"value":5242880}}
{"ts":1673912336279613966,"type":"gauge","name":"runtime.MemStats.BuckHashSys","measures":{"value":1505964}}
{"ts":1673912336351682258,"type":"gauge","name":"runtime.MemStats.HeapSys","measures":{"value":74448896}}
{"ts":1673912336590426008,"type":"gauge","name":"runtime.MemStats.NextGC","measures":{"value":53705456}}
{"ts":1673912336646333924,"type":"gauge","name":"runtime.MemStats.StackSys","measures":{"value":5242880}}
{"ts":1673912336652591383,"type":"gauge","name":"runtime.NumThread","measures":{"value":15}}
{"ts":1673912336688723258,"type":"gauge","name":"runtime.MemStats.LastGC","measures":{"value":1673912318368687000}}
{"ts":1673912336735325841,"type":"gauge","name":"runtime.MemStats.MCacheSys","measures":{"value":15600}}
{"ts":1673912336773458383,"type":"gauge","name":"runtime.MemStats.MSpanInuse","measures":{"value":702984}}
{"ts":1673912336815770883,"type":"histogram","name":"runtime.MemStats.PauseNs","measures":{"count":4,"max":987834,"mean":386302.25,"min":30833,"p50":263271,"p75":839521.5,"p95":987834,"p99":987834,"p999":987834,"p9999":987834,"stddev":371805.8696567168,"variance":138239604711.1875}}
{"ts":1673912336853852216,"type":"gauge","name":"runtime.MemStats.Mallocs","measures":{"value":44659}}
{"ts":1673912336890330550,"type":"gauge","name":"runtime.MemStats.MSpanSys","measures":{"value":718080}}
{"ts":1673912336902879675,"type":"gauge","name":"runtime.NumCgoCall","measures":{"value":0}}
{"ts":1673912336923940300,"type":"gauge","name":"runtime.NumGoroutine","measures":{"value":288}}
{"ts":1673912336985035841,"type":"timer","name":"runtime.ReadMemStats","measures":{"count":12,"m1":0.12003006913103051,"m15":0.01185625806643708,"m5":0.033501877477679465,"max":75454958,"mean":11699513.75,"meanrate":0.19998700367124433,"min":96208,"p50":251603.5,"p75":875635.25,"p95":75454958,"p99":75454958,"p999":75454958,"p9999":75454958,"stddev":25585103.695339665,"variance":654597531101283.4}}
{"ts":1673912337071585258,"type":"gauge","name":"runtime.MemStats.Alloc","measures":{"value":38169032}}
{"ts":1673912337078521508,"type":"gauge","name":"runtime.MemStats.DebugGC","measures":{"value":0}}
{"ts":1673912337133526466,"type":"gauge","name":"runtime.MemStats.HeapInuse","measures":{"value":41656320}}
{"ts":1673912337233591091,"type":"gauge","name":"runtime.MemStats.NumGC","measures":{"value":0}}
{"ts":1673912337251355966,"type":"gauge","name":"runtime.MemStats.PauseTotalNs","measures":{"value":1545209}}
{"ts":1673912337259238383,"type":"gauge","name":"runtime.MemStats.Frees","measures":{"value":3344}}
{"ts":1673912337265623675,"type":"gauge","name":"runtime.MemStats.HeapAlloc","measures":{"value":38169032}}
{"ts":1673912337376266341,"type":"gauge","name":"runtime.MemStats.Lookups","measures":{"value":0}}
{"ts":1673912337395626258,"type":"gauge","name":"runtime.MemStats.TotalAlloc","measures":{"value":54667512}}
{"ts":1673912340874833676,"type":"gauge","name":"runtime.MemStats.BuckHashSys","measures":{"value":1507180}}
{"ts":1673912340884878176,"type":"gauge","name":"runtime.MemStats.HeapSys","measures":{"value":74448896}}
{"ts":1673912340893330551,"type":"gauge","name":"runtime.MemStats.NextGC","measures":{"value":53705456}}
{"ts":1673912340910212135,"type":"gauge","name":"runtime.MemStats.StackSys","measures":{"value":5242880}}
{"ts":1673912340935369343,"type":"gauge","name":"runtime.NumThread","measures":{"value":15}}
{"ts":1673912340971494260,"type":"gauge","name":"runtime.MemStats.LastGC","measures":{"value":1673912318368687000}}
{"ts":1673912340989294093,"type":"gauge","name":"runtime.MemStats.MCacheSys","measures":{"value":15600}}
{"ts":1673912341011402760,"type":"gauge","name":"runtime.MemStats.MSpanInuse","measures":{"value":737800}}
{"ts":1673912341016534843,"type":"histogram","name":"runtime.MemStats.PauseNs","measures":{"count":4,"max":987834,"mean":386302.25,"min":30833,"p50":263271,"p75":839521.5,"p95":987834,"p99":987834,"p999":987834,"p9999":987834,"stddev":371805.8696567168,"variance":138239604711.1875}}
{"ts":1673912341039436677,"type":"gauge","name":"runtime.MemStats.Mallocs","measures":{"value":34690}}
{"ts":1673912341051365677,"type":"gauge","name":"runtime.MemStats.MSpanSys","measures":{"value":750720}}
{"ts":1673912341067613385,"type":"gauge","name":"runtime.NumCgoCall","measures":{"value":0}}
{"ts":1673912341087734302,"type":"gauge","name":"runtime.NumGoroutine","measures":{"value":352}}
{"ts":1673912341096862718,"type":"timer","name":"runtime.ReadMemStats","measures":{"count":13,"m1":0.12642411176571153,"m15":0.012898602993676503,"m5":0.03625384938440363,"max":75454958,"mean":10886243.461538462,"meanrate":0.1999942172564362,"min":96208,"p50":256791,"p75":1013687.5,"p95":75454958,"p99":75454958,"p999":75454958,"p9999":75454958,"stddev":24742287.234769847,"variance":612180777607854.9}}
{"ts":1673912341106173927,"type":"gauge","name":"runtime.MemStats.Alloc","measures":{"value":40224256}}
{"ts":1673912341118608593,"type":"gauge","name":"runtime.MemStats.DebugGC","measures":{"value":0}}
{"ts":1673912341147845802,"type":"gauge","name":"runtime.MemStats.HeapInuse","measures":{"value":43597824}}
{"ts":1673912341161279135,"type":"gauge","name":"runtime.MemStats.NumGC","measures":{"value":0}}
{"ts":1673912341169807885,"type":"gauge","name":"runtime.MemStats.PauseTotalNs","measures":{"value":1545209}}
{"ts":1673912341192649677,"type":"gauge","name":"runtime.MemStats.Frees","measures":{"value":2519}}
{"ts":1673912341229146677,"type":"gauge","name":"runtime.MemStats.HeapAlloc","measures":{"value":40224256}}
{"ts":1673912341245751510,"type":"gauge","name":"runtime.MemStats.Lookups","measures":{"value":0}}
{"ts":1673912341253809385,"type":"gauge","name":"runtime.MemStats.TotalAlloc","measures":{"value":56722736}}
{"ts":1673912341277804968,"type":"gauge","name":"runtime.MemStats.EnableGC","measures":{"value":1}}
{"ts":1673912341303527468,"type":"gauge","name":"runtime.MemStats.HeapIdle","measures":{"value":30851072}}
{"ts":1673912341316178177,"type":"gauge","name":"runtime.MemStats.HeapObjects","measures":{"value":736450}}
{"ts":1673912341331270927,"type":"gauge","name":"runtime.MemStats.HeapReleased","measures":{"value":4186112}}
{"ts":1673912341341830927,"type":"gauge","name":"runtime.MemStats.MCacheInuse","measures":{"value":6000}}
{"ts":1673912341361179177,"type":"gauge","name":"runtime.MemStats.GCCPUFraction","measures":{"value":0.011379549643436872}}
{"ts":1673912341377915052,"type":"gauge","name":"runtime.MemStats.StackInuse","measures":{"value":5242880}}
{"ts":1673912341392874968,"type":"gauge","name":"runtime.MemStats.Sys","measures":{"value":91193624}}
{"ts":1673912346290218262,"type":"gauge","name":"runtime.MemStats.Mallocs","measures":{"value":15823}}
{"ts":1673912346442515721,"type":"gauge","name":"runtime.MemStats.MSpanSys","measures":{"value":767040}}
{"ts":1673912346789229763,"type":"gauge","name":"runtime.NumCgoCall","measures":{"value":0}}
{"ts":1673912346910703929,"type":"gauge","name":"runtime.NumGoroutine","measures":{"value":471}}
{"ts":1673912347142370096,"type":"timer","name":"runtime.ReadMemStats","measures":{"count":14,"m1":0.14829803205278688,"m15":0.015043203570608349,"m5":0.04226604443206239,"max":151997500,"mean":20965618.92857143,"meanrate":0.19878541581034753,"min":96208,"p50":263499.5,"p75":16261291.75,"p95":151997500,"p99":151997500,"p999":151997500,"p9999":151997500,"stddev":43464619.021427445,"variance":1889173106677832.2}}
{"ts":1673912347300368430,"type":"gauge","name":"runtime.MemStats.Alloc","measures":{"value":41751976}}
{"ts":1673912347374729930,"type":"gauge","name":"runtime.MemStats.DebugGC","measures":{"value":0}}
{"ts":1673912347383198305,"type":"gauge","name":"runtime.MemStats.HeapInuse","measures":{"value":45170688}}
{"ts":1673912347401338971,"type":"gauge","name":"runtime.MemStats.NumGC","measures":{"value":0}}
{"ts":1673912347411300055,"type":"gauge","name":"runtime.MemStats.PauseTotalNs","measures":{"value":1545209}}
{"ts":1673912347425345721,"type":"gauge","name":"runtime.MemStats.Frees","measures":{"value":909}}
{"ts":1673912347462716596,"type":"gauge","name":"runtime.MemStats.HeapAlloc","measures":{"value":41751976}}
{"ts":1673912347481776388,"type":"gauge","name":"runtime.MemStats.Lookups","measures":{"value":0}}
{"ts":1673912347529848638,"type":"gauge","name":"runtime.MemStats.TotalAlloc","measures":{"value":58250456}}
{"ts":1673912347614389596,"type":"gauge","name":"runtime.MemStats.StackInuse","measures":{"value":5111808}}
{"ts":1673912347619900555,"type":"gauge","name":"runtime.MemStats.Sys","measures":{"value":91193624}}
{"ts":1673912347624668971,"type":"gauge","name":"runtime.MemStats.EnableGC","measures":{"value":1}}
{"ts":1673912347636621346,"type":"gauge","name":"runtime.MemStats.HeapIdle","measures":{"value":29409280}}
{"ts":1673912347735761180,"type":"gauge","name":"runtime.MemStats.HeapObjects","measures":{"value":751364}}
{"ts":1673912347770697305,"type":"gauge","name":"runtime.MemStats.HeapReleased","measures":{"value":4186112}}
{"ts":1673912347785058763,"type":"gauge","name":"runtime.MemStats.MCacheInuse","measures":{"value":6000}}
{"ts":1673912347805479971,"type":"gauge","name":"runtime.MemStats.GCCPUFraction","measures":{"value":0.011379549643436872}}
{"ts":1673912347822525555,"type":"gauge","name":"runtime.MemStats.BuckHashSys","measures":{"value":1508476}}
{"ts":1673912347827762221,"type":"gauge","name":"runtime.MemStats.HeapSys","measures":{"value":74579968}}
{"ts":1673912347914526471,"type":"gauge","name":"runtime.MemStats.NextGC","measures":{"value":53705456}}
{"ts":1673912348134296055,"type":"gauge","name":"runtime.MemStats.StackSys","measures":{"value":5111808}}
{"ts":1673912348186372138,"type":"gauge","name":"runtime.NumThread","measures":{"value":15}}
{"ts":1673912348294182430,"type":"gauge","name":"runtime.MemStats.LastGC","measures":{"value":1673912318368687000}}
{"ts":1673912348441466638,"type":"gauge","name":"runtime.MemStats.MCacheSys","measures":{"value":15600}}
{"ts":1673912348823124222,"type":"gauge","name":"runtime.MemStats.MSpanInuse","measures":{"value":763912}}
{"ts":1673912348826779722,"type":"histogram","name":"runtime.MemStats.PauseNs","measures":{"count":4,"max":987834,"mean":386302.25,"min":30833,"p50":263271,"p75":839521.5,"p95":987834,"p99":987834,"p999":987834,"p9999":987834,"stddev":371805.8696567168,"variance":138239604711.1875}}
{"ts":1673912351675503209,"type":"gauge","name":"runtime.MemStats.LastGC","measures":{"value":1673912318368687000}}
{"ts":1673912351782575251,"type":"gauge","name":"runtime.MemStats.MCacheSys","measures":{"value":15600}}
{"ts":1673912351797052001,"type":"gauge","name":"runtime.MemStats.MSpanInuse","measures":{"value":859656}}
{"ts":1673912351802239584,"type":"histogram","name":"runtime.MemStats.PauseNs","measures":{"count":4,"max":987834,"mean":386302.25,"min":30833,"p50":263271,"p75":839521.5,"p95":987834,"p99":987834,"p999":987834,"p9999":987834,"stddev":371805.8696567168,"variance":138239604711.1875}}
{"ts":1673912351843582417,"type":"gauge","name":"runtime.MemStats.Mallocs","measures":{"value":69851}}
{"ts":1673912351891442959,"type":"gauge","name":"runtime.MemStats.MSpanSys","measures":{"value":864960}}
{"ts":1673912351908121501,"type":"gauge","name":"runtime.NumCgoCall","measures":{"value":0}}
{"ts":1673912351916268959,"type":"gauge","name":"runtime.NumGoroutine","measures":{"value":675}}
{"ts":1673912351930508209,"type":"timer","name":"runtime.ReadMemStats","measures":{"count":15,"m1":0.13644077609068694,"m15":0.014959861936333899,"m5":0.04156744816488948,"max":523138501,"mean":54443811.06666667,"meanrate":0.19788979863357917,"min":96208,"p50":270208,"p75":61664167,"p95":523138501,"p99":523138501,"p999":523138501,"p9999":523138501,"stddev":132114643.8385708,"variance":17454279116592416}}
{"ts":1673912351948026751,"type":"gauge","name":"runtime.MemStats.Alloc","measures":{"value":47367160}}
{"ts":1673912351955100292,"type":"gauge","name":"runtime.MemStats.DebugGC","measures":{"value":0}}
{"ts":1673912351966684209,"type":"gauge","name":"runtime.MemStats.HeapInuse","measures":{"value":50757632}}
{"ts":1673912351969154876,"type":"gauge","name":"runtime.MemStats.NumGC","measures":{"value":0}}
{"ts":1673912351975355834,"type":"gauge","name":"runtime.MemStats.PauseTotalNs","measures":{"value":1545209}}
{"ts":1673912351986579459,"type":"gauge","name":"runtime.MemStats.Frees","measures":{"value":3914}}
{"ts":1673912351995569792,"type":"gauge","name":"runtime.MemStats.HeapAlloc","measures":{"value":47367160}}
{"ts":1673912352001474792,"type":"gauge","name":"runtime.MemStats.Lookups","measures":{"value":0}}
{"ts":1673912352008989459,"type":"gauge","name":"runtime.MemStats.TotalAlloc","measures":{"value":63865640}}
{"ts":1673912352014399584,"type":"gauge","name":"runtime.MemStats.Sys","measures":{"value":91193624}}
{"ts":1673912352019184417,"type":"gauge","name":"runtime.MemStats.EnableGC","measures":{"value":1}}
{"ts":1673912352025443209,"type":"gauge","name":"runtime.MemStats.HeapIdle","measures":{"value":22577152}}
{"ts":1673912352029185959,"type":"gauge","name":"runtime.MemStats.HeapObjects","measures":{"value":817301}}
{"ts":1673912352106394209,"type":"gauge","name":"runtime.MemStats.HeapReleased","measures":{"value":4186112}}
{"ts":1673912352162361209,"type":"gauge","name":"runtime.MemStats.MCacheInuse","measures":{"value":6000}}
{"ts":1673912352202282751,"type":"gauge","name":"runtime.MemStats.GCCPUFraction","measures":{"value":0.011379549643436872}}
{"ts":1673912352207995876,"type":"gauge","name":"runtime.MemStats.StackInuse","measures":{"value":6356992}}
{"ts":1673912352259220751,"type":"gauge","name":"runtime.MemStats.BuckHashSys","measures":{"value":1511340}}
{"ts":1673912352294008709,"type":"gauge","name":"runtime.MemStats.HeapSys","measures":{"value":73334784}}
{"ts":1673912352348073043,"type":"gauge","name":"runtime.MemStats.NextGC","measures":{"value":53705456}}
{"ts":1673912352357622668,"type":"gauge","name":"runtime.MemStats.StackSys","measures":{"value":6356992}}
{"ts":1673912352368477168,"type":"gauge","name":"runtime.NumThread","measures":{"value":15}}
{"ts":1673912356119277794,"type":"gauge","name":"runtime.MemStats.GCCPUFraction","measures":{"value":0.011379549643436872}}
{"ts":1673912356160012586,"type":"gauge","name":"runtime.MemStats.StackInuse","measures":{"value":6389760}}
{"ts":1673912356172430586,"type":"gauge","name":"runtime.MemStats.Sys","measures":{"value":91455768}}
{"ts":1673912356205432878,"type":"gauge","name":"runtime.MemStats.EnableGC","measures":{"value":1}}
{"ts":1673912356242556544,"type":"gauge","name":"runtime.MemStats.HeapIdle","measures":{"value":19759104}}
{"ts":1673912356245598503,"type":"gauge","name":"runtime.MemStats.HeapObjects","measures":{"value":859179}}
{"ts":1673912356253541336,"type":"gauge","name":"runtime.MemStats.HeapReleased","measures":{"value":4186112}}
{"ts":1673912356257182503,"type":"gauge","name":"runtime.MemStats.MCacheInuse","measures":{"value":6000}}
{"ts":1673912356264091919,"type":"gauge","name":"runtime.MemStats.BuckHashSys","measures":{"value":1512236}}
{"ts":1673912356266956419,"type":"gauge","name":"runtime.MemStats.HeapSys","measures":{"value":73302016}}
{"ts":1673912356272696919,"type":"gauge","name":"runtime.MemStats.NextGC","measures":{"value":53705456}}
{"ts":1673912356278297836,"type":"gauge","name":"runtime.MemStats.StackSys","measures":{"value":6389760}}
{"ts":1673912356282858086,"type":"gauge","name":"runtime.NumThread","measures":{"value":15}}
{"ts":1673912356293172170,"type":"gauge","name":"runtime.MemStats.LastGC","measures":{"value":1673912318368687000}}
{"ts":1673912356298302086,"type":"gauge","name":"runtime.MemStats.MCacheSys","measures":{"value":15600}}
{"ts":1673912356306564836,"type":"gauge","name":"runtime.MemStats.MSpanInuse","measures":{"value":903176}}
{"ts":1673912356310203545,"type":"histogram","name":"runtime.MemStats.PauseNs","measures":{"count":4,"max":987834,"mean":386302.25,"min":30833,"p50":263271,"p75":839521.5,"p95":987834,"p99":987834,"p999":987834,"p9999":987834,"stddev":371805.8696567168,"variance":138239604711.1875}}
{"ts":1673912356315469878,"type":"gauge","name":"runtime.MemStats.Mallocs","measures":{"value":44405}}
{"ts":1673912356379349295,"type":"gauge","name":"runtime.MemStats.MSpanSys","measures":{"value":913920}}
{"ts":1673912356439521795,"type":"gauge","name":"runtime.NumCgoCall","measures":{"value":0}}
{"ts":1673912356449083378,"type":"gauge","name":"runtime.NumGoroutine","measures":{"value":550}}
{"ts":1673912356462927836,"type":"timer","name":"runtime.ReadMemStats","measures":{"count":16,"m1":0.14152269104406198,"m15":0.015985012426401504,"m5":0.044186107914055084,"max":523138501,"mean":63891591.0625,"meanrate":0.19939305047546088,"min":96208,"p50":535812,"p75":72007260.25,"p95":523138501,"p99":523138501,"p999":523138501,"p9999":523138501,"stddev":133049971.34366629,"variance":17702294874550418}}
{"ts":1673912356654706920,"type":"gauge","name":"runtime.MemStats.Alloc","measures":{"value":50335888}}
{"ts":1673912356688493503,"type":"gauge","name":"runtime.MemStats.DebugGC","measures":{"value":0}}
{"ts":1673912356718284920,"type":"gauge","name":"runtime.MemStats.HeapInuse","measures":{"value":53542912}}
{"ts":1673912356730855253,"type":"gauge","name":"runtime.MemStats.NumGC","measures":{"value":0}}
{"ts":1673912356776947336,"type":"gauge","name":"runtime.MemStats.PauseTotalNs","measures":{"value":1545209}}
{"ts":1673912356794034128,"type":"gauge","name":"runtime.MemStats.Frees","measures":{"value":2527}}
{"ts":1673912356848609836,"type":"gauge","name":"runtime.MemStats.HeapAlloc","measures":{"value":50335888}}
{"ts":1673912357001310295,"type":"gauge","name":"runtime.MemStats.Lookups","measures":{"value":0}}
{"ts":1673912357024068670,"type":"gauge","name":"runtime.MemStats.TotalAlloc","measures":{"value":66834368}}
{"ts":1673912363646073840,"type":"gauge","name":"runtime.MemStats.Frees","measures":{"value":1266}}
{"ts":1673912363662170798,"type":"gauge","name":"runtime.MemStats.HeapAlloc","measures":{"value":51536944}}
{"ts":1673912363684032256,"type":"gauge","name":"runtime.MemStats.Lookups","measures":{"value":0}}
{"ts":1673912363692152631,"type":"gauge","name":"runtime.MemStats.TotalAlloc","measures":{"value":68035424}}
{"ts":1673912363699264465,"type":"gauge","name":"runtime.MemStats.EnableGC","measures":{"value":1}}
{"ts":1673912364636157882,"type":"gauge","name":"runtime.MemStats.HeapIdle","measures":{"value":17653760}}
{"ts":1673912367841513008,"type":"gauge","name":"runtime.MemStats.HeapObjects","measures":{"value":877156}}
{"ts":1673912368600223009,"type":"gauge","name":"runtime.MemStats.HeapReleased","measures":{"value":4186112}}
{"ts":1673912368712658259,"type":"gauge","name":"runtime.MemStats.MCacheInuse","measures":{"value":6000}}
{"ts":1673912368741342467,"type":"gauge","name":"runtime.MemStats.GCCPUFraction","measures":{"value":0.011379549643436872}}
{"ts":1673912368771087842,"type":"gauge","name":"runtime.MemStats.StackInuse","measures":{"value":7340032}}
{"ts":1673912369815908259,"type":"gauge","name":"runtime.MemStats.Sys","measures":{"value":91455768}}
{"ts":1673912370423287093,"type":"gauge","name":"runtime.MemStats.BuckHashSys","measures":{"value":1512916}}
{"ts":1673912370451819718,"type":"gauge","name":"runtime.MemStats.HeapSys","measures":{"value":72286208}}
{"ts":1673912370566918385,"type":"gauge","name":"runtime.MemStats.NextGC","measures":{"value":53705456}}
{"ts":1673912370658713468,"type":"gauge","name":"runtime.MemStats.StackSys","measures":{"value":7340032}}
{"ts":1673912370819322093,"type":"gauge","name":"runtime.NumThread","measures":{"value":15}}
{"ts":1673912370851711426,"type":"gauge","name":"runtime.MemStats.LastGC","measures":{"value":1673912318368687000}}
{"ts":1673912371010918593,"type":"gauge","name":"runtime.MemStats.MCacheSys","measures":{"value":15600}}
{"ts":1673912371055697802,"type":"gauge","name":"runtime.MemStats.MSpanInuse","measures":{"value":911880}}
{"ts":1673912371059490927,"type":"histogram","name":"runtime.MemStats.PauseNs","measures":{"count":4,"max":987834,"mean":386302.25,"min":30833,"p50":263271,"p75":839521.5,"p95":987834,"p99":987834,"p999":987834,"p9999":987834,"stddev":371805.8696567168,"variance":138239604711.1875}}
{"ts":1673912371899869052,"type":"gauge","name":"runtime.MemStats.Mallocs","measures":{"value":19243}}
{"ts":1673912372185523844,"type":"gauge","name":"runtime.MemStats.MSpanSys","measures":{"value":913920}}
{"ts":1673912373311637261,"type":"gauge","name":"runtime.NumCgoCall","measures":{"value":0}}
{"ts":1673912373456143094,"type":"gauge","name":"runtime.NumGoroutine","measures":{"value":567}}
{"ts":1673912373670256219,"type":"timer","name":"runtime.ReadMemStats","measures":{"count":17,"m1":0.13846670891907165,"m15":0.017918482247005565,"m5":0.048479531866193755,"max":2575996751,"mean":211662482.82352942,"meanrate":0.17900876025736853,"min":96208,"p50":801416,"p75":113726229,"p95":2575996751,"p99":2575996751,"p999":2575996751,"p9999":2575996751,"stddev":605013030.1414504,"variance":366040766640939500}}
{"ts":1673912373775289678,"type":"gauge","name":"runtime.MemStats.Alloc","measures":{"value":51536944}}
{"ts":1673912373813625803,"type":"gauge","name":"runtime.MemStats.DebugGC","measures":{"value":0}}
{"ts":1673912373841961345,"type":"gauge","name":"runtime.MemStats.HeapInuse","measures":{"value":54632448}}
{"ts":1673912373927081428,"type":"gauge","name":"runtime.MemStats.NumGC","measures":{"value":0}}
{"ts":1673912374423987303,"type":"gauge","name":"runtime.MemStats.PauseTotalNs","measures":{"value":1545209}}
{"ts":1673912374934863470,"type":"gauge","name":"runtime.MemStats.Mallocs","measures":{"value":61381}}
{"ts":1673912375095922220,"type":"gauge","name":"runtime.MemStats.MSpanSys","measures":{"value":930240}}
{"ts":1673912375266870095,"type":"gauge","name":"runtime.NumCgoCall","measures":{"value":0}}
{"ts":1673912375313199887,"type":"gauge","name":"runtime.NumGoroutine","measures":{"value":564}}
{"ts":1673912375454336845,"type":"timer","name":"runtime.ReadMemStats","measures":{"count":18,"m1":0.13846670891907165,"m15":0.017918482247005565,"m5":0.048479531866193755,"max":2575996751,"mean":212405229.16666666,"meanrate":0.1817099211652652,"min":96208,"p50":850895.5,"p75":165400197.75,"p95":2575996751,"p99":2575996751,"p999":2575996751,"p9999":2575996751,"stddev":587974954.3309093,"variance":345714546920434800}}
{"ts":1673912375465960095,"type":"gauge","name":"runtime.MemStats.Alloc","measures":{"value":30829896}}
{"ts":1673912375495135137,"type":"gauge","name":"runtime.MemStats.DebugGC","measures":{"value":0}}
{"ts":1673912375505097345,"type":"gauge","name":"runtime.MemStats.HeapInuse","measures":{"value":41951232}}
{"ts":1673912375522470762,"type":"gauge","name":"runtime.MemStats.NumGC","measures":{"value":1}}
{"ts":1673912375617165762,"type":"gauge","name":"runtime.MemStats.PauseTotalNs","measures":{"value":109766959}}
{"ts":1673912375626478595,"type":"gauge","name":"runtime.MemStats.Frees","measures":{"value":347572}}
{"ts":1673912375633392679,"type":"gauge","name":"runtime.MemStats.HeapAlloc","measures":{"value":30829896}}
{"ts":1673912375640467762,"type":"gauge","name":"runtime.MemStats.Lookups","measures":{"value":0}}
{"ts":1673912375687084387,"type":"gauge","name":"runtime.MemStats.TotalAlloc","measures":{"value":72429448}}
{"ts":1673912375702259012,"type":"gauge","name":"runtime.MemStats.Sys","measures":{"value":91521304}}
{"ts":1673912375728413595,"type":"gauge","name":"runtime.MemStats.EnableGC","measures":{"value":1}}
{"ts":1673912375736955054,"type":"gauge","name":"runtime.MemStats.HeapIdle","measures":{"value":32497664}}
{"ts":1673912375749232054,"type":"gauge","name":"runtime.MemStats.HeapObjects","measures":{"value":590965}}
{"ts":1673912375754932054,"type":"gauge","name":"runtime.MemStats.HeapReleased","measures":{"value":4251648}}
{"ts":1673912376562134013,"type":"gauge","name":"runtime.MemStats.MCacheInuse","measures":{"value":6000}}
{"ts":1673912376760016554,"type":"gauge","name":"runtime.MemStats.GCCPUFraction","measures":{"value":0.07250401769542549}}
{"ts":1673912376764941929,"type":"gauge","name":"runtime.MemStats.StackInuse","measures":{"value":5242880}}
{"ts":1673912376769073804,"type":"gauge","name":"runtime.MemStats.BuckHashSys","measures":{"value":1514876}}
{"ts":1673912376779671638,"type":"gauge","name":"runtime.MemStats.HeapSys","measures":{"value":74448896}}
{"ts":1673912376790951263,"type":"gauge","name":"runtime.MemStats.NextGC","measures":{"value":58698464}}
{"ts":1673912376816173346,"type":"gauge","name":"runtime.MemStats.StackSys","measures":{"value":5242880}}
{"ts":1673912376829064429,"type":"gauge","name":"runtime.NumThread","measures":{"value":16}}
{"ts":1673912376863398638,"type":"gauge","name":"runtime.MemStats.LastGC","measures":{"value":1673912370134621000}}
{"ts":1673912376888612763,"type":"gauge","name":"runtime.MemStats.MCacheSys","measures":{"value":15600}}
{"ts":1673912376922928596,"type":"gauge","name":"runtime.MemStats.MSpanInuse","measures":{"value":742696}}
{"ts":1673912376959279429,"type":"histogram","name":"runtime.MemStats.PauseNs","measures":{"count":5,"max":108221750,"mean":21953391.8,"min":30833,"p50":394584,"p75":54604792,"p95":108221750,"p99":108221750,"p999":108221750,"p9999":108221750,"stddev":43135461.03050999,"variance":1860667998314646}}
{"ts":1673912376977693388,"type":"timer","name":"runtime.ReadMemStats","measures":{"count":19,"m1":0.14338663922723152,"m15":0.018927241530856252,"m5":0.05098394492071351,"max":2575996751,"mean":201285662.2631579,"meanrate":0.1879291292800976,"min":96208,"p50":900375,"p75":151997500,"p95":2575996751,"p99":2575996751,"p999":2575996751,"p9999":2575996751,"stddev":574233968.2369262,"variance":329744650277127200}}
{"ts":1673912377058225304,"type":"gauge","name":"runtime.MemStats.Mallocs","measures":{"value":18910}}
{"ts":1673912377172536388,"type":"gauge","name":"runtime.MemStats.MSpanSys","measures":{"value":930240}}
{"ts":1673912377251702096,"type":"gauge","name":"runtime.NumCgoCall","measures":{"value":0}}
{"ts":1673912377348121721,"type":"gauge","name":"runtime.NumGoroutine","measures":{"value":517}}
{"ts":1673912377375262555,"type":"gauge","name":"runtime.MemStats.Alloc","measures":{"value":32131312}}
{"ts":1673912377382590763,"type":"gauge","name":"runtime.MemStats.DebugGC","measures":{"value":0}}
{"ts":1673912377393081471,"type":"gauge","name":"runtime.MemStats.HeapInuse","measures":{"value":42434560}}
{"ts":1673912377455628763,"type":"gauge","name":"runtime.MemStats.NumGC","measures":{"value":0}}
{"ts":1673912377482139305,"type":"gauge","name":"runtime.MemStats.PauseTotalNs","measures":{"value":109766959}}
{"ts":1673912377832853388,"type":"gauge","name":"runtime.MemStats.Frees","measures":{"value":1234}}
{"ts":1673912378486136597,"type":"gauge","name":"runtime.MemStats.HeapAlloc","measures":{"value":32131312}}
{"ts":1673912378543198472,"type":"gauge","name":"runtime.MemStats.Lookups","measures":{"value":0}}
{"ts":1673912378731595222,"type":"gauge","name":"runtime.MemStats.TotalAlloc","measures":{"value":73730864}}
{"ts":1673912378765891639,"type":"gauge","name":"runtime.MemStats.MCacheInuse","measures":{"value":6000}}
{"ts":1673912378790020889,"type":"gauge","name":"runtime.MemStats.GCCPUFraction","measures":{"value":0.07250401769542549}}
{"ts":1673912378883179472,"type":"gauge","name":"runtime.MemStats.StackInuse","measures":{"value":5210112}}
{"ts":1673912378944156805,"type":"gauge","name":"runtime.MemStats.Sys","measures":{"value":91521304}}
{"ts":1673912378980932264,"type":"gauge","name":"runtime.MemStats.EnableGC","measures":{"value":1}}
{"ts":1673912379004285597,"type":"gauge","name":"runtime.MemStats.HeapIdle","measures":{"value":32047104}}
{"ts":1673912379065347930,"type":"gauge","name":"runtime.MemStats.HeapObjects","measures":{"value":608641}}
{"ts":1673912379126123264,"type":"gauge","name":"runtime.MemStats.HeapReleased","measures":{"value":4251648}}
{"ts":1673912379174600472,"type":"gauge","name":"runtime.NumThread","measures":{"value":16}}
{"ts":1673912379238125972,"type":"gauge","name":"runtime.MemStats.BuckHashSys","measures":{"value":1515540}}
{"ts":1673912379292630305,"type":"gauge","name":"runtime.MemStats.HeapSys","measures":{"value":74481664}}
{"ts":1673912379357737666,"type":"gauge","name":"runtime.MemStats.NextGC","measures":{"value":58698464}}
{"ts":1673912379390664541,"type":"gauge","name":"runtime.MemStats.StackSys","measures":{"value":5210112}}
{"ts":1673912379437939833,"type":"gauge","name":"runtime.MemStats.LastGC","measures":{"value":1673912370134621000}}
{"ts":1673912379462707083,"type":"gauge","name":"runtime.MemStats.MCacheSys","measures":{"value":15600}}
{"ts":1673912379473831500,"type":"gauge","name":"runtime.MemStats.MSpanInuse","measures":{"value":742696}}
{"ts":1673912379536852333,"type":"histogram","name":"runtime.MemStats.PauseNs","measures":{"count":5,"max":108221750,"mean":21953391.8,"min":30833,"p50":394584,"p75":54604792,"p95":108221750,"p99":108221750,"p999":108221750,"p9999":108221750,"stddev":43135461.03050999,"variance":1860667998314646}}
{"ts":1673912380879426500,"type":"gauge","name":"runtime.MemStats.Alloc","measures":{"value":34769992}}
{"ts":1673912380944384292,"type":"gauge","name":"runtime.MemStats.DebugGC","measures":{"value":0}}
{"ts":1673912380970984125,"type":"gauge","name":"runtime.MemStats.HeapInuse","measures":{"value":43491328}}
{"ts":1673912380982791292,"type":"gauge","name":"runtime.MemStats.NumGC","measures":{"value":0}}
{"ts":1673912381007757125,"type":"gauge","name":"runtime.MemStats.PauseTotalNs","measures":{"value":109766959}}
{"ts":1673912381014818667,"type":"gauge","name":"runtime.MemStats.Frees","measures":{"value":2501}}
{"ts":1673912381082639000,"type":"gauge","name":"runtime.MemStats.HeapAlloc","measures":{"value":34769992}}
{"ts":1673912381137739542,"type":"gauge","name":"runtime.MemStats.Lookups","measures":{"value":0}}
{"ts":1673912381175834334,"type":"gauge","name":"runtime.MemStats.TotalAlloc","measures":{"value":76369544}}
{"ts":1673912381223833500,"type":"gauge","name":"runtime.MemStats.EnableGC","measures":{"value":1}}
{"ts":1673912381237569542,"type":"gauge","name":"runtime.MemStats.HeapIdle","measures":{"value":30892032}}
{"ts":1673912381257837500,"type":"gauge","name":"runtime.MemStats.HeapObjects","measures":{"value":647066}}
{"ts":1673912381260738000,"type":"gauge","name":"runtime.MemStats.HeapReleased","measures":{"value":4251648}}
{"ts":1673912381283503334,"type":"gauge","name":"runtime.MemStats.MCacheInuse","measures":{"value":6000}}
{"ts":1673912381311019792,"type":"gauge","name":"runtime.MemStats.GCCPUFraction","measures":{"value":0.07250401769542549}}
{"ts":1673912381328520084,"type":"gauge","name":"runtime.MemStats.StackInuse","measures":{"value":5308416}}
{"ts":1673912381353227125,"type":"gauge","name":"runtime.MemStats.Sys","measures":{"value":91521304}}
{"ts":1673912381378051250,"type":"gauge","name":"runtime.MemStats.BuckHashSys","measures":{"value":1516484}}
{"ts":1673912381429656459,"type":"gauge","name":"runtime.MemStats.HeapSys","measures":{"value":74383360}}
{"ts":1673912381463908084,"type":"gauge","name":"runtime.MemStats.NextGC","measures":{"value":58698464}}
{"ts":1673912381521595501,"type":"gauge","name":"runtime.MemStats.StackSys","measures":{"value":5308416}}
{"ts":1673912381538373376,"type":"gauge","name":"runtime.NumThread","measures":{"value":16}}
{"ts":1673912381548211292,"type":"gauge","name":"runtime.MemStats.LastGC","measures":{"value":1673912370134621000}}
{"ts":1673912381563244084,"type":"gauge","name":"runtime.MemStats.MCacheSys","measures":{"value":15600}}
{"ts":1673912381595295876,"type":"gauge","name":"runtime.MemStats.MSpanInuse","measures":{"value":751400}}
{"ts":1673912381645308209,"type":"histogram","name":"runtime.MemStats.PauseNs","measures":{"count":5,"max":108221750,"mean":21953391.8,"min":30833,"p50":394584,"p75":54604792,"p95":108221750,"p99":108221750,"p999":108221750,"p9999":108221750,"stddev":43135461.03050999,"variance":1860667998314646}}
{"ts":1673912381691965751,"type":"gauge","name":"runtime.MemStats.Mallocs","measures":{"value":40926}}
{"ts":1673912381715605167,"type":"gauge","name":"runtime.MemStats.MSpanSys","measures":{"value":930240}}
{"ts":1673912381728283334,"type":"gauge","name":"runtime.NumCgoCall","measures":{"value":0}}
{"ts":1673912381749971959,"type":"gauge","name":"runtime.NumGoroutine","measures":{"value":483}}
{"ts":1673912381774431542,"type":"timer","name":"runtime.ReadMemStats","measures":{"count":20,"m1":0.14791319362761954,"m15":0.01993041213494793,"m5":0.05344696366841189,"max":2575996751,"mean":191387702.05,"meanrate":0.19046842970760114,"min":96208,"p50":1013687.5,"p75":132861864.5,"p95":2473353838.499998,"p99":2575996751,"p999":2575996751,"p9999":2575996751,"stddev":561354469.5417634,"variance":315118840474514600}}
{"ts":1673912385877756253,"type":"gauge","name":"runtime.MemStats.LastGC","measures":{"value":1673912370134621000}}
{"ts":1673912385984519794,"type":"gauge","name":"runtime.MemStats.MCacheSys","measures":{"value":15600}}
{"ts":1673912386044654128,"type":"gauge","name":"runtime.MemStats.MSpanInuse","measures":{"value":751400}}
{"ts":1673912386067308586,"type":"histogram","name":"runtime.MemStats.PauseNs","measures":{"count":5,"max":108221750,"mean":21953391.8,"min":30833,"p50":394584,"p75":54604792,"p95":108221750,"p99":108221750,"p999":108221750,"p9999":108221750,"stddev":43135461.03050999,"variance":1860667998314646}}
{"ts":1673912386075860919,"type":"gauge","name":"runtime.MemStats.Mallocs","measures":{"value":28090}}
{"ts":1673912386352262170,"type":"gauge","name":"runtime.MemStats.MSpanSys","measures":{"value":930240}}
{"ts":1673912386387331670,"type":"gauge","name":"runtime.NumCgoCall","measures":{"value":0}}
{"ts":1673912386476549628,"type":"gauge","name":"runtime.NumGoroutine","measures":{"value":299}}
{"ts":1673912386549665628,"type":"timer","name":"runtime.ReadMemStats","measures":{"count":21,"m1":0.1520778247212123,"m15":0.02092802502141592,"m5":0.055869272297000706,"max":2575996751,"mean":182317005.95238096,"meanrate":0.19090455199370163,"min":96208,"p50":903084,"p75":113726229,"p95":2370710925.999998,"p99":2575996751,"p999":2575996751,"p9999":2575996751,"stddev":549325706.6242275,"variance":301758731958206850}}
{"ts":1673912386612919545,"type":"gauge","name":"runtime.MemStats.Alloc","measures":{"value":36492856}}
{"ts":1673912386686764211,"type":"gauge","name":"runtime.MemStats.DebugGC","measures":{"value":0}}
{"ts":1673912386726752420,"type":"gauge","name":"runtime.MemStats.HeapInuse","measures":{"value":44032000}}
{"ts":1673912386738317253,"type":"gauge","name":"runtime.MemStats.NumGC","measures":{"value":0}}
{"ts":1673912386748853836,"type":"gauge","name":"runtime.MemStats.PauseTotalNs","measures":{"value":109766959}}
{"ts":1673912386754145295,"type":"gauge","name":"runtime.MemStats.Frees","measures":{"value":1879}}
{"ts":1673912386771631295,"type":"gauge","name":"runtime.MemStats.HeapAlloc","measures":{"value":36492856}}
{"ts":1673912386782167086,"type":"gauge","name":"runtime.MemStats.Lookups","measures":{"value":0}}
{"ts":1673912386791970211,"type":"gauge","name":"runtime.MemStats.TotalAlloc","measures":{"value":78092408}}
{"ts":1673912386817917670,"type":"gauge","name":"runtime.MemStats.GCCPUFraction","measures":{"value":0.07250401769542549}}
{"ts":1673912386830324170,"type":"gauge","name":"runtime.MemStats.StackInuse","measures":{"value":5242880}}
{"ts":1673912386856279461,"type":"gauge","name":"runtime.MemStats.Sys","measures":{"value":91521304}}
{"ts":1673912386881519795,"type":"gauge","name":"runtime.MemStats.EnableGC","measures":{"value":1}}
{"ts":1673912386889041420,"type":"gauge","name":"runtime.MemStats.HeapIdle","measures":{"value":30416896}}
{"ts":1673912386898904086,"type":"gauge","name":"runtime.MemStats.HeapObjects","measures":{"value":673277}}
{"ts":1673912386921898461,"type":"gauge","name":"runtime.MemStats.HeapReleased","measures":{"value":4317184}}
{"ts":1673912386953439670,"type":"gauge","name":"runtime.MemStats.MCacheInuse","measures":{"value":6000}}
{"ts":1673912387000644003,"type":"gauge","name":"runtime.MemStats.BuckHashSys","measures":{"value":1517340}}
{"ts":1673912387045670878,"type":"gauge","name":"runtime.MemStats.HeapSys","measures":{"value":74448896}}
{"ts":1673912387097843670,"type":"gauge","name":"runtime.MemStats.NextGC","measures":{"value":58698464}}
{"ts":1673912387115606962,"type":"gauge","name":"runtime.MemStats.StackSys","measures":{"value":5242880}}
{"ts":1673912387122733170,"type":"gauge","name":"runtime.NumThread","measures":{"value":16}}
{"ts":1673912390879517422,"type":"gauge","name":"runtime.MemStats.Alloc","measures":{"value":37925672}}
{"ts":1673912391017418172,"type":"gauge","name":"runtime.MemStats.DebugGC","measures":{"value":0}}
{"ts":1673912391034747088,"type":"gauge","name":"runtime.MemStats.HeapInuse","measures":{"value":44703744}}
{"ts":1673912391052674130,"type":"gauge","name":"runtime.MemStats.NumGC","measures":{"value":0}}
{"ts":1673912391060816547,"type":"gauge","name":"runtime.MemStats.PauseTotalNs","measures":{"value":109766959}}
{"ts":1673912391080369963,"type":"gauge","name":"runtime.MemStats.Frees","measures":{"value":2044}}
{"ts":1673912391093116880,"type":"gauge","name":"runtime.MemStats.HeapAlloc","measures":{"value":37925672}}
{"ts":1673912391119420672,"type":"gauge","name":"runtime.MemStats.Lookups","measures":{"value":0}}
{"ts":1673912391142729755,"type":"gauge","name":"runtime.MemStats.TotalAlloc","measures":{"value":79525224}}
{"ts":1673912391181693713,"type":"gauge","name":"runtime.MemStats.Sys","measures":{"value":91521304}}
{"ts":1673912391223833630,"type":"gauge","name":"runtime.MemStats.EnableGC","measures":{"value":1}}
{"ts":1673912391232927547,"type":"gauge","name":"runtime.MemStats.HeapIdle","measures":{"value":29777920}}
{"ts":1673912391280570505,"type":"gauge","name":"runtime.MemStats.HeapObjects","measures":{"value":694911}}
{"ts":1673912391295017839,"type":"gauge","name":"runtime.MemStats.HeapReleased","measures":{"value":4620288}}
{"ts":1673912391301020505,"type":"gauge","name":"runtime.MemStats.MCacheInuse","measures":{"value":6000}}
{"ts":1673912391316829797,"type":"gauge","name":"runtime.MemStats.GCCPUFraction","measures":{"value":0.07250401769542549}}
{"ts":1673912391361611172,"type":"gauge","name":"runtime.MemStats.StackInuse","measures":{"value":5210112}}
{"ts":1673912391394612880,"type":"gauge","name":"runtime.MemStats.BuckHashSys","measures":{"value":1517572}}
{"ts":1673912391436036714,"type":"gauge","name":"runtime.MemStats.HeapSys","measures":{"value":74481664}}
{"ts":1673912391443890922,"type":"gauge","name":"runtime.MemStats.NextGC","measures":{"value":58698464}}
{"ts":1673912391469909047,"type":"gauge","name":"runtime.MemStats.StackSys","measures":{"value":5210112}}
{"ts":1673912391478828464,"type":"gauge","name":"runtime.NumThread","measures":{"value":16}}
{"ts":1673912391487461297,"type":"gauge","name":"runtime.MemStats.LastGC","measures":{"value":1673912370134621000}}
{"ts":1673912391507530672,"type":"gauge","name":"runtime.MemStats.MCacheSys","measures":{"value":15600}}
{"ts":1673912391554483422,"type":"gauge","name":"runtime.MemStats.MSpanInuse","measures":{"value":760104}}
{"ts":1673912391559357630,"type":"histogram","name":"runtime.MemStats.PauseNs","measures":{"count":5,"max":108221750,"mean":21953391.8,"min":30833,"p50":394584,"p75":54604792,"p95":108221750,"p99":108221750,"p999":108221750,"p9999":108221750,"stddev":43135461.03050999,"variance":1860667998314646}}
{"ts":1673912391595586047,"type":"gauge","name":"runtime.MemStats.Mallocs","measures":{"value":23678}}
{"ts":1673912391658281922,"type":"gauge","name":"runtime.MemStats.MSpanSys","measures":{"value":930240}}
{"ts":1673912391663753255,"type":"gauge","name":"runtime.NumCgoCall","measures":{"value":0}}
{"ts":1673912391732379547,"type":"gauge","name":"runtime.NumGoroutine","measures":{"value":323}}
{"ts":1673912391775440422,"type":"timer","name":"runtime.ReadMemStats","measures":{"count":22,"m1":0.15590947029786395,"m15":0.021920110980860608,"m5":0.05825154368556361,"max":2575996751,"mean":174144056.8181818,"meanrate":0.19129699382403206,"min":96208,"p50":1015042,"p75":94590593.5,"p95":2268068013.499998,"p99":2575996751,"p999":2575996751,"p9999":2575996751,"stddev":538001082.7207143,"variance":289445165008660900}}
{"ts":1673912395898969007,"type":"gauge","name":"runtime.MemStats.HeapIdle","measures":{"value":29155328}}
{"ts":1673912395939835841,"type":"gauge","name":"runtime.MemStats.HeapObjects","measures":{"value":704727}}
{"ts":1673912395950395007,"type":"gauge","name":"runtime.MemStats.HeapReleased","measures":{"value":7528448}}
{"ts":1673912395967624757,"type":"gauge","name":"runtime.MemStats.MCacheInuse","measures":{"value":6000}}
{"ts":1673912395994954174,"type":"gauge","name":"runtime.MemStats.GCCPUFraction","measures":{"value":0.07250401769542549}}
{"ts":1673912396045230799,"type":"gauge","name":"runtime.MemStats.StackInuse","measures":{"value":5177344}}
{"ts":1673912396073059049,"type":"gauge","name":"runtime.MemStats.Sys","measures":{"value":91521304}}
{"ts":1673912396104834424,"type":"gauge","name":"runtime.MemStats.EnableGC","measures":{"value":1}}
{"ts":1673912396160846258,"type":"gauge","name":"runtime.MemStats.HeapSys","measures":{"value":74514432}}
{"ts":1673912396187624258,"type":"gauge","name":"runtime.MemStats.NextGC","measures":{"value":58698464}}
{"ts":1673912396225880174,"type":"gauge","name":"runtime.MemStats.StackSys","measures":{"value":5177344}}
{"ts":1673912396300781716,"type":"gauge","name":"runtime.NumThread","measures":{"value":16}}
{"ts":1673912396315031174,"type":"gauge","name":"runtime.MemStats.BuckHashSys","measures":{"value":1517572}}
{"ts":1673912396338605966,"type":"gauge","name":"runtime.MemStats.MCacheSys","measures":{"value":15600}}
{"ts":1673912396345447383,"type":"gauge","name":"runtime.MemStats.MSpanInuse","measures":{"value":768808}}
{"ts":1673912396373892924,"type":"histogram","name":"runtime.MemStats.PauseNs","measures":{"count":5,"max":108221750,"mean":21953391.8,"min":30833,"p50":394584,"p75":54604792,"p95":108221750,"p99":108221750,"p999":108221750,"p9999":108221750,"stddev":43135461.03050999,"variance":1860667998314646}}
{"ts":1673912396396023508,"type":"gauge","name":"runtime.MemStats.LastGC","measures":{"value":1673912370134621000}}
{"ts":1673912396419640216,"type":"gauge","name":"runtime.MemStats.MSpanSys","measures":{"value":930240}}
{"ts":1673912396426552258,"type":"gauge","name":"runtime.NumCgoCall","measures":{"value":0}}
{"ts":1673912396440599841,"type":"gauge","name":"runtime.NumGoroutine","measures":{"value":304}}
{"ts":1673912396446612716,"type":"timer","name":"runtime.ReadMemStats","measures":{"count":23,"m1":0.15943475440950142,"m15":0.02290670063329776,"m5":0.06059443959147121,"max":2575996751,"mean":167356934.7826087,"meanrate":0.19163592012534286,"min":96208,"p50":1127000,"p75":75454958,"p95":2165425100.9999976,"p99":2575996751,"p999":2575996751,"p9999":2575996751,"stddev":527137575.19128424,"variance":277874023178546850}}
{"ts":1673912396463205716,"type":"gauge","name":"runtime.MemStats.Mallocs","measures":{"value":10784}}
{"ts":1673912396481571591,"type":"gauge","name":"runtime.MemStats.DebugGC","measures":{"value":0}}
{"ts":1673912396491271633,"type":"gauge","name":"runtime.MemStats.Alloc","measures":{"value":38749952}}
{"ts":1673912396499962924,"type":"gauge","name":"runtime.MemStats.NumGC","measures":{"value":0}}
{"ts":1673912396513178049,"type":"gauge","name":"runtime.MemStats.PauseTotalNs","measures":{"value":109766959}}
{"ts":1673912396529365758,"type":"gauge","name":"runtime.MemStats.HeapInuse","measures":{"value":45359104}}
{"ts":1673912396542183091,"type":"gauge","name":"runtime.MemStats.HeapAlloc","measures":{"value":38749952}}
{"ts":1673912396586556924,"type":"gauge","name":"runtime.MemStats.Lookups","measures":{"value":0}}
{"ts":1673912396598395549,"type":"gauge","name":"runtime.MemStats.TotalAlloc","measures":{"value":80349504}}
{"ts":1673912396613670049,"type":"gauge","name":"runtime.MemStats.Frees","measures":{"value":968}}
