{"ts":1674234432500000219,"type":"point","name":"bandwidth-total-in|cypress-provider|5|0","measures":{"value":20223}}
{"ts":1674234432515568094,"type":"point","name":"bandwidth-total-out|cypress-provider|5|0","measures":{"value":28710}}
{"ts":1674234432531464177,"type":"point","name":"bandwidth-rate-in|cypress-provider|5|0","measures":{"value":4677.096544582036}}
{"ts":1674234432541669802,"type":"point","name":"bandwidth-rate-out|cypress-provider|5|0","measures":{"value":10625.505232298876}}
{"ts":1674234437490074971,"type":"point","name":"bandwidth-total-in|cypress-provider|5|1","measures":{"value":57339}}
{"ts":1674234437492379471,"type":"point","name":"bandwidth-total-out|cypress-provider|5|1","measures":{"value":53609}}
{"ts":1674234437498722804,"type":"point","name":"bandwidth-rate-in|cypress-provider|5|1","measures":{"value":466.8866863772849}}
{"ts":1674234437510718054,"type":"point","name":"bandwidth-rate-out|cypress-provider|5|1","measures":{"value":408.96418778092504}}
{"ts":1674234442493620417,"type":"point","name":"bandwidth-total-in|cypress-provider|5|2","measures":{"value":57339}}
{"ts":1674234442497012292,"type":"point","name":"bandwidth-total-out|cypress-provider|5|2","measures":{"value":53609}}
{"ts":1674234442498496584,"type":"point","name":"bandwidth-rate-in|cypress-provider|5|2","measures":{"value":3.1458577473887845}}
{"ts":1674234442540988292,"type":"point","name":"bandwidth-rate-out|cypress-provider|5|2","measures":{"value":2.7555790217919096}}
{"ts":1674234447492938586,"type":"point","name":"bandwidth-total-in|cypress-provider|5|3","measures":{"value":57339}}
{"ts":1674234447495184086,"type":"point","name":"bandwidth-total-out|cypress-provider|5|3","measures":{"value":53609}}
{"ts":1674234447498165878,"type":"point","name":"bandwidth-rate-in|cypress-provider|5|3","measures":{"value":0.021196622768568034}}
{"ts":1674234447511343920,"type":"point","name":"bandwidth-rate-out|cypress-provider|5|3","measures":{"value":0.01856694540062567}}
{"ts":1674234452492610547,"type":"point","name":"bandwidth-total-in|cypress-provider|5|4","measures":{"value":57339}}
{"ts":1674234452515687631,"type":"point","name":"bandwidth-total-out|cypress-provider|5|4","measures":{"value":53609}}
{"ts":1674234452517717047,"type":"point","name":"bandwidth-rate-in|cypress-provider|5|4","measures":{"value":0.0001428217207742197}}
{"ts":1674234452519708506,"type":"point","name":"bandwidth-rate-out|cypress-provider|5|4","measures":{"value":0.00012510309404432948}}
{"ts":1674234457492996466,"type":"point","name":"bandwidth-total-in|cypress-provider|5|5","measures":{"value":57339}}
{"ts":1674234457500989591,"type":"point","name":"bandwidth-total-out|cypress-provider|5|5","measures":{"value":53609}}
{"ts":1674234457504685091,"type":"point","name":"bandwidth-rate-in|cypress-provider|5|5","measures":{"value":9.62325184894876e-7}}
{"ts":1674234457508456591,"type":"point","name":"bandwidth-rate-out|cypress-provider|5|5","measures":{"value":8.429380170922969e-7}}
{"ts":1674234462492863969,"type":"point","name":"bandwidth-total-in|cypress-provider|5|6","measures":{"value":62914}}
{"ts":1674234462498417969,"type":"point","name":"bandwidth-total-out|cypress-provider|5|6","measures":{"value":61009}}
{"ts":1674234462519733010,"type":"point","name":"bandwidth-rate-in|cypress-provider|5|6","measures":{"value":1240.8863068345156}}
{"ts":1674234462532106010,"type":"point","name":"bandwidth-rate-out|cypress-provider|5|6","measures":{"value":1319.5352857023752}}
{"ts":1674234465810343304,"type":"point","name":"signal bootstrapping0","measures":{"value":30924625}}
{"ts":1674234466054538845,"type":"point","name":"barrierbootstrapping0","measures":{"value":208587250}}
{"ts":1674234466108934554,"type":"point","name":"full bootstrapping0","measures":{"value":38203597892}}
{"ts":1674234467498531221,"type":"point","name":"bandwidth-total-in|cypress-provider|5|7","measures":{"value":62914}}
{"ts":1674234467514222054,"type":"point","name":"bandwidth-total-out|cypress-provider|5|7","measures":{"value":61009}}
{"ts":1674234467534510013,"type":"point","name":"bandwidth-rate-in|cypress-provider|5|7","measures":{"value":8.361026167341874}}
{"ts":1674234467607206554,"type":"point","name":"bandwidth-rate-out|cypress-provider|5|7","measures":{"value":8.890958818485704}}
{"ts":1674234470675659667,"type":"point","name":"time-to-provide-2","measures":{"value":2801721001}}
{"ts":1674234471761914209,"type":"point","name":"time-to-provide-3","measures":{"value":3887461126}}
{"ts":1674234472490052251,"type":"point","name":"bandwidth-total-in|cypress-provider|5|8","measures":{"value":98005}}
{"ts":1674234472557340792,"type":"point","name":"bandwidth-total-out|cypress-provider|5|8","measures":{"value":67170}}
{"ts":1674234472663259626,"type":"point","name":"bandwidth-rate-in|cypress-provider|5|8","measures":{"value":4479.9419426911145}}
{"ts":1674234472745009668,"type":"point","name":"bandwidth-rate-out|cypress-provider|5|8","measures":{"value":1160.7432630205367}}
{"ts":1674234474379578168,"type":"point","name":"time-to-provide-0","measures":{"value":6508081753}}
{"ts":1674234475155253919,"type":"point","name":"time-to-provide-4","measures":{"value":7284649128}}
{"ts":1674234477489883420,"type":"point","name":"bandwidth-total-in|cypress-provider|5|9","measures":{"value":103560}}
{"ts":1674234477584975462,"type":"point","name":"bandwidth-total-out|cypress-provider|5|9","measures":{"value":71231}}
{"ts":1674234477634087920,"type":"point","name":"bandwidth-rate-in|cypress-provider|5|9","measures":{"value":820.1913883435099}}
{"ts":1674234477660017253,"type":"point","name":"bandwidth-rate-out|cypress-provider|5|9","measures":{"value":401.6094676617118}}
{"ts":1674234478264218879,"type":"point","name":"time-to-provide-1","measures":{"value":10393321963}}
{"ts":1674234478386258254,"type":"point","name":"signal provider-records1","measures":{"value":70669375}}
{"ts":1674234479137795046,"type":"point","name":"barrierprovider-records1","measures":{"value":712250959}}
{"ts":1674234479189303462,"type":"point","name":"full provider-records1","measures":{"value":11338952213}}
{"ts":1674234480899289963,"type":"point","name":"time-to-find-first|cypress-provider|2","measures":{"value":40217167}}
{"ts":1674234480924665505,"type":"point","name":"time-to-find-first|cypress-provider|4","measures":{"value":68633875}}
{"ts":1674234480999050255,"type":"point","name":"time-to-find-first|cypress-provider|0","measures":{"value":140267542}}
{"ts":1674234480999817921,"type":"point","name":"time-to-find-first|cypress-provider|1","measures":{"value":138816708}}
{"ts":1674234481022331421,"type":"point","name":"time-to-find-first|cypress-provider|3","measures":{"value":163197750}}
{"ts":1674234482491979172,"type":"point","name":"bandwidth-total-in|cypress-provider|5|10","measures":{"value":181291}}
{"ts":1674234482509942922,"type":"point","name":"bandwidth-total-out|cypress-provider|5|10","measures":{"value":74694}}
{"ts":1674234482523339214,"type":"point","name":"bandwidth-rate-in|cypress-provider|5|10","measures":{"value":46363.26782601947}}
{"ts":1674234482540924256,"type":"point","name":"bandwidth-rate-out|cypress-provider|5|10","measures":{"value":1149.3724023553966}}
{"ts":1674234483194819631,"type":"point","name":"num-hops|cypress-provider|1","measures":{"value":3}}
{"ts":1674234483258981423,"type":"point","name":"time-to-find-last|done|cypress-provider|1","measures":{"value":322315500}}
{"ts":1674234483286248089,"type":"point","name":"time-to-find|done|cypress-provider|1","measures":{"value":2427705709}}
{"ts":1674234483320914631,"type":"point","name":"peers-found|done|cypress-provider|1","measures":{"value":50}}
{"ts":1674234483359357089,"type":"point","name":"peers-missing|done|cypress-provider|1","measures":{"value":0}}
{"ts":1674234483530917673,"type":"point","name":"num-hops|cypress-provider|4","measures":{"value":1}}
{"ts":1674234483543963798,"type":"point","name":"time-to-find-last|done|cypress-provider|4","measures":{"value":455143459}}
{"ts":1674234483590069839,"type":"point","name":"time-to-find|done|cypress-provider|4","measures":{"value":2734001210}}
{"ts":1674234483623272548,"type":"point","name":"peers-found|done|cypress-provider|4","measures":{"value":50}}
{"ts":1674234483687074631,"type":"point","name":"peers-missing|done|cypress-provider|4","measures":{"value":0}}
{"ts":1674234483704075423,"type":"point","name":"num-hops|cypress-provider|2","measures":{"value":4}}
{"ts":1674234483784966589,"type":"point","name":"time-to-find-last|done|cypress-provider|2","measures":{"value":162301917}}
{"ts":1674234483841970340,"type":"point","name":"time-to-find|done|cypress-provider|2","measures":{"value":2982939335}}
{"ts":1674234483907141381,"type":"point","name":"peers-found|done|cypress-provider|2","measures":{"value":50}}
{"ts":1674234483985919881,"type":"point","name":"peers-missing|done|cypress-provider|2","measures":{"value":0}}
{"ts":1674234486099865132,"type":"point","name":"num-hops|cypress-provider|3","measures":{"value":4}}
{"ts":1674234486162812966,"type":"point","name":"time-to-find-last|done|cypress-provider|3","measures":{"value":812142000}}
{"ts":1674234486267638424,"type":"point","name":"time-to-find|done|cypress-provider|3","measures":{"value":5408507044}}
{"ts":1674234486287209049,"type":"point","name":"peers-found|done|cypress-provider|3","measures":{"value":50}}
{"ts":1674234486322478424,"type":"point","name":"peers-missing|done|cypress-provider|3","measures":{"value":0}}
{"ts":1674234486411003632,"type":"point","name":"num-hops|cypress-provider|0","measures":{"value":4}}
{"ts":1674234486503591549,"type":"point","name":"time-to-find-last|done|cypress-provider|0","measures":{"value":1080024126}}
{"ts":1674234486642274966,"type":"point","name":"time-to-find|done|cypress-provider|0","measures":{"value":5783494212}}
{"ts":1674234486713670133,"type":"point","name":"peers-found|done|cypress-provider|0","measures":{"value":50}}
{"ts":1674234486761926508,"type":"point","name":"peers-missing|done|cypress-provider|0","measures":{"value":0}}
{"ts":1674234487089126591,"type":"point","name":"signal provider-records2","measures":{"value":246025000}}
{"ts":1674234487490813258,"type":"point","name":"bandwidth-total-in|cypress-provider|5|11","measures":{"value":277479}}
{"ts":1674234487573305633,"type":"point","name":"bandwidth-total-out|cypress-provider|5|11","measures":{"value":76141}}
{"ts":1674234487612969883,"type":"point","name":"bandwidth-rate-in|cypress-provider|5|11","measures":{"value":2898.8414947259803}}
{"ts":1674234487625629216,"type":"point","name":"bandwidth-rate-out|cypress-provider|5|11","measures":{"value":72.05799993340197}}
{"ts":1674234489253182842,"type":"point","name":"barrierprovider-records2","measures":{"value":2047904376}}
{"ts":1674234489448662426,"type":"point","name":"full provider-records2","measures":{"value":8593587171}}
{"ts":1674234492496771344,"type":"point","name":"bandwidth-total-in|cypress-provider|5|12","measures":{"value":277479}}
{"ts":1674234492520179052,"type":"point","name":"bandwidth-total-out|cypress-provider|5|12","measures":{"value":76141}}
{"ts":1674234492523697594,"type":"point","name":"bandwidth-rate-in|cypress-provider|5|12","measures":{"value":19.532240350213353}}
{"ts":1674234492529649427,"type":"point","name":"bandwidth-rate-out|cypress-provider|5|12","measures":{"value":0.48552298441136665}}
{"ts":1674234497640583221,"type":"point","name":"bandwidth-total-in|cypress-provider|5|13","measures":{"value":277479}}
{"ts":1674234497668088263,"type":"point","name":"bandwidth-total-out|cypress-provider|5|13","measures":{"value":76141}}
{"ts":1674234497671885929,"type":"point","name":"bandwidth-rate-in|cypress-provider|5|13","measures":{"value":0.13160720025313616}}
{"ts":1674234497673067346,"type":"point","name":"bandwidth-rate-out|cypress-provider|5|13","measures":{"value":0.003271428135801589}}
{"ts":1674234502598504792,"type":"point","name":"bandwidth-total-in|cypress-provider|5|14","measures":{"value":277479}}
{"ts":1674234502661646542,"type":"point","name":"bandwidth-total-out|cypress-provider|5|14","measures":{"value":76141}}
{"ts":1674234502663731376,"type":"point","name":"bandwidth-rate-in|cypress-provider|5|14","measures":{"value":0.0008867623400036593}}
{"ts":1674234502668415334,"type":"point","name":"bandwidth-rate-out|cypress-provider|5|14","measures":{"value":0.000022042709390348083}}
