{"ts":1676959678878967471,"type":"point","name":"bandwidth-total-in|cypress-provider|38|0","measures":{"value":32220}}
{"ts":1676959678885038805,"type":"point","name":"bandwidth-total-out|cypress-provider|38|0","measures":{"value":139744}}
{"ts":1676959678890233055,"type":"point","name":"bandwidth-rate-in|cypress-provider|38|0","measures":{"value":0.0010664209598555453}}
{"ts":1676959678898979763,"type":"point","name":"bandwidth-rate-out|cypress-provider|38|0","measures":{"value":0.014488349671146294}}
{"ts":1676959694876489923,"type":"point","name":"signal bootstrapping0","measures":{"value":31672833}}
{"ts":1676959694970754257,"type":"point","name":"barrierbootstrapping0","measures":{"value":85904542}}
{"ts":1676959695009134715,"type":"point","name":"full bootstrapping0","measures":{"value":35570711808}}
{"ts":1676959698873520050,"type":"point","name":"bandwidth-total-in|cypress-provider|38|1","measures":{"value":453379}}
{"ts":1676959698879637300,"type":"point","name":"bandwidth-total-out|cypress-provider|38|1","measures":{"value":500395}}
{"ts":1676959698908003508,"type":"point","name":"bandwidth-rate-in|cypress-provider|38|1","measures":{"value":33791.90456923899}}
{"ts":1676959698922569800,"type":"point","name":"bandwidth-rate-out|cypress-provider|38|1","measures":{"value":33653.419649607946}}
{"ts":1676959714412286043,"type":"point","name":"time-to-provide-16","measures":{"value":18805079925}}
{"ts":1676959714522277710,"type":"point","name":"time-to-provide-15","measures":{"value":18915051800}}
{"ts":1676959714600799877,"type":"point","name":"time-to-provide-11","measures":{"value":18993663175}}
{"ts":1676959714633746210,"type":"point","name":"time-to-provide-19","measures":{"value":19058577592}}
{"ts":1676959714794529377,"type":"point","name":"time-to-provide-5","measures":{"value":19214411758}}
{"ts":1676959714956456210,"type":"point","name":"time-to-provide-8","measures":{"value":19366930258}}
{"ts":1676959715009152127,"type":"point","name":"time-to-provide-18","measures":{"value":19401877633}}
{"ts":1676959715035571835,"type":"point","name":"time-to-provide-14","measures":{"value":19428518883}}
{"ts":1676959715043912085,"type":"point","name":"time-to-provide-12","measures":{"value":19436754383}}
{"ts":1676959715128665085,"type":"point","name":"time-to-provide-10","measures":{"value":19521542717}}
{"ts":1676959715148781293,"type":"point","name":"time-to-provide-13","measures":{"value":19541598967}}
{"ts":1676959715191173460,"type":"point","name":"time-to-provide-0","measures":{"value":19612967092}}
{"ts":1676959715210347877,"type":"point","name":"time-to-provide-17","measures":{"value":19603104759}}
{"ts":1676959715255050127,"type":"point","name":"time-to-provide-1","measures":{"value":19676670967}}
{"ts":1676959715290812627,"type":"point","name":"time-to-provide-4","measures":{"value":19711120384}}
{"ts":1676959715327738085,"type":"point","name":"time-to-provide-3","measures":{"value":19748280176}}
{"ts":1676959715522796960,"type":"point","name":"time-to-provide-7","measures":{"value":19942187217}}
{"ts":1676959715721658460,"type":"point","name":"time-to-provide-9","measures":{"value":20146005425}}
{"ts":1676959715791434877,"type":"point","name":"time-to-provide-2","measures":{"value":20212365300}}
{"ts":1676959715855781711,"type":"point","name":"time-to-provide-6","measures":{"value":20275373509}}
{"ts":1676959715910610836,"type":"point","name":"signal provider-records1","measures":{"value":50240750}}
{"ts":1676959718858569170,"type":"point","name":"barrierprovider-records1","measures":{"value":2933575210}}
{"ts":1676959718876680712,"type":"point","name":"bandwidth-total-in|cypress-provider|38|2","measures":{"value":871079}}
{"ts":1676959718955646295,"type":"point","name":"bandwidth-total-out|cypress-provider|38|2","measures":{"value":768621}}
{"ts":1676959718966210920,"type":"point","name":"bandwidth-rate-in|cypress-provider|38|2","measures":{"value":2543.940834323724}}
{"ts":1676959718974267254,"type":"point","name":"bandwidth-rate-out|cypress-provider|38|2","measures":{"value":3443.476715352336}}
{"ts":1676959718961325754,"type":"point","name":"full provider-records1","measures":{"value":23421404885}}
{"ts":1676959719799546754,"type":"point","name":"time-to-find-first|cypress-provider|7","measures":{"value":3849750}}
{"ts":1676959719803660629,"type":"point","name":"time-to-find-first|cypress-provider|2","measures":{"value":7084291}}
{"ts":1676959719890084921,"type":"point","name":"time-to-find-first|cypress-provider|18","measures":{"value":43730958}}
{"ts":1676959719807356796,"type":"point","name":"time-to-find-first|cypress-provider|3","measures":{"value":10853292}}
{"ts":1676959719809510796,"type":"point","name":"time-to-find-first|cypress-provider|11","measures":{"value":13118583}}
{"ts":1676959719816210087,"type":"point","name":"time-to-find-first|cypress-provider|6","measures":{"value":21432625}}
{"ts":1676959719816239087,"type":"point","name":"time-to-find-first|cypress-provider|19","measures":{"value":20609459}}
{"ts":1676959719817695129,"type":"point","name":"time-to-find-first|cypress-provider|12","measures":{"value":21232791}}
{"ts":1676959719819532796,"type":"point","name":"time-to-find-first|cypress-provider|9","measures":{"value":23736833}}
{"ts":1676959719819666837,"type":"point","name":"time-to-find-first|cypress-provider|8","measures":{"value":23924208}}
{"ts":1676959719820410462,"type":"point","name":"time-to-find-first|cypress-provider|13","measures":{"value":23873625}}
{"ts":1676959719834076129,"type":"point","name":"time-to-find-first|cypress-provider|14","measures":{"value":37478250}}
{"ts":1676959719834755504,"type":"point","name":"time-to-find-first|cypress-provider|4","measures":{"value":38148084}}
{"ts":1676959719834768671,"type":"point","name":"time-to-find-first|cypress-provider|15","measures":{"value":38143459}}
{"ts":1676959719836295212,"type":"point","name":"time-to-find-first|cypress-provider|10","measures":{"value":40004625}}
{"ts":1676959719838473379,"type":"point","name":"time-to-find-first|cypress-provider|0","measures":{"value":42169958}}
{"ts":1676959719840821171,"type":"point","name":"time-to-find-first|cypress-provider|17","measures":{"value":44066917}}
{"ts":1676959719841059421,"type":"point","name":"time-to-find-first|cypress-provider|5","measures":{"value":44388958}}
{"ts":1676959719841606212,"type":"point","name":"time-to-find-first|cypress-provider|16","measures":{"value":44916959}}
{"ts":1676959719806619421,"type":"point","name":"time-to-find-first|cypress-provider|1","measures":{"value":10256042}}
{"ts":1676959738875419971,"type":"point","name":"bandwidth-total-in|cypress-provider|38|3","measures":{"value":2644132}}
{"ts":1676959738927601222,"type":"point","name":"bandwidth-total-out|cypress-provider|38|3","measures":{"value":2338908}}
{"ts":1676959738944738263,"type":"point","name":"bandwidth-rate-in|cypress-provider|38|3","measures":{"value":71344.40066269448}}
{"ts":1676959738960663680,"type":"point","name":"bandwidth-rate-out|cypress-provider|38|3","measures":{"value":21133.35666079686}}
{"ts":1676959745524311710,"type":"point","name":"num-hops|cypress-provider|19","measures":{"value":2}}
{"ts":1676959745536615710,"type":"point","name":"time-to-find-last|done|cypress-provider|19","measures":{"value":932875542}}
{"ts":1676959745566129877,"type":"point","name":"time-to-find|done|cypress-provider|19","measures":{"value":25768606470}}
{"ts":1676959745583153752,"type":"point","name":"peers-found|done|cypress-provider|19","measures":{"value":40}}
{"ts":1676959745595710627,"type":"point","name":"peers-missing|done|cypress-provider|19","measures":{"value":0}}
{"ts":1676959745598234127,"type":"point","name":"num-hops|cypress-provider|8","measures":{"value":2}}
{"ts":1676959745620623085,"type":"point","name":"time-to-find-last|done|cypress-provider|8","measures":{"value":3060847210}}
{"ts":1676959745606648794,"type":"point","name":"num-hops|cypress-provider|10","measures":{"value":2}}
{"ts":1676959745653074085,"type":"point","name":"time-to-find-last|done|cypress-provider|10","measures":{"value":2395047668}}
{"ts":1676959745661627294,"type":"point","name":"time-to-find|done|cypress-provider|10","measures":{"value":25863443719}}
{"ts":1676959745685336710,"type":"point","name":"peers-found|done|cypress-provider|10","measures":{"value":40}}
{"ts":1676959745703893794,"type":"point","name":"peers-missing|done|cypress-provider|10","measures":{"value":0}}
{"ts":1676959745574706335,"type":"point","name":"num-hops|cypress-provider|1","measures":{"value":2}}
{"ts":1676959745725163794,"type":"point","name":"time-to-find-last|done|cypress-provider|1","measures":{"value":3489708168}}
{"ts":1676959745735267127,"type":"point","name":"time-to-find|done|cypress-provider|1","measures":{"value":25937014136}}
{"ts":1676959745746504377,"type":"point","name":"peers-found|done|cypress-provider|1","measures":{"value":40}}
{"ts":1676959745762976044,"type":"point","name":"peers-missing|done|cypress-provider|1","measures":{"value":0}}
{"ts":1676959745635079544,"type":"point","name":"time-to-find|done|cypress-provider|8","measures":{"value":25837443303}}
{"ts":1676959745784558585,"type":"point","name":"peers-found|done|cypress-provider|8","measures":{"value":40}}
{"ts":1676959745800700710,"type":"point","name":"peers-missing|done|cypress-provider|8","measures":{"value":0}}
{"ts":1676959745729305252,"type":"point","name":"num-hops|cypress-provider|4","measures":{"value":1}}
{"ts":1676959745821064127,"type":"point","name":"time-to-find-last|done|cypress-provider|4","measures":{"value":3772095002}}
{"ts":1676959745827003419,"type":"point","name":"time-to-find|done|cypress-provider|4","measures":{"value":26028502428}}
{"ts":1676959745843218127,"type":"point","name":"peers-found|done|cypress-provider|4","measures":{"value":40}}
{"ts":1676959745856150544,"type":"point","name":"peers-missing|done|cypress-provider|4","measures":{"value":0}}
{"ts":1676959745656561002,"type":"point","name":"num-hops|cypress-provider|5","measures":{"value":1}}
{"ts":1676959745893147211,"type":"point","name":"time-to-find-last|done|cypress-provider|5","measures":{"value":2623596418}}
{"ts":1676959745902102211,"type":"point","name":"time-to-find|done|cypress-provider|5","measures":{"value":26103538345}}
{"ts":1676959745922597669,"type":"point","name":"peers-found|done|cypress-provider|5","measures":{"value":40}}
{"ts":1676959745937102419,"type":"point","name":"peers-missing|done|cypress-provider|5","measures":{"value":0}}
{"ts":1676959745877423002,"type":"point","name":"num-hops|cypress-provider|11","measures":{"value":1}}
{"ts":1676959745966551752,"type":"point","name":"time-to-find-last|done|cypress-provider|11","measures":{"value":545034875}}
{"ts":1676959745976244711,"type":"point","name":"time-to-find|done|cypress-provider|11","measures":{"value":26177967720}}
{"ts":1676959745990416336,"type":"point","name":"peers-found|done|cypress-provider|11","measures":{"value":40}}
{"ts":1676959746003383544,"type":"point","name":"peers-missing|done|cypress-provider|11","measures":{"value":0}}
{"ts":1676959745622228044,"type":"point","name":"num-hops|cypress-provider|12","measures":{"value":1}}
{"ts":1676959746023365502,"type":"point","name":"time-to-find-last|done|cypress-provider|12","measures":{"value":3095511043}}
{"ts":1676959746034320752,"type":"point","name":"time-to-find|done|cypress-provider|12","measures":{"value":26235966803}}
{"ts":1676959746047587419,"type":"point","name":"peers-found|done|cypress-provider|12","measures":{"value":40}}
{"ts":1676959746054415086,"type":"point","name":"peers-missing|done|cypress-provider|12","measures":{"value":0}}
{"ts":1676959745632177419,"type":"point","name":"num-hops|cypress-provider|13","measures":{"value":1}}
{"ts":1676959746085509127,"type":"point","name":"time-to-find-last|done|cypress-provider|13","measures":{"value":2398863834}}
{"ts":1676959746090525711,"type":"point","name":"time-to-find|done|cypress-provider|13","measures":{"value":26292095720}}
{"ts":1676959746099237252,"type":"point","name":"peers-found|done|cypress-provider|13","measures":{"value":40}}
{"ts":1676959746111304961,"type":"point","name":"peers-missing|done|cypress-provider|13","measures":{"value":0}}
{"ts":1676959745718992127,"type":"point","name":"num-hops|cypress-provider|16","measures":{"value":2}}
{"ts":1676959746166335419,"type":"point","name":"time-to-find-last|done|cypress-provider|16","measures":{"value":3513091294}}
{"ts":1676959746182682044,"type":"point","name":"time-to-find|done|cypress-provider|16","measures":{"value":26384100262}}
{"ts":1676959746215607836,"type":"point","name":"peers-found|done|cypress-provider|16","measures":{"value":40}}
{"ts":1676959746231383877,"type":"point","name":"peers-missing|done|cypress-provider|16","measures":{"value":0}}
{"ts":1676959745684396627,"type":"point","name":"num-hops|cypress-provider|0","measures":{"value":2}}
{"ts":1676959746256528377,"type":"point","name":"time-to-find-last|done|cypress-provider|0","measures":{"value":2356341834}}
{"ts":1676959746265404377,"type":"point","name":"time-to-find|done|cypress-provider|0","measures":{"value":26467209053}}
{"ts":1676959746293256502,"type":"point","name":"peers-found|done|cypress-provider|0","measures":{"value":40}}
{"ts":1676959746303661877,"type":"point","name":"peers-missing|done|cypress-provider|0","measures":{"value":0}}
{"ts":1676959746255536919,"type":"point","name":"num-hops|cypress-provider|15","measures":{"value":2}}
{"ts":1676959746334231919,"type":"point","name":"time-to-find-last|done|cypress-provider|15","measures":{"value":2264517668}}
{"ts":1676959746346154252,"type":"point","name":"time-to-find|done|cypress-provider|15","measures":{"value":26547635720}}
{"ts":1676959746359849544,"type":"point","name":"peers-found|done|cypress-provider|15","measures":{"value":40}}
{"ts":1676959746379089627,"type":"point","name":"peers-missing|done|cypress-provider|15","measures":{"value":0}}
{"ts":1676959746172368461,"type":"point","name":"num-hops|cypress-provider|14","measures":{"value":3}}
{"ts":1676959746420105544,"type":"point","name":"time-to-find-last|done|cypress-provider|14","measures":{"value":1933123251}}
{"ts":1676959746426636752,"type":"point","name":"time-to-find|done|cypress-provider|14","measures":{"value":26628146720}}
{"ts":1676959746436445669,"type":"point","name":"peers-found|done|cypress-provider|14","measures":{"value":40}}
{"ts":1676959746448517252,"type":"point","name":"peers-missing|done|cypress-provider|14","measures":{"value":0}}
{"ts":1676959746213300711,"type":"point","name":"num-hops|cypress-provider|17","measures":{"value":2}}
{"ts":1676959746462571461,"type":"point","name":"time-to-find-last|done|cypress-provider|17","measures":{"value":2457413293}}
{"ts":1676959746469725294,"type":"point","name":"time-to-find|done|cypress-provider|17","measures":{"value":26671080054}}
{"ts":1676959746478236294,"type":"point","name":"peers-found|done|cypress-provider|17","measures":{"value":40}}
{"ts":1676959746493339252,"type":"point","name":"peers-missing|done|cypress-provider|17","measures":{"value":0}}
{"ts":1676959746466529711,"type":"point","name":"num-hops|cypress-provider|7","measures":{"value":2}}
{"ts":1676959746510592669,"type":"point","name":"time-to-find-last|done|cypress-provider|7","measures":{"value":99260541}}
{"ts":1676959746522027294,"type":"point","name":"time-to-find|done|cypress-provider|7","measures":{"value":26724444595}}
{"ts":1676959746528357086,"type":"point","name":"peers-found|done|cypress-provider|7","measures":{"value":40}}
{"ts":1676959746540333461,"type":"point","name":"peers-missing|done|cypress-provider|7","measures":{"value":0}}
{"ts":1676959746220725711,"type":"point","name":"num-hops|cypress-provider|9","measures":{"value":2}}
{"ts":1676959746563553086,"type":"point","name":"time-to-find-last|done|cypress-provider|9","measures":{"value":1159433959}}
{"ts":1676959746578538836,"type":"point","name":"time-to-find|done|cypress-provider|9","measures":{"value":26780850012}}
{"ts":1676959746591561836,"type":"point","name":"peers-found|done|cypress-provider|9","measures":{"value":40}}
{"ts":1676959746602580461,"type":"point","name":"peers-missing|done|cypress-provider|9","measures":{"value":0}}
{"ts":1676959746267961544,"type":"point","name":"num-hops|cypress-provider|3","measures":{"value":2}}
{"ts":1676959746620385794,"type":"point","name":"time-to-find-last|done|cypress-provider|3","measures":{"value":379554751}}
{"ts":1676959746644152794,"type":"point","name":"time-to-find|done|cypress-provider|3","measures":{"value":26845759846}}
{"ts":1676959746663377544,"type":"point","name":"peers-found|done|cypress-provider|3","measures":{"value":40}}
{"ts":1676959746679660544,"type":"point","name":"peers-missing|done|cypress-provider|3","measures":{"value":0}}
{"ts":1676959746104638836,"type":"point","name":"num-hops|cypress-provider|6","measures":{"value":3}}
{"ts":1676959746702451294,"type":"point","name":"time-to-find-last|done|cypress-provider|6","measures":{"value":557789209}}
{"ts":1676959746716946961,"type":"point","name":"time-to-find|done|cypress-provider|6","measures":{"value":26920276179}}
{"ts":1676959746722567128,"type":"point","name":"peers-found|done|cypress-provider|6","measures":{"value":40}}
{"ts":1676959746689394086,"type":"point","name":"num-hops|cypress-provider|2","measures":{"value":2}}
{"ts":1676959746751902336,"type":"point","name":"time-to-find-last|done|cypress-provider|2","measures":{"value":108396416}}
{"ts":1676959746763564461,"type":"point","name":"time-to-find|done|cypress-provider|2","measures":{"value":26965263178}}
{"ts":1676959746747315003,"type":"point","name":"peers-missing|done|cypress-provider|6","measures":{"value":0}}
{"ts":1676959746765517711,"type":"point","name":"num-hops|cypress-provider|18","measures":{"value":2}}
{"ts":1676959746807380211,"type":"point","name":"time-to-find-last|done|cypress-provider|18","measures":{"value":348322792}}
{"ts":1676959746825354003,"type":"point","name":"time-to-find|done|cypress-provider|18","measures":{"value":26977108304}}
{"ts":1676959746843419044,"type":"point","name":"peers-found|done|cypress-provider|18","measures":{"value":40}}
{"ts":1676959746855077544,"type":"point","name":"peers-missing|done|cypress-provider|18","measures":{"value":0}}
{"ts":1676959746772597253,"type":"point","name":"peers-found|done|cypress-provider|2","measures":{"value":40}}
{"ts":1676959746870586253,"type":"point","name":"peers-missing|done|cypress-provider|2","measures":{"value":0}}
{"ts":1676959746932244586,"type":"point","name":"signal provider-records2","measures":{"value":46639625}}
{"ts":1676959750106919004,"type":"point","name":"barrierprovider-records2","measures":{"value":3159878085}}
{"ts":1676959750162041963,"type":"point","name":"full provider-records2","measures":{"value":30365376847}}
