{"level":"info","ts":1674066412207549424,"msg":"br","Node":"12D3KooWGBmjmt6Am4j4CWyLRd36hqj1dDKstAyLaeePmEUt7cUp","Peer":"12D3KooWKCz8coBHWrFr7Z3ZZekUTsZdm9bUTuKQBbX6tTvKhqmy"}
{"level":"info","ts":1674066412210004174,"msg":"br","Node":"12D3KooWGBmjmt6Am4j4CWyLRd36hqj1dDKstAyLaeePmEUt7cUp","Peer":"12D3KooWFJGAAPuFWEeZUVvSEs7dEGnzgCyBpVuYAx8R9WmSNMe7"}
{"level":"info","ts":1674066412212448424,"msg":"br","Node":"12D3KooWGBmjmt6Am4j4CWyLRd36hqj1dDKstAyLaeePmEUt7cUp","Peer":"12D3KooWPgam4TzSVCRa4AbhxQnM9abCYR4E9hV57SN7eAjEYn1j"}
{"level":"info","ts":1674066412215684674,"msg":"br","Node":"12D3KooWGBmjmt6Am4j4CWyLRd36hqj1dDKstAyLaeePmEUt7cUp","Peer":"12D3KooWNentwzsa1BpUkXPJWYBg3riYQ64XM9JUCfoVt4KqwKdw"}
{"level":"info","ts":1674066412218491633,"msg":"br","Node":"12D3KooWGBmjmt6Am4j4CWyLRd36hqj1dDKstAyLaeePmEUt7cUp","Peer":"12D3KooWKwfWu3TQuPNRUfEjEYSANNDYvq2D2GuYdysyHcGHB58t"}
{"level":"info","ts":1674066412224791841,"msg":"br","Node":"12D3KooWGBmjmt6Am4j4CWyLRd36hqj1dDKstAyLaeePmEUt7cUp","Peer":"12D3KooWQYz2inBsgiBoqNtmEn1qeRBr9B8cdishFuBgiARcfMcY"}
{"level":"info","ts":1674066412229876799,"msg":"br","Node":"12D3KooWGBmjmt6Am4j4CWyLRd36hqj1dDKstAyLaeePmEUt7cUp","Peer":"12D3KooWK3agpH5Lx8HeCHbHfQq2APDdxHUo8Kft3fMqP2aTvoVH"}
{"level":"info","ts":1674066412241234883,"msg":"br","Node":"12D3KooWGBmjmt6Am4j4CWyLRd36hqj1dDKstAyLaeePmEUt7cUp","Peer":"12D3KooWCUD1fJhtHsV93H6zZCwPZq5WBLsNTSWUW86EDykHrUgd"}
{"level":"info","ts":1674066412249992841,"msg":"br","Node":"12D3KooWGBmjmt6Am4j4CWyLRd36hqj1dDKstAyLaeePmEUt7cUp","Peer":"12D3KooWHAFEHoQDaEe95P9y2w8Zh2tqb8QbF4gUmhmmWT1XNeTC"}
{"level":"info","ts":1674066412252628841,"msg":"br","Node":"12D3KooWGBmjmt6Am4j4CWyLRd36hqj1dDKstAyLaeePmEUt7cUp","Peer":"12D3KooWSyUTnwQRmgAaT5hnnDiU9BENzaGGH4MNnT8iU138rjLw"}
{"level":"info","ts":1674066412257326591,"msg":"br","Node":"12D3KooWGBmjmt6Am4j4CWyLRd36hqj1dDKstAyLaeePmEUt7cUp","Peer":"12D3KooWGVijKpKXAveYbcCXhe8DhrykfXaehwPM6mcSgagqXkEg"}
{"level":"info","ts":1674066412260937883,"msg":"br","Node":"12D3KooWGBmjmt6Am4j4CWyLRd36hqj1dDKstAyLaeePmEUt7cUp","Peer":"12D3KooWSVahexScA4jt5HsavZut74osC2MWonEzXfNpPhhVj9eq"}
{"level":"info","ts":1674066412272600466,"msg":"br","Node":"12D3KooWGBmjmt6Am4j4CWyLRd36hqj1dDKstAyLaeePmEUt7cUp","Peer":"12D3KooWM4yJB31d4hF2F9Vdwuj9WFo1qonoySyw4bVAQ9a9d21o"}
{"level":"info","ts":1674066412278024841,"msg":"br","Node":"12D3KooWGBmjmt6Am4j4CWyLRd36hqj1dDKstAyLaeePmEUt7cUp","Peer":"12D3KooWGBv5oKekns7NunQ9FMNXihJvwyuELAcq84Z9Hxgc2PZh"}
{"level":"info","ts":1674066412281773799,"msg":"br","Node":"12D3KooWGBmjmt6Am4j4CWyLRd36hqj1dDKstAyLaeePmEUt7cUp","Peer":"12D3KooWNEWRB7PnuZs164xaA9QWM3iZHekHyEQo5qGP5KCHHuSN"}
{"level":"info","ts":1674066412285310216,"msg":"br","Node":"12D3KooWGBmjmt6Am4j4CWyLRd36hqj1dDKstAyLaeePmEUt7cUp","Peer":"12D3KooWHHzSeKaY8xuZVzkLbKFfvNgPPeKhFBGrMbNzbm5akpqu"}
{"level":"info","ts":1674066412288019466,"msg":"br","Node":"12D3KooWGBmjmt6Am4j4CWyLRd36hqj1dDKstAyLaeePmEUt7cUp","Peer":"12D3KooWFB7QisaHRFaMwskj6JE4vuoruNMSRNL4pfL2WEReWzMd"}
{"level":"info","ts":1674066412290641966,"msg":"br","Node":"12D3KooWGBmjmt6Am4j4CWyLRd36hqj1dDKstAyLaeePmEUt7cUp","Peer":"12D3KooWBremnqYWBDK6ctvCuhCqJAps5ZAPADu53gXhQHexrvtP"}
{"level":"info","ts":1674066412301858966,"msg":"br","Node":"12D3KooWGBmjmt6Am4j4CWyLRd36hqj1dDKstAyLaeePmEUt7cUp","Peer":"12D3KooWE2N9kXfsBWLWYdtaX9uY7HxJTfFmVFQFxvUXCQ6bT883"}
{"level":"info","ts":1674066412305834841,"msg":"br","Node":"12D3KooWGBmjmt6Am4j4CWyLRd36hqj1dDKstAyLaeePmEUt7cUp","Peer":"12D3KooWDf6Jpo3XnCHoQ7uXMpxS3RbZrysd9Z7iGWLqyQ8K87VZ"}
{"level":"info","ts":1674066412316734049,"msg":"br","Node":"12D3KooWGBmjmt6Am4j4CWyLRd36hqj1dDKstAyLaeePmEUt7cUp","Peer":"12D3KooWEbZEADkMZvpYYcAkAk8Bmbe34HoH7uXwPEmzCCqVVppj"}
{"level":"info","ts":1674066412319933133,"msg":"br","Node":"12D3KooWGBmjmt6Am4j4CWyLRd36hqj1dDKstAyLaeePmEUt7cUp","Peer":"12D3KooWGve8Xnd9qBGe7YSXskiD386LmWuWEhQjVhyLFQBiKou5"}
{"level":"info","ts":1674066412321605216,"msg":"br","Node":"12D3KooWGBmjmt6Am4j4CWyLRd36hqj1dDKstAyLaeePmEUt7cUp","Peer":"12D3KooWCv935r3ropYhUe5yMCp9QiUoc9A6cZpYQ5x84DqEPbwb"}
{"level":"info","ts":1674066412323236966,"msg":"br","Node":"12D3KooWGBmjmt6Am4j4CWyLRd36hqj1dDKstAyLaeePmEUt7cUp","Peer":"12D3KooWE4qDcRrueTuRYWUdQZgcy7APZqBngVeXRt4Y6ytHizKV"}
{"level":"info","ts":1674066412331472508,"msg":"br","Node":"12D3KooWGBmjmt6Am4j4CWyLRd36hqj1dDKstAyLaeePmEUt7cUp","Peer":"12D3KooWEiCzB4bVxyxYwB7xpSvra1Yz1SB39kih4qHpFjDWoC9J"}
{"level":"info","ts":1674066412334242466,"msg":"br","Node":"12D3KooWGBmjmt6Am4j4CWyLRd36hqj1dDKstAyLaeePmEUt7cUp","Peer":"12D3KooWH7AZDg4C1XecakNbagg7LaR3AHqyxr3obNismNfpW1U2"}
{"level":"info","ts":1674066412337429466,"msg":"br","Node":"12D3KooWGBmjmt6Am4j4CWyLRd36hqj1dDKstAyLaeePmEUt7cUp","Peer":"12D3KooWRuYVGEsecrJJhZsSoKf1UNdBVYKFCmFLNj9ucZiSQCYj"}
{"level":"info","ts":1674066412339822716,"msg":"br","Node":"12D3KooWGBmjmt6Am4j4CWyLRd36hqj1dDKstAyLaeePmEUt7cUp","Peer":"12D3KooWCR2EoapJjoQVR4E3NLjWn818gG3XizQ92Yx6C424HL2g"}
{"level":"info","ts":1674066412347050508,"msg":"br","Node":"12D3KooWGBmjmt6Am4j4CWyLRd36hqj1dDKstAyLaeePmEUt7cUp","Peer":"12D3KooWGCvi3KESxsfJqabtDpZTviCeycABxLRtCPR7aQAdAwir"}
{"level":"info","ts":1674066412351375841,"msg":"br","Node":"12D3KooWGBmjmt6Am4j4CWyLRd36hqj1dDKstAyLaeePmEUt7cUp","Peer":"12D3KooWBHDsBRbrf52fh6czkYXYY3tTk4fSfen3ZWvYEzFeHM2g"}
{"level":"info","ts":1674066412360630799,"msg":"br","Node":"12D3KooWGBmjmt6Am4j4CWyLRd36hqj1dDKstAyLaeePmEUt7cUp","Peer":"12D3KooWPwVR5DRz8H7Qvmp1i7c3BmEJLsbXBvLBCDY5tikyx2yu"}
{"level":"info","ts":1674066412365142841,"msg":"br","Node":"12D3KooWGBmjmt6Am4j4CWyLRd36hqj1dDKstAyLaeePmEUt7cUp","Peer":"12D3KooWKVutoujmd2QtYCFPk6WtyU9xvAgYxFXvqLVGcBHocnmG"}
{"level":"info","ts":1674066412371612258,"msg":"br","Node":"12D3KooWGBmjmt6Am4j4CWyLRd36hqj1dDKstAyLaeePmEUt7cUp","Peer":"12D3KooWFqdBYPrtwErMosomvD4uRtVhXQdqqZZHC3NCBZYVxr4t"}
{"level":"info","ts":1674066412375927049,"msg":"br","Node":"12D3KooWGBmjmt6Am4j4CWyLRd36hqj1dDKstAyLaeePmEUt7cUp","Peer":"12D3KooWPp1Xz8oHjyrMTi6fPeQAuEqpDGvv36EvHrjHqXUnEJvw"}
{"level":"info","ts":1674066412381511091,"msg":"br","Node":"12D3KooWGBmjmt6Am4j4CWyLRd36hqj1dDKstAyLaeePmEUt7cUp","Peer":"12D3KooWL3XJ9EMCyZvmmGXL2LMiVBtrVa2BuESsJiXkSj7333Jw"}
{"level":"info","ts":1674066412384215674,"msg":"br","Node":"12D3KooWGBmjmt6Am4j4CWyLRd36hqj1dDKstAyLaeePmEUt7cUp","Peer":"12D3KooWGFLL95aAHX7AJZzSn9vFY49znDxeaGPU14TKzrHP7ygU"}
{"level":"info","ts":1674066412543052966,"msg":"ar","Node":"12D3KooWGBmjmt6Am4j4CWyLRd36hqj1dDKstAyLaeePmEUt7cUp","Peer":"12D3KooWKCz8coBHWrFr7Z3ZZekUTsZdm9bUTuKQBbX6tTvKhqmy"}
{"level":"info","ts":1674066412557160674,"msg":"ar","Node":"12D3KooWGBmjmt6Am4j4CWyLRd36hqj1dDKstAyLaeePmEUt7cUp","Peer":"12D3KooWFJGAAPuFWEeZUVvSEs7dEGnzgCyBpVuYAx8R9WmSNMe7"}
{"level":"info","ts":1674066412569701008,"msg":"ar","Node":"12D3KooWGBmjmt6Am4j4CWyLRd36hqj1dDKstAyLaeePmEUt7cUp","Peer":"12D3KooWPgam4TzSVCRa4AbhxQnM9abCYR4E9hV57SN7eAjEYn1j"}
{"level":"info","ts":1674066412589827008,"msg":"ar","Node":"12D3KooWGBmjmt6Am4j4CWyLRd36hqj1dDKstAyLaeePmEUt7cUp","Peer":"12D3KooWNentwzsa1BpUkXPJWYBg3riYQ64XM9JUCfoVt4KqwKdw"}
{"level":"info","ts":1674066412595545674,"msg":"ar","Node":"12D3KooWGBmjmt6Am4j4CWyLRd36hqj1dDKstAyLaeePmEUt7cUp","Peer":"12D3KooWKwfWu3TQuPNRUfEjEYSANNDYvq2D2GuYdysyHcGHB58t"}
{"level":"info","ts":1674066412613973966,"msg":"ar","Node":"12D3KooWGBmjmt6Am4j4CWyLRd36hqj1dDKstAyLaeePmEUt7cUp","Peer":"12D3KooWQYz2inBsgiBoqNtmEn1qeRBr9B8cdishFuBgiARcfMcY"}
{"level":"info","ts":1674066412621950633,"msg":"ar","Node":"12D3KooWGBmjmt6Am4j4CWyLRd36hqj1dDKstAyLaeePmEUt7cUp","Peer":"12D3KooWK3agpH5Lx8HeCHbHfQq2APDdxHUo8Kft3fMqP2aTvoVH"}
{"level":"info","ts":1674066412641104174,"msg":"ar","Node":"12D3KooWGBmjmt6Am4j4CWyLRd36hqj1dDKstAyLaeePmEUt7cUp","Peer":"12D3KooWCUD1fJhtHsV93H6zZCwPZq5WBLsNTSWUW86EDykHrUgd"}
{"level":"info","ts":1674066412656088341,"msg":"ar","Node":"12D3KooWGBmjmt6Am4j4CWyLRd36hqj1dDKstAyLaeePmEUt7cUp","Peer":"12D3KooWHAFEHoQDaEe95P9y2w8Zh2tqb8QbF4gUmhmmWT1XNeTC"}
{"level":"info","ts":1674066412664752549,"msg":"ar","Node":"12D3KooWGBmjmt6Am4j4CWyLRd36hqj1dDKstAyLaeePmEUt7cUp","Peer":"12D3KooWSyUTnwQRmgAaT5hnnDiU9BENzaGGH4MNnT8iU138rjLw"}
{"level":"info","ts":1674066412666626174,"msg":"ar","Node":"12D3KooWGBmjmt6Am4j4CWyLRd36hqj1dDKstAyLaeePmEUt7cUp","Peer":"12D3KooWGVijKpKXAveYbcCXhe8DhrykfXaehwPM6mcSgagqXkEg"}
{"level":"info","ts":1674066412676850299,"msg":"ar","Node":"12D3KooWGBmjmt6Am4j4CWyLRd36hqj1dDKstAyLaeePmEUt7cUp","Peer":"12D3KooWSVahexScA4jt5HsavZut74osC2MWonEzXfNpPhhVj9eq"}
{"level":"info","ts":1674066412679956549,"msg":"ar","Node":"12D3KooWGBmjmt6Am4j4CWyLRd36hqj1dDKstAyLaeePmEUt7cUp","Peer":"12D3KooWM4yJB31d4hF2F9Vdwuj9WFo1qonoySyw4bVAQ9a9d21o"}
{"level":"info","ts":1674066412689210341,"msg":"ar","Node":"12D3KooWGBmjmt6Am4j4CWyLRd36hqj1dDKstAyLaeePmEUt7cUp","Peer":"12D3KooWGBv5oKekns7NunQ9FMNXihJvwyuELAcq84Z9Hxgc2PZh"}
{"level":"info","ts":1674066412696969966,"msg":"ar","Node":"12D3KooWGBmjmt6Am4j4CWyLRd36hqj1dDKstAyLaeePmEUt7cUp","Peer":"12D3KooWNEWRB7PnuZs164xaA9QWM3iZHekHyEQo5qGP5KCHHuSN"}
{"level":"info","ts":1674066412701799008,"msg":"ar","Node":"12D3KooWGBmjmt6Am4j4CWyLRd36hqj1dDKstAyLaeePmEUt7cUp","Peer":"12D3KooWHHzSeKaY8xuZVzkLbKFfvNgPPeKhFBGrMbNzbm5akpqu"}
{"level":"info","ts":1674066412713213299,"msg":"ar","Node":"12D3KooWGBmjmt6Am4j4CWyLRd36hqj1dDKstAyLaeePmEUt7cUp","Peer":"12D3KooWFB7QisaHRFaMwskj6JE4vuoruNMSRNL4pfL2WEReWzMd"}
{"level":"info","ts":1674066412726815174,"msg":"ar","Node":"12D3KooWGBmjmt6Am4j4CWyLRd36hqj1dDKstAyLaeePmEUt7cUp","Peer":"12D3KooWBremnqYWBDK6ctvCuhCqJAps5ZAPADu53gXhQHexrvtP"}
{"level":"info","ts":1674066412739157799,"msg":"ar","Node":"12D3KooWGBmjmt6Am4j4CWyLRd36hqj1dDKstAyLaeePmEUt7cUp","Peer":"12D3KooWE2N9kXfsBWLWYdtaX9uY7HxJTfFmVFQFxvUXCQ6bT883"}
{"level":"info","ts":1674066412770504466,"msg":"ar","Node":"12D3KooWGBmjmt6Am4j4CWyLRd36hqj1dDKstAyLaeePmEUt7cUp","Peer":"12D3KooWDf6Jpo3XnCHoQ7uXMpxS3RbZrysd9Z7iGWLqyQ8K87VZ"}
{"level":"info","ts":1674066412788459466,"msg":"ar","Node":"12D3KooWGBmjmt6Am4j4CWyLRd36hqj1dDKstAyLaeePmEUt7cUp","Peer":"12D3KooWEbZEADkMZvpYYcAkAk8Bmbe34HoH7uXwPEmzCCqVVppj"}
{"level":"info","ts":1674066412803976175,"msg":"ar","Node":"12D3KooWGBmjmt6Am4j4CWyLRd36hqj1dDKstAyLaeePmEUt7cUp","Peer":"12D3KooWGve8Xnd9qBGe7YSXskiD386LmWuWEhQjVhyLFQBiKou5"}
{"level":"info","ts":1674066412845746841,"msg":"ar","Node":"12D3KooWGBmjmt6Am4j4CWyLRd36hqj1dDKstAyLaeePmEUt7cUp","Peer":"12D3KooWCv935r3ropYhUe5yMCp9QiUoc9A6cZpYQ5x84DqEPbwb"}
{"level":"info","ts":1674066412865558175,"msg":"ar","Node":"12D3KooWGBmjmt6Am4j4CWyLRd36hqj1dDKstAyLaeePmEUt7cUp","Peer":"12D3KooWE4qDcRrueTuRYWUdQZgcy7APZqBngVeXRt4Y6ytHizKV"}
{"level":"info","ts":1674066412886816258,"msg":"ar","Node":"12D3KooWGBmjmt6Am4j4CWyLRd36hqj1dDKstAyLaeePmEUt7cUp","Peer":"12D3KooWEiCzB4bVxyxYwB7xpSvra1Yz1SB39kih4qHpFjDWoC9J"}
{"level":"info","ts":1674066412901484800,"msg":"ar","Node":"12D3KooWGBmjmt6Am4j4CWyLRd36hqj1dDKstAyLaeePmEUt7cUp","Peer":"12D3KooWH7AZDg4C1XecakNbagg7LaR3AHqyxr3obNismNfpW1U2"}
{"level":"info","ts":1674066412922092800,"msg":"ar","Node":"12D3KooWGBmjmt6Am4j4CWyLRd36hqj1dDKstAyLaeePmEUt7cUp","Peer":"12D3KooWRuYVGEsecrJJhZsSoKf1UNdBVYKFCmFLNj9ucZiSQCYj"}
{"level":"info","ts":1674066412934117716,"msg":"ar","Node":"12D3KooWGBmjmt6Am4j4CWyLRd36hqj1dDKstAyLaeePmEUt7cUp","Peer":"12D3KooWCR2EoapJjoQVR4E3NLjWn818gG3XizQ92Yx6C424HL2g"}
{"level":"info","ts":1674066412946727175,"msg":"ar","Node":"12D3KooWGBmjmt6Am4j4CWyLRd36hqj1dDKstAyLaeePmEUt7cUp","Peer":"12D3KooWGCvi3KESxsfJqabtDpZTviCeycABxLRtCPR7aQAdAwir"}
{"level":"info","ts":1674066412954466883,"msg":"ar","Node":"12D3KooWGBmjmt6Am4j4CWyLRd36hqj1dDKstAyLaeePmEUt7cUp","Peer":"12D3KooWBHDsBRbrf52fh6czkYXYY3tTk4fSfen3ZWvYEzFeHM2g"}
{"level":"info","ts":1674066412966951341,"msg":"ar","Node":"12D3KooWGBmjmt6Am4j4CWyLRd36hqj1dDKstAyLaeePmEUt7cUp","Peer":"12D3KooWPwVR5DRz8H7Qvmp1i7c3BmEJLsbXBvLBCDY5tikyx2yu"}
{"level":"info","ts":1674066412980564341,"msg":"ar","Node":"12D3KooWGBmjmt6Am4j4CWyLRd36hqj1dDKstAyLaeePmEUt7cUp","Peer":"12D3KooWKVutoujmd2QtYCFPk6WtyU9xvAgYxFXvqLVGcBHocnmG"}
{"level":"info","ts":1674066412984625466,"msg":"ar","Node":"12D3KooWGBmjmt6Am4j4CWyLRd36hqj1dDKstAyLaeePmEUt7cUp","Peer":"12D3KooWFqdBYPrtwErMosomvD4uRtVhXQdqqZZHC3NCBZYVxr4t"}
{"level":"info","ts":1674066413006407466,"msg":"ar","Node":"12D3KooWGBmjmt6Am4j4CWyLRd36hqj1dDKstAyLaeePmEUt7cUp","Peer":"12D3KooWPp1Xz8oHjyrMTi6fPeQAuEqpDGvv36EvHrjHqXUnEJvw"}
{"level":"info","ts":1674066413041964383,"msg":"ar","Node":"12D3KooWGBmjmt6Am4j4CWyLRd36hqj1dDKstAyLaeePmEUt7cUp","Peer":"12D3KooWL3XJ9EMCyZvmmGXL2LMiVBtrVa2BuESsJiXkSj7333Jw"}
{"level":"info","ts":1674066413047330633,"msg":"ar","Node":"12D3KooWGBmjmt6Am4j4CWyLRd36hqj1dDKstAyLaeePmEUt7cUp","Peer":"12D3KooWGFLL95aAHX7AJZzSn9vFY49znDxeaGPU14TKzrHP7ygU"}
{"level":"info","ts":1674066419696495844,"msg":"at","Node":"12D3KooWGBmjmt6Am4j4CWyLRd36hqj1dDKstAyLaeePmEUt7cUp","Peer":"12D3KooWKCz8coBHWrFr7Z3ZZekUTsZdm9bUTuKQBbX6tTvKhqmy"}
{"level":"info","ts":1674066419713465553,"msg":"at","Node":"12D3KooWGBmjmt6Am4j4CWyLRd36hqj1dDKstAyLaeePmEUt7cUp","Peer":"12D3KooWFJGAAPuFWEeZUVvSEs7dEGnzgCyBpVuYAx8R9WmSNMe7"}
{"level":"info","ts":1674066419740727053,"msg":"at","Node":"12D3KooWGBmjmt6Am4j4CWyLRd36hqj1dDKstAyLaeePmEUt7cUp","Peer":"12D3KooWPgam4TzSVCRa4AbhxQnM9abCYR4E9hV57SN7eAjEYn1j"}
{"level":"info","ts":1674066419749692095,"msg":"at","Node":"12D3KooWGBmjmt6Am4j4CWyLRd36hqj1dDKstAyLaeePmEUt7cUp","Peer":"12D3KooWNentwzsa1BpUkXPJWYBg3riYQ64XM9JUCfoVt4KqwKdw"}
{"level":"info","ts":1674066419756641095,"msg":"at","Node":"12D3KooWGBmjmt6Am4j4CWyLRd36hqj1dDKstAyLaeePmEUt7cUp","Peer":"12D3KooWKwfWu3TQuPNRUfEjEYSANNDYvq2D2GuYdysyHcGHB58t"}
{"level":"info","ts":1674066419759080636,"msg":"at","Node":"12D3KooWGBmjmt6Am4j4CWyLRd36hqj1dDKstAyLaeePmEUt7cUp","Peer":"12D3KooWQYz2inBsgiBoqNtmEn1qeRBr9B8cdishFuBgiARcfMcY"}
{"level":"info","ts":1674066419763296803,"msg":"at","Node":"12D3KooWGBmjmt6Am4j4CWyLRd36hqj1dDKstAyLaeePmEUt7cUp","Peer":"12D3KooWK3agpH5Lx8HeCHbHfQq2APDdxHUo8Kft3fMqP2aTvoVH"}
{"level":"info","ts":1674066419781542678,"msg":"at","Node":"12D3KooWGBmjmt6Am4j4CWyLRd36hqj1dDKstAyLaeePmEUt7cUp","Peer":"12D3KooWCUD1fJhtHsV93H6zZCwPZq5WBLsNTSWUW86EDykHrUgd"}
{"level":"info","ts":1674066419793544720,"msg":"at","Node":"12D3KooWGBmjmt6Am4j4CWyLRd36hqj1dDKstAyLaeePmEUt7cUp","Peer":"12D3KooWHAFEHoQDaEe95P9y2w8Zh2tqb8QbF4gUmhmmWT1XNeTC"}
{"level":"info","ts":1674066419797339220,"msg":"at","Node":"12D3KooWGBmjmt6Am4j4CWyLRd36hqj1dDKstAyLaeePmEUt7cUp","Peer":"12D3KooWSyUTnwQRmgAaT5hnnDiU9BENzaGGH4MNnT8iU138rjLw"}
{"level":"info","ts":1674066419800950011,"msg":"at","Node":"12D3KooWGBmjmt6Am4j4CWyLRd36hqj1dDKstAyLaeePmEUt7cUp","Peer":"12D3KooWGVijKpKXAveYbcCXhe8DhrykfXaehwPM6mcSgagqXkEg"}
{"level":"info","ts":1674066419811209845,"msg":"at","Node":"12D3KooWGBmjmt6Am4j4CWyLRd36hqj1dDKstAyLaeePmEUt7cUp","Peer":"12D3KooWSVahexScA4jt5HsavZut74osC2MWonEzXfNpPhhVj9eq"}
{"level":"info","ts":1674066419829087345,"msg":"at","Node":"12D3KooWGBmjmt6Am4j4CWyLRd36hqj1dDKstAyLaeePmEUt7cUp","Peer":"12D3KooWM4yJB31d4hF2F9Vdwuj9WFo1qonoySyw4bVAQ9a9d21o"}
{"level":"info","ts":1674066419834928136,"msg":"at","Node":"12D3KooWGBmjmt6Am4j4CWyLRd36hqj1dDKstAyLaeePmEUt7cUp","Peer":"12D3KooWGBv5oKekns7NunQ9FMNXihJvwyuELAcq84Z9Hxgc2PZh"}
{"level":"info","ts":1674066419844808845,"msg":"at","Node":"12D3KooWGBmjmt6Am4j4CWyLRd36hqj1dDKstAyLaeePmEUt7cUp","Peer":"12D3KooWNEWRB7PnuZs164xaA9QWM3iZHekHyEQo5qGP5KCHHuSN"}
{"level":"info","ts":1674066419849529261,"msg":"at","Node":"12D3KooWGBmjmt6Am4j4CWyLRd36hqj1dDKstAyLaeePmEUt7cUp","Peer":"12D3KooWHHzSeKaY8xuZVzkLbKFfvNgPPeKhFBGrMbNzbm5akpqu"}
{"level":"info","ts":1674066419860601136,"msg":"at","Node":"12D3KooWGBmjmt6Am4j4CWyLRd36hqj1dDKstAyLaeePmEUt7cUp","Peer":"12D3KooWFB7QisaHRFaMwskj6JE4vuoruNMSRNL4pfL2WEReWzMd"}
{"level":"info","ts":1674066419870170303,"msg":"at","Node":"12D3KooWGBmjmt6Am4j4CWyLRd36hqj1dDKstAyLaeePmEUt7cUp","Peer":"12D3KooWBremnqYWBDK6ctvCuhCqJAps5ZAPADu53gXhQHexrvtP"}
{"level":"info","ts":1674066419892076970,"msg":"at","Node":"12D3KooWGBmjmt6Am4j4CWyLRd36hqj1dDKstAyLaeePmEUt7cUp","Peer":"12D3KooWE2N9kXfsBWLWYdtaX9uY7HxJTfFmVFQFxvUXCQ6bT883"}
{"level":"info","ts":1674066419899630136,"msg":"at","Node":"12D3KooWGBmjmt6Am4j4CWyLRd36hqj1dDKstAyLaeePmEUt7cUp","Peer":"12D3KooWDf6Jpo3XnCHoQ7uXMpxS3RbZrysd9Z7iGWLqyQ8K87VZ"}
{"level":"info","ts":1674066419939020178,"msg":"at","Node":"12D3KooWGBmjmt6Am4j4CWyLRd36hqj1dDKstAyLaeePmEUt7cUp","Peer":"12D3KooWEbZEADkMZvpYYcAkAk8Bmbe34HoH7uXwPEmzCCqVVppj"}
{"level":"info","ts":1674066419969080053,"msg":"at","Node":"12D3KooWGBmjmt6Am4j4CWyLRd36hqj1dDKstAyLaeePmEUt7cUp","Peer":"12D3KooWGve8Xnd9qBGe7YSXskiD386LmWuWEhQjVhyLFQBiKou5"}
{"level":"info","ts":1674066419979672386,"msg":"at","Node":"12D3KooWGBmjmt6Am4j4CWyLRd36hqj1dDKstAyLaeePmEUt7cUp","Peer":"12D3KooWCv935r3ropYhUe5yMCp9QiUoc9A6cZpYQ5x84DqEPbwb"}
{"level":"info","ts":1674066419991903511,"msg":"at","Node":"12D3KooWGBmjmt6Am4j4CWyLRd36hqj1dDKstAyLaeePmEUt7cUp","Peer":"12D3KooWE4qDcRrueTuRYWUdQZgcy7APZqBngVeXRt4Y6ytHizKV"}
{"level":"info","ts":1674066419997998553,"msg":"at","Node":"12D3KooWGBmjmt6Am4j4CWyLRd36hqj1dDKstAyLaeePmEUt7cUp","Peer":"12D3KooWEiCzB4bVxyxYwB7xpSvra1Yz1SB39kih4qHpFjDWoC9J"}
{"level":"info","ts":1674066420036129845,"msg":"at","Node":"12D3KooWGBmjmt6Am4j4CWyLRd36hqj1dDKstAyLaeePmEUt7cUp","Peer":"12D3KooWH7AZDg4C1XecakNbagg7LaR3AHqyxr3obNismNfpW1U2"}
{"level":"info","ts":1674066420067025095,"msg":"at","Node":"12D3KooWGBmjmt6Am4j4CWyLRd36hqj1dDKstAyLaeePmEUt7cUp","Peer":"12D3KooWRuYVGEsecrJJhZsSoKf1UNdBVYKFCmFLNj9ucZiSQCYj"}
{"level":"info","ts":1674066420089932178,"msg":"at","Node":"12D3KooWGBmjmt6Am4j4CWyLRd36hqj1dDKstAyLaeePmEUt7cUp","Peer":"12D3KooWCR2EoapJjoQVR4E3NLjWn818gG3XizQ92Yx6C424HL2g"}
{"level":"info","ts":1674066420102657595,"msg":"at","Node":"12D3KooWGBmjmt6Am4j4CWyLRd36hqj1dDKstAyLaeePmEUt7cUp","Peer":"12D3KooWGCvi3KESxsfJqabtDpZTviCeycABxLRtCPR7aQAdAwir"}
{"level":"info","ts":1674066420126666345,"msg":"at","Node":"12D3KooWGBmjmt6Am4j4CWyLRd36hqj1dDKstAyLaeePmEUt7cUp","Peer":"12D3KooWBHDsBRbrf52fh6czkYXYY3tTk4fSfen3ZWvYEzFeHM2g"}
{"level":"info","ts":1674066420135767803,"msg":"at","Node":"12D3KooWGBmjmt6Am4j4CWyLRd36hqj1dDKstAyLaeePmEUt7cUp","Peer":"12D3KooWPwVR5DRz8H7Qvmp1i7c3BmEJLsbXBvLBCDY5tikyx2yu"}
{"level":"info","ts":1674066420145134511,"msg":"at","Node":"12D3KooWGBmjmt6Am4j4CWyLRd36hqj1dDKstAyLaeePmEUt7cUp","Peer":"12D3KooWKVutoujmd2QtYCFPk6WtyU9xvAgYxFXvqLVGcBHocnmG"}
{"level":"info","ts":1674066420151226678,"msg":"at","Node":"12D3KooWGBmjmt6Am4j4CWyLRd36hqj1dDKstAyLaeePmEUt7cUp","Peer":"12D3KooWFqdBYPrtwErMosomvD4uRtVhXQdqqZZHC3NCBZYVxr4t"}
{"level":"info","ts":1674066420165967678,"msg":"at","Node":"12D3KooWGBmjmt6Am4j4CWyLRd36hqj1dDKstAyLaeePmEUt7cUp","Peer":"12D3KooWPp1Xz8oHjyrMTi6fPeQAuEqpDGvv36EvHrjHqXUnEJvw"}
{"level":"info","ts":1674066420189475053,"msg":"at","Node":"12D3KooWGBmjmt6Am4j4CWyLRd36hqj1dDKstAyLaeePmEUt7cUp","Peer":"12D3KooWL3XJ9EMCyZvmmGXL2LMiVBtrVa2BuESsJiXkSj7333Jw"}
{"level":"info","ts":1674066420202599178,"msg":"at","Node":"12D3KooWGBmjmt6Am4j4CWyLRd36hqj1dDKstAyLaeePmEUt7cUp","Peer":"12D3KooWGFLL95aAHX7AJZzSn9vFY49znDxeaGPU14TKzrHP7ygU"}
{"level":"info","ts":1674066420626460137,"msg":"ab","Node":"12D3KooWGBmjmt6Am4j4CWyLRd36hqj1dDKstAyLaeePmEUt7cUp","Peer":"12D3KooWKCz8coBHWrFr7Z3ZZekUTsZdm9bUTuKQBbX6tTvKhqmy"}
{"level":"info","ts":1674066420632224053,"msg":"ab","Node":"12D3KooWGBmjmt6Am4j4CWyLRd36hqj1dDKstAyLaeePmEUt7cUp","Peer":"12D3KooWFJGAAPuFWEeZUVvSEs7dEGnzgCyBpVuYAx8R9WmSNMe7"}
{"level":"info","ts":1674066420656462678,"msg":"ab","Node":"12D3KooWGBmjmt6Am4j4CWyLRd36hqj1dDKstAyLaeePmEUt7cUp","Peer":"12D3KooWPgam4TzSVCRa4AbhxQnM9abCYR4E9hV57SN7eAjEYn1j"}
{"level":"info","ts":1674066420665836762,"msg":"ab","Node":"12D3KooWGBmjmt6Am4j4CWyLRd36hqj1dDKstAyLaeePmEUt7cUp","Peer":"12D3KooWNentwzsa1BpUkXPJWYBg3riYQ64XM9JUCfoVt4KqwKdw"}
{"level":"info","ts":1674066420676817012,"msg":"ab","Node":"12D3KooWGBmjmt6Am4j4CWyLRd36hqj1dDKstAyLaeePmEUt7cUp","Peer":"12D3KooWKwfWu3TQuPNRUfEjEYSANNDYvq2D2GuYdysyHcGHB58t"}
{"level":"info","ts":1674066420681995095,"msg":"ab","Node":"12D3KooWGBmjmt6Am4j4CWyLRd36hqj1dDKstAyLaeePmEUt7cUp","Peer":"12D3KooWQYz2inBsgiBoqNtmEn1qeRBr9B8cdishFuBgiARcfMcY"}
{"level":"info","ts":1674066420691674845,"msg":"ab","Node":"12D3KooWGBmjmt6Am4j4CWyLRd36hqj1dDKstAyLaeePmEUt7cUp","Peer":"12D3KooWK3agpH5Lx8HeCHbHfQq2APDdxHUo8Kft3fMqP2aTvoVH"}
{"level":"info","ts":1674066420705030053,"msg":"ab","Node":"12D3KooWGBmjmt6Am4j4CWyLRd36hqj1dDKstAyLaeePmEUt7cUp","Peer":"12D3KooWCUD1fJhtHsV93H6zZCwPZq5WBLsNTSWUW86EDykHrUgd"}
{"level":"info","ts":1674066420760842887,"msg":"ab","Node":"12D3KooWGBmjmt6Am4j4CWyLRd36hqj1dDKstAyLaeePmEUt7cUp","Peer":"12D3KooWHAFEHoQDaEe95P9y2w8Zh2tqb8QbF4gUmhmmWT1XNeTC"}
{"level":"info","ts":1674066420770651262,"msg":"ab","Node":"12D3KooWGBmjmt6Am4j4CWyLRd36hqj1dDKstAyLaeePmEUt7cUp","Peer":"12D3KooWSyUTnwQRmgAaT5hnnDiU9BENzaGGH4MNnT8iU138rjLw"}
{"level":"info","ts":1674066420775642137,"msg":"ab","Node":"12D3KooWGBmjmt6Am4j4CWyLRd36hqj1dDKstAyLaeePmEUt7cUp","Peer":"12D3KooWGVijKpKXAveYbcCXhe8DhrykfXaehwPM6mcSgagqXkEg"}
{"level":"info","ts":1674066420792925470,"msg":"ab","Node":"12D3KooWGBmjmt6Am4j4CWyLRd36hqj1dDKstAyLaeePmEUt7cUp","Peer":"12D3KooWSVahexScA4jt5HsavZut74osC2MWonEzXfNpPhhVj9eq"}
{"level":"info","ts":1674066420808454887,"msg":"ab","Node":"12D3KooWGBmjmt6Am4j4CWyLRd36hqj1dDKstAyLaeePmEUt7cUp","Peer":"12D3KooWM4yJB31d4hF2F9Vdwuj9WFo1qonoySyw4bVAQ9a9d21o"}
{"level":"info","ts":1674066420825550095,"msg":"ab","Node":"12D3KooWGBmjmt6Am4j4CWyLRd36hqj1dDKstAyLaeePmEUt7cUp","Peer":"12D3KooWGBv5oKekns7NunQ9FMNXihJvwyuELAcq84Z9Hxgc2PZh"}
{"level":"info","ts":1674066420856609470,"msg":"ab","Node":"12D3KooWGBmjmt6Am4j4CWyLRd36hqj1dDKstAyLaeePmEUt7cUp","Peer":"12D3KooWNEWRB7PnuZs164xaA9QWM3iZHekHyEQo5qGP5KCHHuSN"}
{"level":"info","ts":1674066420869540595,"msg":"ab","Node":"12D3KooWGBmjmt6Am4j4CWyLRd36hqj1dDKstAyLaeePmEUt7cUp","Peer":"12D3KooWHHzSeKaY8xuZVzkLbKFfvNgPPeKhFBGrMbNzbm5akpqu"}
{"level":"info","ts":1674066420886166637,"msg":"ab","Node":"12D3KooWGBmjmt6Am4j4CWyLRd36hqj1dDKstAyLaeePmEUt7cUp","Peer":"12D3KooWFB7QisaHRFaMwskj6JE4vuoruNMSRNL4pfL2WEReWzMd"}
{"level":"info","ts":1674066420898766220,"msg":"ab","Node":"12D3KooWGBmjmt6Am4j4CWyLRd36hqj1dDKstAyLaeePmEUt7cUp","Peer":"12D3KooWBremnqYWBDK6ctvCuhCqJAps5ZAPADu53gXhQHexrvtP"}
{"level":"info","ts":1674066420908236470,"msg":"ab","Node":"12D3KooWGBmjmt6Am4j4CWyLRd36hqj1dDKstAyLaeePmEUt7cUp","Peer":"12D3KooWE2N9kXfsBWLWYdtaX9uY7HxJTfFmVFQFxvUXCQ6bT883"}
{"level":"info","ts":1674066420917177637,"msg":"ab","Node":"12D3KooWGBmjmt6Am4j4CWyLRd36hqj1dDKstAyLaeePmEUt7cUp","Peer":"12D3KooWDf6Jpo3XnCHoQ7uXMpxS3RbZrysd9Z7iGWLqyQ8K87VZ"}
{"level":"info","ts":1674066420923010845,"msg":"ab","Node":"12D3KooWGBmjmt6Am4j4CWyLRd36hqj1dDKstAyLaeePmEUt7cUp","Peer":"12D3KooWEbZEADkMZvpYYcAkAk8Bmbe34HoH7uXwPEmzCCqVVppj"}
{"level":"info","ts":1674066420933676470,"msg":"ab","Node":"12D3KooWGBmjmt6Am4j4CWyLRd36hqj1dDKstAyLaeePmEUt7cUp","Peer":"12D3KooWGve8Xnd9qBGe7YSXskiD386LmWuWEhQjVhyLFQBiKou5"}
{"level":"info","ts":1674066420951474553,"msg":"ab","Node":"12D3KooWGBmjmt6Am4j4CWyLRd36hqj1dDKstAyLaeePmEUt7cUp","Peer":"12D3KooWCv935r3ropYhUe5yMCp9QiUoc9A6cZpYQ5x84DqEPbwb"}
{"level":"info","ts":1674066420964465178,"msg":"ab","Node":"12D3KooWGBmjmt6Am4j4CWyLRd36hqj1dDKstAyLaeePmEUt7cUp","Peer":"12D3KooWE4qDcRrueTuRYWUdQZgcy7APZqBngVeXRt4Y6ytHizKV"}
{"level":"info","ts":1674066420979611012,"msg":"ab","Node":"12D3KooWGBmjmt6Am4j4CWyLRd36hqj1dDKstAyLaeePmEUt7cUp","Peer":"12D3KooWEiCzB4bVxyxYwB7xpSvra1Yz1SB39kih4qHpFjDWoC9J"}
{"level":"info","ts":1674066420990676637,"msg":"ab","Node":"12D3KooWGBmjmt6Am4j4CWyLRd36hqj1dDKstAyLaeePmEUt7cUp","Peer":"12D3KooWH7AZDg4C1XecakNbagg7LaR3AHqyxr3obNismNfpW1U2"}
{"level":"info","ts":1674066421010189928,"msg":"ab","Node":"12D3KooWGBmjmt6Am4j4CWyLRd36hqj1dDKstAyLaeePmEUt7cUp","Peer":"12D3KooWRuYVGEsecrJJhZsSoKf1UNdBVYKFCmFLNj9ucZiSQCYj"}
{"level":"info","ts":1674066421017716345,"msg":"ab","Node":"12D3KooWGBmjmt6Am4j4CWyLRd36hqj1dDKstAyLaeePmEUt7cUp","Peer":"12D3KooWCR2EoapJjoQVR4E3NLjWn818gG3XizQ92Yx6C424HL2g"}
{"level":"info","ts":1674066421034764637,"msg":"ab","Node":"12D3KooWGBmjmt6Am4j4CWyLRd36hqj1dDKstAyLaeePmEUt7cUp","Peer":"12D3KooWGCvi3KESxsfJqabtDpZTviCeycABxLRtCPR7aQAdAwir"}
{"level":"info","ts":1674066421051984012,"msg":"ab","Node":"12D3KooWGBmjmt6Am4j4CWyLRd36hqj1dDKstAyLaeePmEUt7cUp","Peer":"12D3KooWBHDsBRbrf52fh6czkYXYY3tTk4fSfen3ZWvYEzFeHM2g"}
{"level":"info","ts":1674066421103548428,"msg":"ab","Node":"12D3KooWGBmjmt6Am4j4CWyLRd36hqj1dDKstAyLaeePmEUt7cUp","Peer":"12D3KooWPwVR5DRz8H7Qvmp1i7c3BmEJLsbXBvLBCDY5tikyx2yu"}
{"level":"info","ts":1674066421141049470,"msg":"ab","Node":"12D3KooWGBmjmt6Am4j4CWyLRd36hqj1dDKstAyLaeePmEUt7cUp","Peer":"12D3KooWKVutoujmd2QtYCFPk6WtyU9xvAgYxFXvqLVGcBHocnmG"}
{"level":"info","ts":1674066421153536554,"msg":"ab","Node":"12D3KooWGBmjmt6Am4j4CWyLRd36hqj1dDKstAyLaeePmEUt7cUp","Peer":"12D3KooWFqdBYPrtwErMosomvD4uRtVhXQdqqZZHC3NCBZYVxr4t"}
{"level":"info","ts":1674066421200062429,"msg":"ab","Node":"12D3KooWGBmjmt6Am4j4CWyLRd36hqj1dDKstAyLaeePmEUt7cUp","Peer":"12D3KooWPp1Xz8oHjyrMTi6fPeQAuEqpDGvv36EvHrjHqXUnEJvw"}
{"level":"info","ts":1674066421208973512,"msg":"ab","Node":"12D3KooWGBmjmt6Am4j4CWyLRd36hqj1dDKstAyLaeePmEUt7cUp","Peer":"12D3KooWL3XJ9EMCyZvmmGXL2LMiVBtrVa2BuESsJiXkSj7333Jw"}
{"level":"info","ts":1674066421245986470,"msg":"ab","Node":"12D3KooWGBmjmt6Am4j4CWyLRd36hqj1dDKstAyLaeePmEUt7cUp","Peer":"12D3KooWGFLL95aAHX7AJZzSn9vFY49znDxeaGPU14TKzrHP7ygU"}
{"level":"info","ts":1674066467228989505,"msg":"after_provide","Node":"12D3KooWGBmjmt6Am4j4CWyLRd36hqj1dDKstAyLaeePmEUt7cUp","Peer":"12D3KooWKCz8coBHWrFr7Z3ZZekUTsZdm9bUTuKQBbX6tTvKhqmy"}
{"level":"info","ts":1674066467242850505,"msg":"after_provide","Node":"12D3KooWGBmjmt6Am4j4CWyLRd36hqj1dDKstAyLaeePmEUt7cUp","Peer":"12D3KooWFJGAAPuFWEeZUVvSEs7dEGnzgCyBpVuYAx8R9WmSNMe7"}
{"level":"info","ts":1674066467252916172,"msg":"after_provide","Node":"12D3KooWGBmjmt6Am4j4CWyLRd36hqj1dDKstAyLaeePmEUt7cUp","Peer":"12D3KooWPgam4TzSVCRa4AbhxQnM9abCYR4E9hV57SN7eAjEYn1j"}
{"level":"info","ts":1674066467259744214,"msg":"after_provide","Node":"12D3KooWGBmjmt6Am4j4CWyLRd36hqj1dDKstAyLaeePmEUt7cUp","Peer":"12D3KooWNentwzsa1BpUkXPJWYBg3riYQ64XM9JUCfoVt4KqwKdw"}
{"level":"info","ts":1674066467282288755,"msg":"after_provide","Node":"12D3KooWGBmjmt6Am4j4CWyLRd36hqj1dDKstAyLaeePmEUt7cUp","Peer":"12D3KooWKwfWu3TQuPNRUfEjEYSANNDYvq2D2GuYdysyHcGHB58t"}
{"level":"info","ts":1674066467305653380,"msg":"after_provide","Node":"12D3KooWGBmjmt6Am4j4CWyLRd36hqj1dDKstAyLaeePmEUt7cUp","Peer":"12D3KooWQYz2inBsgiBoqNtmEn1qeRBr9B8cdishFuBgiARcfMcY"}
{"level":"info","ts":1674066467317002214,"msg":"after_provide","Node":"12D3KooWGBmjmt6Am4j4CWyLRd36hqj1dDKstAyLaeePmEUt7cUp","Peer":"12D3KooWK3agpH5Lx8HeCHbHfQq2APDdxHUo8Kft3fMqP2aTvoVH"}
{"level":"info","ts":1674066467329811214,"msg":"after_provide","Node":"12D3KooWGBmjmt6Am4j4CWyLRd36hqj1dDKstAyLaeePmEUt7cUp","Peer":"12D3KooWCUD1fJhtHsV93H6zZCwPZq5WBLsNTSWUW86EDykHrUgd"}
{"level":"info","ts":1674066467339808630,"msg":"after_provide","Node":"12D3KooWGBmjmt6Am4j4CWyLRd36hqj1dDKstAyLaeePmEUt7cUp","Peer":"12D3KooWHAFEHoQDaEe95P9y2w8Zh2tqb8QbF4gUmhmmWT1XNeTC"}
{"level":"info","ts":1674066467348223380,"msg":"after_provide","Node":"12D3KooWGBmjmt6Am4j4CWyLRd36hqj1dDKstAyLaeePmEUt7cUp","Peer":"12D3KooWSyUTnwQRmgAaT5hnnDiU9BENzaGGH4MNnT8iU138rjLw"}
{"level":"info","ts":1674066467368685964,"msg":"after_provide","Node":"12D3KooWGBmjmt6Am4j4CWyLRd36hqj1dDKstAyLaeePmEUt7cUp","Peer":"12D3KooWHHzSeKaY8xuZVzkLbKFfvNgPPeKhFBGrMbNzbm5akpqu"}
{"level":"info","ts":1674066467382913172,"msg":"after_provide","Node":"12D3KooWGBmjmt6Am4j4CWyLRd36hqj1dDKstAyLaeePmEUt7cUp","Peer":"12D3KooWGVijKpKXAveYbcCXhe8DhrykfXaehwPM6mcSgagqXkEg"}
{"level":"info","ts":1674066467396018172,"msg":"after_provide","Node":"12D3KooWGBmjmt6Am4j4CWyLRd36hqj1dDKstAyLaeePmEUt7cUp","Peer":"12D3KooWSVahexScA4jt5HsavZut74osC2MWonEzXfNpPhhVj9eq"}
{"level":"info","ts":1674066467411563297,"msg":"after_provide","Node":"12D3KooWGBmjmt6Am4j4CWyLRd36hqj1dDKstAyLaeePmEUt7cUp","Peer":"12D3KooWM4yJB31d4hF2F9Vdwuj9WFo1qonoySyw4bVAQ9a9d21o"}
{"level":"info","ts":1674066467420890505,"msg":"after_provide","Node":"12D3KooWGBmjmt6Am4j4CWyLRd36hqj1dDKstAyLaeePmEUt7cUp","Peer":"12D3KooWGBv5oKekns7NunQ9FMNXihJvwyuELAcq84Z9Hxgc2PZh"}
{"level":"info","ts":1674066467435109130,"msg":"after_provide","Node":"12D3KooWGBmjmt6Am4j4CWyLRd36hqj1dDKstAyLaeePmEUt7cUp","Peer":"12D3KooWNEWRB7PnuZs164xaA9QWM3iZHekHyEQo5qGP5KCHHuSN"}
{"level":"info","ts":1674066467450290505,"msg":"after_provide","Node":"12D3KooWGBmjmt6Am4j4CWyLRd36hqj1dDKstAyLaeePmEUt7cUp","Peer":"12D3KooWFB7QisaHRFaMwskj6JE4vuoruNMSRNL4pfL2WEReWzMd"}
{"level":"info","ts":1674066467490793339,"msg":"after_provide","Node":"12D3KooWGBmjmt6Am4j4CWyLRd36hqj1dDKstAyLaeePmEUt7cUp","Peer":"12D3KooWBremnqYWBDK6ctvCuhCqJAps5ZAPADu53gXhQHexrvtP"}
{"level":"info","ts":1674066467505016047,"msg":"after_provide","Node":"12D3KooWGBmjmt6Am4j4CWyLRd36hqj1dDKstAyLaeePmEUt7cUp","Peer":"12D3KooWE2N9kXfsBWLWYdtaX9uY7HxJTfFmVFQFxvUXCQ6bT883"}
{"level":"info","ts":1674066467549583880,"msg":"after_provide","Node":"12D3KooWGBmjmt6Am4j4CWyLRd36hqj1dDKstAyLaeePmEUt7cUp","Peer":"12D3KooWDf6Jpo3XnCHoQ7uXMpxS3RbZrysd9Z7iGWLqyQ8K87VZ"}
{"level":"info","ts":1674066467574561922,"msg":"after_provide","Node":"12D3KooWGBmjmt6Am4j4CWyLRd36hqj1dDKstAyLaeePmEUt7cUp","Peer":"12D3KooWEiCzB4bVxyxYwB7xpSvra1Yz1SB39kih4qHpFjDWoC9J"}
{"level":"info","ts":1674066467656346880,"msg":"after_provide","Node":"12D3KooWGBmjmt6Am4j4CWyLRd36hqj1dDKstAyLaeePmEUt7cUp","Peer":"12D3KooWEbZEADkMZvpYYcAkAk8Bmbe34HoH7uXwPEmzCCqVVppj"}
{"level":"info","ts":1674066467661674172,"msg":"after_provide","Node":"12D3KooWGBmjmt6Am4j4CWyLRd36hqj1dDKstAyLaeePmEUt7cUp","Peer":"12D3KooWGve8Xnd9qBGe7YSXskiD386LmWuWEhQjVhyLFQBiKou5"}
{"level":"info","ts":1674066467668638047,"msg":"after_provide","Node":"12D3KooWGBmjmt6Am4j4CWyLRd36hqj1dDKstAyLaeePmEUt7cUp","Peer":"12D3KooWCv935r3ropYhUe5yMCp9QiUoc9A6cZpYQ5x84DqEPbwb"}
{"level":"info","ts":1674066467690816755,"msg":"after_provide","Node":"12D3KooWGBmjmt6Am4j4CWyLRd36hqj1dDKstAyLaeePmEUt7cUp","Peer":"12D3KooWE4qDcRrueTuRYWUdQZgcy7APZqBngVeXRt4Y6ytHizKV"}
{"level":"info","ts":1674066467722138630,"msg":"after_provide","Node":"12D3KooWGBmjmt6Am4j4CWyLRd36hqj1dDKstAyLaeePmEUt7cUp","Peer":"12D3KooWH7AZDg4C1XecakNbagg7LaR3AHqyxr3obNismNfpW1U2"}
{"level":"info","ts":1674066467734791172,"msg":"after_provide","Node":"12D3KooWGBmjmt6Am4j4CWyLRd36hqj1dDKstAyLaeePmEUt7cUp","Peer":"12D3KooWRuYVGEsecrJJhZsSoKf1UNdBVYKFCmFLNj9ucZiSQCYj"}
{"level":"info","ts":1674066467740073214,"msg":"after_provide","Node":"12D3KooWGBmjmt6Am4j4CWyLRd36hqj1dDKstAyLaeePmEUt7cUp","Peer":"12D3KooWCR2EoapJjoQVR4E3NLjWn818gG3XizQ92Yx6C424HL2g"}
{"level":"info","ts":1674066467769616089,"msg":"after_provide","Node":"12D3KooWGBmjmt6Am4j4CWyLRd36hqj1dDKstAyLaeePmEUt7cUp","Peer":"12D3KooWGCvi3KESxsfJqabtDpZTviCeycABxLRtCPR7aQAdAwir"}
{"level":"info","ts":1674066467793573297,"msg":"after_provide","Node":"12D3KooWGBmjmt6Am4j4CWyLRd36hqj1dDKstAyLaeePmEUt7cUp","Peer":"12D3KooWBHDsBRbrf52fh6czkYXYY3tTk4fSfen3ZWvYEzFeHM2g"}
{"level":"info","ts":1674066467815691797,"msg":"after_provide","Node":"12D3KooWGBmjmt6Am4j4CWyLRd36hqj1dDKstAyLaeePmEUt7cUp","Peer":"12D3KooWPwVR5DRz8H7Qvmp1i7c3BmEJLsbXBvLBCDY5tikyx2yu"}
{"level":"info","ts":1674066467820264505,"msg":"after_provide","Node":"12D3KooWGBmjmt6Am4j4CWyLRd36hqj1dDKstAyLaeePmEUt7cUp","Peer":"12D3KooWKVutoujmd2QtYCFPk6WtyU9xvAgYxFXvqLVGcBHocnmG"}
{"level":"info","ts":1674066467828307589,"msg":"after_provide","Node":"12D3KooWGBmjmt6Am4j4CWyLRd36hqj1dDKstAyLaeePmEUt7cUp","Peer":"12D3KooWFqdBYPrtwErMosomvD4uRtVhXQdqqZZHC3NCBZYVxr4t"}
{"level":"info","ts":1674066467839855797,"msg":"after_provide","Node":"12D3KooWGBmjmt6Am4j4CWyLRd36hqj1dDKstAyLaeePmEUt7cUp","Peer":"12D3KooWPp1Xz8oHjyrMTi6fPeQAuEqpDGvv36EvHrjHqXUnEJvw"}
{"level":"info","ts":1674066467845610755,"msg":"after_provide","Node":"12D3KooWGBmjmt6Am4j4CWyLRd36hqj1dDKstAyLaeePmEUt7cUp","Peer":"12D3KooWL3XJ9EMCyZvmmGXL2LMiVBtrVa2BuESsJiXkSj7333Jw"}
{"level":"info","ts":1674066467865521922,"msg":"after_provide","Node":"12D3KooWGBmjmt6Am4j4CWyLRd36hqj1dDKstAyLaeePmEUt7cUp","Peer":"12D3KooWGFLL95aAHX7AJZzSn9vFY49znDxeaGPU14TKzrHP7ygU"}
