{"ts":1674237062993731297,"msg":"","group_id":"cypress-provider","run_id":"cf5d84nrirfvjf9ah5v0","event":{"message_event":{"message":"registering default http handler at: http://[::]:6060/ (pprof: http://[::]:6060/debug/pprof/)"}}}
{"ts":1674237063024182422,"msg":"","group_id":"cypress-provider","run_id":"cf5d84nrirfvjf9ah5v0","event":{"start_event":{"runenv":{"plan":"dht","case":"find-providers","run":"cf5d84nrirfvjf9ah5v0","params":{"alpha":"6","auto_refresh":"true","beta":"3","bootstrapper":"true","bs_strategy":"3","bucket_size":"10","client_mode":"false","datastore":"0","expect_dht":"true","group_order":"1","latency":"100","peer_id_seed":"0","random_walk":"false","record_count":"5","record_seed":"0","search_records":"true","timeout_secs":"2000","undialable":"false"},"instances":50,"outputs_path":"/outputs","temp_path":"/temp","network":"16.85.0.0/16","group":"cypress-provider","group_instances":50}}}}
{"ts":1674237063135698922,"msg":"","group_id":"cypress-provider","run_id":"cf5d84nrirfvjf9ah5v0","event":{"message_event":{"message":"waiting for network to initialize"}}}
{"ts":1674237073852383052,"msg":"","group_id":"cypress-provider","run_id":"cf5d84nrirfvjf9ah5v0","event":{"message_event":{"message":"network initialisation successful"}}}
{"ts":1674237073917274552,"msg":"","group_id":"cypress-provider","run_id":"cf5d84nrirfvjf9ah5v0","event":{"message_event":{"message":"network initialization complete"}}}
{"ts":1674237073957026094,"msg":"","group_id":"cypress-provider","run_id":"cf5d84nrirfvjf9ah5v0","event":{"message_event":{"message":"claimed sequence numbers; global=17, group(cypress-provider)=16"}}}
{"ts":1674237074012710260,"msg":"","group_id":"cypress-provider","run_id":"cf5d84nrirfvjf9ah5v0","event":{"message_event":{"message":"Finding providers"}}}
{"ts":1674237074563676761,"msg":"","group_id":"cypress-provider","run_id":"cf5d84nrirfvjf9ah5v0","event":{"message_event":{"message":"network initialisation successful"}}}
{"ts":1674237075130812094,"msg":"","group_id":"cypress-provider","run_id":"cf5d84nrirfvjf9ah5v0","event":{"message_event":{"message":"SetupNetwork, network setup completed"}}}
{"ts":1674237076185371845,"msg":"","group_id":"cypress-provider","run_id":"cf5d84nrirfvjf9ah5v0","event":{"message_event":{"message":"there are 1 groups map[cypress-provider:0x4000172c60]"}}}
{"ts":1674237076214690970,"msg":"","group_id":"cypress-provider","run_id":"cf5d84nrirfvjf9ah5v0","event":{"message_event":{"message":"setGroupInfo, sortedGroup:%!(EXTRA []string=[cypress-provider])"}}}
{"ts":1674237076264707678,"msg":"","group_id":"cypress-provider","run_id":"cf5d84nrirfvjf9ah5v0","event":{"message_event":{"message":"past group info"}}}
{"ts":1674237076306798595,"msg":"","group_id":"cypress-provider","run_id":"cf5d84nrirfvjf9ah5v0","event":{"message_event":{"message":"connmgr parameters: hi=12, lo=6"}}}
{"ts":1674237076367821886,"msg":"","group_id":"cypress-provider","run_id":"cf5d84nrirfvjf9ah5v0","event":{"message_event":{"message":"creating DHT"}}}
{"ts":1674237076421321511,"msg":"","group_id":"cypress-provider","run_id":"cf5d84nrirfvjf9ah5v0","event":{"message_event":{"message":"creating DHT successful"}}}
{"ts":1674237076425483095,"msg":"","group_id":"cypress-provider","run_id":"cf5d84nrirfvjf9ah5v0","event":{"message_event":{"message":"supporting protocol:%!(EXTRA string=/p2p/id/delta/1.0.0)"}}}
{"ts":1674237076442655303,"msg":"","group_id":"cypress-provider","run_id":"cf5d84nrirfvjf9ah5v0","event":{"message_event":{"message":"supporting protocol:%!(EXTRA string=/ipfs/id/1.0.0)"}}}
{"ts":1674237076481152011,"msg":"","group_id":"cypress-provider","run_id":"cf5d84nrirfvjf9ah5v0","event":{"message_event":{"message":"supporting protocol:%!(EXTRA string=/ipfs/id/push/1.0.0)"}}}
{"ts":1674237076487245886,"msg":"","group_id":"cypress-provider","run_id":"cf5d84nrirfvjf9ah5v0","event":{"message_event":{"message":"supporting protocol:%!(EXTRA string=/ipfs/ping/1.0.0)"}}}
{"ts":1674237076507500345,"msg":"","group_id":"cypress-provider","run_id":"cf5d84nrirfvjf9ah5v0","event":{"message_event":{"message":"supporting protocol:%!(EXTRA string=/libp2p/circuit/relay/0.1.0)"}}}
{"ts":1674237076520635303,"msg":"","group_id":"cypress-provider","run_id":"cf5d84nrirfvjf9ah5v0","event":{"message_event":{"message":"supporting protocol:%!(EXTRA string=/libp2p/circuit/relay/0.2.0/stop)"}}}
{"ts":1674237076526774511,"msg":"","group_id":"cypress-provider","run_id":"cf5d84nrirfvjf9ah5v0","event":{"message_event":{"message":"supporting protocol:%!(EXTRA string=/libp2p/autonat/1.0.0)"}}}
{"ts":1674237076537832636,"msg":"","group_id":"cypress-provider","run_id":"cf5d84nrirfvjf9ah5v0","event":{"message_event":{"message":"supporting protocol:%!(EXTRA string=/testground/kad/1.0.0)"}}}
{"ts":1674237077533325304,"msg":"","group_id":"cypress-provider","run_id":"cf5d84nrirfvjf9ah5v0","event":{"message_event":{"message":"7 is waiting on 0 from state 0"}}}
{"ts":1674237077540358554,"msg":"requested a barrier with target zero; satisfying immediately","group_id":"cypress-provider","run_id":"cf5d84nrirfvjf9ah5v0","state":"boostrap-gradual1-0"}
{"ts":1674237077574613345,"msg":"","group_id":"cypress-provider","run_id":"cf5d84nrirfvjf9ah5v0","event":{"message_event":{"message":"7 is running"}}}
{"ts":1674237077829432012,"msg":"","group_id":"cypress-provider","run_id":"cf5d84nrirfvjf9ah5v0","event":{"message_event":{"message":"Dial to all other peers"}}}
{"ts":1674237077982235596,"msg":"","group_id":"cypress-provider","run_id":"cf5d84nrirfvjf9ah5v0","event":{"message_event":{"message":"dialling peer 12D3KooWEuk3nU2BCEx3AMKnCFLEG7yXAt1q7gcstxCTJZMfTwkV (attempt 1)"}}}
{"ts":1674237078348537137,"msg":"","group_id":"cypress-provider","run_id":"cf5d84nrirfvjf9ah5v0","event":{"message_event":{"message":"Connect, successfully dialed peer: %!(EXTRA peer.AddrInfo={12D3KooWEuk3nU2BCEx3AMKnCFLEG7yXAt1q7gcstxCTJZMfTwkV: [/ip4/16.85.0.32/tcp/44795]})"}}}
{"ts":1674237078548834929,"msg":"","group_id":"cypress-provider","run_id":"cf5d84nrirfvjf9ah5v0","event":{"message_event":{"message":"dialling peer 12D3KooWKRyzVWW6ChFjQjK4miCty85Niy49tpPV95XdKu1BcvMA (attempt 1)"}}}
{"ts":1674237078876205304,"msg":"","group_id":"cypress-provider","run_id":"cf5d84nrirfvjf9ah5v0","event":{"message_event":{"message":"Connect, successfully dialed peer: %!(EXTRA peer.AddrInfo={12D3KooWKRyzVWW6ChFjQjK4miCty85Niy49tpPV95XdKu1BcvMA: [/ip4/16.85.0.8/tcp/38681]})"}}}
{"ts":1674237078898332054,"msg":"","group_id":"cypress-provider","run_id":"cf5d84nrirfvjf9ah5v0","event":{"message_event":{"message":"dialling peer 12D3KooWGBmjmt6Am4j4CWyLRd36hqj1dDKstAyLaeePmEUt7cUp (attempt 1)"}}}
{"ts":1674237079166411513,"msg":"","group_id":"cypress-provider","run_id":"cf5d84nrirfvjf9ah5v0","event":{"message_event":{"message":"Connect, successfully dialed peer: %!(EXTRA peer.AddrInfo={12D3KooWGBmjmt6Am4j4CWyLRd36hqj1dDKstAyLaeePmEUt7cUp: [/ip4/16.85.0.20/tcp/37435]})"}}}
{"ts":1674237110873469097,"msg":"","group_id":"cypress-provider","run_id":"cf5d84nrirfvjf9ah5v0","event":{"message_event":{"message":"bootstrap: everyone table ready"}}}
{"ts":1674237112863324750,"msg":"","group_id":"cypress-provider","run_id":"cf5d84nrirfvjf9ah5v0","event":{"message_event":{"message":"7 is done - waiting for 49"}}}
{"ts":1674237113213969042,"msg":"","group_id":"cypress-provider","run_id":"cf5d84nrirfvjf9ah5v0","event":{"message_event":{"message":"7 passed the barrier"}}}
{"ts":1674237115280069835,"msg":"","group_id":"cypress-provider","run_id":"cf5d84nrirfvjf9ah5v0","event":{"message_event":{"message":"bootstrap: begin trim"}}}
{"ts":1674237116173108710,"msg":"","group_id":"cypress-provider","run_id":"cf5d84nrirfvjf9ah5v0","event":{"message_event":{"message":"name: signal bootstrapping0; uint: ns; time: %!d(float64=2.6641708e+07)"}}}
{"ts":1674237116240570335,"msg":"","group_id":"cypress-provider","run_id":"cf5d84nrirfvjf9ah5v0","event":{"message_event":{"message":"signal bootstrapping0%!(EXTRA float64=9.431925e+07)"}}}
{"ts":1674237116304411169,"msg":"","group_id":"cypress-provider","run_id":"cf5d84nrirfvjf9ah5v0","event":{"message_event":{"message":"name: barrier bootstrapping0; uint: ns; time: %!d(float64=416)"}}}
{"ts":1674237116491932210,"msg":"","group_id":"cypress-provider","run_id":"cf5d84nrirfvjf9ah5v0","event":{"message_event":{"message":"barrierbootstrapping0%!(EXTRA float64=1.87524583e+08)"}}}
{"ts":1674237116663379002,"msg":"","group_id":"cypress-provider","run_id":"cf5d84nrirfvjf9ah5v0","event":{"message_event":{"message":"name: full bootstrapping0; uint: ns; time: %!d(float64=3.58968916e+08)"}}}
{"ts":1674237116687042960,"msg":"","group_id":"cypress-provider","run_id":"cf5d84nrirfvjf9ah5v0","event":{"message_event":{"message":"full bootstrapping0%!(EXTRA float64=3.9151949975e+10)"}}}
{"ts":1674237117684448211,"msg":"","group_id":"cypress-provider","run_id":"cf5d84nrirfvjf9ah5v0","event":{"message_event":{"message":"bootstrap: finished with 13 connections, 29 in the routing table"}}}
{"ts":1674237117702364378,"msg":"","group_id":"cypress-provider","run_id":"cf5d84nrirfvjf9ah5v0","event":{"message_event":{"message":"table health: {\"IdealDepth\":7,\"ActualDepth\":8,\"Bucket\":[{\"Depth\":1,\"MaxKnownContacts\":23,\"ActualKnownContacts\":3,\"ActualUnknownContacts\":0},{\"Depth\":2,\"MaxKnownContacts\":10,\"ActualKnownContacts\":10,\"ActualUnknownContacts\":0},{\"Depth\":3,\"MaxKnownContacts\":9,\"ActualKnownContacts\":9,\"ActualUnknownContacts\":0},{\"Depth\":4,\"MaxKnownContacts\":3,\"ActualKnownContacts\":3,\"ActualUnknownContacts\":0},{\"Depth\":5,\"MaxKnownContacts\":1,\"ActualKnownContacts\":1,\"ActualUnknownContacts\":0},{\"Depth\":6,\"MaxKnownContacts\":1,\"ActualKnownContacts\":1,\"ActualUnknownContacts\":0},{\"Depth\":7,\"MaxKnownContacts\":1,\"ActualKnownContacts\":1,\"ActualUnknownContacts\":0},{\"Depth\":8,\"MaxKnownContacts\":1,\"ActualKnownContacts\":1,\"ActualUnknownContacts\":0}]}"}}}
{"ts":1674237117734618628,"msg":"","group_id":"cypress-provider","run_id":"cf5d84nrirfvjf9ah5v0","event":{"message_event":{"message":"bootstrap: done"}}}
{"ts":1674237117766208711,"msg":"","group_id":"cypress-provider","run_id":"cf5d84nrirfvjf9ah5v0","event":{"message_event":{"message":"Bootstrap phase ended"}}}
{"ts":1674237117815161919,"msg":"","group_id":"cypress-provider","run_id":"cf5d84nrirfvjf9ah5v0","event":{"message_event":{"message":"SetupNetwork, network setup completed"}}}
{"ts":1674237117872259836,"msg":"","group_id":"cypress-provider","run_id":"cf5d84nrirfvjf9ah5v0","event":{"message_event":{"message":"getRecords, record count > 0"}}}
{"ts":1674237117948384003,"msg":"","group_id":"cypress-provider","run_id":"cf5d84nrirfvjf9ah5v0","event":{"message_event":{"message":"getRecords, searchRecords: %!(EXTRA []*test.ProviderRecordSubmission=[0x4000ad7170])"}}}
{"ts":1674237118087482211,"msg":"","group_id":"cypress-provider","run_id":"cf5d84nrirfvjf9ah5v0","event":{"message_event":{"message":"start provide loop"}}}
{"ts":1674237131027961842,"msg":"","group_id":"cypress-provider","run_id":"cf5d84nrirfvjf9ah5v0","event":{"message_event":{"message":"failed to send batch to InfluxDB; attempt 0; err: Post \"http://testground-influxdb:8086/write?consistency=&db=testground&precision=ns&rp=\": context deadline exceeded (Client.Timeout exceeded while awaiting headers)"}}}
{"ts":1674237133220924010,"msg":"","group_id":"cypress-provider","run_id":"cf5d84nrirfvjf9ah5v0","event":{"message_event":{"message":"Provided CID: QmQNSGk6KsGpAPPAL4PweycsHN5Te4YBvwQY8G9bYWRKpe"}}}
{"ts":1674237136909273970,"msg":"","group_id":"cypress-provider","run_id":"cf5d84nrirfvjf9ah5v0","event":{"message_event":{"message":"Provided CID: Qmbwx2wndEZeCm1257gtYyAeXrGNDStgm7YsufAHbyUkDc"}}}
{"ts":1674237136984275970,"msg":"","group_id":"cypress-provider","run_id":"cf5d84nrirfvjf9ah5v0","event":{"message_event":{"message":"failed to send batch to InfluxDB; attempt 1; err: Post \"http://testground-influxdb:8086/write?consistency=&db=testground&precision=ns&rp=\": context deadline exceeded (Client.Timeout exceeded while awaiting headers)"}}}
{"ts":1674237140963231597,"msg":"","group_id":"cypress-provider","run_id":"cf5d84nrirfvjf9ah5v0","event":{"message_event":{"message":"Provided CID: QmdKMXX7ZqzwxriTXcLtqQJQXThZrgCaiSUERdDZ9Ne95f"}}}
{"ts":1674237141552751041,"msg":"","group_id":"cypress-provider","run_id":"cf5d84nrirfvjf9ah5v0","event":{"message_event":{"message":"Provided CID: QmQHFH1e6p6NGjLiA3rVJHRYzS7qBhfbKGGajQZ26u1PuE"}}}
{"ts":1674237141553504416,"msg":"","group_id":"cypress-provider","run_id":"cf5d84nrirfvjf9ah5v0","event":{"message_event":{"message":"Provided CID: QmNnfyApQUXaqj2dsRTthNUBBktYf6seo7BJk7W9Ym56ZH"}}}
{"ts":1674237141687250041,"msg":"","group_id":"cypress-provider","run_id":"cf5d84nrirfvjf9ah5v0","event":{"message_event":{"message":"name: signal provider-records1; uint: ns; time: %!d(float64=6.898584e+06)"}}}
{"ts":1674237141745425875,"msg":"","group_id":"cypress-provider","run_id":"cf5d84nrirfvjf9ah5v0","event":{"message_event":{"message":"signal provider-records1%!(EXTRA float64=6.5073542e+07)"}}}
{"ts":1674237141906800416,"msg":"","group_id":"cypress-provider","run_id":"cf5d84nrirfvjf9ah5v0","event":{"message_event":{"message":"name: barrier provider-records1; uint: ns; time: %!d(float64=625)"}}}
{"ts":1674237144167995459,"msg":"","group_id":"cypress-provider","run_id":"cf5d84nrirfvjf9ah5v0","event":{"message_event":{"message":"barrierprovider-records1%!(EXTRA float64=2.261751918e+09)"}}}
{"ts":1674237144367519126,"msg":"","group_id":"cypress-provider","run_id":"cf5d84nrirfvjf9ah5v0","event":{"message_event":{"message":"name: full provider-records1; uint: ns; time: %!d(float64=2.461269877e+09)"}}}
{"ts":1674237144427258209,"msg":"","group_id":"cypress-provider","run_id":"cf5d84nrirfvjf9ah5v0","event":{"message_event":{"message":"full provider-records1%!(EXTRA float64=2.633775222e+10)"}}}
{"ts":1674237168788807013,"msg":"","group_id":"cypress-provider","run_id":"cf5d84nrirfvjf9ah5v0","event":{"message_event":{"message":"failed to send batch to InfluxDB; attempt 0; err: Post \"http://testground-influxdb:8086/write?consistency=&db=testground&precision=ns&rp=\": context deadline exceeded (Client.Timeout exceeded while awaiting headers)"}}}
{"ts":1674237173504195875,"msg":"","group_id":"cypress-provider","run_id":"cf5d84nrirfvjf9ah5v0","event":{"message_event":{"message":"name: signal provider-records2; uint: ns; time: %!d(float64=1.76011625e+08)"}}}
{"ts":1674237173634851417,"msg":"","group_id":"cypress-provider","run_id":"cf5d84nrirfvjf9ah5v0","event":{"message_event":{"message":"signal provider-records2%!(EXTRA float64=3.06665292e+08)"}}}
{"ts":1674237173825902917,"msg":"","group_id":"cypress-provider","run_id":"cf5d84nrirfvjf9ah5v0","event":{"message_event":{"message":"name: barrier provider-records2; uint: ns; time: %!d(float64=166)"}}}
{"ts":1674237175269784460,"msg":"","group_id":"cypress-provider","run_id":"cf5d84nrirfvjf9ah5v0","event":{"message_event":{"message":"barrierprovider-records2%!(EXTRA float64=1.443784917e+09)"}}}
{"ts":1674237175480995501,"msg":"","group_id":"cypress-provider","run_id":"cf5d84nrirfvjf9ah5v0","event":{"message_event":{"message":"name: full provider-records2; uint: ns; time: %!d(float64=1.65509325e+09)"}}}
{"ts":1674237175550025543,"msg":"","group_id":"cypress-provider","run_id":"cf5d84nrirfvjf9ah5v0","event":{"message_event":{"message":"full provider-records2%!(EXTRA float64=2.8175948512e+10)"}}}
{"ts":1674237176003879002,"msg":"","group_id":"cypress-provider","run_id":"cf5d84nrirfvjf9ah5v0","event":{"success_event":{"group":"cypress-provider"}}}
{"ts":1674237188104267424,"msg":"","group_id":"cypress-provider","run_id":"cf5d84nrirfvjf9ah5v0","event":{"message_event":{"message":"failed to send batch to InfluxDB; attempt 0; err: Post \"http://testground-influxdb:8086/write?consistency=&db=testground&precision=ns&rp=\": context deadline exceeded (Client.Timeout exceeded while awaiting headers)"}}}
{"ts":1674237193715371385,"msg":"","group_id":"cypress-provider","run_id":"cf5d84nrirfvjf9ah5v0","event":{"message_event":{"message":"failed to send batch to InfluxDB; attempt 1; err: Post \"http://testground-influxdb:8086/write?consistency=&db=testground&precision=ns&rp=\": context deadline exceeded (Client.Timeout exceeded while awaiting headers)"}}}
{"ts":1674237199806008555,"msg":"","group_id":"cypress-provider","run_id":"cf5d84nrirfvjf9ah5v0","event":{"message_event":{"message":"failed to send batch to InfluxDB; attempt 2; err: Post \"http://testground-influxdb:8086/write?consistency=&db=testground&precision=ns&rp=\": context deadline exceeded (Client.Timeout exceeded while awaiting headers)"}}}
{"ts":1674237206903184294,"msg":"","group_id":"cypress-provider","run_id":"cf5d84nrirfvjf9ah5v0","event":{"message_event":{"message":"failed to send batch to InfluxDB; attempt 3; err: Post \"http://testground-influxdb:8086/write?consistency=&db=testground&precision=ns&rp=\": context deadline exceeded (Client.Timeout exceeded while awaiting headers)"}}}
{"ts":1674237215994674298,"msg":"","group_id":"cypress-provider","run_id":"cf5d84nrirfvjf9ah5v0","event":{"message_event":{"message":"failed to send batch to InfluxDB; attempt 4; err: Post \"http://testground-influxdb:8086/write?consistency=&db=testground&precision=ns&rp=\": context deadline exceeded (Client.Timeout exceeded while awaiting headers)"}}}
{"ts":1674237216026132631,"msg":"","group_id":"cypress-provider","run_id":"cf5d84nrirfvjf9ah5v0","event":{"message_event":{"message":"influxdb: failed to upload 141 points; err: All attempts fail:\n#1: Post \"http://testground-influxdb:8086/write?consistency=&db=testground&precision=ns&rp=\": context deadline exceeded (Client.Timeout exceeded while awaiting headers)\n#2: Post \"http://testground-influxdb:8086/write?consistency=&db=testground&precision=ns&rp=\": context deadline exceeded (Client.Timeout exceeded while awaiting headers)\n#3: Post \"http://testground-influxdb:8086/write?consistency=&db=testground&precision=ns&rp=\": context deadline exceeded (Client.Timeout exceeded while awaiting headers)\n#4: Post \"http://testground-influxdb:8086/write?consistency=&db=testground&precision=ns&rp=\": context deadline exceeded (Client.Timeout exceeded while awaiting headers)\n#5: Post \"http://testground-influxdb:8086/write?consistency=&db=testground&precision=ns&rp=\": context deadline exceeded (Client.Timeout exceeded while awaiting headers)"}}}
