{"ts":1670369686980823922,"type":"gauge","name":"runtime.MemStats.HeapIdle","measures":{"value":8708096}}
{"ts":1670369686984695297,"type":"gauge","name":"runtime.MemStats.HeapReleased","measures":{"value":4349952}}
{"ts":1670369686985579756,"type":"gauge","name":"runtime.NumGoroutine","measures":{"value":17}}
{"ts":1670369687003528714,"type":"gauge","name":"runtime.NumThread","measures":{"value":9}}
{"ts":1670369687006479381,"type":"timer","name":"runtime.ReadMemStats","measures":{"count":1,"m1":0,"m15":0,"m5":0,"max":2698375,"mean":2698375,"meanrate":0.19960028203208474,"min":2698375,"p50":2698375,"p75":2698375,"p95":2698375,"p99":2698375,"p999":2698375,"p9999":2698375,"stddev":0,"variance":0}}
{"ts":1670369687019868297,"type":"gauge","name":"runtime.MemStats.BuckHashSys","measures":{"value":1497788}}
{"ts":1670369687023600881,"type":"gauge","name":"runtime.MemStats.HeapObjects","measures":{"value":632002}}
{"ts":1670369687025464964,"type":"gauge","name":"runtime.MemStats.StackSys","measures":{"value":1212416}}
{"ts":1670369687026627214,"type":"gauge","name":"runtime.NumCgoCall","measures":{"value":1}}
{"ts":1670369687028674131,"type":"gauge","name":"runtime.MemStats.HeapAlloc","measures":{"value":26234856}}
{"ts":1670369687034758672,"type":"gauge","name":"runtime.MemStats.MSpanSys","measures":{"value":505920}}
{"ts":1670369687036359839,"type":"gauge","name":"runtime.MemStats.Sys","measures":{"value":45839624}}
{"ts":1670369687039681839,"type":"gauge","name":"runtime.MemStats.GCCPUFraction","measures":{"value":0.03367926672601696}}
{"ts":1670369687046968964,"type":"gauge","name":"runtime.MemStats.StackInuse","measures":{"value":1212416}}
{"ts":1670369687049292589,"type":"gauge","name":"runtime.MemStats.Alloc","measures":{"value":26234856}}
{"ts":1670369687050006047,"type":"gauge","name":"runtime.MemStats.HeapSys","measures":{"value":36536320}}
{"ts":1670369687050867714,"type":"gauge","name":"runtime.MemStats.MCacheInuse","measures":{"value":6000}}
{"ts":1670369687051693172,"type":"gauge","name":"runtime.MemStats.NextGC","measures":{"value":37758992}}
{"ts":1670369687056434631,"type":"gauge","name":"runtime.MemStats.LastGC","measures":{"value":1670369682500995000}}
{"ts":1670369687058841006,"type":"histogram","name":"runtime.MemStats.PauseNs","measures":{"count":3,"max":1999250,"mean":764055.6666666666,"min":44584,"p50":248333,"p75":1999250,"p95":1999250,"p99":1999250,"p999":1999250,"p9999":1999250,"stddev":877366.2080622639,"variance":769771463049.5557}}
{"ts":1670369687060557464,"type":"gauge","name":"runtime.MemStats.TotalAlloc","measures":{"value":32820664}}
{"ts":1670369687061777756,"type":"gauge","name":"runtime.MemStats.Lookups","measures":{"value":0}}
{"ts":1670369687063359381,"type":"gauge","name":"runtime.MemStats.NumGC","measures":{"value":3}}
{"ts":1670369687064507381,"type":"gauge","name":"runtime.MemStats.PauseTotalNs","measures":{"value":2292167}}
{"ts":1670369687065445631,"type":"gauge","name":"runtime.MemStats.EnableGC","measures":{"value":1}}
{"ts":1670369687067380839,"type":"gauge","name":"runtime.MemStats.HeapInuse","measures":{"value":27828224}}
{"ts":1670369687069021923,"type":"gauge","name":"runtime.MemStats.MCacheSys","measures":{"value":15600}}
{"ts":1670369687070101548,"type":"gauge","name":"runtime.MemStats.MSpanInuse","measures":{"value":491096}}
{"ts":1670369687071437673,"type":"gauge","name":"runtime.MemStats.DebugGC","measures":{"value":0}}
{"ts":1670369687072423298,"type":"gauge","name":"runtime.MemStats.Frees","measures":{"value":250797}}
{"ts":1670369687073604298,"type":"gauge","name":"runtime.MemStats.Mallocs","measures":{"value":882799}}
{"ts":1670369691970397800,"type":"gauge","name":"runtime.MemStats.NextGC","measures":{"value":37758992}}
{"ts":1670369694075500509,"type":"gauge","name":"runtime.MemStats.GCCPUFraction","measures":{"value":0.03367926672601696}}
{"ts":1670369694141477801,"type":"gauge","name":"runtime.MemStats.StackInuse","measures":{"value":1572864}}
{"ts":1670369694185562884,"type":"gauge","name":"runtime.MemStats.Alloc","measures":{"value":26422160}}
{"ts":1670369694204409384,"type":"gauge","name":"runtime.MemStats.HeapSys","measures":{"value":36175872}}
{"ts":1670369694271082593,"type":"gauge","name":"runtime.MemStats.MCacheInuse","measures":{"value":6000}}
{"ts":1670369694278986759,"type":"gauge","name":"runtime.MemStats.LastGC","measures":{"value":1670369682500995000}}
{"ts":1670369694296976343,"type":"histogram","name":"runtime.MemStats.PauseNs","measures":{"count":3,"max":1999250,"mean":764055.6666666666,"min":44584,"p50":248333,"p75":1999250,"p95":1999250,"p99":1999250,"p999":1999250,"p9999":1999250,"stddev":877366.2080622639,"variance":769771463049.5557}}
{"ts":1670369694303795926,"type":"gauge","name":"runtime.MemStats.TotalAlloc","measures":{"value":33007968}}
{"ts":1670369694318625718,"type":"gauge","name":"runtime.MemStats.Lookups","measures":{"value":0}}
{"ts":1670369694343879301,"type":"gauge","name":"runtime.MemStats.NumGC","measures":{"value":0}}
{"ts":1670369694347335593,"type":"gauge","name":"runtime.MemStats.PauseTotalNs","measures":{"value":2292167}}
{"ts":1670369694354690259,"type":"gauge","name":"runtime.MemStats.MSpanInuse","measures":{"value":491096}}
{"ts":1670369694361383759,"type":"gauge","name":"runtime.MemStats.EnableGC","measures":{"value":1}}
{"ts":1670369694375003884,"type":"gauge","name":"runtime.MemStats.HeapInuse","measures":{"value":27992064}}
{"ts":1670369694415301509,"type":"gauge","name":"runtime.MemStats.MCacheSys","measures":{"value":15600}}
{"ts":1670369694433546218,"type":"gauge","name":"runtime.MemStats.DebugGC","measures":{"value":0}}
{"ts":1670369694435485426,"type":"gauge","name":"runtime.MemStats.Frees","measures":{"value":222}}
{"ts":1670369694441802468,"type":"gauge","name":"runtime.MemStats.Mallocs","measures":{"value":2534}}
{"ts":1670369694470599759,"type":"gauge","name":"runtime.NumThread","measures":{"value":9}}
{"ts":1670369694480783676,"type":"gauge","name":"runtime.MemStats.HeapIdle","measures":{"value":8183808}}
{"ts":1670369694489331509,"type":"gauge","name":"runtime.MemStats.HeapReleased","measures":{"value":4153344}}
{"ts":1670369694496860884,"type":"gauge","name":"runtime.NumGoroutine","measures":{"value":15}}
{"ts":1670369694500801009,"type":"gauge","name":"runtime.NumCgoCall","measures":{"value":0}}
{"ts":1670369694503133926,"type":"timer","name":"runtime.ReadMemStats","measures":{"count":2,"m1":0.015991117074135343,"m15":0.0011080303990206543,"m5":0.0033057092356765017,"max":2698375,"mean":1585229,"meanrate":0.19998324962299316,"min":472083,"p50":1585229,"p75":2698375,"p95":2698375,"p99":2698375,"p999":2698375,"p9999":2698375,"stddev":1113146,"variance":1239094017316}}
{"ts":1670369694555646176,"type":"gauge","name":"runtime.MemStats.BuckHashSys","measures":{"value":1497788}}
{"ts":1670369694567608093,"type":"gauge","name":"runtime.MemStats.HeapObjects","measures":{"value":634314}}
{"ts":1670369694570130593,"type":"gauge","name":"runtime.MemStats.StackSys","measures":{"value":1572864}}
{"ts":1670369694575702176,"type":"gauge","name":"runtime.MemStats.HeapAlloc","measures":{"value":26422160}}
{"ts":1670369694586674218,"type":"gauge","name":"runtime.MemStats.MSpanSys","measures":{"value":505920}}
{"ts":1670369694590443301,"type":"gauge","name":"runtime.MemStats.Sys","measures":{"value":45839624}}
{"ts":1670369696980451219,"type":"gauge","name":"runtime.MemStats.StackSys","measures":{"value":3932160}}
{"ts":1670369696988865594,"type":"gauge","name":"runtime.NumCgoCall","measures":{"value":0}}
{"ts":1670369697005014469,"type":"timer","name":"runtime.ReadMemStats","measures":{"count":3,"m1":0.030703655021877167,"m15":0.002209922141215539,"m5":0.0065567799035988195,"max":5526000,"mean":2898819.3333333335,"meanrate":0.19985454354489532,"min":472083,"p50":2698375,"p75":5526000,"p95":5526000,"p99":5526000,"p999":5526000,"p9999":5526000,"stddev":2068115.520435022,"variance":4277101805864.222}}
{"ts":1670369697012995761,"type":"gauge","name":"runtime.MemStats.BuckHashSys","measures":{"value":1498676}}
{"ts":1670369697015588719,"type":"gauge","name":"runtime.MemStats.HeapObjects","measures":{"value":648054}}
{"ts":1670369697103285094,"type":"gauge","name":"runtime.MemStats.Sys","measures":{"value":46363912}}
{"ts":1670369697254318969,"type":"gauge","name":"runtime.MemStats.HeapAlloc","measures":{"value":27828160}}
{"ts":1670369697258829886,"type":"gauge","name":"runtime.MemStats.MSpanSys","measures":{"value":522240}}
{"ts":1670369697279512094,"type":"gauge","name":"runtime.MemStats.MCacheInuse","measures":{"value":6000}}
{"ts":1670369697293058344,"type":"gauge","name":"runtime.MemStats.NextGC","measures":{"value":37758992}}
{"ts":1670369697296868177,"type":"gauge","name":"runtime.MemStats.GCCPUFraction","measures":{"value":0.03367926672601696}}
{"ts":1670369697300179094,"type":"gauge","name":"runtime.MemStats.StackInuse","measures":{"value":3932160}}
{"ts":1670369697304421636,"type":"gauge","name":"runtime.MemStats.Alloc","measures":{"value":27828160}}
{"ts":1670369697312486094,"type":"gauge","name":"runtime.MemStats.HeapSys","measures":{"value":33816576}}
{"ts":1670369697314411552,"type":"gauge","name":"runtime.MemStats.TotalAlloc","measures":{"value":34413968}}
{"ts":1670369697316312636,"type":"gauge","name":"runtime.MemStats.LastGC","measures":{"value":1670369682500995000}}
{"ts":1670369697318553386,"type":"histogram","name":"runtime.MemStats.PauseNs","measures":{"count":3,"max":1999250,"mean":764055.6666666666,"min":44584,"p50":248333,"p75":1999250,"p95":1999250,"p99":1999250,"p999":1999250,"p9999":1999250,"stddev":877366.2080622639,"variance":769771463049.5557}}
{"ts":1670369697321183261,"type":"gauge","name":"runtime.MemStats.PauseTotalNs","measures":{"value":2292167}}
{"ts":1670369697342439469,"type":"gauge","name":"runtime.MemStats.Lookups","measures":{"value":0}}
{"ts":1670369697352567094,"type":"gauge","name":"runtime.MemStats.NumGC","measures":{"value":0}}
{"ts":1670369697354416219,"type":"gauge","name":"runtime.MemStats.MCacheSys","measures":{"value":15600}}
{"ts":1670369697355117594,"type":"gauge","name":"runtime.MemStats.MSpanInuse","measures":{"value":508504}}
{"ts":1670369697357789052,"type":"gauge","name":"runtime.MemStats.EnableGC","measures":{"value":1}}
{"ts":1670369697360850177,"type":"gauge","name":"runtime.MemStats.HeapInuse","measures":{"value":29483008}}
{"ts":1670369697363647427,"type":"gauge","name":"runtime.MemStats.Mallocs","measures":{"value":14917}}
{"ts":1670369697366779636,"type":"gauge","name":"runtime.MemStats.DebugGC","measures":{"value":0}}
{"ts":1670369697377706011,"type":"gauge","name":"runtime.MemStats.Frees","measures":{"value":1177}}
{"ts":1670369697381303594,"type":"gauge","name":"runtime.NumGoroutine","measures":{"value":46}}
{"ts":1670369697388053511,"type":"gauge","name":"runtime.NumThread","measures":{"value":9}}
{"ts":1670369697391828427,"type":"gauge","name":"runtime.MemStats.HeapIdle","measures":{"value":4333568}}
{"ts":1670369697397007927,"type":"gauge","name":"runtime.MemStats.HeapReleased","measures":{"value":3145728}}
{"ts":1670369702007263388,"type":"gauge","name":"runtime.MemStats.HeapIdle","measures":{"value":3858432}}
{"ts":1670369702251391513,"type":"gauge","name":"runtime.MemStats.HeapReleased","measures":{"value":3145728}}
{"ts":1670369702402972055,"type":"gauge","name":"runtime.NumGoroutine","measures":{"value":48}}
{"ts":1670369702427310805,"type":"gauge","name":"runtime.NumThread","measures":{"value":9}}
{"ts":1670369702447273305,"type":"timer","name":"runtime.ReadMemStats","measures":{"count":4,"m1":0.044239843385719006,"m15":0.003305709235676515,"m5":0.009754115099857198,"max":15063250,"mean":5939927,"meanrate":0.19962409109798246,"min":472083,"p50":4112187.5,"p75":12678937.5,"p95":15063250,"p99":15063250,"p999":15063250,"p9999":15063250,"stddev":5563527.107435938,"variance":30952833875174.5}}
{"ts":1670369702471376972,"type":"gauge","name":"runtime.MemStats.BuckHashSys","measures":{"value":1498676}}
{"ts":1670369702528328638,"type":"gauge","name":"runtime.MemStats.HeapObjects","measures":{"value":652265}}
{"ts":1670369702573777888,"type":"gauge","name":"runtime.MemStats.StackSys","measures":{"value":4194304}}
{"ts":1670369702577910180,"type":"gauge","name":"runtime.NumCgoCall","measures":{"value":0}}
{"ts":1670369703532347972,"type":"gauge","name":"runtime.MemStats.HeapAlloc","measures":{"value":28126720}}
{"ts":1670369703538645180,"type":"gauge","name":"runtime.MemStats.MSpanSys","measures":{"value":522240}}
{"ts":1670369703548147930,"type":"gauge","name":"runtime.MemStats.Sys","measures":{"value":46363912}}
{"ts":1670369703569660972,"type":"gauge","name":"runtime.MemStats.GCCPUFraction","measures":{"value":0.03367926672601696}}
{"ts":1670369703700828014,"type":"gauge","name":"runtime.MemStats.StackInuse","measures":{"value":4194304}}
{"ts":1670369703715146180,"type":"gauge","name":"runtime.MemStats.Alloc","measures":{"value":28126720}}
{"ts":1670369703722082639,"type":"gauge","name":"runtime.MemStats.HeapSys","measures":{"value":33554432}}
{"ts":1670369703749226014,"type":"gauge","name":"runtime.MemStats.MCacheInuse","measures":{"value":6000}}
{"ts":1670369703780921972,"type":"gauge","name":"runtime.MemStats.NextGC","measures":{"value":37758992}}
{"ts":1670369703949374389,"type":"gauge","name":"runtime.MemStats.LastGC","measures":{"value":1670369682500995000}}
{"ts":1670369703956485597,"type":"histogram","name":"runtime.MemStats.PauseNs","measures":{"count":3,"max":1999250,"mean":764055.6666666666,"min":44584,"p50":248333,"p75":1999250,"p95":1999250,"p99":1999250,"p999":1999250,"p9999":1999250,"stddev":877366.2080622639,"variance":769771463049.5557}}
{"ts":1670369703967359681,"type":"gauge","name":"runtime.MemStats.TotalAlloc","measures":{"value":34712528}}
{"ts":1670369704053128639,"type":"gauge","name":"runtime.MemStats.Lookups","measures":{"value":0}}
{"ts":1670369704190717556,"type":"gauge","name":"runtime.MemStats.NumGC","measures":{"value":0}}
{"ts":1670369704335651583,"type":"gauge","name":"runtime.MemStats.PauseTotalNs","measures":{"value":2292167}}
{"ts":1670369704352132458,"type":"gauge","name":"runtime.MemStats.EnableGC","measures":{"value":1}}
{"ts":1670369704387365166,"type":"gauge","name":"runtime.MemStats.HeapInuse","measures":{"value":29696000}}
{"ts":1670369704400181583,"type":"gauge","name":"runtime.MemStats.MCacheSys","measures":{"value":15600}}
{"ts":1670369704407393125,"type":"gauge","name":"runtime.MemStats.MSpanInuse","measures":{"value":508504}}
{"ts":1670369704415948291,"type":"gauge","name":"runtime.MemStats.DebugGC","measures":{"value":0}}
{"ts":1670369704419702208,"type":"gauge","name":"runtime.MemStats.Frees","measures":{"value":396}}
{"ts":1670369704424117875,"type":"gauge","name":"runtime.MemStats.Mallocs","measures":{"value":4607}}
{"ts":1670369707146156543,"type":"gauge","name":"runtime.MemStats.MCacheInuse","measures":{"value":6000}}
{"ts":1670369707182118251,"type":"gauge","name":"runtime.MemStats.NextGC","measures":{"value":37758992}}
{"ts":1670369707208170584,"type":"gauge","name":"runtime.MemStats.GCCPUFraction","measures":{"value":0.03367926672601696}}
{"ts":1670369707225456251,"type":"gauge","name":"runtime.MemStats.StackInuse","measures":{"value":15138816}}
{"ts":1670369707229185584,"type":"gauge","name":"runtime.MemStats.Alloc","measures":{"value":30162768}}
{"ts":1670369707233088834,"type":"gauge","name":"runtime.MemStats.HeapSys","measures":{"value":35192832}}
{"ts":1670369707236141709,"type":"gauge","name":"runtime.MemStats.TotalAlloc","measures":{"value":36748576}}
{"ts":1670369707237072334,"type":"gauge","name":"runtime.MemStats.LastGC","measures":{"value":1670369682500995000}}
{"ts":1670369707241242084,"type":"histogram","name":"runtime.MemStats.PauseNs","measures":{"count":3,"max":1999250,"mean":764055.6666666666,"min":44584,"p50":248333,"p75":1999250,"p95":1999250,"p99":1999250,"p999":1999250,"p9999":1999250,"stddev":877366.2080622639,"variance":769771463049.5557}}
{"ts":1670369707245795668,"type":"gauge","name":"runtime.MemStats.PauseTotalNs","measures":{"value":2292167}}
{"ts":1670369707249097084,"type":"gauge","name":"runtime.MemStats.Lookups","measures":{"value":0}}
{"ts":1670369707250908084,"type":"gauge","name":"runtime.MemStats.NumGC","measures":{"value":0}}
{"ts":1670369707253473251,"type":"gauge","name":"runtime.MemStats.MCacheSys","measures":{"value":15600}}
{"ts":1670369707276702251,"type":"gauge","name":"runtime.MemStats.MSpanInuse","measures":{"value":552024}}
{"ts":1670369707354143209,"type":"gauge","name":"runtime.MemStats.EnableGC","measures":{"value":1}}
{"ts":1670369707356859751,"type":"gauge","name":"runtime.MemStats.HeapInuse","measures":{"value":32153600}}
{"ts":1670369707388586584,"type":"gauge","name":"runtime.MemStats.Mallocs","measures":{"value":23975}}
{"ts":1670369707390214959,"type":"gauge","name":"runtime.MemStats.DebugGC","measures":{"value":0}}
{"ts":1670369707391614584,"type":"gauge","name":"runtime.MemStats.Frees","measures":{"value":1647}}
{"ts":1670369707431251459,"type":"gauge","name":"runtime.NumGoroutine","measures":{"value":175}}
{"ts":1670369707505148543,"type":"gauge","name":"runtime.NumThread","measures":{"value":10}}
{"ts":1670369707519752459,"type":"gauge","name":"runtime.MemStats.HeapIdle","measures":{"value":3039232}}
{"ts":1670369707522399001,"type":"gauge","name":"runtime.MemStats.HeapReleased","measures":{"value":2940928}}
{"ts":1670369707527460376,"type":"gauge","name":"runtime.MemStats.StackSys","measures":{"value":15138816}}
{"ts":1670369707529842793,"type":"gauge","name":"runtime.NumCgoCall","measures":{"value":0}}
{"ts":1670369707531381001,"type":"timer","name":"runtime.ReadMemStats","measures":{"count":5,"m1":0.056693737885242124,"m15":0.004395425503079905,"m5":0.012898602993676452,"max":52194292,"mean":15190800,"meanrate":0.19950102290831792,"min":472083,"p50":5526000,"p75":33628771,"p95":52194292,"p99":52194292,"p999":52194292,"p9999":52194292,"stddev":19159250.30236454,"variance":367076872148655.6}}
{"ts":1670369707534808334,"type":"gauge","name":"runtime.MemStats.BuckHashSys","measures":{"value":1499436}}
{"ts":1670369707541018084,"type":"gauge","name":"runtime.MemStats.HeapObjects","measures":{"value":674593}}
{"ts":1670369707551065418,"type":"gauge","name":"runtime.MemStats.Sys","measures":{"value":59012360}}
{"ts":1670369707561392709,"type":"gauge","name":"runtime.MemStats.HeapAlloc","measures":{"value":30162768}}
{"ts":1670369707565631876,"type":"gauge","name":"runtime.MemStats.MSpanSys","measures":{"value":554880}}
{"ts":1670369712090259295,"type":"gauge","name":"runtime.MemStats.HeapAlloc","measures":{"value":32436280}}
{"ts":1670369712092061337,"type":"gauge","name":"runtime.MemStats.MSpanSys","measures":{"value":603840}}
{"ts":1670369712093155462,"type":"gauge","name":"runtime.MemStats.Sys","measures":{"value":71595272}}
{"ts":1670369712093906212,"type":"gauge","name":"runtime.MemStats.StackInuse","measures":{"value":25460736}}
{"ts":1670369712095997087,"type":"gauge","name":"runtime.MemStats.Alloc","measures":{"value":32436280}}
{"ts":1670369712098956045,"type":"gauge","name":"runtime.MemStats.HeapSys","measures":{"value":37453824}}
{"ts":1670369712100081628,"type":"gauge","name":"runtime.MemStats.MCacheInuse","measures":{"value":6000}}
{"ts":1670369712104145462,"type":"gauge","name":"runtime.MemStats.NextGC","measures":{"value":37758992}}
{"ts":1670369712107897795,"type":"gauge","name":"runtime.MemStats.GCCPUFraction","measures":{"value":0.03367926672601696}}
{"ts":1670369712109002253,"type":"gauge","name":"runtime.MemStats.LastGC","measures":{"value":1670369682500995000}}
{"ts":1670369712110128337,"type":"histogram","name":"runtime.MemStats.PauseNs","measures":{"count":3,"max":1999250,"mean":764055.6666666666,"min":44584,"p50":248333,"p75":1999250,"p95":1999250,"p99":1999250,"p999":1999250,"p9999":1999250,"stddev":877366.2080622639,"variance":769771463049.5557}}
{"ts":1670369712129995837,"type":"gauge","name":"runtime.MemStats.TotalAlloc","measures":{"value":39022088}}
{"ts":1670369712132585920,"type":"gauge","name":"runtime.MemStats.Lookups","measures":{"value":0}}
{"ts":1670369712134029295,"type":"gauge","name":"runtime.MemStats.NumGC","measures":{"value":0}}
{"ts":1670369712135393878,"type":"gauge","name":"runtime.MemStats.PauseTotalNs","measures":{"value":2292167}}
{"ts":1670369712136912628,"type":"gauge","name":"runtime.MemStats.EnableGC","measures":{"value":1}}
{"ts":1670369712140047753,"type":"gauge","name":"runtime.MemStats.HeapInuse","measures":{"value":34488320}}
{"ts":1670369712163801712,"type":"gauge","name":"runtime.MemStats.MCacheSys","measures":{"value":15600}}
{"ts":1670369712166030670,"type":"gauge","name":"runtime.MemStats.MSpanInuse","measures":{"value":595544}}
{"ts":1670369712168087795,"type":"gauge","name":"runtime.MemStats.DebugGC","measures":{"value":0}}
{"ts":1670369712174032962,"type":"gauge","name":"runtime.MemStats.Frees","measures":{"value":1785}}
{"ts":1670369712175329003,"type":"gauge","name":"runtime.MemStats.Mallocs","measures":{"value":28468}}
{"ts":1670369712179345378,"type":"gauge","name":"runtime.MemStats.HeapIdle","measures":{"value":2965504}}
{"ts":1670369712182742670,"type":"gauge","name":"runtime.MemStats.HeapReleased","measures":{"value":2899968}}
{"ts":1670369712183580295,"type":"gauge","name":"runtime.NumGoroutine","measures":{"value":271}}
{"ts":1670369712184907045,"type":"gauge","name":"runtime.NumThread","measures":{"value":11}}
{"ts":1670369712185990670,"type":"gauge","name":"runtime.MemStats.BuckHashSys","measures":{"value":1500228}}
{"ts":1670369712187208795,"type":"gauge","name":"runtime.MemStats.HeapObjects","measures":{"value":701276}}
{"ts":1670369712189259545,"type":"gauge","name":"runtime.MemStats.StackSys","measures":{"value":25460736}}
{"ts":1670369712192592087,"type":"gauge","name":"runtime.NumCgoCall","measures":{"value":0}}
{"ts":1670369712203104670,"type":"timer","name":"runtime.ReadMemStats","measures":{"count":6,"m1":0.06815187395991122,"m15":0.0054791045767303434,"m5":0.015991117074135346,"max":52194292,"mean":13035944.5,"meanrate":0.19995595099704383,"min":472083,"p50":4112187.5,"p75":24346010.5,"p95":52194292,"p99":52194292,"p999":52194292,"p9999":52194292,"stddev":18141510.537621014,"variance":329114404586614.25}}
{"ts":1670369717086769422,"type":"gauge","name":"runtime.MemStats.Alloc","measures":{"value":34361840}}
{"ts":1670369717090463589,"type":"gauge","name":"runtime.MemStats.HeapSys","measures":{"value":39845888}}
{"ts":1670369717094090339,"type":"gauge","name":"runtime.MemStats.MCacheInuse","measures":{"value":6000}}
{"ts":1670369717095403256,"type":"gauge","name":"runtime.MemStats.NextGC","measures":{"value":37758992}}
{"ts":1670369717118300006,"type":"gauge","name":"runtime.MemStats.GCCPUFraction","measures":{"value":0.03367926672601696}}
{"ts":1670369717122523422,"type":"gauge","name":"runtime.MemStats.StackInuse","measures":{"value":31457280}}
{"ts":1670369717125253881,"type":"gauge","name":"runtime.MemStats.LastGC","measures":{"value":1670369682500995000}}
{"ts":1670369717127613131,"type":"histogram","name":"runtime.MemStats.PauseNs","measures":{"count":3,"max":1999250,"mean":764055.6666666666,"min":44584,"p50":248333,"p75":1999250,"p95":1999250,"p99":1999250,"p999":1999250,"p9999":1999250,"stddev":877366.2080622639,"variance":769771463049.5557}}
{"ts":1670369717129744381,"type":"gauge","name":"runtime.MemStats.TotalAlloc","measures":{"value":40947648}}
{"ts":1670369717131623547,"type":"gauge","name":"runtime.MemStats.Lookups","measures":{"value":0}}
{"ts":1670369717134032506,"type":"gauge","name":"runtime.MemStats.NumGC","measures":{"value":0}}
{"ts":1670369717135173172,"type":"gauge","name":"runtime.MemStats.PauseTotalNs","measures":{"value":2292167}}
{"ts":1670369717137216089,"type":"gauge","name":"runtime.MemStats.EnableGC","measures":{"value":1}}
{"ts":1670369717138645172,"type":"gauge","name":"runtime.MemStats.HeapInuse","measures":{"value":36290560}}
{"ts":1670369717140036631,"type":"gauge","name":"runtime.MemStats.MCacheSys","measures":{"value":15600}}
{"ts":1670369717142586256,"type":"gauge","name":"runtime.MemStats.MSpanInuse","measures":{"value":647768}}
{"ts":1670369717143980631,"type":"gauge","name":"runtime.MemStats.DebugGC","measures":{"value":0}}
{"ts":1670369717151228964,"type":"gauge","name":"runtime.MemStats.Frees","measures":{"value":1145}}
{"ts":1670369717157817839,"type":"gauge","name":"runtime.MemStats.Mallocs","measures":{"value":28528}}
{"ts":1670369717160509297,"type":"gauge","name":"runtime.MemStats.HeapIdle","measures":{"value":3555328}}
{"ts":1670369717164659006,"type":"gauge","name":"runtime.MemStats.HeapReleased","measures":{"value":3457024}}
{"ts":1670369717172865589,"type":"gauge","name":"runtime.NumGoroutine","measures":{"value":220}}
{"ts":1670369717191002422,"type":"gauge","name":"runtime.NumThread","measures":{"value":11}}
{"ts":1670369717193079006,"type":"gauge","name":"runtime.MemStats.BuckHashSys","measures":{"value":1501180}}
{"ts":1670369717194432964,"type":"gauge","name":"runtime.MemStats.HeapObjects","measures":{"value":728659}}
{"ts":1670369717199374131,"type":"gauge","name":"runtime.MemStats.StackSys","measures":{"value":31457280}}
{"ts":1670369717203316964,"type":"gauge","name":"runtime.NumCgoCall","measures":{"value":0}}
{"ts":1670369717205044881,"type":"timer","name":"runtime.ReadMemStats","measures":{"count":7,"m1":0.07869386805747328,"m15":0.0065567799035988455,"m5":0.019032516392808084,"max":52194292,"mean":11498327.42857143,"meanrate":0.19998265664694706,"min":472083,"p50":2698375,"p75":15063250,"p95":52194292,"p99":52194292,"p999":52194292,"p9999":52194292,"stddev":17212892.22136513,"variance":296283658624332.2}}
{"ts":1670369717209040797,"type":"gauge","name":"runtime.MemStats.HeapAlloc","measures":{"value":34361840}}
{"ts":1670369717210844131,"type":"gauge","name":"runtime.MemStats.MSpanSys","measures":{"value":652800}}
{"ts":1670369717220474714,"type":"gauge","name":"runtime.MemStats.Sys","measures":{"value":82149656}}
{"ts":1670369722085361800,"type":"gauge","name":"runtime.MemStats.DebugGC","measures":{"value":0}}
{"ts":1670369722103135633,"type":"gauge","name":"runtime.MemStats.Frees","measures":{"value":252}}
{"ts":1670369722104416633,"type":"gauge","name":"runtime.MemStats.Mallocs","measures":{"value":3454}}
{"ts":1670369722105819091,"type":"gauge","name":"runtime.MemStats.HeapIdle","measures":{"value":3088384}}
{"ts":1670369722106596758,"type":"gauge","name":"runtime.MemStats.HeapReleased","measures":{"value":3063808}}
{"ts":1670369722108783675,"type":"gauge","name":"runtime.NumGoroutine","measures":{"value":215}}
{"ts":1670369722110022925,"type":"gauge","name":"runtime.NumThread","measures":{"value":11}}
{"ts":1670369722111146091,"type":"gauge","name":"runtime.MemStats.BuckHashSys","measures":{"value":1501180}}
{"ts":1670369722112653091,"type":"gauge","name":"runtime.MemStats.HeapObjects","measures":{"value":731861}}
{"ts":1670369722113904841,"type":"gauge","name":"runtime.MemStats.StackSys","measures":{"value":31719424}}
{"ts":1670369722114743800,"type":"gauge","name":"runtime.NumCgoCall","measures":{"value":0}}
{"ts":1670369722115855550,"type":"timer","name":"runtime.ReadMemStats","measures":{"count":8,"m1":0.08839297084599056,"m15":0.007628484745355124,"m5":0.02202364580239524,"max":52194292,"mean":10161458.375,"meanrate":0.1999913063229165,"min":472083,"p50":2485500,"p75":12678937.5,"p95":52194292,"p99":52194292,"p999":52194292,"p9999":52194292,"stddev":16485106.410365371,"variance":271758733361069.47}}
{"ts":1670369722117202383,"type":"gauge","name":"runtime.MemStats.HeapAlloc","measures":{"value":34691904}}
{"ts":1670369722118134925,"type":"gauge","name":"runtime.MemStats.MSpanSys","measures":{"value":669120}}
{"ts":1670369722119509341,"type":"gauge","name":"runtime.MemStats.Sys","measures":{"value":82149656}}
{"ts":1670369722120618508,"type":"gauge","name":"runtime.MemStats.Alloc","measures":{"value":34691904}}
{"ts":1670369722121571633,"type":"gauge","name":"runtime.MemStats.HeapSys","measures":{"value":39583744}}
{"ts":1670369722122667175,"type":"gauge","name":"runtime.MemStats.MCacheInuse","measures":{"value":6000}}
{"ts":1670369722123576550,"type":"gauge","name":"runtime.MemStats.NextGC","measures":{"value":37758992}}
{"ts":1670369722127764050,"type":"gauge","name":"runtime.MemStats.GCCPUFraction","measures":{"value":0.03367926672601696}}
{"ts":1670369722129035800,"type":"gauge","name":"runtime.MemStats.StackInuse","measures":{"value":31719424}}
{"ts":1670369722130117758,"type":"gauge","name":"runtime.MemStats.LastGC","measures":{"value":1670369682500995000}}
{"ts":1670369722130989216,"type":"histogram","name":"runtime.MemStats.PauseNs","measures":{"count":3,"max":1999250,"mean":764055.6666666666,"min":44584,"p50":248333,"p75":1999250,"p95":1999250,"p99":1999250,"p999":1999250,"p9999":1999250,"stddev":877366.2080622639,"variance":769771463049.5557}}
{"ts":1670369722133223633,"type":"gauge","name":"runtime.MemStats.TotalAlloc","measures":{"value":41277712}}
{"ts":1670369722134162591,"type":"gauge","name":"runtime.MemStats.Lookups","measures":{"value":0}}
{"ts":1670369722135178091,"type":"gauge","name":"runtime.MemStats.NumGC","measures":{"value":0}}
{"ts":1670369722135904550,"type":"gauge","name":"runtime.MemStats.PauseTotalNs","measures":{"value":2292167}}
{"ts":1670369722136944466,"type":"gauge","name":"runtime.MemStats.EnableGC","measures":{"value":1}}
{"ts":1670369722138479425,"type":"gauge","name":"runtime.MemStats.HeapInuse","measures":{"value":36495360}}
{"ts":1670369722139141050,"type":"gauge","name":"runtime.MemStats.MCacheSys","measures":{"value":15600}}
{"ts":1670369722143268216,"type":"gauge","name":"runtime.MemStats.MSpanInuse","measures":{"value":656472}}
{"ts":1670369727084390344,"type":"gauge","name":"runtime.NumGoroutine","measures":{"value":192}}
{"ts":1670369727085616010,"type":"gauge","name":"runtime.NumThread","measures":{"value":11}}
{"ts":1670369727086490052,"type":"gauge","name":"runtime.MemStats.HeapIdle","measures":{"value":2818048}}
{"ts":1670369727087199010,"type":"gauge","name":"runtime.MemStats.HeapReleased","measures":{"value":2793472}}
{"ts":1670369727088072552,"type":"gauge","name":"runtime.MemStats.StackSys","measures":{"value":31850496}}
{"ts":1670369727088698760,"type":"gauge","name":"runtime.NumCgoCall","measures":{"value":0}}
{"ts":1670369727089978344,"type":"timer","name":"runtime.ReadMemStats","measures":{"count":9,"m1":0.09731657619348157,"m15":0.008694252179394185,"m5":0.02496533619141051,"max":52194292,"mean":9056773.222222222,"meanrate":0.19999649496364968,"min":219292,"p50":2272625,"p75":10294625,"p95":52194292,"p99":52194292,"p999":52194292,"p9999":52194292,"stddev":15853263.160539351,"variance":251325952837314.16}}
{"ts":1670369727091252552,"type":"gauge","name":"runtime.MemStats.BuckHashSys","measures":{"value":1501180}}
{"ts":1670369727092157177,"type":"gauge","name":"runtime.MemStats.HeapObjects","measures":{"value":734350}}
{"ts":1670369727092775094,"type":"gauge","name":"runtime.MemStats.Sys","measures":{"value":82149656}}
{"ts":1670369727093394385,"type":"gauge","name":"runtime.MemStats.HeapAlloc","measures":{"value":34959136}}
{"ts":1670369727093920719,"type":"gauge","name":"runtime.MemStats.MSpanSys","measures":{"value":669120}}
{"ts":1670369727094575635,"type":"gauge","name":"runtime.MemStats.MCacheInuse","measures":{"value":6000}}
{"ts":1670369727095384677,"type":"gauge","name":"runtime.MemStats.NextGC","measures":{"value":37758992}}
{"ts":1670369727096187260,"type":"gauge","name":"runtime.MemStats.GCCPUFraction","measures":{"value":0.03367926672601696}}
{"ts":1670369727097052135,"type":"gauge","name":"runtime.MemStats.StackInuse","measures":{"value":31850496}}
{"ts":1670369727097954177,"type":"gauge","name":"runtime.MemStats.Alloc","measures":{"value":34959136}}
{"ts":1670369727098723219,"type":"gauge","name":"runtime.MemStats.HeapSys","measures":{"value":39452672}}
{"ts":1670369727100708677,"type":"gauge","name":"runtime.MemStats.TotalAlloc","measures":{"value":41544944}}
{"ts":1670369727101923635,"type":"gauge","name":"runtime.MemStats.LastGC","measures":{"value":1670369682500995000}}
{"ts":1670369727103265219,"type":"histogram","name":"runtime.MemStats.PauseNs","measures":{"count":3,"max":1999250,"mean":764055.6666666666,"min":44584,"p50":248333,"p75":1999250,"p95":1999250,"p99":1999250,"p999":1999250,"p9999":1999250,"stddev":877366.2080622639,"variance":769771463049.5557}}
{"ts":1670369727104795635,"type":"gauge","name":"runtime.MemStats.PauseTotalNs","measures":{"value":2292167}}
{"ts":1670369727106227510,"type":"gauge","name":"runtime.MemStats.Lookups","measures":{"value":0}}
{"ts":1670369727107127094,"type":"gauge","name":"runtime.MemStats.NumGC","measures":{"value":0}}
{"ts":1670369727109076802,"type":"gauge","name":"runtime.MemStats.MCacheSys","measures":{"value":15600}}
{"ts":1670369727109754177,"type":"gauge","name":"runtime.MemStats.MSpanInuse","measures":{"value":656472}}
{"ts":1670369727110411802,"type":"gauge","name":"runtime.MemStats.EnableGC","measures":{"value":1}}
{"ts":1670369727111072010,"type":"gauge","name":"runtime.MemStats.HeapInuse","measures":{"value":36634624}}
{"ts":1670369727112054594,"type":"gauge","name":"runtime.MemStats.Mallocs","measures":{"value":2730}}
{"ts":1670369727113718844,"type":"gauge","name":"runtime.MemStats.DebugGC","measures":{"value":0}}
{"ts":1670369727114591677,"type":"gauge","name":"runtime.MemStats.Frees","measures":{"value":241}}
{"ts":1670369732084937346,"type":"gauge","name":"runtime.MemStats.Lookups","measures":{"value":0}}
{"ts":1670369732086790721,"type":"gauge","name":"runtime.MemStats.NumGC","measures":{"value":0}}
{"ts":1670369732088924471,"type":"gauge","name":"runtime.MemStats.PauseTotalNs","measures":{"value":2292167}}
{"ts":1670369732090327096,"type":"gauge","name":"runtime.MemStats.MSpanInuse","measures":{"value":656472}}
{"ts":1670369732091340888,"type":"gauge","name":"runtime.MemStats.EnableGC","measures":{"value":1}}
{"ts":1670369732092518763,"type":"gauge","name":"runtime.MemStats.HeapInuse","measures":{"value":36806656}}
{"ts":1670369732094824513,"type":"gauge","name":"runtime.MemStats.MCacheSys","measures":{"value":15600}}
{"ts":1670369732096171721,"type":"gauge","name":"runtime.MemStats.DebugGC","measures":{"value":0}}
{"ts":1670369732097478429,"type":"gauge","name":"runtime.MemStats.Frees","measures":{"value":234}}
{"ts":1670369732098745096,"type":"gauge","name":"runtime.MemStats.Mallocs","measures":{"value":2666}}
{"ts":1670369732100032346,"type":"gauge","name":"runtime.NumThread","measures":{"value":11}}
{"ts":1670369732101127721,"type":"gauge","name":"runtime.MemStats.HeapIdle","measures":{"value":2646016}}
{"ts":1670369732102228971,"type":"gauge","name":"runtime.MemStats.HeapReleased","measures":{"value":2621440}}
{"ts":1670369732102984013,"type":"gauge","name":"runtime.NumGoroutine","measures":{"value":192}}
{"ts":1670369732103931221,"type":"gauge","name":"runtime.NumCgoCall","measures":{"value":0}}
{"ts":1670369732105423179,"type":"timer","name":"runtime.ReadMemStats","measures":{"count":10,"m1":0.10552668945179702,"m15":0.009754115099857238,"m5":0.02785840471498844,"max":52194292,"mean":8188479.3,"meanrate":0.19999465987858828,"min":219292,"p50":2267146,"p75":7910312.5,"p95":52194292,"p99":52194292,"p999":52194292,"p9999":52194292,"stddev":15263641.982564162,"variance":232978766571895.25}}
{"ts":1670369732123948346,"type":"gauge","name":"runtime.MemStats.BuckHashSys","measures":{"value":1501412}}
{"ts":1670369732125484804,"type":"gauge","name":"runtime.MemStats.HeapObjects","measures":{"value":736782}}
{"ts":1670369732126503304,"type":"gauge","name":"runtime.MemStats.StackSys","measures":{"value":31850496}}
{"ts":1670369732129215429,"type":"gauge","name":"runtime.MemStats.HeapAlloc","measures":{"value":35222672}}
{"ts":1670369732130735054,"type":"gauge","name":"runtime.MemStats.MSpanSys","measures":{"value":669120}}
{"ts":1670369732132780304,"type":"gauge","name":"runtime.MemStats.Sys","measures":{"value":82149656}}
{"ts":1670369732133752054,"type":"gauge","name":"runtime.MemStats.NextGC","measures":{"value":37758992}}
{"ts":1670369732135217804,"type":"gauge","name":"runtime.MemStats.GCCPUFraction","measures":{"value":0.03367926672601696}}
{"ts":1670369732136330763,"type":"gauge","name":"runtime.MemStats.StackInuse","measures":{"value":31850496}}
{"ts":1670369732137132513,"type":"gauge","name":"runtime.MemStats.Alloc","measures":{"value":35222672}}
{"ts":1670369732138361263,"type":"gauge","name":"runtime.MemStats.HeapSys","measures":{"value":39452672}}
{"ts":1670369732139098721,"type":"gauge","name":"runtime.MemStats.MCacheInuse","measures":{"value":6000}}
{"ts":1670369732139927221,"type":"gauge","name":"runtime.MemStats.LastGC","measures":{"value":1670369682500995000}}
{"ts":1670369732141888221,"type":"histogram","name":"runtime.MemStats.PauseNs","measures":{"count":3,"max":1999250,"mean":764055.6666666666,"min":44584,"p50":248333,"p75":1999250,"p95":1999250,"p99":1999250,"p999":1999250,"p9999":1999250,"stddev":877366.2080622639,"variance":769771463049.5557}}
{"ts":1670369732143026138,"type":"gauge","name":"runtime.MemStats.TotalAlloc","measures":{"value":41808480}}
{"ts":1670369736968926167,"type":"gauge","name":"runtime.MemStats.HeapSys","measures":{"value":39059456}}
{"ts":1670369737025866876,"type":"gauge","name":"runtime.MemStats.MCacheInuse","measures":{"value":6000}}
{"ts":1670369737039226251,"type":"gauge","name":"runtime.MemStats.NextGC","measures":{"value":37758992}}
{"ts":1670369737050383543,"type":"gauge","name":"runtime.MemStats.GCCPUFraction","measures":{"value":0.03367926672601696}}
{"ts":1670369737057710709,"type":"gauge","name":"runtime.MemStats.StackInuse","measures":{"value":32243712}}
{"ts":1670369737067784876,"type":"gauge","name":"runtime.MemStats.Alloc","measures":{"value":35611656}}
{"ts":1670369737089205001,"type":"histogram","name":"runtime.MemStats.PauseNs","measures":{"count":3,"max":1999250,"mean":764055.6666666666,"min":44584,"p50":248333,"p75":1999250,"p95":1999250,"p99":1999250,"p999":1999250,"p9999":1999250,"stddev":877366.2080622639,"variance":769771463049.5557}}
{"ts":1670369737098366876,"type":"gauge","name":"runtime.MemStats.TotalAlloc","measures":{"value":42197464}}
{"ts":1670369737131975251,"type":"gauge","name":"runtime.MemStats.LastGC","measures":{"value":1670369682500995000}}
{"ts":1670369737135866043,"type":"gauge","name":"runtime.MemStats.NumGC","measures":{"value":0}}
{"ts":1670369737150143709,"type":"gauge","name":"runtime.MemStats.PauseTotalNs","measures":{"value":2292167}}
{"ts":1670369737168229918,"type":"gauge","name":"runtime.MemStats.Lookups","measures":{"value":0}}
{"ts":1670369737179081293,"type":"gauge","name":"runtime.MemStats.HeapInuse","measures":{"value":37167104}}
{"ts":1670369737188346751,"type":"gauge","name":"runtime.MemStats.MCacheSys","measures":{"value":15600}}
{"ts":1670369737190821876,"type":"gauge","name":"runtime.MemStats.MSpanInuse","measures":{"value":656472}}
{"ts":1670369737193092668,"type":"gauge","name":"runtime.MemStats.EnableGC","measures":{"value":1}}
{"ts":1670369737196107209,"type":"gauge","name":"runtime.MemStats.Frees","measures":{"value":354}}
{"ts":1670369737202410709,"type":"gauge","name":"runtime.MemStats.Mallocs","measures":{"value":4377}}
{"ts":1670369737210604668,"type":"gauge","name":"runtime.MemStats.DebugGC","measures":{"value":0}}
{"ts":1670369737221697834,"type":"gauge","name":"runtime.MemStats.HeapReleased","measures":{"value":1884160}}
{"ts":1670369737245014084,"type":"gauge","name":"runtime.NumGoroutine","measures":{"value":204}}
{"ts":1670369737272253918,"type":"gauge","name":"runtime.NumThread","measures":{"value":11}}
{"ts":1670369737277328918,"type":"gauge","name":"runtime.MemStats.HeapIdle","measures":{"value":1892352}}
{"ts":1670369737282398334,"type":"gauge","name":"runtime.MemStats.HeapObjects","measures":{"value":740805}}
{"ts":1670369737290608751,"type":"gauge","name":"runtime.MemStats.StackSys","measures":{"value":32243712}}
{"ts":1670369737295831543,"type":"gauge","name":"runtime.NumCgoCall","measures":{"value":0}}
{"ts":1670369737299054293,"type":"timer","name":"runtime.ReadMemStats","measures":{"count":11,"m1":0.11308035829858432,"m15":0.01080810621864695,"m5":0.030703655021877187,"max":52194292,"mean":7561981.181818182,"meanrate":0.19999308499545834,"min":219292,"p50":2261667,"p75":5526000,"p95":52194292,"p99":52194292,"p999":52194292,"p9999":52194292,"stddev":14687541.57858205,"variance":215723877622576.53}}
{"ts":1670369737312810459,"type":"gauge","name":"runtime.MemStats.BuckHashSys","measures":{"value":1501868}}
{"ts":1670369737354256501,"type":"gauge","name":"runtime.MemStats.MSpanSys","measures":{"value":669120}}
{"ts":1670369737361097668,"type":"gauge","name":"runtime.MemStats.Sys","measures":{"value":82149656}}
{"ts":1670369737372312543,"type":"gauge","name":"runtime.MemStats.HeapAlloc","measures":{"value":35611656}}
{"ts":1670369741967824212,"type":"gauge","name":"runtime.MemStats.PauseTotalNs","measures":{"value":5142667}}
{"ts":1670369741969635670,"type":"gauge","name":"runtime.MemStats.Lookups","measures":{"value":0}}
{"ts":1670369741975573837,"type":"gauge","name":"runtime.MemStats.NumGC","measures":{"value":1}}
{"ts":1670369741976619212,"type":"gauge","name":"runtime.MemStats.MCacheSys","measures":{"value":15600}}
{"ts":1670369741977624795,"type":"gauge","name":"runtime.MemStats.MSpanInuse","measures":{"value":593640}}
{"ts":1670369741979299128,"type":"gauge","name":"runtime.MemStats.EnableGC","measures":{"value":1}}
{"ts":1670369741980848837,"type":"gauge","name":"runtime.MemStats.HeapInuse","measures":{"value":32399360}}
{"ts":1670369741982411670,"type":"gauge","name":"runtime.MemStats.Mallocs","measures":{"value":8243}}
{"ts":1670369741983262753,"type":"gauge","name":"runtime.MemStats.DebugGC","measures":{"value":0}}
{"ts":1670369741984645545,"type":"gauge","name":"runtime.MemStats.Frees","measures":{"value":227441}}
{"ts":1670369741985834170,"type":"gauge","name":"runtime.NumGoroutine","measures":{"value":217}}
{"ts":1670369741986636003,"type":"gauge","name":"runtime.NumThread","measures":{"value":11}}
{"ts":1670369741987914503,"type":"gauge","name":"runtime.MemStats.HeapIdle","measures":{"value":31105024}}
{"ts":1670369741988865253,"type":"gauge","name":"runtime.MemStats.HeapReleased","measures":{"value":4079616}}
{"ts":1670369741989583712,"type":"gauge","name":"runtime.MemStats.StackSys","measures":{"value":20381696}}
{"ts":1670369741990777087,"type":"gauge","name":"runtime.NumCgoCall","measures":{"value":0}}
{"ts":1670369741991934045,"type":"timer","name":"runtime.ReadMemStats","measures":{"count":12,"m1":0.12003006913103051,"m15":0.01185625806643708,"m5":0.033501877477679465,"max":52194292,"mean":6955288.333333333,"meanrate":0.19999723758482188,"min":219292,"p50":1779333.5,"p75":4819093.75,"p95":52194292,"p99":52194292,"p999":52194292,"p9999":52194292,"stddev":14205482.257112019,"variance":201795726157124.38}}
{"ts":1670369741993822628,"type":"gauge","name":"runtime.MemStats.BuckHashSys","measures":{"value":1502396}}
{"ts":1670369741995044045,"type":"gauge","name":"runtime.MemStats.HeapObjects","measures":{"value":521607}}
{"ts":1670369741996385753,"type":"gauge","name":"runtime.MemStats.Sys","measures":{"value":94798104}}
{"ts":1670369741997847295,"type":"gauge","name":"runtime.MemStats.HeapAlloc","measures":{"value":25218160}}
{"ts":1670369741999022545,"type":"gauge","name":"runtime.MemStats.MSpanSys","measures":{"value":685440}}
{"ts":1670369742000238837,"type":"gauge","name":"runtime.MemStats.MCacheInuse","measures":{"value":6000}}
{"ts":1670369742001178712,"type":"gauge","name":"runtime.MemStats.NextGC","measures":{"value":52874432}}
{"ts":1670369742002861795,"type":"gauge","name":"runtime.MemStats.GCCPUFraction","measures":{"value":0.0014554214564909268}}
{"ts":1670369742003549920,"type":"gauge","name":"runtime.MemStats.StackInuse","measures":{"value":20381696}}
{"ts":1670369742004291378,"type":"gauge","name":"runtime.MemStats.Alloc","measures":{"value":25218160}}
{"ts":1670369742005500545,"type":"gauge","name":"runtime.MemStats.HeapSys","measures":{"value":63504384}}
{"ts":1670369742006614253,"type":"gauge","name":"runtime.MemStats.TotalAlloc","measures":{"value":42869120}}
{"ts":1670369742008090212,"type":"gauge","name":"runtime.MemStats.LastGC","measures":{"value":1670369740216155400}}
{"ts":1670369742009095837,"type":"histogram","name":"runtime.MemStats.PauseNs","measures":{"count":4,"max":2850500,"mean":1285666.75,"min":44584,"p50":1123791.5,"p75":2637687.5,"p95":2850500,"p99":2850500,"p999":2850500,"p9999":2850500,"stddev":1180492.6785269307,"variance":1393562964055.6875}}
{"ts":1670369747180267797,"type":"gauge","name":"runtime.NumGoroutine","measures":{"value":193}}
{"ts":1670369747243052422,"type":"gauge","name":"runtime.NumThread","measures":{"value":11}}
{"ts":1670369747266065089,"type":"gauge","name":"runtime.MemStats.HeapIdle","measures":{"value":32645120}}
{"ts":1670369747303958964,"type":"gauge","name":"runtime.MemStats.HeapReleased","measures":{"value":4063232}}
{"ts":1670369747331256006,"type":"gauge","name":"runtime.MemStats.StackSys","measures":{"value":18677760}}
{"ts":1670369747341482589,"type":"gauge","name":"runtime.NumCgoCall","measures":{"value":0}}
{"ts":1670369747351464797,"type":"timer","name":"runtime.ReadMemStats","measures":{"count":13,"m1":0.12642411176571153,"m15":0.012898602993676503,"m5":0.03625384938440363,"max":210290458,"mean":22596455.230769232,"meanrate":0.19934877703300036,"min":219292,"p50":2261667,"p75":10294625,"p95":210290458,"p99":210290458,"p999":210290458,"p9999":210290458,"stddev":55875094.63931606,"variance":3122026200952526}}
{"ts":1670369747369091381,"type":"gauge","name":"runtime.MemStats.BuckHashSys","measures":{"value":1502396}}
{"ts":1670369747373247797,"type":"gauge","name":"runtime.MemStats.HeapObjects","measures":{"value":524072}}
{"ts":1670369747381802714,"type":"gauge","name":"runtime.MemStats.Sys","measures":{"value":94798104}}
{"ts":1670369747406928256,"type":"gauge","name":"runtime.MemStats.HeapAlloc","measures":{"value":25486720}}
{"ts":1670369747414886797,"type":"gauge","name":"runtime.MemStats.MSpanSys","measures":{"value":685440}}
{"ts":1670369747421755506,"type":"gauge","name":"runtime.MemStats.MCacheInuse","measures":{"value":6000}}
{"ts":1670369747430542256,"type":"gauge","name":"runtime.MemStats.NextGC","measures":{"value":52874432}}
{"ts":1670369747435254589,"type":"gauge","name":"runtime.MemStats.GCCPUFraction","measures":{"value":0.0014554214564909268}}
{"ts":1670369747440791006,"type":"gauge","name":"runtime.MemStats.StackInuse","measures":{"value":18677760}}
{"ts":1670369747445845964,"type":"gauge","name":"runtime.MemStats.Alloc","measures":{"value":25486720}}
{"ts":1670369747449573922,"type":"gauge","name":"runtime.MemStats.HeapSys","measures":{"value":65208320}}
{"ts":1670369747472270547,"type":"gauge","name":"runtime.MemStats.TotalAlloc","measures":{"value":43137680}}
{"ts":1670369747512267964,"type":"gauge","name":"runtime.MemStats.LastGC","measures":{"value":1670369740216155400}}
{"ts":1670369747544975589,"type":"histogram","name":"runtime.MemStats.PauseNs","measures":{"count":4,"max":2850500,"mean":1285666.75,"min":44584,"p50":1123791.5,"p75":2637687.5,"p95":2850500,"p99":2850500,"p999":2850500,"p9999":2850500,"stddev":1180492.6785269307,"variance":1393562964055.6875}}
{"ts":1670369747552897673,"type":"gauge","name":"runtime.MemStats.PauseTotalNs","measures":{"value":5142667}}
{"ts":1670369747558560464,"type":"gauge","name":"runtime.MemStats.Lookups","measures":{"value":0}}
{"ts":1670369747573487089,"type":"gauge","name":"runtime.MemStats.NumGC","measures":{"value":0}}
{"ts":1670369747600348673,"type":"gauge","name":"runtime.MemStats.MCacheSys","measures":{"value":15600}}
{"ts":1670369747612158214,"type":"gauge","name":"runtime.MemStats.MSpanInuse","measures":{"value":593640}}
{"ts":1670369747628749006,"type":"gauge","name":"runtime.MemStats.EnableGC","measures":{"value":1}}
{"ts":1670369747653810381,"type":"gauge","name":"runtime.MemStats.HeapInuse","measures":{"value":32563200}}
{"ts":1670369747658086089,"type":"gauge","name":"runtime.MemStats.Mallocs","measures":{"value":2694}}
{"ts":1670369747682722214,"type":"gauge","name":"runtime.MemStats.DebugGC","measures":{"value":0}}
{"ts":1670369747696527673,"type":"gauge","name":"runtime.MemStats.Frees","measures":{"value":229}}
{"ts":1670369752818566425,"type":"gauge","name":"runtime.MemStats.HeapIdle","measures":{"value":38109184}}
{"ts":1670369752909359175,"type":"gauge","name":"runtime.MemStats.HeapReleased","measures":{"value":3670016}}
{"ts":1670369753067601175,"type":"gauge","name":"runtime.NumGoroutine","measures":{"value":329}}
{"ts":1670369753073311175,"type":"gauge","name":"runtime.NumThread","measures":{"value":13}}
{"ts":1670369753079168758,"type":"timer","name":"runtime.ReadMemStats","measures":{"count":14,"m1":0.13230691497865155,"m15":0.013935173171587696,"m5":0.03896033519638589,"max":845880083,"mean":81402428.64285715,"meanrate":0.197596170859727,"min":219292,"p50":2267146,"p75":24346010.5,"p95":845880083,"p99":845880083,"p999":845880083,"p9999":845880083,"stddev":218757575.74474394,"variance":47854876945717384}}
{"ts":1670369753097242217,"type":"gauge","name":"runtime.MemStats.BuckHashSys","measures":{"value":1503244}}
{"ts":1670369753231285009,"type":"gauge","name":"runtime.MemStats.HeapObjects","measures":{"value":543969}}
{"ts":1670369753259759925,"type":"gauge","name":"runtime.MemStats.StackSys","measures":{"value":12517376}}
{"ts":1670369753262499675,"type":"gauge","name":"runtime.NumCgoCall","measures":{"value":0}}
{"ts":1670369753280062675,"type":"gauge","name":"runtime.MemStats.HeapAlloc","measures":{"value":27059216}}
{"ts":1670369753286024634,"type":"gauge","name":"runtime.MemStats.MSpanSys","measures":{"value":685440}}
{"ts":1670369753297022217,"type":"gauge","name":"runtime.MemStats.Sys","measures":{"value":95060248}}
{"ts":1670369753337409925,"type":"gauge","name":"runtime.MemStats.GCCPUFraction","measures":{"value":0.0014554214564909268}}
{"ts":1670369753344973342,"type":"gauge","name":"runtime.MemStats.StackInuse","measures":{"value":12517376}}
{"ts":1670369753348183592,"type":"gauge","name":"runtime.MemStats.Alloc","measures":{"value":27059216}}
{"ts":1670369753350575467,"type":"gauge","name":"runtime.MemStats.HeapSys","measures":{"value":71368704}}
{"ts":1670369753352827342,"type":"gauge","name":"runtime.MemStats.MCacheInuse","measures":{"value":6000}}
{"ts":1670369753383062467,"type":"gauge","name":"runtime.MemStats.NextGC","measures":{"value":52874432}}
{"ts":1670369753403784300,"type":"gauge","name":"runtime.MemStats.LastGC","measures":{"value":1670369740216155400}}
{"ts":1670369753406314675,"type":"histogram","name":"runtime.MemStats.PauseNs","measures":{"count":4,"max":2850500,"mean":1285666.75,"min":44584,"p50":1123791.5,"p75":2637687.5,"p95":2850500,"p99":2850500,"p999":2850500,"p9999":2850500,"stddev":1180492.6785269307,"variance":1393562964055.6875}}
{"ts":1670369753421948259,"type":"gauge","name":"runtime.MemStats.TotalAlloc","measures":{"value":44710176}}
{"ts":1670369753459572884,"type":"gauge","name":"runtime.MemStats.Lookups","measures":{"value":0}}
{"ts":1670369753466079967,"type":"gauge","name":"runtime.MemStats.NumGC","measures":{"value":0}}
{"ts":1670369753469255592,"type":"gauge","name":"runtime.MemStats.PauseTotalNs","measures":{"value":5142667}}
{"ts":1670369753542099175,"type":"gauge","name":"runtime.MemStats.EnableGC","measures":{"value":1}}
{"ts":1670369753572223800,"type":"gauge","name":"runtime.MemStats.HeapInuse","measures":{"value":33259520}}
{"ts":1670369753590830467,"type":"gauge","name":"runtime.MemStats.MCacheSys","measures":{"value":15600}}
{"ts":1670369753592943675,"type":"gauge","name":"runtime.MemStats.MSpanInuse","measures":{"value":593640}}
{"ts":1670369753599237925,"type":"gauge","name":"runtime.MemStats.DebugGC","measures":{"value":0}}
{"ts":1670369753607765050,"type":"gauge","name":"runtime.MemStats.Frees","measures":{"value":1349}}
{"ts":1670369753632318884,"type":"gauge","name":"runtime.MemStats.Mallocs","measures":{"value":21246}}
