{"ts":1675702887707752804,"msg":"","group_id":"cypress-provider","run_id":"cfgj3mnrirfnreujfgeg","event":{"message_event":{"message":"registering default http handler at: http://[::]:6060/ (pprof: http://[::]:6060/debug/pprof/)"}}}
{"ts":1675702887749768721,"msg":"","group_id":"cypress-provider","run_id":"cfgj3mnrirfnreujfgeg","event":{"start_event":{"runenv":{"plan":"dht","case":"find-providers","run":"cfgj3mnrirfnreujfgeg","params":{"alpha":"10","auto_refresh":"true","beta":"3","bootstrapper":"true","bs_strategy":"3","bucket_size":"20","client_mode":"false","datastore":"0","expect_dht":"true","group_order":"1","latency":"100","peer_id_seed":"0","random_walk":"false","record_count":"20","record_seed":"0","search_records":"true","timeout_secs":"2000","undialable":"false"},"instances":40,"outputs_path":"/outputs","temp_path":"/temp","network":"16.121.0.0/16","group":"cypress-provider","group_instances":40}}}}
{"ts":1675702887873358429,"msg":"","group_id":"cypress-provider","run_id":"cfgj3mnrirfnreujfgeg","event":{"message_event":{"message":"waiting for network to initialize"}}}
{"ts":1675702888643919763,"msg":"","group_id":"cypress-provider","run_id":"cfgj3mnrirfnreujfgeg","event":{"message_event":{"message":"network initialisation successful"}}}
{"ts":1675702889121440888,"msg":"","group_id":"cypress-provider","run_id":"cfgj3mnrirfnreujfgeg","event":{"message_event":{"message":"network initialization complete"}}}
{"ts":1675702889235307555,"msg":"","group_id":"cypress-provider","run_id":"cfgj3mnrirfnreujfgeg","event":{"message_event":{"message":"claimed sequence numbers; global=31, group(cypress-provider)=32"}}}
{"ts":1675702889256797638,"msg":"","group_id":"cypress-provider","run_id":"cfgj3mnrirfnreujfgeg","event":{"message_event":{"message":"Finding providers"}}}
{"ts":1675702889802454055,"msg":"","group_id":"cypress-provider","run_id":"cfgj3mnrirfnreujfgeg","event":{"message_event":{"message":"network initialisation successful"}}}
{"ts":1675702889873514388,"msg":"","group_id":"cypress-provider","run_id":"cfgj3mnrirfnreujfgeg","event":{"message_event":{"message":"SetupNetwork, network setup completed"}}}
{"ts":1675702890368917597,"msg":"","group_id":"cypress-provider","run_id":"cfgj3mnrirfnreujfgeg","event":{"message_event":{"message":"there are 1 groups map[cypress-provider:0x40020fed20]"}}}
{"ts":1675702890388654597,"msg":"","group_id":"cypress-provider","run_id":"cfgj3mnrirfnreujfgeg","event":{"message_event":{"message":"setGroupInfo, sortedGroup:%!(EXTRA []string=[cypress-provider])"}}}
{"ts":1675702890394310597,"msg":"","group_id":"cypress-provider","run_id":"cfgj3mnrirfnreujfgeg","event":{"message_event":{"message":"past group info"}}}
{"ts":1675702890422641597,"msg":"","group_id":"cypress-provider","run_id":"cfgj3mnrirfnreujfgeg","event":{"message_event":{"message":"connmgr parameters: hi=12, lo=6"}}}
{"ts":1675702890460761264,"msg":"","group_id":"cypress-provider","run_id":"cfgj3mnrirfnreujfgeg","event":{"message_event":{"message":"creating DHT"}}}
{"ts":1675702890507555472,"msg":"","group_id":"cypress-provider","run_id":"cfgj3mnrirfnreujfgeg","event":{"message_event":{"message":"creating DHT successful"}}}
{"ts":1675702890518814180,"msg":"","group_id":"cypress-provider","run_id":"cfgj3mnrirfnreujfgeg","event":{"message_event":{"message":"supporting protocol:%!(EXTRA string=/p2p/id/delta/1.0.0)"}}}
{"ts":1675702890525768055,"msg":"","group_id":"cypress-provider","run_id":"cfgj3mnrirfnreujfgeg","event":{"message_event":{"message":"supporting protocol:%!(EXTRA string=/ipfs/id/1.0.0)"}}}
{"ts":1675702890536744639,"msg":"","group_id":"cypress-provider","run_id":"cfgj3mnrirfnreujfgeg","event":{"message_event":{"message":"supporting protocol:%!(EXTRA string=/ipfs/id/push/1.0.0)"}}}
{"ts":1675702890549982597,"msg":"","group_id":"cypress-provider","run_id":"cfgj3mnrirfnreujfgeg","event":{"message_event":{"message":"supporting protocol:%!(EXTRA string=/ipfs/ping/1.0.0)"}}}
{"ts":1675702890558456680,"msg":"","group_id":"cypress-provider","run_id":"cfgj3mnrirfnreujfgeg","event":{"message_event":{"message":"supporting protocol:%!(EXTRA string=/libp2p/circuit/relay/0.1.0)"}}}
{"ts":1675702890572573180,"msg":"","group_id":"cypress-provider","run_id":"cfgj3mnrirfnreujfgeg","event":{"message_event":{"message":"supporting protocol:%!(EXTRA string=/libp2p/circuit/relay/0.2.0/stop)"}}}
{"ts":1675702890580695014,"msg":"","group_id":"cypress-provider","run_id":"cfgj3mnrirfnreujfgeg","event":{"message_event":{"message":"supporting protocol:%!(EXTRA string=/libp2p/autonat/1.0.0)"}}}
{"ts":1675702890593468514,"msg":"","group_id":"cypress-provider","run_id":"cfgj3mnrirfnreujfgeg","event":{"message_event":{"message":"supporting protocol:%!(EXTRA string=/testground/kad/1.0.0)"}}}
{"ts":1675702891280051791,"msg":"","group_id":"cypress-provider","run_id":"cfgj3mnrirfnreujfgeg","event":{"message_event":{"message":"26 is waiting on 0 from state 0"}}}
{"ts":1675702891306002583,"msg":"requested a barrier with target zero; satisfying immediately","group_id":"cypress-provider","run_id":"cfgj3mnrirfnreujfgeg","state":"boostrap-gradual1-0"}
{"ts":1675702891368191625,"msg":"","group_id":"cypress-provider","run_id":"cfgj3mnrirfnreujfgeg","event":{"message_event":{"message":"26 is running"}}}
{"ts":1675702891455542750,"msg":"","group_id":"cypress-provider","run_id":"cfgj3mnrirfnreujfgeg","event":{"message_event":{"message":"Dial to all other peers"}}}
{"ts":1675702891510383833,"msg":"","group_id":"cypress-provider","run_id":"cfgj3mnrirfnreujfgeg","event":{"message_event":{"message":"dialling peer 12D3KooWB224kvi7vN34xJfsfW7bnv6eodxTkgo9VFA6UiaGMgRD (attempt 1)"}}}
{"ts":1675702891910038208,"msg":"","group_id":"cypress-provider","run_id":"cfgj3mnrirfnreujfgeg","event":{"message_event":{"message":"Connect, successfully dialed peer: %!(EXTRA peer.AddrInfo={12D3KooWB224kvi7vN34xJfsfW7bnv6eodxTkgo9VFA6UiaGMgRD: [/ip4/16.121.0.29/tcp/39483]})"}}}
{"ts":1675702891953252167,"msg":"","group_id":"cypress-provider","run_id":"cfgj3mnrirfnreujfgeg","event":{"message_event":{"message":"dialling peer 12D3KooWE2N9kXfsBWLWYdtaX9uY7HxJTfFmVFQFxvUXCQ6bT883 (attempt 1)"}}}
{"ts":1675702892003033167,"msg":"","group_id":"cypress-provider","run_id":"cfgj3mnrirfnreujfgeg","event":{"message_event":{"message":"Connect, successfully dialed peer: %!(EXTRA peer.AddrInfo={12D3KooWE2N9kXfsBWLWYdtaX9uY7HxJTfFmVFQFxvUXCQ6bT883: [/ip4/16.121.0.28/tcp/33259]})"}}}
{"ts":1675702892012234917,"msg":"","group_id":"cypress-provider","run_id":"cfgj3mnrirfnreujfgeg","event":{"message_event":{"message":"dialling peer 12D3KooWKRyzVWW6ChFjQjK4miCty85Niy49tpPV95XdKu1BcvMA (attempt 1)"}}}
{"ts":1675702892657299625,"msg":"","group_id":"cypress-provider","run_id":"cfgj3mnrirfnreujfgeg","event":{"message_event":{"message":"Connect, successfully dialed peer: %!(EXTRA peer.AddrInfo={12D3KooWKRyzVWW6ChFjQjK4miCty85Niy49tpPV95XdKu1BcvMA: [/ip4/16.121.0.35/tcp/36921]})"}}}
{"ts":1675702924414849585,"msg":"","group_id":"cypress-provider","run_id":"cfgj3mnrirfnreujfgeg","event":{"message_event":{"message":"bootstrap: everyone table ready"}}}
{"ts":1675702925575581044,"msg":"","group_id":"cypress-provider","run_id":"cfgj3mnrirfnreujfgeg","event":{"message_event":{"message":"26 is done - waiting for 39"}}}
{"ts":1675702925749825752,"msg":"","group_id":"cypress-provider","run_id":"cfgj3mnrirfnreujfgeg","event":{"message_event":{"message":"26 passed the barrier"}}}
{"ts":1675702927776812503,"msg":"","group_id":"cypress-provider","run_id":"cfgj3mnrirfnreujfgeg","event":{"message_event":{"message":"bootstrap: begin trim"}}}
{"ts":1675702928917603128,"msg":"","group_id":"cypress-provider","run_id":"cfgj3mnrirfnreujfgeg","event":{"message_event":{"message":"name: signal bootstrapping0; uint: ns; time: %!d(float64=2.002958e+06)"}}}
{"ts":1675702928924463212,"msg":"","group_id":"cypress-provider","run_id":"cfgj3mnrirfnreujfgeg","event":{"message_event":{"message":"signal bootstrapping0%!(EXTRA float64=8.860791e+06)"}}}
{"ts":1675702928948967670,"msg":"","group_id":"cypress-provider","run_id":"cfgj3mnrirfnreujfgeg","event":{"message_event":{"message":"name: barrier bootstrapping0; uint: ns; time: %!d(float64=458)"}}}
{"ts":1675702928982674045,"msg":"","group_id":"cypress-provider","run_id":"cfgj3mnrirfnreujfgeg","event":{"message_event":{"message":"barrierbootstrapping0%!(EXTRA float64=3.3708708e+07)"}}}
{"ts":1675702929058433795,"msg":"","group_id":"cypress-provider","run_id":"cfgj3mnrirfnreujfgeg","event":{"message_event":{"message":"name: full bootstrapping0; uint: ns; time: %!d(float64=1.0946375e+08)"}}}
{"ts":1675702929074195545,"msg":"","group_id":"cypress-provider","run_id":"cfgj3mnrirfnreujfgeg","event":{"message_event":{"message":"full bootstrapping0%!(EXTRA float64=3.7810646559e+10)"}}}
{"ts":1675702930385108629,"msg":"","group_id":"cypress-provider","run_id":"cfgj3mnrirfnreujfgeg","event":{"message_event":{"message":"bootstrap: finished with 32 connections, 38 in the routing table"}}}
{"ts":1675702930396875712,"msg":"","group_id":"cypress-provider","run_id":"cfgj3mnrirfnreujfgeg","event":{"message_event":{"message":"table health: {\"IdealDepth\":5,\"ActualDepth\":7,\"Bucket\":[{\"Depth\":1,\"MaxKnownContacts\":16,\"ActualKnownContacts\":15,\"ActualUnknownContacts\":0},{\"Depth\":2,\"MaxKnownContacts\":14,\"ActualKnownContacts\":14,\"ActualUnknownContacts\":0},{\"Depth\":3,\"MaxKnownContacts\":4,\"ActualKnownContacts\":4,\"ActualUnknownContacts\":0},{\"Depth\":4,\"MaxKnownContacts\":3,\"ActualKnownContacts\":3,\"ActualUnknownContacts\":0},{\"Depth\":5,\"MaxKnownContacts\":0,\"ActualKnownContacts\":0,\"ActualUnknownContacts\":0},{\"Depth\":5,\"MaxKnownContacts\":1,\"ActualKnownContacts\":1,\"ActualUnknownContacts\":0},{\"Depth\":7,\"MaxKnownContacts\":1,\"ActualKnownContacts\":1,\"ActualUnknownContacts\":0}]}"}}}
{"ts":1675702930414324462,"msg":"","group_id":"cypress-provider","run_id":"cfgj3mnrirfnreujfgeg","event":{"message_event":{"message":"bootstrap: done"}}}
{"ts":1675702930430507796,"msg":"","group_id":"cypress-provider","run_id":"cfgj3mnrirfnreujfgeg","event":{"message_event":{"message":"Bootstrap phase ended"}}}
{"ts":1675702930685368088,"msg":"","group_id":"cypress-provider","run_id":"cfgj3mnrirfnreujfgeg","event":{"message_event":{"message":"SetupNetwork, network setup completed"}}}
{"ts":1675702930725497588,"msg":"","group_id":"cypress-provider","run_id":"cfgj3mnrirfnreujfgeg","event":{"message_event":{"message":"getRecords, record count > 0"}}}
{"ts":1675702930757357546,"msg":"","group_id":"cypress-provider","run_id":"cfgj3mnrirfnreujfgeg","event":{"message_event":{"message":"getRecords, searchRecords: %!(EXTRA []*test.ProviderRecordSubmission=[0x40027523f0])"}}}
{"ts":1675702930793119004,"msg":"","group_id":"cypress-provider","run_id":"cfgj3mnrirfnreujfgeg","event":{"message_event":{"message":"start provide loop"}}}
{"ts":1675702973860847969,"msg":"","group_id":"cypress-provider","run_id":"cfgj3mnrirfnreujfgeg","event":{"message_event":{"message":"Provided CID: QmeSZuScRfVhZy4U2CzqmAd5P8uxzgeW2nfbk2k4UyutkT"}}}
{"ts":1675702980198979930,"msg":"","group_id":"cypress-provider","run_id":"cfgj3mnrirfnreujfgeg","event":{"message_event":{"message":"Provided CID: QmQHFH1e6p6NGjLiA3rVJHRYzS7qBhfbKGGajQZ26u1PuE"}}}
{"ts":1675702981505852166,"msg":"","group_id":"cypress-provider","run_id":"cfgj3mnrirfnreujfgeg","event":{"message_event":{"message":"Provided CID: QmQNSGk6KsGpAPPAL4PweycsHN5Te4YBvwQY8G9bYWRKpe"}}}
{"ts":1675702981714763708,"msg":"","group_id":"cypress-provider","run_id":"cfgj3mnrirfnreujfgeg","event":{"message_event":{"message":"Provided CID: QmTeC6qvToLwytK5uruQq4npHWezRWnRXjHm6Gn9h2tsFr"}}}
{"ts":1675702983710852376,"msg":"","group_id":"cypress-provider","run_id":"cfgj3mnrirfnreujfgeg","event":{"message_event":{"message":"Provided CID: QmTzXCJwzJbtQxtpimCKwbyty4yPphQgGZQM2YRN45kMv2"}}}
{"ts":1675702984025117084,"msg":"","group_id":"cypress-provider","run_id":"cfgj3mnrirfnreujfgeg","event":{"message_event":{"message":"Provided CID: QmeT46kQsiffrH7MdGfNpkgaKGfKUnZw6bEw5APTU27WPz"}}}
{"ts":1675702984180123793,"msg":"","group_id":"cypress-provider","run_id":"cfgj3mnrirfnreujfgeg","event":{"message_event":{"message":"Provided CID: QmY1eF8EB1WVFdF6xzh1C1YkadMojpT4FoEZkqzyprqDoV"}}}
{"ts":1675702984537149335,"msg":"","group_id":"cypress-provider","run_id":"cfgj3mnrirfnreujfgeg","event":{"message_event":{"message":"Provided CID: QmQw6U12opixMzbVDc384vgh7sia5gUKajDD24oRLaLEqQ"}}}
{"ts":1675702984787012293,"msg":"","group_id":"cypress-provider","run_id":"cfgj3mnrirfnreujfgeg","event":{"message_event":{"message":"Provided CID: QmNnfyApQUXaqj2dsRTthNUBBktYf6seo7BJk7W9Ym56ZH"}}}
{"ts":1675702984977770210,"msg":"","group_id":"cypress-provider","run_id":"cfgj3mnrirfnreujfgeg","event":{"message_event":{"message":"Provided CID: QmSpZzCdhhyWM7eTNe29nDrPR9xdZR8R4VpGSoTdFq5usz"}}}
{"ts":1675702985156050918,"msg":"","group_id":"cypress-provider","run_id":"cfgj3mnrirfnreujfgeg","event":{"message_event":{"message":"Provided CID: QmdKMXX7ZqzwxriTXcLtqQJQXThZrgCaiSUERdDZ9Ne95f"}}}
{"ts":1675702985434097793,"msg":"","group_id":"cypress-provider","run_id":"cfgj3mnrirfnreujfgeg","event":{"message_event":{"message":"Provided CID: QmYFqavMPJvzLNnh6wYdHLAR7iiix7mPrpbJaXRGMVBxzb"}}}
{"ts":1675702985643172460,"msg":"","group_id":"cypress-provider","run_id":"cfgj3mnrirfnreujfgeg","event":{"message_event":{"message":"Provided CID: QmSSrDtDK5LvFTnBAgNmjb5tRWcYuExu1qYLrXNv2UdzXE"}}}
{"ts":1675702986047723877,"msg":"","group_id":"cypress-provider","run_id":"cfgj3mnrirfnreujfgeg","event":{"message_event":{"message":"Provided CID: QmXyoMntxMK4Z9uuruxACuyTV7kwdSEyjtxNhWbznehRUr"}}}
{"ts":1675702986196100669,"msg":"","group_id":"cypress-provider","run_id":"cfgj3mnrirfnreujfgeg","event":{"message_event":{"message":"Provided CID: Qmbwx2wndEZeCm1257gtYyAeXrGNDStgm7YsufAHbyUkDc"}}}
{"ts":1675702986380612835,"msg":"","group_id":"cypress-provider","run_id":"cfgj3mnrirfnreujfgeg","event":{"message_event":{"message":"Provided CID: QmS1rxhfhq3FsUuG2TLNSYW6gxrtR4hmfoiajCdWCo7hq5"}}}
{"ts":1675702986841554627,"msg":"","group_id":"cypress-provider","run_id":"cfgj3mnrirfnreujfgeg","event":{"message_event":{"message":"Provided CID: QmNj8PTJnf4fUCBd6EEAXcvMgfVMnt4CXFkPu968Fwg6YT"}}}
{"ts":1675702986961019711,"msg":"","group_id":"cypress-provider","run_id":"cfgj3mnrirfnreujfgeg","event":{"message_event":{"message":"Provided CID: QmYigrr9erPWMnVKfw74wV1KvjZ18mtzEzv7iFbWDh5VdP"}}}
{"ts":1675702987069698169,"msg":"","group_id":"cypress-provider","run_id":"cfgj3mnrirfnreujfgeg","event":{"message_event":{"message":"Provided CID: Qmbtbn2iDC1YBbrN2WYgyscVXM5vws3ZoA4gT8YKzKMXgX"}}}
{"ts":1675702989988123462,"msg":"","group_id":"cypress-provider","run_id":"cfgj3mnrirfnreujfgeg","event":{"message_event":{"message":"Provided CID: QmQZkMNdV3rH6umvxCwWEdoj4TjWyAxNuLxbXEigd8iKqU"}}}
{"ts":1675702990057079129,"msg":"","group_id":"cypress-provider","run_id":"cfgj3mnrirfnreujfgeg","event":{"message_event":{"message":"name: signal provider-records1; uint: ns; time: %!d(float64=5.113708e+06)"}}}
{"ts":1675702990101662337,"msg":"","group_id":"cypress-provider","run_id":"cfgj3mnrirfnreujfgeg","event":{"message_event":{"message":"signal provider-records1%!(EXTRA float64=4.9280833e+07)"}}}
{"ts":1675702990165737837,"msg":"","group_id":"cypress-provider","run_id":"cfgj3mnrirfnreujfgeg","event":{"message_event":{"message":"name: barrier provider-records1; uint: ns; time: %!d(float64=541)"}}}
{"ts":1675702998492182008,"msg":"","group_id":"cypress-provider","run_id":"cfgj3mnrirfnreujfgeg","event":{"message_event":{"message":"barrierprovider-records1%!(EXTRA float64=8.326451004e+09)"}}}
{"ts":1675702998574697966,"msg":"","group_id":"cypress-provider","run_id":"cfgj3mnrirfnreujfgeg","event":{"message_event":{"message":"name: full provider-records1; uint: ns; time: %!d(float64=8.408965129e+09)"}}}
{"ts":1675702998606707341,"msg":"","group_id":"cypress-provider","run_id":"cfgj3mnrirfnreujfgeg","event":{"message_event":{"message":"full provider-records1%!(EXTRA float64=6.7800223947e+10)"}}}
{"ts":1675703012700068750,"msg":"","group_id":"cypress-provider","run_id":"cfgj3mnrirfnreujfgeg","event":{"message_event":{"message":"failed to send batch to InfluxDB; attempt 0; err: Post \"http://testground-influxdb:8086/write?consistency=&db=testground&precision=ns&rp=\": context deadline exceeded (Client.Timeout exceeded while awaiting headers)"}}}
{"ts":1675703021869251338,"msg":"","group_id":"cypress-provider","run_id":"cfgj3mnrirfnreujfgeg","event":{"message_event":{"message":"failed to send batch to InfluxDB; attempt 1; err: Post \"http://testground-influxdb:8086/write?consistency=&db=testground&precision=ns&rp=\": context deadline exceeded (Client.Timeout exceeded while awaiting headers)"}}}
{"ts":1675703030077715342,"msg":"","group_id":"cypress-provider","run_id":"cfgj3mnrirfnreujfgeg","event":{"message_event":{"message":"failed to send batch to InfluxDB; attempt 2; err: Post \"http://testground-influxdb:8086/write?consistency=&db=testground&precision=ns&rp=\": context deadline exceeded (Client.Timeout exceeded while awaiting headers)"}}}
{"ts":1675703037652877346,"msg":"","group_id":"cypress-provider","run_id":"cfgj3mnrirfnreujfgeg","event":{"message_event":{"message":"failed to send batch to InfluxDB; attempt 3; err: Post \"http://testground-influxdb:8086/write?consistency=&db=testground&precision=ns&rp=\": context deadline exceeded (Client.Timeout exceeded while awaiting headers)"}}}
{"ts":1675703061444862384,"msg":"","group_id":"cypress-provider","run_id":"cfgj3mnrirfnreujfgeg","event":{"message_event":{"message":"failed to send batch to InfluxDB; attempt 0; err: Post \"http://testground-influxdb:8086/write?consistency=&db=testground&precision=ns&rp=\": context deadline exceeded (Client.Timeout exceeded while awaiting headers)"}}}
{"ts":1675703067404080054,"msg":"","group_id":"cypress-provider","run_id":"cfgj3mnrirfnreujfgeg","event":{"message_event":{"message":"failed to send batch to InfluxDB; attempt 1; err: Post \"http://testground-influxdb:8086/write?consistency=&db=testground&precision=ns&rp=\": context deadline exceeded (Client.Timeout exceeded while awaiting headers)"}}}
{"ts":1675703077869616795,"msg":"","group_id":"cypress-provider","run_id":"cfgj3mnrirfnreujfgeg","event":{"message_event":{"message":"failed to send batch to InfluxDB; attempt 0; err: Post \"http://testground-influxdb:8086/write?consistency=&db=testground&precision=ns&rp=\": context deadline exceeded (Client.Timeout exceeded while awaiting headers)"}}}
{"ts":1675703085293261548,"msg":"","group_id":"cypress-provider","run_id":"cfgj3mnrirfnreujfgeg","event":{"message_event":{"message":"failed to send batch to InfluxDB; attempt 1; err: Post \"http://testground-influxdb:8086/write?consistency=&db=testground&precision=ns&rp=\": context deadline exceeded (Client.Timeout exceeded while awaiting headers)"}}}
{"ts":1675703091962367385,"msg":"","group_id":"cypress-provider","run_id":"cfgj3mnrirfnreujfgeg","event":{"message_event":{"message":"failed to send batch to InfluxDB; attempt 2; err: Post \"http://testground-influxdb:8086/write?consistency=&db=testground&precision=ns&rp=\": context deadline exceeded (Client.Timeout exceeded while awaiting headers)"}}}
{"ts":1675703102027503667,"msg":"","group_id":"cypress-provider","run_id":"cfgj3mnrirfnreujfgeg","event":{"message_event":{"message":"failed to send batch to InfluxDB; attempt 3; err: Post \"http://testground-influxdb:8086/write?consistency=&db=testground&precision=ns&rp=\": context deadline exceeded (Client.Timeout exceeded while awaiting headers)"}}}
{"ts":1675703120816108384,"msg":"","group_id":"cypress-provider","run_id":"cfgj3mnrirfnreujfgeg","event":{"message_event":{"message":"failed to send batch to InfluxDB; attempt 4; err: Post \"http://testground-influxdb:8086/write?consistency=&db=testground&precision=ns&rp=\": context deadline exceeded (Client.Timeout exceeded while awaiting headers)"}}}
{"ts":1675703120919261842,"msg":"","group_id":"cypress-provider","run_id":"cfgj3mnrirfnreujfgeg","event":{"message_event":{"message":"influxdb: failed to upload 128 points; err: All attempts fail:\n#1: Post \"http://testground-influxdb:8086/write?consistency=&db=testground&precision=ns&rp=\": context deadline exceeded (Client.Timeout exceeded while awaiting headers)\n#2: Post \"http://testground-influxdb:8086/write?consistency=&db=testground&precision=ns&rp=\": context deadline exceeded (Client.Timeout exceeded while awaiting headers)\n#3: Post \"http://testground-influxdb:8086/write?consistency=&db=testground&precision=ns&rp=\": context deadline exceeded (Client.Timeout exceeded while awaiting headers)\n#4: Post \"http://testground-influxdb:8086/write?consistency=&db=testground&precision=ns&rp=\": context deadline exceeded (Client.Timeout exceeded while awaiting headers)\n#5: Post \"http://testground-influxdb:8086/write?consistency=&db=testground&precision=ns&rp=\": context deadline exceeded (Client.Timeout exceeded while awaiting headers)"}}}
{"ts":1675703147483757674,"msg":"","group_id":"cypress-provider","run_id":"cfgj3mnrirfnreujfgeg","event":{"message_event":{"message":"name: signal provider-records2; uint: ns; time: %!d(float64=1.944075e+07)"}}}
{"ts":1675703147536305674,"msg":"","group_id":"cypress-provider","run_id":"cfgj3mnrirfnreujfgeg","event":{"message_event":{"message":"signal provider-records2%!(EXTRA float64=7.1984042e+07)"}}}
{"ts":1675703147569182674,"msg":"","group_id":"cypress-provider","run_id":"cfgj3mnrirfnreujfgeg","event":{"message_event":{"message":"name: barrier provider-records2; uint: ns; time: %!d(float64=167)"}}}
{"ts":1675703160698162764,"msg":"","group_id":"cypress-provider","run_id":"cfgj3mnrirfnreujfgeg","event":{"message_event":{"message":"barrierprovider-records2%!(EXTRA float64=1.312896359e+10)"}}}
{"ts":1675703161472764431,"msg":"","group_id":"cypress-provider","run_id":"cfgj3mnrirfnreujfgeg","event":{"message_event":{"message":"name: full provider-records2; uint: ns; time: %!d(float64=1.3903577798e+10)"}}}
{"ts":1675703161488399681,"msg":"","group_id":"cypress-provider","run_id":"cfgj3mnrirfnreujfgeg","event":{"message_event":{"message":"full provider-records2%!(EXTRA float64=1.60359881323e+11)"}}}
{"ts":1675703162198857666,"msg":"","group_id":"cypress-provider","run_id":"cfgj3mnrirfnreujfgeg","event":{"success_event":{"group":"cypress-provider"}}}
{"ts":1675703169748573878,"msg":"","group_id":"cypress-provider","run_id":"cfgj3mnrirfnreujfgeg","event":{"message_event":{"message":"failed to send batch to InfluxDB; attempt 0; err: Post \"http://testground-influxdb:8086/write?consistency=&db=testground&precision=ns&rp=\": context deadline exceeded (Client.Timeout exceeded while awaiting headers)"}}}
{"ts":1675703177759564299,"msg":"","group_id":"cypress-provider","run_id":"cfgj3mnrirfnreujfgeg","event":{"message_event":{"message":"failed to send batch to InfluxDB; attempt 0; err: Post \"http://testground-influxdb:8086/write?consistency=&db=testground&precision=ns&rp=\": context deadline exceeded (Client.Timeout exceeded while awaiting headers)"}}}
{"ts":1675703183443732885,"msg":"","group_id":"cypress-provider","run_id":"cfgj3mnrirfnreujfgeg","event":{"message_event":{"message":"failed to send batch to InfluxDB; attempt 1; err: Post \"http://testground-influxdb:8086/write?consistency=&db=testground&precision=ns&rp=\": context deadline exceeded (Client.Timeout exceeded while awaiting headers)"}}}
{"ts":1675703189828515721,"msg":"","group_id":"cypress-provider","run_id":"cfgj3mnrirfnreujfgeg","event":{"message_event":{"message":"failed to send batch to InfluxDB; attempt 2; err: Post \"http://testground-influxdb:8086/write?consistency=&db=testground&precision=ns&rp=\": context deadline exceeded (Client.Timeout exceeded while awaiting headers)"}}}
