{"level":"info","ts":1674069277993245209,"msg":"br","From":"12D3KooWGve8Xnd9qBGe7YSXskiD386LmWuWEhQjVhyLFQBiKou5","To":"12D3KooW9yvKfP5HgVaLnNaxWywo3pLAEypk7wjUcpgKwLznk5gQ"}
{"level":"info","ts":1674069278063085500,"msg":"br","From":"12D3KooWGve8Xnd9qBGe7YSXskiD386LmWuWEhQjVhyLFQBiKou5","To":"12D3KooWKCz8coBHWrFr7Z3ZZekUTsZdm9bUTuKQBbX6tTvKhqmy"}
{"level":"info","ts":1674069278096616667,"msg":"br","From":"12D3KooWGve8Xnd9qBGe7YSXskiD386LmWuWEhQjVhyLFQBiKou5","To":"12D3KooWM4yJB31d4hF2F9Vdwuj9WFo1qonoySyw4bVAQ9a9d21o"}
{"level":"info","ts":1674069278107675792,"msg":"br","From":"12D3KooWGve8Xnd9qBGe7YSXskiD386LmWuWEhQjVhyLFQBiKou5","To":"12D3KooWNEWRB7PnuZs164xaA9QWM3iZHekHyEQo5qGP5KCHHuSN"}
{"level":"info","ts":1674069278127927084,"msg":"br","From":"12D3KooWGve8Xnd9qBGe7YSXskiD386LmWuWEhQjVhyLFQBiKou5","To":"12D3KooWFB7QisaHRFaMwskj6JE4vuoruNMSRNL4pfL2WEReWzMd"}
{"level":"info","ts":1674069278835833042,"msg":"ar","From":"12D3KooWGve8Xnd9qBGe7YSXskiD386LmWuWEhQjVhyLFQBiKou5","To":"12D3KooWH7AZDg4C1XecakNbagg7LaR3AHqyxr3obNismNfpW1U2"}
{"level":"info","ts":1674069278851368417,"msg":"ar","From":"12D3KooWGve8Xnd9qBGe7YSXskiD386LmWuWEhQjVhyLFQBiKou5","To":"12D3KooWGBmjmt6Am4j4CWyLRd36hqj1dDKstAyLaeePmEUt7cUp"}
{"level":"info","ts":1674069278859556542,"msg":"ar","From":"12D3KooWGve8Xnd9qBGe7YSXskiD386LmWuWEhQjVhyLFQBiKou5","To":"12D3KooW9yvKfP5HgVaLnNaxWywo3pLAEypk7wjUcpgKwLznk5gQ"}
{"level":"info","ts":1674069278872171542,"msg":"ar","From":"12D3KooWGve8Xnd9qBGe7YSXskiD386LmWuWEhQjVhyLFQBiKou5","To":"12D3KooWKCz8coBHWrFr7Z3ZZekUTsZdm9bUTuKQBbX6tTvKhqmy"}
{"level":"info","ts":1674069278877870709,"msg":"ar","From":"12D3KooWGve8Xnd9qBGe7YSXskiD386LmWuWEhQjVhyLFQBiKou5","To":"12D3KooWKVutoujmd2QtYCFPk6WtyU9xvAgYxFXvqLVGcBHocnmG"}
{"level":"info","ts":1674069278883328626,"msg":"ar","From":"12D3KooWGve8Xnd9qBGe7YSXskiD386LmWuWEhQjVhyLFQBiKou5","To":"12D3KooWPwVR5DRz8H7Qvmp1i7c3BmEJLsbXBvLBCDY5tikyx2yu"}
{"level":"info","ts":1674069278886119709,"msg":"ar","From":"12D3KooWGve8Xnd9qBGe7YSXskiD386LmWuWEhQjVhyLFQBiKou5","To":"12D3KooWNEWRB7PnuZs164xaA9QWM3iZHekHyEQo5qGP5KCHHuSN"}
{"level":"info","ts":1674069278894034834,"msg":"ar","From":"12D3KooWGve8Xnd9qBGe7YSXskiD386LmWuWEhQjVhyLFQBiKou5","To":"12D3KooWM4yJB31d4hF2F9Vdwuj9WFo1qonoySyw4bVAQ9a9d21o"}
{"level":"info","ts":1674069278899001042,"msg":"ar","From":"12D3KooWGve8Xnd9qBGe7YSXskiD386LmWuWEhQjVhyLFQBiKou5","To":"12D3KooWFB7QisaHRFaMwskj6JE4vuoruNMSRNL4pfL2WEReWzMd"}
{"level":"info","ts":1674069278904765459,"msg":"ar","From":"12D3KooWGve8Xnd9qBGe7YSXskiD386LmWuWEhQjVhyLFQBiKou5","To":"12D3KooWFqdBYPrtwErMosomvD4uRtVhXQdqqZZHC3NCBZYVxr4t"}
{"level":"info","ts":1674069282754316419,"msg":"at","From":"12D3KooWGve8Xnd9qBGe7YSXskiD386LmWuWEhQjVhyLFQBiKou5","To":"12D3KooWKCz8coBHWrFr7Z3ZZekUTsZdm9bUTuKQBbX6tTvKhqmy"}
{"level":"info","ts":1674069282799197253,"msg":"at","From":"12D3KooWGve8Xnd9qBGe7YSXskiD386LmWuWEhQjVhyLFQBiKou5","To":"12D3KooWKVutoujmd2QtYCFPk6WtyU9xvAgYxFXvqLVGcBHocnmG"}
{"level":"info","ts":1674069282808048044,"msg":"at","From":"12D3KooWGve8Xnd9qBGe7YSXskiD386LmWuWEhQjVhyLFQBiKou5","To":"12D3KooWNEWRB7PnuZs164xaA9QWM3iZHekHyEQo5qGP5KCHHuSN"}
{"level":"info","ts":1674069282861061253,"msg":"at","From":"12D3KooWGve8Xnd9qBGe7YSXskiD386LmWuWEhQjVhyLFQBiKou5","To":"12D3KooWM4yJB31d4hF2F9Vdwuj9WFo1qonoySyw4bVAQ9a9d21o"}
{"level":"info","ts":1674069282865160669,"msg":"at","From":"12D3KooWGve8Xnd9qBGe7YSXskiD386LmWuWEhQjVhyLFQBiKou5","To":"12D3KooWFB7QisaHRFaMwskj6JE4vuoruNMSRNL4pfL2WEReWzMd"}
{"level":"info","ts":1674069282901215378,"msg":"at","From":"12D3KooWGve8Xnd9qBGe7YSXskiD386LmWuWEhQjVhyLFQBiKou5","To":"12D3KooW9yvKfP5HgVaLnNaxWywo3pLAEypk7wjUcpgKwLznk5gQ"}
{"level":"info","ts":1674069283896338920,"msg":"ab","From":"12D3KooWGve8Xnd9qBGe7YSXskiD386LmWuWEhQjVhyLFQBiKou5","To":"12D3KooWNEWRB7PnuZs164xaA9QWM3iZHekHyEQo5qGP5KCHHuSN"}
{"level":"info","ts":1674069283901690878,"msg":"ab","From":"12D3KooWGve8Xnd9qBGe7YSXskiD386LmWuWEhQjVhyLFQBiKou5","To":"12D3KooWM4yJB31d4hF2F9Vdwuj9WFo1qonoySyw4bVAQ9a9d21o"}
{"level":"info","ts":1674069283908492753,"msg":"ab","From":"12D3KooWGve8Xnd9qBGe7YSXskiD386LmWuWEhQjVhyLFQBiKou5","To":"12D3KooWFB7QisaHRFaMwskj6JE4vuoruNMSRNL4pfL2WEReWzMd"}
{"level":"info","ts":1674069283931756003,"msg":"ab","From":"12D3KooWGve8Xnd9qBGe7YSXskiD386LmWuWEhQjVhyLFQBiKou5","To":"12D3KooW9yvKfP5HgVaLnNaxWywo3pLAEypk7wjUcpgKwLznk5gQ"}
{"level":"info","ts":1674069283953695128,"msg":"ab","From":"12D3KooWGve8Xnd9qBGe7YSXskiD386LmWuWEhQjVhyLFQBiKou5","To":"12D3KooWKCz8coBHWrFr7Z3ZZekUTsZdm9bUTuKQBbX6tTvKhqmy"}
{"level":"info","ts":1674069283965572795,"msg":"ab","From":"12D3KooWGve8Xnd9qBGe7YSXskiD386LmWuWEhQjVhyLFQBiKou5","To":"12D3KooWKVutoujmd2QtYCFPk6WtyU9xvAgYxFXvqLVGcBHocnmG"}
{"level":"info","ts":1674069371148763835,"msg":"after_provide","From":"12D3KooWGve8Xnd9qBGe7YSXskiD386LmWuWEhQjVhyLFQBiKou5","To":"12D3KooWFB7QisaHRFaMwskj6JE4vuoruNMSRNL4pfL2WEReWzMd"}
{"level":"info","ts":1674069371892938377,"msg":"after_provide","From":"12D3KooWGve8Xnd9qBGe7YSXskiD386LmWuWEhQjVhyLFQBiKou5","To":"12D3KooWDf6Jpo3XnCHoQ7uXMpxS3RbZrysd9Z7iGWLqyQ8K87VZ"}
{"level":"info","ts":1674069372584822336,"msg":"after_provide","From":"12D3KooWGve8Xnd9qBGe7YSXskiD386LmWuWEhQjVhyLFQBiKou5","To":"12D3KooWKCz8coBHWrFr7Z3ZZekUTsZdm9bUTuKQBbX6tTvKhqmy"}
{"level":"info","ts":1674069372684055877,"msg":"after_provide","From":"12D3KooWGve8Xnd9qBGe7YSXskiD386LmWuWEhQjVhyLFQBiKou5","To":"12D3KooWFJGAAPuFWEeZUVvSEs7dEGnzgCyBpVuYAx8R9WmSNMe7"}
{"level":"info","ts":1674069372837470794,"msg":"after_provide","From":"12D3KooWGve8Xnd9qBGe7YSXskiD386LmWuWEhQjVhyLFQBiKou5","To":"12D3KooWKVutoujmd2QtYCFPk6WtyU9xvAgYxFXvqLVGcBHocnmG"}
{"level":"info","ts":1674069372945101628,"msg":"after_provide","From":"12D3KooWGve8Xnd9qBGe7YSXskiD386LmWuWEhQjVhyLFQBiKou5","To":"12D3KooWSVahexScA4jt5HsavZut74osC2MWonEzXfNpPhhVj9eq"}
{"level":"info","ts":1674069373005027503,"msg":"after_provide","From":"12D3KooWGve8Xnd9qBGe7YSXskiD386LmWuWEhQjVhyLFQBiKou5","To":"12D3KooWHHzSeKaY8xuZVzkLbKFfvNgPPeKhFBGrMbNzbm5akpqu"}
{"level":"info","ts":1674069373017204919,"msg":"after_provide","From":"12D3KooWGve8Xnd9qBGe7YSXskiD386LmWuWEhQjVhyLFQBiKou5","To":"12D3KooWM4yJB31d4hF2F9Vdwuj9WFo1qonoySyw4bVAQ9a9d21o"}
