{"ts":1676964079046747508,"msg":"","group_id":"cypress-provider","run_id":"cfq713frirfjcn7dfc90","event":{"message_event":{"message":"registering default http handler at: http://[::]:6060/ (pprof: http://[::]:6060/debug/pprof/)"}}}
{"ts":1676964079095473925,"msg":"","group_id":"cypress-provider","run_id":"cfq713frirfjcn7dfc90","event":{"start_event":{"runenv":{"plan":"dht","case":"find-providers","run":"cfq713frirfjcn7dfc90","params":{"alpha":"10","auto_refresh":"true","beta":"3","bootstrapper":"true","bs_strategy":"3","bucket_size":"20","client_mode":"false","datastore":"0","expect_dht":"true","group_order":"1","latency":"100","peer_id_seed":"0","random_walk":"false","record_count":"20","record_seed":"0","search_records":"true","timeout_secs":"2000","undialable":"false"},"instances":40,"outputs_path":"/outputs","temp_path":"/temp","network":"16.137.0.0/16","group":"cypress-provider","group_instances":40}}}}
{"ts":1676964079173507300,"msg":"","group_id":"cypress-provider","run_id":"cfq713frirfjcn7dfc90","event":{"message_event":{"message":"waiting for network to initialize"}}}
{"ts":1676964080012518800,"msg":"","group_id":"cypress-provider","run_id":"cfq713frirfjcn7dfc90","event":{"message_event":{"message":"failed to send batch to InfluxDB; attempt 0; err: Post \"http://testground-influxdb:8086/write?consistency=&db=testground&precision=ns&rp=\": dial tcp 192.18.0.5:8086: connect: connection refused"}}}
{"ts":1676964080593237092,"msg":"","group_id":"cypress-provider","run_id":"cfq713frirfjcn7dfc90","event":{"message_event":{"message":"failed to send batch to InfluxDB; attempt 1; err: Post \"http://testground-influxdb:8086/write?consistency=&db=testground&precision=ns&rp=\": dial tcp 192.18.0.5:8086: connect: connection refused"}}}
{"ts":1676964081661098009,"msg":"","group_id":"cypress-provider","run_id":"cfq713frirfjcn7dfc90","event":{"message_event":{"message":"failed to send batch to InfluxDB; attempt 2; err: Post \"http://testground-influxdb:8086/write?consistency=&db=testground&precision=ns&rp=\": dial tcp 192.18.0.5:8086: connect: connection refused"}}}
{"ts":1676964081727768467,"msg":"","group_id":"cypress-provider","run_id":"cfq713frirfjcn7dfc90","event":{"message_event":{"message":"network initialisation successful"}}}
{"ts":1676964081776266134,"msg":"","group_id":"cypress-provider","run_id":"cfq713frirfjcn7dfc90","event":{"message_event":{"message":"network initialization complete"}}}
{"ts":1676964081838554759,"msg":"","group_id":"cypress-provider","run_id":"cfq713frirfjcn7dfc90","event":{"message_event":{"message":"claimed sequence numbers; global=12, group(cypress-provider)=13"}}}
{"ts":1676964081846305217,"msg":"","group_id":"cypress-provider","run_id":"cfq713frirfjcn7dfc90","event":{"message_event":{"message":"Finding providers"}}}
{"ts":1676964082049627259,"msg":"","group_id":"cypress-provider","run_id":"cfq713frirfjcn7dfc90","event":{"message_event":{"message":"network initialisation successful"}}}
{"ts":1676964082100089343,"msg":"","group_id":"cypress-provider","run_id":"cfq713frirfjcn7dfc90","event":{"message_event":{"message":"SetupNetwork, network setup completed"}}}
{"ts":1676964082413711468,"msg":"","group_id":"cypress-provider","run_id":"cfq713frirfjcn7dfc90","event":{"message_event":{"message":"there are 1 groups map[cypress-provider:0x400192c8d0]"}}}
{"ts":1676964082434472259,"msg":"","group_id":"cypress-provider","run_id":"cfq713frirfjcn7dfc90","event":{"message_event":{"message":"setGroupInfo, sortedGroup:%!(EXTRA []string=[cypress-provider])"}}}
{"ts":1676964082445587384,"msg":"","group_id":"cypress-provider","run_id":"cfq713frirfjcn7dfc90","event":{"message_event":{"message":"past group info"}}}
{"ts":1676964082456333759,"msg":"","group_id":"cypress-provider","run_id":"cfq713frirfjcn7dfc90","event":{"message_event":{"message":"connmgr parameters: hi=12, lo=6"}}}
{"ts":1676964082474679301,"msg":"","group_id":"cypress-provider","run_id":"cfq713frirfjcn7dfc90","event":{"message_event":{"message":"creating DHT"}}}
{"ts":1676964082486024343,"msg":"","group_id":"cypress-provider","run_id":"cfq713frirfjcn7dfc90","event":{"message_event":{"message":"creating DHT successful"}}}
{"ts":1676964082493575134,"msg":"","group_id":"cypress-provider","run_id":"cfq713frirfjcn7dfc90","event":{"message_event":{"message":"supporting protocol:%!(EXTRA string=/p2p/id/delta/1.0.0)"}}}
{"ts":1676964082508751134,"msg":"","group_id":"cypress-provider","run_id":"cfq713frirfjcn7dfc90","event":{"message_event":{"message":"supporting protocol:%!(EXTRA string=/ipfs/id/1.0.0)"}}}
{"ts":1676964082528191926,"msg":"","group_id":"cypress-provider","run_id":"cfq713frirfjcn7dfc90","event":{"message_event":{"message":"supporting protocol:%!(EXTRA string=/ipfs/id/push/1.0.0)"}}}
{"ts":1676964082542773759,"msg":"","group_id":"cypress-provider","run_id":"cfq713frirfjcn7dfc90","event":{"message_event":{"message":"supporting protocol:%!(EXTRA string=/ipfs/ping/1.0.0)"}}}
{"ts":1676964082553015051,"msg":"","group_id":"cypress-provider","run_id":"cfq713frirfjcn7dfc90","event":{"message_event":{"message":"supporting protocol:%!(EXTRA string=/libp2p/circuit/relay/0.1.0)"}}}
{"ts":1676964082561751093,"msg":"","group_id":"cypress-provider","run_id":"cfq713frirfjcn7dfc90","event":{"message_event":{"message":"supporting protocol:%!(EXTRA string=/libp2p/circuit/relay/0.2.0/stop)"}}}
{"ts":1676964082570040885,"msg":"","group_id":"cypress-provider","run_id":"cfq713frirfjcn7dfc90","event":{"message_event":{"message":"supporting protocol:%!(EXTRA string=/libp2p/autonat/1.0.0)"}}}
{"ts":1676964082583449510,"msg":"","group_id":"cypress-provider","run_id":"cfq713frirfjcn7dfc90","event":{"message_event":{"message":"supporting protocol:%!(EXTRA string=/testground/kad/1.0.0)"}}}
{"ts":1676964083138642218,"msg":"","group_id":"cypress-provider","run_id":"cfq713frirfjcn7dfc90","event":{"message_event":{"message":"19 is waiting on 0 from state 0"}}}
{"ts":1676964083184476260,"msg":"requested a barrier with target zero; satisfying immediately","group_id":"cypress-provider","run_id":"cfq713frirfjcn7dfc90","state":"boostrap-gradual1-0"}
{"ts":1676964083187076926,"msg":"","group_id":"cypress-provider","run_id":"cfq713frirfjcn7dfc90","event":{"message_event":{"message":"19 is running"}}}
{"ts":1676964083240678885,"msg":"","group_id":"cypress-provider","run_id":"cfq713frirfjcn7dfc90","event":{"message_event":{"message":"Dial to all other peers"}}}
{"ts":1676964083246473968,"msg":"","group_id":"cypress-provider","run_id":"cfq713frirfjcn7dfc90","event":{"message_event":{"message":"dialling peer 12D3KooWNentwzsa1BpUkXPJWYBg3riYQ64XM9JUCfoVt4KqwKdw (attempt 1)"}}}
{"ts":1676964083309307510,"msg":"","group_id":"cypress-provider","run_id":"cfq713frirfjcn7dfc90","event":{"message_event":{"message":"Connect, successfully dialed peer: %!(EXTRA peer.AddrInfo={12D3KooWNentwzsa1BpUkXPJWYBg3riYQ64XM9JUCfoVt4KqwKdw: [/ip4/16.137.0.38/tcp/38193]})"}}}
{"ts":1676964083326746968,"msg":"","group_id":"cypress-provider","run_id":"cfq713frirfjcn7dfc90","event":{"message_event":{"message":"dialling peer 12D3KooWM4yJB31d4hF2F9Vdwuj9WFo1qonoySyw4bVAQ9a9d21o (attempt 1)"}}}
{"ts":1676964083470195885,"msg":"","group_id":"cypress-provider","run_id":"cfq713frirfjcn7dfc90","event":{"message_event":{"message":"Connect, successfully dialed peer: %!(EXTRA peer.AddrInfo={12D3KooWM4yJB31d4hF2F9Vdwuj9WFo1qonoySyw4bVAQ9a9d21o: [/ip4/16.137.0.16/tcp/38477]})"}}}
{"ts":1676964083537048177,"msg":"","group_id":"cypress-provider","run_id":"cfq713frirfjcn7dfc90","event":{"message_event":{"message":"dialling peer 12D3KooWFqdBYPrtwErMosomvD4uRtVhXQdqqZZHC3NCBZYVxr4t (attempt 1)"}}}
{"ts":1676964083855467927,"msg":"","group_id":"cypress-provider","run_id":"cfq713frirfjcn7dfc90","event":{"message_event":{"message":"failed to send batch to InfluxDB; attempt 3; err: Post \"http://testground-influxdb:8086/write?consistency=&db=testground&precision=ns&rp=\": dial tcp 192.18.0.5:8086: connect: connection refused"}}}
{"ts":1676964084267326510,"msg":"","group_id":"cypress-provider","run_id":"cfq713frirfjcn7dfc90","event":{"message_event":{"message":"Connect, successfully dialed peer: %!(EXTRA peer.AddrInfo={12D3KooWFqdBYPrtwErMosomvD4uRtVhXQdqqZZHC3NCBZYVxr4t: [/ip4/16.137.0.17/tcp/33399]})"}}}
{"ts":1676964115019902927,"msg":"","group_id":"cypress-provider","run_id":"cfq713frirfjcn7dfc90","event":{"message_event":{"message":"bootstrap: everyone table ready"}}}
{"ts":1676964115455686261,"msg":"","group_id":"cypress-provider","run_id":"cfq713frirfjcn7dfc90","event":{"message_event":{"message":"19 is done - waiting for 39"}}}
{"ts":1676964115475146719,"msg":"","group_id":"cypress-provider","run_id":"cfq713frirfjcn7dfc90","event":{"message_event":{"message":"19 passed the barrier"}}}
{"ts":1676964117480005262,"msg":"","group_id":"cypress-provider","run_id":"cfq713frirfjcn7dfc90","event":{"message_event":{"message":"bootstrap: begin trim"}}}
{"ts":1676964118146950679,"msg":"","group_id":"cypress-provider","run_id":"cfq713frirfjcn7dfc90","event":{"message_event":{"message":"name: signal bootstrapping0; uint: ns; time: %!d(float64=1.981166e+06)"}}}
{"ts":1676964118154033679,"msg":"","group_id":"cypress-provider","run_id":"cfq713frirfjcn7dfc90","event":{"message_event":{"message":"signal bootstrapping0%!(EXTRA float64=9.430625e+06)"}}}
{"ts":1676964118163699637,"msg":"","group_id":"cypress-provider","run_id":"cfq713frirfjcn7dfc90","event":{"message_event":{"message":"name: barrier bootstrapping0; uint: ns; time: %!d(float64=166)"}}}
{"ts":1676964118197037721,"msg":"","group_id":"cypress-provider","run_id":"cfq713frirfjcn7dfc90","event":{"message_event":{"message":"barrierbootstrapping0%!(EXTRA float64=3.3347833e+07)"}}}
{"ts":1676964118225263387,"msg":"","group_id":"cypress-provider","run_id":"cfq713frirfjcn7dfc90","event":{"message_event":{"message":"name: full bootstrapping0; uint: ns; time: %!d(float64=6.1567042e+07)"}}}
{"ts":1676964118238808846,"msg":"","group_id":"cypress-provider","run_id":"cfq713frirfjcn7dfc90","event":{"message_event":{"message":"full bootstrapping0%!(EXTRA float64=3.5102928183e+10)"}}}
{"ts":1676964118744516721,"msg":"","group_id":"cypress-provider","run_id":"cfq713frirfjcn7dfc90","event":{"message_event":{"message":"bootstrap: finished with 32 connections, 39 in the routing table"}}}
{"ts":1676964118754824721,"msg":"","group_id":"cypress-provider","run_id":"cfq713frirfjcn7dfc90","event":{"message_event":{"message":"table health: {\"IdealDepth\":5,\"ActualDepth\":9,\"Bucket\":[{\"Depth\":1,\"MaxKnownContacts\":16,\"ActualKnownContacts\":16,\"ActualUnknownContacts\":0},{\"Depth\":2,\"MaxKnownContacts\":10,\"ActualKnownContacts\":10,\"ActualUnknownContacts\":0},{\"Depth\":3,\"MaxKnownContacts\":6,\"ActualKnownContacts\":6,\"ActualUnknownContacts\":0},{\"Depth\":4,\"MaxKnownContacts\":3,\"ActualKnownContacts\":3,\"ActualUnknownContacts\":0},{\"Depth\":5,\"MaxKnownContacts\":0,\"ActualKnownContacts\":0,\"ActualUnknownContacts\":0},{\"Depth\":5,\"MaxKnownContacts\":3,\"ActualKnownContacts\":3,\"ActualUnknownContacts\":0},{\"Depth\":6,\"MaxKnownContacts\":0,\"ActualKnownContacts\":0,\"ActualUnknownContacts\":0},{\"Depth\":7,\"MaxKnownContacts\":0,\"ActualKnownContacts\":0,\"ActualUnknownContacts\":0},{\"Depth\":9,\"MaxKnownContacts\":1,\"ActualKnownContacts\":1,\"ActualUnknownContacts\":0}]}"}}}
{"ts":1676964118773525804,"msg":"","group_id":"cypress-provider","run_id":"cfq713frirfjcn7dfc90","event":{"message_event":{"message":"bootstrap: done"}}}
{"ts":1676964118784937596,"msg":"","group_id":"cypress-provider","run_id":"cfq713frirfjcn7dfc90","event":{"message_event":{"message":"Bootstrap phase ended"}}}
{"ts":1676964119138730513,"msg":"","group_id":"cypress-provider","run_id":"cfq713frirfjcn7dfc90","event":{"message_event":{"message":"SetupNetwork, network setup completed"}}}
{"ts":1676964119147483221,"msg":"","group_id":"cypress-provider","run_id":"cfq713frirfjcn7dfc90","event":{"message_event":{"message":"getRecords, record count > 0"}}}
{"ts":1676964119154990471,"msg":"","group_id":"cypress-provider","run_id":"cfq713frirfjcn7dfc90","event":{"message_event":{"message":"getRecords, searchRecords: %!(EXTRA []*test.ProviderRecordSubmission=[0x400198dbc0])"}}}
{"ts":1676964119184656471,"msg":"","group_id":"cypress-provider","run_id":"cfq713frirfjcn7dfc90","event":{"message_event":{"message":"start provide loop"}}}
{"ts":1676964135421787923,"msg":"","group_id":"cypress-provider","run_id":"cfq713frirfjcn7dfc90","event":{"message_event":{"message":"Provided CID: QmXyoMntxMK4Z9uuruxACuyTV7kwdSEyjtxNhWbznehRUr"}}}
{"ts":1676964136529132382,"msg":"","group_id":"cypress-provider","run_id":"cfq713frirfjcn7dfc90","event":{"message_event":{"message":"Provided CID: QmQHFH1e6p6NGjLiA3rVJHRYzS7qBhfbKGGajQZ26u1PuE"}}}
{"ts":1676964136695477298,"msg":"","group_id":"cypress-provider","run_id":"cfq713frirfjcn7dfc90","event":{"message_event":{"message":"Provided CID: Qmbtbn2iDC1YBbrN2WYgyscVXM5vws3ZoA4gT8YKzKMXgX"}}}
{"ts":1676964136745466048,"msg":"","group_id":"cypress-provider","run_id":"cfq713frirfjcn7dfc90","event":{"message_event":{"message":"Provided CID: QmYigrr9erPWMnVKfw74wV1KvjZ18mtzEzv7iFbWDh5VdP"}}}
{"ts":1676964136849524840,"msg":"","group_id":"cypress-provider","run_id":"cfq713frirfjcn7dfc90","event":{"message_event":{"message":"Provided CID: QmeT46kQsiffrH7MdGfNpkgaKGfKUnZw6bEw5APTU27WPz"}}}
{"ts":1676964136851464132,"msg":"","group_id":"cypress-provider","run_id":"cfq713frirfjcn7dfc90","event":{"message_event":{"message":"Provided CID: QmYFqavMPJvzLNnh6wYdHLAR7iiix7mPrpbJaXRGMVBxzb"}}}
{"ts":1676964136950258882,"msg":"","group_id":"cypress-provider","run_id":"cfq713frirfjcn7dfc90","event":{"message_event":{"message":"Provided CID: QmSSrDtDK5LvFTnBAgNmjb5tRWcYuExu1qYLrXNv2UdzXE"}}}
{"ts":1676964136989951007,"msg":"","group_id":"cypress-provider","run_id":"cfq713frirfjcn7dfc90","event":{"message_event":{"message":"Provided CID: QmQZkMNdV3rH6umvxCwWEdoj4TjWyAxNuLxbXEigd8iKqU"}}}
{"ts":1676964137006523799,"msg":"","group_id":"cypress-provider","run_id":"cfq713frirfjcn7dfc90","event":{"message_event":{"message":"Provided CID: QmNj8PTJnf4fUCBd6EEAXcvMgfVMnt4CXFkPu968Fwg6YT"}}}
{"ts":1676964137008491257,"msg":"","group_id":"cypress-provider","run_id":"cfq713frirfjcn7dfc90","event":{"message_event":{"message":"Provided CID: QmTzXCJwzJbtQxtpimCKwbyty4yPphQgGZQM2YRN45kMv2"}}}
{"ts":1676964137047412882,"msg":"","group_id":"cypress-provider","run_id":"cfq713frirfjcn7dfc90","event":{"message_event":{"message":"Provided CID: QmS1rxhfhq3FsUuG2TLNSYW6gxrtR4hmfoiajCdWCo7hq5"}}}
{"ts":1676964137062859174,"msg":"","group_id":"cypress-provider","run_id":"cfq713frirfjcn7dfc90","event":{"message_event":{"message":"Provided CID: QmeSZuScRfVhZy4U2CzqmAd5P8uxzgeW2nfbk2k4UyutkT"}}}
{"ts":1676964137092301007,"msg":"","group_id":"cypress-provider","run_id":"cfq713frirfjcn7dfc90","event":{"message_event":{"message":"Provided CID: Qmbwx2wndEZeCm1257gtYyAeXrGNDStgm7YsufAHbyUkDc"}}}
{"ts":1676964137282710799,"msg":"","group_id":"cypress-provider","run_id":"cfq713frirfjcn7dfc90","event":{"message_event":{"message":"Provided CID: QmTeC6qvToLwytK5uruQq4npHWezRWnRXjHm6Gn9h2tsFr"}}}
{"ts":1676964137399390882,"msg":"","group_id":"cypress-provider","run_id":"cfq713frirfjcn7dfc90","event":{"message_event":{"message":"Provided CID: QmY1eF8EB1WVFdF6xzh1C1YkadMojpT4FoEZkqzyprqDoV"}}}
{"ts":1676964137410266382,"msg":"","group_id":"cypress-provider","run_id":"cfq713frirfjcn7dfc90","event":{"message_event":{"message":"Provided CID: QmNnfyApQUXaqj2dsRTthNUBBktYf6seo7BJk7W9Ym56ZH"}}}
{"ts":1676964137489067757,"msg":"","group_id":"cypress-provider","run_id":"cfq713frirfjcn7dfc90","event":{"message_event":{"message":"Provided CID: QmSpZzCdhhyWM7eTNe29nDrPR9xdZR8R4VpGSoTdFq5usz"}}}
{"ts":1676964137705009757,"msg":"","group_id":"cypress-provider","run_id":"cfq713frirfjcn7dfc90","event":{"message_event":{"message":"Provided CID: QmdKMXX7ZqzwxriTXcLtqQJQXThZrgCaiSUERdDZ9Ne95f"}}}
{"ts":1676964137740605174,"msg":"","group_id":"cypress-provider","run_id":"cfq713frirfjcn7dfc90","event":{"message_event":{"message":"Provided CID: QmQNSGk6KsGpAPPAL4PweycsHN5Te4YBvwQY8G9bYWRKpe"}}}
{"ts":1676964137762325591,"msg":"","group_id":"cypress-provider","run_id":"cfq713frirfjcn7dfc90","event":{"message_event":{"message":"Provided CID: QmQw6U12opixMzbVDc384vgh7sia5gUKajDD24oRLaLEqQ"}}}
{"ts":1676964137820457966,"msg":"","group_id":"cypress-provider","run_id":"cfq713frirfjcn7dfc90","event":{"message_event":{"message":"name: signal provider-records1; uint: ns; time: %!d(float64=7.02775e+06)"}}}
{"ts":1676964137866493507,"msg":"","group_id":"cypress-provider","run_id":"cfq713frirfjcn7dfc90","event":{"message_event":{"message":"signal provider-records1%!(EXTRA float64=5.3062125e+07)"}}}
{"ts":1676964137891343007,"msg":"","group_id":"cypress-provider","run_id":"cfq713frirfjcn7dfc90","event":{"message_event":{"message":"name: barrier provider-records1; uint: ns; time: %!d(float64=500)"}}}
{"ts":1676964139996207383,"msg":"","group_id":"cypress-provider","run_id":"cfq713frirfjcn7dfc90","event":{"message_event":{"message":"barrierprovider-records1%!(EXTRA float64=2.104892209e+09)"}}}
{"ts":1676964140024114133,"msg":"","group_id":"cypress-provider","run_id":"cfq713frirfjcn7dfc90","event":{"message_event":{"message":"name: full provider-records1; uint: ns; time: %!d(float64=2.132796168e+09)"}}}
{"ts":1676964140041251133,"msg":"","group_id":"cypress-provider","run_id":"cfq713frirfjcn7dfc90","event":{"message_event":{"message":"full provider-records1%!(EXTRA float64=2.0911892343e+10)"}}}
{"ts":1676964169725088050,"msg":"","group_id":"cypress-provider","run_id":"cfq713frirfjcn7dfc90","event":{"message_event":{"message":"name: signal provider-records2; uint: ns; time: %!d(float64=4.95775e+06)"}}}
{"ts":1676964169730946216,"msg":"","group_id":"cypress-provider","run_id":"cfq713frirfjcn7dfc90","event":{"message_event":{"message":"signal provider-records2%!(EXTRA float64=1.0821042e+07)"}}}
{"ts":1676964169744995467,"msg":"","group_id":"cypress-provider","run_id":"cfq713frirfjcn7dfc90","event":{"message_event":{"message":"name: barrier provider-records2; uint: ns; time: %!d(float64=250)"}}}
{"ts":1676964171036639342,"msg":"","group_id":"cypress-provider","run_id":"cfq713frirfjcn7dfc90","event":{"message_event":{"message":"barrierprovider-records2%!(EXTRA float64=1.291639833e+09)"}}}
{"ts":1676964171085988800,"msg":"","group_id":"cypress-provider","run_id":"cfq713frirfjcn7dfc90","event":{"message_event":{"message":"name: full provider-records2; uint: ns; time: %!d(float64=1.340994542e+09)"}}}
{"ts":1676964171090682092,"msg":"","group_id":"cypress-provider","run_id":"cfq713frirfjcn7dfc90","event":{"message_event":{"message":"full provider-records2%!(EXTRA float64=2.9946627013e+10)"}}}
{"ts":1676964171204109759,"msg":"","group_id":"cypress-provider","run_id":"cfq713frirfjcn7dfc90","event":{"success_event":{"group":"cypress-provider"}}}
