{"ts":1673981745586097758,"type":"point","name":"signal bootstrapping0","measures":{"value":41014709}}
{"ts":1673981745779948217,"type":"point","name":"barrierbootstrapping0","measures":{"value":176257625}}
{"ts":1673981745832043675,"type":"point","name":"full bootstrapping0","measures":{"value":38092831726}}
{"ts":1673981762554277210,"type":"point","name":"time-to-provide-3","measures":{"value":15832565841}}
{"ts":1673981762990114002,"type":"point","name":"time-to-provide-7","measures":{"value":16267223466}}
{"ts":1673981763552660586,"type":"point","name":"time-to-provide-19","measures":{"value":16833777882}}
{"ts":1673981766858021796,"type":"point","name":"time-to-provide-0","measures":{"value":20136839593}}
{"ts":1673981768900487047,"type":"point","name":"time-to-provide-18","measures":{"value":22068760510}}
{"ts":1673981769019185255,"type":"point","name":"time-to-provide-16","measures":{"value":22295404344}}
{"ts":1673981769228750130,"type":"point","name":"time-to-provide-6","measures":{"value":22506420844}}
{"ts":1673981769543883464,"type":"point","name":"time-to-provide-14","measures":{"value":22820731677}}
{"ts":1673981769566041047,"type":"point","name":"time-to-provide-12","measures":{"value":22842720511}}
{"ts":1673981769609717422,"type":"point","name":"time-to-provide-13","measures":{"value":22886354302}}
{"ts":1673981769728647922,"type":"point","name":"time-to-provide-8","measures":{"value":23005546386}}
{"ts":1673981771009433589,"type":"point","name":"time-to-provide-5","measures":{"value":24287155886}}
{"ts":1673981798248678338,"type":"point","name":"time-to-provide-2","measures":{"value":51515716440}}
{"ts":1673981801965668423,"type":"point","name":"time-to-provide-17","measures":{"value":55123019817}}
{"ts":1673981805050530050,"type":"point","name":"time-to-provide-11","measures":{"value":58315977401}}
{"ts":1673981805060408091,"type":"point","name":"time-to-provide-4","measures":{"value":58327343359}}
{"ts":1673981805081435591,"type":"point","name":"time-to-provide-10","measures":{"value":58346925693}}
{"ts":1673981805103179675,"type":"point","name":"time-to-provide-1","measures":{"value":58370392234}}
{"ts":1673981810371343344,"type":"point","name":"time-to-provide-9","measures":{"value":63640718779}}
{"ts":1673981816178506680,"type":"point","name":"time-to-provide-15","measures":{"value":69443384240}}
{"ts":1673981816405142388,"type":"point","name":"signal provider-records1","measures":{"value":216230834}}
{"ts":1673981842335900803,"type":"point","name":"barrierprovider-records1","measures":{"value":25918204970}}
{"ts":1673981844025650012,"type":"point","name":"full provider-records1","measures":{"value":97380233211}}
{"ts":1673981849566161459,"type":"point","name":"time-to-find-first|cypress-provider|3","measures":{"value":2898117251}}
{"ts":1673981850426079043,"type":"point","name":"time-to-find-first|cypress-provider|2","measures":{"value":3759781502}}
{"ts":1673981852540231752,"type":"point","name":"time-to-find-first|cypress-provider|0","measures":{"value":3561559835}}
{"ts":1673981853106000586,"type":"point","name":"time-to-find-first|cypress-provider|4","measures":{"value":6216981128}}
{"ts":1673981853106072877,"type":"point","name":"time-to-find-first|cypress-provider|14","measures":{"value":5981558753}}
{"ts":1673981853106157127,"type":"point","name":"time-to-find-first|cypress-provider|15","measures":{"value":5956406628}}
{"ts":1673981853106283211,"type":"point","name":"time-to-find-first|cypress-provider|5","measures":{"value":6221240628}}
{"ts":1673981853431536419,"type":"point","name":"time-to-find-first|cypress-provider|19","measures":{"value":3898199544}}
{"ts":1673981853431786169,"type":"point","name":"time-to-find-first|cypress-provider|11","measures":{"value":6281877336}}
{"ts":1673981853431866627,"type":"point","name":"time-to-find-first|cypress-provider|7","measures":{"value":6281865670}}
{"ts":1673981853431920461,"type":"point","name":"time-to-find-first|cypress-provider|10","measures":{"value":6165357919}}
{"ts":1673981853696814253,"type":"point","name":"time-to-find-first|cypress-provider|13","measures":{"value":6418371086}}
{"ts":1673981855510913962,"type":"point","name":"time-to-find-first|cypress-provider|8","measures":{"value":7538366420}}
{"ts":1673981855772783170,"type":"point","name":"time-to-find-first|cypress-provider|16","measures":{"value":8506105588}}
{"ts":1673981855776949795,"type":"point","name":"time-to-find-first|cypress-provider|18","measures":{"value":6731455795}}
{"ts":1673981855777085712,"type":"point","name":"time-to-find-first|cypress-provider|9","measures":{"value":7793261379}}
{"ts":1673981855777164920,"type":"point","name":"time-to-find-first|cypress-provider|6","measures":{"value":6731637212}}
{"ts":1673981855777236212,"type":"point","name":"time-to-find-first|cypress-provider|1","measures":{"value":8566992504}}
{"ts":1673981855777292087,"type":"point","name":"time-to-find-first|cypress-provider|17","measures":{"value":6729732795}}
{"ts":1673981855791612837,"type":"point","name":"time-to-find-first|cypress-provider|12","measures":{"value":8526387129}}
{"ts":1673981991892258720,"type":"point","name":"num-hops|cypress-provider|7","measures":{"value":2}}
{"ts":1673981992010535220,"type":"point","name":"time-to-find-last|done|cypress-provider|7","measures":{"value":91989185584}}
{"ts":1673981992224183845,"type":"point","name":"time-to-find|done|cypress-provider|7","measures":{"value":145064833734}}
{"ts":1673981992253385178,"type":"point","name":"peers-found|done|cypress-provider|7","measures":{"value":50}}
{"ts":1673981992276637845,"type":"point","name":"peers-missing|done|cypress-provider|7","measures":{"value":0}}
{"ts":1673981991912515220,"type":"point","name":"num-hops|cypress-provider|3","measures":{"value":2}}
{"ts":1673981992082426511,"type":"point","name":"num-hops|cypress-provider|8","measures":{"value":1}}
{"ts":1673981992545386262,"type":"point","name":"time-to-find-last|done|cypress-provider|8","measures":{"value":144047056441}}
{"ts":1673981992607411553,"type":"point","name":"time-to-find|done|cypress-provider|8","measures":{"value":144625510358}}
{"ts":1673981992647310512,"type":"point","name":"peers-found|done|cypress-provider|8","measures":{"value":50}}
{"ts":1673981992661941012,"type":"point","name":"peers-missing|done|cypress-provider|8","measures":{"value":0}}
{"ts":1673981991993508803,"type":"point","name":"num-hops|cypress-provider|15","measures":{"value":2}}
{"ts":1673981992684086220,"type":"point","name":"time-to-find-last|done|cypress-provider|15","measures":{"value":144752890275}}
{"ts":1673981992691990637,"type":"point","name":"time-to-find|done|cypress-provider|15","measures":{"value":145532882984}}
{"ts":1673981992456908595,"type":"point","name":"num-hops|cypress-provider|6","measures":{"value":3}}
{"ts":1673981992720196887,"type":"point","name":"time-to-find-last|done|cypress-provider|6","measures":{"value":143000677400}}
{"ts":1673981992768816095,"type":"point","name":"time-to-find|done|cypress-provider|6","measures":{"value":143713930067}}
{"ts":1673981992781494553,"type":"point","name":"peers-found|done|cypress-provider|6","measures":{"value":50}}
{"ts":1673981992826440470,"type":"point","name":"peers-missing|done|cypress-provider|6","measures":{"value":0}}
{"ts":1673981992607322345,"type":"point","name":"num-hops|cypress-provider|19","measures":{"value":2}}
{"ts":1673981992903997762,"type":"point","name":"time-to-find-last|done|cypress-provider|19","measures":{"value":140496705398}}
{"ts":1673981992932632803,"type":"point","name":"time-to-find|done|cypress-provider|19","measures":{"value":146178913443}}
{"ts":1673981992936324345,"type":"point","name":"peers-found|done|cypress-provider|19","measures":{"value":50}}
{"ts":1673981992947455553,"type":"point","name":"peers-missing|done|cypress-provider|19","measures":{"value":0}}
{"ts":1673981991949112720,"type":"point","name":"num-hops|cypress-provider|10","measures":{"value":1}}
{"ts":1673981993004571637,"type":"point","name":"time-to-find-last|done|cypress-provider|10","measures":{"value":97393081878}}
{"ts":1673981993020828345,"type":"point","name":"time-to-find|done|cypress-provider|10","measures":{"value":145744908483}}
{"ts":1673981993085029053,"type":"point","name":"peers-found|done|cypress-provider|10","measures":{"value":50}}
{"ts":1673981993096210012,"type":"point","name":"peers-missing|done|cypress-provider|10","measures":{"value":0}}
{"ts":1673981992149457720,"type":"point","name":"num-hops|cypress-provider|2","measures":{"value":1}}
{"ts":1673981993183949179,"type":"point","name":"time-to-find-last|done|cypress-provider|2","measures":{"value":22926504136}}
{"ts":1673981992798592678,"type":"point","name":"num-hops|cypress-provider|4","measures":{"value":2}}
{"ts":1673981993208441470,"type":"point","name":"time-to-find-last|done|cypress-provider|4","measures":{"value":41435423186}}
{"ts":1673981993308189470,"type":"point","name":"time-to-find|done|cypress-provider|4","measures":{"value":146409834485}}
{"ts":1673981993378103012,"type":"point","name":"peers-found|done|cypress-provider|4","measures":{"value":50}}
{"ts":1673981993495246095,"type":"point","name":"peers-missing|done|cypress-provider|4","measures":{"value":0}}
{"ts":1673981992648528137,"type":"point","name":"num-hops|cypress-provider|11","measures":{"value":2}}
{"ts":1673981993584953637,"type":"point","name":"time-to-find-last|done|cypress-provider|11","measures":{"value":145408890817}}
{"ts":1673981993657253595,"type":"point","name":"time-to-find|done|cypress-provider|11","measures":{"value":146497987609}}
{"ts":1673981993711855762,"type":"point","name":"peers-found|done|cypress-provider|11","measures":{"value":50}}
{"ts":1673981993736200012,"type":"point","name":"peers-missing|done|cypress-provider|11","measures":{"value":0}}
{"ts":1673981992457100178,"type":"point","name":"num-hops|cypress-provider|0","measures":{"value":1}}
{"ts":1673981993780904345,"type":"point","name":"time-to-find-last|done|cypress-provider|0","measures":{"value":30561651597}}
{"ts":1673981993795486512,"type":"point","name":"time-to-find|done|cypress-provider|0","measures":{"value":147085848359}}
{"ts":1673981993804144637,"type":"point","name":"peers-found|done|cypress-provider|0","measures":{"value":50}}
{"ts":1673981993831144345,"type":"point","name":"peers-missing|done|cypress-provider|0","measures":{"value":0}}
{"ts":1673981993266227804,"type":"point","name":"num-hops|cypress-provider|14","measures":{"value":4}}
{"ts":1673981992867529387,"type":"point","name":"num-hops|cypress-provider|5","measures":{"value":2}}
{"ts":1673981993864563804,"type":"point","name":"time-to-find-last|done|cypress-provider|5","measures":{"value":71819784158}}
{"ts":1673981993871075554,"type":"point","name":"time-to-find|done|cypress-provider|5","measures":{"value":146976675526}}
{"ts":1673981993890187304,"type":"point","name":"peers-found|done|cypress-provider|5","measures":{"value":50}}
{"ts":1673981993901059262,"type":"point","name":"peers-missing|done|cypress-provider|5","measures":{"value":0}}
{"ts":1673981992456149303,"type":"point","name":"num-hops|cypress-provider|1","measures":{"value":1}}
{"ts":1673981993976576512,"type":"point","name":"time-to-find-last|done|cypress-provider|1","measures":{"value":29407607223}}
{"ts":1673981993986601596,"type":"point","name":"time-to-find|done|cypress-provider|1","measures":{"value":146766999985}}
{"ts":1673981994002660012,"type":"point","name":"peers-found|done|cypress-provider|1","measures":{"value":50}}
{"ts":1673981994024378304,"type":"point","name":"peers-missing|done|cypress-provider|1","measures":{"value":0}}
{"ts":1673981992601724095,"type":"point","name":"num-hops|cypress-provider|13","measures":{"value":1}}
{"ts":1673981994043992262,"type":"point","name":"time-to-find-last|done|cypress-provider|13","measures":{"value":17430977758}}
{"ts":1673981994074464929,"type":"point","name":"time-to-find|done|cypress-provider|13","measures":{"value":146786671693}}
{"ts":1673981994105975012,"type":"point","name":"peers-found|done|cypress-provider|13","measures":{"value":50}}
{"ts":1673981994122325179,"type":"point","name":"peers-missing|done|cypress-provider|13","measures":{"value":0}}
{"ts":1673981992014523136,"type":"point","name":"num-hops|cypress-provider|17","measures":{"value":1}}
{"ts":1673981994167055971,"type":"point","name":"time-to-find-last|done|cypress-provider|17","measures":{"value":93728019627}}
{"ts":1673981994180909346,"type":"point","name":"time-to-find|done|cypress-provider|17","measures":{"value":145123991942}}
{"ts":1673981994217275221,"type":"point","name":"peers-found|done|cypress-provider|17","measures":{"value":50}}
{"ts":1673981994228571637,"type":"point","name":"peers-missing|done|cypress-provider|17","measures":{"value":0}}
{"ts":1673981993849548304,"type":"point","name":"time-to-find-last|done|cypress-provider|14","measures":{"value":41393073603}}
{"ts":1673981994280653096,"type":"point","name":"time-to-find|done|cypress-provider|14","measures":{"value":147146780401}}
{"ts":1673981994296455679,"type":"point","name":"peers-found|done|cypress-provider|14","measures":{"value":50}}
{"ts":1673981994328661512,"type":"point","name":"peers-missing|done|cypress-provider|14","measures":{"value":0}}
{"ts":1673981992713908095,"type":"point","name":"peers-found|done|cypress-provider|15","measures":{"value":50}}
{"ts":1673981994362076054,"type":"point","name":"peers-missing|done|cypress-provider|15","measures":{"value":0}}
{"ts":1673981992600493387,"type":"point","name":"num-hops|cypress-provider|16","measures":{"value":2}}
{"ts":1673981994441397096,"type":"point","name":"time-to-find-last|done|cypress-provider|16","measures":{"value":50141806648}}
{"ts":1673981994455078262,"type":"point","name":"time-to-find|done|cypress-provider|16","measures":{"value":147179046193}}
{"ts":1673981994478438721,"type":"point","name":"peers-found|done|cypress-provider|16","measures":{"value":50}}
{"ts":1673981994563631262,"type":"point","name":"peers-missing|done|cypress-provider|16","measures":{"value":0}}
{"ts":1673981993112534178,"type":"point","name":"num-hops|cypress-provider|9","measures":{"value":4}}
{"ts":1673981994637963513,"type":"point","name":"time-to-find-last|done|cypress-provider|9","measures":{"value":70654064949}}
{"ts":1673981994674197513,"type":"point","name":"time-to-find|done|cypress-provider|9","measures":{"value":146681016026}}
{"ts":1673981994695977471,"type":"point","name":"peers-found|done|cypress-provider|9","measures":{"value":50}}
{"ts":1673981994718825513,"type":"point","name":"peers-missing|done|cypress-provider|9","measures":{"value":0}}
{"ts":1673981993201293054,"type":"point","name":"time-to-find|done|cypress-provider|2","measures":{"value":146525640901}}
{"ts":1673981994747523846,"type":"point","name":"peers-found|done|cypress-provider|2","measures":{"value":50}}
{"ts":1673981992610287637,"type":"point","name":"time-to-find-last|done|cypress-provider|3","measures":{"value":28327993347}}
{"ts":1673981994770881179,"type":"point","name":"time-to-find|done|cypress-provider|3","measures":{"value":148093483527}}
{"ts":1673981994785590138,"type":"point","name":"peers-found|done|cypress-provider|3","measures":{"value":50}}
{"ts":1673981994761443721,"type":"point","name":"peers-missing|done|cypress-provider|2","measures":{"value":0}}
{"ts":1673981992159458636,"type":"point","name":"num-hops|cypress-provider|18","measures":{"value":6}}
{"ts":1673981994834591054,"type":"point","name":"time-to-find-last|done|cypress-provider|18","measures":{"value":129771312768}}
{"ts":1673981994856005971,"type":"point","name":"time-to-find|done|cypress-provider|18","measures":{"value":145801157109}}
{"ts":1673981994861440804,"type":"point","name":"peers-found|done|cypress-provider|18","measures":{"value":50}}
{"ts":1673981994881589929,"type":"point","name":"peers-missing|done|cypress-provider|18","measures":{"value":0}}
{"ts":1673981992117624345,"type":"point","name":"num-hops|cypress-provider|12","measures":{"value":6}}
{"ts":1673981994803201846,"type":"point","name":"peers-missing|done|cypress-provider|3","measures":{"value":0}}
{"ts":1673981994936871096,"type":"point","name":"time-to-find-last|done|cypress-provider|12","measures":{"value":41250724394}}
{"ts":1673981995030402388,"type":"point","name":"time-to-find|done|cypress-provider|12","measures":{"value":147755819610}}
{"ts":1673981995045578554,"type":"point","name":"peers-found|done|cypress-provider|12","measures":{"value":50}}
{"ts":1673981995067699554,"type":"point","name":"peers-missing|done|cypress-provider|12","measures":{"value":0}}
{"ts":1673981995159093054,"type":"point","name":"signal provider-records2","measures":{"value":69448375}}
{"ts":1673981996467954847,"type":"point","name":"barrierprovider-records2","measures":{"value":1298629250}}
{"ts":1673981996551822972,"type":"point","name":"full provider-records2","measures":{"value":150016840486}}
