{"ts":1675711222153628547,"type":"point","name":"bandwidth-total-in|cypress-provider|34|0","measures":{"value":117510}}
{"ts":1675711222162749005,"type":"point","name":"bandwidth-total-out|cypress-provider|34|0","measures":{"value":193656}}
{"ts":1675711222167278797,"type":"point","name":"bandwidth-rate-in|cypress-provider|34|0","measures":{"value":0.0364022747601682}}
{"ts":1675711222171398339,"type":"point","name":"bandwidth-rate-out|cypress-provider|34|0","measures":{"value":0.11279834772241452}}
{"ts":1675711240683050208,"type":"point","name":"signal bootstrapping0","measures":{"value":16718125}}
{"ts":1675711240781801042,"type":"point","name":"barrierbootstrapping0","measures":{"value":92566875}}
{"ts":1675711240816564542,"type":"point","name":"full bootstrapping0","measures":{"value":38066136518}}
{"ts":1675711242151049084,"type":"point","name":"bandwidth-total-in|cypress-provider|34|1","measures":{"value":235214}}
{"ts":1675711242158837126,"type":"point","name":"bandwidth-total-out|cypress-provider|34|1","measures":{"value":242756}}
{"ts":1675711242208494917,"type":"point","name":"bandwidth-rate-in|cypress-provider|34|1","measures":{"value":1026.3259959944764}}
{"ts":1675711242279379834,"type":"point","name":"bandwidth-rate-out|cypress-provider|34|1","measures":{"value":107.00952227891722}}
{"ts":1675711262216860718,"type":"point","name":"bandwidth-total-in|cypress-provider|34|2","measures":{"value":595585}}
{"ts":1675711262311511802,"type":"point","name":"bandwidth-total-out|cypress-provider|34|2","measures":{"value":571713}}
{"ts":1675711262401655719,"type":"point","name":"bandwidth-rate-in|cypress-provider|34|2","measures":{"value":4210.079443311173}}
{"ts":1675711262597791802,"type":"point","name":"bandwidth-rate-out|cypress-provider|34|2","measures":{"value":9751.375481977906}}
{"ts":1675711282241219630,"type":"point","name":"bandwidth-total-in|cypress-provider|34|3","measures":{"value":657113}}
{"ts":1675711282335337880,"type":"point","name":"bandwidth-total-out|cypress-provider|34|3","measures":{"value":703832}}
{"ts":1675711282372350547,"type":"point","name":"bandwidth-rate-in|cypress-provider|34|3","measures":{"value":3660.6151384472796}}
{"ts":1675711282446313964,"type":"point","name":"bandwidth-rate-out|cypress-provider|34|3","measures":{"value":3557.77670410898}}
{"ts":1675711302235759959,"type":"point","name":"bandwidth-total-in|cypress-provider|34|4","measures":{"value":797178}}
{"ts":1675711302617258584,"type":"point","name":"bandwidth-total-out|cypress-provider|34|4","measures":{"value":904136}}
{"ts":1675711302763517167,"type":"point","name":"bandwidth-rate-in|cypress-provider|34|4","measures":{"value":6980.82093325915}}
{"ts":1675711302821557542,"type":"point","name":"bandwidth-rate-out|cypress-provider|34|4","measures":{"value":12778.853931335529}}
{"ts":1675711316679003424,"type":"point","name":"time-to-provide-19","measures":{"value":73894720617}}
{"ts":1675711318204061716,"type":"point","name":"time-to-provide-12","measures":{"value":75391100201}}
{"ts":1675711318488265383,"type":"point","name":"time-to-provide-1","measures":{"value":75676489201}}
{"ts":1675711318748378717,"type":"point","name":"time-to-provide-11","measures":{"value":75935481743}}
{"ts":1675711318802249758,"type":"point","name":"time-to-provide-17","measures":{"value":75987914534}}
{"ts":1675711319080995467,"type":"point","name":"time-to-provide-18","measures":{"value":76266304993}}
{"ts":1675711319569820592,"type":"point","name":"time-to-provide-9","measures":{"value":76784654243}}
{"ts":1675711319693918009,"type":"point","name":"time-to-provide-6","measures":{"value":76881813618}}
{"ts":1675711319721801009,"type":"point","name":"time-to-provide-2","measures":{"value":76909941285}}
{"ts":1675711319751030675,"type":"point","name":"time-to-provide-3","measures":{"value":76939077910}}
{"ts":1675711319771210842,"type":"point","name":"time-to-provide-7","measures":{"value":76959044410}}
{"ts":1675711319935223384,"type":"point","name":"time-to-provide-4","measures":{"value":77123226493}}
{"ts":1675711319999310134,"type":"point","name":"time-to-provide-8","measures":{"value":77187066244}}
{"ts":1675711320575963926,"type":"point","name":"time-to-provide-13","measures":{"value":77762974202}}
{"ts":1675711321154396884,"type":"point","name":"time-to-provide-15","measures":{"value":78341274411}}
{"ts":1675711321405053718,"type":"point","name":"time-to-provide-0","measures":{"value":78611985827}}
{"ts":1675711321708000801,"type":"point","name":"time-to-provide-5","measures":{"value":78895973244}}
{"ts":1675711322177151135,"type":"point","name":"bandwidth-total-in|cypress-provider|34|5","measures":{"value":873635}}
{"ts":1675711322292291885,"type":"point","name":"bandwidth-total-out|cypress-provider|34|5","measures":{"value":1191244}}
{"ts":1675711322326616052,"type":"point","name":"bandwidth-rate-in|cypress-provider|34|5","measures":{"value":3484.5231846937886}}
{"ts":1675711322500976093,"type":"point","name":"bandwidth-rate-out|cypress-provider|34|5","measures":{"value":6287.700229452189}}
{"ts":1675711323317598385,"type":"point","name":"time-to-provide-14","measures":{"value":80505288620}}
{"ts":1675711323459214302,"type":"point","name":"time-to-provide-10","measures":{"value":80646870829}}
{"ts":1675711324239071594,"type":"point","name":"time-to-provide-16","measures":{"value":81426002288}}
{"ts":1675711324639560178,"type":"point","name":"signal provider-records1","measures":{"value":366974208}}
{"ts":1675711342804499005,"type":"point","name":"bandwidth-total-in|cypress-provider|34|6","measures":{"value":907012}}
{"ts":1675711342815899755,"type":"point","name":"bandwidth-total-out|cypress-provider|34|6","measures":{"value":1207232}}
{"ts":1675711342829933047,"type":"point","name":"bandwidth-rate-in|cypress-provider|34|6","measures":{"value":104.09717892421287}}
{"ts":1675711342841589755,"type":"point","name":"bandwidth-rate-out|cypress-provider|34|6","measures":{"value":6.897943507812758}}
{"ts":1675711344168045798,"type":"point","name":"barrierprovider-records1","measures":{"value":19488948176}}
{"ts":1675711344275222839,"type":"point","name":"full provider-records1","measures":{"value":101708999172}}
{"ts":1675711347245922341,"type":"point","name":"time-to-find-first|cypress-provider|4","measures":{"value":580005334}}
{"ts":1675711347555901049,"type":"point","name":"time-to-find-first|cypress-provider|0","measures":{"value":884179584}}
{"ts":1675711347777996383,"type":"point","name":"time-to-find-first|cypress-provider|6","measures":{"value":1078947876}}
{"ts":1675711347779131049,"type":"point","name":"time-to-find-first|cypress-provider|1","measures":{"value":1109289042}}
{"ts":1675711349268603925,"type":"point","name":"time-to-find-first|cypress-provider|5","measures":{"value":2455275209}}
{"ts":1675711349495290592,"type":"point","name":"time-to-find-first|cypress-provider|2","measures":{"value":2623856376}}
{"ts":1675711349631261134,"type":"point","name":"time-to-find-first|cypress-provider|7","measures":{"value":2731542293}}
{"ts":1675711349938772342,"type":"point","name":"time-to-find-first|cypress-provider|11","measures":{"value":2998634709}}
{"ts":1675711350940547509,"type":"point","name":"time-to-find-first|cypress-provider|8","measures":{"value":3999691544}}
{"ts":1675711354725155136,"type":"point","name":"time-to-find-first|cypress-provider|9","measures":{"value":7784068879}}
{"ts":1675711355040988178,"type":"point","name":"time-to-find-first|cypress-provider|10","measures":{"value":8099881003}}
{"ts":1675711355052838094,"type":"point","name":"time-to-find-first|cypress-provider|13","measures":{"value":8111187171}}
{"ts":1675711355578183553,"type":"point","name":"time-to-find-first|cypress-provider|12","measures":{"value":8636375921}}
{"ts":1675711355770967095,"type":"point","name":"time-to-find-first|cypress-provider|14","measures":{"value":8826185587}}
{"ts":1675711356947718804,"type":"point","name":"time-to-find-first|cypress-provider|15","measures":{"value":10002644171}}
{"ts":1675711357081944262,"type":"point","name":"time-to-find-first|cypress-provider|16","measures":{"value":10136265130}}
{"ts":1675711357084136137,"type":"point","name":"time-to-find-first|cypress-provider|19","measures":{"value":9988149796}}
{"ts":1675711357087991220,"type":"point","name":"time-to-find-first|cypress-provider|18","measures":{"value":9854095713}}
{"ts":1675711357322187346,"type":"point","name":"time-to-find-first|cypress-provider|3","measures":{"value":10085855296}}
{"ts":1675711357411640762,"type":"point","name":"time-to-find-first|cypress-provider|17","measures":{"value":10175084213}}
{"ts":1675711364021345293,"type":"point","name":"bandwidth-total-in|cypress-provider|34|7","measures":{"value":970890}}
{"ts":1675711364053665459,"type":"point","name":"bandwidth-total-out|cypress-provider|34|7","measures":{"value":1252197}}
{"ts":1675711364061611084,"type":"point","name":"bandwidth-rate-in|cypress-provider|34|7","measures":{"value":665.0940630154455}}
{"ts":1675711364066409543,"type":"point","name":"bandwidth-rate-out|cypress-provider|34|7","measures":{"value":1140.505652994768}}
{"ts":1675711383410561052,"type":"point","name":"bandwidth-total-in|cypress-provider|34|8","measures":{"value":1018493}}
{"ts":1675711388339678012,"type":"point","name":"bandwidth-total-out|cypress-provider|34|8","measures":{"value":1352855}}
{"ts":1675711388366414179,"type":"point","name":"bandwidth-rate-in|cypress-provider|34|8","measures":{"value":1142.5519645840236}}
{"ts":1675711388446484929,"type":"point","name":"bandwidth-rate-out|cypress-provider|34|8","measures":{"value":484.02130013250314}}
{"ts":1675711402550168338,"type":"point","name":"bandwidth-total-in|cypress-provider|34|9","measures":{"value":1038116}}
{"ts":1675711404566707006,"type":"point","name":"bandwidth-total-out|cypress-provider|34|9","measures":{"value":1355066}}
{"ts":1675711406849230674,"type":"point","name":"bandwidth-rate-in|cypress-provider|34|9","measures":{"value":2024.5745778904827}}
{"ts":1675711406857843507,"type":"point","name":"bandwidth-rate-out|cypress-provider|34|9","measures":{"value":71.79003066356996}}
{"ts":1675711422217928042,"type":"point","name":"bandwidth-total-in|cypress-provider|34|10","measures":{"value":1058875}}
{"ts":1675711422384740167,"type":"point","name":"bandwidth-total-out|cypress-provider|34|10","measures":{"value":1355594}}
{"ts":1675711422411620583,"type":"point","name":"bandwidth-rate-in|cypress-provider|34|10","measures":{"value":231.32717775280526}}
{"ts":1675711422570611208,"type":"point","name":"bandwidth-rate-out|cypress-provider|34|10","measures":{"value":19.314566917444406}}
{"ts":1675711442195385260,"type":"point","name":"bandwidth-total-in|cypress-provider|34|11","measures":{"value":1069332}}
{"ts":1675711442261179426,"type":"point","name":"bandwidth-total-out|cypress-provider|34|11","measures":{"value":1355830}}
{"ts":1675711442286678093,"type":"point","name":"bandwidth-rate-in|cypress-provider|34|11","measures":{"value":357.4728591644539}}
{"ts":1675711442377740010,"type":"point","name":"bandwidth-rate-out|cypress-provider|34|11","measures":{"value":5.33486579438002}}
{"ts":1675711470096933967,"type":"point","name":"num-hops|cypress-provider|2","measures":{"value":4}}
{"ts":1675711472568240676,"type":"point","name":"time-to-find-last|done|cypress-provider|2","measures":{"value":2737467668}}
{"ts":1675711472584170010,"type":"point","name":"time-to-find|done|cypress-provider|2","measures":{"value":125737812182}}
{"ts":1675711473118816135,"type":"point","name":"peers-found|done|cypress-provider|2","measures":{"value":40}}
{"ts":1675711473682860885,"type":"point","name":"peers-missing|done|cypress-provider|2","measures":{"value":0}}
{"ts":1675711489672553587,"type":"point","name":"bandwidth-total-in|cypress-provider|34|12","measures":{"value":1258924}}
{"ts":1675711489832359879,"type":"point","name":"bandwidth-total-out|cypress-provider|34|12","measures":{"value":1535419}}
{"ts":1675711489997405212,"type":"point","name":"bandwidth-rate-in|cypress-provider|34|12","measures":{"value":1093.6985658669832}}
{"ts":1675711490041812712,"type":"point","name":"bandwidth-rate-out|cypress-provider|34|12","measures":{"value":307.65641893058256}}
{"ts":1675711502199697634,"type":"point","name":"bandwidth-total-in|cypress-provider|34|13","measures":{"value":1331245}}
{"ts":1675711502388363676,"type":"point","name":"bandwidth-total-out|cypress-provider|34|13","measures":{"value":1741294}}
{"ts":1675711502460879968,"type":"point","name":"bandwidth-rate-in|cypress-provider|34|13","measures":{"value":6135.539671745577}}
{"ts":1675711502503724551,"type":"point","name":"bandwidth-rate-out|cypress-provider|34|13","measures":{"value":21659.472197296203}}
{"ts":1675711504080678302,"type":"point","name":"num-hops|cypress-provider|9","measures":{"value":1}}
{"ts":1675711504808755094,"type":"point","name":"time-to-find-last|done|cypress-provider|9","measures":{"value":8055234712}}
{"ts":1675711505068558011,"type":"point","name":"time-to-find|done|cypress-provider|9","measures":{"value":158118715280}}
{"ts":1675711505576749886,"type":"point","name":"peers-found|done|cypress-provider|9","measures":{"value":40}}
{"ts":1675711505768121719,"type":"point","name":"peers-missing|done|cypress-provider|9","measures":{"value":0}}
{"ts":1675711509579151346,"type":"point","name":"num-hops|cypress-provider|4","measures":{"value":1}}
{"ts":1675711509911824846,"type":"point","name":"time-to-find-last|done|cypress-provider|4","measures":{"value":775140917}}
{"ts":1675711510883681430,"type":"point","name":"num-hops|cypress-provider|18","measures":{"value":2}}
{"ts":1675711511083114389,"type":"point","name":"time-to-find-last|done|cypress-provider|18","measures":{"value":9854095713}}
{"ts":1675711511129435764,"type":"point","name":"time-to-find|done|cypress-provider|18","measures":{"value":163886704533}}
{"ts":1675711511240753389,"type":"point","name":"peers-found|done|cypress-provider|18","measures":{"value":1}}
{"ts":1675711511247936722,"type":"point","name":"peers-missing|done|cypress-provider|18","measures":{"value":39}}
{"ts":1675711510344014055,"type":"point","name":"time-to-find|done|cypress-provider|4","measures":{"value":163669300616}}
{"ts":1675711511328884222,"type":"point","name":"peers-found|done|cypress-provider|4","measures":{"value":40}}
{"ts":1675711511534706625,"type":"point","name":"peers-missing|done|cypress-provider|4","measures":{"value":0}}
{"ts":1675711515176208793,"type":"point","name":"num-hops|cypress-provider|7","measures":{"value":3}}
{"ts":1675711515251675460,"type":"point","name":"time-to-find-last|done|cypress-provider|7","measures":{"value":2748108168}}
{"ts":1675711516114859293,"type":"point","name":"time-to-find|done|cypress-provider|7","measures":{"value":169235107368}}
{"ts":1675711516168317293,"type":"point","name":"peers-found|done|cypress-provider|7","measures":{"value":40}}
{"ts":1675711516212255127,"type":"point","name":"peers-missing|done|cypress-provider|7","measures":{"value":0}}
{"ts":1675711517225136919,"type":"point","name":"num-hops|cypress-provider|16","measures":{"value":5}}
{"ts":1675711517286259336,"type":"point","name":"time-to-find-last|done|cypress-provider|16","measures":{"value":10216567588}}
{"ts":1675711517498781211,"type":"point","name":"time-to-find|done|cypress-provider|16","measures":{"value":170573066410}}
{"ts":1675711517525028294,"type":"point","name":"peers-found|done|cypress-provider|16","measures":{"value":40}}
{"ts":1675711517543072294,"type":"point","name":"peers-missing|done|cypress-provider|16","measures":{"value":0}}
{"ts":1675711518512001878,"type":"point","name":"num-hops|cypress-provider|6","measures":{"value":3}}
{"ts":1675711518534352961,"type":"point","name":"time-to-find-last|done|cypress-provider|6","measures":{"value":1118842834}}
{"ts":1675711518567209961,"type":"point","name":"time-to-find|done|cypress-provider|6","measures":{"value":171888145787}}
{"ts":1675711518629918586,"type":"point","name":"peers-found|done|cypress-provider|6","measures":{"value":40}}
{"ts":1675711518639085670,"type":"point","name":"peers-missing|done|cypress-provider|6","measures":{"value":0}}
{"ts":1675711518549327670,"type":"point","name":"num-hops|cypress-provider|8","measures":{"value":4}}
{"ts":1675711518739132961,"type":"point","name":"time-to-find-last|done|cypress-provider|8","measures":{"value":4231958211}}
{"ts":1675711518901711628,"type":"point","name":"time-to-find|done|cypress-provider|8","measures":{"value":171980806203}}
{"ts":1675711518990322670,"type":"point","name":"peers-found|done|cypress-provider|8","measures":{"value":40}}
{"ts":1675711519031831086,"type":"point","name":"peers-missing|done|cypress-provider|8","measures":{"value":0}}
{"ts":1675711519825044462,"type":"point","name":"num-hops|cypress-provider|11","measures":{"value":2}}
{"ts":1675711519854783254,"type":"point","name":"time-to-find-last|done|cypress-provider|11","measures":{"value":3179440209}}
{"ts":1675711519878095295,"type":"point","name":"time-to-find|done|cypress-provider|11","measures":{"value":172957939661}}
{"ts":1675711519910926670,"type":"point","name":"peers-found|done|cypress-provider|11","measures":{"value":40}}
{"ts":1675711519940235045,"type":"point","name":"peers-missing|done|cypress-provider|11","measures":{"value":0}}
{"ts":1675711521198938921,"type":"point","name":"num-hops|cypress-provider|10","measures":{"value":3}}
{"ts":1675711521218873838,"type":"point","name":"time-to-find-last|done|cypress-provider|10","measures":{"value":8113696128}}
{"ts":1675711521243784629,"type":"point","name":"time-to-find|done|cypress-provider|10","measures":{"value":174322645037}}
{"ts":1675711521266218171,"type":"point","name":"peers-found|done|cypress-provider|10","measures":{"value":40}}
{"ts":1675711521283717754,"type":"point","name":"peers-missing|done|cypress-provider|10","measures":{"value":0}}
{"ts":1675711521435246046,"type":"point","name":"num-hops|cypress-provider|14","measures":{"value":2}}
{"ts":1675711521529258588,"type":"point","name":"time-to-find-last|done|cypress-provider|14","measures":{"value":8826185587}}
{"ts":1675711521541796004,"type":"point","name":"time-to-find|done|cypress-provider|14","measures":{"value":174616987371}}
{"ts":1675711521568914713,"type":"point","name":"peers-found|done|cypress-provider|14","measures":{"value":1}}
{"ts":1675711521620005421,"type":"point","name":"peers-missing|done|cypress-provider|14","measures":{"value":39}}
{"ts":1675711521650585754,"type":"point","name":"num-hops|cypress-provider|3","measures":{"value":3}}
{"ts":1675711521674329504,"type":"point","name":"time-to-find-last|done|cypress-provider|3","measures":{"value":10252450046}}
{"ts":1675711521697326379,"type":"point","name":"time-to-find|done|cypress-provider|3","measures":{"value":174480962995}}
{"ts":1675711521708117796,"type":"point","name":"peers-found|done|cypress-provider|3","measures":{"value":40}}
{"ts":1675711521728781379,"type":"point","name":"peers-missing|done|cypress-provider|3","measures":{"value":0}}
{"ts":1675711522123707880,"type":"point","name":"num-hops|cypress-provider|17","measures":{"value":4}}
{"ts":1675711522139866546,"type":"point","name":"time-to-find-last|done|cypress-provider|17","measures":{"value":10175084213}}
{"ts":1675711522154594088,"type":"point","name":"time-to-find|done|cypress-provider|17","measures":{"value":174938009162}}
{"ts":1675711522214113671,"type":"point","name":"peers-found|done|cypress-provider|17","measures":{"value":1}}
{"ts":1675711522235884546,"type":"point","name":"peers-missing|done|cypress-provider|17","measures":{"value":39}}
{"ts":1675711522166198005,"type":"point","name":"bandwidth-total-in|cypress-provider|34|14","measures":{"value":1447338}}
{"ts":1675711522272832796,"type":"point","name":"bandwidth-total-out|cypress-provider|34|14","measures":{"value":1953263}}
{"ts":1675711522294991338,"type":"point","name":"bandwidth-rate-in|cypress-provider|34|14","measures":{"value":2861.9833982093623}}
{"ts":1675711522304344046,"type":"point","name":"bandwidth-rate-out|cypress-provider|34|14","measures":{"value":8176.487266860909}}
{"ts":1675711522674341713,"type":"point","name":"num-hops|cypress-provider|0","measures":{"value":2}}
{"ts":1675711522681017922,"type":"point","name":"time-to-find-last|done|cypress-provider|0","measures":{"value":947136417}}
{"ts":1675711522692060547,"type":"point","name":"time-to-find|done|cypress-provider|0","measures":{"value":176040305622}}
{"ts":1675711522722157713,"type":"point","name":"peers-found|done|cypress-provider|0","measures":{"value":40}}
{"ts":1675711522732004130,"type":"point","name":"peers-missing|done|cypress-provider|0","measures":{"value":0}}
{"ts":1675711522713305380,"type":"point","name":"num-hops|cypress-provider|19","measures":{"value":2}}
{"ts":1675711522755704380,"type":"point","name":"num-hops|cypress-provider|5","measures":{"value":1}}
{"ts":1675711522828253422,"type":"point","name":"time-to-find-last|done|cypress-provider|5","measures":{"value":2468522126}}
{"ts":1675711522838285963,"type":"point","name":"time-to-find|done|cypress-provider|5","measures":{"value":176044922746}}
{"ts":1675711522855977672,"type":"point","name":"peers-found|done|cypress-provider|5","measures":{"value":40}}
{"ts":1675711522866767672,"type":"point","name":"peers-missing|done|cypress-provider|5","measures":{"value":0}}
{"ts":1675711522817186088,"type":"point","name":"time-to-find-last|done|cypress-provider|19","measures":{"value":9988149796}}
{"ts":1675711522888664338,"type":"point","name":"time-to-find|done|cypress-provider|19","measures":{"value":175812642079}}
{"ts":1675711522897132630,"type":"point","name":"peers-found|done|cypress-provider|19","measures":{"value":1}}
{"ts":1675711522922985755,"type":"point","name":"peers-missing|done|cypress-provider|19","measures":{"value":39}}
{"ts":1675711523270951755,"type":"point","name":"num-hops|cypress-provider|15","measures":{"value":4}}
{"ts":1675711523300620547,"type":"point","name":"time-to-find-last|done|cypress-provider|15","measures":{"value":10002644171}}
{"ts":1675711523314220880,"type":"point","name":"time-to-find|done|cypress-provider|15","measures":{"value":176389122122}}
{"ts":1675711523334111964,"type":"point","name":"peers-found|done|cypress-provider|15","measures":{"value":1}}
{"ts":1675711523365961505,"type":"point","name":"peers-missing|done|cypress-provider|15","measures":{"value":39}}
{"ts":1675711523890760172,"type":"point","name":"num-hops|cypress-provider|13","measures":{"value":2}}
{"ts":1675711523919834172,"type":"point","name":"time-to-find-last|done|cypress-provider|13","measures":{"value":8146558837}}
{"ts":1675711523946722922,"type":"point","name":"time-to-find|done|cypress-provider|13","measures":{"value":177025040205}}
{"ts":1675711523976203797,"type":"point","name":"peers-found|done|cypress-provider|13","measures":{"value":40}}
{"ts":1675711523983475339,"type":"point","name":"peers-missing|done|cypress-provider|13","measures":{"value":0}}
{"ts":1675711525557104340,"type":"point","name":"num-hops|cypress-provider|12","measures":{"value":3}}
{"ts":1675711525574075173,"type":"point","name":"time-to-find-last|done|cypress-provider|12","measures":{"value":8671478504}}
{"ts":1675711525596224673,"type":"point","name":"time-to-find|done|cypress-provider|12","measures":{"value":178674385581}}
{"ts":1675711525607975090,"type":"point","name":"peers-found|done|cypress-provider|12","measures":{"value":40}}
{"ts":1675711525615216965,"type":"point","name":"peers-missing|done|cypress-provider|12","measures":{"value":0}}
{"ts":1675711526034874465,"type":"point","name":"num-hops|cypress-provider|1","measures":{"value":2}}
{"ts":1675711526044302756,"type":"point","name":"time-to-find-last|done|cypress-provider|1","measures":{"value":1109289042}}
{"ts":1675711526052974465,"type":"point","name":"time-to-find|done|cypress-provider|1","measures":{"value":179403099373}}
{"ts":1675711526070182840,"type":"point","name":"peers-found|done|cypress-provider|1","measures":{"value":1}}
{"ts":1675711526085011257,"type":"point","name":"peers-missing|done|cypress-provider|1","measures":{"value":39}}
{"ts":1675711526151565382,"type":"point","name":"signal provider-records2","measures":{"value":29327542}}
{"ts":1675711531647094842,"type":"point","name":"barrierprovider-records2","measures":{"value":5476805794}}
{"ts":1675711531776987343,"type":"point","name":"full provider-records2","measures":{"value":185192917501}}
{"ts":1675711542167399667,"type":"point","name":"bandwidth-total-in|cypress-provider|34|15","measures":{"value":1449533}}
{"ts":1675711542293069917,"type":"point","name":"bandwidth-total-out|cypress-provider|34|15","measures":{"value":1960497}}
{"ts":1675711542362269500,"type":"point","name":"bandwidth-rate-in|cypress-provider|34|15","measures":{"value":0.0000152992444687993}}
{"ts":1675711542368239875,"type":"point","name":"bandwidth-rate-out|cypress-provider|34|15","measures":{"value":0.0001538040269426166}}
{"ts":1675711562249309718,"type":"point","name":"bandwidth-total-in|cypress-provider|34|16","measures":{"value":1449533}}
{"ts":1675711562314374926,"type":"point","name":"bandwidth-total-out|cypress-provider|34|16","measures":{"value":1960497}}
{"ts":1675711562321940801,"type":"point","name":"bandwidth-rate-in|cypress-provider|34|16","measures":{"value":0}}
{"ts":1675711562325096384,"type":"point","name":"bandwidth-rate-out|cypress-provider|34|16","measures":{"value":3.1701372727841185e-13}}
