{"ts":1674230830279570052,"type":"gauge","name":"runtime.MemStats.Lookups","measures":{"value":0}}
{"ts":1674230830299247177,"type":"gauge","name":"runtime.MemStats.MCacheSys","measures":{"value":15600}}
{"ts":1674230830339615218,"type":"histogram","name":"runtime.MemStats.PauseNs","measures":{"count":3,"max":3227708,"mean":1163916.6666666667,"min":42499,"p50":221543,"p75":3227708,"p95":3227708,"p99":3227708,"p999":3227708,"p9999":3227708,"stddev":1461150.2749866475,"variance":2134960126093.5557}}
{"ts":1674230830361795843,"type":"gauge","name":"runtime.MemStats.TotalAlloc","measures":{"value":29704280}}
{"ts":1674230830387400427,"type":"gauge","name":"runtime.NumThread","measures":{"value":10}}
{"ts":1674230830404910218,"type":"timer","name":"runtime.ReadMemStats","measures":{"count":1,"m1":0,"m15":0,"m5":0,"max":51943833,"mean":51943833,"meanrate":0.19748117196634427,"min":51943833,"p50":51943833,"p75":51943833,"p95":51943833,"p99":51943833,"p999":51943833,"p9999":51943833,"stddev":0,"variance":0}}
{"ts":1674230830419866885,"type":"gauge","name":"runtime.MemStats.HeapReleased","measures":{"value":3006464}}
{"ts":1674230830436630843,"type":"gauge","name":"runtime.MemStats.HeapSys","measures":{"value":27459584}}
{"ts":1674230830449790677,"type":"gauge","name":"runtime.MemStats.HeapInuse","measures":{"value":24420352}}
{"ts":1674230830562689927,"type":"gauge","name":"runtime.MemStats.PauseTotalNs","measures":{"value":3491750}}
{"ts":1674230830571487927,"type":"gauge","name":"runtime.MemStats.NumGC","measures":{"value":3}}
{"ts":1674230830596783718,"type":"gauge","name":"runtime.MemStats.StackInuse","measures":{"value":6094848}}
{"ts":1674230830600482802,"type":"gauge","name":"runtime.MemStats.StackSys","measures":{"value":6094848}}
{"ts":1674230830605104302,"type":"gauge","name":"runtime.MemStats.BuckHashSys","measures":{"value":1495702}}
{"ts":1674230830634300927,"type":"gauge","name":"runtime.MemStats.DebugGC","measures":{"value":0}}
{"ts":1674230830648645010,"type":"gauge","name":"runtime.MemStats.LastGC","measures":{"value":1674230828689238800}}
{"ts":1674230830659880635,"type":"gauge","name":"runtime.MemStats.HeapAlloc","measures":{"value":23032704}}
{"ts":1674230830665967218,"type":"gauge","name":"runtime.MemStats.HeapIdle","measures":{"value":3039232}}
{"ts":1674230830671526510,"type":"gauge","name":"runtime.MemStats.HeapObjects","measures":{"value":539707}}
{"ts":1674230830681840135,"type":"gauge","name":"runtime.MemStats.Mallocs","measures":{"value":792953}}
{"ts":1674230830697352177,"type":"gauge","name":"runtime.MemStats.MSpanInuse","measures":{"value":449344}}
{"ts":1674230830708986510,"type":"gauge","name":"runtime.MemStats.MSpanSys","measures":{"value":456960}}
{"ts":1674230830714702010,"type":"gauge","name":"runtime.MemStats.Alloc","measures":{"value":23032704}}
{"ts":1674230830721545010,"type":"gauge","name":"runtime.MemStats.Frees","measures":{"value":253246}}
{"ts":1674230830739327052,"type":"gauge","name":"runtime.NumGoroutine","measures":{"value":17}}
{"ts":1674230830746235010,"type":"gauge","name":"runtime.MemStats.EnableGC","measures":{"value":1}}
{"ts":1674230830749238302,"type":"gauge","name":"runtime.MemStats.MCacheInuse","measures":{"value":7200}}
{"ts":1674230830753419177,"type":"gauge","name":"runtime.NumCgoCall","measures":{"value":1}}
{"ts":1674230830763533135,"type":"gauge","name":"runtime.MemStats.Sys","measures":{"value":41645320}}
{"ts":1674230830836563218,"type":"gauge","name":"runtime.MemStats.NextGC","measures":{"value":39378000}}
{"ts":1674230830849780010,"type":"gauge","name":"runtime.MemStats.GCCPUFraction","measures":{"value":0.022886725996459006}}
{"ts":1674230835223369221,"type":"gauge","name":"runtime.MemStats.HeapObjects","measures":{"value":633030}}
{"ts":1674230835263591887,"type":"gauge","name":"runtime.MemStats.Mallocs","measures":{"value":93626}}
{"ts":1674230835280511846,"type":"gauge","name":"runtime.MemStats.MSpanInuse","measures":{"value":510272}}
{"ts":1674230835284336929,"type":"gauge","name":"runtime.MemStats.MSpanSys","measures":{"value":522240}}
{"ts":1674230835318385262,"type":"gauge","name":"runtime.MemStats.Alloc","measures":{"value":26458312}}
{"ts":1674230835362372971,"type":"gauge","name":"runtime.MemStats.Frees","measures":{"value":303}}
{"ts":1674230835385259929,"type":"gauge","name":"runtime.MemStats.HeapAlloc","measures":{"value":26458312}}
{"ts":1674230835453442221,"type":"gauge","name":"runtime.MemStats.HeapIdle","measures":{"value":6946816}}
{"ts":1674230835456613221,"type":"gauge","name":"runtime.MemStats.EnableGC","measures":{"value":1}}
{"ts":1674230835464374096,"type":"gauge","name":"runtime.MemStats.MCacheInuse","measures":{"value":7200}}
{"ts":1674230835477599387,"type":"gauge","name":"runtime.NumGoroutine","measures":{"value":16}}
{"ts":1674230835483813096,"type":"gauge","name":"runtime.NumCgoCall","measures":{"value":0}}
{"ts":1674230835513944721,"type":"gauge","name":"runtime.MemStats.NextGC","measures":{"value":39378000}}
{"ts":1674230835519384721,"type":"gauge","name":"runtime.MemStats.GCCPUFraction","measures":{"value":0.022886725996459006}}
{"ts":1674230835521791762,"type":"gauge","name":"runtime.MemStats.Sys","measures":{"value":45839624}}
{"ts":1674230835526318054,"type":"histogram","name":"runtime.MemStats.PauseNs","measures":{"count":3,"max":3227708,"mean":1163916.6666666667,"min":42499,"p50":221543,"p75":3227708,"p95":3227708,"p99":3227708,"p999":3227708,"p9999":3227708,"stddev":1461150.2749866475,"variance":2134960126093.5557}}
{"ts":1674230835563552137,"type":"gauge","name":"runtime.MemStats.TotalAlloc","measures":{"value":33129888}}
{"ts":1674230835596708012,"type":"gauge","name":"runtime.NumThread","measures":{"value":10}}
{"ts":1674230835615608512,"type":"timer","name":"runtime.ReadMemStats","measures":{"count":2,"m1":0.015991117074135343,"m15":0.0011080303990206543,"m5":0.0033057092356765017,"max":51943833,"mean":26164291.5,"meanrate":0.19984821184571394,"min":384750,"p50":26164291.5,"p75":51943833,"p95":51943833,"p99":51943833,"p999":51943833,"p9999":51943833,"stddev":25779541.5,"variance":664584759950222.2}}
{"ts":1674230835662677221,"type":"gauge","name":"runtime.MemStats.HeapReleased","measures":{"value":3678208}}
{"ts":1674230835700903262,"type":"gauge","name":"runtime.MemStats.HeapSys","measures":{"value":34930688}}
{"ts":1674230835722987887,"type":"gauge","name":"runtime.MemStats.Lookups","measures":{"value":0}}
{"ts":1674230835745910971,"type":"gauge","name":"runtime.MemStats.MCacheSys","measures":{"value":15600}}
{"ts":1674230835760190429,"type":"gauge","name":"runtime.MemStats.HeapInuse","measures":{"value":27983872}}
{"ts":1674230835770795846,"type":"gauge","name":"runtime.MemStats.PauseTotalNs","measures":{"value":3491750}}
{"ts":1674230835779582096,"type":"gauge","name":"runtime.MemStats.StackSys","measures":{"value":2818048}}
{"ts":1674230835862736596,"type":"gauge","name":"runtime.MemStats.BuckHashSys","measures":{"value":1496334}}
{"ts":1674230835872521804,"type":"gauge","name":"runtime.MemStats.DebugGC","measures":{"value":0}}
{"ts":1674230835882415846,"type":"gauge","name":"runtime.MemStats.NumGC","measures":{"value":0}}
{"ts":1674230835893421304,"type":"gauge","name":"runtime.MemStats.StackInuse","measures":{"value":2818048}}
{"ts":1674230835910240346,"type":"gauge","name":"runtime.MemStats.LastGC","measures":{"value":1674230828689238800}}
{"ts":1674230840218312209,"type":"gauge","name":"runtime.MemStats.LastGC","measures":{"value":1674230828689238800}}
{"ts":1674230840233577667,"type":"gauge","name":"runtime.MemStats.Alloc","measures":{"value":26812808}}
{"ts":1674230840242608250,"type":"gauge","name":"runtime.MemStats.Frees","measures":{"value":362}}
{"ts":1674230840246689917,"type":"gauge","name":"runtime.MemStats.HeapAlloc","measures":{"value":26812808}}
{"ts":1674230840251458542,"type":"gauge","name":"runtime.MemStats.HeapIdle","measures":{"value":6070272}}
{"ts":1674230840270332625,"type":"gauge","name":"runtime.MemStats.HeapObjects","measures":{"value":636866}}
{"ts":1674230840275516000,"type":"gauge","name":"runtime.MemStats.Mallocs","measures":{"value":4198}}
{"ts":1674230840290222459,"type":"gauge","name":"runtime.MemStats.MSpanInuse","measures":{"value":510272}}
{"ts":1674230840298183917,"type":"gauge","name":"runtime.MemStats.MSpanSys","measures":{"value":522240}}
{"ts":1674230840320696792,"type":"gauge","name":"runtime.MemStats.EnableGC","measures":{"value":1}}
{"ts":1674230840324021542,"type":"gauge","name":"runtime.MemStats.MCacheInuse","measures":{"value":7200}}
{"ts":1674230840327456167,"type":"gauge","name":"runtime.NumGoroutine","measures":{"value":22}}
{"ts":1674230840329585084,"type":"gauge","name":"runtime.NumCgoCall","measures":{"value":0}}
{"ts":1674230840333081042,"type":"gauge","name":"runtime.MemStats.NextGC","measures":{"value":39378000}}
{"ts":1674230840345231334,"type":"gauge","name":"runtime.MemStats.GCCPUFraction","measures":{"value":0.022886725996459006}}
{"ts":1674230840351521459,"type":"gauge","name":"runtime.MemStats.Sys","measures":{"value":46101768}}
{"ts":1674230840361058792,"type":"gauge","name":"runtime.MemStats.HeapReleased","measures":{"value":3424256}}
{"ts":1674230840364510459,"type":"gauge","name":"runtime.MemStats.HeapSys","measures":{"value":34373632}}
{"ts":1674230840366932584,"type":"gauge","name":"runtime.MemStats.Lookups","measures":{"value":0}}
{"ts":1674230840375197250,"type":"gauge","name":"runtime.MemStats.MCacheSys","measures":{"value":15600}}
{"ts":1674230840379187417,"type":"histogram","name":"runtime.MemStats.PauseNs","measures":{"count":3,"max":3227708,"mean":1163916.6666666667,"min":42499,"p50":221543,"p75":3227708,"p95":3227708,"p99":3227708,"p999":3227708,"p9999":3227708,"stddev":1461150.2749866475,"variance":2134960126093.5557}}
{"ts":1674230840381907042,"type":"gauge","name":"runtime.MemStats.TotalAlloc","measures":{"value":33484384}}
{"ts":1674230840383561042,"type":"gauge","name":"runtime.NumThread","measures":{"value":10}}
{"ts":1674230840450544542,"type":"timer","name":"runtime.ReadMemStats","measures":{"count":3,"m1":0.030703655021877167,"m15":0.002209922141215539,"m5":0.0065567799035988195,"max":51943833,"mean":17655805.666666668,"meanrate":0.19997799732752097,"min":384750,"p50":638834,"p75":51943833,"p95":51943833,"p99":51943833,"p999":51943833,"p9999":51943833,"stddev":24245518.534062114,"variance":587845168985549.5}}
{"ts":1674230840469461875,"type":"gauge","name":"runtime.MemStats.HeapInuse","measures":{"value":28303360}}
{"ts":1674230840482143084,"type":"gauge","name":"runtime.MemStats.PauseTotalNs","measures":{"value":3491750}}
{"ts":1674230840502430250,"type":"gauge","name":"runtime.MemStats.BuckHashSys","measures":{"value":1496334}}
{"ts":1674230840504986209,"type":"gauge","name":"runtime.MemStats.DebugGC","measures":{"value":0}}
{"ts":1674230840507283417,"type":"gauge","name":"runtime.MemStats.NumGC","measures":{"value":0}}
{"ts":1674230840529029542,"type":"gauge","name":"runtime.MemStats.StackInuse","measures":{"value":3375104}}
{"ts":1674230840544472625,"type":"gauge","name":"runtime.MemStats.StackSys","measures":{"value":3375104}}
{"ts":1674230845227154211,"type":"gauge","name":"runtime.MemStats.EnableGC","measures":{"value":1}}
{"ts":1674230845230496919,"type":"gauge","name":"runtime.MemStats.MCacheInuse","measures":{"value":7200}}
{"ts":1674230845235176753,"type":"gauge","name":"runtime.NumGoroutine","measures":{"value":126}}
{"ts":1674230845276164419,"type":"gauge","name":"runtime.NumCgoCall","measures":{"value":0}}
{"ts":1674230845281337003,"type":"gauge","name":"runtime.MemStats.NextGC","measures":{"value":39378000}}
{"ts":1674230845290508878,"type":"gauge","name":"runtime.MemStats.GCCPUFraction","measures":{"value":0.022886725996459006}}
{"ts":1674230845312336419,"type":"gauge","name":"runtime.MemStats.Sys","measures":{"value":59012360}}
{"ts":1674230845321148794,"type":"timer","name":"runtime.ReadMemStats","measures":{"count":4,"m1":0.044239843385719006,"m15":0.003305709235676515,"m5":0.009754115099857198,"max":51943833,"mean":13491010.5,"meanrate":0.19989347293032075,"min":384750,"p50":817729.5,"p75":39207031,"p95":51943833,"p99":51943833,"p999":51943833,"p9999":51943833,"stddev":22201811.481949672,"variance":492920433080032.25}}
{"ts":1674230845385613836,"type":"gauge","name":"runtime.MemStats.HeapReleased","measures":{"value":4521984}}
{"ts":1674230845391250919,"type":"gauge","name":"runtime.MemStats.HeapSys","measures":{"value":36732928}}
{"ts":1674230845393373794,"type":"gauge","name":"runtime.MemStats.Lookups","measures":{"value":0}}
{"ts":1674230845396251169,"type":"gauge","name":"runtime.MemStats.MCacheSys","measures":{"value":15600}}
{"ts":1674230845484074836,"type":"histogram","name":"runtime.MemStats.PauseNs","measures":{"count":3,"max":3227708,"mean":1163916.6666666667,"min":42499,"p50":221543,"p75":3227708,"p95":3227708,"p99":3227708,"p999":3227708,"p9999":3227708,"stddev":1461150.2749866475,"variance":2134960126093.5557}}
{"ts":1674230845488984961,"type":"gauge","name":"runtime.MemStats.TotalAlloc","measures":{"value":36702792}}
{"ts":1674230845501320461,"type":"gauge","name":"runtime.NumThread","measures":{"value":10}}
{"ts":1674230845535269711,"type":"gauge","name":"runtime.MemStats.HeapInuse","measures":{"value":32145408}}
{"ts":1674230845571418378,"type":"gauge","name":"runtime.MemStats.PauseTotalNs","measures":{"value":3491750}}
{"ts":1674230845602985670,"type":"gauge","name":"runtime.MemStats.BuckHashSys","measures":{"value":1497974}}
{"ts":1674230845653662836,"type":"gauge","name":"runtime.MemStats.DebugGC","measures":{"value":0}}
{"ts":1674230845751213711,"type":"gauge","name":"runtime.MemStats.NumGC","measures":{"value":0}}
{"ts":1674230845907481461,"type":"gauge","name":"runtime.MemStats.StackInuse","measures":{"value":13598720}}
{"ts":1674230846019410378,"type":"gauge","name":"runtime.MemStats.StackSys","measures":{"value":13598720}}
{"ts":1674230846076126961,"type":"gauge","name":"runtime.MemStats.LastGC","measures":{"value":1674230828689238800}}
{"ts":1674230846154679795,"type":"gauge","name":"runtime.MemStats.MSpanSys","measures":{"value":571200}}
{"ts":1674230846230307837,"type":"gauge","name":"runtime.MemStats.Alloc","measures":{"value":30031216}}
{"ts":1674230846231364212,"type":"gauge","name":"runtime.MemStats.Frees","measures":{"value":2912}}
{"ts":1674230846237618837,"type":"gauge","name":"runtime.MemStats.HeapAlloc","measures":{"value":30031216}}
{"ts":1674230846241803462,"type":"gauge","name":"runtime.MemStats.HeapIdle","measures":{"value":4587520}}
{"ts":1674230846244949587,"type":"gauge","name":"runtime.MemStats.HeapObjects","measures":{"value":669661}}
{"ts":1674230846247612170,"type":"gauge","name":"runtime.MemStats.Mallocs","measures":{"value":35707}}
{"ts":1674230846253104378,"type":"gauge","name":"runtime.MemStats.MSpanInuse","measures":{"value":562496}}
{"ts":1674230850219089547,"type":"gauge","name":"runtime.MemStats.MSpanSys","measures":{"value":636480}}
{"ts":1674230850221419338,"type":"gauge","name":"runtime.MemStats.Alloc","measures":{"value":33508072}}
{"ts":1674230850240045213,"type":"gauge","name":"runtime.MemStats.Frees","measures":{"value":2478}}
{"ts":1674230850245300338,"type":"gauge","name":"runtime.MemStats.HeapAlloc","measures":{"value":33508072}}
{"ts":1674230850247305547,"type":"gauge","name":"runtime.MemStats.HeapIdle","measures":{"value":1622016}}
{"ts":1674230850249265422,"type":"gauge","name":"runtime.MemStats.HeapObjects","measures":{"value":712300}}
{"ts":1674230850252026338,"type":"gauge","name":"runtime.MemStats.Mallocs","measures":{"value":45117}}
{"ts":1674230850255257797,"type":"gauge","name":"runtime.MemStats.MSpanInuse","measures":{"value":632128}}
{"ts":1674230850257178838,"type":"gauge","name":"runtime.MemStats.EnableGC","measures":{"value":1}}
{"ts":1674230850261354630,"type":"gauge","name":"runtime.MemStats.MCacheInuse","measures":{"value":7200}}
{"ts":1674230850263991422,"type":"gauge","name":"runtime.NumGoroutine","measures":{"value":240}}
{"ts":1674230850267702463,"type":"gauge","name":"runtime.NumCgoCall","measures":{"value":0}}
{"ts":1674230850285281838,"type":"gauge","name":"runtime.MemStats.NextGC","measures":{"value":39378000}}
{"ts":1674230850287945922,"type":"gauge","name":"runtime.MemStats.GCCPUFraction","measures":{"value":0.022886725996459006}}
{"ts":1674230850290846505,"type":"gauge","name":"runtime.MemStats.Sys","measures":{"value":71595272}}
{"ts":1674230850297619672,"type":"timer","name":"runtime.ReadMemStats","measures":{"count":5,"m1":0.056693737885242124,"m15":0.004395425503079905,"m5":0.012898602993676452,"max":51943833,"mean":10956400,"meanrate":0.19997929238424877,"min":384750,"p50":817958,"p75":26470229,"p95":51943833,"p99":51943833,"p999":51943833,"p9999":51943833,"stddev":20494715.123925652,"variance":420033348010866.8}}
{"ts":1674230850300652755,"type":"gauge","name":"runtime.MemStats.HeapReleased","measures":{"value":1425408}}
{"ts":1674230850304143005,"type":"gauge","name":"runtime.MemStats.HeapSys","measures":{"value":37322752}}
{"ts":1674230850308280213,"type":"gauge","name":"runtime.MemStats.Lookups","measures":{"value":0}}
{"ts":1674230850312138797,"type":"gauge","name":"runtime.MemStats.MCacheSys","measures":{"value":15600}}
{"ts":1674230850314364130,"type":"histogram","name":"runtime.MemStats.PauseNs","measures":{"count":3,"max":3227708,"mean":1163916.6666666667,"min":42499,"p50":221543,"p75":3227708,"p95":3227708,"p99":3227708,"p999":3227708,"p9999":3227708,"stddev":1461150.2749866475,"variance":2134960126093.5557}}
{"ts":1674230850318472880,"type":"gauge","name":"runtime.MemStats.TotalAlloc","measures":{"value":40179648}}
{"ts":1674230850321272213,"type":"gauge","name":"runtime.NumThread","measures":{"value":13}}
{"ts":1674230850327379130,"type":"gauge","name":"runtime.MemStats.HeapInuse","measures":{"value":35700736}}
{"ts":1674230850392053713,"type":"gauge","name":"runtime.MemStats.PauseTotalNs","measures":{"value":3491750}}
{"ts":1674230850394152755,"type":"gauge","name":"runtime.MemStats.BuckHashSys","measures":{"value":1498758}}
{"ts":1674230850400281339,"type":"gauge","name":"runtime.MemStats.DebugGC","measures":{"value":0}}
{"ts":1674230850405505505,"type":"gauge","name":"runtime.MemStats.NumGC","measures":{"value":0}}
{"ts":1674230850411481839,"type":"gauge","name":"runtime.MemStats.StackInuse","measures":{"value":25591808}}
{"ts":1674230850414159839,"type":"gauge","name":"runtime.MemStats.StackSys","measures":{"value":25591808}}
{"ts":1674230850418155672,"type":"gauge","name":"runtime.MemStats.LastGC","measures":{"value":1674230828689238800}}
{"ts":1674230855220564507,"type":"gauge","name":"runtime.MemStats.NextGC","measures":{"value":39378000}}
{"ts":1674230855230136424,"type":"gauge","name":"runtime.MemStats.GCCPUFraction","measures":{"value":0.022886725996459006}}
{"ts":1674230855235499882,"type":"gauge","name":"runtime.MemStats.Sys","measures":{"value":75789576}}
{"ts":1674230855259616549,"type":"gauge","name":"runtime.MemStats.MCacheSys","measures":{"value":15600}}
{"ts":1674230855274614424,"type":"histogram","name":"runtime.MemStats.PauseNs","measures":{"count":3,"max":3227708,"mean":1163916.6666666667,"min":42499,"p50":221543,"p75":3227708,"p95":3227708,"p99":3227708,"p999":3227708,"p9999":3227708,"stddev":1461150.2749866475,"variance":2134960126093.5557}}
{"ts":1674230855278170382,"type":"gauge","name":"runtime.MemStats.TotalAlloc","measures":{"value":40747008}}
{"ts":1674230855281022799,"type":"gauge","name":"runtime.NumThread","measures":{"value":13}}
{"ts":1674230855283632382,"type":"timer","name":"runtime.ReadMemStats","measures":{"count":6,"m1":0.06815187395991122,"m15":0.0054791045767303434,"m5":0.015991117074135346,"max":51943833,"mean":9387333.333333334,"meanrate":0.19997370892322464,"min":384750,"p50":907291.5,"p75":14142458.25,"p95":51943833,"p99":51943833,"p999":51943833,"p9999":51943833,"stddev":19035168.531727735,"variance":362337641031277.9}}
{"ts":1674230855286136216,"type":"gauge","name":"runtime.MemStats.HeapReleased","measures":{"value":4268032}}
{"ts":1674230855307065299,"type":"gauge","name":"runtime.MemStats.HeapSys","measures":{"value":40370176}}
{"ts":1674230855320694841,"type":"gauge","name":"runtime.MemStats.Lookups","measures":{"value":0}}
{"ts":1674230855350092966,"type":"gauge","name":"runtime.MemStats.HeapInuse","measures":{"value":35971072}}
{"ts":1674230855353154758,"type":"gauge","name":"runtime.MemStats.PauseTotalNs","measures":{"value":3491750}}
{"ts":1674230855359476799,"type":"gauge","name":"runtime.MemStats.StackInuse","measures":{"value":26738688}}
{"ts":1674230855372354841,"type":"gauge","name":"runtime.MemStats.StackSys","measures":{"value":26738688}}
{"ts":1674230855377300758,"type":"gauge","name":"runtime.MemStats.BuckHashSys","measures":{"value":1498998}}
{"ts":1674230855380041174,"type":"gauge","name":"runtime.MemStats.DebugGC","measures":{"value":0}}
{"ts":1674230855382478008,"type":"gauge","name":"runtime.MemStats.NumGC","measures":{"value":0}}
{"ts":1674230855399070591,"type":"gauge","name":"runtime.MemStats.LastGC","measures":{"value":1674230828689238800}}
{"ts":1674230855407631299,"type":"gauge","name":"runtime.MemStats.HeapIdle","measures":{"value":4399104}}
{"ts":1674230855410426633,"type":"gauge","name":"runtime.MemStats.HeapObjects","measures":{"value":716996}}
{"ts":1674230855412466341,"type":"gauge","name":"runtime.MemStats.Mallocs","measures":{"value":5352}}
{"ts":1674230855415695508,"type":"gauge","name":"runtime.MemStats.MSpanInuse","measures":{"value":632128}}
{"ts":1674230855418372633,"type":"gauge","name":"runtime.MemStats.MSpanSys","measures":{"value":636480}}
{"ts":1674230855423572758,"type":"gauge","name":"runtime.MemStats.Alloc","measures":{"value":34075432}}
{"ts":1674230855429938466,"type":"gauge","name":"runtime.MemStats.Frees","measures":{"value":656}}
{"ts":1674230855431816341,"type":"gauge","name":"runtime.MemStats.HeapAlloc","measures":{"value":34075432}}
{"ts":1674230855436480383,"type":"gauge","name":"runtime.MemStats.EnableGC","measures":{"value":1}}
{"ts":1674230855440405758,"type":"gauge","name":"runtime.MemStats.MCacheInuse","measures":{"value":7200}}
{"ts":1674230855442453133,"type":"gauge","name":"runtime.NumGoroutine","measures":{"value":131}}
{"ts":1674230855444897549,"type":"gauge","name":"runtime.NumCgoCall","measures":{"value":0}}
{"ts":1674230860218538135,"type":"gauge","name":"runtime.MemStats.Alloc","measures":{"value":34688424}}
{"ts":1674230860249405427,"type":"gauge","name":"runtime.MemStats.Frees","measures":{"value":571}}
{"ts":1674230860252113010,"type":"gauge","name":"runtime.MemStats.HeapAlloc","measures":{"value":34688424}}
{"ts":1674230860254388302,"type":"gauge","name":"runtime.MemStats.HeapIdle","measures":{"value":3252224}}
{"ts":1674230860256509093,"type":"gauge","name":"runtime.MemStats.HeapObjects","measures":{"value":721175}}
{"ts":1674230860259541260,"type":"gauge","name":"runtime.MemStats.Mallocs","measures":{"value":4750}}
{"ts":1674230860263199885,"type":"gauge","name":"runtime.MemStats.MSpanInuse","measures":{"value":640832}}
{"ts":1674230860267479885,"type":"gauge","name":"runtime.MemStats.MSpanSys","measures":{"value":652800}}
{"ts":1674230860269634385,"type":"gauge","name":"runtime.MemStats.EnableGC","measures":{"value":1}}
{"ts":1674230860281412718,"type":"gauge","name":"runtime.MemStats.MCacheInuse","measures":{"value":7200}}
{"ts":1674230860284219927,"type":"gauge","name":"runtime.NumGoroutine","measures":{"value":132}}
{"ts":1674230860287351802,"type":"gauge","name":"runtime.NumCgoCall","measures":{"value":0}}
{"ts":1674230860290192010,"type":"gauge","name":"runtime.MemStats.NextGC","measures":{"value":39378000}}
{"ts":1674230860292013760,"type":"gauge","name":"runtime.MemStats.GCCPUFraction","measures":{"value":0.022886725996459006}}
{"ts":1674230860294063677,"type":"gauge","name":"runtime.MemStats.Sys","measures":{"value":75789576}}
{"ts":1674230860295435385,"type":"gauge","name":"runtime.MemStats.HeapReleased","measures":{"value":3235840}}
{"ts":1674230860310038177,"type":"gauge","name":"runtime.MemStats.HeapSys","measures":{"value":39845888}}
{"ts":1674230860321787010,"type":"gauge","name":"runtime.MemStats.Lookups","measures":{"value":0}}
{"ts":1674230860323692260,"type":"gauge","name":"runtime.MemStats.MCacheSys","measures":{"value":15600}}
{"ts":1674230860326089927,"type":"histogram","name":"runtime.MemStats.PauseNs","measures":{"count":3,"max":3227708,"mean":1163916.6666666667,"min":42499,"p50":221543,"p75":3227708,"p95":3227708,"p99":3227708,"p999":3227708,"p9999":3227708,"stddev":1461150.2749866475,"variance":2134960126093.5557}}
{"ts":1674230860331440343,"type":"gauge","name":"runtime.MemStats.TotalAlloc","measures":{"value":41360000}}
{"ts":1674230860333512177,"type":"gauge","name":"runtime.NumThread","measures":{"value":13}}
{"ts":1674230860335004468,"type":"timer","name":"runtime.ReadMemStats","measures":{"count":7,"m1":0.07869386805747328,"m15":0.0065567799035988455,"m5":0.019032516392808084,"max":51943833,"mean":8121232.142857143,"meanrate":0.199988448667205,"min":384750,"p50":817958,"p75":1542000,"p95":51943833,"p99":51943833,"p999":51943833,"p9999":51943833,"stddev":17893942.94813482,"variance":320193194231103.9}}
{"ts":1674230860350004302,"type":"gauge","name":"runtime.MemStats.HeapInuse","measures":{"value":36593664}}
{"ts":1674230860351981718,"type":"gauge","name":"runtime.MemStats.PauseTotalNs","measures":{"value":3491750}}
{"ts":1674230860353398468,"type":"gauge","name":"runtime.MemStats.BuckHashSys","measures":{"value":1498998}}
{"ts":1674230860355050885,"type":"gauge","name":"runtime.MemStats.DebugGC","measures":{"value":0}}
{"ts":1674230860360006968,"type":"gauge","name":"runtime.MemStats.NumGC","measures":{"value":0}}
{"ts":1674230860361699468,"type":"gauge","name":"runtime.MemStats.StackInuse","measures":{"value":27262976}}
{"ts":1674230860363478385,"type":"gauge","name":"runtime.MemStats.StackSys","measures":{"value":27262976}}
{"ts":1674230860365794677,"type":"gauge","name":"runtime.MemStats.LastGC","measures":{"value":1674230828689238800}}
{"ts":1674230865217849262,"type":"gauge","name":"runtime.MemStats.StackSys","measures":{"value":27262976}}
{"ts":1674230865228175137,"type":"gauge","name":"runtime.MemStats.BuckHashSys","measures":{"value":1498998}}
{"ts":1674230865230249387,"type":"gauge","name":"runtime.MemStats.DebugGC","measures":{"value":0}}
{"ts":1674230865232339846,"type":"gauge","name":"runtime.MemStats.NumGC","measures":{"value":0}}
{"ts":1674230865234085804,"type":"gauge","name":"runtime.MemStats.StackInuse","measures":{"value":27262976}}
{"ts":1674230865237396637,"type":"gauge","name":"runtime.MemStats.LastGC","measures":{"value":1674230828689238800}}
{"ts":1674230865239635804,"type":"gauge","name":"runtime.MemStats.HeapObjects","measures":{"value":723641}}
{"ts":1674230865243583846,"type":"gauge","name":"runtime.MemStats.Mallocs","measures":{"value":2706}}
{"ts":1674230865246865429,"type":"gauge","name":"runtime.MemStats.MSpanInuse","measures":{"value":640832}}
{"ts":1674230865250141762,"type":"gauge","name":"runtime.MemStats.MSpanSys","measures":{"value":652800}}
{"ts":1674230865253292471,"type":"gauge","name":"runtime.MemStats.Alloc","measures":{"value":34956032}}
{"ts":1674230865254899596,"type":"gauge","name":"runtime.MemStats.Frees","measures":{"value":240}}
{"ts":1674230865257627137,"type":"gauge","name":"runtime.MemStats.HeapAlloc","measures":{"value":34956032}}
{"ts":1674230865259592554,"type":"gauge","name":"runtime.MemStats.HeapIdle","measures":{"value":3145728}}
{"ts":1674230865261364971,"type":"gauge","name":"runtime.MemStats.EnableGC","measures":{"value":1}}
{"ts":1674230865263093804,"type":"gauge","name":"runtime.MemStats.MCacheInuse","measures":{"value":7200}}
{"ts":1674230865266085637,"type":"gauge","name":"runtime.NumGoroutine","measures":{"value":132}}
{"ts":1674230865268949429,"type":"gauge","name":"runtime.NumCgoCall","measures":{"value":0}}
{"ts":1674230865270573554,"type":"gauge","name":"runtime.MemStats.NextGC","measures":{"value":39378000}}
{"ts":1674230865272625429,"type":"gauge","name":"runtime.MemStats.GCCPUFraction","measures":{"value":0.022886725996459006}}
{"ts":1674230865274351346,"type":"gauge","name":"runtime.MemStats.Sys","measures":{"value":75789576}}
{"ts":1674230865275908096,"type":"histogram","name":"runtime.MemStats.PauseNs","measures":{"count":3,"max":3227708,"mean":1163916.6666666667,"min":42499,"p50":221543,"p75":3227708,"p95":3227708,"p99":3227708,"p999":3227708,"p9999":3227708,"stddev":1461150.2749866475,"variance":2134960126093.5557}}
{"ts":1674230865278898179,"type":"gauge","name":"runtime.MemStats.TotalAlloc","measures":{"value":41627608}}
{"ts":1674230865286383637,"type":"gauge","name":"runtime.NumThread","measures":{"value":13}}
{"ts":1674230865289972637,"type":"timer","name":"runtime.ReadMemStats","measures":{"count":8,"m1":0.08839297084599056,"m15":0.007628484745355124,"m5":0.02202364580239524,"max":51943833,"mean":7173036.5,"meanrate":0.1999938967612533,"min":384750,"p50":728396,"p75":1405656.25,"p95":51943833,"p99":51943833,"p999":51943833,"p9999":51943833,"stddev":16925205.162483223,"variance":286462569792148.75}}
{"ts":1674230865292156137,"type":"gauge","name":"runtime.MemStats.HeapReleased","measures":{"value":3145728}}
{"ts":1674230865294379929,"type":"gauge","name":"runtime.MemStats.HeapSys","measures":{"value":39845888}}
{"ts":1674230865296255137,"type":"gauge","name":"runtime.MemStats.Lookups","measures":{"value":0}}
{"ts":1674230865298032179,"type":"gauge","name":"runtime.MemStats.MCacheSys","measures":{"value":15600}}
{"ts":1674230865299962762,"type":"gauge","name":"runtime.MemStats.HeapInuse","measures":{"value":36700160}}
{"ts":1674230865340167887,"type":"gauge","name":"runtime.MemStats.PauseTotalNs","measures":{"value":3491750}}
{"ts":1674230870219561875,"type":"gauge","name":"runtime.MemStats.HeapInuse","measures":{"value":36921344}}
{"ts":1674230870223743375,"type":"gauge","name":"runtime.MemStats.PauseTotalNs","measures":{"value":3491750}}
{"ts":1674230870225231084,"type":"gauge","name":"runtime.MemStats.NumGC","measures":{"value":0}}
{"ts":1674230870226798209,"type":"gauge","name":"runtime.MemStats.StackInuse","measures":{"value":27262976}}
{"ts":1674230870229026292,"type":"gauge","name":"runtime.MemStats.StackSys","measures":{"value":27262976}}
{"ts":1674230870231405750,"type":"gauge","name":"runtime.MemStats.BuckHashSys","measures":{"value":1499222}}
{"ts":1674230870233478417,"type":"gauge","name":"runtime.MemStats.DebugGC","measures":{"value":0}}
{"ts":1674230870235434417,"type":"gauge","name":"runtime.MemStats.LastGC","measures":{"value":1674230828689238800}}
{"ts":1674230870237217709,"type":"gauge","name":"runtime.MemStats.HeapAlloc","measures":{"value":35222112}}
{"ts":1674230870240920834,"type":"gauge","name":"runtime.MemStats.HeapIdle","measures":{"value":2924544}}
{"ts":1674230870243954542,"type":"gauge","name":"runtime.MemStats.HeapObjects","measures":{"value":726108}}
{"ts":1674230870246724084,"type":"gauge","name":"runtime.MemStats.Mallocs","measures":{"value":2706}}
{"ts":1674230870249681584,"type":"gauge","name":"runtime.MemStats.MSpanInuse","measures":{"value":640832}}
{"ts":1674230870251425292,"type":"gauge","name":"runtime.MemStats.MSpanSys","measures":{"value":652800}}
{"ts":1674230870256503834,"type":"gauge","name":"runtime.MemStats.Alloc","measures":{"value":35222112}}
{"ts":1674230870258272500,"type":"gauge","name":"runtime.MemStats.Frees","measures":{"value":239}}
{"ts":1674230870260018375,"type":"gauge","name":"runtime.NumGoroutine","measures":{"value":132}}
{"ts":1674230870262629709,"type":"gauge","name":"runtime.MemStats.EnableGC","measures":{"value":1}}
{"ts":1674230870263788084,"type":"gauge","name":"runtime.MemStats.MCacheInuse","measures":{"value":7200}}
{"ts":1674230870267805125,"type":"gauge","name":"runtime.NumCgoCall","measures":{"value":0}}
{"ts":1674230870271452042,"type":"gauge","name":"runtime.MemStats.Sys","measures":{"value":75789576}}
{"ts":1674230870274613000,"type":"gauge","name":"runtime.MemStats.NextGC","measures":{"value":39378000}}
{"ts":1674230870276466625,"type":"gauge","name":"runtime.MemStats.GCCPUFraction","measures":{"value":0.022886725996459006}}
{"ts":1674230870278758292,"type":"gauge","name":"runtime.MemStats.Lookups","measures":{"value":0}}
{"ts":1674230870280865334,"type":"gauge","name":"runtime.MemStats.MCacheSys","measures":{"value":15600}}
{"ts":1674230870291552917,"type":"histogram","name":"runtime.MemStats.PauseNs","measures":{"count":3,"max":3227708,"mean":1163916.6666666667,"min":42499,"p50":221543,"p75":3227708,"p95":3227708,"p99":3227708,"p999":3227708,"p9999":3227708,"stddev":1461150.2749866475,"variance":2134960126093.5557}}
{"ts":1674230870295464042,"type":"gauge","name":"runtime.MemStats.TotalAlloc","measures":{"value":41893688}}
{"ts":1674230870337572625,"type":"gauge","name":"runtime.NumThread","measures":{"value":13}}
{"ts":1674230870340574542,"type":"timer","name":"runtime.ReadMemStats","measures":{"count":9,"m1":0.09731657619348157,"m15":0.008694252179394185,"m5":0.02496533619141051,"max":51943833,"mean":6479416.777777778,"meanrate":0.19999233668475436,"min":384750,"p50":817958,"p75":1269312.5,"p95":51943833,"p99":51943833,"p999":51943833,"p9999":51943833,"stddev":16077383.553403331,"variance":258482261923243.94}}
{"ts":1674230870343721209,"type":"gauge","name":"runtime.MemStats.HeapReleased","measures":{"value":2924544}}
{"ts":1674230870345765917,"type":"gauge","name":"runtime.MemStats.HeapSys","measures":{"value":39845888}}
{"ts":1674230875222672669,"type":"gauge","name":"runtime.MemStats.EnableGC","measures":{"value":1}}
{"ts":1674230875238278336,"type":"gauge","name":"runtime.MemStats.MCacheInuse","measures":{"value":7200}}
{"ts":1674230875246291211,"type":"gauge","name":"runtime.NumGoroutine","measures":{"value":180}}
{"ts":1674230875273045586,"type":"gauge","name":"runtime.NumCgoCall","measures":{"value":0}}
{"ts":1674230875285350878,"type":"gauge","name":"runtime.MemStats.NextGC","measures":{"value":39378000}}
{"ts":1674230875287988711,"type":"gauge","name":"runtime.MemStats.GCCPUFraction","measures":{"value":0.022886725996459006}}
{"ts":1674230875292919461,"type":"gauge","name":"runtime.MemStats.Sys","measures":{"value":82149656}}
{"ts":1674230875306377503,"type":"timer","name":"runtime.ReadMemStats","measures":{"count":10,"m1":0.10552668945179702,"m15":0.009754115099857238,"m5":0.02785840471498844,"max":51943833,"mean":5858429.3,"meanrate":0.19998067044433918,"min":269542,"p50":728396,"p75":1132968.75,"p95":51943833,"p99":51943833,"p999":51943833,"p9999":51943833,"stddev":15365697.665870262,"variance":236104664758930.84}}
{"ts":1674230875334364253,"type":"gauge","name":"runtime.MemStats.HeapReleased","measures":{"value":4153344}}
{"ts":1674230875343661461,"type":"gauge","name":"runtime.MemStats.HeapSys","measures":{"value":42336256}}
{"ts":1674230875359346086,"type":"gauge","name":"runtime.MemStats.Lookups","measures":{"value":0}}
{"ts":1674230875372574378,"type":"gauge","name":"runtime.MemStats.MCacheSys","measures":{"value":15600}}
{"ts":1674230875380750086,"type":"histogram","name":"runtime.MemStats.PauseNs","measures":{"count":3,"max":3227708,"mean":1163916.6666666667,"min":42499,"p50":221543,"p75":3227708,"p95":3227708,"p99":3227708,"p999":3227708,"p9999":3227708,"stddev":1461150.2749866475,"variance":2134960126093.5557}}
{"ts":1674230875386577378,"type":"gauge","name":"runtime.MemStats.TotalAlloc","measures":{"value":42857568}}
{"ts":1674230875402568419,"type":"gauge","name":"runtime.NumThread","measures":{"value":13}}
{"ts":1674230875425240128,"type":"gauge","name":"runtime.MemStats.HeapInuse","measures":{"value":38182912}}
{"ts":1674230875443499336,"type":"gauge","name":"runtime.MemStats.PauseTotalNs","measures":{"value":3491750}}
{"ts":1674230875493288878,"type":"gauge","name":"runtime.MemStats.BuckHashSys","measures":{"value":1499438}}
{"ts":1674230875564638086,"type":"gauge","name":"runtime.MemStats.DebugGC","measures":{"value":0}}
{"ts":1674230875600784920,"type":"gauge","name":"runtime.MemStats.NumGC","measures":{"value":0}}
{"ts":1674230875608512503,"type":"gauge","name":"runtime.MemStats.StackInuse","measures":{"value":28966912}}
{"ts":1674230875645330920,"type":"gauge","name":"runtime.MemStats.StackSys","measures":{"value":28966912}}
{"ts":1674230875667745586,"type":"gauge","name":"runtime.MemStats.LastGC","measures":{"value":1674230828689238800}}
{"ts":1674230875680845753,"type":"gauge","name":"runtime.MemStats.MSpanSys","measures":{"value":669120}}
{"ts":1674230875692556211,"type":"gauge","name":"runtime.MemStats.Alloc","measures":{"value":36185992}}
{"ts":1674230875715897711,"type":"gauge","name":"runtime.MemStats.Frees","measures":{"value":751}}
{"ts":1674230875770838586,"type":"gauge","name":"runtime.MemStats.HeapAlloc","measures":{"value":36185992}}
{"ts":1674230875843394670,"type":"gauge","name":"runtime.MemStats.HeapIdle","measures":{"value":4153344}}
{"ts":1674230875873893378,"type":"gauge","name":"runtime.MemStats.HeapObjects","measures":{"value":737261}}
{"ts":1674230875901039586,"type":"gauge","name":"runtime.MemStats.Mallocs","measures":{"value":11904}}
{"ts":1674230875916918503,"type":"gauge","name":"runtime.MemStats.MSpanInuse","measures":{"value":658240}}
{"ts":1674230880224295172,"type":"gauge","name":"runtime.NumCgoCall","measures":{"value":0}}
{"ts":1674230880275501505,"type":"gauge","name":"runtime.MemStats.GCCPUFraction","measures":{"value":0.022886725996459006}}
{"ts":1674230880290372922,"type":"gauge","name":"runtime.MemStats.Sys","measures":{"value":82149656}}
{"ts":1674230880309573588,"type":"gauge","name":"runtime.MemStats.NextGC","measures":{"value":39378000}}
{"ts":1674230880325754213,"type":"gauge","name":"runtime.MemStats.HeapSys","measures":{"value":41549824}}
{"ts":1674230880367474505,"type":"gauge","name":"runtime.MemStats.Lookups","measures":{"value":0}}
{"ts":1674230880419488547,"type":"gauge","name":"runtime.MemStats.MCacheSys","measures":{"value":15600}}
{"ts":1674230880428494047,"type":"histogram","name":"runtime.MemStats.PauseNs","measures":{"count":3,"max":3227708,"mean":1163916.6666666667,"min":42499,"p50":221543,"p75":3227708,"p95":3227708,"p99":3227708,"p999":3227708,"p9999":3227708,"stddev":1461150.2749866475,"variance":2134960126093.5557}}
{"ts":1674230880446254464,"type":"gauge","name":"runtime.MemStats.TotalAlloc","measures":{"value":43317920}}
{"ts":1674230880455323839,"type":"gauge","name":"runtime.NumThread","measures":{"value":13}}
{"ts":1674230880479651380,"type":"timer","name":"runtime.ReadMemStats","measures":{"count":11,"m1":0.11308035829858432,"m15":0.01080810621864695,"m5":0.030703655021877187,"max":51943833,"mean":5669609.909090909,"meanrate":0.1999783848199689,"min":269542,"p50":817958,"p75":1542000,"p95":51943833,"p99":51943833,"p999":51943833,"p9999":51943833,"stddev":14662780.49860031,"variance":214997131950133.53}}
{"ts":1674230880484452464,"type":"gauge","name":"runtime.MemStats.HeapReleased","measures":{"value":3129344}}
{"ts":1674230880503581964,"type":"gauge","name":"runtime.MemStats.PauseTotalNs","measures":{"value":3491750}}
{"ts":1674230880510564505,"type":"gauge","name":"runtime.MemStats.HeapInuse","measures":{"value":38420480}}
{"ts":1674230880521613422,"type":"gauge","name":"runtime.MemStats.DebugGC","measures":{"value":0}}
{"ts":1674230880542392464,"type":"gauge","name":"runtime.MemStats.NumGC","measures":{"value":0}}
{"ts":1674230880547543172,"type":"gauge","name":"runtime.MemStats.StackInuse","measures":{"value":29753344}}
{"ts":1674230880555348047,"type":"gauge","name":"runtime.MemStats.StackSys","measures":{"value":29753344}}
{"ts":1674230880571517922,"type":"gauge","name":"runtime.MemStats.BuckHashSys","measures":{"value":1499686}}
{"ts":1674230880627285797,"type":"gauge","name":"runtime.MemStats.LastGC","measures":{"value":1674230828689238800}}
{"ts":1674230880637943672,"type":"gauge","name":"runtime.MemStats.Frees","measures":{"value":359}}
{"ts":1674230880652240047,"type":"gauge","name":"runtime.MemStats.HeapAlloc","measures":{"value":36646344}}
{"ts":1674230880663193422,"type":"gauge","name":"runtime.MemStats.HeapIdle","measures":{"value":3129344}}
{"ts":1674230880688944089,"type":"gauge","name":"runtime.MemStats.HeapObjects","measures":{"value":742286}}
{"ts":1674230880704853505,"type":"gauge","name":"runtime.MemStats.Mallocs","measures":{"value":5384}}
{"ts":1674230880720884172,"type":"gauge","name":"runtime.MemStats.MSpanInuse","measures":{"value":675648}}
{"ts":1674230880730763172,"type":"gauge","name":"runtime.MemStats.MSpanSys","measures":{"value":685440}}
{"ts":1674230880735800714,"type":"gauge","name":"runtime.MemStats.Alloc","measures":{"value":36646344}}
{"ts":1674230880740787922,"type":"gauge","name":"runtime.MemStats.MCacheInuse","measures":{"value":7200}}
{"ts":1674230880750304464,"type":"gauge","name":"runtime.NumGoroutine","measures":{"value":139}}
{"ts":1674230880831842380,"type":"gauge","name":"runtime.MemStats.EnableGC","measures":{"value":1}}
{"ts":1674230886271466050,"type":"gauge","name":"runtime.MemStats.HeapInuse","measures":{"value":33849344}}
{"ts":1674230886322995050,"type":"gauge","name":"runtime.MemStats.PauseTotalNs","measures":{"value":24258250}}
{"ts":1674230886343471175,"type":"gauge","name":"runtime.MemStats.NumGC","measures":{"value":1}}
{"ts":1674230886418973675,"type":"gauge","name":"runtime.MemStats.StackInuse","measures":{"value":18382848}}
{"ts":1674230886488539216,"type":"gauge","name":"runtime.MemStats.StackSys","measures":{"value":18382848}}
{"ts":1674230886523461258,"type":"gauge","name":"runtime.MemStats.BuckHashSys","measures":{"value":1501782}}
{"ts":1674230886610449925,"type":"gauge","name":"runtime.MemStats.DebugGC","measures":{"value":0}}
{"ts":1674230886651882591,"type":"gauge","name":"runtime.MemStats.LastGC","measures":{"value":1674230884129331200}}
{"ts":1674230887123858842,"type":"gauge","name":"runtime.MemStats.HeapAlloc","measures":{"value":26652552}}
{"ts":1674230887322727467,"type":"gauge","name":"runtime.MemStats.HeapIdle","measures":{"value":27459584}}
{"ts":1674230887473952925,"type":"gauge","name":"runtime.MemStats.HeapObjects","measures":{"value":539685}}
{"ts":1674230887507501217,"type":"gauge","name":"runtime.MemStats.Mallocs","measures":{"value":29184}}
{"ts":1674230887536435842,"type":"gauge","name":"runtime.MemStats.MSpanInuse","measures":{"value":636072}}
{"ts":1674230887565624134,"type":"gauge","name":"runtime.MemStats.MSpanSys","measures":{"value":718080}}
{"ts":1674230887656675134,"type":"gauge","name":"runtime.MemStats.Alloc","measures":{"value":26652552}}
{"ts":1674230887727888092,"type":"gauge","name":"runtime.MemStats.Frees","measures":{"value":231785}}
{"ts":1674230887776952967,"type":"gauge","name":"runtime.NumGoroutine","measures":{"value":332}}
{"ts":1674230887815524217,"type":"gauge","name":"runtime.MemStats.EnableGC","measures":{"value":1}}
{"ts":1674230887827437467,"type":"gauge","name":"runtime.MemStats.MCacheInuse","measures":{"value":7200}}
{"ts":1674230887874600884,"type":"gauge","name":"runtime.NumCgoCall","measures":{"value":0}}
{"ts":1674230887948737967,"type":"gauge","name":"runtime.MemStats.Sys","measures":{"value":90865944}}
{"ts":1674230888022437259,"type":"gauge","name":"runtime.MemStats.NextGC","measures":{"value":54074000}}
{"ts":1674230888101917301,"type":"gauge","name":"runtime.MemStats.GCCPUFraction","measures":{"value":0.008885762846092684}}
{"ts":1674230888248255259,"type":"gauge","name":"runtime.MemStats.Lookups","measures":{"value":0}}
{"ts":1674230888532765551,"type":"gauge","name":"runtime.MemStats.MCacheSys","measures":{"value":15600}}
{"ts":1674230888599732259,"type":"histogram","name":"runtime.MemStats.PauseNs","measures":{"count":4,"max":20766500,"mean":6064562.5,"min":42499,"p50":1724625.5,"p75":16381802,"p95":20766500,"p99":20766500,"p999":20766500,"p9999":20766500,"stddev":8581969.986306889,"variance":73650208845872.25}}
{"ts":1674230888625806259,"type":"gauge","name":"runtime.MemStats.TotalAlloc","measures":{"value":45667728}}
{"ts":1674230888692749426,"type":"gauge","name":"runtime.NumThread","measures":{"value":16}}
{"ts":1674230888734757301,"type":"timer","name":"runtime.ReadMemStats","measures":{"count":12,"m1":0.12003006913103051,"m15":0.01185625806643708,"m5":0.033501877477679465,"max":53102083,"mean":9622316,"meanrate":0.1965485999416814,"min":269542,"p50":874208.5,"p75":3221562,"p95":53102083,"p99":53102083,"p999":53102083,"p9999":53102083,"stddev":19207900.565648254,"variance":368943444139830.5}}
{"ts":1674230888789288301,"type":"gauge","name":"runtime.MemStats.HeapReleased","measures":{"value":4079616}}
{"ts":1674230888936501801,"type":"gauge","name":"runtime.MemStats.HeapSys","measures":{"value":61308928}}
{"ts":1674230890220626385,"type":"gauge","name":"runtime.MemStats.MSpanSys","measures":{"value":718080}}
{"ts":1674230890250972802,"type":"gauge","name":"runtime.MemStats.Alloc","measures":{"value":29242120}}
{"ts":1674230890265946468,"type":"gauge","name":"runtime.MemStats.Frees","measures":{"value":2419}}
{"ts":1674230890393170093,"type":"gauge","name":"runtime.MemStats.HeapAlloc","measures":{"value":29242120}}
{"ts":1674230890438029385,"type":"gauge","name":"runtime.MemStats.HeapIdle","measures":{"value":30818304}}
{"ts":1674230890474558427,"type":"gauge","name":"runtime.MemStats.HeapObjects","measures":{"value":572765}}
{"ts":1674230890500024510,"type":"gauge","name":"runtime.MemStats.Mallocs","measures":{"value":35499}}
{"ts":1674230890582450260,"type":"gauge","name":"runtime.MemStats.MSpanInuse","measures":{"value":634848}}
{"ts":1674230890623957593,"type":"gauge","name":"runtime.MemStats.EnableGC","measures":{"value":1}}
{"ts":1674230890660693802,"type":"gauge","name":"runtime.MemStats.MCacheInuse","measures":{"value":7200}}
{"ts":1674230890679523843,"type":"gauge","name":"runtime.NumGoroutine","measures":{"value":431}}
{"ts":1674230890773770635,"type":"gauge","name":"runtime.NumCgoCall","measures":{"value":0}}
{"ts":1674230890799984093,"type":"gauge","name":"runtime.MemStats.NextGC","measures":{"value":54074000}}
{"ts":1674230890834910468,"type":"gauge","name":"runtime.MemStats.GCCPUFraction","measures":{"value":0.008885762846092684}}
{"ts":1674230890860349760,"type":"gauge","name":"runtime.MemStats.Sys","measures":{"value":91128088}}
{"ts":1674230890880792677,"type":"timer","name":"runtime.ReadMemStats","measures":{"count":13,"m1":0.12642411176571153,"m15":0.012898602993676503,"m5":0.03625384938440363,"max":53102083,"mean":9025647.461538462,"meanrate":0.1999914498886146,"min":269542,"p50":930459,"p75":2823520.5,"p95":53102083,"p99":53102083,"p999":53102083,"p9999":53102083,"stddev":18569742.576123003,"variance":344835339343475.3}}
{"ts":1674230890888491010,"type":"gauge","name":"runtime.MemStats.HeapReleased","measures":{"value":3284992}}
{"ts":1674230890973508969,"type":"gauge","name":"runtime.MemStats.HeapSys","measures":{"value":65634304}}
{"ts":1674230890996232177,"type":"gauge","name":"runtime.MemStats.Lookups","measures":{"value":0}}
{"ts":1674230891035222302,"type":"gauge","name":"runtime.MemStats.MCacheSys","measures":{"value":15600}}
{"ts":1674230891049994427,"type":"histogram","name":"runtime.MemStats.PauseNs","measures":{"count":4,"max":20766500,"mean":6064562.5,"min":42499,"p50":1724625.5,"p75":16381802,"p95":20766500,"p99":20766500,"p999":20766500,"p9999":20766500,"stddev":8581969.986306889,"variance":73650208845872.25}}
{"ts":1674230891100490552,"type":"gauge","name":"runtime.MemStats.TotalAlloc","measures":{"value":48257296}}
{"ts":1674230891181001385,"type":"gauge","name":"runtime.NumThread","measures":{"value":16}}
{"ts":1674230891209403802,"type":"gauge","name":"runtime.MemStats.HeapInuse","measures":{"value":34816000}}
{"ts":1674230891263727219,"type":"gauge","name":"runtime.MemStats.PauseTotalNs","measures":{"value":24258250}}
{"ts":1674230891288729552,"type":"gauge","name":"runtime.MemStats.BuckHashSys","measures":{"value":1503206}}
{"ts":1674230891358968510,"type":"gauge","name":"runtime.MemStats.DebugGC","measures":{"value":0}}
{"ts":1674230891448941344,"type":"gauge","name":"runtime.MemStats.NumGC","measures":{"value":0}}
{"ts":1674230891497622219,"type":"gauge","name":"runtime.MemStats.StackInuse","measures":{"value":14057472}}
{"ts":1674230891601430302,"type":"gauge","name":"runtime.MemStats.StackSys","measures":{"value":14057472}}
{"ts":1674230891637874219,"type":"gauge","name":"runtime.MemStats.LastGC","measures":{"value":1674230884129331200}}
{"ts":1674230895417730262,"type":"gauge","name":"runtime.MemStats.StackInuse","measures":{"value":9994240}}
{"ts":1674230895608300887,"type":"gauge","name":"runtime.MemStats.StackSys","measures":{"value":9994240}}
{"ts":1674230895691563137,"type":"gauge","name":"runtime.MemStats.BuckHashSys","measures":{"value":1504926}}
{"ts":1674230895699401887,"type":"gauge","name":"runtime.MemStats.DebugGC","measures":{"value":0}}
{"ts":1674230895704252804,"type":"gauge","name":"runtime.MemStats.NumGC","measures":{"value":0}}
{"ts":1674230895710973137,"type":"gauge","name":"runtime.MemStats.LastGC","measures":{"value":1674230884129331200}}
{"ts":1674230895822313054,"type":"gauge","name":"runtime.MemStats.HeapIdle","measures":{"value":33513472}}
{"ts":1674230895854404929,"type":"gauge","name":"runtime.MemStats.HeapObjects","measures":{"value":602559}}
{"ts":1674230895890343929,"type":"gauge","name":"runtime.MemStats.Mallocs","measures":{"value":31927}}
{"ts":1674230896179388763,"type":"gauge","name":"runtime.MemStats.MSpanInuse","measures":{"value":634848}}
{"ts":1674230896205402221,"type":"gauge","name":"runtime.MemStats.MSpanSys","measures":{"value":718080}}
{"ts":1674230896223265054,"type":"gauge","name":"runtime.MemStats.Alloc","measures":{"value":31614640}}
{"ts":1674230896242300971,"type":"gauge","name":"runtime.MemStats.Frees","measures":{"value":2133}}
{"ts":1674230896327038304,"type":"gauge","name":"runtime.MemStats.HeapAlloc","measures":{"value":31614640}}
{"ts":1674230896344586429,"type":"gauge","name":"runtime.MemStats.EnableGC","measures":{"value":1}}
{"ts":1674230896356329304,"type":"gauge","name":"runtime.MemStats.MCacheInuse","measures":{"value":7200}}
{"ts":1674230896380393346,"type":"gauge","name":"runtime.NumGoroutine","measures":{"value":343}}
{"ts":1674230896391692846,"type":"gauge","name":"runtime.NumCgoCall","measures":{"value":0}}
{"ts":1674230896415671804,"type":"gauge","name":"runtime.MemStats.NextGC","measures":{"value":54074000}}
{"ts":1674230896419629096,"type":"gauge","name":"runtime.MemStats.GCCPUFraction","measures":{"value":0.008885762846092684}}
{"ts":1674230896425510429,"type":"gauge","name":"runtime.MemStats.Sys","measures":{"value":91128088}}
{"ts":1674230896433759304,"type":"gauge","name":"runtime.MemStats.MCacheSys","measures":{"value":15600}}
{"ts":1674230896452004221,"type":"histogram","name":"runtime.MemStats.PauseNs","measures":{"count":4,"max":20766500,"mean":6064562.5,"min":42499,"p50":1724625.5,"p75":16381802,"p95":20766500,"p99":20766500,"p999":20766500,"p9999":20766500,"stddev":8581969.986306889,"variance":73650208845872.25}}
{"ts":1674230896468646929,"type":"gauge","name":"runtime.MemStats.TotalAlloc","measures":{"value":50629816}}
{"ts":1674230896518041430,"type":"gauge","name":"runtime.NumThread","measures":{"value":16}}
{"ts":1674230896584798055,"type":"timer","name":"runtime.ReadMemStats","measures":{"count":14,"m1":0.13230691497865155,"m15":0.013935173171587696,"m5":0.03896033519638589,"max":130463000,"mean":17699744.07142857,"meanrate":0.19943056912674761,"min":269542,"p50":963542,"p75":15822020.25,"p95":130463000,"p99":130463000,"p999":130463000,"p9999":130463000,"stddev":36032258.042568974,"variance":1298323619646276.5}}
{"ts":1674230896600687180,"type":"gauge","name":"runtime.MemStats.HeapReleased","measures":{"value":3145728}}
{"ts":1674230896680854555,"type":"gauge","name":"runtime.MemStats.HeapSys","measures":{"value":69697536}}
{"ts":1674230896742623805,"type":"gauge","name":"runtime.MemStats.Lookups","measures":{"value":0}}
{"ts":1674230896911519971,"type":"gauge","name":"runtime.MemStats.HeapInuse","measures":{"value":36184064}}
{"ts":1674230897003708346,"type":"gauge","name":"runtime.MemStats.PauseTotalNs","measures":{"value":24258250}}
{"ts":1674230900219897917,"type":"gauge","name":"runtime.MemStats.Sys","measures":{"value":91455768}}
{"ts":1674230900316210459,"type":"gauge","name":"runtime.MemStats.NextGC","measures":{"value":54074000}}
{"ts":1674230900357622334,"type":"gauge","name":"runtime.MemStats.GCCPUFraction","measures":{"value":0.008885762846092684}}
{"ts":1674230900387992125,"type":"gauge","name":"runtime.MemStats.Lookups","measures":{"value":0}}
{"ts":1674230900437644667,"type":"gauge","name":"runtime.MemStats.MCacheSys","measures":{"value":15600}}
{"ts":1674230900504441959,"type":"histogram","name":"runtime.MemStats.PauseNs","measures":{"count":4,"max":20766500,"mean":6064562.5,"min":42499,"p50":1724625.5,"p75":16381802,"p95":20766500,"p99":20766500,"p999":20766500,"p9999":20766500,"stddev":8581969.986306889,"variance":73650208845872.25}}
{"ts":1674230900527807792,"type":"gauge","name":"runtime.MemStats.TotalAlloc","measures":{"value":54826784}}
{"ts":1674230900568597792,"type":"gauge","name":"runtime.NumThread","measures":{"value":16}}
{"ts":1674230900587436709,"type":"timer","name":"runtime.ReadMemStats","measures":{"count":15,"m1":0.13771935521708045,"m15":0.014966000593159667,"m5":0.04162208673264367,"max":130463000,"mean":16641652.8,"meanrate":0.1999923587559542,"min":269542,"p50":996625,"p75":3781416,"p95":130463000,"p99":130463000,"p999":130463000,"p9999":130463000,"stddev":35034875.64715029,"variance":1227442511611284.8}}
{"ts":1674230900659704626,"type":"gauge","name":"runtime.MemStats.HeapReleased","measures":{"value":3145728}}
{"ts":1674230900694069876,"type":"gauge","name":"runtime.MemStats.HeapSys","measures":{"value":71499776}}
{"ts":1674230900738069751,"type":"gauge","name":"runtime.MemStats.HeapInuse","measures":{"value":39583744}}
{"ts":1674230900757949126,"type":"gauge","name":"runtime.MemStats.PauseTotalNs","measures":{"value":24258250}}
{"ts":1674230900819284334,"type":"gauge","name":"runtime.MemStats.NumGC","measures":{"value":0}}
{"ts":1674230900903427959,"type":"gauge","name":"runtime.MemStats.StackInuse","measures":{"value":8192000}}
{"ts":1674230900931987584,"type":"gauge","name":"runtime.MemStats.StackSys","measures":{"value":8192000}}
{"ts":1674230900996162834,"type":"gauge","name":"runtime.MemStats.BuckHashSys","measures":{"value":1506942}}
{"ts":1674230901007092251,"type":"gauge","name":"runtime.MemStats.DebugGC","measures":{"value":0}}
{"ts":1674230901118093959,"type":"gauge","name":"runtime.MemStats.LastGC","measures":{"value":1674230884129331200}}
{"ts":1674230901145888251,"type":"gauge","name":"runtime.MemStats.HeapAlloc","measures":{"value":35811608}}
{"ts":1674230901172125626,"type":"gauge","name":"runtime.MemStats.HeapIdle","measures":{"value":31916032}}
{"ts":1674230901215941001,"type":"gauge","name":"runtime.MemStats.HeapObjects","measures":{"value":660704}}
{"ts":1674230901243562709,"type":"gauge","name":"runtime.MemStats.Mallocs","measures":{"value":62166}}
{"ts":1674230901318966126,"type":"gauge","name":"runtime.MemStats.MSpanInuse","measures":{"value":687072}}
{"ts":1674230901357647001,"type":"gauge","name":"runtime.MemStats.MSpanSys","measures":{"value":718080}}
{"ts":1674230901396605459,"type":"gauge","name":"runtime.MemStats.Alloc","measures":{"value":35811608}}
{"ts":1674230901413836876,"type":"gauge","name":"runtime.MemStats.Frees","measures":{"value":4021}}
{"ts":1674230901441461584,"type":"gauge","name":"runtime.NumGoroutine","measures":{"value":441}}
{"ts":1674230901516459126,"type":"gauge","name":"runtime.MemStats.EnableGC","measures":{"value":1}}
{"ts":1674230901530647293,"type":"gauge","name":"runtime.MemStats.MCacheInuse","measures":{"value":7200}}
{"ts":1674230901561737376,"type":"gauge","name":"runtime.NumCgoCall","measures":{"value":0}}
{"ts":1674230905266043294,"type":"gauge","name":"runtime.MemStats.NumGC","measures":{"value":0}}
{"ts":1674230905392086044,"type":"gauge","name":"runtime.MemStats.StackInuse","measures":{"value":5308416}}
{"ts":1674230905414394586,"type":"gauge","name":"runtime.MemStats.StackSys","measures":{"value":5308416}}
{"ts":1674230905427032336,"type":"gauge","name":"runtime.MemStats.BuckHashSys","measures":{"value":1507358}}
{"ts":1674230905454740586,"type":"gauge","name":"runtime.MemStats.DebugGC","measures":{"value":0}}
{"ts":1674230905466923753,"type":"gauge","name":"runtime.MemStats.LastGC","measures":{"value":1674230884129331200}}
{"ts":1674230905515936378,"type":"gauge","name":"runtime.MemStats.HeapAlloc","measures":{"value":38768496}}
{"ts":1674230905575945045,"type":"gauge","name":"runtime.MemStats.HeapIdle","measures":{"value":31875072}}
{"ts":1674230905580458545,"type":"gauge","name":"runtime.MemStats.HeapObjects","measures":{"value":692482}}
{"ts":1674230905590736920,"type":"gauge","name":"runtime.MemStats.Mallocs","measures":{"value":32698}}
{"ts":1674230905605361045,"type":"gauge","name":"runtime.MemStats.MSpanInuse","measures":{"value":754936}}
{"ts":1674230905619960586,"type":"gauge","name":"runtime.MemStats.MSpanSys","measures":{"value":767040}}
{"ts":1674230905630062378,"type":"gauge","name":"runtime.MemStats.Alloc","measures":{"value":38768496}}
{"ts":1674230905657416045,"type":"gauge","name":"runtime.MemStats.Frees","measures":{"value":920}}
{"ts":1674230905662691503,"type":"gauge","name":"runtime.NumGoroutine","measures":{"value":145}}
{"ts":1674230905665415836,"type":"gauge","name":"runtime.MemStats.EnableGC","measures":{"value":1}}
{"ts":1674230905679156211,"type":"gauge","name":"runtime.MemStats.MCacheInuse","measures":{"value":7200}}
{"ts":1674230905685695295,"type":"gauge","name":"runtime.NumCgoCall","measures":{"value":0}}
{"ts":1674230905709191003,"type":"gauge","name":"runtime.MemStats.Sys","measures":{"value":91717912}}
{"ts":1674230905722894920,"type":"gauge","name":"runtime.MemStats.NextGC","measures":{"value":54074000}}
{"ts":1674230905738990795,"type":"gauge","name":"runtime.MemStats.GCCPUFraction","measures":{"value":0.008885762846092684}}
{"ts":1674230905755562295,"type":"gauge","name":"runtime.MemStats.Lookups","measures":{"value":0}}
{"ts":1674230905761734586,"type":"gauge","name":"runtime.MemStats.MCacheSys","measures":{"value":15600}}
{"ts":1674230905765121711,"type":"histogram","name":"runtime.MemStats.PauseNs","measures":{"count":4,"max":20766500,"mean":6064562.5,"min":42499,"p50":1724625.5,"p75":16381802,"p95":20766500,"p99":20766500,"p999":20766500,"p9999":20766500,"stddev":8581969.986306889,"variance":73650208845872.25}}
{"ts":1674230905783755961,"type":"gauge","name":"runtime.MemStats.TotalAlloc","measures":{"value":57783672}}
{"ts":1674230905801137878,"type":"gauge","name":"runtime.NumThread","measures":{"value":16}}
{"ts":1674230905877401211,"type":"timer","name":"runtime.ReadMemStats","measures":{"count":16,"m1":0.14269904062796196,"m15":0.015991117074135412,"m5":0.04423984338571903,"max":130463000,"mean":17837434.9375,"meanrate":0.19987782458977446,"min":269542,"p50":1269312.5,"p75":27775979.25,"p95":130463000,"p99":130463000,"p999":130463000,"p9999":130463000,"stddev":34237052.71253705,"variance":1172175778441040.5}}
{"ts":1674230905887941295,"type":"gauge","name":"runtime.MemStats.HeapReleased","measures":{"value":3145728}}
{"ts":1674230905911949170,"type":"gauge","name":"runtime.MemStats.HeapSys","measures":{"value":74383360}}
{"ts":1674230905924011336,"type":"gauge","name":"runtime.MemStats.HeapInuse","measures":{"value":42508288}}
{"ts":1674230905943573795,"type":"gauge","name":"runtime.MemStats.PauseTotalNs","measures":{"value":24258250}}
