{"ts":1676406570562496795,"type":"gauge","name":"runtime.MemStats.Frees","measures":{"value":226232}}
{"ts":1676406570566535545,"type":"gauge","name":"runtime.MemStats.EnableGC","measures":{"value":1}}
{"ts":1676406570572682836,"type":"gauge","name":"runtime.MemStats.NumGC","measures":{"value":3}}
{"ts":1676406570576061461,"type":"gauge","name":"runtime.NumGoroutine","measures":{"value":16}}
{"ts":1676406570584080003,"type":"gauge","name":"runtime.NumThread","measures":{"value":12}}
{"ts":1676406570587111295,"type":"timer","name":"runtime.ReadMemStats","measures":{"count":1,"m1":0,"m15":0,"m5":0,"max":947125,"mean":947125,"meanrate":0.19991079304715756,"min":947125,"p50":947125,"p75":947125,"p95":947125,"p99":947125,"p999":947125,"p9999":947125,"stddev":0,"variance":0}}
{"ts":1676406570592741836,"type":"gauge","name":"runtime.MemStats.BuckHashSys","measures":{"value":1500125}}
{"ts":1676406570599251711,"type":"gauge","name":"runtime.MemStats.DebugGC","measures":{"value":0}}
{"ts":1676406570603703836,"type":"gauge","name":"runtime.MemStats.HeapAlloc","measures":{"value":26882264}}
{"ts":1676406570611339086,"type":"gauge","name":"runtime.MemStats.MCacheInuse","measures":{"value":9600}}
{"ts":1676406570615780420,"type":"gauge","name":"runtime.MemStats.MSpanSys","measures":{"value":538560}}
{"ts":1676406570624695003,"type":"gauge","name":"runtime.MemStats.StackInuse","measures":{"value":1703936}}
{"ts":1676406570630249128,"type":"gauge","name":"runtime.MemStats.HeapSys","measures":{"value":36044800}}
{"ts":1676406570636015878,"type":"gauge","name":"runtime.MemStats.Lookups","measures":{"value":0}}
{"ts":1676406570650617878,"type":"gauge","name":"runtime.MemStats.Mallocs","measures":{"value":883352}}
{"ts":1676406570655682003,"type":"gauge","name":"runtime.MemStats.PauseTotalNs","measures":{"value":22296667}}
{"ts":1676406570660512836,"type":"gauge","name":"runtime.MemStats.HeapReleased","measures":{"value":3366912}}
{"ts":1676406570672256920,"type":"gauge","name":"runtime.MemStats.MSpanInuse","measures":{"value":525232}}
{"ts":1676406570676133128,"type":"gauge","name":"runtime.MemStats.Sys","measures":{"value":46429448}}
{"ts":1676406570687345836,"type":"gauge","name":"runtime.MemStats.Alloc","measures":{"value":26882264}}
{"ts":1676406570689776461,"type":"gauge","name":"runtime.MemStats.HeapInuse","measures":{"value":28581888}}
{"ts":1676406570693640836,"type":"gauge","name":"runtime.MemStats.LastGC","measures":{"value":1676406566672766700}}
{"ts":1676406570696620753,"type":"gauge","name":"runtime.MemStats.MCacheSys","measures":{"value":15600}}
{"ts":1676406570702424920,"type":"gauge","name":"runtime.MemStats.GCCPUFraction","measures":{"value":0.04823497696013245}}
{"ts":1676406570707443920,"type":"gauge","name":"runtime.MemStats.StackSys","measures":{"value":1703936}}
{"ts":1676406570717404003,"type":"gauge","name":"runtime.MemStats.HeapIdle","measures":{"value":7462912}}
{"ts":1676406570721768003,"type":"histogram","name":"runtime.MemStats.PauseNs","measures":{"count":3,"max":22131458,"mean":7432222.333333333,"min":32375,"p50":132834,"p75":22131458,"p95":22131458,"p99":22131458,"p999":22131458,"p9999":22131458,"stddev":10394010.13054552,"variance":108035446593882.89}}
{"ts":1676406570725698170,"type":"gauge","name":"runtime.MemStats.TotalAlloc","measures":{"value":32907992}}
{"ts":1676406570730216712,"type":"gauge","name":"runtime.NumCgoCall","measures":{"value":1}}
{"ts":1676406570739976253,"type":"gauge","name":"runtime.MemStats.HeapObjects","measures":{"value":657120}}
{"ts":1676406570751761628,"type":"gauge","name":"runtime.MemStats.NextGC","measures":{"value":36636880}}
{"ts":1676406575607467797,"type":"gauge","name":"runtime.MemStats.Frees","measures":{"value":3382}}
{"ts":1676406575636271922,"type":"gauge","name":"runtime.MemStats.EnableGC","measures":{"value":1}}
{"ts":1676406575657444839,"type":"gauge","name":"runtime.MemStats.NumGC","measures":{"value":0}}
{"ts":1676406575702065339,"type":"gauge","name":"runtime.NumGoroutine","measures":{"value":271}}
{"ts":1676406575719173881,"type":"gauge","name":"runtime.NumThread","measures":{"value":16}}
{"ts":1676406575772056089,"type":"timer","name":"runtime.ReadMemStats","measures":{"count":2,"m1":0.015991117074135343,"m15":0.0011080303990206543,"m5":0.0033057092356765017,"max":46804041,"mean":23875583,"meanrate":0.1990600895747193,"min":947125,"p50":23875583,"p75":46804041,"p95":46804041,"p99":46804041,"p999":46804041,"p9999":46804041,"stddev":22928458,"variance":525714186257764}}
{"ts":1676406575777733172,"type":"gauge","name":"runtime.MemStats.StackInuse","measures":{"value":20316160}}
{"ts":1676406575789544422,"type":"gauge","name":"runtime.MemStats.BuckHashSys","measures":{"value":1502029}}
{"ts":1676406575797721464,"type":"gauge","name":"runtime.MemStats.DebugGC","measures":{"value":0}}
{"ts":1676406575811419422,"type":"gauge","name":"runtime.MemStats.HeapAlloc","measures":{"value":31202256}}
{"ts":1676406575816741256,"type":"gauge","name":"runtime.MemStats.MCacheInuse","measures":{"value":9600}}
{"ts":1676406575820923381,"type":"gauge","name":"runtime.MemStats.MSpanSys","measures":{"value":620160}}
{"ts":1676406575826467547,"type":"gauge","name":"runtime.MemStats.HeapSys","measures":{"value":38404096}}
{"ts":1676406575858514172,"type":"gauge","name":"runtime.MemStats.Lookups","measures":{"value":0}}
{"ts":1676406575886729047,"type":"gauge","name":"runtime.MemStats.Mallocs","measures":{"value":49674}}
{"ts":1676406575897393881,"type":"gauge","name":"runtime.MemStats.PauseTotalNs","measures":{"value":22296667}}
{"ts":1676406575906678131,"type":"gauge","name":"runtime.MemStats.HeapReleased","measures":{"value":4202496}}
{"ts":1676406575933417839,"type":"gauge","name":"runtime.MemStats.MSpanInuse","measures":{"value":612272}}
{"ts":1676406575944200256,"type":"gauge","name":"runtime.MemStats.Sys","measures":{"value":67663112}}
{"ts":1676406575946590964,"type":"gauge","name":"runtime.MemStats.StackSys","measures":{"value":20316160}}
{"ts":1676406575958647172,"type":"gauge","name":"runtime.MemStats.Alloc","measures":{"value":31202256}}
{"ts":1676406575961452589,"type":"gauge","name":"runtime.MemStats.HeapInuse","measures":{"value":34037760}}
{"ts":1676406575988926964,"type":"gauge","name":"runtime.MemStats.LastGC","measures":{"value":1676406566672766700}}
{"ts":1676406575991411131,"type":"gauge","name":"runtime.MemStats.MCacheSys","measures":{"value":15600}}
{"ts":1676406576002114964,"type":"gauge","name":"runtime.MemStats.GCCPUFraction","measures":{"value":0.04823497696013245}}
{"ts":1676406576008518797,"type":"gauge","name":"runtime.MemStats.HeapIdle","measures":{"value":4366336}}
{"ts":1676406576012776922,"type":"histogram","name":"runtime.MemStats.PauseNs","measures":{"count":3,"max":22131458,"mean":7432222.333333333,"min":32375,"p50":132834,"p75":22131458,"p95":22131458,"p99":22131458,"p999":22131458,"p9999":22131458,"stddev":10394010.13054552,"variance":108035446593882.89}}
{"ts":1676406576021498172,"type":"gauge","name":"runtime.MemStats.TotalAlloc","measures":{"value":37227984}}
{"ts":1676406576057243214,"type":"gauge","name":"runtime.NumCgoCall","measures":{"value":0}}
{"ts":1676406576063504797,"type":"gauge","name":"runtime.MemStats.HeapObjects","measures":{"value":703412}}
{"ts":1676406576070768464,"type":"gauge","name":"runtime.MemStats.NextGC","measures":{"value":36636880}}
{"ts":1676406580564413966,"type":"gauge","name":"runtime.MemStats.BuckHashSys","measures":{"value":1504117}}
{"ts":1676406580567376383,"type":"gauge","name":"runtime.MemStats.DebugGC","measures":{"value":0}}
{"ts":1676406580570495341,"type":"gauge","name":"runtime.MemStats.HeapAlloc","measures":{"value":29528664}}
{"ts":1676406580579552466,"type":"gauge","name":"runtime.MemStats.MCacheInuse","measures":{"value":9600}}
{"ts":1676406580587523550,"type":"gauge","name":"runtime.MemStats.MSpanSys","measures":{"value":669120}}
{"ts":1676406580593507133,"type":"gauge","name":"runtime.MemStats.StackInuse","measures":{"value":15073280}}
{"ts":1676406580600974300,"type":"gauge","name":"runtime.MemStats.HeapSys","measures":{"value":60424192}}
{"ts":1676406580609213633,"type":"gauge","name":"runtime.MemStats.Lookups","measures":{"value":0}}
{"ts":1676406580628949633,"type":"gauge","name":"runtime.MemStats.Mallocs","measures":{"value":73785}}
{"ts":1676406580635254425,"type":"gauge","name":"runtime.MemStats.PauseTotalNs","measures":{"value":23449500}}
{"ts":1676406580639015758,"type":"gauge","name":"runtime.MemStats.HeapReleased","measures":{"value":1687552}}
{"ts":1676406580644499966,"type":"gauge","name":"runtime.MemStats.MSpanInuse","measures":{"value":638928}}
{"ts":1676406580648133591,"type":"gauge","name":"runtime.MemStats.Sys","measures":{"value":87195928}}
{"ts":1676406580652752133,"type":"gauge","name":"runtime.MemStats.Alloc","measures":{"value":29528664}}
{"ts":1676406580670458466,"type":"gauge","name":"runtime.MemStats.HeapInuse","measures":{"value":34725888}}
{"ts":1676406580674171508,"type":"gauge","name":"runtime.MemStats.LastGC","measures":{"value":1676406578036199200}}
{"ts":1676406580688338133,"type":"gauge","name":"runtime.MemStats.MCacheSys","measures":{"value":15600}}
{"ts":1676406580693126591,"type":"gauge","name":"runtime.MemStats.GCCPUFraction","measures":{"value":0.026684019618263236}}
{"ts":1676406580699469258,"type":"gauge","name":"runtime.MemStats.StackSys","measures":{"value":15073280}}
{"ts":1676406580705424550,"type":"gauge","name":"runtime.MemStats.HeapIdle","measures":{"value":25698304}}
{"ts":1676406580713437758,"type":"histogram","name":"runtime.MemStats.PauseNs","measures":{"count":4,"max":22131458,"mean":5862375,"min":32375,"p50":642833.5,"p75":16886801.75,"p95":22131458,"p99":22131458,"p999":22131458,"p9999":22131458,"stddev":9403182.806652943,"variance":88419846895333.5}}
{"ts":1676406580726558175,"type":"gauge","name":"runtime.MemStats.TotalAlloc","measures":{"value":42806520}}
{"ts":1676406580730690508,"type":"gauge","name":"runtime.NumCgoCall","measures":{"value":0}}
{"ts":1676406580742426466,"type":"gauge","name":"runtime.MemStats.HeapObjects","measures":{"value":575670}}
{"ts":1676406580754373966,"type":"gauge","name":"runtime.MemStats.NextGC","measures":{"value":55638112}}
{"ts":1676406580765759966,"type":"gauge","name":"runtime.MemStats.Frees","measures":{"value":201527}}
{"ts":1676406580773400466,"type":"gauge","name":"runtime.MemStats.EnableGC","measures":{"value":1}}
{"ts":1676406580785480216,"type":"gauge","name":"runtime.MemStats.NumGC","measures":{"value":1}}
{"ts":1676406580791755758,"type":"gauge","name":"runtime.NumGoroutine","measures":{"value":301}}
{"ts":1676406580795210175,"type":"gauge","name":"runtime.NumThread","measures":{"value":16}}
{"ts":1676406580800523425,"type":"timer","name":"runtime.ReadMemStats","measures":{"count":3,"m1":0.030703655021877167,"m15":0.002209922141215539,"m5":0.0065567799035988195,"max":46804041,"mean":16918680.333333332,"meanrate":0.1999446541067457,"min":947125,"p50":3004875,"p75":46804041,"p95":46804041,"p99":46804041,"p999":46804041,"p9999":46804041,"stddev":21148832.440557808,"variance":447273113598790.25}}
{"ts":1676406585562267094,"type":"gauge","name":"runtime.MemStats.HeapIdle","measures":{"value":26771456}}
{"ts":1676406585567098802,"type":"histogram","name":"runtime.MemStats.PauseNs","measures":{"count":4,"max":22131458,"mean":5862375,"min":32375,"p50":642833.5,"p75":16886801.75,"p95":22131458,"p99":22131458,"p999":22131458,"p9999":22131458,"stddev":9403182.806652943,"variance":88419846895333.5}}
{"ts":1676406585573012010,"type":"gauge","name":"runtime.MemStats.TotalAlloc","measures":{"value":43328080}}
{"ts":1676406585578384260,"type":"gauge","name":"runtime.NumCgoCall","measures":{"value":0}}
{"ts":1676406585583536594,"type":"gauge","name":"runtime.MemStats.HeapObjects","measures":{"value":579986}}
{"ts":1676406585588306427,"type":"gauge","name":"runtime.MemStats.NextGC","measures":{"value":55638112}}
{"ts":1676406585592525844,"type":"gauge","name":"runtime.MemStats.Frees","measures":{"value":557}}
{"ts":1676406585603712927,"type":"gauge","name":"runtime.MemStats.EnableGC","measures":{"value":1}}
{"ts":1676406585605924885,"type":"gauge","name":"runtime.MemStats.NumGC","measures":{"value":0}}
{"ts":1676406585611288344,"type":"gauge","name":"runtime.NumGoroutine","measures":{"value":249}}
{"ts":1676406585622390594,"type":"gauge","name":"runtime.NumThread","measures":{"value":16}}
{"ts":1676406585627727594,"type":"timer","name":"runtime.ReadMemStats","measures":{"count":4,"m1":0.044239843385719006,"m15":0.003305709235676515,"m5":0.009754115099857198,"max":46804041,"mean":12787239.5,"meanrate":0.1999798698463194,"min":392917,"p50":1976000,"p75":35854249.5,"p95":46804041,"p99":46804041,"p999":46804041,"p9999":46804041,"stddev":19663703.752780013,"variance":386661245277094.75}}
{"ts":1676406585634541969,"type":"gauge","name":"runtime.MemStats.StackInuse","measures":{"value":13762560}}
{"ts":1676406585637515552,"type":"gauge","name":"runtime.MemStats.BuckHashSys","measures":{"value":1504117}}
{"ts":1676406585647112094,"type":"gauge","name":"runtime.MemStats.DebugGC","measures":{"value":0}}
{"ts":1676406585663343677,"type":"gauge","name":"runtime.MemStats.HeapAlloc","measures":{"value":30050224}}
{"ts":1676406585670232344,"type":"gauge","name":"runtime.MemStats.MCacheInuse","measures":{"value":9600}}
{"ts":1676406585673759719,"type":"gauge","name":"runtime.MemStats.MSpanSys","measures":{"value":669120}}
{"ts":1676406585684682052,"type":"gauge","name":"runtime.MemStats.HeapSys","measures":{"value":61734912}}
{"ts":1676406585694635010,"type":"gauge","name":"runtime.MemStats.Lookups","measures":{"value":0}}
{"ts":1676406585700111135,"type":"gauge","name":"runtime.MemStats.Mallocs","measures":{"value":4873}}
{"ts":1676406585711250844,"type":"gauge","name":"runtime.MemStats.PauseTotalNs","measures":{"value":23449500}}
{"ts":1676406585716547135,"type":"gauge","name":"runtime.MemStats.HeapReleased","measures":{"value":1499136}}
{"ts":1676406585724776594,"type":"gauge","name":"runtime.MemStats.MSpanInuse","measures":{"value":638928}}
{"ts":1676406585728535219,"type":"gauge","name":"runtime.MemStats.Sys","measures":{"value":87195928}}
{"ts":1676406585733247427,"type":"gauge","name":"runtime.MemStats.StackSys","measures":{"value":13762560}}
{"ts":1676406585739503885,"type":"gauge","name":"runtime.MemStats.Alloc","measures":{"value":30050224}}
{"ts":1676406585743455469,"type":"gauge","name":"runtime.MemStats.HeapInuse","measures":{"value":34963456}}
{"ts":1676406585749125552,"type":"gauge","name":"runtime.MemStats.LastGC","measures":{"value":1676406578036199200}}
{"ts":1676406585754308344,"type":"gauge","name":"runtime.MemStats.MCacheSys","measures":{"value":15600}}
{"ts":1676406585762775927,"type":"gauge","name":"runtime.MemStats.GCCPUFraction","measures":{"value":0.026684019618263236}}
{"ts":1676406590562075554,"type":"gauge","name":"runtime.MemStats.Sys","measures":{"value":87195928}}
{"ts":1676406590564200513,"type":"gauge","name":"runtime.MemStats.HeapReleased","measures":{"value":1409024}}
{"ts":1676406590567693346,"type":"gauge","name":"runtime.MemStats.MSpanInuse","measures":{"value":647632}}
{"ts":1676406590569534804,"type":"gauge","name":"runtime.MemStats.LastGC","measures":{"value":1676406578036199200}}
{"ts":1676406590572539179,"type":"gauge","name":"runtime.MemStats.MCacheSys","measures":{"value":15600}}
{"ts":1676406590575268054,"type":"gauge","name":"runtime.MemStats.GCCPUFraction","measures":{"value":0.026684019618263236}}
{"ts":1676406590577004929,"type":"gauge","name":"runtime.MemStats.StackSys","measures":{"value":13762560}}
{"ts":1676406590579938221,"type":"gauge","name":"runtime.MemStats.Alloc","measures":{"value":30620184}}
{"ts":1676406590582298054,"type":"gauge","name":"runtime.MemStats.HeapInuse","measures":{"value":35307520}}
{"ts":1676406590584624763,"type":"gauge","name":"runtime.MemStats.TotalAlloc","measures":{"value":43898040}}
{"ts":1676406590587360096,"type":"gauge","name":"runtime.NumCgoCall","measures":{"value":0}}
{"ts":1676406590590245179,"type":"gauge","name":"runtime.MemStats.HeapIdle","measures":{"value":26427392}}
{"ts":1676406590592514888,"type":"histogram","name":"runtime.MemStats.PauseNs","measures":{"count":4,"max":22131458,"mean":5862375,"min":32375,"p50":642833.5,"p75":16886801.75,"p95":22131458,"p99":22131458,"p999":22131458,"p9999":22131458,"stddev":9403182.806652943,"variance":88419846895333.5}}
{"ts":1676406590601434138,"type":"gauge","name":"runtime.MemStats.HeapObjects","measures":{"value":584267}}
{"ts":1676406590604641013,"type":"gauge","name":"runtime.MemStats.NextGC","measures":{"value":55638112}}
{"ts":1676406590609698971,"type":"gauge","name":"runtime.MemStats.Frees","measures":{"value":578}}
{"ts":1676406590612418638,"type":"gauge","name":"runtime.NumGoroutine","measures":{"value":250}}
{"ts":1676406590614246929,"type":"gauge","name":"runtime.NumThread","measures":{"value":16}}
{"ts":1676406590618251471,"type":"timer","name":"runtime.ReadMemStats","measures":{"count":5,"m1":0.056693737885242124,"m15":0.004395425503079905,"m5":0.012898602993676452,"max":46804041,"mean":10316708.2,"meanrate":0.19998544696303147,"min":392917,"p50":947125,"p75":24904458,"p95":46804041,"p99":46804041,"p999":46804041,"p9999":46804041,"stddev":18268636.945289444,"variance":333743095838794.5}}
{"ts":1676406590621642054,"type":"gauge","name":"runtime.MemStats.EnableGC","measures":{"value":1}}
{"ts":1676406590623697721,"type":"gauge","name":"runtime.MemStats.NumGC","measures":{"value":0}}
{"ts":1676406590626766804,"type":"gauge","name":"runtime.MemStats.HeapAlloc","measures":{"value":30620184}}
{"ts":1676406590628738221,"type":"gauge","name":"runtime.MemStats.MCacheInuse","measures":{"value":9600}}
{"ts":1676406590632275638,"type":"gauge","name":"runtime.MemStats.MSpanSys","measures":{"value":669120}}
{"ts":1676406590635122471,"type":"gauge","name":"runtime.MemStats.StackInuse","measures":{"value":13762560}}
{"ts":1676406590636384429,"type":"gauge","name":"runtime.MemStats.BuckHashSys","measures":{"value":1504821}}
{"ts":1676406590639586304,"type":"gauge","name":"runtime.MemStats.DebugGC","measures":{"value":0}}
{"ts":1676406590641170554,"type":"gauge","name":"runtime.MemStats.Mallocs","measures":{"value":4859}}
{"ts":1676406590643291179,"type":"gauge","name":"runtime.MemStats.PauseTotalNs","measures":{"value":23449500}}
{"ts":1676406590649442596,"type":"gauge","name":"runtime.MemStats.HeapSys","measures":{"value":61734912}}
{"ts":1676406590651127596,"type":"gauge","name":"runtime.MemStats.Lookups","measures":{"value":0}}
{"ts":1676406595560472709,"type":"gauge","name":"runtime.MemStats.Frees","measures":{"value":240}}
{"ts":1676406595562306084,"type":"gauge","name":"runtime.NumThread","measures":{"value":16}}
{"ts":1676406595564013584,"type":"timer","name":"runtime.ReadMemStats","measures":{"count":6,"m1":0.06815187395991122,"m15":0.0054791045767303434,"m5":0.015991117074135346,"max":46804041,"mean":8666312.333333334,"meanrate":0.19999421535398215,"min":392917,"p50":690854,"p75":13954666.5,"p95":46804041,"p99":46804041,"p999":46804041,"p9999":46804041,"stddev":17080347.745753914,"variance":291738279115880.9}}
{"ts":1676406595565451751,"type":"gauge","name":"runtime.MemStats.EnableGC","measures":{"value":1}}
{"ts":1676406595566652042,"type":"gauge","name":"runtime.MemStats.NumGC","measures":{"value":0}}
{"ts":1676406595568130126,"type":"gauge","name":"runtime.NumGoroutine","measures":{"value":250}}
{"ts":1676406595569968751,"type":"gauge","name":"runtime.MemStats.MCacheInuse","measures":{"value":9600}}
{"ts":1676406595570992709,"type":"gauge","name":"runtime.MemStats.MSpanSys","measures":{"value":669120}}
{"ts":1676406595572739501,"type":"gauge","name":"runtime.MemStats.StackInuse","measures":{"value":13762560}}
{"ts":1676406595574697959,"type":"gauge","name":"runtime.MemStats.BuckHashSys","measures":{"value":1504821}}
{"ts":1676406595576302084,"type":"gauge","name":"runtime.MemStats.DebugGC","measures":{"value":0}}
{"ts":1676406595577701501,"type":"gauge","name":"runtime.MemStats.HeapAlloc","measures":{"value":30893592}}
{"ts":1676406595579426167,"type":"gauge","name":"runtime.MemStats.PauseTotalNs","measures":{"value":23449500}}
{"ts":1676406595580501167,"type":"gauge","name":"runtime.MemStats.HeapSys","measures":{"value":61734912}}
{"ts":1676406595581721917,"type":"gauge","name":"runtime.MemStats.Lookups","measures":{"value":0}}
{"ts":1676406595583064251,"type":"gauge","name":"runtime.MemStats.Mallocs","measures":{"value":2725}}
{"ts":1676406595586965584,"type":"gauge","name":"runtime.MemStats.HeapReleased","measures":{"value":1400832}}
{"ts":1676406595588384417,"type":"gauge","name":"runtime.MemStats.MSpanInuse","measures":{"value":647632}}
{"ts":1676406595590072042,"type":"gauge","name":"runtime.MemStats.Sys","measures":{"value":87195928}}
{"ts":1676406595591850251,"type":"gauge","name":"runtime.MemStats.MCacheSys","measures":{"value":15600}}
{"ts":1676406595592778126,"type":"gauge","name":"runtime.MemStats.GCCPUFraction","measures":{"value":0.026684019618263236}}
{"ts":1676406595594429417,"type":"gauge","name":"runtime.MemStats.StackSys","measures":{"value":13762560}}
{"ts":1676406595596044376,"type":"gauge","name":"runtime.MemStats.Alloc","measures":{"value":30893592}}
{"ts":1676406595597495709,"type":"gauge","name":"runtime.MemStats.HeapInuse","measures":{"value":35422208}}
{"ts":1676406595601405667,"type":"gauge","name":"runtime.MemStats.LastGC","measures":{"value":1676406578036199200}}
{"ts":1676406595602878667,"type":"gauge","name":"runtime.NumCgoCall","measures":{"value":0}}
{"ts":1676406595604743376,"type":"gauge","name":"runtime.MemStats.HeapIdle","measures":{"value":26312704}}
{"ts":1676406595607070584,"type":"histogram","name":"runtime.MemStats.PauseNs","measures":{"count":4,"max":22131458,"mean":5862375,"min":32375,"p50":642833.5,"p75":16886801.75,"p95":22131458,"p99":22131458,"p999":22131458,"p9999":22131458,"stddev":9403182.806652943,"variance":88419846895333.5}}
{"ts":1676406595608968126,"type":"gauge","name":"runtime.MemStats.TotalAlloc","measures":{"value":44171448}}
{"ts":1676406595610841209,"type":"gauge","name":"runtime.MemStats.HeapObjects","measures":{"value":586752}}
{"ts":1676406595612010751,"type":"gauge","name":"runtime.MemStats.NextGC","measures":{"value":55638112}}
{"ts":1676406600561962878,"type":"gauge","name":"runtime.NumGoroutine","measures":{"value":250}}
{"ts":1676406600563319628,"type":"gauge","name":"runtime.NumThread","measures":{"value":16}}
{"ts":1676406600564484128,"type":"timer","name":"runtime.ReadMemStats","measures":{"count":7,"m1":0.07869386805747328,"m15":0.0065567799035988455,"m5":0.019032516392808084,"max":46804041,"mean":7493803.428571428,"meanrate":0.1999865808090053,"min":392917,"p50":458750,"p75":3004875,"p95":46804041,"p99":46804041,"p999":46804041,"p9999":46804041,"stddev":16072026.782263719,"variance":258310044889802.28}}
{"ts":1676406600566330878,"type":"gauge","name":"runtime.MemStats.EnableGC","measures":{"value":1}}
{"ts":1676406600567684128,"type":"gauge","name":"runtime.MemStats.NumGC","measures":{"value":0}}
{"ts":1676406600569245253,"type":"gauge","name":"runtime.MemStats.HeapAlloc","measures":{"value":31155536}}
{"ts":1676406600570712420,"type":"gauge","name":"runtime.MemStats.MCacheInuse","measures":{"value":9600}}
{"ts":1676406600571960003,"type":"gauge","name":"runtime.MemStats.MSpanSys","measures":{"value":669120}}
{"ts":1676406600573391170,"type":"gauge","name":"runtime.MemStats.StackInuse","measures":{"value":13762560}}
{"ts":1676406600574448503,"type":"gauge","name":"runtime.MemStats.BuckHashSys","measures":{"value":1505053}}
{"ts":1676406600575722086,"type":"gauge","name":"runtime.MemStats.DebugGC","measures":{"value":0}}
{"ts":1676406600577136170,"type":"gauge","name":"runtime.MemStats.Mallocs","measures":{"value":2663}}
{"ts":1676406600579321045,"type":"gauge","name":"runtime.MemStats.PauseTotalNs","measures":{"value":23449500}}
{"ts":1676406600580778878,"type":"gauge","name":"runtime.MemStats.HeapSys","measures":{"value":61734912}}
{"ts":1676406600581985961,"type":"gauge","name":"runtime.MemStats.Lookups","measures":{"value":0}}
{"ts":1676406600583653211,"type":"gauge","name":"runtime.MemStats.Sys","measures":{"value":87458072}}
{"ts":1676406600584817378,"type":"gauge","name":"runtime.MemStats.HeapReleased","measures":{"value":1376256}}
{"ts":1676406600586286170,"type":"gauge","name":"runtime.MemStats.MSpanInuse","measures":{"value":656336}}
{"ts":1676406600587717170,"type":"gauge","name":"runtime.MemStats.LastGC","measures":{"value":1676406578036199200}}
{"ts":1676406600590700461,"type":"gauge","name":"runtime.MemStats.MCacheSys","measures":{"value":15600}}
{"ts":1676406600592053961,"type":"gauge","name":"runtime.MemStats.GCCPUFraction","measures":{"value":0.026684019618263236}}
{"ts":1676406600593440628,"type":"gauge","name":"runtime.MemStats.StackSys","measures":{"value":13762560}}
{"ts":1676406600594756961,"type":"gauge","name":"runtime.MemStats.Alloc","measures":{"value":31155536}}
{"ts":1676406600596356420,"type":"gauge","name":"runtime.MemStats.HeapInuse","measures":{"value":35610624}}
{"ts":1676406600598090295,"type":"gauge","name":"runtime.MemStats.TotalAlloc","measures":{"value":44433392}}
{"ts":1676406600599033586,"type":"gauge","name":"runtime.NumCgoCall","measures":{"value":0}}
{"ts":1676406600600436670,"type":"gauge","name":"runtime.MemStats.HeapIdle","measures":{"value":26124288}}
{"ts":1676406600603565295,"type":"histogram","name":"runtime.MemStats.PauseNs","measures":{"count":4,"max":22131458,"mean":5862375,"min":32375,"p50":642833.5,"p75":16886801.75,"p95":22131458,"p99":22131458,"p999":22131458,"p9999":22131458,"stddev":9403182.806652943,"variance":88419846895333.5}}
{"ts":1676406600605535295,"type":"gauge","name":"runtime.MemStats.HeapObjects","measures":{"value":589181}}
{"ts":1676406600606949920,"type":"gauge","name":"runtime.MemStats.NextGC","measures":{"value":55638112}}
{"ts":1676406600608627336,"type":"gauge","name":"runtime.MemStats.Frees","measures":{"value":234}}
{"ts":1676406605563923047,"type":"gauge","name":"runtime.MemStats.NumGC","measures":{"value":0}}
{"ts":1676406605584826547,"type":"gauge","name":"runtime.NumGoroutine","measures":{"value":289}}
{"ts":1676406605594520380,"type":"gauge","name":"runtime.NumThread","measures":{"value":16}}
{"ts":1676406605610945214,"type":"timer","name":"runtime.ReadMemStats","measures":{"count":8,"m1":0.08839297084599056,"m15":0.007628484745355124,"m5":0.02202364580239524,"max":46804041,"mean":6677671.75,"meanrate":0.19997866635086567,"min":392917,"p50":702937.5,"p75":2494843.75,"p95":46804041,"p99":46804041,"p999":46804041,"p9999":46804041,"stddev":15188277.904224418,"variance":230683785695951.7}}
{"ts":1676406605620535839,"type":"gauge","name":"runtime.MemStats.EnableGC","measures":{"value":1}}
{"ts":1676406605632894839,"type":"gauge","name":"runtime.MemStats.DebugGC","measures":{"value":0}}
{"ts":1676406605644097797,"type":"gauge","name":"runtime.MemStats.HeapAlloc","measures":{"value":32442736}}
{"ts":1676406605647928006,"type":"gauge","name":"runtime.MemStats.MCacheInuse","measures":{"value":9600}}
{"ts":1676406605659695006,"type":"gauge","name":"runtime.MemStats.MSpanSys","measures":{"value":669120}}
{"ts":1676406605677634756,"type":"gauge","name":"runtime.MemStats.StackInuse","measures":{"value":13369344}}
{"ts":1676406605683705714,"type":"gauge","name":"runtime.MemStats.BuckHashSys","measures":{"value":1505517}}
{"ts":1676406605696423297,"type":"gauge","name":"runtime.MemStats.Lookups","measures":{"value":0}}
{"ts":1676406605713016172,"type":"gauge","name":"runtime.MemStats.Mallocs","measures":{"value":16231}}
{"ts":1676406605723566714,"type":"gauge","name":"runtime.MemStats.PauseTotalNs","measures":{"value":23449500}}
{"ts":1676406605734261631,"type":"gauge","name":"runtime.MemStats.HeapSys","measures":{"value":62128128}}
{"ts":1676406605745614006,"type":"gauge","name":"runtime.MemStats.MSpanInuse","measures":{"value":656336}}
{"ts":1676406605761047422,"type":"gauge","name":"runtime.MemStats.Sys","measures":{"value":87458072}}
{"ts":1676406605772660464,"type":"gauge","name":"runtime.MemStats.HeapReleased","measures":{"value":1048576}}
{"ts":1676406605801734756,"type":"gauge","name":"runtime.MemStats.HeapInuse","measures":{"value":36847616}}
{"ts":1676406605807815464,"type":"gauge","name":"runtime.MemStats.LastGC","measures":{"value":1676406578036199200}}
{"ts":1676406605818785422,"type":"gauge","name":"runtime.MemStats.MCacheSys","measures":{"value":15600}}
{"ts":1676406605827876172,"type":"gauge","name":"runtime.MemStats.GCCPUFraction","measures":{"value":0.026684019618263236}}
{"ts":1676406605856937006,"type":"gauge","name":"runtime.MemStats.StackSys","measures":{"value":13369344}}
{"ts":1676406605870786506,"type":"gauge","name":"runtime.MemStats.Alloc","measures":{"value":32442736}}
{"ts":1676406605885620006,"type":"histogram","name":"runtime.MemStats.PauseNs","measures":{"count":4,"max":22131458,"mean":5862375,"min":32375,"p50":642833.5,"p75":16886801.75,"p95":22131458,"p99":22131458,"p999":22131458,"p9999":22131458,"stddev":9403182.806652943,"variance":88419846895333.5}}
{"ts":1676406605903483839,"type":"gauge","name":"runtime.MemStats.TotalAlloc","measures":{"value":45720592}}
{"ts":1676406605911623464,"type":"gauge","name":"runtime.NumCgoCall","measures":{"value":0}}
{"ts":1676406605926138881,"type":"gauge","name":"runtime.MemStats.HeapIdle","measures":{"value":25280512}}
{"ts":1676406605935852422,"type":"gauge","name":"runtime.MemStats.NextGC","measures":{"value":55638112}}
{"ts":1676406605941008381,"type":"gauge","name":"runtime.MemStats.HeapObjects","measures":{"value":604442}}
{"ts":1676406605957830464,"type":"gauge","name":"runtime.MemStats.Frees","measures":{"value":970}}
{"ts":1676406610561637716,"type":"gauge","name":"runtime.MemStats.HeapAlloc","measures":{"value":33014672}}
{"ts":1676406610578482591,"type":"gauge","name":"runtime.MemStats.MCacheInuse","measures":{"value":9600}}
{"ts":1676406610592738550,"type":"gauge","name":"runtime.MemStats.MSpanSys","measures":{"value":669120}}
{"ts":1676406610601276300,"type":"gauge","name":"runtime.MemStats.StackInuse","measures":{"value":13303808}}
{"ts":1676406610617903966,"type":"gauge","name":"runtime.MemStats.BuckHashSys","measures":{"value":1505517}}
{"ts":1676406610626626966,"type":"gauge","name":"runtime.MemStats.DebugGC","measures":{"value":0}}
{"ts":1676406610634476966,"type":"gauge","name":"runtime.MemStats.Mallocs","measures":{"value":6412}}
{"ts":1676406610651405841,"type":"gauge","name":"runtime.MemStats.PauseTotalNs","measures":{"value":23449500}}
{"ts":1676406610687428383,"type":"gauge","name":"runtime.MemStats.HeapSys","measures":{"value":62193664}}
{"ts":1676406610702299383,"type":"gauge","name":"runtime.MemStats.Lookups","measures":{"value":0}}
{"ts":1676406610710722716,"type":"gauge","name":"runtime.MemStats.Sys","measures":{"value":87458072}}
{"ts":1676406610737965883,"type":"gauge","name":"runtime.MemStats.HeapReleased","measures":{"value":1048576}}
{"ts":1676406610742740966,"type":"gauge","name":"runtime.MemStats.MSpanInuse","measures":{"value":665040}}
{"ts":1676406610760068383,"type":"gauge","name":"runtime.MemStats.LastGC","measures":{"value":1676406578036199200}}
{"ts":1676406610796861591,"type":"gauge","name":"runtime.MemStats.MCacheSys","measures":{"value":15600}}
{"ts":1676406610808396425,"type":"gauge","name":"runtime.MemStats.GCCPUFraction","measures":{"value":0.026684019618263236}}
{"ts":1676406610826586341,"type":"gauge","name":"runtime.MemStats.StackSys","measures":{"value":13303808}}
{"ts":1676406610843066925,"type":"gauge","name":"runtime.MemStats.Alloc","measures":{"value":33014672}}
{"ts":1676406610871102258,"type":"gauge","name":"runtime.MemStats.HeapInuse","measures":{"value":37150720}}
{"ts":1676406610883139175,"type":"gauge","name":"runtime.MemStats.TotalAlloc","measures":{"value":46292528}}
{"ts":1676406610903792341,"type":"gauge","name":"runtime.NumCgoCall","measures":{"value":0}}
{"ts":1676406610921549800,"type":"gauge","name":"runtime.MemStats.HeapIdle","measures":{"value":25042944}}
{"ts":1676406610941048383,"type":"histogram","name":"runtime.MemStats.PauseNs","measures":{"count":4,"max":22131458,"mean":5862375,"min":32375,"p50":642833.5,"p75":16886801.75,"p95":22131458,"p99":22131458,"p999":22131458,"p9999":22131458,"stddev":9403182.806652943,"variance":88419846895333.5}}
{"ts":1676406610963922716,"type":"gauge","name":"runtime.MemStats.HeapObjects","measures":{"value":610545}}
{"ts":1676406610976666008,"type":"gauge","name":"runtime.MemStats.NextGC","measures":{"value":55638112}}
{"ts":1676406610987692716,"type":"gauge","name":"runtime.MemStats.Frees","measures":{"value":309}}
{"ts":1676406611007723133,"type":"gauge","name":"runtime.NumGoroutine","measures":{"value":251}}
{"ts":1676406611025944258,"type":"gauge","name":"runtime.NumThread","measures":{"value":16}}
{"ts":1676406611040445008,"type":"timer","name":"runtime.ReadMemStats","measures":{"count":9,"m1":0.09731657619348157,"m15":0.008694252179394185,"m5":0.02496533619141051,"max":46804041,"mean":6075999.888888889,"meanrate":0.1999910043868457,"min":392917,"p50":947125,"p75":2133750,"p95":46804041,"p99":46804041,"p999":46804041,"p9999":46804041,"stddev":14420413.523182347,"variance":207948326179580.34}}
{"ts":1676406611064980675,"type":"gauge","name":"runtime.MemStats.EnableGC","measures":{"value":1}}
{"ts":1676406611074765800,"type":"gauge","name":"runtime.MemStats.NumGC","measures":{"value":0}}
{"ts":1676406615564953260,"type":"gauge","name":"runtime.MemStats.HeapReleased","measures":{"value":1048576}}
{"ts":1676406615644790844,"type":"gauge","name":"runtime.MemStats.MSpanInuse","measures":{"value":795600}}
{"ts":1676406615669923135,"type":"gauge","name":"runtime.MemStats.Sys","measures":{"value":87523608}}
{"ts":1676406615712873010,"type":"gauge","name":"runtime.MemStats.Alloc","measures":{"value":41108760}}
{"ts":1676406615724850969,"type":"gauge","name":"runtime.MemStats.HeapInuse","measures":{"value":45719552}}
{"ts":1676406615756537927,"type":"gauge","name":"runtime.MemStats.LastGC","measures":{"value":1676406578036199200}}
{"ts":1676406615779999302,"type":"gauge","name":"runtime.MemStats.MCacheSys","measures":{"value":15600}}
{"ts":1676406615799769094,"type":"gauge","name":"runtime.MemStats.GCCPUFraction","measures":{"value":0.026684019618263236}}
{"ts":1676406615830080260,"type":"gauge","name":"runtime.MemStats.StackSys","measures":{"value":11894784}}
{"ts":1676406615836643052,"type":"gauge","name":"runtime.MemStats.HeapIdle","measures":{"value":17883136}}
{"ts":1676406615872632552,"type":"histogram","name":"runtime.MemStats.PauseNs","measures":{"count":4,"max":22131458,"mean":5862375,"min":32375,"p50":642833.5,"p75":16886801.75,"p95":22131458,"p99":22131458,"p999":22131458,"p9999":22131458,"stddev":9403182.806652943,"variance":88419846895333.5}}
{"ts":1676406615920071844,"type":"gauge","name":"runtime.MemStats.TotalAlloc","measures":{"value":54386616}}
{"ts":1676406615934968719,"type":"gauge","name":"runtime.NumCgoCall","measures":{"value":0}}
{"ts":1676406615942817635,"type":"gauge","name":"runtime.MemStats.HeapObjects","measures":{"value":716792}}
{"ts":1676406615976938760,"type":"gauge","name":"runtime.MemStats.NextGC","measures":{"value":55638112}}
{"ts":1676406615989888427,"type":"gauge","name":"runtime.MemStats.Frees","measures":{"value":4339}}
{"ts":1676406616025350719,"type":"gauge","name":"runtime.MemStats.EnableGC","measures":{"value":1}}
{"ts":1676406616064734552,"type":"gauge","name":"runtime.MemStats.NumGC","measures":{"value":0}}
{"ts":1676406616093938094,"type":"gauge","name":"runtime.NumGoroutine","measures":{"value":547}}
{"ts":1676406616130026927,"type":"gauge","name":"runtime.NumThread","measures":{"value":16}}
{"ts":1676406616141858886,"type":"timer","name":"runtime.ReadMemStats","measures":{"count":10,"m1":0.10552668945179702,"m15":0.009754115099857238,"m5":0.02785840471498844,"max":46804041,"mean":5918458.2,"meanrate":0.1999786590174307,"min":392917,"p50":955937.5,"p75":3378802,"p95":46804041,"p99":46804041,"p999":46804041,"p9999":46804041,"stddev":13688567.054855082,"variance":187376868015263.94}}
{"ts":1676406616172739177,"type":"gauge","name":"runtime.MemStats.BuckHashSys","measures":{"value":1508461}}
{"ts":1676406616206837802,"type":"gauge","name":"runtime.MemStats.DebugGC","measures":{"value":0}}
{"ts":1676406616223605719,"type":"gauge","name":"runtime.MemStats.HeapAlloc","measures":{"value":41108760}}
{"ts":1676406616240563177,"type":"gauge","name":"runtime.MemStats.MCacheInuse","measures":{"value":9600}}
{"ts":1676406616256781052,"type":"gauge","name":"runtime.MemStats.MSpanSys","measures":{"value":799680}}
{"ts":1676406616291587011,"type":"gauge","name":"runtime.MemStats.StackInuse","measures":{"value":11894784}}
{"ts":1676406616326947386,"type":"gauge","name":"runtime.MemStats.HeapSys","measures":{"value":63602688}}
{"ts":1676406616338102177,"type":"gauge","name":"runtime.MemStats.Lookups","measures":{"value":0}}
{"ts":1676406616369568636,"type":"gauge","name":"runtime.MemStats.Mallocs","measures":{"value":110586}}
{"ts":1676406616390667594,"type":"gauge","name":"runtime.MemStats.PauseTotalNs","measures":{"value":23449500}}
{"ts":1676406620567091179,"type":"gauge","name":"runtime.MemStats.HeapIdle","measures":{"value":14278656}}
{"ts":1676406620615671304,"type":"histogram","name":"runtime.MemStats.PauseNs","measures":{"count":4,"max":22131458,"mean":5862375,"min":32375,"p50":642833.5,"p75":16886801.75,"p95":22131458,"p99":22131458,"p999":22131458,"p9999":22131458,"stddev":9403182.806652943,"variance":88419846895333.5}}
{"ts":1676406620678368554,"type":"gauge","name":"runtime.MemStats.TotalAlloc","measures":{"value":58314872}}
{"ts":1676406620710976013,"type":"gauge","name":"runtime.NumCgoCall","measures":{"value":0}}
{"ts":1676406620762933054,"type":"gauge","name":"runtime.MemStats.HeapObjects","measures":{"value":778633}}
{"ts":1676406620787559596,"type":"gauge","name":"runtime.MemStats.NextGC","measures":{"value":55638112}}
{"ts":1676406620809510221,"type":"gauge","name":"runtime.MemStats.Frees","measures":{"value":4242}}
{"ts":1676406620838499054,"type":"gauge","name":"runtime.MemStats.EnableGC","measures":{"value":1}}
{"ts":1676406620856108346,"type":"gauge","name":"runtime.MemStats.NumGC","measures":{"value":0}}
{"ts":1676406620884435263,"type":"gauge","name":"runtime.NumGoroutine","measures":{"value":629}}
{"ts":1676406620911412596,"type":"gauge","name":"runtime.NumThread","measures":{"value":16}}
{"ts":1676406620940620346,"type":"timer","name":"runtime.ReadMemStats","measures":{"count":11,"m1":0.11308035829858432,"m15":0.01080810621864695,"m5":0.030703655021877187,"max":46804041,"mean":5656420.363636363,"meanrate":0.1999728884320475,"min":392917,"p50":964750,"p75":3036042,"p95":46804041,"p99":46804041,"p999":46804041,"p9999":46804041,"stddev":13077815.01488169,"variance":171029245563464.97}}
{"ts":1676406620966493263,"type":"gauge","name":"runtime.MemStats.BuckHashSys","measures":{"value":1509717}}
{"ts":1676406620998858388,"type":"gauge","name":"runtime.MemStats.DebugGC","measures":{"value":0}}
{"ts":1676406621025008721,"type":"gauge","name":"runtime.MemStats.HeapAlloc","measures":{"value":45037016}}
{"ts":1676406621062747513,"type":"gauge","name":"runtime.MemStats.MCacheInuse","measures":{"value":9600}}
{"ts":1676406621087561346,"type":"gauge","name":"runtime.MemStats.MSpanSys","measures":{"value":848640}}
{"ts":1676406621176511846,"type":"gauge","name":"runtime.MemStats.StackInuse","measures":{"value":11796480}}
{"ts":1676406621212747680,"type":"gauge","name":"runtime.MemStats.HeapSys","measures":{"value":63700992}}
{"ts":1676406621248444638,"type":"gauge","name":"runtime.MemStats.Lookups","measures":{"value":0}}
{"ts":1676406621293790471,"type":"gauge","name":"runtime.MemStats.Mallocs","measures":{"value":66083}}
{"ts":1676406621314829096,"type":"gauge","name":"runtime.MemStats.PauseTotalNs","measures":{"value":23449500}}
{"ts":1676406621494731180,"type":"gauge","name":"runtime.MemStats.HeapReleased","measures":{"value":1048576}}
{"ts":1676406621530827680,"type":"gauge","name":"runtime.MemStats.MSpanInuse","measures":{"value":839120}}
{"ts":1676406621559378721,"type":"gauge","name":"runtime.MemStats.Sys","measures":{"value":87523608}}
{"ts":1676406621586265221,"type":"gauge","name":"runtime.MemStats.Alloc","measures":{"value":45037016}}
{"ts":1676406621602451596,"type":"gauge","name":"runtime.MemStats.HeapInuse","measures":{"value":49422336}}
{"ts":1676406621633634096,"type":"gauge","name":"runtime.MemStats.LastGC","measures":{"value":1676406578036199200}}
{"ts":1676406621650607180,"type":"gauge","name":"runtime.MemStats.MCacheSys","measures":{"value":15600}}
{"ts":1676406621679614805,"type":"gauge","name":"runtime.MemStats.GCCPUFraction","measures":{"value":0.026684019618263236}}
{"ts":1676406621723370222,"type":"gauge","name":"runtime.MemStats.StackSys","measures":{"value":11796480}}
{"ts":1676406625575993126,"type":"gauge","name":"runtime.MemStats.HeapObjects","measures":{"value":847439}}
{"ts":1676406625618315751,"type":"gauge","name":"runtime.MemStats.NextGC","measures":{"value":55638112}}
{"ts":1676406625624808084,"type":"gauge","name":"runtime.MemStats.Frees","measures":{"value":4975}}
{"ts":1676406625651953959,"type":"gauge","name":"runtime.NumGoroutine","measures":{"value":621}}
{"ts":1676406625678054667,"type":"gauge","name":"runtime.NumThread","measures":{"value":16}}
{"ts":1676406625696632959,"type":"timer","name":"runtime.ReadMemStats","measures":{"count":12,"m1":0.12003006913103051,"m15":0.01185625806643708,"m5":0.033501877477679465,"max":46804041,"mean":6444420.083333333,"meanrate":0.19994517674540008,"min":392917,"p50":1113687.5,"p75":4134447.75,"p95":46804041,"p99":46804041,"p999":46804041,"p9999":46804041,"stddev":12790902.53163723,"variance":163607187573843.72}}
{"ts":1676406625727309667,"type":"gauge","name":"runtime.MemStats.EnableGC","measures":{"value":1}}
{"ts":1676406625775824292,"type":"gauge","name":"runtime.MemStats.NumGC","measures":{"value":0}}
{"ts":1676406625804648376,"type":"gauge","name":"runtime.MemStats.HeapAlloc","measures":{"value":49629976}}
{"ts":1676406625822451042,"type":"gauge","name":"runtime.MemStats.MCacheInuse","measures":{"value":9600}}
{"ts":1676406625861797168,"type":"gauge","name":"runtime.MemStats.MSpanSys","measures":{"value":930240}}
{"ts":1676406625891319376,"type":"gauge","name":"runtime.MemStats.StackInuse","measures":{"value":11730944}}
{"ts":1676406625934517376,"type":"gauge","name":"runtime.MemStats.BuckHashSys","measures":{"value":1511453}}
{"ts":1676406625967717959,"type":"gauge","name":"runtime.MemStats.DebugGC","measures":{"value":0}}
{"ts":1676406626027994543,"type":"gauge","name":"runtime.MemStats.Mallocs","measures":{"value":73781}}
{"ts":1676406626102347834,"type":"gauge","name":"runtime.MemStats.PauseTotalNs","measures":{"value":23449500}}
{"ts":1676406626131850209,"type":"gauge","name":"runtime.MemStats.HeapSys","measures":{"value":63766528}}
{"ts":1676406626159410668,"type":"gauge","name":"runtime.MemStats.Lookups","measures":{"value":0}}
{"ts":1676406626183425668,"type":"gauge","name":"runtime.MemStats.Sys","measures":{"value":87523608}}
{"ts":1676406626205708251,"type":"gauge","name":"runtime.MemStats.HeapReleased","measures":{"value":1048576}}
{"ts":1676406626223408168,"type":"gauge","name":"runtime.MemStats.MSpanInuse","measures":{"value":926160}}
{"ts":1676406626268858126,"type":"gauge","name":"runtime.MemStats.LastGC","measures":{"value":1676406578036199200}}
{"ts":1676406626358132043,"type":"gauge","name":"runtime.MemStats.MCacheSys","measures":{"value":15600}}
{"ts":1676406626458290709,"type":"gauge","name":"runtime.MemStats.GCCPUFraction","measures":{"value":0.026684019618263236}}
{"ts":1676406626488560251,"type":"gauge","name":"runtime.MemStats.StackSys","measures":{"value":11730944}}
{"ts":1676406626533592835,"type":"gauge","name":"runtime.MemStats.Alloc","measures":{"value":49629976}}
{"ts":1676406626560499501,"type":"gauge","name":"runtime.MemStats.HeapInuse","measures":{"value":53895168}}
{"ts":1676406626584175668,"type":"gauge","name":"runtime.MemStats.TotalAlloc","measures":{"value":62907832}}
{"ts":1676406626599732668,"type":"gauge","name":"runtime.NumCgoCall","measures":{"value":0}}
{"ts":1676406626636931043,"type":"gauge","name":"runtime.MemStats.HeapIdle","measures":{"value":9871360}}
{"ts":1676406626650294793,"type":"histogram","name":"runtime.MemStats.PauseNs","measures":{"count":4,"max":22131458,"mean":5862375,"min":32375,"p50":642833.5,"p75":16886801.75,"p95":22131458,"p99":22131458,"p999":22131458,"p9999":22131458,"stddev":9403182.806652943,"variance":88419846895333.5}}
{"ts":1676406630591832170,"type":"gauge","name":"runtime.MemStats.HeapReleased","measures":{"value":1048576}}
{"ts":1676406630629501170,"type":"gauge","name":"runtime.MemStats.MSpanInuse","measures":{"value":987088}}
{"ts":1676406630736367295,"type":"gauge","name":"runtime.MemStats.Sys","measures":{"value":87589144}}
{"ts":1676406630784905628,"type":"gauge","name":"runtime.MemStats.Alloc","measures":{"value":52567016}}
{"ts":1676406630843208420,"type":"gauge","name":"runtime.MemStats.HeapInuse","measures":{"value":56729600}}
{"ts":1676406630865554670,"type":"gauge","name":"runtime.MemStats.LastGC","measures":{"value":1676406578036199200}}
{"ts":1676406630884369087,"type":"gauge","name":"runtime.MemStats.MCacheSys","measures":{"value":15600}}
{"ts":1676406630912436587,"type":"gauge","name":"runtime.MemStats.GCCPUFraction","measures":{"value":0.026684019618263236}}
{"ts":1676406630929521712,"type":"gauge","name":"runtime.MemStats.StackSys","measures":{"value":15499264}}
{"ts":1676406630990843295,"type":"gauge","name":"runtime.MemStats.HeapIdle","measures":{"value":3203072}}
{"ts":1676406631079387962,"type":"histogram","name":"runtime.MemStats.PauseNs","measures":{"count":4,"max":22131458,"mean":5862375,"min":32375,"p50":642833.5,"p75":16886801.75,"p95":22131458,"p99":22131458,"p999":22131458,"p9999":22131458,"stddev":9403182.806652943,"variance":88419846895333.5}}
{"ts":1676406631120045212,"type":"gauge","name":"runtime.MemStats.TotalAlloc","measures":{"value":65844872}}
{"ts":1676406631204900795,"type":"gauge","name":"runtime.NumCgoCall","measures":{"value":0}}
{"ts":1676406631278785962,"type":"gauge","name":"runtime.MemStats.HeapObjects","measures":{"value":890734}}
{"ts":1676406631296193753,"type":"gauge","name":"runtime.MemStats.NextGC","measures":{"value":55638112}}
{"ts":1676406631345750128,"type":"gauge","name":"runtime.MemStats.Frees","measures":{"value":3088}}
{"ts":1676406631400962253,"type":"gauge","name":"runtime.MemStats.EnableGC","measures":{"value":1}}
{"ts":1676406631450800587,"type":"gauge","name":"runtime.MemStats.NumGC","measures":{"value":0}}
{"ts":1676406631474757254,"type":"gauge","name":"runtime.NumGoroutine","measures":{"value":595}}
{"ts":1676406631516030754,"type":"gauge","name":"runtime.NumThread","measures":{"value":16}}
{"ts":1676406631539663337,"type":"timer","name":"runtime.ReadMemStats","measures":{"count":13,"m1":0.12642411176571153,"m15":0.012898602993676503,"m5":0.03625384938440363,"max":46804041,"mean":8173140.923076923,"meanrate":0.19990073638002595,"min":392917,"p50":1262625,"p75":9806500,"p95":46804041,"p99":46804041,"p999":46804041,"p9999":46804041,"stddev":13670542.352083111,"variance":186883728200098.06}}
{"ts":1676406631555626920,"type":"gauge","name":"runtime.MemStats.BuckHashSys","measures":{"value":1512845}}
{"ts":1676406631586206629,"type":"gauge","name":"runtime.MemStats.DebugGC","measures":{"value":0}}
{"ts":1676406631669796795,"type":"gauge","name":"runtime.MemStats.HeapAlloc","measures":{"value":52567016}}
{"ts":1676406631683642170,"type":"gauge","name":"runtime.MemStats.MCacheInuse","measures":{"value":9600}}
{"ts":1676406631719552254,"type":"gauge","name":"runtime.MemStats.MSpanSys","measures":{"value":995520}}
{"ts":1676406631750989879,"type":"gauge","name":"runtime.MemStats.StackInuse","measures":{"value":15499264}}
{"ts":1676406631784797462,"type":"gauge","name":"runtime.MemStats.HeapSys","measures":{"value":59932672}}
{"ts":1676406631853856504,"type":"gauge","name":"runtime.MemStats.Lookups","measures":{"value":0}}
{"ts":1676406631908952504,"type":"gauge","name":"runtime.MemStats.Mallocs","measures":{"value":46383}}
{"ts":1676406631948022670,"type":"gauge","name":"runtime.MemStats.PauseTotalNs","measures":{"value":23449500}}
{"ts":1676406635562923255,"type":"gauge","name":"runtime.MemStats.BuckHashSys","measures":{"value":1513725}}
{"ts":1676406635578519797,"type":"gauge","name":"runtime.MemStats.DebugGC","measures":{"value":0}}
{"ts":1676406635599863922,"type":"gauge","name":"runtime.MemStats.HeapAlloc","measures":{"value":28764296}}
{"ts":1676406635659377506,"type":"gauge","name":"runtime.MemStats.MCacheInuse","measures":{"value":9600}}
{"ts":1676406635676406672,"type":"gauge","name":"runtime.MemStats.MSpanSys","measures":{"value":995520}}
{"ts":1676406635684815047,"type":"gauge","name":"runtime.MemStats.StackInuse","measures":{"value":7962624}}
{"ts":1676406635755446589,"type":"gauge","name":"runtime.MemStats.HeapSys","measures":{"value":67534848}}
{"ts":1676406635785579339,"type":"gauge","name":"runtime.MemStats.Lookups","measures":{"value":0}}
{"ts":1676406635816671297,"type":"gauge","name":"runtime.MemStats.Mallocs","measures":{"value":30085}}
{"ts":1676406635837662256,"type":"gauge","name":"runtime.MemStats.PauseTotalNs","measures":{"value":59067583}}
{"ts":1676406635867901089,"type":"gauge","name":"runtime.MemStats.HeapReleased","measures":{"value":1048576}}
{"ts":1676406635896031006,"type":"gauge","name":"runtime.MemStats.MSpanInuse","measures":{"value":732224}}
{"ts":1676406635945749381,"type":"gauge","name":"runtime.MemStats.Sys","measures":{"value":87654680}}
{"ts":1676406635967715089,"type":"gauge","name":"runtime.MemStats.Alloc","measures":{"value":28764296}}
{"ts":1676406636006696672,"type":"gauge","name":"runtime.MemStats.HeapInuse","measures":{"value":40755200}}
{"ts":1676406636034445964,"type":"gauge","name":"runtime.MemStats.LastGC","measures":{"value":1676406630905675500}}
{"ts":1676406636109197547,"type":"gauge","name":"runtime.MemStats.MCacheSys","measures":{"value":15600}}
{"ts":1676406636150922547,"type":"gauge","name":"runtime.MemStats.GCCPUFraction","measures":{"value":0.006914973811615669}}
{"ts":1676406636168292797,"type":"gauge","name":"runtime.MemStats.StackSys","measures":{"value":7962624}}
{"ts":1676406636180410297,"type":"gauge","name":"runtime.MemStats.HeapIdle","measures":{"value":26779648}}
{"ts":1676406636201425922,"type":"histogram","name":"runtime.MemStats.PauseNs","measures":{"count":5,"max":35618083,"mean":11813516.6,"min":32375,"p50":1152833,"p75":28874770.5,"p95":35618083,"p99":35618083,"p999":35618083,"p9999":35618083,"stddev":14573957.008625662,"variance":212400222889269.03}}
{"ts":1676406636225220506,"type":"gauge","name":"runtime.MemStats.TotalAlloc","measures":{"value":67762792}}
{"ts":1676406636255736464,"type":"gauge","name":"runtime.NumCgoCall","measures":{"value":0}}
{"ts":1676406636265923756,"type":"gauge","name":"runtime.MemStats.HeapObjects","measures":{"value":578638}}
{"ts":1676406636285682797,"type":"gauge","name":"runtime.MemStats.NextGC","measures":{"value":57482960}}
{"ts":1676406636304472881,"type":"gauge","name":"runtime.MemStats.Frees","measures":{"value":342181}}
{"ts":1676406636324338089,"type":"gauge","name":"runtime.MemStats.EnableGC","measures":{"value":1}}
{"ts":1676406636345424798,"type":"gauge","name":"runtime.MemStats.NumGC","measures":{"value":1}}
{"ts":1676406636381008048,"type":"gauge","name":"runtime.NumGoroutine","measures":{"value":420}}
{"ts":1676406636415675089,"type":"gauge","name":"runtime.NumThread","measures":{"value":16}}
{"ts":1676406636438540881,"type":"timer","name":"runtime.ReadMemStats","measures":{"count":14,"m1":0.13230691497865155,"m15":0.013935173171587696,"m5":0.03896033519638589,"max":46804041,"mean":7729687.357142857,"meanrate":0.19999035858766373,"min":392917,"p50":1613708,"p75":7153541.5,"p95":46804041,"p99":46804041,"p999":46804041,"p9999":46804041,"stddev":13269941.760171179,"variance":176091354318334.94}}
{"ts":1676406640569311216,"type":"gauge","name":"runtime.MemStats.HeapSys","measures":{"value":67600384}}
{"ts":1676406640612967383,"type":"gauge","name":"runtime.MemStats.Lookups","measures":{"value":0}}
{"ts":1676406640638953925,"type":"gauge","name":"runtime.MemStats.Mallocs","measures":{"value":45507}}
{"ts":1676406640667925883,"type":"gauge","name":"runtime.MemStats.PauseTotalNs","measures":{"value":59067583}}
{"ts":1676406640698301133,"type":"gauge","name":"runtime.MemStats.HeapReleased","measures":{"value":1048576}}
{"ts":1676406640729490008,"type":"gauge","name":"runtime.MemStats.MSpanInuse","measures":{"value":732224}}
{"ts":1676406640754594466,"type":"gauge","name":"runtime.MemStats.Sys","measures":{"value":87654680}}
{"ts":1676406640805411133,"type":"gauge","name":"runtime.MemStats.StackSys","measures":{"value":7897088}}
{"ts":1676406640830961383,"type":"gauge","name":"runtime.MemStats.Alloc","measures":{"value":31345848}}
{"ts":1676406640949582175,"type":"gauge","name":"runtime.MemStats.HeapInuse","measures":{"value":41623552}}
{"ts":1676406641019800758,"type":"gauge","name":"runtime.MemStats.LastGC","measures":{"value":1676406630905675500}}
{"ts":1676406641079948925,"type":"gauge","name":"runtime.MemStats.MCacheSys","measures":{"value":15600}}
{"ts":1676406641127709091,"type":"gauge","name":"runtime.MemStats.GCCPUFraction","measures":{"value":0.006914973811615669}}
{"ts":1676406641192990591,"type":"gauge","name":"runtime.MemStats.HeapIdle","measures":{"value":25976832}}
{"ts":1676406641213430050,"type":"histogram","name":"runtime.MemStats.PauseNs","measures":{"count":5,"max":35618083,"mean":11813516.6,"min":32375,"p50":1152833,"p75":28874770.5,"p95":35618083,"p99":35618083,"p999":35618083,"p9999":35618083,"stddev":14573957.008625662,"variance":212400222889269.03}}
{"ts":1676406641282834633,"type":"gauge","name":"runtime.MemStats.TotalAlloc","measures":{"value":70344344}}
{"ts":1676406641352039633,"type":"gauge","name":"runtime.NumCgoCall","measures":{"value":0}}
{"ts":1676406641370402717,"type":"gauge","name":"runtime.MemStats.HeapObjects","measures":{"value":620965}}
{"ts":1676406641394670008,"type":"gauge","name":"runtime.MemStats.NextGC","measures":{"value":57482960}}
{"ts":1676406641418664175,"type":"gauge","name":"runtime.MemStats.Frees","measures":{"value":3180}}
{"ts":1676406641528002425,"type":"gauge","name":"runtime.MemStats.EnableGC","measures":{"value":1}}
{"ts":1676406641558272425,"type":"gauge","name":"runtime.MemStats.NumGC","measures":{"value":0}}
{"ts":1676406641573295550,"type":"gauge","name":"runtime.NumGoroutine","measures":{"value":384}}
{"ts":1676406641593470925,"type":"gauge","name":"runtime.NumThread","measures":{"value":17}}
{"ts":1676406641638552342,"type":"timer","name":"runtime.ReadMemStats","measures":{"count":15,"m1":0.13771935521708045,"m15":0.014966000593159667,"m5":0.04162208673264367,"max":46804041,"mean":7312061,"meanrate":0.1999746046890186,"min":392917,"p50":1465292,"p75":4500583,"p95":46804041,"p99":46804041,"p999":46804041,"p9999":46804041,"stddev":12914863.357219014,"variance":166793695535638.4}}
{"ts":1676406641666816008,"type":"gauge","name":"runtime.MemStats.StackInuse","measures":{"value":7897088}}
{"ts":1676406641709592550,"type":"gauge","name":"runtime.MemStats.BuckHashSys","measures":{"value":1513965}}
{"ts":1676406641724683050,"type":"gauge","name":"runtime.MemStats.DebugGC","measures":{"value":0}}
{"ts":1676406641770043550,"type":"gauge","name":"runtime.MemStats.HeapAlloc","measures":{"value":31345848}}
{"ts":1676406641793612592,"type":"gauge","name":"runtime.MemStats.MCacheInuse","measures":{"value":9600}}
{"ts":1676406641806009633,"type":"gauge","name":"runtime.MemStats.MSpanSys","measures":{"value":995520}}
{"ts":1676406645819761552,"type":"gauge","name":"runtime.MemStats.Alloc","measures":{"value":40152872}}
{"ts":1676406646029507719,"type":"gauge","name":"runtime.MemStats.HeapInuse","measures":{"value":47349760}}
{"ts":1676406646197781427,"type":"gauge","name":"runtime.MemStats.LastGC","measures":{"value":1676406630905675500}}
{"ts":1676406646408662011,"type":"gauge","name":"runtime.MemStats.MCacheSys","measures":{"value":15600}}
{"ts":1676406646660285386,"type":"gauge","name":"runtime.MemStats.GCCPUFraction","measures":{"value":0.006914973811615669}}
{"ts":1676406646711608969,"type":"gauge","name":"runtime.MemStats.StackSys","measures":{"value":8781824}}
{"ts":1676406646816442136,"type":"gauge","name":"runtime.MemStats.HeapIdle","measures":{"value":19365888}}
{"ts":1676406646851853303,"type":"histogram","name":"runtime.MemStats.PauseNs","measures":{"count":5,"max":35618083,"mean":11813516.6,"min":32375,"p50":1152833,"p75":28874770.5,"p95":35618083,"p99":35618083,"p999":35618083,"p9999":35618083,"stddev":14573957.008625662,"variance":212400222889269.03}}
{"ts":1676406646899628678,"type":"gauge","name":"runtime.MemStats.TotalAlloc","measures":{"value":79151368}}
{"ts":1676406646935830261,"type":"gauge","name":"runtime.NumCgoCall","measures":{"value":0}}
{"ts":1676406647008610636,"type":"gauge","name":"runtime.MemStats.HeapObjects","measures":{"value":724217}}
{"ts":1676406647022913428,"type":"gauge","name":"runtime.MemStats.NextGC","measures":{"value":57482960}}
{"ts":1676406647052598053,"type":"gauge","name":"runtime.MemStats.Frees","measures":{"value":5564}}
{"ts":1676406647063440803,"type":"gauge","name":"runtime.MemStats.EnableGC","measures":{"value":1}}
{"ts":1676406647080825428,"type":"gauge","name":"runtime.MemStats.NumGC","measures":{"value":0}}
{"ts":1676406647099913011,"type":"gauge","name":"runtime.NumGoroutine","measures":{"value":719}}
{"ts":1676406647118837803,"type":"gauge","name":"runtime.NumThread","measures":{"value":17}}
{"ts":1676406647140452136,"type":"timer","name":"runtime.ReadMemStats","measures":{"count":16,"m1":0.14269904062796196,"m15":0.015991117074135412,"m5":0.04423984338571903,"max":151108000,"mean":16299307.1875,"meanrate":0.19935164502167985,"min":392917,"p50":1715041.5,"p75":12459458.5,"p95":151108000,"p99":151108000,"p999":151108000,"p9999":151108000,"stddev":36985510.67763781,"variance":1367928000085660.2}}
{"ts":1676406647185915636,"type":"gauge","name":"runtime.MemStats.BuckHashSys","measures":{"value":1517477}}
{"ts":1676406647229426469,"type":"gauge","name":"runtime.MemStats.DebugGC","measures":{"value":0}}
{"ts":1676406647283746011,"type":"gauge","name":"runtime.MemStats.HeapAlloc","measures":{"value":40152872}}
{"ts":1676406647329209553,"type":"gauge","name":"runtime.MemStats.MCacheInuse","measures":{"value":9600}}
{"ts":1676406647354392136,"type":"gauge","name":"runtime.MemStats.MSpanSys","measures":{"value":995520}}
{"ts":1676406647369783219,"type":"gauge","name":"runtime.MemStats.StackInuse","measures":{"value":8781824}}
{"ts":1676406647397873969,"type":"gauge","name":"runtime.MemStats.HeapSys","measures":{"value":66715648}}
{"ts":1676406647443565261,"type":"gauge","name":"runtime.MemStats.Lookups","measures":{"value":0}}
{"ts":1676406647521445386,"type":"gauge","name":"runtime.MemStats.Mallocs","measures":{"value":108816}}
{"ts":1676406647557660095,"type":"gauge","name":"runtime.MemStats.PauseTotalNs","measures":{"value":59067583}}
{"ts":1676406647572449303,"type":"gauge","name":"runtime.MemStats.HeapReleased","measures":{"value":1048576}}
{"ts":1676406647614746178,"type":"gauge","name":"runtime.MemStats.MSpanInuse","measures":{"value":801856}}
{"ts":1676406647660019761,"type":"gauge","name":"runtime.MemStats.Sys","measures":{"value":87654680}}
{"ts":1676406650564286763,"type":"gauge","name":"runtime.MemStats.Frees","measures":{"value":5733}}
{"ts":1676406650596841638,"type":"gauge","name":"runtime.MemStats.EnableGC","measures":{"value":1}}
{"ts":1676406650617480638,"type":"gauge","name":"runtime.MemStats.NumGC","measures":{"value":0}}
{"ts":1676406650628616679,"type":"gauge","name":"runtime.NumGoroutine","measures":{"value":727}}
{"ts":1676406650657807096,"type":"gauge","name":"runtime.NumThread","measures":{"value":17}}
{"ts":1676406650682516471,"type":"timer","name":"runtime.ReadMemStats","measures":{"count":17,"m1":0.14728057237685463,"m15":0.017010554253993868,"m5":0.04681433232707026,"max":151108000,"mean":15426056.294117646,"meanrate":0.19998885092036808,"min":392917,"p50":1465292,"p75":9806500,"p95":151108000,"p99":151108000,"p999":151108000,"p9999":151108000,"stddev":36050835.234487064,"variance":1299662721104134}}
{"ts":1676406650692865513,"type":"gauge","name":"runtime.MemStats.BuckHashSys","measures":{"value":1519933}}
{"ts":1676406650712034346,"type":"gauge","name":"runtime.MemStats.DebugGC","measures":{"value":0}}
{"ts":1676406650740849638,"type":"gauge","name":"runtime.MemStats.HeapAlloc","measures":{"value":46728768}}
{"ts":1676406650751887179,"type":"gauge","name":"runtime.MemStats.MCacheInuse","measures":{"value":9600}}
{"ts":1676406650767327054,"type":"gauge","name":"runtime.MemStats.MSpanSys","measures":{"value":995520}}
{"ts":1676406650789281221,"type":"gauge","name":"runtime.MemStats.StackInuse","measures":{"value":9011200}}
{"ts":1676406650822216763,"type":"gauge","name":"runtime.MemStats.HeapSys","measures":{"value":66486272}}
{"ts":1676406650872827388,"type":"gauge","name":"runtime.MemStats.Lookups","measures":{"value":0}}
{"ts":1676406650902959638,"type":"gauge","name":"runtime.MemStats.Mallocs","measures":{"value":99122}}
{"ts":1676406650918689471,"type":"gauge","name":"runtime.MemStats.PauseTotalNs","measures":{"value":59067583}}
{"ts":1676406650937851929,"type":"gauge","name":"runtime.MemStats.HeapReleased","measures":{"value":1048576}}
{"ts":1676406650954600138,"type":"gauge","name":"runtime.MemStats.MSpanInuse","measures":{"value":862784}}
{"ts":1676406650980977388,"type":"gauge","name":"runtime.MemStats.Sys","measures":{"value":87654680}}
{"ts":1676406651012509305,"type":"gauge","name":"runtime.MemStats.Alloc","measures":{"value":46728768}}
{"ts":1676406651041845555,"type":"gauge","name":"runtime.MemStats.HeapInuse","measures":{"value":52281344}}
{"ts":1676406651059793346,"type":"gauge","name":"runtime.MemStats.LastGC","measures":{"value":1676406630905675500}}
{"ts":1676406651087491138,"type":"gauge","name":"runtime.MemStats.MCacheSys","measures":{"value":15600}}
{"ts":1676406651128270930,"type":"gauge","name":"runtime.MemStats.GCCPUFraction","measures":{"value":0.006914973811615669}}
{"ts":1676406651145875555,"type":"gauge","name":"runtime.MemStats.StackSys","measures":{"value":9011200}}
{"ts":1676406651150006846,"type":"gauge","name":"runtime.MemStats.HeapIdle","measures":{"value":14204928}}
{"ts":1676406651186561846,"type":"histogram","name":"runtime.MemStats.PauseNs","measures":{"count":5,"max":35618083,"mean":11813516.6,"min":32375,"p50":1152833,"p75":28874770.5,"p95":35618083,"p99":35618083,"p999":35618083,"p9999":35618083,"stddev":14573957.008625662,"variance":212400222889269.03}}
{"ts":1676406651215749180,"type":"gauge","name":"runtime.MemStats.TotalAlloc","measures":{"value":85727264}}
{"ts":1676406651238303221,"type":"gauge","name":"runtime.NumCgoCall","measures":{"value":0}}
{"ts":1676406651265048180,"type":"gauge","name":"runtime.MemStats.HeapObjects","measures":{"value":817606}}
{"ts":1676406651279806930,"type":"gauge","name":"runtime.MemStats.NextGC","measures":{"value":57482960}}
{"ts":1676406655566891917,"type":"gauge","name":"runtime.MemStats.HeapObjects","measures":{"value":866027}}
{"ts":1676406655594001917,"type":"gauge","name":"runtime.MemStats.NextGC","measures":{"value":57482960}}
{"ts":1676406655628741209,"type":"gauge","name":"runtime.MemStats.Frees","measures":{"value":2769}}
{"ts":1676406655684115001,"type":"gauge","name":"runtime.NumGoroutine","measures":{"value":696}}
{"ts":1676406655718755292,"type":"gauge","name":"runtime.NumThread","measures":{"value":17}}
{"ts":1676406655728766126,"type":"timer","name":"runtime.ReadMemStats","measures":{"count":18,"m1":0.15149578507287023,"m15":0.018024343596926444,"m5":0.049346268709068636,"max":151108000,"mean":14843736.055555556,"meanrate":0.19997978936033398,"min":392917,"p50":1715041.5,"p75":7486323.25,"p95":151108000,"p99":151108000,"p999":151108000,"p9999":151108000,"stddev":35117287.5265504,"variance":1233223883222412.2}}
{"ts":1676406655763770542,"type":"gauge","name":"runtime.MemStats.EnableGC","measures":{"value":1}}
{"ts":1676406655793173959,"type":"gauge","name":"runtime.MemStats.NumGC","measures":{"value":0}}
{"ts":1676406655816052792,"type":"gauge","name":"runtime.MemStats.HeapAlloc","measures":{"value":50007640}}
{"ts":1676406655828966709,"type":"gauge","name":"runtime.MemStats.MCacheInuse","measures":{"value":9600}}
{"ts":1676406655841150543,"type":"gauge","name":"runtime.MemStats.MSpanSys","measures":{"value":995520}}
{"ts":1676406655852537043,"type":"gauge","name":"runtime.MemStats.StackInuse","measures":{"value":8912896}}
{"ts":1676406655897147501,"type":"gauge","name":"runtime.MemStats.BuckHashSys","measures":{"value":1521685}}
{"ts":1676406655932110293,"type":"gauge","name":"runtime.MemStats.DebugGC","measures":{"value":0}}
{"ts":1676406655952001501,"type":"gauge","name":"runtime.MemStats.Mallocs","measures":{"value":51190}}
{"ts":1676406655970121376,"type":"gauge","name":"runtime.MemStats.PauseTotalNs","measures":{"value":59067583}}
{"ts":1676406656016737626,"type":"gauge","name":"runtime.MemStats.HeapSys","measures":{"value":66584576}}
{"ts":1676406656042683668,"type":"gauge","name":"runtime.MemStats.Lookups","measures":{"value":0}}
{"ts":1676406656068267043,"type":"gauge","name":"runtime.MemStats.Sys","measures":{"value":87654680}}
{"ts":1676406656077457334,"type":"gauge","name":"runtime.MemStats.HeapReleased","measures":{"value":1048576}}
{"ts":1676406656101762459,"type":"gauge","name":"runtime.MemStats.MSpanInuse","measures":{"value":906304}}
{"ts":1676406656126534334,"type":"gauge","name":"runtime.MemStats.LastGC","measures":{"value":1676406630905675500}}
{"ts":1676406656152552918,"type":"gauge","name":"runtime.MemStats.MCacheSys","measures":{"value":15600}}
{"ts":1676406656171361959,"type":"gauge","name":"runtime.MemStats.GCCPUFraction","measures":{"value":0.006914973811615669}}
{"ts":1676406656190610209,"type":"gauge","name":"runtime.MemStats.StackSys","measures":{"value":8912896}}
{"ts":1676406656208535043,"type":"gauge","name":"runtime.MemStats.Alloc","measures":{"value":50007640}}
{"ts":1676406656266893876,"type":"gauge","name":"runtime.MemStats.HeapInuse","measures":{"value":55033856}}
{"ts":1676406656281915668,"type":"gauge","name":"runtime.MemStats.TotalAlloc","measures":{"value":89006136}}
{"ts":1676406656300491668,"type":"gauge","name":"runtime.NumCgoCall","measures":{"value":0}}
{"ts":1676406656309653626,"type":"gauge","name":"runtime.MemStats.HeapIdle","measures":{"value":11550720}}
{"ts":1676406656331739418,"type":"histogram","name":"runtime.MemStats.PauseNs","measures":{"count":5,"max":35618083,"mean":11813516.6,"min":32375,"p50":1152833,"p75":28874770.5,"p95":35618083,"p99":35618083,"p999":35618083,"p9999":35618083,"stddev":14573957.008625662,"variance":212400222889269.03}}
{"ts":1676406660654529795,"type":"gauge","name":"runtime.MemStats.HeapIdle","measures":{"value":5947392}}
{"ts":1676406660707794878,"type":"histogram","name":"runtime.MemStats.PauseNs","measures":{"count":5,"max":35618083,"mean":11813516.6,"min":32375,"p50":1152833,"p75":28874770.5,"p95":35618083,"p99":35618083,"p999":35618083,"p9999":35618083,"stddev":14573957.008625662,"variance":212400222889269.03}}
{"ts":1676406660764624712,"type":"gauge","name":"runtime.MemStats.TotalAlloc","measures":{"value":93385568}}
{"ts":1676406660877047920,"type":"gauge","name":"runtime.NumCgoCall","measures":{"value":0}}
{"ts":1676406660927114920,"type":"gauge","name":"runtime.MemStats.HeapObjects","measures":{"value":929122}}
{"ts":1676406660970740170,"type":"gauge","name":"runtime.MemStats.NextGC","measures":{"value":57482960}}
{"ts":1676406660980473087,"type":"gauge","name":"runtime.MemStats.Frees","measures":{"value":4124}}
{"ts":1676406661058027545,"type":"gauge","name":"runtime.MemStats.EnableGC","measures":{"value":1}}
{"ts":1676406661087883337,"type":"gauge","name":"runtime.MemStats.NumGC","measures":{"value":0}}
{"ts":1676406661159782628,"type":"gauge","name":"runtime.NumGoroutine","measures":{"value":712}}
{"ts":1676406661191617295,"type":"gauge","name":"runtime.NumThread","measures":{"value":17}}
{"ts":1676406661226103712,"type":"timer","name":"runtime.ReadMemStats","measures":{"count":19,"m1":0.155373967970314,"m15":0.01903251639280816,"m5":0.05183635586365643,"max":151108000,"mean":18800993.36842105,"meanrate":0.19979625180987612,"min":392917,"p50":1964791,"p75":15112417,"p95":151108000,"p99":151108000,"p999":151108000,"p9999":151108000,"stddev":38081429.87043561,"variance":1450195300976905.8}}
{"ts":1676406661269783753,"type":"gauge","name":"runtime.MemStats.BuckHashSys","measures":{"value":1522445}}
{"ts":1676406661322407295,"type":"gauge","name":"runtime.MemStats.DebugGC","measures":{"value":0}}
{"ts":1676406661369820212,"type":"gauge","name":"runtime.MemStats.HeapAlloc","measures":{"value":54387072}}
{"ts":1676406661409583462,"type":"gauge","name":"runtime.MemStats.MCacheInuse","measures":{"value":9600}}
{"ts":1676406661435477295,"type":"gauge","name":"runtime.MemStats.MSpanSys","measures":{"value":995520}}
{"ts":1676406661517989004,"type":"gauge","name":"runtime.MemStats.StackInuse","measures":{"value":10485760}}
{"ts":1676406661629713629,"type":"gauge","name":"runtime.MemStats.HeapSys","measures":{"value":64946176}}
{"ts":1676406661665570337,"type":"gauge","name":"runtime.MemStats.Lookups","measures":{"value":0}}
{"ts":1676406661722054295,"type":"gauge","name":"runtime.MemStats.Mallocs","measures":{"value":67219}}
{"ts":1676406661762064670,"type":"gauge","name":"runtime.MemStats.PauseTotalNs","measures":{"value":59067583}}
{"ts":1676406661780803504,"type":"gauge","name":"runtime.MemStats.HeapReleased","measures":{"value":1048576}}
{"ts":1676406661830745879,"type":"gauge","name":"runtime.MemStats.MSpanInuse","measures":{"value":975936}}
{"ts":1676406661845851337,"type":"gauge","name":"runtime.MemStats.Sys","measures":{"value":87720216}}
{"ts":1676406661886012629,"type":"gauge","name":"runtime.MemStats.Alloc","measures":{"value":54387072}}
{"ts":1676406661901559379,"type":"gauge","name":"runtime.MemStats.HeapInuse","measures":{"value":58998784}}
{"ts":1676406661938018004,"type":"gauge","name":"runtime.MemStats.LastGC","measures":{"value":1676406630905675500}}
{"ts":1676406661958516795,"type":"gauge","name":"runtime.MemStats.MCacheSys","measures":{"value":15600}}
{"ts":1676406661964812670,"type":"gauge","name":"runtime.MemStats.GCCPUFraction","measures":{"value":0.006914973811615669}}
{"ts":1676406661995599795,"type":"gauge","name":"runtime.MemStats.StackSys","measures":{"value":10485760}}
{"ts":1676406665628129756,"type":"gauge","name":"runtime.MemStats.MSpanSys","measures":{"value":995520}}
{"ts":1676406665680339797,"type":"gauge","name":"runtime.MemStats.StackInuse","measures":{"value":6127616}}
{"ts":1676406665719837672,"type":"gauge","name":"runtime.MemStats.BuckHashSys","measures":{"value":1523509}}
{"ts":1676406665787315714,"type":"gauge","name":"runtime.MemStats.DebugGC","measures":{"value":0}}
{"ts":1676406665816594047,"type":"gauge","name":"runtime.MemStats.HeapAlloc","measures":{"value":32671072}}
{"ts":1676406665854007422,"type":"gauge","name":"runtime.MemStats.MCacheInuse","measures":{"value":9600}}
{"ts":1676406665866957672,"type":"gauge","name":"runtime.MemStats.HeapSys","measures":{"value":69369856}}
{"ts":1676406665895465422,"type":"gauge","name":"runtime.MemStats.Lookups","measures":{"value":0}}
{"ts":1676406665931687339,"type":"gauge","name":"runtime.MemStats.Mallocs","measures":{"value":80281}}
{"ts":1676406665955786839,"type":"gauge","name":"runtime.MemStats.PauseTotalNs","measures":{"value":65966292}}
{"ts":1676406665964986506,"type":"gauge","name":"runtime.MemStats.HeapReleased","measures":{"value":1048576}}
{"ts":1676406666033989714,"type":"gauge","name":"runtime.MemStats.MSpanInuse","measures":{"value":790160}}
{"ts":1676406666081148506,"type":"gauge","name":"runtime.MemStats.Sys","measures":{"value":87720216}}
{"ts":1676406666102686006,"type":"gauge","name":"runtime.MemStats.GCCPUFraction","measures":{"value":0.005275467543207092}}
{"ts":1676406666114366922,"type":"gauge","name":"runtime.MemStats.StackSys","measures":{"value":6127616}}
{"ts":1676406666123683589,"type":"gauge","name":"runtime.MemStats.Alloc","measures":{"value":32671072}}
{"ts":1676406666142636964,"type":"gauge","name":"runtime.MemStats.HeapInuse","measures":{"value":44843008}}
{"ts":1676406666167781506,"type":"gauge","name":"runtime.MemStats.LastGC","measures":{"value":1676406660787694000}}
{"ts":1676406666183542214,"type":"gauge","name":"runtime.MemStats.MCacheSys","measures":{"value":15600}}
{"ts":1676406666261279214,"type":"gauge","name":"runtime.MemStats.HeapIdle","measures":{"value":24526848}}
{"ts":1676406666317073256,"type":"histogram","name":"runtime.MemStats.PauseNs","measures":{"count":6,"max":35618083,"mean":10994382,"min":32375,"p50":4025771,"p75":25503114.25,"p95":35618083,"p99":35618083,"p999":35618083,"p9999":35618083,"stddev":13429634.887279823,"variance":180355093205643.34}}
{"ts":1676406666330845173,"type":"gauge","name":"runtime.MemStats.TotalAlloc","measures":{"value":98537320}}
{"ts":1676406666342591256,"type":"gauge","name":"runtime.NumCgoCall","measures":{"value":0}}
{"ts":1676406666413554548,"type":"gauge","name":"runtime.MemStats.HeapObjects","measures":{"value":629982}}
{"ts":1676406666479098631,"type":"gauge","name":"runtime.MemStats.NextGC","measures":{"value":58831344}}
{"ts":1676406666491502881,"type":"gauge","name":"runtime.MemStats.Frees","measures":{"value":379421}}
{"ts":1676406666520312173,"type":"timer","name":"runtime.ReadMemStats","measures":{"count":20,"m1":0.15894206848401812,"m15":0.020035103758163364,"m5":0.054285285497721415,"max":151108000,"mean":18320181.2,"meanrate":0.19985923638375605,"min":392917,"p50":2484833,"p75":13630500.25,"p95":148054181.24999994,"p99":151108000,"p999":151108000,"p9999":151108000,"stddev":37176309.15533162,"variance":1382077962412793.8}}
{"ts":1676406666566885298,"type":"gauge","name":"runtime.MemStats.EnableGC","measures":{"value":1}}
{"ts":1676406666673809256,"type":"gauge","name":"runtime.MemStats.NumGC","measures":{"value":1}}
{"ts":1676406666715942756,"type":"gauge","name":"runtime.NumGoroutine","measures":{"value":694}}
{"ts":1676406666744533173,"type":"gauge","name":"runtime.NumThread","measures":{"value":17}}
{"ts":1676406670564684133,"type":"gauge","name":"runtime.MemStats.PauseTotalNs","measures":{"value":65966292}}
{"ts":1676406670603487008,"type":"gauge","name":"runtime.MemStats.HeapSys","measures":{"value":69369856}}
{"ts":1676406670624660258,"type":"gauge","name":"runtime.MemStats.Lookups","measures":{"value":0}}
{"ts":1676406670640934591,"type":"gauge","name":"runtime.MemStats.Mallocs","measures":{"value":82962}}
{"ts":1676406670694174175,"type":"gauge","name":"runtime.MemStats.HeapReleased","measures":{"value":1048576}}
{"ts":1676406670713915883,"type":"gauge","name":"runtime.MemStats.MSpanInuse","measures":{"value":816272}}
{"ts":1676406670725134466,"type":"gauge","name":"runtime.MemStats.Sys","measures":{"value":87720216}}
{"ts":1676406670757824550,"type":"gauge","name":"runtime.MemStats.MCacheSys","measures":{"value":15600}}
{"ts":1676406670770524133,"type":"gauge","name":"runtime.MemStats.GCCPUFraction","measures":{"value":0.005275467543207092}}
{"ts":1676406670794840508,"type":"gauge","name":"runtime.MemStats.StackSys","measures":{"value":6127616}}
{"ts":1676406670803938508,"type":"gauge","name":"runtime.MemStats.Alloc","measures":{"value":38094664}}
{"ts":1676406670836940175,"type":"gauge","name":"runtime.MemStats.HeapInuse","measures":{"value":47865856}}
{"ts":1676406670855021633,"type":"gauge","name":"runtime.MemStats.LastGC","measures":{"value":1676406660787694000}}
{"ts":1676406670882089550,"type":"gauge","name":"runtime.NumCgoCall","measures":{"value":0}}
{"ts":1676406670906896258,"type":"gauge","name":"runtime.MemStats.HeapIdle","measures":{"value":21504000}}
{"ts":1676406670922732966,"type":"histogram","name":"runtime.MemStats.PauseNs","measures":{"count":6,"max":35618083,"mean":10994382,"min":32375,"p50":4025771,"p75":25503114.25,"p95":35618083,"p99":35618083,"p999":35618083,"p9999":35618083,"stddev":13429634.887279823,"variance":180355093205643.34}}
{"ts":1676406670944699966,"type":"gauge","name":"runtime.MemStats.TotalAlloc","measures":{"value":103960912}}
{"ts":1676406670961964675,"type":"gauge","name":"runtime.MemStats.HeapObjects","measures":{"value":708027}}
{"ts":1676406670991098716,"type":"gauge","name":"runtime.MemStats.NextGC","measures":{"value":58831344}}
{"ts":1676406671017484383,"type":"gauge","name":"runtime.MemStats.Frees","measures":{"value":4917}}
{"ts":1676406671036815383,"type":"gauge","name":"runtime.NumThread","measures":{"value":17}}
{"ts":1676406671050101175,"type":"timer","name":"runtime.ReadMemStats","measures":{"count":21,"m1":0.1622248794324876,"m15":0.021032136637126126,"m5":0.05669373788524215,"max":151108000,"mean":17711924.57142857,"meanrate":0.19998722493034984,"min":392917,"p50":3004875,"p75":12148583.5,"p95":145000362.49999994,"p99":151108000,"p999":151108000,"p9999":151108000,"stddev":36382196.86373329,"variance":1323664248631444.5}}
{"ts":1676406671091127800,"type":"gauge","name":"runtime.MemStats.EnableGC","measures":{"value":1}}
{"ts":1676406671112111550,"type":"gauge","name":"runtime.MemStats.NumGC","measures":{"value":0}}
{"ts":1676406671145875091,"type":"gauge","name":"runtime.NumGoroutine","measures":{"value":646}}
{"ts":1676406671168459216,"type":"gauge","name":"runtime.MemStats.MCacheInuse","measures":{"value":9600}}
{"ts":1676406671197173550,"type":"gauge","name":"runtime.MemStats.MSpanSys","measures":{"value":995520}}
{"ts":1676406671236441383,"type":"gauge","name":"runtime.MemStats.StackInuse","measures":{"value":6127616}}
{"ts":1676406671254995092,"type":"gauge","name":"runtime.MemStats.BuckHashSys","measures":{"value":1523989}}
{"ts":1676406671311016175,"type":"gauge","name":"runtime.MemStats.DebugGC","measures":{"value":0}}
{"ts":1676406671318364383,"type":"gauge","name":"runtime.MemStats.HeapAlloc","measures":{"value":38094664}}
{"ts":1676406675570322052,"type":"gauge","name":"runtime.MemStats.HeapIdle","measures":{"value":21323776}}
{"ts":1676406675596806052,"type":"histogram","name":"runtime.MemStats.PauseNs","measures":{"count":6,"max":35618083,"mean":10994382,"min":32375,"p50":4025771,"p75":25503114.25,"p95":35618083,"p99":35618083,"p999":35618083,"p9999":35618083,"stddev":13429634.887279823,"variance":180355093205643.34}}
{"ts":1676406675619436135,"type":"gauge","name":"runtime.MemStats.TotalAlloc","measures":{"value":105185368}}
{"ts":1676406675633413510,"type":"gauge","name":"runtime.NumCgoCall","measures":{"value":0}}
{"ts":1676406675655328385,"type":"gauge","name":"runtime.MemStats.HeapObjects","measures":{"value":726599}}
{"ts":1676406675673098844,"type":"gauge","name":"runtime.MemStats.NextGC","measures":{"value":58831344}}
{"ts":1676406675686981552,"type":"gauge","name":"runtime.MemStats.Frees","measures":{"value":1749}}
{"ts":1676406675710914844,"type":"gauge","name":"runtime.MemStats.EnableGC","measures":{"value":1}}
{"ts":1676406675720911594,"type":"gauge","name":"runtime.MemStats.NumGC","measures":{"value":0}}
{"ts":1676406675747012135,"type":"gauge","name":"runtime.NumGoroutine","measures":{"value":418}}
{"ts":1676406675767820635,"type":"gauge","name":"runtime.NumThread","measures":{"value":17}}
{"ts":1676406675796654594,"type":"timer","name":"runtime.ReadMemStats","measures":{"count":22,"m1":0.16524521130991096,"m15":0.022023645802395325,"m5":0.05906238205625731,"max":151108000,"mean":17314553,"meanrate":0.19997699513006098,"min":392917,"p50":3020458.5,"p75":10666666.75,"p95":141946543.74999994,"p99":151108000,"p999":151108000,"p9999":151108000,"stddev":35592326.13017645,"variance":1266813679356841.2}}
{"ts":1676406675811639219,"type":"gauge","name":"runtime.MemStats.StackInuse","measures":{"value":5931008}}
{"ts":1676406675827914469,"type":"gauge","name":"runtime.MemStats.BuckHashSys","measures":{"value":1523989}}
{"ts":1676406675847881677,"type":"gauge","name":"runtime.MemStats.DebugGC","measures":{"value":0}}
{"ts":1676406675864459052,"type":"gauge","name":"runtime.MemStats.HeapAlloc","measures":{"value":39319120}}
{"ts":1676406675888810885,"type":"gauge","name":"runtime.MemStats.MCacheInuse","measures":{"value":9600}}
{"ts":1676406675911832552,"type":"gauge","name":"runtime.MemStats.MSpanSys","measures":{"value":995520}}
{"ts":1676406675932847719,"type":"gauge","name":"runtime.MemStats.HeapSys","measures":{"value":69566464}}
{"ts":1676406675941718510,"type":"gauge","name":"runtime.MemStats.Lookups","measures":{"value":0}}
{"ts":1676406675969357344,"type":"gauge","name":"runtime.MemStats.Mallocs","measures":{"value":20321}}
{"ts":1676406675990772760,"type":"gauge","name":"runtime.MemStats.PauseTotalNs","measures":{"value":65966292}}
{"ts":1676406676003504052,"type":"gauge","name":"runtime.MemStats.HeapReleased","measures":{"value":1048576}}
{"ts":1676406676018474094,"type":"gauge","name":"runtime.MemStats.MSpanInuse","measures":{"value":824976}}
{"ts":1676406676039877677,"type":"gauge","name":"runtime.MemStats.Sys","measures":{"value":87720216}}
{"ts":1676406676073015094,"type":"gauge","name":"runtime.MemStats.StackSys","measures":{"value":5931008}}
{"ts":1676406676086996094,"type":"gauge","name":"runtime.MemStats.Alloc","measures":{"value":39319120}}
{"ts":1676406676161683677,"type":"gauge","name":"runtime.MemStats.HeapInuse","measures":{"value":48242688}}
{"ts":1676406676189860969,"type":"gauge","name":"runtime.MemStats.LastGC","measures":{"value":1676406660787694000}}
{"ts":1676406676208613636,"type":"gauge","name":"runtime.MemStats.MCacheSys","measures":{"value":15600}}
{"ts":1676406676237501594,"type":"gauge","name":"runtime.MemStats.GCCPUFraction","measures":{"value":0.005275467543207092}}
{"ts":1676406680568751096,"type":"gauge","name":"runtime.MemStats.HeapIdle","measures":{"value":20160512}}
{"ts":1676406680577123554,"type":"histogram","name":"runtime.MemStats.PauseNs","measures":{"count":6,"max":35618083,"mean":10994382,"min":32375,"p50":4025771,"p75":25503114.25,"p95":35618083,"p99":35618083,"p999":35618083,"p9999":35618083,"stddev":13429634.887279823,"variance":180355093205643.34}}
{"ts":1676406680613814888,"type":"gauge","name":"runtime.MemStats.TotalAlloc","measures":{"value":107090840}}
{"ts":1676406680642905013,"type":"gauge","name":"runtime.NumCgoCall","measures":{"value":0}}
{"ts":1676406680748697179,"type":"gauge","name":"runtime.MemStats.HeapObjects","measures":{"value":762646}}
{"ts":1676406680765117138,"type":"gauge","name":"runtime.MemStats.NextGC","measures":{"value":58831344}}
{"ts":1676406680773024179,"type":"gauge","name":"runtime.MemStats.Frees","measures":{"value":2973}}
{"ts":1676406680802992388,"type":"gauge","name":"runtime.MemStats.EnableGC","measures":{"value":1}}
{"ts":1676406680818031721,"type":"gauge","name":"runtime.MemStats.NumGC","measures":{"value":0}}
{"ts":1676406680861968179,"type":"gauge","name":"runtime.NumGoroutine","measures":{"value":412}}
{"ts":1676406680936595346,"type":"gauge","name":"runtime.NumThread","measures":{"value":17}}
{"ts":1676406681027746013,"type":"timer","name":"runtime.ReadMemStats","measures":{"count":23,"m1":0.16802405078406119,"m15":0.02300966185618439,"m5":0.061391875982711695,"max":151108000,"mean":17011820.608695652,"meanrate":0.19998134838653217,"min":392917,"p50":3036042,"p75":10351708,"p95":138892724.99999994,"p99":151108000,"p999":151108000,"p9999":151108000,"stddev":34838930.17228023,"variance":1213751055549017.5}}
{"ts":1676406681089937096,"type":"gauge","name":"runtime.MemStats.BuckHashSys","measures":{"value":1524309}}
{"ts":1676406681158136013,"type":"gauge","name":"runtime.MemStats.DebugGC","measures":{"value":0}}
{"ts":1676406681170615388,"type":"gauge","name":"runtime.MemStats.HeapAlloc","measures":{"value":41224592}}
{"ts":1676406681199161721,"type":"gauge","name":"runtime.MemStats.MCacheInuse","measures":{"value":9600}}
{"ts":1676406681210816180,"type":"gauge","name":"runtime.MemStats.MSpanSys","measures":{"value":995520}}
{"ts":1676406681225489888,"type":"gauge","name":"runtime.MemStats.StackInuse","measures":{"value":5931008}}
{"ts":1676406681245895721,"type":"gauge","name":"runtime.MemStats.HeapSys","measures":{"value":69566464}}
{"ts":1676406681261029096,"type":"gauge","name":"runtime.MemStats.Lookups","measures":{"value":0}}
{"ts":1676406681300463596,"type":"gauge","name":"runtime.MemStats.Mallocs","measures":{"value":39020}}
{"ts":1676406681373657180,"type":"gauge","name":"runtime.MemStats.PauseTotalNs","measures":{"value":65966292}}
{"ts":1676406681381902096,"type":"gauge","name":"runtime.MemStats.HeapReleased","measures":{"value":1048576}}
{"ts":1676406681387809930,"type":"gauge","name":"runtime.MemStats.MSpanInuse","measures":{"value":833680}}
{"ts":1676406681396155055,"type":"gauge","name":"runtime.MemStats.Sys","measures":{"value":87720216}}
{"ts":1676406681436347388,"type":"gauge","name":"runtime.MemStats.Alloc","measures":{"value":41224592}}
{"ts":1676406681461886763,"type":"gauge","name":"runtime.MemStats.HeapInuse","measures":{"value":49405952}}
{"ts":1676406681479954471,"type":"gauge","name":"runtime.MemStats.LastGC","measures":{"value":1676406660787694000}}
{"ts":1676406681520790471,"type":"gauge","name":"runtime.MemStats.MCacheSys","measures":{"value":15600}}
{"ts":1676406681548709555,"type":"gauge","name":"runtime.MemStats.GCCPUFraction","measures":{"value":0.005275467543207092}}
{"ts":1676406681638169388,"type":"gauge","name":"runtime.MemStats.StackSys","measures":{"value":5931008}}
