{"level":"info","ts":1674150514258468512,"msg":"br","From":"12D3KooWRFC9qu1UyqfS5fdVjNJBEHDon7m1Ha9fVyNGxfXdD77B","To":"12D3KooWB1b3qZxWJanuhtseF3DmPggHCtG36KZ9ixkqHtdKH9fh"}
{"level":"info","ts":1674150514344798887,"msg":"br","From":"12D3KooWRFC9qu1UyqfS5fdVjNJBEHDon7m1Ha9fVyNGxfXdD77B","To":"12D3KooWEuk3nU2BCEx3AMKnCFLEG7yXAt1q7gcstxCTJZMfTwkV"}
{"level":"info","ts":1674150514492432512,"msg":"br","From":"12D3KooWRFC9qu1UyqfS5fdVjNJBEHDon7m1Ha9fVyNGxfXdD77B","To":"12D3KooWCv935r3ropYhUe5yMCp9QiUoc9A6cZpYQ5x84DqEPbwb"}
{"level":"info","ts":1674150514630598512,"msg":"br","From":"12D3KooWRFC9qu1UyqfS5fdVjNJBEHDon7m1Ha9fVyNGxfXdD77B","To":"12D3KooWCR2EoapJjoQVR4E3NLjWn818gG3XizQ92Yx6C424HL2g"}
{"level":"info","ts":1674150514709953554,"msg":"br","From":"12D3KooWRFC9qu1UyqfS5fdVjNJBEHDon7m1Ha9fVyNGxfXdD77B","To":"12D3KooWHAFEHoQDaEe95P9y2w8Zh2tqb8QbF4gUmhmmWT1XNeTC"}
{"level":"info","ts":1674150514991951137,"msg":"br","From":"12D3KooWRFC9qu1UyqfS5fdVjNJBEHDon7m1Ha9fVyNGxfXdD77B","To":"12D3KooWPgam4TzSVCRa4AbhxQnM9abCYR4E9hV57SN7eAjEYn1j"}
{"level":"info","ts":1674150524711576044,"msg":"ar","From":"12D3KooWRFC9qu1UyqfS5fdVjNJBEHDon7m1Ha9fVyNGxfXdD77B","To":"12D3KooWB1b3qZxWJanuhtseF3DmPggHCtG36KZ9ixkqHtdKH9fh"}
{"level":"info","ts":1674150524727544336,"msg":"ar","From":"12D3KooWRFC9qu1UyqfS5fdVjNJBEHDon7m1Ha9fVyNGxfXdD77B","To":"12D3KooWHFfn6pWFnJpUJM6EQKry7WKB7y9E8yMzpE6dnvftD8Uc"}
{"level":"info","ts":1674150524747494961,"msg":"ar","From":"12D3KooWRFC9qu1UyqfS5fdVjNJBEHDon7m1Ha9fVyNGxfXdD77B","To":"12D3KooWEuk3nU2BCEx3AMKnCFLEG7yXAt1q7gcstxCTJZMfTwkV"}
{"level":"info","ts":1674150524896115878,"msg":"ar","From":"12D3KooWRFC9qu1UyqfS5fdVjNJBEHDon7m1Ha9fVyNGxfXdD77B","To":"12D3KooWQ3XvwCaYCPy5oXzUiSVQWoBJTkSjkVnMDaDrvCDNpTtZ"}
{"level":"info","ts":1674150524967584420,"msg":"ar","From":"12D3KooWRFC9qu1UyqfS5fdVjNJBEHDon7m1Ha9fVyNGxfXdD77B","To":"12D3KooWCUD1fJhtHsV93H6zZCwPZq5WBLsNTSWUW86EDykHrUgd"}
{"level":"info","ts":1674150525003392795,"msg":"ar","From":"12D3KooWRFC9qu1UyqfS5fdVjNJBEHDon7m1Ha9fVyNGxfXdD77B","To":"12D3KooWCv935r3ropYhUe5yMCp9QiUoc9A6cZpYQ5x84DqEPbwb"}
{"level":"info","ts":1674150525010136253,"msg":"ar","From":"12D3KooWRFC9qu1UyqfS5fdVjNJBEHDon7m1Ha9fVyNGxfXdD77B","To":"12D3KooWB224kvi7vN34xJfsfW7bnv6eodxTkgo9VFA6UiaGMgRD"}
{"level":"info","ts":1674150525023210420,"msg":"ar","From":"12D3KooWRFC9qu1UyqfS5fdVjNJBEHDon7m1Ha9fVyNGxfXdD77B","To":"12D3KooWCR2EoapJjoQVR4E3NLjWn818gG3XizQ92Yx6C424HL2g"}
{"level":"info","ts":1674150525050628503,"msg":"ar","From":"12D3KooWRFC9qu1UyqfS5fdVjNJBEHDon7m1Ha9fVyNGxfXdD77B","To":"12D3KooWHAFEHoQDaEe95P9y2w8Zh2tqb8QbF4gUmhmmWT1XNeTC"}
{"level":"info","ts":1674150525076376711,"msg":"ar","From":"12D3KooWRFC9qu1UyqfS5fdVjNJBEHDon7m1Ha9fVyNGxfXdD77B","To":"12D3KooWPZk9oAqaXNcWic2xpa2UKPwcuxt2hRk4sdrYL7YeapCL"}
{"level":"info","ts":1674150525111383961,"msg":"ar","From":"12D3KooWRFC9qu1UyqfS5fdVjNJBEHDon7m1Ha9fVyNGxfXdD77B","To":"12D3KooWPgam4TzSVCRa4AbhxQnM9abCYR4E9hV57SN7eAjEYn1j"}
{"level":"info","ts":1674150531044759172,"msg":"at","From":"12D3KooWRFC9qu1UyqfS5fdVjNJBEHDon7m1Ha9fVyNGxfXdD77B","To":"12D3KooWPgam4TzSVCRa4AbhxQnM9abCYR4E9hV57SN7eAjEYn1j"}
{"level":"info","ts":1674150531101199173,"msg":"at","From":"12D3KooWRFC9qu1UyqfS5fdVjNJBEHDon7m1Ha9fVyNGxfXdD77B","To":"12D3KooWB1b3qZxWJanuhtseF3DmPggHCtG36KZ9ixkqHtdKH9fh"}
{"level":"info","ts":1674150531144449923,"msg":"at","From":"12D3KooWRFC9qu1UyqfS5fdVjNJBEHDon7m1Ha9fVyNGxfXdD77B","To":"12D3KooWEuk3nU2BCEx3AMKnCFLEG7yXAt1q7gcstxCTJZMfTwkV"}
{"level":"info","ts":1674150531178466798,"msg":"at","From":"12D3KooWRFC9qu1UyqfS5fdVjNJBEHDon7m1Ha9fVyNGxfXdD77B","To":"12D3KooWCv935r3ropYhUe5yMCp9QiUoc9A6cZpYQ5x84DqEPbwb"}
{"level":"info","ts":1674150531185273298,"msg":"at","From":"12D3KooWRFC9qu1UyqfS5fdVjNJBEHDon7m1Ha9fVyNGxfXdD77B","To":"12D3KooWCR2EoapJjoQVR4E3NLjWn818gG3XizQ92Yx6C424HL2g"}
{"level":"info","ts":1674150531228191131,"msg":"at","From":"12D3KooWRFC9qu1UyqfS5fdVjNJBEHDon7m1Ha9fVyNGxfXdD77B","To":"12D3KooWHAFEHoQDaEe95P9y2w8Zh2tqb8QbF4gUmhmmWT1XNeTC"}
{"level":"info","ts":1674150532329692423,"msg":"ab","From":"12D3KooWRFC9qu1UyqfS5fdVjNJBEHDon7m1Ha9fVyNGxfXdD77B","To":"12D3KooWCv935r3ropYhUe5yMCp9QiUoc9A6cZpYQ5x84DqEPbwb"}
{"level":"info","ts":1674150532365287256,"msg":"ab","From":"12D3KooWRFC9qu1UyqfS5fdVjNJBEHDon7m1Ha9fVyNGxfXdD77B","To":"12D3KooWCR2EoapJjoQVR4E3NLjWn818gG3XizQ92Yx6C424HL2g"}
{"level":"info","ts":1674150532387536465,"msg":"ab","From":"12D3KooWRFC9qu1UyqfS5fdVjNJBEHDon7m1Ha9fVyNGxfXdD77B","To":"12D3KooWHAFEHoQDaEe95P9y2w8Zh2tqb8QbF4gUmhmmWT1XNeTC"}
{"level":"info","ts":1674150532391435298,"msg":"ab","From":"12D3KooWRFC9qu1UyqfS5fdVjNJBEHDon7m1Ha9fVyNGxfXdD77B","To":"12D3KooWPgam4TzSVCRa4AbhxQnM9abCYR4E9hV57SN7eAjEYn1j"}
{"level":"info","ts":1674150532408385173,"msg":"ab","From":"12D3KooWRFC9qu1UyqfS5fdVjNJBEHDon7m1Ha9fVyNGxfXdD77B","To":"12D3KooWB1b3qZxWJanuhtseF3DmPggHCtG36KZ9ixkqHtdKH9fh"}
{"level":"info","ts":1674150532431897298,"msg":"ab","From":"12D3KooWRFC9qu1UyqfS5fdVjNJBEHDon7m1Ha9fVyNGxfXdD77B","To":"12D3KooWEuk3nU2BCEx3AMKnCFLEG7yXAt1q7gcstxCTJZMfTwkV"}
{"level":"info","ts":1674150670932255918,"msg":"after_provide","From":"12D3KooWRFC9qu1UyqfS5fdVjNJBEHDon7m1Ha9fVyNGxfXdD77B","To":"12D3KooWPp1Xz8oHjyrMTi6fPeQAuEqpDGvv36EvHrjHqXUnEJvw"}
{"level":"info","ts":1674150670963648126,"msg":"after_provide","From":"12D3KooWRFC9qu1UyqfS5fdVjNJBEHDon7m1Ha9fVyNGxfXdD77B","To":"12D3KooWGCvi3KESxsfJqabtDpZTviCeycABxLRtCPR7aQAdAwir"}
{"level":"info","ts":1674150671002582334,"msg":"after_provide","From":"12D3KooWRFC9qu1UyqfS5fdVjNJBEHDon7m1Ha9fVyNGxfXdD77B","To":"12D3KooWQYz2inBsgiBoqNtmEn1qeRBr9B8cdishFuBgiARcfMcY"}
{"level":"info","ts":1674150671032169584,"msg":"after_provide","From":"12D3KooWRFC9qu1UyqfS5fdVjNJBEHDon7m1Ha9fVyNGxfXdD77B","To":"12D3KooWQ3XvwCaYCPy5oXzUiSVQWoBJTkSjkVnMDaDrvCDNpTtZ"}
{"level":"info","ts":1674150671057263626,"msg":"after_provide","From":"12D3KooWRFC9qu1UyqfS5fdVjNJBEHDon7m1Ha9fVyNGxfXdD77B","To":"12D3KooWCUD1fJhtHsV93H6zZCwPZq5WBLsNTSWUW86EDykHrUgd"}
{"level":"info","ts":1674150671080503584,"msg":"after_provide","From":"12D3KooWRFC9qu1UyqfS5fdVjNJBEHDon7m1Ha9fVyNGxfXdD77B","To":"12D3KooWCv935r3ropYhUe5yMCp9QiUoc9A6cZpYQ5x84DqEPbwb"}
{"level":"info","ts":1674150671110122168,"msg":"after_provide","From":"12D3KooWRFC9qu1UyqfS5fdVjNJBEHDon7m1Ha9fVyNGxfXdD77B","To":"12D3KooWBHDsBRbrf52fh6czkYXYY3tTk4fSfen3ZWvYEzFeHM2g"}
{"level":"info","ts":1674150671159617876,"msg":"after_provide","From":"12D3KooWRFC9qu1UyqfS5fdVjNJBEHDon7m1Ha9fVyNGxfXdD77B","To":"12D3KooWCR2EoapJjoQVR4E3NLjWn818gG3XizQ92Yx6C424HL2g"}
{"level":"info","ts":1674150671195248501,"msg":"after_provide","From":"12D3KooWRFC9qu1UyqfS5fdVjNJBEHDon7m1Ha9fVyNGxfXdD77B","To":"12D3KooWKwfWu3TQuPNRUfEjEYSANNDYvq2D2GuYdysyHcGHB58t"}
