{"ts":1675464753753852259,"type":"point","name":"bandwidth-total-in|cypress-provider|9|0","measures":{"value":187983}}
{"ts":1675464753758267009,"type":"point","name":"bandwidth-total-out|cypress-provider|9|0","measures":{"value":205197}}
{"ts":1675464753761580634,"type":"point","name":"bandwidth-rate-in|cypress-provider|9|0","measures":{"value":0.35781600759603066}}
{"ts":1675464753767295717,"type":"point","name":"bandwidth-rate-out|cypress-provider|9|0","measures":{"value":0.6474560280462136}}
{"ts":1675464772544917878,"type":"point","name":"signal bootstrapping0","measures":{"value":45703958}}
{"ts":1675464772634625670,"type":"point","name":"barrierbootstrapping0","measures":{"value":69471458}}
{"ts":1675464772732089337,"type":"point","name":"full bootstrapping0","measures":{"value":37654180351}}
{"ts":1675464773755814671,"type":"point","name":"bandwidth-total-in|cypress-provider|9|1","measures":{"value":217441}}
{"ts":1675464773772820087,"type":"point","name":"bandwidth-total-out|cypress-provider|9|1","measures":{"value":235612}}
{"ts":1675464773784154671,"type":"point","name":"bandwidth-rate-in|cypress-provider|9|1","measures":{"value":127.28375916762765}}
{"ts":1675464773806149587,"type":"point","name":"bandwidth-rate-out|cypress-provider|9|1","measures":{"value":167.9800086950763}}
{"ts":1675464793752890055,"type":"point","name":"bandwidth-total-in|cypress-provider|9|2","measures":{"value":608092}}
{"ts":1675464793803196555,"type":"point","name":"bandwidth-total-out|cypress-provider|9|2","measures":{"value":618952}}
{"ts":1675464793857733514,"type":"point","name":"bandwidth-rate-in|cypress-provider|9|2","measures":{"value":6449.146734516695}}
{"ts":1675464793871751639,"type":"point","name":"bandwidth-rate-out|cypress-provider|9|2","measures":{"value":19873.150452528756}}
{"ts":1675464813755502009,"type":"point","name":"bandwidth-total-in|cypress-provider|9|3","measures":{"value":827215}}
{"ts":1675464813781138800,"type":"point","name":"bandwidth-total-out|cypress-provider|9|3","measures":{"value":1126674}}
{"ts":1675464813797547217,"type":"point","name":"bandwidth-rate-in|cypress-provider|9|3","measures":{"value":8652.488512744992}}
{"ts":1675464813840189050,"type":"point","name":"bandwidth-rate-out|cypress-provider|9|3","measures":{"value":26647.734851886205}}
{"ts":1675464815163337509,"type":"point","name":"time-to-provide-8","measures":{"value":41032482018}}
{"ts":1675464815333575676,"type":"point","name":"time-to-provide-12","measures":{"value":41197216311}}
{"ts":1675464816392943260,"type":"point","name":"time-to-provide-0","measures":{"value":42591580519}}
{"ts":1675464816424452010,"type":"point","name":"time-to-provide-4","measures":{"value":42473851478}}
{"ts":1675464816517310093,"type":"point","name":"time-to-provide-3","measures":{"value":42566955770}}
{"ts":1675464816649237260,"type":"point","name":"time-to-provide-5","measures":{"value":42697767853}}
{"ts":1675464818123928719,"type":"point","name":"time-to-provide-19","measures":{"value":44322910479}}
{"ts":1675464818168199844,"type":"point","name":"time-to-provide-2","measures":{"value":44306628396}}
{"ts":1675464818273244636,"type":"point","name":"time-to-provide-18","measures":{"value":43874965270}}
{"ts":1675464818912166636,"type":"point","name":"time-to-provide-1","measures":{"value":45050848813}}
{"ts":1675464820031579512,"type":"point","name":"time-to-provide-6","measures":{"value":46037482396}}
{"ts":1675464820120291845,"type":"point","name":"time-to-provide-9","measures":{"value":45988687480}}
{"ts":1675464820170040720,"type":"point","name":"time-to-provide-7","measures":{"value":46164479313}}
{"ts":1675464821289425012,"type":"point","name":"time-to-provide-17","measures":{"value":47152780396}}
{"ts":1675464821396904471,"type":"point","name":"time-to-provide-14","measures":{"value":47260411189}}
{"ts":1675464821511990304,"type":"point","name":"time-to-provide-15","measures":{"value":47375400480}}
{"ts":1675464821754515846,"type":"point","name":"time-to-provide-11","measures":{"value":47618274022}}
{"ts":1675464822432242263,"type":"point","name":"time-to-provide-13","measures":{"value":48295812648}}
{"ts":1675464823732530389,"type":"point","name":"time-to-provide-10","measures":{"value":49596415815}}
{"ts":1675464824084897472,"type":"point","name":"time-to-provide-16","measures":{"value":49948273148}}
{"ts":1675464824195413097,"type":"point","name":"signal provider-records1","measures":{"value":82289083}}
{"ts":1675464826057689959,"type":"point","name":"barrierprovider-records1","measures":{"value":1823382834}}
{"ts":1675464826302615750,"type":"point","name":"full provider-records1","measures":{"value":52564295940}}
{"ts":1675464828584277252,"type":"point","name":"time-to-find-first|cypress-provider|5","measures":{"value":56089666}}
{"ts":1675464828682480668,"type":"point","name":"time-to-find-first|cypress-provider|8","measures":{"value":152125334}}
{"ts":1675464828904382502,"type":"point","name":"time-to-find-first|cypress-provider|6","measures":{"value":373912875}}
{"ts":1675464828912141002,"type":"point","name":"time-to-find-first|cypress-provider|7","measures":{"value":381470750}}
{"ts":1675464828912183127,"type":"point","name":"time-to-find-first|cypress-provider|10","measures":{"value":381091708}}
{"ts":1675464828914587502,"type":"point","name":"time-to-find-first|cypress-provider|9","measures":{"value":383334375}}
{"ts":1675464829157437002,"type":"point","name":"time-to-find-first|cypress-provider|4","measures":{"value":626068333}}
{"ts":1675464829218061627,"type":"point","name":"time-to-find-first|cypress-provider|19","measures":{"value":683071500}}
{"ts":1675464829665735669,"type":"point","name":"time-to-find-first|cypress-provider|11","measures":{"value":1130659001}}
{"ts":1675464829680322502,"type":"point","name":"time-to-find-first|cypress-provider|12","measures":{"value":1145105125}}
{"ts":1675464830293096669,"type":"point","name":"time-to-find-first|cypress-provider|0","measures":{"value":1735387084}}
{"ts":1675464830293268086,"type":"point","name":"time-to-find-first|cypress-provider|13","measures":{"value":1757578001}}
{"ts":1675464830294089127,"type":"point","name":"time-to-find-first|cypress-provider|1","measures":{"value":1735634876}}
{"ts":1675464830294395794,"type":"point","name":"time-to-find-first|cypress-provider|2","measures":{"value":1735783334}}
{"ts":1675464830396547336,"type":"point","name":"time-to-find-first|cypress-provider|3","measures":{"value":1837863251}}
{"ts":1675464830397392502,"type":"point","name":"time-to-find-first|cypress-provider|15","measures":{"value":1838165834}}
{"ts":1675464830400703127,"type":"point","name":"time-to-find-first|cypress-provider|16","measures":{"value":1841420584}}
{"ts":1675464830401467669,"type":"point","name":"time-to-find-first|cypress-provider|17","measures":{"value":1842106001}}
{"ts":1675464830847132794,"type":"point","name":"time-to-find-first|cypress-provider|18","measures":{"value":2287702876}}
{"ts":1675464830848152544,"type":"point","name":"time-to-find-first|cypress-provider|14","measures":{"value":2197602834}}
{"ts":1675464833763233337,"type":"point","name":"bandwidth-total-in|cypress-provider|9|4","measures":{"value":986157}}
{"ts":1675464833791238046,"type":"point","name":"bandwidth-total-out|cypress-provider|9|4","measures":{"value":1231409}}
{"ts":1675464834012432379,"type":"point","name":"bandwidth-rate-in|cypress-provider|9|4","measures":{"value":23326.603160633313}}
{"ts":1675464834109380004,"type":"point","name":"bandwidth-rate-out|cypress-provider|9|4","measures":{"value":12635.037698554703}}
{"ts":1675464853755369639,"type":"point","name":"bandwidth-total-in|cypress-provider|9|5","measures":{"value":1209793}}
{"ts":1675464853791696805,"type":"point","name":"bandwidth-total-out|cypress-provider|9|5","measures":{"value":1387092}}
{"ts":1675464853814172764,"type":"point","name":"bandwidth-rate-in|cypress-provider|9|5","measures":{"value":4684.19806053539}}
{"ts":1675464853882980722,"type":"point","name":"bandwidth-rate-out|cypress-provider|9|5","measures":{"value":3715.022563740486}}
{"ts":1675464873885053842,"type":"point","name":"bandwidth-total-in|cypress-provider|9|6","measures":{"value":1344011}}
{"ts":1675464874026326717,"type":"point","name":"bandwidth-total-out|cypress-provider|9|6","measures":{"value":1707676}}
{"ts":1675464874050424342,"type":"point","name":"bandwidth-rate-in|cypress-provider|9|6","measures":{"value":6865.427423076067}}
{"ts":1675464874087430217,"type":"point","name":"bandwidth-rate-out|cypress-provider|9|6","measures":{"value":14036.740235131481}}
{"ts":1675464893777536754,"type":"point","name":"bandwidth-total-in|cypress-provider|9|7","measures":{"value":1486089}}
{"ts":1675464893828589337,"type":"point","name":"bandwidth-total-out|cypress-provider|9|7","measures":{"value":1962194}}
{"ts":1675464893868529796,"type":"point","name":"bandwidth-rate-in|cypress-provider|9|7","measures":{"value":4232.689387121176}}
{"ts":1675464893962597921,"type":"point","name":"bandwidth-rate-out|cypress-provider|9|7","measures":{"value":20660.08444187082}}
{"ts":1675464893829748379,"type":"point","name":"num-hops|cypress-provider|10","measures":{"value":2}}
{"ts":1675464894051803837,"type":"point","name":"time-to-find-last|done|cypress-provider|10","measures":{"value":930395917}}
{"ts":1675464894075915671,"type":"point","name":"time-to-find|done|cypress-provider|10","measures":{"value":65542405321}}
{"ts":1675464894124612837,"type":"point","name":"peers-found|done|cypress-provider|10","measures":{"value":40}}
{"ts":1675464894138726212,"type":"point","name":"peers-missing|done|cypress-provider|10","measures":{"value":0}}
{"ts":1675464895330306338,"type":"point","name":"num-hops|cypress-provider|18","measures":{"value":4}}
{"ts":1675464895388051130,"type":"point","name":"time-to-find-last|done|cypress-provider|18","measures":{"value":2337195793}}
{"ts":1675464895417525088,"type":"point","name":"time-to-find|done|cypress-provider|18","measures":{"value":66855677072}}
{"ts":1675464895447163046,"type":"point","name":"peers-found|done|cypress-provider|18","measures":{"value":40}}
{"ts":1675464895527395380,"type":"point","name":"peers-missing|done|cypress-provider|18","measures":{"value":0}}
{"ts":1675464899467828007,"type":"point","name":"num-hops|cypress-provider|3","measures":{"value":2}}
{"ts":1675464899489585132,"type":"point","name":"time-to-find-last|done|cypress-provider|3","measures":{"value":2192005793}}
{"ts":1675464899514145257,"type":"point","name":"time-to-find|done|cypress-provider|3","measures":{"value":70953050240}}
{"ts":1675464899535103507,"type":"point","name":"peers-found|done|cypress-provider|3","measures":{"value":40}}
{"ts":1675464899550840257,"type":"point","name":"peers-missing|done|cypress-provider|3","measures":{"value":0}}
{"ts":1675464899904875632,"type":"point","name":"num-hops|cypress-provider|11","measures":{"value":1}}
{"ts":1675464899934547590,"type":"point","name":"time-to-find-last|done|cypress-provider|11","measures":{"value":1388624334}}
{"ts":1675464899970166674,"type":"point","name":"time-to-find|done|cypress-provider|11","measures":{"value":71432678158}}
{"ts":1675464900040881090,"type":"point","name":"peers-found|done|cypress-provider|11","measures":{"value":40}}
{"ts":1675464900069616674,"type":"point","name":"peers-missing|done|cypress-provider|11","measures":{"value":0}}
{"ts":1675464899976499549,"type":"point","name":"num-hops|cypress-provider|13","measures":{"value":2}}
{"ts":1675464900121025715,"type":"point","name":"time-to-find-last|done|cypress-provider|13","measures":{"value":1931867834}}
{"ts":1675464900159873840,"type":"point","name":"time-to-find|done|cypress-provider|13","measures":{"value":71621768699}}
{"ts":1675464900202313632,"type":"point","name":"peers-found|done|cypress-provider|13","measures":{"value":40}}
{"ts":1675464900246541507,"type":"point","name":"peers-missing|done|cypress-provider|13","measures":{"value":0}}
{"ts":1675464900290876965,"type":"point","name":"num-hops|cypress-provider|5","measures":{"value":3}}
{"ts":1675464900337665924,"type":"point","name":"time-to-find-last|done|cypress-provider|5","measures":{"value":120445083}}
{"ts":1675464900363595757,"type":"point","name":"time-to-find|done|cypress-provider|5","measures":{"value":71832992032}}
{"ts":1675464900454316757,"type":"point","name":"peers-found|done|cypress-provider|5","measures":{"value":21}}
{"ts":1675464900474065382,"type":"point","name":"peers-missing|done|cypress-provider|5","measures":{"value":19}}
{"ts":1675464900337512424,"type":"point","name":"num-hops|cypress-provider|8","measures":{"value":1}}
{"ts":1675464900522150507,"type":"point","name":"time-to-find-last|done|cypress-provider|8","measures":{"value":211806750}}
{"ts":1675464900555122841,"type":"point","name":"time-to-find|done|cypress-provider|8","measures":{"value":72022357075}}
{"ts":1675464900602115716,"type":"point","name":"peers-found|done|cypress-provider|8","measures":{"value":40}}
{"ts":1675464900633527174,"type":"point","name":"peers-missing|done|cypress-provider|8","measures":{"value":0}}
{"ts":1675464900558766632,"type":"point","name":"num-hops|cypress-provider|4","measures":{"value":2}}
{"ts":1675464900684866841,"type":"point","name":"time-to-find-last|done|cypress-provider|4","measures":{"value":1292253584}}
{"ts":1675464900694940257,"type":"point","name":"time-to-find|done|cypress-provider|4","measures":{"value":72161154033}}
{"ts":1675464900709051132,"type":"point","name":"peers-found|done|cypress-provider|4","measures":{"value":21}}
{"ts":1675464900754875424,"type":"point","name":"peers-missing|done|cypress-provider|4","measures":{"value":19}}
{"ts":1675464900503086257,"type":"point","name":"num-hops|cypress-provider|19","measures":{"value":2}}
{"ts":1675464900806855007,"type":"point","name":"time-to-find-last|done|cypress-provider|19","measures":{"value":1334636792}}
{"ts":1675464900823696549,"type":"point","name":"time-to-find|done|cypress-provider|19","measures":{"value":72286287407}}
{"ts":1675464900845799174,"type":"point","name":"peers-found|done|cypress-provider|19","measures":{"value":21}}
{"ts":1675464900858999716,"type":"point","name":"peers-missing|done|cypress-provider|19","measures":{"value":19}}
{"ts":1675464900717085591,"type":"point","name":"num-hops|cypress-provider|1","measures":{"value":1}}
{"ts":1675464900892881549,"type":"point","name":"time-to-find-last|done|cypress-provider|1","measures":{"value":1735634876}}
{"ts":1675464900944551466,"type":"point","name":"time-to-find|done|cypress-provider|1","measures":{"value":72383677866}}
{"ts":1675464900421141715,"type":"point","name":"num-hops|cypress-provider|9","measures":{"value":2}}
{"ts":1675464901021145716,"type":"point","name":"num-hops|cypress-provider|6","measures":{"value":3}}
{"ts":1675464901041504549,"type":"point","name":"time-to-find-last|done|cypress-provider|6","measures":{"value":373912875}}
{"ts":1675464901060859341,"type":"point","name":"time-to-find|done|cypress-provider|6","measures":{"value":72527972158}}
{"ts":1675464901079881091,"type":"point","name":"peers-found|done|cypress-provider|6","measures":{"value":1}}
{"ts":1675464900980596216,"type":"point","name":"peers-found|done|cypress-provider|1","measures":{"value":1}}
{"ts":1675464901180749758,"type":"point","name":"peers-missing|done|cypress-provider|1","measures":{"value":39}}
{"ts":1675464901021162757,"type":"point","name":"time-to-find-last|done|cypress-provider|9","measures":{"value":979216292}}
{"ts":1675464901271943133,"type":"point","name":"time-to-find|done|cypress-provider|9","measures":{"value":72738274158}}
{"ts":1675464901328810799,"type":"point","name":"peers-found|done|cypress-provider|9","measures":{"value":40}}
{"ts":1675464901382189258,"type":"point","name":"peers-missing|done|cypress-provider|9","measures":{"value":0}}
{"ts":1675464900600529132,"type":"point","name":"num-hops|cypress-provider|12","measures":{"value":3}}
{"ts":1675464901495772258,"type":"point","name":"time-to-find-last|done|cypress-provider|12","measures":{"value":1391163292}}
{"ts":1675464901510876674,"type":"point","name":"time-to-find|done|cypress-provider|12","measures":{"value":72973241616}}
{"ts":1675464901557754258,"type":"point","name":"peers-found|done|cypress-provider|12","measures":{"value":40}}
{"ts":1675464901643394091,"type":"point","name":"peers-missing|done|cypress-provider|12","measures":{"value":0}}
{"ts":1675464900631641549,"type":"point","name":"num-hops|cypress-provider|15","measures":{"value":1}}
{"ts":1675464901766760424,"type":"point","name":"time-to-find-last|done|cypress-provider|15","measures":{"value":1838165834}}
{"ts":1675464901795516383,"type":"point","name":"time-to-find|done|cypress-provider|15","measures":{"value":73233872325}}
{"ts":1675464901849390341,"type":"point","name":"peers-found|done|cypress-provider|15","measures":{"value":1}}
{"ts":1675464901859353633,"type":"point","name":"peers-missing|done|cypress-provider|15","measures":{"value":39}}
{"ts":1675464901948102175,"type":"point","name":"num-hops|cypress-provider|14","measures":{"value":2}}
{"ts":1675464901968078758,"type":"point","name":"time-to-find-last|done|cypress-provider|14","measures":{"value":2197602834}}
{"ts":1675464900699986341,"type":"point","name":"num-hops|cypress-provider|17","measures":{"value":3}}
{"ts":1675464902005705216,"type":"point","name":"time-to-find-last|done|cypress-provider|17","measures":{"value":1842106001}}
{"ts":1675464902073138425,"type":"point","name":"time-to-find|done|cypress-provider|17","measures":{"value":73511359367}}
{"ts":1675464902084712383,"type":"point","name":"peers-found|done|cypress-provider|17","measures":{"value":1}}
{"ts":1675464902107996883,"type":"point","name":"peers-missing|done|cypress-provider|17","measures":{"value":39}}
{"ts":1675464900606486632,"type":"point","name":"num-hops|cypress-provider|0","measures":{"value":1}}
{"ts":1675464902190732925,"type":"point","name":"time-to-find-last|done|cypress-provider|0","measures":{"value":1810396542}}
{"ts":1675464902219977258,"type":"point","name":"time-to-find|done|cypress-provider|0","measures":{"value":73659850325}}
{"ts":1675464902243531841,"type":"point","name":"peers-found|done|cypress-provider|0","measures":{"value":40}}
{"ts":1675464902252638341,"type":"point","name":"peers-missing|done|cypress-provider|0","measures":{"value":0}}
{"ts":1675464902195910675,"type":"point","name":"num-hops|cypress-provider|7","measures":{"value":2}}
{"ts":1675464902306180008,"type":"point","name":"time-to-find-last|done|cypress-provider|7","measures":{"value":743024250}}
{"ts":1675464902353263300,"type":"point","name":"time-to-find|done|cypress-provider|7","measures":{"value":73820102742}}
{"ts":1675464902362800008,"type":"point","name":"peers-found|done|cypress-provider|7","measures":{"value":40}}
{"ts":1675464902421652258,"type":"point","name":"peers-missing|done|cypress-provider|7","measures":{"value":0}}
{"ts":1675464901982449633,"type":"point","name":"time-to-find|done|cypress-provider|14","measures":{"value":73329481533}}
{"ts":1675464901144678758,"type":"point","name":"peers-missing|done|cypress-provider|6","measures":{"value":39}}
{"ts":1675464900982170966,"type":"point","name":"num-hops|cypress-provider|2","measures":{"value":2}}
{"ts":1675464902556190592,"type":"point","name":"time-to-find-last|done|cypress-provider|2","measures":{"value":2150901876}}
{"ts":1675464902589033092,"type":"point","name":"time-to-find|done|cypress-provider|2","measures":{"value":74028001659}}
{"ts":1675464902617858342,"type":"point","name":"peers-found|done|cypress-provider|2","measures":{"value":40}}
{"ts":1675464902676935258,"type":"point","name":"peers-missing|done|cypress-provider|2","measures":{"value":0}}
{"ts":1675464902478781550,"type":"point","name":"peers-found|done|cypress-provider|14","measures":{"value":1}}
{"ts":1675464902766884467,"type":"point","name":"peers-missing|done|cypress-provider|14","measures":{"value":39}}
{"ts":1675464902771473383,"type":"point","name":"num-hops|cypress-provider|16","measures":{"value":2}}
{"ts":1675464902798614050,"type":"point","name":"time-to-find-last|done|cypress-provider|16","measures":{"value":2290414917}}
{"ts":1675464902833657342,"type":"point","name":"time-to-find|done|cypress-provider|16","measures":{"value":74271957533}}
{"ts":1675464902860913133,"type":"point","name":"peers-found|done|cypress-provider|16","measures":{"value":40}}
{"ts":1675464902885620508,"type":"point","name":"peers-missing|done|cypress-provider|16","measures":{"value":0}}
{"ts":1675464903004763342,"type":"point","name":"signal provider-records2","measures":{"value":59824333}}
{"ts":1675464910049153970,"type":"point","name":"barrierprovider-records2","measures":{"value":7006262795}}
{"ts":1675464910286891804,"type":"point","name":"full provider-records2","measures":{"value":81758012954}}
{"ts":1675464913820065139,"type":"point","name":"bandwidth-total-in|cypress-provider|9|8","measures":{"value":1497561}}
{"ts":1675464913853517139,"type":"point","name":"bandwidth-total-out|cypress-provider|9|8","measures":{"value":2106804}}
{"ts":1675464913936168972,"type":"point","name":"bandwidth-rate-in|cypress-provider|9|8","measures":{"value":0.0020194074736110063}}
{"ts":1675464913948121222,"type":"point","name":"bandwidth-rate-out|cypress-provider|9|8","measures":{"value":0.06704534878633402}}
