{"ts":1674521647782952715,"type":"point","name":"bandwidth-total-in|cypress-provider|14|0","measures":{"value":31096}}
{"ts":1674521647819608840,"type":"point","name":"bandwidth-total-out|cypress-provider|14|0","measures":{"value":35539}}
{"ts":1674521647826763174,"type":"point","name":"bandwidth-rate-in|cypress-provider|14|0","measures":{"value":4756.159460983241}}
{"ts":1674521647869130757,"type":"point","name":"bandwidth-rate-out|cypress-provider|14|0","measures":{"value":4693.800142453155}}
{"ts":1674521667796773211,"type":"point","name":"bandwidth-total-in|cypress-provider|14|1","measures":{"value":65457}}
{"ts":1674521667815317044,"type":"point","name":"bandwidth-total-out|cypress-provider|14|1","measures":{"value":71102}}
{"ts":1674521667821099752,"type":"point","name":"bandwidth-rate-in|cypress-provider|14|1","measures":{"value":3346.327780522684}}
{"ts":1674521667829365711,"type":"point","name":"bandwidth-rate-out|cypress-provider|14|1","measures":{"value":1244.3891674693825}}
{"ts":1674521671140815837,"type":"point","name":"signal bootstrapping0","measures":{"value":58840791}}
{"ts":1674521671861784046,"type":"point","name":"barrierbootstrapping0","measures":{"value":714730292}}
{"ts":1674521671968011713,"type":"point","name":"full bootstrapping0","measures":{"value":41107572310}}
{"ts":1674521687805301262,"type":"point","name":"bandwidth-total-in|cypress-provider|14|2","measures":{"value":166381}}
{"ts":1674521687818912262,"type":"point","name":"bandwidth-total-out|cypress-provider|14|2","measures":{"value":181006}}
{"ts":1674521687989828553,"type":"point","name":"bandwidth-rate-in|cypress-provider|14|2","measures":{"value":33147.004905378795}}
{"ts":1674521688021869429,"type":"point","name":"bandwidth-rate-out|cypress-provider|14|2","measures":{"value":32338.479654082843}}
{"ts":1674521694176200750,"type":"point","name":"time-to-provide-4","measures":{"value":18288884217}}
{"ts":1674521696760802002,"type":"point","name":"time-to-provide-5","measures":{"value":20873233343}}
{"ts":1674521701489086879,"type":"point","name":"time-to-provide-1","measures":{"value":25602213471}}
{"ts":1674521706176086506,"type":"point","name":"time-to-provide-11","measures":{"value":29754806848}}
{"ts":1674521707822352382,"type":"point","name":"time-to-provide-16","measures":{"value":31150391265}}
{"ts":1674521709517128091,"type":"point","name":"bandwidth-total-in|cypress-provider|14|3","measures":{"value":223330}}
{"ts":1674521710692709967,"type":"point","name":"bandwidth-total-out|cypress-provider|14|3","measures":{"value":258236}}
{"ts":1674521710742200133,"type":"point","name":"bandwidth-rate-in|cypress-provider|14|3","measures":{"value":2309.1743628895}}
{"ts":1674521712056966426,"type":"point","name":"bandwidth-rate-out|cypress-provider|14|3","measures":{"value":1293.2625298653757}}
{"ts":1674521720926289972,"type":"point","name":"time-to-provide-13","measures":{"value":44259715105}}
{"ts":1674521726772991627,"type":"point","name":"time-to-provide-10","measures":{"value":50657737147}}
{"ts":1674521728043654294,"type":"point","name":"bandwidth-total-in|cypress-provider|14|4","measures":{"value":237673}}
{"ts":1674521728121324544,"type":"point","name":"bandwidth-total-out|cypress-provider|14|4","measures":{"value":272928}}
{"ts":1674521728390912127,"type":"point","name":"bandwidth-rate-in|cypress-provider|14|4","measures":{"value":263.2353436801434}}
{"ts":1674521728400963586,"type":"point","name":"bandwidth-rate-out|cypress-provider|14|4","measures":{"value":810.2746588053102}}
{"ts":1674521734942637131,"type":"point","name":"time-to-provide-15","measures":{"value":58493007818}}
{"ts":1674521743983409302,"type":"point","name":"time-to-provide-8","measures":{"value":67672409073}}
{"ts":1674521746202665678,"type":"point","name":"time-to-provide-6","measures":{"value":70303864241}}
{"ts":1674521746938676261,"type":"point","name":"time-to-provide-18","measures":{"value":70174314574}}
{"ts":1674521746970272095,"type":"point","name":"time-to-provide-14","measures":{"value":70292534032}}
{"ts":1674521747255942345,"type":"point","name":"time-to-provide-12","measures":{"value":70414465116}}
{"ts":1674521747488039012,"type":"point","name":"time-to-provide-3","measures":{"value":71590113949}}
{"ts":1674521747783441387,"type":"point","name":"bandwidth-total-in|cypress-provider|14|5","measures":{"value":245796}}
{"ts":1674521747802555053,"type":"point","name":"bandwidth-total-out|cypress-provider|14|5","measures":{"value":283701}}
{"ts":1674521747825850262,"type":"point","name":"bandwidth-rate-in|cypress-provider|14|5","measures":{"value":1257.606958565595}}
{"ts":1674521747835299887,"type":"point","name":"bandwidth-rate-out|cypress-provider|14|5","measures":{"value":2227.214950558702}}
{"ts":1674521749474218096,"type":"point","name":"time-to-provide-0","measures":{"value":73590695368}}
{"ts":1674521754019473584,"type":"point","name":"time-to-provide-9","measures":{"value":77851494826}}
{"ts":1674521754081028542,"type":"point","name":"time-to-provide-7","measures":{"value":77830386701}}
{"ts":1674521754205300084,"type":"point","name":"time-to-provide-19","measures":{"value":77362971284}}
{"ts":1674521754231826709,"type":"point","name":"time-to-provide-2","measures":{"value":78333110952}}
{"ts":1674521754250995250,"type":"point","name":"time-to-provide-17","measures":{"value":77568716035}}
{"ts":1674521754562772501,"type":"point","name":"signal provider-records1","measures":{"value":193263750}}
{"ts":1674521763054476338,"type":"point","name":"barrierprovider-records1","measures":{"value":8465831504}}
{"ts":1674521763233585630,"type":"point","name":"full provider-records1","measures":{"value":87794726122}}
{"ts":1674521765010223131,"type":"point","name":"time-to-find-first|cypress-provider|19","measures":{"value":256503750}}
{"ts":1674521765317388964,"type":"point","name":"time-to-find-first|cypress-provider|0","measures":{"value":563131250}}
{"ts":1674521766481777840,"type":"point","name":"time-to-find-first|cypress-provider|1","measures":{"value":1727310251}}
{"ts":1674521766496356590,"type":"point","name":"time-to-find-first|cypress-provider|2","measures":{"value":1741735334}}
{"ts":1674521767789238549,"type":"point","name":"time-to-find-first|cypress-provider|12","measures":{"value":3034439793}}
{"ts":1674521768693707716,"type":"point","name":"bandwidth-total-in|cypress-provider|14|6","measures":{"value":250383}}
{"ts":1674521768726448424,"type":"point","name":"bandwidth-total-out|cypress-provider|14|6","measures":{"value":287842}}
{"ts":1674521769176421758,"type":"point","name":"bandwidth-rate-in|cypress-provider|14|6","measures":{"value":337.3511616419856}}
{"ts":1674521769601241174,"type":"point","name":"bandwidth-rate-out|cypress-provider|14|6","measures":{"value":53.834549254388165}}
{"ts":1674521769213688674,"type":"point","name":"time-to-find-first|cypress-provider|3","measures":{"value":4458351710}}
{"ts":1674521770014001216,"type":"point","name":"time-to-find-first|cypress-provider|4","measures":{"value":5258548419}}
{"ts":1674521770014476841,"type":"point","name":"time-to-find-first|cypress-provider|5","measures":{"value":5242964003}}
{"ts":1674521771070559133,"type":"point","name":"time-to-find-first|cypress-provider|8","measures":{"value":6278577586}}
{"ts":1674521771192536175,"type":"point","name":"time-to-find-first|cypress-provider|11","measures":{"value":6398778878}}
{"ts":1674521770014822633,"type":"point","name":"time-to-find-first|cypress-provider|6","measures":{"value":5243114086}}
{"ts":1674521771393738425,"type":"point","name":"time-to-find-first|cypress-provider|17","measures":{"value":6347882336}}
{"ts":1674521771394412050,"type":"point","name":"time-to-find-first|cypress-provider|7","measures":{"value":6622596670}}
{"ts":1674521771765870675,"type":"point","name":"time-to-find-first|cypress-provider|9","measures":{"value":6973275045}}
{"ts":1674521772046909967,"type":"point","name":"time-to-find-first|cypress-provider|10","measures":{"value":7254135712}}
{"ts":1674521772048851884,"type":"point","name":"time-to-find-first|cypress-provider|18","measures":{"value":7254966795}}
{"ts":1674521772623895551,"type":"point","name":"time-to-find-first|cypress-provider|13","measures":{"value":7829912962}}
{"ts":1674521772748553968,"type":"point","name":"time-to-find-first|cypress-provider|14","measures":{"value":7909066754}}
{"ts":1674521773408720260,"type":"point","name":"time-to-find-first|cypress-provider|15","measures":{"value":8455023171}}
{"ts":1674521773415637676,"type":"point","name":"time-to-find-first|cypress-provider|16","measures":{"value":8457982254}}
{"ts":1674521787812621169,"type":"point","name":"bandwidth-total-in|cypress-provider|14|7","measures":{"value":294788}}
{"ts":1674521788626321753,"type":"point","name":"bandwidth-total-out|cypress-provider|14|7","measures":{"value":335981}}
{"ts":1674521789391597670,"type":"point","name":"bandwidth-rate-in|cypress-provider|14|7","measures":{"value":88.50146666725696}}
{"ts":1674521789462929711,"type":"point","name":"bandwidth-rate-out|cypress-provider|14|7","measures":{"value":1769.162656298057}}
{"ts":1674521811290755430,"type":"point","name":"bandwidth-total-in|cypress-provider|14|8","measures":{"value":296594}}
{"ts":1674521811303629347,"type":"point","name":"bandwidth-total-out|cypress-provider|14|8","measures":{"value":346554}}
{"ts":1674521811329108347,"type":"point","name":"bandwidth-rate-in|cypress-provider|14|8","measures":{"value":246.60432621192584}}
{"ts":1674521811371059013,"type":"point","name":"bandwidth-rate-out|cypress-provider|14|8","measures":{"value":5.203943034416057}}
{"ts":1674521827774707715,"type":"point","name":"bandwidth-total-in|cypress-provider|14|9","measures":{"value":308804}}
{"ts":1674521828110895174,"type":"point","name":"bandwidth-total-out|cypress-provider|14|9","measures":{"value":361730}}
{"ts":1674521828677529882,"type":"point","name":"bandwidth-rate-in|cypress-provider|14|9","measures":{"value":2287.767437284221}}
{"ts":1674521828868733716,"type":"point","name":"bandwidth-rate-out|cypress-provider|14|9","measures":{"value":1148.6358895853198}}
{"ts":1674521847970370544,"type":"point","name":"bandwidth-total-in|cypress-provider|14|10","measures":{"value":363396}}
{"ts":1674521847985795127,"type":"point","name":"bandwidth-total-out|cypress-provider|14|10","measures":{"value":405739}}
{"ts":1674521847992971210,"type":"point","name":"bandwidth-rate-in|cypress-provider|14|10","measures":{"value":479.169345341891}}
{"ts":1674521849416466669,"type":"point","name":"bandwidth-rate-out|cypress-provider|14|10","measures":{"value":876.0393819909226}}
{"ts":1674521852138609504,"type":"point","name":"num-hops|cypress-provider|16","measures":{"value":3}}
{"ts":1674521852371954213,"type":"point","name":"time-to-find-last|done|cypress-provider|16","measures":{"value":8457982254}}
{"ts":1674521852899598796,"type":"point","name":"time-to-find|done|cypress-provider|16","measures":{"value":87927839540}}
{"ts":1674521853010754630,"type":"point","name":"peers-found|done|cypress-provider|16","measures":{"value":1}}
{"ts":1674521853070075088,"type":"point","name":"peers-missing|done|cypress-provider|16","measures":{"value":49}}
{"ts":1674521852421666129,"type":"point","name":"num-hops|cypress-provider|3","measures":{"value":3}}
{"ts":1674521853088507380,"type":"point","name":"time-to-find-last|done|cypress-provider|3","measures":{"value":4458351710}}
{"ts":1674521853124741546,"type":"point","name":"time-to-find|done|cypress-provider|3","measures":{"value":88355312999}}
{"ts":1674521853222752213,"type":"point","name":"peers-found|done|cypress-provider|3","measures":{"value":1}}
{"ts":1674521853238083755,"type":"point","name":"peers-missing|done|cypress-provider|3","measures":{"value":49}}
{"ts":1674521854101545755,"type":"point","name":"num-hops|cypress-provider|5","measures":{"value":2}}
{"ts":1674521854267603047,"type":"point","name":"time-to-find-last|done|cypress-provider|5","measures":{"value":6143209545}}
{"ts":1674521854473976172,"type":"point","name":"time-to-find|done|cypress-provider|5","measures":{"value":89688365750}}
{"ts":1674521854911931797,"type":"point","name":"peers-found|done|cypress-provider|5","measures":{"value":48}}
{"ts":1674521855150443589,"type":"point","name":"peers-missing|done|cypress-provider|5","measures":{"value":2}}
{"ts":1674521855297541506,"type":"point","name":"num-hops|cypress-provider|10","measures":{"value":4}}
{"ts":1674521855872558506,"type":"point","name":"time-to-find-last|done|cypress-provider|10","measures":{"value":7254135712}}
{"ts":1674521855952876714,"type":"point","name":"time-to-find|done|cypress-provider|10","measures":{"value":91146061876}}
{"ts":1674521856213521631,"type":"point","name":"peers-found|done|cypress-provider|10","measures":{"value":1}}
{"ts":1674521856241714423,"type":"point","name":"peers-missing|done|cypress-provider|10","measures":{"value":49}}
{"ts":1674521858075498549,"type":"point","name":"num-hops|cypress-provider|11","measures":{"value":1}}
{"ts":1674521858224130840,"type":"point","name":"time-to-find-last|done|cypress-provider|11","measures":{"value":7492180129}}
{"ts":1674521858643087091,"type":"point","name":"time-to-find|done|cypress-provider|11","measures":{"value":93835231294}}
{"ts":1674521858738610299,"type":"point","name":"peers-found|done|cypress-provider|11","measures":{"value":12}}
{"ts":1674521858771719841,"type":"point","name":"peers-missing|done|cypress-provider|11","measures":{"value":38}}
{"ts":1674521861614858592,"type":"point","name":"num-hops|cypress-provider|14","measures":{"value":2}}
{"ts":1674521861676481425,"type":"point","name":"time-to-find-last|done|cypress-provider|14","measures":{"value":7909066754}}
{"ts":1674521861698449217,"type":"point","name":"time-to-find|done|cypress-provider|14","measures":{"value":96844863962}}
{"ts":1674521861737804592,"type":"point","name":"peers-found|done|cypress-provider|14","measures":{"value":1}}
{"ts":1674521861764857884,"type":"point","name":"peers-missing|done|cypress-provider|14","measures":{"value":49}}
{"ts":1674521862187553884,"type":"point","name":"num-hops|cypress-provider|13","measures":{"value":3}}
{"ts":1674521862211693717,"type":"point","name":"time-to-find-last|done|cypress-provider|13","measures":{"value":7829912962}}
{"ts":1674521862339080301,"type":"point","name":"time-to-find|done|cypress-provider|13","measures":{"value":97531000129}}
{"ts":1674521862406825592,"type":"point","name":"peers-found|done|cypress-provider|13","measures":{"value":1}}
{"ts":1674521862433351551,"type":"point","name":"peers-missing|done|cypress-provider|13","measures":{"value":49}}
{"ts":1674521862340850259,"type":"point","name":"num-hops|cypress-provider|0","measures":{"value":1}}
{"ts":1674521862538616926,"type":"point","name":"time-to-find-last|done|cypress-provider|0","measures":{"value":563131250}}
{"ts":1674521862574627759,"type":"point","name":"time-to-find|done|cypress-provider|0","measures":{"value":97806272712}}
{"ts":1674521862595798676,"type":"point","name":"peers-found|done|cypress-provider|0","measures":{"value":1}}
{"ts":1674521862687657509,"type":"point","name":"peers-missing|done|cypress-provider|0","measures":{"value":49}}
{"ts":1674521862465994717,"type":"point","name":"num-hops|cypress-provider|19","measures":{"value":2}}
{"ts":1674521862723090718,"type":"point","name":"time-to-find-last|done|cypress-provider|19","measures":{"value":256503750}}
{"ts":1674521862758547468,"type":"point","name":"time-to-find|done|cypress-provider|19","measures":{"value":97990735129}}
{"ts":1674521862828211926,"type":"point","name":"peers-found|done|cypress-provider|19","measures":{"value":1}}
{"ts":1674521862913419426,"type":"point","name":"peers-missing|done|cypress-provider|19","measures":{"value":49}}
{"ts":1674521862769469926,"type":"point","name":"num-hops|cypress-provider|15","measures":{"value":2}}
{"ts":1674521862985653426,"type":"point","name":"time-to-find-last|done|cypress-provider|15","measures":{"value":8455023171}}
{"ts":1674521863030526051,"type":"point","name":"time-to-find|done|cypress-provider|15","measures":{"value":98063073129}}
{"ts":1674521863069741301,"type":"point","name":"peers-found|done|cypress-provider|15","measures":{"value":1}}
{"ts":1674521863086507843,"type":"point","name":"peers-missing|done|cypress-provider|15","measures":{"value":49}}
{"ts":1674521866900720095,"type":"point","name":"num-hops|cypress-provider|8","measures":{"value":5}}
{"ts":1674521866950263553,"type":"point","name":"time-to-find-last|done|cypress-provider|8","measures":{"value":7251395587}}
{"ts":1674521866975325803,"type":"point","name":"time-to-find|done|cypress-provider|8","measures":{"value":102169246464}}
{"ts":1674521867041610428,"type":"point","name":"peers-found|done|cypress-provider|8","measures":{"value":10}}
{"ts":1674521867077794345,"type":"point","name":"peers-missing|done|cypress-provider|8","measures":{"value":40}}
{"ts":1674521867804523970,"type":"point","name":"bandwidth-total-in|cypress-provider|14|11","measures":{"value":404920}}
{"ts":1674521867850770470,"type":"point","name":"bandwidth-total-out|cypress-provider|14|11","measures":{"value":444760}}
{"ts":1674521867961099803,"type":"point","name":"bandwidth-rate-in|cypress-provider|14|11","measures":{"value":1622.2435733882635}}
{"ts":1674521867974366428,"type":"point","name":"bandwidth-rate-out|cypress-provider|14|11","measures":{"value":480.2195376583902}}
{"ts":1674521868029471012,"type":"point","name":"num-hops|cypress-provider|1","measures":{"value":3}}
{"ts":1674521868080749220,"type":"point","name":"time-to-find-last|done|cypress-provider|1","measures":{"value":1964228709}}
{"ts":1674521868100655637,"type":"point","name":"time-to-find|done|cypress-provider|1","measures":{"value":103332094006}}
{"ts":1674521868154612845,"type":"point","name":"peers-found|done|cypress-provider|1","measures":{"value":48}}
{"ts":1674521868193226470,"type":"point","name":"peers-missing|done|cypress-provider|1","measures":{"value":2}}
{"ts":1674521869226644971,"type":"point","name":"num-hops|cypress-provider|12","measures":{"value":5}}
{"ts":1674521869289619096,"type":"point","name":"time-to-find-last|done|cypress-provider|12","measures":{"value":3300068835}}
{"ts":1674521869332774054,"type":"point","name":"time-to-find|done|cypress-provider|12","measures":{"value":104563882174}}
{"ts":1674521869470470554,"type":"point","name":"peers-found|done|cypress-provider|12","measures":{"value":44}}
{"ts":1674521869639876512,"type":"point","name":"peers-missing|done|cypress-provider|12","measures":{"value":6}}
{"ts":1674521870033878679,"type":"point","name":"num-hops|cypress-provider|17","measures":{"value":2}}
{"ts":1674521870043548763,"type":"point","name":"time-to-find-last|done|cypress-provider|17","measures":{"value":6347882336}}
{"ts":1674521870060505013,"type":"point","name":"time-to-find|done|cypress-provider|17","measures":{"value":105000550632}}
{"ts":1674521870065388638,"type":"point","name":"peers-found|done|cypress-provider|17","measures":{"value":1}}
{"ts":1674521870102059638,"type":"point","name":"peers-missing|done|cypress-provider|17","measures":{"value":49}}
{"ts":1674521871314903972,"type":"point","name":"num-hops|cypress-provider|4","measures":{"value":6}}
{"ts":1674521871358262513,"type":"point","name":"time-to-find-last|done|cypress-provider|4","measures":{"value":6220687294}}
{"ts":1674521871371849180,"type":"point","name":"time-to-find|done|cypress-provider|4","measures":{"value":106602299091}}
{"ts":1674521871388628513,"type":"point","name":"peers-found|done|cypress-provider|4","measures":{"value":50}}
{"ts":1674521871392462930,"type":"point","name":"peers-missing|done|cypress-provider|4","measures":{"value":0}}
{"ts":1674521872382995847,"type":"point","name":"num-hops|cypress-provider|7","measures":{"value":2}}
{"ts":1674521872390441930,"type":"point","name":"time-to-find-last|done|cypress-provider|7","measures":{"value":6622596670}}
{"ts":1674521872403868347,"type":"point","name":"time-to-find|done|cypress-provider|7","measures":{"value":107617961717}}
{"ts":1674521872428519597,"type":"point","name":"peers-found|done|cypress-provider|7","measures":{"value":1}}
{"ts":1674521872448669930,"type":"point","name":"peers-missing|done|cypress-provider|7","measures":{"value":49}}
{"ts":1674521872772500333,"type":"point","name":"num-hops|cypress-provider|2","measures":{"value":4}}
{"ts":1674521872786144291,"type":"point","name":"time-to-find-last|done|cypress-provider|2","measures":{"value":1741735334}}
{"ts":1674521872800429708,"type":"point","name":"time-to-find|done|cypress-provider|2","measures":{"value":108049156383}}
{"ts":1674521872841013833,"type":"point","name":"peers-found|done|cypress-provider|2","measures":{"value":1}}
{"ts":1674521872853790833,"type":"point","name":"peers-missing|done|cypress-provider|2","measures":{"value":49}}
{"ts":1674521872852653541,"type":"point","name":"num-hops|cypress-provider|9","measures":{"value":2}}
{"ts":1674521872876137833,"type":"point","name":"time-to-find-last|done|cypress-provider|9","measures":{"value":6973275045}}
{"ts":1674521872883091416,"type":"point","name":"time-to-find|done|cypress-provider|9","measures":{"value":108093842967}}
{"ts":1674521872892951083,"type":"point","name":"peers-found|done|cypress-provider|9","measures":{"value":1}}
{"ts":1674521872904964083,"type":"point","name":"peers-missing|done|cypress-provider|9","measures":{"value":49}}
{"ts":1674521873215548500,"type":"point","name":"num-hops|cypress-provider|6","measures":{"value":2}}
{"ts":1674521873219144583,"type":"point","name":"time-to-find-last|done|cypress-provider|6","measures":{"value":5243114086}}
{"ts":1674521873225016750,"type":"point","name":"time-to-find|done|cypress-provider|6","measures":{"value":108456655217}}
{"ts":1674521873228145917,"type":"point","name":"peers-found|done|cypress-provider|6","measures":{"value":1}}
{"ts":1674521873232970875,"type":"point","name":"peers-missing|done|cypress-provider|6","measures":{"value":49}}
{"ts":1674521873464954667,"type":"point","name":"num-hops|cypress-provider|18","measures":{"value":3}}
{"ts":1674521873483680125,"type":"point","name":"time-to-find-last|done|cypress-provider|18","measures":{"value":7254966795}}
{"ts":1674521873489906292,"type":"point","name":"time-to-find|done|cypress-provider|18","measures":{"value":108699368342}}
{"ts":1674521873514482625,"type":"point","name":"peers-found|done|cypress-provider|18","measures":{"value":1}}
{"ts":1674521873529969250,"type":"point","name":"peers-missing|done|cypress-provider|18","measures":{"value":49}}
{"ts":1674521873578472917,"type":"point","name":"signal provider-records2","measures":{"value":20340750}}
{"ts":1674521874117891209,"type":"point","name":"barrierprovider-records2","measures":{"value":528556750}}
{"ts":1674521874214377209,"type":"point","name":"full provider-records2","measures":{"value":109465176634}}
{"ts":1674521887811133173,"type":"point","name":"bandwidth-total-in|cypress-provider|14|12","measures":{"value":412643}}
{"ts":1674521887814249965,"type":"point","name":"bandwidth-total-out|cypress-provider|14|12","measures":{"value":445269}}
{"ts":1674521887819247549,"type":"point","name":"bandwidth-rate-in|cypress-provider|14|12","measures":{"value":0.0007257207266216108}}
{"ts":1674521887821381590,"type":"point","name":"bandwidth-rate-out|cypress-provider|14|12","measures":{"value":0.000042383780913867104}}
{"ts":1674521907834138877,"type":"point","name":"bandwidth-total-in|cypress-provider|14|13","measures":{"value":412643}}
{"ts":1674521907940005502,"type":"point","name":"bandwidth-total-out|cypress-provider|14|13","measures":{"value":445269}}
{"ts":1674521907967672419,"type":"point","name":"bandwidth-rate-in|cypress-provider|14|13","measures":{"value":1.495821904554877e-12}}
{"ts":1674521907996633252,"type":"point","name":"bandwidth-rate-out|cypress-provider|14|13","measures":{"value":0}}
