{"level":"info","ts":1675454296559627963,"msg":"br","Node":"12D3KooWPwVR5DRz8H7Qvmp1i7c3BmEJLsbXBvLBCDY5tikyx2yu","Peer":"12D3KooWB224kvi7vN34xJfsfW7bnv6eodxTkgo9VFA6UiaGMgRD"}
{"level":"info","ts":1675454296589911963,"msg":"br","Node":"12D3KooWPwVR5DRz8H7Qvmp1i7c3BmEJLsbXBvLBCDY5tikyx2yu","Peer":"12D3KooWCUD1fJhtHsV93H6zZCwPZq5WBLsNTSWUW86EDykHrUgd"}
{"level":"info","ts":1675454296604011296,"msg":"br","Node":"12D3KooWPwVR5DRz8H7Qvmp1i7c3BmEJLsbXBvLBCDY5tikyx2yu","Peer":"12D3KooWNc5rNmCJ9yvXviXaENnp7vqDQjomZwia4aA7Q3hSYkiW"}
{"level":"info","ts":1675454296611046255,"msg":"br","Node":"12D3KooWPwVR5DRz8H7Qvmp1i7c3BmEJLsbXBvLBCDY5tikyx2yu","Peer":"12D3KooWQ3XvwCaYCPy5oXzUiSVQWoBJTkSjkVnMDaDrvCDNpTtZ"}
{"level":"info","ts":1675454296627824463,"msg":"br","Node":"12D3KooWPwVR5DRz8H7Qvmp1i7c3BmEJLsbXBvLBCDY5tikyx2yu","Peer":"12D3KooWB1b3qZxWJanuhtseF3DmPggHCtG36KZ9ixkqHtdKH9fh"}
{"level":"info","ts":1675454296651050296,"msg":"br","Node":"12D3KooWPwVR5DRz8H7Qvmp1i7c3BmEJLsbXBvLBCDY5tikyx2yu","Peer":"12D3KooWKCz8coBHWrFr7Z3ZZekUTsZdm9bUTuKQBbX6tTvKhqmy"}
{"level":"info","ts":1675454296664808338,"msg":"br","Node":"12D3KooWPwVR5DRz8H7Qvmp1i7c3BmEJLsbXBvLBCDY5tikyx2yu","Peer":"12D3KooWPgam4TzSVCRa4AbhxQnM9abCYR4E9hV57SN7eAjEYn1j"}
{"level":"info","ts":1675454296674680671,"msg":"br","Node":"12D3KooWPwVR5DRz8H7Qvmp1i7c3BmEJLsbXBvLBCDY5tikyx2yu","Peer":"12D3KooWKwfWu3TQuPNRUfEjEYSANNDYvq2D2GuYdysyHcGHB58t"}
{"level":"info","ts":1675454296704760463,"msg":"br","Node":"12D3KooWPwVR5DRz8H7Qvmp1i7c3BmEJLsbXBvLBCDY5tikyx2yu","Peer":"12D3KooW9yvKfP5HgVaLnNaxWywo3pLAEypk7wjUcpgKwLznk5gQ"}
{"level":"info","ts":1675454296711759630,"msg":"br","Node":"12D3KooWPwVR5DRz8H7Qvmp1i7c3BmEJLsbXBvLBCDY5tikyx2yu","Peer":"12D3KooWSyUTnwQRmgAaT5hnnDiU9BENzaGGH4MNnT8iU138rjLw"}
{"level":"info","ts":1675454296726063255,"msg":"br","Node":"12D3KooWPwVR5DRz8H7Qvmp1i7c3BmEJLsbXBvLBCDY5tikyx2yu","Peer":"12D3KooWNentwzsa1BpUkXPJWYBg3riYQ64XM9JUCfoVt4KqwKdw"}
{"level":"info","ts":1675454296778039338,"msg":"br","Node":"12D3KooWPwVR5DRz8H7Qvmp1i7c3BmEJLsbXBvLBCDY5tikyx2yu","Peer":"12D3KooWKRyzVWW6ChFjQjK4miCty85Niy49tpPV95XdKu1BcvMA"}
{"level":"info","ts":1675454296818007046,"msg":"br","Node":"12D3KooWPwVR5DRz8H7Qvmp1i7c3BmEJLsbXBvLBCDY5tikyx2yu","Peer":"12D3KooWQfG74brcJhzpNwjPCZmcbBv8f6wxKgLSYmEDXXdPXQpH"}
{"level":"info","ts":1675454296853074046,"msg":"br","Node":"12D3KooWPwVR5DRz8H7Qvmp1i7c3BmEJLsbXBvLBCDY5tikyx2yu","Peer":"12D3KooWQYz2inBsgiBoqNtmEn1qeRBr9B8cdishFuBgiARcfMcY"}
{"level":"info","ts":1675454296876588130,"msg":"br","Node":"12D3KooWPwVR5DRz8H7Qvmp1i7c3BmEJLsbXBvLBCDY5tikyx2yu","Peer":"12D3KooWGEcD5sW5osB6LajkHGqiGc3W8eKfYwnJVVqfujkpLWX2"}
{"level":"info","ts":1675454296886720921,"msg":"br","Node":"12D3KooWPwVR5DRz8H7Qvmp1i7c3BmEJLsbXBvLBCDY5tikyx2yu","Peer":"12D3KooWFJGAAPuFWEeZUVvSEs7dEGnzgCyBpVuYAx8R9WmSNMe7"}
{"level":"info","ts":1675454296895471755,"msg":"br","Node":"12D3KooWPwVR5DRz8H7Qvmp1i7c3BmEJLsbXBvLBCDY5tikyx2yu","Peer":"12D3KooWFB7QisaHRFaMwskj6JE4vuoruNMSRNL4pfL2WEReWzMd"}
{"level":"info","ts":1675454296904553630,"msg":"br","Node":"12D3KooWPwVR5DRz8H7Qvmp1i7c3BmEJLsbXBvLBCDY5tikyx2yu","Peer":"12D3KooWGBv5oKekns7NunQ9FMNXihJvwyuELAcq84Z9Hxgc2PZh"}
{"level":"info","ts":1675454296921430671,"msg":"br","Node":"12D3KooWPwVR5DRz8H7Qvmp1i7c3BmEJLsbXBvLBCDY5tikyx2yu","Peer":"12D3KooWDf6Jpo3XnCHoQ7uXMpxS3RbZrysd9Z7iGWLqyQ8K87VZ"}
{"level":"info","ts":1675454296955000880,"msg":"br","Node":"12D3KooWPwVR5DRz8H7Qvmp1i7c3BmEJLsbXBvLBCDY5tikyx2yu","Peer":"12D3KooWGVijKpKXAveYbcCXhe8DhrykfXaehwPM6mcSgagqXkEg"}
{"level":"info","ts":1675454297001658421,"msg":"br","Node":"12D3KooWPwVR5DRz8H7Qvmp1i7c3BmEJLsbXBvLBCDY5tikyx2yu","Peer":"12D3KooWM4yJB31d4hF2F9Vdwuj9WFo1qonoySyw4bVAQ9a9d21o"}
{"level":"info","ts":1675454297020766963,"msg":"br","Node":"12D3KooWPwVR5DRz8H7Qvmp1i7c3BmEJLsbXBvLBCDY5tikyx2yu","Peer":"12D3KooWSVahexScA4jt5HsavZut74osC2MWonEzXfNpPhhVj9eq"}
{"level":"info","ts":1675454297038150796,"msg":"br","Node":"12D3KooWPwVR5DRz8H7Qvmp1i7c3BmEJLsbXBvLBCDY5tikyx2yu","Peer":"12D3KooWBremnqYWBDK6ctvCuhCqJAps5ZAPADu53gXhQHexrvtP"}
{"level":"info","ts":1675454297083460755,"msg":"br","Node":"12D3KooWPwVR5DRz8H7Qvmp1i7c3BmEJLsbXBvLBCDY5tikyx2yu","Peer":"12D3KooWNEWRB7PnuZs164xaA9QWM3iZHekHyEQo5qGP5KCHHuSN"}
{"level":"info","ts":1675454297108134296,"msg":"br","Node":"12D3KooWPwVR5DRz8H7Qvmp1i7c3BmEJLsbXBvLBCDY5tikyx2yu","Peer":"12D3KooWE2N9kXfsBWLWYdtaX9uY7HxJTfFmVFQFxvUXCQ6bT883"}
{"level":"info","ts":1675454297125473005,"msg":"br","Node":"12D3KooWPwVR5DRz8H7Qvmp1i7c3BmEJLsbXBvLBCDY5tikyx2yu","Peer":"12D3KooWHHzSeKaY8xuZVzkLbKFfvNgPPeKhFBGrMbNzbm5akpqu"}
{"level":"info","ts":1675454297147386630,"msg":"br","Node":"12D3KooWPwVR5DRz8H7Qvmp1i7c3BmEJLsbXBvLBCDY5tikyx2yu","Peer":"12D3KooWGFLL95aAHX7AJZzSn9vFY49znDxeaGPU14TKzrHP7ygU"}
{"level":"info","ts":1675454297207663546,"msg":"br","Node":"12D3KooWPwVR5DRz8H7Qvmp1i7c3BmEJLsbXBvLBCDY5tikyx2yu","Peer":"12D3KooWCv935r3ropYhUe5yMCp9QiUoc9A6cZpYQ5x84DqEPbwb"}
{"level":"info","ts":1675454297245121463,"msg":"br","Node":"12D3KooWPwVR5DRz8H7Qvmp1i7c3BmEJLsbXBvLBCDY5tikyx2yu","Peer":"12D3KooWE4qDcRrueTuRYWUdQZgcy7APZqBngVeXRt4Y6ytHizKV"}
{"level":"info","ts":1675454297253428130,"msg":"br","Node":"12D3KooWPwVR5DRz8H7Qvmp1i7c3BmEJLsbXBvLBCDY5tikyx2yu","Peer":"12D3KooWCR2EoapJjoQVR4E3NLjWn818gG3XizQ92Yx6C424HL2g"}
{"level":"info","ts":1675454297263035630,"msg":"br","Node":"12D3KooWPwVR5DRz8H7Qvmp1i7c3BmEJLsbXBvLBCDY5tikyx2yu","Peer":"12D3KooWBHDsBRbrf52fh6czkYXYY3tTk4fSfen3ZWvYEzFeHM2g"}
{"level":"info","ts":1675454297279765713,"msg":"br","Node":"12D3KooWPwVR5DRz8H7Qvmp1i7c3BmEJLsbXBvLBCDY5tikyx2yu","Peer":"12D3KooWGBmjmt6Am4j4CWyLRd36hqj1dDKstAyLaeePmEUt7cUp"}
{"level":"info","ts":1675454297307672505,"msg":"br","Node":"12D3KooWPwVR5DRz8H7Qvmp1i7c3BmEJLsbXBvLBCDY5tikyx2yu","Peer":"12D3KooWL3XJ9EMCyZvmmGXL2LMiVBtrVa2BuESsJiXkSj7333Jw"}
{"level":"info","ts":1675454297315701172,"msg":"br","Node":"12D3KooWPwVR5DRz8H7Qvmp1i7c3BmEJLsbXBvLBCDY5tikyx2yu","Peer":"12D3KooWRuYVGEsecrJJhZsSoKf1UNdBVYKFCmFLNj9ucZiSQCYj"}
{"level":"info","ts":1675454297338684380,"msg":"br","Node":"12D3KooWPwVR5DRz8H7Qvmp1i7c3BmEJLsbXBvLBCDY5tikyx2yu","Peer":"12D3KooWEiCzB4bVxyxYwB7xpSvra1Yz1SB39kih4qHpFjDWoC9J"}
{"level":"info","ts":1675454297363761630,"msg":"br","Node":"12D3KooWPwVR5DRz8H7Qvmp1i7c3BmEJLsbXBvLBCDY5tikyx2yu","Peer":"12D3KooWGCvi3KESxsfJqabtDpZTviCeycABxLRtCPR7aQAdAwir"}
{"level":"info","ts":1675454297400969797,"msg":"br","Node":"12D3KooWPwVR5DRz8H7Qvmp1i7c3BmEJLsbXBvLBCDY5tikyx2yu","Peer":"12D3KooWFqdBYPrtwErMosomvD4uRtVhXQdqqZZHC3NCBZYVxr4t"}
{"level":"info","ts":1675454297405690630,"msg":"br","Node":"12D3KooWPwVR5DRz8H7Qvmp1i7c3BmEJLsbXBvLBCDY5tikyx2yu","Peer":"12D3KooWKVutoujmd2QtYCFPk6WtyU9xvAgYxFXvqLVGcBHocnmG"}
{"level":"info","ts":1675454297425649463,"msg":"br","Node":"12D3KooWPwVR5DRz8H7Qvmp1i7c3BmEJLsbXBvLBCDY5tikyx2yu","Peer":"12D3KooWGve8Xnd9qBGe7YSXskiD386LmWuWEhQjVhyLFQBiKou5"}
{"level":"info","ts":1675454297945469630,"msg":"ar","Node":"12D3KooWPwVR5DRz8H7Qvmp1i7c3BmEJLsbXBvLBCDY5tikyx2yu","Peer":"12D3KooWB224kvi7vN34xJfsfW7bnv6eodxTkgo9VFA6UiaGMgRD"}
{"level":"info","ts":1675454297955589547,"msg":"ar","Node":"12D3KooWPwVR5DRz8H7Qvmp1i7c3BmEJLsbXBvLBCDY5tikyx2yu","Peer":"12D3KooWCUD1fJhtHsV93H6zZCwPZq5WBLsNTSWUW86EDykHrUgd"}
{"level":"info","ts":1675454297967961588,"msg":"ar","Node":"12D3KooWPwVR5DRz8H7Qvmp1i7c3BmEJLsbXBvLBCDY5tikyx2yu","Peer":"12D3KooWNc5rNmCJ9yvXviXaENnp7vqDQjomZwia4aA7Q3hSYkiW"}
{"level":"info","ts":1675454297974397505,"msg":"ar","Node":"12D3KooWPwVR5DRz8H7Qvmp1i7c3BmEJLsbXBvLBCDY5tikyx2yu","Peer":"12D3KooWQ3XvwCaYCPy5oXzUiSVQWoBJTkSjkVnMDaDrvCDNpTtZ"}
{"level":"info","ts":1675454297981783588,"msg":"ar","Node":"12D3KooWPwVR5DRz8H7Qvmp1i7c3BmEJLsbXBvLBCDY5tikyx2yu","Peer":"12D3KooWB1b3qZxWJanuhtseF3DmPggHCtG36KZ9ixkqHtdKH9fh"}
{"level":"info","ts":1675454298018985547,"msg":"ar","Node":"12D3KooWPwVR5DRz8H7Qvmp1i7c3BmEJLsbXBvLBCDY5tikyx2yu","Peer":"12D3KooWKCz8coBHWrFr7Z3ZZekUTsZdm9bUTuKQBbX6tTvKhqmy"}
{"level":"info","ts":1675454298025899672,"msg":"ar","Node":"12D3KooWPwVR5DRz8H7Qvmp1i7c3BmEJLsbXBvLBCDY5tikyx2yu","Peer":"12D3KooWPgam4TzSVCRa4AbhxQnM9abCYR4E9hV57SN7eAjEYn1j"}
{"level":"info","ts":1675454298036679464,"msg":"ar","Node":"12D3KooWPwVR5DRz8H7Qvmp1i7c3BmEJLsbXBvLBCDY5tikyx2yu","Peer":"12D3KooWKwfWu3TQuPNRUfEjEYSANNDYvq2D2GuYdysyHcGHB58t"}
{"level":"info","ts":1675454298061007839,"msg":"ar","Node":"12D3KooWPwVR5DRz8H7Qvmp1i7c3BmEJLsbXBvLBCDY5tikyx2yu","Peer":"12D3KooW9yvKfP5HgVaLnNaxWywo3pLAEypk7wjUcpgKwLznk5gQ"}
{"level":"info","ts":1675454298067690380,"msg":"ar","Node":"12D3KooWPwVR5DRz8H7Qvmp1i7c3BmEJLsbXBvLBCDY5tikyx2yu","Peer":"12D3KooWSyUTnwQRmgAaT5hnnDiU9BENzaGGH4MNnT8iU138rjLw"}
{"level":"info","ts":1675454298074455547,"msg":"ar","Node":"12D3KooWPwVR5DRz8H7Qvmp1i7c3BmEJLsbXBvLBCDY5tikyx2yu","Peer":"12D3KooWNentwzsa1BpUkXPJWYBg3riYQ64XM9JUCfoVt4KqwKdw"}
{"level":"info","ts":1675454298081645214,"msg":"ar","Node":"12D3KooWPwVR5DRz8H7Qvmp1i7c3BmEJLsbXBvLBCDY5tikyx2yu","Peer":"12D3KooWKRyzVWW6ChFjQjK4miCty85Niy49tpPV95XdKu1BcvMA"}
{"level":"info","ts":1675454298088149839,"msg":"ar","Node":"12D3KooWPwVR5DRz8H7Qvmp1i7c3BmEJLsbXBvLBCDY5tikyx2yu","Peer":"12D3KooWQfG74brcJhzpNwjPCZmcbBv8f6wxKgLSYmEDXXdPXQpH"}
{"level":"info","ts":1675454298107693130,"msg":"ar","Node":"12D3KooWPwVR5DRz8H7Qvmp1i7c3BmEJLsbXBvLBCDY5tikyx2yu","Peer":"12D3KooWQYz2inBsgiBoqNtmEn1qeRBr9B8cdishFuBgiARcfMcY"}
{"level":"info","ts":1675454298112867255,"msg":"ar","Node":"12D3KooWPwVR5DRz8H7Qvmp1i7c3BmEJLsbXBvLBCDY5tikyx2yu","Peer":"12D3KooWGEcD5sW5osB6LajkHGqiGc3W8eKfYwnJVVqfujkpLWX2"}
{"level":"info","ts":1675454298126888839,"msg":"ar","Node":"12D3KooWPwVR5DRz8H7Qvmp1i7c3BmEJLsbXBvLBCDY5tikyx2yu","Peer":"12D3KooWFJGAAPuFWEeZUVvSEs7dEGnzgCyBpVuYAx8R9WmSNMe7"}
{"level":"info","ts":1675454298138687714,"msg":"ar","Node":"12D3KooWPwVR5DRz8H7Qvmp1i7c3BmEJLsbXBvLBCDY5tikyx2yu","Peer":"12D3KooWFB7QisaHRFaMwskj6JE4vuoruNMSRNL4pfL2WEReWzMd"}
{"level":"info","ts":1675454298147996464,"msg":"ar","Node":"12D3KooWPwVR5DRz8H7Qvmp1i7c3BmEJLsbXBvLBCDY5tikyx2yu","Peer":"12D3KooWGBv5oKekns7NunQ9FMNXihJvwyuELAcq84Z9Hxgc2PZh"}
{"level":"info","ts":1675454298161960839,"msg":"ar","Node":"12D3KooWPwVR5DRz8H7Qvmp1i7c3BmEJLsbXBvLBCDY5tikyx2yu","Peer":"12D3KooWDf6Jpo3XnCHoQ7uXMpxS3RbZrysd9Z7iGWLqyQ8K87VZ"}
{"level":"info","ts":1675454298166638630,"msg":"ar","Node":"12D3KooWPwVR5DRz8H7Qvmp1i7c3BmEJLsbXBvLBCDY5tikyx2yu","Peer":"12D3KooWGVijKpKXAveYbcCXhe8DhrykfXaehwPM6mcSgagqXkEg"}
{"level":"info","ts":1675454298177555297,"msg":"ar","Node":"12D3KooWPwVR5DRz8H7Qvmp1i7c3BmEJLsbXBvLBCDY5tikyx2yu","Peer":"12D3KooWM4yJB31d4hF2F9Vdwuj9WFo1qonoySyw4bVAQ9a9d21o"}
{"level":"info","ts":1675454298182505172,"msg":"ar","Node":"12D3KooWPwVR5DRz8H7Qvmp1i7c3BmEJLsbXBvLBCDY5tikyx2yu","Peer":"12D3KooWSVahexScA4jt5HsavZut74osC2MWonEzXfNpPhhVj9eq"}
{"level":"info","ts":1675454298187739672,"msg":"ar","Node":"12D3KooWPwVR5DRz8H7Qvmp1i7c3BmEJLsbXBvLBCDY5tikyx2yu","Peer":"12D3KooWBremnqYWBDK6ctvCuhCqJAps5ZAPADu53gXhQHexrvtP"}
{"level":"info","ts":1675454298192941922,"msg":"ar","Node":"12D3KooWPwVR5DRz8H7Qvmp1i7c3BmEJLsbXBvLBCDY5tikyx2yu","Peer":"12D3KooWNEWRB7PnuZs164xaA9QWM3iZHekHyEQo5qGP5KCHHuSN"}
{"level":"info","ts":1675454298196962839,"msg":"ar","Node":"12D3KooWPwVR5DRz8H7Qvmp1i7c3BmEJLsbXBvLBCDY5tikyx2yu","Peer":"12D3KooWE2N9kXfsBWLWYdtaX9uY7HxJTfFmVFQFxvUXCQ6bT883"}
{"level":"info","ts":1675454298203601255,"msg":"ar","Node":"12D3KooWPwVR5DRz8H7Qvmp1i7c3BmEJLsbXBvLBCDY5tikyx2yu","Peer":"12D3KooWHHzSeKaY8xuZVzkLbKFfvNgPPeKhFBGrMbNzbm5akpqu"}
{"level":"info","ts":1675454298209513839,"msg":"ar","Node":"12D3KooWPwVR5DRz8H7Qvmp1i7c3BmEJLsbXBvLBCDY5tikyx2yu","Peer":"12D3KooWGFLL95aAHX7AJZzSn9vFY49znDxeaGPU14TKzrHP7ygU"}
{"level":"info","ts":1675454298212678797,"msg":"ar","Node":"12D3KooWPwVR5DRz8H7Qvmp1i7c3BmEJLsbXBvLBCDY5tikyx2yu","Peer":"12D3KooWCv935r3ropYhUe5yMCp9QiUoc9A6cZpYQ5x84DqEPbwb"}
{"level":"info","ts":1675454298215913172,"msg":"ar","Node":"12D3KooWPwVR5DRz8H7Qvmp1i7c3BmEJLsbXBvLBCDY5tikyx2yu","Peer":"12D3KooWE4qDcRrueTuRYWUdQZgcy7APZqBngVeXRt4Y6ytHizKV"}
{"level":"info","ts":1675454298219702380,"msg":"ar","Node":"12D3KooWPwVR5DRz8H7Qvmp1i7c3BmEJLsbXBvLBCDY5tikyx2yu","Peer":"12D3KooWCR2EoapJjoQVR4E3NLjWn818gG3XizQ92Yx6C424HL2g"}
{"level":"info","ts":1675454298225562630,"msg":"ar","Node":"12D3KooWPwVR5DRz8H7Qvmp1i7c3BmEJLsbXBvLBCDY5tikyx2yu","Peer":"12D3KooWBHDsBRbrf52fh6czkYXYY3tTk4fSfen3ZWvYEzFeHM2g"}
{"level":"info","ts":1675454298233008214,"msg":"ar","Node":"12D3KooWPwVR5DRz8H7Qvmp1i7c3BmEJLsbXBvLBCDY5tikyx2yu","Peer":"12D3KooWGBmjmt6Am4j4CWyLRd36hqj1dDKstAyLaeePmEUt7cUp"}
{"level":"info","ts":1675454298236790005,"msg":"ar","Node":"12D3KooWPwVR5DRz8H7Qvmp1i7c3BmEJLsbXBvLBCDY5tikyx2yu","Peer":"12D3KooWL3XJ9EMCyZvmmGXL2LMiVBtrVa2BuESsJiXkSj7333Jw"}
{"level":"info","ts":1675454298241931672,"msg":"ar","Node":"12D3KooWPwVR5DRz8H7Qvmp1i7c3BmEJLsbXBvLBCDY5tikyx2yu","Peer":"12D3KooWRuYVGEsecrJJhZsSoKf1UNdBVYKFCmFLNj9ucZiSQCYj"}
{"level":"info","ts":1675454298247874672,"msg":"ar","Node":"12D3KooWPwVR5DRz8H7Qvmp1i7c3BmEJLsbXBvLBCDY5tikyx2yu","Peer":"12D3KooWEiCzB4bVxyxYwB7xpSvra1Yz1SB39kih4qHpFjDWoC9J"}
{"level":"info","ts":1675454298250025964,"msg":"ar","Node":"12D3KooWPwVR5DRz8H7Qvmp1i7c3BmEJLsbXBvLBCDY5tikyx2yu","Peer":"12D3KooWGCvi3KESxsfJqabtDpZTviCeycABxLRtCPR7aQAdAwir"}
{"level":"info","ts":1675454298254588005,"msg":"ar","Node":"12D3KooWPwVR5DRz8H7Qvmp1i7c3BmEJLsbXBvLBCDY5tikyx2yu","Peer":"12D3KooWFqdBYPrtwErMosomvD4uRtVhXQdqqZZHC3NCBZYVxr4t"}
{"level":"info","ts":1675454298256835755,"msg":"ar","Node":"12D3KooWPwVR5DRz8H7Qvmp1i7c3BmEJLsbXBvLBCDY5tikyx2yu","Peer":"12D3KooWKVutoujmd2QtYCFPk6WtyU9xvAgYxFXvqLVGcBHocnmG"}
{"level":"info","ts":1675454298260381255,"msg":"ar","Node":"12D3KooWPwVR5DRz8H7Qvmp1i7c3BmEJLsbXBvLBCDY5tikyx2yu","Peer":"12D3KooWGve8Xnd9qBGe7YSXskiD386LmWuWEhQjVhyLFQBiKou5"}
{"level":"info","ts":1675454300738828131,"msg":"at","Node":"12D3KooWPwVR5DRz8H7Qvmp1i7c3BmEJLsbXBvLBCDY5tikyx2yu","Peer":"12D3KooWB224kvi7vN34xJfsfW7bnv6eodxTkgo9VFA6UiaGMgRD"}
{"level":"info","ts":1675454300763701923,"msg":"at","Node":"12D3KooWPwVR5DRz8H7Qvmp1i7c3BmEJLsbXBvLBCDY5tikyx2yu","Peer":"12D3KooWCUD1fJhtHsV93H6zZCwPZq5WBLsNTSWUW86EDykHrUgd"}
{"level":"info","ts":1675454300769817923,"msg":"at","Node":"12D3KooWPwVR5DRz8H7Qvmp1i7c3BmEJLsbXBvLBCDY5tikyx2yu","Peer":"12D3KooWNc5rNmCJ9yvXviXaENnp7vqDQjomZwia4aA7Q3hSYkiW"}
{"level":"info","ts":1675454300777441715,"msg":"at","Node":"12D3KooWPwVR5DRz8H7Qvmp1i7c3BmEJLsbXBvLBCDY5tikyx2yu","Peer":"12D3KooWQ3XvwCaYCPy5oXzUiSVQWoBJTkSjkVnMDaDrvCDNpTtZ"}
{"level":"info","ts":1675454300784635256,"msg":"at","Node":"12D3KooWPwVR5DRz8H7Qvmp1i7c3BmEJLsbXBvLBCDY5tikyx2yu","Peer":"12D3KooWB1b3qZxWJanuhtseF3DmPggHCtG36KZ9ixkqHtdKH9fh"}
{"level":"info","ts":1675454300798346923,"msg":"at","Node":"12D3KooWPwVR5DRz8H7Qvmp1i7c3BmEJLsbXBvLBCDY5tikyx2yu","Peer":"12D3KooWKCz8coBHWrFr7Z3ZZekUTsZdm9bUTuKQBbX6tTvKhqmy"}
{"level":"info","ts":1675454300802396590,"msg":"at","Node":"12D3KooWPwVR5DRz8H7Qvmp1i7c3BmEJLsbXBvLBCDY5tikyx2yu","Peer":"12D3KooWPgam4TzSVCRa4AbhxQnM9abCYR4E9hV57SN7eAjEYn1j"}
{"level":"info","ts":1675454300813768132,"msg":"at","Node":"12D3KooWPwVR5DRz8H7Qvmp1i7c3BmEJLsbXBvLBCDY5tikyx2yu","Peer":"12D3KooWKwfWu3TQuPNRUfEjEYSANNDYvq2D2GuYdysyHcGHB58t"}
{"level":"info","ts":1675454300827255673,"msg":"at","Node":"12D3KooWPwVR5DRz8H7Qvmp1i7c3BmEJLsbXBvLBCDY5tikyx2yu","Peer":"12D3KooW9yvKfP5HgVaLnNaxWywo3pLAEypk7wjUcpgKwLznk5gQ"}
{"level":"info","ts":1675454300847052673,"msg":"at","Node":"12D3KooWPwVR5DRz8H7Qvmp1i7c3BmEJLsbXBvLBCDY5tikyx2yu","Peer":"12D3KooWSyUTnwQRmgAaT5hnnDiU9BENzaGGH4MNnT8iU138rjLw"}
{"level":"info","ts":1675454300864561465,"msg":"at","Node":"12D3KooWPwVR5DRz8H7Qvmp1i7c3BmEJLsbXBvLBCDY5tikyx2yu","Peer":"12D3KooWNentwzsa1BpUkXPJWYBg3riYQ64XM9JUCfoVt4KqwKdw"}
{"level":"info","ts":1675454300883391715,"msg":"at","Node":"12D3KooWPwVR5DRz8H7Qvmp1i7c3BmEJLsbXBvLBCDY5tikyx2yu","Peer":"12D3KooWKRyzVWW6ChFjQjK4miCty85Niy49tpPV95XdKu1BcvMA"}
{"level":"info","ts":1675454300895004965,"msg":"at","Node":"12D3KooWPwVR5DRz8H7Qvmp1i7c3BmEJLsbXBvLBCDY5tikyx2yu","Peer":"12D3KooWQfG74brcJhzpNwjPCZmcbBv8f6wxKgLSYmEDXXdPXQpH"}
{"level":"info","ts":1675454300899992340,"msg":"at","Node":"12D3KooWPwVR5DRz8H7Qvmp1i7c3BmEJLsbXBvLBCDY5tikyx2yu","Peer":"12D3KooWQYz2inBsgiBoqNtmEn1qeRBr9B8cdishFuBgiARcfMcY"}
{"level":"info","ts":1675454300910631090,"msg":"at","Node":"12D3KooWPwVR5DRz8H7Qvmp1i7c3BmEJLsbXBvLBCDY5tikyx2yu","Peer":"12D3KooWGEcD5sW5osB6LajkHGqiGc3W8eKfYwnJVVqfujkpLWX2"}
{"level":"info","ts":1675454300937693382,"msg":"at","Node":"12D3KooWPwVR5DRz8H7Qvmp1i7c3BmEJLsbXBvLBCDY5tikyx2yu","Peer":"12D3KooWFJGAAPuFWEeZUVvSEs7dEGnzgCyBpVuYAx8R9WmSNMe7"}
{"level":"info","ts":1675454300946404715,"msg":"at","Node":"12D3KooWPwVR5DRz8H7Qvmp1i7c3BmEJLsbXBvLBCDY5tikyx2yu","Peer":"12D3KooWFB7QisaHRFaMwskj6JE4vuoruNMSRNL4pfL2WEReWzMd"}
{"level":"info","ts":1675454300954000132,"msg":"at","Node":"12D3KooWPwVR5DRz8H7Qvmp1i7c3BmEJLsbXBvLBCDY5tikyx2yu","Peer":"12D3KooWGBv5oKekns7NunQ9FMNXihJvwyuELAcq84Z9Hxgc2PZh"}
{"level":"info","ts":1675454300968333757,"msg":"at","Node":"12D3KooWPwVR5DRz8H7Qvmp1i7c3BmEJLsbXBvLBCDY5tikyx2yu","Peer":"12D3KooWDf6Jpo3XnCHoQ7uXMpxS3RbZrysd9Z7iGWLqyQ8K87VZ"}
{"level":"info","ts":1675454300973747090,"msg":"at","Node":"12D3KooWPwVR5DRz8H7Qvmp1i7c3BmEJLsbXBvLBCDY5tikyx2yu","Peer":"12D3KooWGVijKpKXAveYbcCXhe8DhrykfXaehwPM6mcSgagqXkEg"}
{"level":"info","ts":1675454300987307840,"msg":"at","Node":"12D3KooWPwVR5DRz8H7Qvmp1i7c3BmEJLsbXBvLBCDY5tikyx2yu","Peer":"12D3KooWM4yJB31d4hF2F9Vdwuj9WFo1qonoySyw4bVAQ9a9d21o"}
{"level":"info","ts":1675454300999508715,"msg":"at","Node":"12D3KooWPwVR5DRz8H7Qvmp1i7c3BmEJLsbXBvLBCDY5tikyx2yu","Peer":"12D3KooWSVahexScA4jt5HsavZut74osC2MWonEzXfNpPhhVj9eq"}
{"level":"info","ts":1675454301014047673,"msg":"at","Node":"12D3KooWPwVR5DRz8H7Qvmp1i7c3BmEJLsbXBvLBCDY5tikyx2yu","Peer":"12D3KooWBremnqYWBDK6ctvCuhCqJAps5ZAPADu53gXhQHexrvtP"}
{"level":"info","ts":1675454301023340132,"msg":"at","Node":"12D3KooWPwVR5DRz8H7Qvmp1i7c3BmEJLsbXBvLBCDY5tikyx2yu","Peer":"12D3KooWNEWRB7PnuZs164xaA9QWM3iZHekHyEQo5qGP5KCHHuSN"}
{"level":"info","ts":1675454301033490132,"msg":"at","Node":"12D3KooWPwVR5DRz8H7Qvmp1i7c3BmEJLsbXBvLBCDY5tikyx2yu","Peer":"12D3KooWE2N9kXfsBWLWYdtaX9uY7HxJTfFmVFQFxvUXCQ6bT883"}
{"level":"info","ts":1675454301055805173,"msg":"at","Node":"12D3KooWPwVR5DRz8H7Qvmp1i7c3BmEJLsbXBvLBCDY5tikyx2yu","Peer":"12D3KooWHHzSeKaY8xuZVzkLbKFfvNgPPeKhFBGrMbNzbm5akpqu"}
{"level":"info","ts":1675454301077560048,"msg":"at","Node":"12D3KooWPwVR5DRz8H7Qvmp1i7c3BmEJLsbXBvLBCDY5tikyx2yu","Peer":"12D3KooWGFLL95aAHX7AJZzSn9vFY49znDxeaGPU14TKzrHP7ygU"}
{"level":"info","ts":1675454301094801340,"msg":"at","Node":"12D3KooWPwVR5DRz8H7Qvmp1i7c3BmEJLsbXBvLBCDY5tikyx2yu","Peer":"12D3KooWCv935r3ropYhUe5yMCp9QiUoc9A6cZpYQ5x84DqEPbwb"}
{"level":"info","ts":1675454301116792423,"msg":"at","Node":"12D3KooWPwVR5DRz8H7Qvmp1i7c3BmEJLsbXBvLBCDY5tikyx2yu","Peer":"12D3KooWE4qDcRrueTuRYWUdQZgcy7APZqBngVeXRt4Y6ytHizKV"}
{"level":"info","ts":1675454301143353048,"msg":"at","Node":"12D3KooWPwVR5DRz8H7Qvmp1i7c3BmEJLsbXBvLBCDY5tikyx2yu","Peer":"12D3KooWCR2EoapJjoQVR4E3NLjWn818gG3XizQ92Yx6C424HL2g"}
{"level":"info","ts":1675454301150853382,"msg":"at","Node":"12D3KooWPwVR5DRz8H7Qvmp1i7c3BmEJLsbXBvLBCDY5tikyx2yu","Peer":"12D3KooWBHDsBRbrf52fh6czkYXYY3tTk4fSfen3ZWvYEzFeHM2g"}
{"level":"info","ts":1675454301171999382,"msg":"at","Node":"12D3KooWPwVR5DRz8H7Qvmp1i7c3BmEJLsbXBvLBCDY5tikyx2yu","Peer":"12D3KooWGBmjmt6Am4j4CWyLRd36hqj1dDKstAyLaeePmEUt7cUp"}
{"level":"info","ts":1675454301180862298,"msg":"at","Node":"12D3KooWPwVR5DRz8H7Qvmp1i7c3BmEJLsbXBvLBCDY5tikyx2yu","Peer":"12D3KooWL3XJ9EMCyZvmmGXL2LMiVBtrVa2BuESsJiXkSj7333Jw"}
{"level":"info","ts":1675454301197825173,"msg":"at","Node":"12D3KooWPwVR5DRz8H7Qvmp1i7c3BmEJLsbXBvLBCDY5tikyx2yu","Peer":"12D3KooWRuYVGEsecrJJhZsSoKf1UNdBVYKFCmFLNj9ucZiSQCYj"}
{"level":"info","ts":1675454301214825007,"msg":"at","Node":"12D3KooWPwVR5DRz8H7Qvmp1i7c3BmEJLsbXBvLBCDY5tikyx2yu","Peer":"12D3KooWEiCzB4bVxyxYwB7xpSvra1Yz1SB39kih4qHpFjDWoC9J"}
{"level":"info","ts":1675454301221866632,"msg":"at","Node":"12D3KooWPwVR5DRz8H7Qvmp1i7c3BmEJLsbXBvLBCDY5tikyx2yu","Peer":"12D3KooWGCvi3KESxsfJqabtDpZTviCeycABxLRtCPR7aQAdAwir"}
{"level":"info","ts":1675454301232410298,"msg":"at","Node":"12D3KooWPwVR5DRz8H7Qvmp1i7c3BmEJLsbXBvLBCDY5tikyx2yu","Peer":"12D3KooWFqdBYPrtwErMosomvD4uRtVhXQdqqZZHC3NCBZYVxr4t"}
{"level":"info","ts":1675454301238855923,"msg":"at","Node":"12D3KooWPwVR5DRz8H7Qvmp1i7c3BmEJLsbXBvLBCDY5tikyx2yu","Peer":"12D3KooWKVutoujmd2QtYCFPk6WtyU9xvAgYxFXvqLVGcBHocnmG"}
{"level":"info","ts":1675454301253097840,"msg":"at","Node":"12D3KooWPwVR5DRz8H7Qvmp1i7c3BmEJLsbXBvLBCDY5tikyx2yu","Peer":"12D3KooWGve8Xnd9qBGe7YSXskiD386LmWuWEhQjVhyLFQBiKou5"}
{"level":"info","ts":1675454301913323757,"msg":"ab","Node":"12D3KooWPwVR5DRz8H7Qvmp1i7c3BmEJLsbXBvLBCDY5tikyx2yu","Peer":"12D3KooWB224kvi7vN34xJfsfW7bnv6eodxTkgo9VFA6UiaGMgRD"}
{"level":"info","ts":1675454301926050299,"msg":"ab","Node":"12D3KooWPwVR5DRz8H7Qvmp1i7c3BmEJLsbXBvLBCDY5tikyx2yu","Peer":"12D3KooWCUD1fJhtHsV93H6zZCwPZq5WBLsNTSWUW86EDykHrUgd"}
{"level":"info","ts":1675454301962379715,"msg":"ab","Node":"12D3KooWPwVR5DRz8H7Qvmp1i7c3BmEJLsbXBvLBCDY5tikyx2yu","Peer":"12D3KooWNc5rNmCJ9yvXviXaENnp7vqDQjomZwia4aA7Q3hSYkiW"}
{"level":"info","ts":1675454301971847090,"msg":"ab","Node":"12D3KooWPwVR5DRz8H7Qvmp1i7c3BmEJLsbXBvLBCDY5tikyx2yu","Peer":"12D3KooWQ3XvwCaYCPy5oXzUiSVQWoBJTkSjkVnMDaDrvCDNpTtZ"}
{"level":"info","ts":1675454301982679507,"msg":"ab","Node":"12D3KooWPwVR5DRz8H7Qvmp1i7c3BmEJLsbXBvLBCDY5tikyx2yu","Peer":"12D3KooWB1b3qZxWJanuhtseF3DmPggHCtG36KZ9ixkqHtdKH9fh"}
{"level":"info","ts":1675454301992845715,"msg":"ab","Node":"12D3KooWPwVR5DRz8H7Qvmp1i7c3BmEJLsbXBvLBCDY5tikyx2yu","Peer":"12D3KooWKCz8coBHWrFr7Z3ZZekUTsZdm9bUTuKQBbX6tTvKhqmy"}
{"level":"info","ts":1675454301998835507,"msg":"ab","Node":"12D3KooWPwVR5DRz8H7Qvmp1i7c3BmEJLsbXBvLBCDY5tikyx2yu","Peer":"12D3KooWPgam4TzSVCRa4AbhxQnM9abCYR4E9hV57SN7eAjEYn1j"}
{"level":"info","ts":1675454302016145507,"msg":"ab","Node":"12D3KooWPwVR5DRz8H7Qvmp1i7c3BmEJLsbXBvLBCDY5tikyx2yu","Peer":"12D3KooWKwfWu3TQuPNRUfEjEYSANNDYvq2D2GuYdysyHcGHB58t"}
{"level":"info","ts":1675454302021009049,"msg":"ab","Node":"12D3KooWPwVR5DRz8H7Qvmp1i7c3BmEJLsbXBvLBCDY5tikyx2yu","Peer":"12D3KooW9yvKfP5HgVaLnNaxWywo3pLAEypk7wjUcpgKwLznk5gQ"}
{"level":"info","ts":1675454302047937465,"msg":"ab","Node":"12D3KooWPwVR5DRz8H7Qvmp1i7c3BmEJLsbXBvLBCDY5tikyx2yu","Peer":"12D3KooWSyUTnwQRmgAaT5hnnDiU9BENzaGGH4MNnT8iU138rjLw"}
{"level":"info","ts":1675454302055596507,"msg":"ab","Node":"12D3KooWPwVR5DRz8H7Qvmp1i7c3BmEJLsbXBvLBCDY5tikyx2yu","Peer":"12D3KooWNentwzsa1BpUkXPJWYBg3riYQ64XM9JUCfoVt4KqwKdw"}
{"level":"info","ts":1675454302078994299,"msg":"ab","Node":"12D3KooWPwVR5DRz8H7Qvmp1i7c3BmEJLsbXBvLBCDY5tikyx2yu","Peer":"12D3KooWKRyzVWW6ChFjQjK4miCty85Niy49tpPV95XdKu1BcvMA"}
{"level":"info","ts":1675454302092474674,"msg":"ab","Node":"12D3KooWPwVR5DRz8H7Qvmp1i7c3BmEJLsbXBvLBCDY5tikyx2yu","Peer":"12D3KooWQfG74brcJhzpNwjPCZmcbBv8f6wxKgLSYmEDXXdPXQpH"}
{"level":"info","ts":1675454302096919049,"msg":"ab","Node":"12D3KooWPwVR5DRz8H7Qvmp1i7c3BmEJLsbXBvLBCDY5tikyx2yu","Peer":"12D3KooWQYz2inBsgiBoqNtmEn1qeRBr9B8cdishFuBgiARcfMcY"}
{"level":"info","ts":1675454302104704590,"msg":"ab","Node":"12D3KooWPwVR5DRz8H7Qvmp1i7c3BmEJLsbXBvLBCDY5tikyx2yu","Peer":"12D3KooWGEcD5sW5osB6LajkHGqiGc3W8eKfYwnJVVqfujkpLWX2"}
{"level":"info","ts":1675454302112695340,"msg":"ab","Node":"12D3KooWPwVR5DRz8H7Qvmp1i7c3BmEJLsbXBvLBCDY5tikyx2yu","Peer":"12D3KooWFJGAAPuFWEeZUVvSEs7dEGnzgCyBpVuYAx8R9WmSNMe7"}
{"level":"info","ts":1675454302126086965,"msg":"ab","Node":"12D3KooWPwVR5DRz8H7Qvmp1i7c3BmEJLsbXBvLBCDY5tikyx2yu","Peer":"12D3KooWFB7QisaHRFaMwskj6JE4vuoruNMSRNL4pfL2WEReWzMd"}
{"level":"info","ts":1675454302143437132,"msg":"ab","Node":"12D3KooWPwVR5DRz8H7Qvmp1i7c3BmEJLsbXBvLBCDY5tikyx2yu","Peer":"12D3KooWGBv5oKekns7NunQ9FMNXihJvwyuELAcq84Z9Hxgc2PZh"}
{"level":"info","ts":1675454302163853424,"msg":"ab","Node":"12D3KooWPwVR5DRz8H7Qvmp1i7c3BmEJLsbXBvLBCDY5tikyx2yu","Peer":"12D3KooWDf6Jpo3XnCHoQ7uXMpxS3RbZrysd9Z7iGWLqyQ8K87VZ"}
{"level":"info","ts":1675454302174323090,"msg":"ab","Node":"12D3KooWPwVR5DRz8H7Qvmp1i7c3BmEJLsbXBvLBCDY5tikyx2yu","Peer":"12D3KooWGVijKpKXAveYbcCXhe8DhrykfXaehwPM6mcSgagqXkEg"}
{"level":"info","ts":1675454302185332257,"msg":"ab","Node":"12D3KooWPwVR5DRz8H7Qvmp1i7c3BmEJLsbXBvLBCDY5tikyx2yu","Peer":"12D3KooWM4yJB31d4hF2F9Vdwuj9WFo1qonoySyw4bVAQ9a9d21o"}
{"level":"info","ts":1675454302213620716,"msg":"ab","Node":"12D3KooWPwVR5DRz8H7Qvmp1i7c3BmEJLsbXBvLBCDY5tikyx2yu","Peer":"12D3KooWSVahexScA4jt5HsavZut74osC2MWonEzXfNpPhhVj9eq"}
{"level":"info","ts":1675454302242388507,"msg":"ab","Node":"12D3KooWPwVR5DRz8H7Qvmp1i7c3BmEJLsbXBvLBCDY5tikyx2yu","Peer":"12D3KooWBremnqYWBDK6ctvCuhCqJAps5ZAPADu53gXhQHexrvtP"}
{"level":"info","ts":1675454302260654716,"msg":"ab","Node":"12D3KooWPwVR5DRz8H7Qvmp1i7c3BmEJLsbXBvLBCDY5tikyx2yu","Peer":"12D3KooWNEWRB7PnuZs164xaA9QWM3iZHekHyEQo5qGP5KCHHuSN"}
{"level":"info","ts":1675454302280534257,"msg":"ab","Node":"12D3KooWPwVR5DRz8H7Qvmp1i7c3BmEJLsbXBvLBCDY5tikyx2yu","Peer":"12D3KooWE2N9kXfsBWLWYdtaX9uY7HxJTfFmVFQFxvUXCQ6bT883"}
{"level":"info","ts":1675454302295098549,"msg":"ab","Node":"12D3KooWPwVR5DRz8H7Qvmp1i7c3BmEJLsbXBvLBCDY5tikyx2yu","Peer":"12D3KooWHHzSeKaY8xuZVzkLbKFfvNgPPeKhFBGrMbNzbm5akpqu"}
{"level":"info","ts":1675454302310437674,"msg":"ab","Node":"12D3KooWPwVR5DRz8H7Qvmp1i7c3BmEJLsbXBvLBCDY5tikyx2yu","Peer":"12D3KooWGFLL95aAHX7AJZzSn9vFY49znDxeaGPU14TKzrHP7ygU"}
{"level":"info","ts":1675454302324692966,"msg":"ab","Node":"12D3KooWPwVR5DRz8H7Qvmp1i7c3BmEJLsbXBvLBCDY5tikyx2yu","Peer":"12D3KooWCv935r3ropYhUe5yMCp9QiUoc9A6cZpYQ5x84DqEPbwb"}
{"level":"info","ts":1675454302353486924,"msg":"ab","Node":"12D3KooWPwVR5DRz8H7Qvmp1i7c3BmEJLsbXBvLBCDY5tikyx2yu","Peer":"12D3KooWE4qDcRrueTuRYWUdQZgcy7APZqBngVeXRt4Y6ytHizKV"}
{"level":"info","ts":1675454302364094174,"msg":"ab","Node":"12D3KooWPwVR5DRz8H7Qvmp1i7c3BmEJLsbXBvLBCDY5tikyx2yu","Peer":"12D3KooWCR2EoapJjoQVR4E3NLjWn818gG3XizQ92Yx6C424HL2g"}
{"level":"info","ts":1675454302368024757,"msg":"ab","Node":"12D3KooWPwVR5DRz8H7Qvmp1i7c3BmEJLsbXBvLBCDY5tikyx2yu","Peer":"12D3KooWBHDsBRbrf52fh6czkYXYY3tTk4fSfen3ZWvYEzFeHM2g"}
{"level":"info","ts":1675454302395575674,"msg":"ab","Node":"12D3KooWPwVR5DRz8H7Qvmp1i7c3BmEJLsbXBvLBCDY5tikyx2yu","Peer":"12D3KooWGBmjmt6Am4j4CWyLRd36hqj1dDKstAyLaeePmEUt7cUp"}
{"level":"info","ts":1675454302438678591,"msg":"ab","Node":"12D3KooWPwVR5DRz8H7Qvmp1i7c3BmEJLsbXBvLBCDY5tikyx2yu","Peer":"12D3KooWL3XJ9EMCyZvmmGXL2LMiVBtrVa2BuESsJiXkSj7333Jw"}
{"level":"info","ts":1675454302451403549,"msg":"ab","Node":"12D3KooWPwVR5DRz8H7Qvmp1i7c3BmEJLsbXBvLBCDY5tikyx2yu","Peer":"12D3KooWRuYVGEsecrJJhZsSoKf1UNdBVYKFCmFLNj9ucZiSQCYj"}
{"level":"info","ts":1675454302466686132,"msg":"ab","Node":"12D3KooWPwVR5DRz8H7Qvmp1i7c3BmEJLsbXBvLBCDY5tikyx2yu","Peer":"12D3KooWEiCzB4bVxyxYwB7xpSvra1Yz1SB39kih4qHpFjDWoC9J"}
{"level":"info","ts":1675454302503485674,"msg":"ab","Node":"12D3KooWPwVR5DRz8H7Qvmp1i7c3BmEJLsbXBvLBCDY5tikyx2yu","Peer":"12D3KooWGCvi3KESxsfJqabtDpZTviCeycABxLRtCPR7aQAdAwir"}
{"level":"info","ts":1675454302524537132,"msg":"ab","Node":"12D3KooWPwVR5DRz8H7Qvmp1i7c3BmEJLsbXBvLBCDY5tikyx2yu","Peer":"12D3KooWFqdBYPrtwErMosomvD4uRtVhXQdqqZZHC3NCBZYVxr4t"}
{"level":"info","ts":1675454302544567174,"msg":"ab","Node":"12D3KooWPwVR5DRz8H7Qvmp1i7c3BmEJLsbXBvLBCDY5tikyx2yu","Peer":"12D3KooWKVutoujmd2QtYCFPk6WtyU9xvAgYxFXvqLVGcBHocnmG"}
{"level":"info","ts":1675454302562698466,"msg":"ab","Node":"12D3KooWPwVR5DRz8H7Qvmp1i7c3BmEJLsbXBvLBCDY5tikyx2yu","Peer":"12D3KooWGve8Xnd9qBGe7YSXskiD386LmWuWEhQjVhyLFQBiKou5"}
{"level":"info","ts":1675454363459531091,"msg":"after_provide","Node":"12D3KooWPwVR5DRz8H7Qvmp1i7c3BmEJLsbXBvLBCDY5tikyx2yu","Peer":"12D3KooWB224kvi7vN34xJfsfW7bnv6eodxTkgo9VFA6UiaGMgRD"}
{"level":"info","ts":1675454363559145299,"msg":"after_provide","Node":"12D3KooWPwVR5DRz8H7Qvmp1i7c3BmEJLsbXBvLBCDY5tikyx2yu","Peer":"12D3KooWCUD1fJhtHsV93H6zZCwPZq5WBLsNTSWUW86EDykHrUgd"}
{"level":"info","ts":1675454363599232133,"msg":"after_provide","Node":"12D3KooWPwVR5DRz8H7Qvmp1i7c3BmEJLsbXBvLBCDY5tikyx2yu","Peer":"12D3KooWNc5rNmCJ9yvXviXaENnp7vqDQjomZwia4aA7Q3hSYkiW"}
{"level":"info","ts":1675454363642684133,"msg":"after_provide","Node":"12D3KooWPwVR5DRz8H7Qvmp1i7c3BmEJLsbXBvLBCDY5tikyx2yu","Peer":"12D3KooWQ3XvwCaYCPy5oXzUiSVQWoBJTkSjkVnMDaDrvCDNpTtZ"}
{"level":"info","ts":1675454363682657550,"msg":"after_provide","Node":"12D3KooWPwVR5DRz8H7Qvmp1i7c3BmEJLsbXBvLBCDY5tikyx2yu","Peer":"12D3KooWB1b3qZxWJanuhtseF3DmPggHCtG36KZ9ixkqHtdKH9fh"}
{"level":"info","ts":1675454363731452300,"msg":"after_provide","Node":"12D3KooWPwVR5DRz8H7Qvmp1i7c3BmEJLsbXBvLBCDY5tikyx2yu","Peer":"12D3KooWKCz8coBHWrFr7Z3ZZekUTsZdm9bUTuKQBbX6tTvKhqmy"}
{"level":"info","ts":1675454363878276591,"msg":"after_provide","Node":"12D3KooWPwVR5DRz8H7Qvmp1i7c3BmEJLsbXBvLBCDY5tikyx2yu","Peer":"12D3KooWPgam4TzSVCRa4AbhxQnM9abCYR4E9hV57SN7eAjEYn1j"}
{"level":"info","ts":1675454363946821925,"msg":"after_provide","Node":"12D3KooWPwVR5DRz8H7Qvmp1i7c3BmEJLsbXBvLBCDY5tikyx2yu","Peer":"12D3KooWKwfWu3TQuPNRUfEjEYSANNDYvq2D2GuYdysyHcGHB58t"}
{"level":"info","ts":1675454363994305383,"msg":"after_provide","Node":"12D3KooWPwVR5DRz8H7Qvmp1i7c3BmEJLsbXBvLBCDY5tikyx2yu","Peer":"12D3KooW9yvKfP5HgVaLnNaxWywo3pLAEypk7wjUcpgKwLznk5gQ"}
{"level":"info","ts":1675454364048130050,"msg":"after_provide","Node":"12D3KooWPwVR5DRz8H7Qvmp1i7c3BmEJLsbXBvLBCDY5tikyx2yu","Peer":"12D3KooWSyUTnwQRmgAaT5hnnDiU9BENzaGGH4MNnT8iU138rjLw"}
{"level":"info","ts":1675454364057334841,"msg":"after_provide","Node":"12D3KooWPwVR5DRz8H7Qvmp1i7c3BmEJLsbXBvLBCDY5tikyx2yu","Peer":"12D3KooWNentwzsa1BpUkXPJWYBg3riYQ64XM9JUCfoVt4KqwKdw"}
{"level":"info","ts":1675454364107669175,"msg":"after_provide","Node":"12D3KooWPwVR5DRz8H7Qvmp1i7c3BmEJLsbXBvLBCDY5tikyx2yu","Peer":"12D3KooWKRyzVWW6ChFjQjK4miCty85Niy49tpPV95XdKu1BcvMA"}
{"level":"info","ts":1675454364132924133,"msg":"after_provide","Node":"12D3KooWPwVR5DRz8H7Qvmp1i7c3BmEJLsbXBvLBCDY5tikyx2yu","Peer":"12D3KooWQfG74brcJhzpNwjPCZmcbBv8f6wxKgLSYmEDXXdPXQpH"}
{"level":"info","ts":1675454364169913216,"msg":"after_provide","Node":"12D3KooWPwVR5DRz8H7Qvmp1i7c3BmEJLsbXBvLBCDY5tikyx2yu","Peer":"12D3KooWQYz2inBsgiBoqNtmEn1qeRBr9B8cdishFuBgiARcfMcY"}
{"level":"info","ts":1675454364201510466,"msg":"after_provide","Node":"12D3KooWPwVR5DRz8H7Qvmp1i7c3BmEJLsbXBvLBCDY5tikyx2yu","Peer":"12D3KooWGEcD5sW5osB6LajkHGqiGc3W8eKfYwnJVVqfujkpLWX2"}
{"level":"info","ts":1675454364250382300,"msg":"after_provide","Node":"12D3KooWPwVR5DRz8H7Qvmp1i7c3BmEJLsbXBvLBCDY5tikyx2yu","Peer":"12D3KooWFJGAAPuFWEeZUVvSEs7dEGnzgCyBpVuYAx8R9WmSNMe7"}
{"level":"info","ts":1675454364270343008,"msg":"after_provide","Node":"12D3KooWPwVR5DRz8H7Qvmp1i7c3BmEJLsbXBvLBCDY5tikyx2yu","Peer":"12D3KooWFB7QisaHRFaMwskj6JE4vuoruNMSRNL4pfL2WEReWzMd"}
{"level":"info","ts":1675454364324377550,"msg":"after_provide","Node":"12D3KooWPwVR5DRz8H7Qvmp1i7c3BmEJLsbXBvLBCDY5tikyx2yu","Peer":"12D3KooWGBv5oKekns7NunQ9FMNXihJvwyuELAcq84Z9Hxgc2PZh"}
{"level":"info","ts":1675454364362234758,"msg":"after_provide","Node":"12D3KooWPwVR5DRz8H7Qvmp1i7c3BmEJLsbXBvLBCDY5tikyx2yu","Peer":"12D3KooWDf6Jpo3XnCHoQ7uXMpxS3RbZrysd9Z7iGWLqyQ8K87VZ"}
{"level":"info","ts":1675454364384544883,"msg":"after_provide","Node":"12D3KooWPwVR5DRz8H7Qvmp1i7c3BmEJLsbXBvLBCDY5tikyx2yu","Peer":"12D3KooWGVijKpKXAveYbcCXhe8DhrykfXaehwPM6mcSgagqXkEg"}
{"level":"info","ts":1675454364409832842,"msg":"after_provide","Node":"12D3KooWPwVR5DRz8H7Qvmp1i7c3BmEJLsbXBvLBCDY5tikyx2yu","Peer":"12D3KooWM4yJB31d4hF2F9Vdwuj9WFo1qonoySyw4bVAQ9a9d21o"}
{"level":"info","ts":1675454364432076092,"msg":"after_provide","Node":"12D3KooWPwVR5DRz8H7Qvmp1i7c3BmEJLsbXBvLBCDY5tikyx2yu","Peer":"12D3KooWSVahexScA4jt5HsavZut74osC2MWonEzXfNpPhhVj9eq"}
{"level":"info","ts":1675454364453037633,"msg":"after_provide","Node":"12D3KooWPwVR5DRz8H7Qvmp1i7c3BmEJLsbXBvLBCDY5tikyx2yu","Peer":"12D3KooWBremnqYWBDK6ctvCuhCqJAps5ZAPADu53gXhQHexrvtP"}
{"level":"info","ts":1675454364462676383,"msg":"after_provide","Node":"12D3KooWPwVR5DRz8H7Qvmp1i7c3BmEJLsbXBvLBCDY5tikyx2yu","Peer":"12D3KooWNEWRB7PnuZs164xaA9QWM3iZHekHyEQo5qGP5KCHHuSN"}
{"level":"info","ts":1675454364480426508,"msg":"after_provide","Node":"12D3KooWPwVR5DRz8H7Qvmp1i7c3BmEJLsbXBvLBCDY5tikyx2yu","Peer":"12D3KooWE2N9kXfsBWLWYdtaX9uY7HxJTfFmVFQFxvUXCQ6bT883"}
{"level":"info","ts":1675454364520309342,"msg":"after_provide","Node":"12D3KooWPwVR5DRz8H7Qvmp1i7c3BmEJLsbXBvLBCDY5tikyx2yu","Peer":"12D3KooWHHzSeKaY8xuZVzkLbKFfvNgPPeKhFBGrMbNzbm5akpqu"}
{"level":"info","ts":1675454364537800258,"msg":"after_provide","Node":"12D3KooWPwVR5DRz8H7Qvmp1i7c3BmEJLsbXBvLBCDY5tikyx2yu","Peer":"12D3KooWGFLL95aAHX7AJZzSn9vFY49znDxeaGPU14TKzrHP7ygU"}
{"level":"info","ts":1675454364588368883,"msg":"after_provide","Node":"12D3KooWPwVR5DRz8H7Qvmp1i7c3BmEJLsbXBvLBCDY5tikyx2yu","Peer":"12D3KooWCv935r3ropYhUe5yMCp9QiUoc9A6cZpYQ5x84DqEPbwb"}
{"level":"info","ts":1675454364729139508,"msg":"after_provide","Node":"12D3KooWPwVR5DRz8H7Qvmp1i7c3BmEJLsbXBvLBCDY5tikyx2yu","Peer":"12D3KooWE4qDcRrueTuRYWUdQZgcy7APZqBngVeXRt4Y6ytHizKV"}
{"level":"info","ts":1675454364803976217,"msg":"after_provide","Node":"12D3KooWPwVR5DRz8H7Qvmp1i7c3BmEJLsbXBvLBCDY5tikyx2yu","Peer":"12D3KooWCR2EoapJjoQVR4E3NLjWn818gG3XizQ92Yx6C424HL2g"}
{"level":"info","ts":1675454364836805050,"msg":"after_provide","Node":"12D3KooWPwVR5DRz8H7Qvmp1i7c3BmEJLsbXBvLBCDY5tikyx2yu","Peer":"12D3KooWBHDsBRbrf52fh6czkYXYY3tTk4fSfen3ZWvYEzFeHM2g"}
{"level":"info","ts":1675454364850714675,"msg":"after_provide","Node":"12D3KooWPwVR5DRz8H7Qvmp1i7c3BmEJLsbXBvLBCDY5tikyx2yu","Peer":"12D3KooWGBmjmt6Am4j4CWyLRd36hqj1dDKstAyLaeePmEUt7cUp"}
{"level":"info","ts":1675454364887965425,"msg":"after_provide","Node":"12D3KooWPwVR5DRz8H7Qvmp1i7c3BmEJLsbXBvLBCDY5tikyx2yu","Peer":"12D3KooWL3XJ9EMCyZvmmGXL2LMiVBtrVa2BuESsJiXkSj7333Jw"}
{"level":"info","ts":1675454364989649425,"msg":"after_provide","Node":"12D3KooWPwVR5DRz8H7Qvmp1i7c3BmEJLsbXBvLBCDY5tikyx2yu","Peer":"12D3KooWRuYVGEsecrJJhZsSoKf1UNdBVYKFCmFLNj9ucZiSQCYj"}
{"level":"info","ts":1675454365129744800,"msg":"after_provide","Node":"12D3KooWPwVR5DRz8H7Qvmp1i7c3BmEJLsbXBvLBCDY5tikyx2yu","Peer":"12D3KooWEiCzB4bVxyxYwB7xpSvra1Yz1SB39kih4qHpFjDWoC9J"}
{"level":"info","ts":1675454365170103300,"msg":"after_provide","Node":"12D3KooWPwVR5DRz8H7Qvmp1i7c3BmEJLsbXBvLBCDY5tikyx2yu","Peer":"12D3KooWGCvi3KESxsfJqabtDpZTviCeycABxLRtCPR7aQAdAwir"}
{"level":"info","ts":1675454365199245759,"msg":"after_provide","Node":"12D3KooWPwVR5DRz8H7Qvmp1i7c3BmEJLsbXBvLBCDY5tikyx2yu","Peer":"12D3KooWFqdBYPrtwErMosomvD4uRtVhXQdqqZZHC3NCBZYVxr4t"}
{"level":"info","ts":1675454365290840550,"msg":"after_provide","Node":"12D3KooWPwVR5DRz8H7Qvmp1i7c3BmEJLsbXBvLBCDY5tikyx2yu","Peer":"12D3KooWKVutoujmd2QtYCFPk6WtyU9xvAgYxFXvqLVGcBHocnmG"}
{"level":"info","ts":1675454365319592134,"msg":"after_provide","Node":"12D3KooWPwVR5DRz8H7Qvmp1i7c3BmEJLsbXBvLBCDY5tikyx2yu","Peer":"12D3KooWGve8Xnd9qBGe7YSXskiD386LmWuWEhQjVhyLFQBiKou5"}
