{"ts":1674237064637557547,"msg":"","group_id":"cypress-provider","run_id":"cf5d84nrirfvjf9ah5v0","event":{"message_event":{"message":"registering default http handler at: http://[::]:6060/ (pprof: http://[::]:6060/debug/pprof/)"}}}
{"ts":1674237064682265589,"msg":"","group_id":"cypress-provider","run_id":"cf5d84nrirfvjf9ah5v0","event":{"start_event":{"runenv":{"plan":"dht","case":"find-providers","run":"cf5d84nrirfvjf9ah5v0","params":{"alpha":"6","auto_refresh":"true","beta":"3","bootstrapper":"true","bs_strategy":"3","bucket_size":"10","client_mode":"false","datastore":"0","expect_dht":"true","group_order":"1","latency":"100","peer_id_seed":"0","random_walk":"false","record_count":"5","record_seed":"0","search_records":"true","timeout_secs":"2000","undialable":"false"},"instances":50,"outputs_path":"/outputs","temp_path":"/temp","network":"16.85.0.0/16","group":"cypress-provider","group_instances":50}}}}
{"ts":1674237064772236631,"msg":"","group_id":"cypress-provider","run_id":"cf5d84nrirfvjf9ah5v0","event":{"message_event":{"message":"waiting for network to initialize"}}}
{"ts":1674237073968725510,"msg":"","group_id":"cypress-provider","run_id":"cf5d84nrirfvjf9ah5v0","event":{"message_event":{"message":"network initialisation successful"}}}
{"ts":1674237074054700302,"msg":"","group_id":"cypress-provider","run_id":"cf5d84nrirfvjf9ah5v0","event":{"message_event":{"message":"network initialization complete"}}}
{"ts":1674237074103179469,"msg":"","group_id":"cypress-provider","run_id":"cf5d84nrirfvjf9ah5v0","event":{"message_event":{"message":"claimed sequence numbers; global=23, group(cypress-provider)=23"}}}
{"ts":1674237074214078760,"msg":"","group_id":"cypress-provider","run_id":"cf5d84nrirfvjf9ah5v0","event":{"message_event":{"message":"Finding providers"}}}
{"ts":1674237075172538011,"msg":"","group_id":"cypress-provider","run_id":"cf5d84nrirfvjf9ah5v0","event":{"message_event":{"message":"network initialisation successful"}}}
{"ts":1674237075377428594,"msg":"","group_id":"cypress-provider","run_id":"cf5d84nrirfvjf9ah5v0","event":{"message_event":{"message":"SetupNetwork, network setup completed"}}}
{"ts":1674237075859340928,"msg":"","group_id":"cypress-provider","run_id":"cf5d84nrirfvjf9ah5v0","event":{"message_event":{"message":"there are 1 groups map[cypress-provider:0x4001a62480]"}}}
{"ts":1674237075894307928,"msg":"","group_id":"cypress-provider","run_id":"cf5d84nrirfvjf9ah5v0","event":{"message_event":{"message":"setGroupInfo, sortedGroup:%!(EXTRA []string=[cypress-provider])"}}}
{"ts":1674237075899565178,"msg":"","group_id":"cypress-provider","run_id":"cf5d84nrirfvjf9ah5v0","event":{"message_event":{"message":"past group info"}}}
{"ts":1674237075912280886,"msg":"","group_id":"cypress-provider","run_id":"cf5d84nrirfvjf9ah5v0","event":{"message_event":{"message":"connmgr parameters: hi=12, lo=6"}}}
{"ts":1674237076059389386,"msg":"","group_id":"cypress-provider","run_id":"cf5d84nrirfvjf9ah5v0","event":{"message_event":{"message":"creating DHT"}}}
{"ts":1674237076187837553,"msg":"","group_id":"cypress-provider","run_id":"cf5d84nrirfvjf9ah5v0","event":{"message_event":{"message":"creating DHT successful"}}}
{"ts":1674237076206355886,"msg":"","group_id":"cypress-provider","run_id":"cf5d84nrirfvjf9ah5v0","event":{"message_event":{"message":"supporting protocol:%!(EXTRA string=/p2p/id/delta/1.0.0)"}}}
{"ts":1674237076217345720,"msg":"","group_id":"cypress-provider","run_id":"cf5d84nrirfvjf9ah5v0","event":{"message_event":{"message":"supporting protocol:%!(EXTRA string=/ipfs/id/1.0.0)"}}}
{"ts":1674237076261260053,"msg":"","group_id":"cypress-provider","run_id":"cf5d84nrirfvjf9ah5v0","event":{"message_event":{"message":"supporting protocol:%!(EXTRA string=/ipfs/id/push/1.0.0)"}}}
{"ts":1674237076304754261,"msg":"","group_id":"cypress-provider","run_id":"cf5d84nrirfvjf9ah5v0","event":{"message_event":{"message":"supporting protocol:%!(EXTRA string=/ipfs/ping/1.0.0)"}}}
{"ts":1674237076314772678,"msg":"","group_id":"cypress-provider","run_id":"cf5d84nrirfvjf9ah5v0","event":{"message_event":{"message":"supporting protocol:%!(EXTRA string=/libp2p/circuit/relay/0.1.0)"}}}
{"ts":1674237076421019970,"msg":"","group_id":"cypress-provider","run_id":"cf5d84nrirfvjf9ah5v0","event":{"message_event":{"message":"supporting protocol:%!(EXTRA string=/libp2p/circuit/relay/0.2.0/stop)"}}}
{"ts":1674237076425400261,"msg":"","group_id":"cypress-provider","run_id":"cf5d84nrirfvjf9ah5v0","event":{"message_event":{"message":"supporting protocol:%!(EXTRA string=/libp2p/autonat/1.0.0)"}}}
{"ts":1674237076461733428,"msg":"","group_id":"cypress-provider","run_id":"cf5d84nrirfvjf9ah5v0","event":{"message_event":{"message":"supporting protocol:%!(EXTRA string=/testground/kad/1.0.0)"}}}
{"ts":1674237077539524137,"msg":"","group_id":"cypress-provider","run_id":"cf5d84nrirfvjf9ah5v0","event":{"message_event":{"message":"22 is waiting on 0 from state 0"}}}
{"ts":1674237077573373345,"msg":"requested a barrier with target zero; satisfying immediately","group_id":"cypress-provider","run_id":"cf5d84nrirfvjf9ah5v0","state":"boostrap-gradual1-0"}
{"ts":1674237077679141262,"msg":"","group_id":"cypress-provider","run_id":"cf5d84nrirfvjf9ah5v0","event":{"message_event":{"message":"22 is running"}}}
{"ts":1674237077828460804,"msg":"","group_id":"cypress-provider","run_id":"cf5d84nrirfvjf9ah5v0","event":{"message_event":{"message":"Dial to all other peers"}}}
{"ts":1674237077968404929,"msg":"","group_id":"cypress-provider","run_id":"cf5d84nrirfvjf9ah5v0","event":{"message_event":{"message":"dialling peer 12D3KooWPZk9oAqaXNcWic2xpa2UKPwcuxt2hRk4sdrYL7YeapCL (attempt 1)"}}}
{"ts":1674237078069754012,"msg":"","group_id":"cypress-provider","run_id":"cf5d84nrirfvjf9ah5v0","event":{"message_event":{"message":"Connect, successfully dialed peer: %!(EXTRA peer.AddrInfo={12D3KooWPZk9oAqaXNcWic2xpa2UKPwcuxt2hRk4sdrYL7YeapCL: [/ip4/16.85.0.42/tcp/44637]})"}}}
{"ts":1674237078203618387,"msg":"","group_id":"cypress-provider","run_id":"cf5d84nrirfvjf9ah5v0","event":{"message_event":{"message":"dialling peer 12D3KooWQfG74brcJhzpNwjPCZmcbBv8f6wxKgLSYmEDXXdPXQpH (attempt 1)"}}}
{"ts":1674237078357629137,"msg":"","group_id":"cypress-provider","run_id":"cf5d84nrirfvjf9ah5v0","event":{"message_event":{"message":"Connect, successfully dialed peer: %!(EXTRA peer.AddrInfo={12D3KooWQfG74brcJhzpNwjPCZmcbBv8f6wxKgLSYmEDXXdPXQpH: [/ip4/16.85.0.15/tcp/43891]})"}}}
{"ts":1674237078559257304,"msg":"","group_id":"cypress-provider","run_id":"cf5d84nrirfvjf9ah5v0","event":{"message_event":{"message":"dialling peer 12D3KooWPgam4TzSVCRa4AbhxQnM9abCYR4E9hV57SN7eAjEYn1j (attempt 1)"}}}
{"ts":1674237078936729304,"msg":"","group_id":"cypress-provider","run_id":"cf5d84nrirfvjf9ah5v0","event":{"message_event":{"message":"Connect, successfully dialed peer: %!(EXTRA peer.AddrInfo={12D3KooWPgam4TzSVCRa4AbhxQnM9abCYR4E9hV57SN7eAjEYn1j: [/ip4/16.85.0.13/tcp/42307]})"}}}
{"ts":1674237112181326750,"msg":"","group_id":"cypress-provider","run_id":"cf5d84nrirfvjf9ah5v0","event":{"message_event":{"message":"bootstrap: everyone table ready"}}}
{"ts":1674237113129418750,"msg":"","group_id":"cypress-provider","run_id":"cf5d84nrirfvjf9ah5v0","event":{"message_event":{"message":"22 is done - waiting for 49"}}}
{"ts":1674237113211217792,"msg":"","group_id":"cypress-provider","run_id":"cf5d84nrirfvjf9ah5v0","event":{"message_event":{"message":"22 passed the barrier"}}}
{"ts":1674237115277959835,"msg":"","group_id":"cypress-provider","run_id":"cf5d84nrirfvjf9ah5v0","event":{"message_event":{"message":"bootstrap: begin trim"}}}
{"ts":1674237116336027127,"msg":"","group_id":"cypress-provider","run_id":"cf5d84nrirfvjf9ah5v0","event":{"message_event":{"message":"name: signal bootstrapping0; uint: ns; time: %!d(float64=4.482708e+06)"}}}
{"ts":1674237116346044252,"msg":"","group_id":"cypress-provider","run_id":"cf5d84nrirfvjf9ah5v0","event":{"message_event":{"message":"signal bootstrapping0%!(EXTRA float64=1.4494458e+07)"}}}
{"ts":1674237116374902419,"msg":"","group_id":"cypress-provider","run_id":"cf5d84nrirfvjf9ah5v0","event":{"message_event":{"message":"name: barrier bootstrapping0; uint: ns; time: %!d(float64=542)"}}}
{"ts":1674237116483489210,"msg":"","group_id":"cypress-provider","run_id":"cf5d84nrirfvjf9ah5v0","event":{"message_event":{"message":"barrierbootstrapping0%!(EXTRA float64=1.10254083e+08)"}}}
{"ts":1674237116543236460,"msg":"","group_id":"cypress-provider","run_id":"cf5d84nrirfvjf9ah5v0","event":{"message_event":{"message":"name: full bootstrapping0; uint: ns; time: %!d(float64=1.70014292e+08)"}}}
{"ts":1674237116577110960,"msg":"","group_id":"cypress-provider","run_id":"cf5d84nrirfvjf9ah5v0","event":{"message_event":{"message":"full bootstrapping0%!(EXTRA float64=3.9035797392e+10)"}}}
{"ts":1674237117685518169,"msg":"","group_id":"cypress-provider","run_id":"cf5d84nrirfvjf9ah5v0","event":{"message_event":{"message":"bootstrap: finished with 13 connections, 36 in the routing table"}}}
{"ts":1674237117703133336,"msg":"","group_id":"cypress-provider","run_id":"cf5d84nrirfvjf9ah5v0","event":{"message_event":{"message":"table health: {\"IdealDepth\":6,\"ActualDepth\":6,\"Bucket\":[{\"Depth\":1,\"MaxKnownContacts\":23,\"ActualKnownContacts\":10,\"ActualUnknownContacts\":0},{\"Depth\":2,\"MaxKnownContacts\":10,\"ActualKnownContacts\":10,\"ActualUnknownContacts\":0},{\"Depth\":3,\"MaxKnownContacts\":8,\"ActualKnownContacts\":8,\"ActualUnknownContacts\":0},{\"Depth\":4,\"MaxKnownContacts\":3,\"ActualKnownContacts\":3,\"ActualUnknownContacts\":0},{\"Depth\":5,\"MaxKnownContacts\":3,\"ActualKnownContacts\":3,\"ActualUnknownContacts\":0},{\"Depth\":6,\"MaxKnownContacts\":2,\"ActualKnownContacts\":2,\"ActualUnknownContacts\":0}]}"}}}
{"ts":1674237117737937586,"msg":"","group_id":"cypress-provider","run_id":"cf5d84nrirfvjf9ah5v0","event":{"message_event":{"message":"bootstrap: done"}}}
{"ts":1674237117777399794,"msg":"","group_id":"cypress-provider","run_id":"cf5d84nrirfvjf9ah5v0","event":{"message_event":{"message":"Bootstrap phase ended"}}}
{"ts":1674237118126717503,"msg":"","group_id":"cypress-provider","run_id":"cf5d84nrirfvjf9ah5v0","event":{"message_event":{"message":"SetupNetwork, network setup completed"}}}
{"ts":1674237118207323128,"msg":"","group_id":"cypress-provider","run_id":"cf5d84nrirfvjf9ah5v0","event":{"message_event":{"message":"getRecords, record count > 0"}}}
{"ts":1674237118225221544,"msg":"","group_id":"cypress-provider","run_id":"cf5d84nrirfvjf9ah5v0","event":{"message_event":{"message":"getRecords, searchRecords: %!(EXTRA []*test.ProviderRecordSubmission=[0x400004b4a0])"}}}
{"ts":1674237118244490336,"msg":"","group_id":"cypress-provider","run_id":"cf5d84nrirfvjf9ah5v0","event":{"message_event":{"message":"start provide loop"}}}
{"ts":1674237125664940756,"msg":"","group_id":"cypress-provider","run_id":"cf5d84nrirfvjf9ah5v0","event":{"message_event":{"message":"failed to send batch to InfluxDB; attempt 0; err: Post \"http://testground-influxdb:8086/write?consistency=&db=testground&precision=ns&rp=\": context deadline exceeded (Client.Timeout exceeded while awaiting headers)"}}}
{"ts":1674237131941776009,"msg":"","group_id":"cypress-provider","run_id":"cf5d84nrirfvjf9ah5v0","event":{"message_event":{"message":"failed to send batch to InfluxDB; attempt 1; err: Post \"http://testground-influxdb:8086/write?consistency=&db=testground&precision=ns&rp=\": context deadline exceeded (Client.Timeout exceeded while awaiting headers)"}}}
{"ts":1674237135658174094,"msg":"","group_id":"cypress-provider","run_id":"cf5d84nrirfvjf9ah5v0","event":{"message_event":{"message":"Provided CID: QmQNSGk6KsGpAPPAL4PweycsHN5Te4YBvwQY8G9bYWRKpe"}}}
{"ts":1674237137897336304,"msg":"","group_id":"cypress-provider","run_id":"cf5d84nrirfvjf9ah5v0","event":{"message_event":{"message":"Provided CID: Qmbwx2wndEZeCm1257gtYyAeXrGNDStgm7YsufAHbyUkDc"}}}
{"ts":1674237138139404804,"msg":"","group_id":"cypress-provider","run_id":"cf5d84nrirfvjf9ah5v0","event":{"message_event":{"message":"failed to send batch to InfluxDB; attempt 2; err: Post \"http://testground-influxdb:8086/write?consistency=&db=testground&precision=ns&rp=\": context deadline exceeded (Client.Timeout exceeded while awaiting headers)"}}}
{"ts":1674237141473280541,"msg":"","group_id":"cypress-provider","run_id":"cf5d84nrirfvjf9ah5v0","event":{"message_event":{"message":"Provided CID: QmdKMXX7ZqzwxriTXcLtqQJQXThZrgCaiSUERdDZ9Ne95f"}}}
{"ts":1674237141791471333,"msg":"","group_id":"cypress-provider","run_id":"cf5d84nrirfvjf9ah5v0","event":{"message_event":{"message":"Provided CID: QmQHFH1e6p6NGjLiA3rVJHRYzS7qBhfbKGGajQZ26u1PuE"}}}
{"ts":1674237141857627833,"msg":"","group_id":"cypress-provider","run_id":"cf5d84nrirfvjf9ah5v0","event":{"message_event":{"message":"Provided CID: QmNnfyApQUXaqj2dsRTthNUBBktYf6seo7BJk7W9Ym56ZH"}}}
{"ts":1674237142040514375,"msg":"","group_id":"cypress-provider","run_id":"cf5d84nrirfvjf9ah5v0","event":{"message_event":{"message":"name: signal provider-records1; uint: ns; time: %!d(float64=2.0141042e+07)"}}}
{"ts":1674237142065113750,"msg":"","group_id":"cypress-provider","run_id":"cf5d84nrirfvjf9ah5v0","event":{"message_event":{"message":"signal provider-records1%!(EXTRA float64=4.4739875e+07)"}}}
{"ts":1674237142120079416,"msg":"","group_id":"cypress-provider","run_id":"cf5d84nrirfvjf9ah5v0","event":{"message_event":{"message":"name: barrier provider-records1; uint: ns; time: %!d(float64=458)"}}}
{"ts":1674237144179764751,"msg":"","group_id":"cypress-provider","run_id":"cf5d84nrirfvjf9ah5v0","event":{"message_event":{"message":"barrierprovider-records1%!(EXTRA float64=2.059691626e+09)"}}}
{"ts":1674237144249008293,"msg":"","group_id":"cypress-provider","run_id":"cf5d84nrirfvjf9ah5v0","event":{"message_event":{"message":"name: full provider-records1; uint: ns; time: %!d(float64=2.128923209e+09)"}}}
{"ts":1674237144418047168,"msg":"","group_id":"cypress-provider","run_id":"cf5d84nrirfvjf9ah5v0","event":{"message_event":{"message":"full provider-records1%!(EXTRA float64=2.6171532803e+10)"}}}
{"ts":1674237159707467800,"msg":"","group_id":"cypress-provider","run_id":"cf5d84nrirfvjf9ah5v0","event":{"message_event":{"message":"failed to send batch to InfluxDB; attempt 0; err: Post \"http://testground-influxdb:8086/write?consistency=&db=testground&precision=ns&rp=\": context deadline exceeded (Client.Timeout exceeded while awaiting headers)"}}}
{"ts":1674237168747120846,"msg":"","group_id":"cypress-provider","run_id":"cf5d84nrirfvjf9ah5v0","event":{"message_event":{"message":"failed to send batch to InfluxDB; attempt 0; err: Post \"http://testground-influxdb:8086/write?consistency=&db=testground&precision=ns&rp=\": context deadline exceeded (Client.Timeout exceeded while awaiting headers)"}}}
{"ts":1674237174850072543,"msg":"","group_id":"cypress-provider","run_id":"cf5d84nrirfvjf9ah5v0","event":{"message_event":{"message":"name: signal provider-records2; uint: ns; time: %!d(float64=3.962916e+06)"}}}
{"ts":1674237174871965168,"msg":"","group_id":"cypress-provider","run_id":"cf5d84nrirfvjf9ah5v0","event":{"message_event":{"message":"signal provider-records2%!(EXTRA float64=2.5850708e+07)"}}}
{"ts":1674237174927715959,"msg":"","group_id":"cypress-provider","run_id":"cf5d84nrirfvjf9ah5v0","event":{"message_event":{"message":"name: barrier provider-records2; uint: ns; time: %!d(float64=375)"}}}
{"ts":1674237175310853626,"msg":"","group_id":"cypress-provider","run_id":"cf5d84nrirfvjf9ah5v0","event":{"message_event":{"message":"barrierprovider-records2%!(EXTRA float64=3.83486001e+08)"}}}
{"ts":1674237175473963543,"msg":"","group_id":"cypress-provider","run_id":"cf5d84nrirfvjf9ah5v0","event":{"message_event":{"message":"name: full provider-records2; uint: ns; time: %!d(float64=5.46594209e+08)"}}}
{"ts":1674237175575722668,"msg":"","group_id":"cypress-provider","run_id":"cf5d84nrirfvjf9ah5v0","event":{"message_event":{"message":"full provider-records2%!(EXTRA float64=2.9230634555e+10)"}}}
{"ts":1674237176363832169,"msg":"","group_id":"cypress-provider","run_id":"cf5d84nrirfvjf9ah5v0","event":{"success_event":{"group":"cypress-provider"}}}
{"ts":1674237183373049714,"msg":"","group_id":"cypress-provider","run_id":"cf5d84nrirfvjf9ah5v0","event":{"message_event":{"message":"failed to send batch to InfluxDB; attempt 0; err: Post \"http://testground-influxdb:8086/write?consistency=&db=testground&precision=ns&rp=\": context deadline exceeded (Client.Timeout exceeded while awaiting headers)"}}}
{"ts":1674237188965147258,"msg":"","group_id":"cypress-provider","run_id":"cf5d84nrirfvjf9ah5v0","event":{"message_event":{"message":"failed to send batch to InfluxDB; attempt 1; err: Post \"http://testground-influxdb:8086/write?consistency=&db=testground&precision=ns&rp=\": context deadline exceeded (Client.Timeout exceeded while awaiting headers)"}}}
{"ts":1674237195021158636,"msg":"","group_id":"cypress-provider","run_id":"cf5d84nrirfvjf9ah5v0","event":{"message_event":{"message":"failed to send batch to InfluxDB; attempt 2; err: Post \"http://testground-influxdb:8086/write?consistency=&db=testground&precision=ns&rp=\": context deadline exceeded (Client.Timeout exceeded while awaiting headers)"}}}
{"ts":1674237202090694291,"msg":"","group_id":"cypress-provider","run_id":"cf5d84nrirfvjf9ah5v0","event":{"message_event":{"message":"failed to send batch to InfluxDB; attempt 3; err: Post \"http://testground-influxdb:8086/write?consistency=&db=testground&precision=ns&rp=\": context deadline exceeded (Client.Timeout exceeded while awaiting headers)"}}}
{"ts":1674237211187820462,"msg":"","group_id":"cypress-provider","run_id":"cf5d84nrirfvjf9ah5v0","event":{"message_event":{"message":"failed to send batch to InfluxDB; attempt 4; err: Post \"http://testground-influxdb:8086/write?consistency=&db=testground&precision=ns&rp=\": context deadline exceeded (Client.Timeout exceeded while awaiting headers)"}}}
{"ts":1674237211217751629,"msg":"","group_id":"cypress-provider","run_id":"cf5d84nrirfvjf9ah5v0","event":{"message_event":{"message":"influxdb: failed to upload 128 points; err: All attempts fail:\n#1: Post \"http://testground-influxdb:8086/write?consistency=&db=testground&precision=ns&rp=\": context deadline exceeded (Client.Timeout exceeded while awaiting headers)\n#2: Post \"http://testground-influxdb:8086/write?consistency=&db=testground&precision=ns&rp=\": context deadline exceeded (Client.Timeout exceeded while awaiting headers)\n#3: Post \"http://testground-influxdb:8086/write?consistency=&db=testground&precision=ns&rp=\": context deadline exceeded (Client.Timeout exceeded while awaiting headers)\n#4: Post \"http://testground-influxdb:8086/write?consistency=&db=testground&precision=ns&rp=\": context deadline exceeded (Client.Timeout exceeded while awaiting headers)\n#5: Post \"http://testground-influxdb:8086/write?consistency=&db=testground&precision=ns&rp=\": context deadline exceeded (Client.Timeout exceeded while awaiting headers)"}}}
{"ts":1674237216265772757,"msg":"","group_id":"cypress-provider","run_id":"cf5d84nrirfvjf9ah5v0","event":{"message_event":{"message":"failed to send batch to InfluxDB; attempt 0; err: Post \"http://testground-influxdb:8086/write?consistency=&db=testground&precision=ns&rp=\": context deadline exceeded (Client.Timeout exceeded while awaiting headers)"}}}
{"ts":1674237222020579259,"msg":"","group_id":"cypress-provider","run_id":"cf5d84nrirfvjf9ah5v0","event":{"message_event":{"message":"failed to send batch to InfluxDB; attempt 1; err: Post \"http://testground-influxdb:8086/write?consistency=&db=testground&precision=ns&rp=\": context deadline exceeded (Client.Timeout exceeded while awaiting headers)"}}}
